2020-11-24 12:06:05.5636 INFO Get User Success :44-Administrator
2020-11-24 12:07:02.0605 INFO Get User Success :44-Administrator
2020-11-24 12:07:13.8972 INFO Get WorkFlow List Success
2020-11-24 12:07:32.5527 INFO Get WorkFlow List Success
2020-11-24 12:07:47.1394 INFO Get WorkFlow List Success
2020-11-24 12:07:47.1656 INFO Get User Success :44-Administrator
2020-11-24 12:08:15.0482 INFO Org Get List Success
2020-11-24 12:08:15.0707 INFO Get User Success :44-Administrator
2020-11-24 12:08:15.4972 INFO Org Get List Success
2020-11-24 12:08:15.4972 INFO Get User Success :44-Administrator
2020-11-24 12:08:15.5810 INFO Get State List Success
2020-11-24 12:08:15.5879 INFO Get User Success :44-Administrator
2020-11-24 12:08:20.9346 INFO Get SubModule Sucess
2020-11-24 12:08:20.9466 INFO Get User Success :44-Administrator
2020-11-24 12:09:00.1885 INFO Get TabNames List Success
2020-11-24 12:09:00.2048 INFO Get User Success :44-Administrator
2020-11-24 12:09:18.8004 INFO Get WorkFlow List Success
2020-11-24 12:09:18.8004 INFO Get User Success :44-Administrator
2020-11-24 12:09:43.0645 INFO Get WorkFlow List Success
2020-11-24 12:09:43.0727 INFO Get User Success :44-Administrator
2020-11-24 12:09:57.0787 INFO Get SubModule In WorkFlow Success
2020-11-24 12:09:57.0787 INFO Get District In WorkFlow Success
2020-11-24 12:09:57.0881 INFO Get WorkFlow  Success
2020-11-24 12:09:57.0881 INFO Get TabName In WorkFlow Success
2020-11-24 12:09:57.0881 INFO Get RoleNames In WorkFlow Success
2020-11-24 12:09:57.0881 INFO Get Users List Success
2020-11-24 12:09:57.1215 INFO Get User Success :44-Administrator
2020-11-24 12:10:01.1053 INFO Get Users List Success
2020-11-24 12:10:12.8117 INFO Get Users List Success
2020-11-24 12:10:19.8621 INFO Get Users List Success
2020-11-24 12:10:22.7207 INFO Get Users List Success
2020-11-24 12:20:14.2844 INFO Get User Success :44-Administrator
2020-11-24 12:20:19.2203 INFO Get WorkFlow List Success
2020-11-24 12:20:19.2625 INFO Get User Success :44-Administrator
2020-11-24 12:20:24.5694 INFO Get SubModule In WorkFlow Success
2020-11-24 12:20:24.5738 INFO Get District In WorkFlow Success
2020-11-24 12:20:24.5738 INFO Get GetMaxID Success : workflow
2020-11-24 12:20:24.5738 INFO Get User Success :44-Administrator
2020-11-24 12:20:26.4556 INFO Get TabName In WorkFlow Success
2020-11-24 12:20:28.5894 INFO Get RoleNames In WorkFlow Success
2020-11-24 12:20:32.1503 INFO Get Users List Success
2020-11-24 12:20:33.8698 INFO Get Users List Success
2020-11-24 12:20:37.5315 INFO Get Users List Success
2020-11-24 12:23:49.9192 INFO Get Users List Success
2020-11-24 12:23:54.1916 INFO Get WorkFlow List Success
2020-11-24 12:23:54.1916 INFO Get User Success :44-Administrator
2020-11-24 12:23:55.6112 INFO Get SubModule In WorkFlow Success
2020-11-24 12:23:55.6112 INFO Get District In WorkFlow Success
2020-11-24 12:23:55.6112 INFO Get GetMaxID Success : workflow
2020-11-24 12:23:55.6112 INFO Get User Success :44-Administrator
2020-11-24 12:24:05.6434 INFO Get TabName In WorkFlow Success
2020-11-24 12:24:06.8822 INFO Get RoleNames In WorkFlow Success
2020-11-24 12:24:08.1886 INFO Get Users List Success
2020-11-24 12:24:10.4671 INFO Get Users List Success
2020-11-24 12:24:18.2213 INFO Get Users List Success
2020-11-24 12:24:28.2768 INFO Get Users List Success
2020-11-24 12:24:32.0760 INFO Get Users List Success
2020-11-24 12:24:35.3167 INFO Get Users List Success
2020-11-24 12:26:33.5471 INFO Get Users List Fail :42703: column b.district_code does not exist
2020-11-24 12:30:53.3721 INFO Get User Success :44-Administrator
2020-11-24 12:30:57.6034 INFO Get WorkFlow List Success
2020-11-24 12:30:57.6398 INFO Get User Success :44-Administrator
2020-11-24 12:31:07.1770 INFO Get SubModule In WorkFlow Success
2020-11-24 12:31:07.1860 INFO Get GetMaxID Success : workflow
2020-11-24 12:31:07.1860 INFO Get User Success :44-Administrator
2020-11-24 12:31:10.8076 INFO Get TabName In WorkFlow Success
2020-11-24 12:31:15.3722 INFO Get RoleNames In WorkFlow Success
2020-11-24 12:31:30.4577 INFO Get Users List Success
2020-11-24 12:32:04.2045 INFO Get Users List Success
2020-11-24 12:32:34.8708 INFO Get Users List Success
2020-11-24 12:32:45.7371 INFO Get Users List Success
2020-11-24 12:32:50.9990 INFO Get Users List Success
2020-11-24 12:33:01.0847 INFO Get Users List Success
2020-11-24 12:33:08.8380 INFO Get Users List Success
2020-11-24 12:33:11.5096 INFO Get Users List Success
2020-11-24 12:33:53.0691 INFO Get GetMaxID Success : workflow
2020-11-24 12:33:53.0874 INFO Insert WorkFlow Success :41-
2020-11-24 12:33:53.1253 INFO Get WorkFlow List Success
2020-11-24 12:33:53.1253 INFO Get User Success :44-Administrator
2020-11-24 12:33:57.4203 INFO Get WorkFlow List Success
2020-11-24 13:23:17.2147 INFO Get User Success :44-Administrator
2020-11-24 13:23:23.8823 INFO Get WorkFlow List Success
2020-11-24 13:23:23.9183 INFO Get User Success :44-Administrator
2020-11-24 13:23:29.1048 INFO Get SubModule In WorkFlow Success
2020-11-24 13:23:29.1048 INFO Get GetMaxID Success : workflow
2020-11-24 13:23:29.1198 INFO Get User Success :44-Administrator
2020-11-24 13:23:31.5872 INFO Get TabName In WorkFlow Success
2020-11-24 13:23:32.7382 INFO Get RoleNames In WorkFlow Success
2020-11-24 13:23:34.5007 INFO Get Users List Success
2020-11-24 13:23:38.2788 INFO Get Users List Success
2020-11-24 13:23:43.0840 INFO Get Users List Success
2020-11-24 13:23:47.5734 INFO Get Users List Success
2020-11-24 14:42:43.2750 INFO Get User Success :44-Administrator
2020-11-24 14:42:47.3433 INFO Get State List Success
2020-11-24 14:42:47.3826 INFO Get User Success :44-Administrator
2020-11-24 14:42:54.6377 INFO Get DocFromat Master List Success
2020-11-24 14:42:54.6377 INFO Get User Success :44-Administrator
2020-11-24 14:42:59.5617 INFO Get Party Master List Success
2020-11-24 14:42:59.5617 INFO Get User Success :44-Administrator
2020-11-24 14:44:24.9070 INFO Get Party Master List Success
2020-11-24 14:44:24.9070 INFO Get User Success :44-Administrator
2020-11-24 14:44:41.3241 INFO Insert DocFromat Master Success :42601: syntax error at or near "creation_date"
2020-11-24 14:45:24.2714 INFO Insert DocFromat Master Success :1
2020-11-24 14:45:24.2954 INFO Get DocFromat Master List Success
2020-11-24 14:45:24.2954 INFO Get User Success :44-Administrator
2020-11-24 14:45:27.3413 INFO Get Party Master List Success
2020-11-24 14:45:27.3413 INFO Get User Success :44-Administrator
2020-11-24 14:46:02.4315 INFO Get Party Master List Success
2020-11-24 14:46:02.4315 INFO Get User Success :44-Administrator
2020-11-24 14:46:19.1056 INFO Get DocFromat Master List Success
2020-11-24 14:46:19.1056 INFO Get User Success :44-Administrator
2020-11-24 14:46:20.5113 INFO Get Party Master List Success
2020-11-24 14:46:20.5113 INFO Get User Success :44-Administrator
2020-11-24 14:46:40.8650 INFO Get Party Master List Success
2020-11-24 14:54:15.8630 INFO Get DocFromat Master List Success
2020-11-24 14:54:15.8630 INFO Get User Success :44-Administrator
2020-11-24 14:55:04.1560 INFO Get Party Master List Success
2020-11-24 14:59:10.5590 INFO Get User Success :44-Administrator
2020-11-24 14:59:16.3409 INFO Get DocFromat Master List Success
2020-11-24 14:59:16.3737 INFO Get User Success :44-Administrator
2020-11-24 14:59:24.8815 INFO Get Party Master List Success
2020-11-24 14:59:24.8874 INFO Get DocFromat Master List Success
2020-11-24 14:59:24.8874 INFO Get User Success :44-Administrator
2020-11-24 14:59:29.3205 INFO Insert DocFromat Master Success :1
2020-11-24 14:59:29.3434 INFO Get DocFromat Master List Success
2020-11-24 14:59:29.3534 INFO Get User Success :44-Administrator
2020-11-24 14:59:30.6709 INFO Get Party Master List Success
2020-11-24 14:59:30.6709 INFO Get DocFromat Master List Success
2020-11-24 14:59:30.6709 INFO Get User Success :44-Administrator
2020-11-24 14:59:33.3274 INFO Insert DocFromat Master Success :1
2020-11-24 14:59:33.3470 INFO Get DocFromat Master List Success
2020-11-24 14:59:33.3470 INFO Get User Success :44-Administrator
2020-11-24 14:59:34.3972 INFO Get Party Master List Success
2020-11-24 14:59:34.3972 INFO Get DocFromat Master List Success
2020-11-24 14:59:34.4022 INFO Get User Success :44-Administrator
2020-11-24 14:59:36.5932 INFO Insert DocFromat Master Success :1
2020-11-24 14:59:36.6121 INFO Get DocFromat Master List Success
2020-11-24 14:59:36.6121 INFO Get User Success :44-Administrator
2020-11-24 14:59:37.8934 INFO Get Party Master List Success
2020-11-24 14:59:37.8934 INFO Get DocFromat Master List Success
2020-11-24 14:59:37.8934 INFO Get User Success :44-Administrator
2020-11-24 14:59:39.5896 INFO Insert DocFromat Master Success :1
2020-11-24 14:59:39.6080 INFO Get DocFromat Master List Success
2020-11-24 14:59:39.6080 INFO Get User Success :44-Administrator
2020-11-24 14:59:46.0568 INFO Get Party Master List Success
2020-11-24 14:59:46.0568 INFO Get DocFromat Master List Success
2020-11-24 14:59:46.0568 INFO Get User Success :44-Administrator
2020-11-24 15:00:23.2284 INFO Get DocFromat Master List Success
2020-11-24 15:00:23.2284 INFO Get User Success :44-Administrator
2020-11-24 15:00:48.9456 INFO Get Party Master List Success
2020-11-24 15:00:48.9466 INFO Get DocFromat Master List Success
2020-11-24 15:00:48.9466 INFO Get User Success :44-Administrator
2020-11-24 15:00:56.9384 INFO Get DocFromat Master List Success
2020-11-24 15:00:56.9384 INFO Get User Success :44-Administrator
2020-11-24 15:01:02.2811 INFO Org Get List Success
2020-11-24 15:01:02.2811 INFO Get User Success :44-Administrator
2020-11-24 15:01:04.4276 INFO Get State List Success
2020-11-24 15:01:04.4362 INFO Get User Success :44-Administrator
2020-11-24 15:01:11.7435 INFO Get WorkFlow List Success
2020-11-24 15:01:11.7435 INFO Get User Success :44-Administrator
2020-11-24 15:01:22.3144 INFO Get SubModule In WorkFlow Success
2020-11-24 15:01:22.3144 INFO Get WorkFlow  Success
2020-11-24 15:01:22.3219 INFO Get TabName In WorkFlow Success
2020-11-24 15:01:22.3219 INFO Get RoleNames In WorkFlow Success
2020-11-24 15:01:22.3219 INFO Get Users List Success
2020-11-24 15:01:22.3567 INFO Get Users List Success
2020-11-24 15:01:22.3685 INFO Get User Success :44-Administrator
2020-11-24 15:01:27.9021 INFO Get WorkFlow List Success
2020-11-24 15:01:27.9021 INFO Get User Success :44-Administrator
2020-11-24 15:01:47.2569 INFO Get SubModule In WorkFlow Success
2020-11-24 15:01:47.2596 INFO Get WorkFlow  Success
2020-11-24 15:01:47.2596 INFO Get TabName In WorkFlow Success
2020-11-24 15:01:47.2596 INFO Get RoleNames In WorkFlow Success
2020-11-24 15:01:47.2596 INFO Get Users List Success
2020-11-24 15:01:47.2596 INFO Get User Success :44-Administrator
2020-11-24 15:01:51.7535 INFO Get WorkFlow List Success
2020-11-24 15:01:51.7535 INFO Get User Success :44-Administrator
2020-11-24 15:02:36.1345 INFO Get State List Success
2020-11-24 15:02:36.1345 INFO Get User Success :44-Administrator
2020-11-24 15:02:40.0624 INFO Get Party Type Master List Success
2020-11-24 15:02:40.0624 INFO Get User Success :44-Administrator
2020-11-24 15:02:41.2340 INFO Get Dispach Master List Success
2020-11-24 15:02:41.2340 INFO Get User Success :44-Administrator
2020-11-24 15:02:42.6791 INFO Get Dispach Master List Success
2020-11-24 15:02:42.7160 INFO Get User Success :44-Administrator
2020-11-24 15:03:07.5247 INFO Get Dispach Master List Success
2020-11-24 15:03:07.5247 INFO Get User Success :44-Administrator
2020-11-24 15:03:16.1265 INFO Get Dispach Master List Success
2020-11-24 15:03:16.1463 INFO Get Party Type Master List Success
2020-11-24 15:03:16.1463 INFO Get User Success :44-Administrator
2020-11-24 15:03:21.5252 INFO Get GetSeverList Success
2020-11-24 15:03:21.5252 INFO Get User Success :44-Administrator
2020-11-24 15:03:24.5736 INFO GetFinacListValues Success
2020-11-24 15:03:24.5736 INFO Get User Success :44-Administrator
2020-11-24 15:03:27.7025 INFO Get DocFromat Master List Success
2020-11-24 15:03:27.7025 INFO Get User Success :44-Administrator
2020-11-24 15:03:29.6956 INFO Get Party Master List Success
2020-11-24 15:03:29.6966 INFO Get DocFromat Master List Success
2020-11-24 15:03:29.6966 INFO Get User Success :44-Administrator
2020-11-24 15:07:44.1788 INFO Get User Success :44-Administrator
2020-11-24 15:07:50.2061 INFO Get User Success :44-Administrator
2020-11-24 15:07:50.2290 INFO Get User Success :44-Administrator
2020-11-24 15:07:50.2499 INFO Get User Success :44-Administrator
2020-11-24 15:07:50.2698 INFO Get User Success :44-Administrator
2020-11-24 15:07:50.2914 INFO Get User Success :44-Administrator
2020-11-24 15:07:50.3124 INFO Get User Success :44-Administrator
2020-11-24 15:07:50.3325 INFO Get User Success :44-Administrator
2020-11-24 15:07:50.3503 INFO Get User Success :44-Administrator
2020-11-24 15:07:50.3713 INFO Get User Success :44-Administrator
2020-11-24 15:07:50.3912 INFO Get User Success :44-Administrator
2020-11-24 15:07:50.4102 INFO Get User Success :44-Administrator
2020-11-24 15:07:50.4361 INFO Get User Success :44-Administrator
2020-11-24 15:07:50.4560 INFO Get User Success :44-Administrator
2020-11-24 15:07:50.4781 INFO Get User Success :44-Administrator
2020-11-24 15:07:50.4960 INFO Get User Success :44-Administrator
2020-11-24 15:07:50.5160 INFO Get User Success :44-Administrator
2020-11-24 15:07:50.5359 INFO Get User Success :44-Administrator
2020-11-24 15:07:50.5548 INFO Get User Success :44-Administrator
2020-11-24 15:07:51.6105 INFO Get User Success :44-Administrator
2020-11-24 15:07:51.6324 INFO Get User Success :44-Administrator
2020-11-24 15:07:51.6584 INFO Get User Success :44-Administrator
2020-11-24 15:07:51.6773 INFO Get User Success :44-Administrator
2020-11-24 15:07:51.6953 INFO Get User Success :44-Administrator
2020-11-24 15:07:51.7192 INFO Get User Success :44-Administrator
2020-11-24 15:07:51.7382 INFO Get User Success :44-Administrator
2020-11-24 15:07:51.7571 INFO Get User Success :44-Administrator
2020-11-24 15:07:51.7751 INFO Get User Success :44-Administrator
2020-11-24 15:07:51.7930 INFO Get User Success :44-Administrator
2020-11-24 15:07:51.8100 INFO Get User Success :44-Administrator
2020-11-24 15:07:51.8269 INFO Get User Success :44-Administrator
2020-11-24 15:07:51.8499 INFO Get User Success :44-Administrator
2020-11-24 15:07:51.8668 INFO Get User Success :44-Administrator
2020-11-24 15:07:51.8838 INFO Get User Success :44-Administrator
2020-11-24 15:07:51.9027 INFO Get User Success :44-Administrator
2020-11-24 15:07:51.9206 INFO Get User Success :44-Administrator
2020-11-24 15:07:51.9395 INFO Get User Success :44-Administrator
2020-11-24 15:07:51.9575 INFO Get User Success :44-Administrator
2020-11-24 15:07:51.9854 INFO Get User Success :44-Administrator
2020-11-24 15:08:58.1894 INFO Get User Success :44-Administrator
2020-11-24 15:08:58.2555 INFO Get User Success :44-Administrator
2020-11-24 15:08:58.2758 INFO Get User Success :44-Administrator
2020-11-24 15:08:58.2991 INFO Get User Success :44-Administrator
2020-11-24 15:08:58.3201 INFO Get User Success :44-Administrator
2020-11-24 15:08:58.3421 INFO Get User Success :44-Administrator
2020-11-24 15:08:58.3620 INFO Get User Success :44-Administrator
2020-11-24 15:08:58.3840 INFO Get User Success :44-Administrator
2020-11-24 15:08:58.4033 INFO Get User Success :44-Administrator
2020-11-24 15:08:58.4227 INFO Get User Success :44-Administrator
2020-11-24 15:08:58.4417 INFO Get User Success :44-Administrator
2020-11-24 15:08:58.4606 INFO Get User Success :44-Administrator
2020-11-24 15:08:58.4825 INFO Get User Success :44-Administrator
2020-11-24 15:08:58.5126 INFO Get User Success :44-Administrator
2020-11-24 15:08:58.5315 INFO Get User Success :44-Administrator
2020-11-24 15:08:58.5515 INFO Get User Success :44-Administrator
2020-11-24 15:08:58.5705 INFO Get User Success :44-Administrator
2020-11-24 15:08:58.5889 INFO Get User Success :44-Administrator
2020-11-24 15:08:58.6108 INFO Get User Success :44-Administrator
2020-11-24 15:08:59.6715 INFO Get User Success :44-Administrator
2020-11-24 15:08:59.6934 INFO Get User Success :44-Administrator
2020-11-24 15:08:59.7194 INFO Get User Success :44-Administrator
2020-11-24 15:08:59.7433 INFO Get User Success :44-Administrator
2020-11-24 15:08:59.7712 INFO Get User Success :44-Administrator
2020-11-24 15:08:59.7952 INFO Get User Success :44-Administrator
2020-11-24 15:08:59.8201 INFO Get User Success :44-Administrator
2020-11-24 15:08:59.8370 INFO Get User Success :44-Administrator
2020-11-24 15:08:59.8560 INFO Get User Success :44-Administrator
2020-11-24 15:08:59.8739 INFO Get User Success :44-Administrator
2020-11-24 15:08:59.8929 INFO Get User Success :44-Administrator
2020-11-24 15:08:59.9118 INFO Get User Success :44-Administrator
2020-11-24 15:08:59.9308 INFO Get User Success :44-Administrator
2020-11-24 15:08:59.9477 INFO Get User Success :44-Administrator
2020-11-24 15:08:59.9647 INFO Get User Success :44-Administrator
2020-11-24 15:08:59.9866 INFO Get User Success :44-Administrator
2020-11-24 15:09:00.0056 INFO Get User Success :44-Administrator
2020-11-24 15:09:00.0275 INFO Get User Success :44-Administrator
2020-11-24 15:09:00.0485 INFO Get User Success :44-Administrator
2020-11-24 15:09:00.0684 INFO Get User Success :44-Administrator
2020-11-24 15:09:05.0984 INFO Get User Success :44-Administrator
2020-11-24 15:09:05.1194 INFO Get User Success :44-Administrator
2020-11-24 15:09:05.1373 INFO Get User Success :44-Administrator
2020-11-24 15:09:05.1592 INFO Get User Success :44-Administrator
2020-11-24 15:09:05.1882 INFO Get User Success :44-Administrator
2020-11-24 15:09:05.2084 INFO Get User Success :44-Administrator
2020-11-24 15:09:05.2253 INFO Get User Success :44-Administrator
2020-11-24 15:09:05.2423 INFO Get User Success :44-Administrator
2020-11-24 15:09:05.2592 INFO Get User Success :44-Administrator
2020-11-24 15:09:05.2782 INFO Get User Success :44-Administrator
2020-11-24 15:09:05.2951 INFO Get User Success :44-Administrator
2020-11-24 15:09:05.3131 INFO Get User Success :44-Administrator
2020-11-24 15:09:05.3859 INFO Get User Success :44-Administrator
2020-11-24 15:09:05.4060 INFO Get User Success :44-Administrator
2020-11-24 15:09:05.4267 INFO Get User Success :44-Administrator
2020-11-24 15:09:05.4467 INFO Get User Success :44-Administrator
2020-11-24 15:09:05.4696 INFO Get User Success :44-Administrator
2020-11-24 15:09:05.4914 INFO Get User Success :44-Administrator
2020-11-24 15:09:05.5104 INFO Get User Success :44-Administrator
2020-11-24 15:09:05.5313 INFO Get User Success :44-Administrator
2020-11-24 15:09:08.1756 INFO Get User Success :44-Administrator
2020-11-24 15:09:08.1955 INFO Get User Success :44-Administrator
2020-11-24 15:09:08.2135 INFO Get User Success :44-Administrator
2020-11-24 15:09:08.2334 INFO Get User Success :44-Administrator
2020-11-24 15:09:08.2514 INFO Get User Success :44-Administrator
2020-11-24 15:09:08.2713 INFO Get User Success :44-Administrator
2020-11-24 15:09:08.2893 INFO Get User Success :44-Administrator
2020-11-24 15:09:08.3082 INFO Get User Success :44-Administrator
2020-11-24 15:09:08.3262 INFO Get User Success :44-Administrator
2020-11-24 15:09:08.3451 INFO Get User Success :44-Administrator
2020-11-24 15:09:08.3661 INFO Get User Success :44-Administrator
2020-11-24 15:09:08.3860 INFO Get User Success :44-Administrator
2020-11-24 15:09:08.4049 INFO Get User Success :44-Administrator
2020-11-24 15:09:08.4239 INFO Get User Success :44-Administrator
2020-11-24 15:09:08.4409 INFO Get User Success :44-Administrator
2020-11-24 15:09:08.4592 INFO Get User Success :44-Administrator
2020-11-24 15:09:08.4772 INFO Get User Success :44-Administrator
2020-11-24 15:09:08.4951 INFO Get User Success :44-Administrator
2020-11-24 15:09:08.5131 INFO Get User Success :44-Administrator
2020-11-24 15:09:08.5340 INFO Get User Success :44-Administrator
2020-11-24 15:10:01.7562 INFO Get User Success :44-Administrator
2020-11-24 15:10:01.8217 INFO Get User Success :44-Administrator
2020-11-24 15:10:01.8428 INFO Get User Success :44-Administrator
2020-11-24 15:10:01.8649 INFO Get User Success :44-Administrator
2020-11-24 15:10:01.8901 INFO Get User Success :44-Administrator
2020-11-24 15:10:01.9120 INFO Get User Success :44-Administrator
2020-11-24 15:10:01.9340 INFO Get User Success :44-Administrator
2020-11-24 15:10:01.9611 INFO Get User Success :44-Administrator
2020-11-24 15:10:01.9893 INFO Get User Success :44-Administrator
2020-11-24 15:10:02.0103 INFO Get User Success :44-Administrator
2020-11-24 15:10:02.0323 INFO Get User Success :44-Administrator
2020-11-24 15:10:02.0558 INFO Get User Success :44-Administrator
2020-11-24 15:10:02.0787 INFO Get User Success :44-Administrator
2020-11-24 15:10:02.0996 INFO Get User Success :44-Administrator
2020-11-24 15:10:02.1186 INFO Get User Success :44-Administrator
2020-11-24 15:10:02.1377 INFO Get User Success :44-Administrator
2020-11-24 15:10:02.1576 INFO Get User Success :44-Administrator
2020-11-24 15:10:02.1776 INFO Get User Success :44-Administrator
2020-11-24 15:10:02.1955 INFO Get User Success :44-Administrator
2020-11-24 15:10:03.2543 INFO Get User Success :44-Administrator
2020-11-24 15:10:03.2763 INFO Get User Success :44-Administrator
2020-11-24 15:10:03.2972 INFO Get User Success :44-Administrator
2020-11-24 15:10:03.3222 INFO Get User Success :44-Administrator
2020-11-24 15:10:03.3411 INFO Get User Success :44-Administrator
2020-11-24 15:10:03.3611 INFO Get User Success :44-Administrator
2020-11-24 15:10:03.3880 INFO Get User Success :44-Administrator
2020-11-24 15:10:03.4112 INFO Get User Success :44-Administrator
2020-11-24 15:10:03.4292 INFO Get User Success :44-Administrator
2020-11-24 15:10:03.4491 INFO Get User Success :44-Administrator
2020-11-24 15:10:03.4761 INFO Get User Success :44-Administrator
2020-11-24 15:10:03.5020 INFO Get User Success :44-Administrator
2020-11-24 15:10:03.5219 INFO Get User Success :44-Administrator
2020-11-24 15:10:03.5389 INFO Get User Success :44-Administrator
2020-11-24 15:10:03.5608 INFO Get User Success :44-Administrator
2020-11-24 15:10:03.5828 INFO Get User Success :44-Administrator
2020-11-24 15:10:03.6007 INFO Get User Success :44-Administrator
2020-11-24 15:10:03.6187 INFO Get User Success :44-Administrator
2020-11-24 15:10:03.6366 INFO Get User Success :44-Administrator
2020-11-24 15:10:03.6596 INFO Get User Success :44-Administrator
2020-11-24 15:10:08.6929 INFO Get User Success :44-Administrator
2020-11-24 15:10:08.7159 INFO Get User Success :44-Administrator
2020-11-24 15:10:08.7338 INFO Get User Success :44-Administrator
2020-11-24 15:10:08.7538 INFO Get User Success :44-Administrator
2020-11-24 15:10:08.7737 INFO Get User Success :44-Administrator
2020-11-24 15:10:08.7941 INFO Get User Success :44-Administrator
2020-11-24 15:10:08.8141 INFO Get User Success :44-Administrator
2020-11-24 15:10:08.8328 INFO Get User Success :44-Administrator
2020-11-24 15:10:08.8496 INFO Get User Success :44-Administrator
2020-11-24 15:10:08.8666 INFO Get User Success :44-Administrator
2020-11-24 15:10:08.8845 INFO Get User Success :44-Administrator
2020-11-24 15:10:08.9065 INFO Get User Success :44-Administrator
2020-11-24 15:10:08.9244 INFO Get User Success :44-Administrator
2020-11-24 15:10:08.9414 INFO Get User Success :44-Administrator
2020-11-24 15:10:08.9613 INFO Get User Success :44-Administrator
2020-11-24 15:10:08.9783 INFO Get User Success :44-Administrator
2020-11-24 15:10:08.9972 INFO Get User Success :44-Administrator
2020-11-24 15:10:09.0162 INFO Get User Success :44-Administrator
2020-11-24 15:10:09.0421 INFO Get User Success :44-Administrator
2020-11-24 15:10:09.0611 INFO Get User Success :44-Administrator
2020-11-24 15:11:37.9050 INFO Get Party Type Master List Success
2020-11-24 15:11:39.5632 INFO Get VAT Master List Success
2020-11-24 15:11:41.5298 INFO Get VAT Type Master List Success
2020-11-24 15:11:44.1576 INFO Get VAT Master List Success
2020-11-24 15:11:46.0620 INFO Get Party Type Master List Success
2020-11-24 15:11:46.0620 INFO Get UOM List Success
2020-11-24 15:11:46.0740 INFO Get Product Type Master List Success
2020-11-24 15:11:46.0740 INFO Get VAT Type Master List Success
2020-11-24 15:11:49.8580 INFO Get Party Master List Success
2020-11-24 15:11:56.7444 INFO Get Product Master List Success
2020-11-24 15:12:08.5419 INFO Get Existing data Fail :VAT_Master
2020-11-24 15:12:20.5287 INFO Get Product Type Master List Success
2020-11-24 15:12:26.1142 INFO Get Party Type Master List Success
2020-11-24 15:12:28.2770 INFO Get Product Type Master List Success
2020-11-24 15:12:32.7601 INFO Get Product Master List Success
2020-11-24 15:12:40.3479 INFO Get Product Type Master List Success
2020-11-24 15:12:49.7405 INFO Get Existing data Fail :product_master-22P02: invalid input syntax for integer: "DE1"
2020-11-24 15:12:59.1659 INFO Get Existing data Fail :product_master
2020-11-24 15:13:02.2651 INFO Inssert Product Master Success :DE1-DENATURE-22P02: invalid input syntax for integer: "DE1"
2020-11-24 15:13:26.6068 INFO Get Existing data Fail :product_master
2020-11-24 15:13:28.0154 INFO Inssert Product Master Success :002-DENATURE
2020-11-24 15:13:28.0541 INFO Get Product Master List Success
2020-11-24 15:13:37.7777 INFO Get Product Type Master List Success
2020-11-24 15:13:42.0890 INFO Get Product Master List Success
2020-11-24 15:13:44.3112 INFO Get Product Type Master List Success
2020-11-24 15:13:46.6113 INFO Get VAT Master List Success
2020-11-24 15:13:53.6163 INFO Get Party Type Master List Success
2020-11-24 15:13:53.6163 INFO Get UOM List Success
2020-11-24 15:13:53.6193 INFO Get Product Type Master List Success
2020-11-24 15:13:53.6193 INFO Get VAT Type Master List Success
2020-11-24 15:13:56.6902 INFO Get Product Master List Success
2020-11-24 15:22:45.3483 INFO Get User Success :44-Administrator
2020-11-24 15:34:39.0494 INFO Get User Success :44-Administrator
2020-11-24 15:34:49.8154 INFO Get WorkFlow List Success
2020-11-24 15:34:49.8477 INFO Get User Success :44-Administrator
2020-11-24 15:34:52.0007 INFO Get SubModule In WorkFlow Success
2020-11-24 15:34:52.0104 INFO Get GetMaxID Success : workflow
2020-11-24 15:34:52.0104 INFO Get User Success :44-Administrator
2020-11-24 15:34:57.6110 INFO Get TabName In WorkFlow Success
2020-11-24 15:34:59.2201 INFO Get RoleNames In WorkFlow Success
2020-11-24 15:35:02.2550 INFO Get Users List Success
2020-11-24 15:35:04.5793 INFO Get Users List Success
2020-11-24 15:35:19.3100 INFO Get TabName In WorkFlow Success
2020-11-24 15:35:20.7796 INFO Get RoleNames In WorkFlow Success
2020-11-24 15:35:23.6992 INFO Get Users List Success
2020-11-24 15:35:25.4759 INFO Get Users List Success
2020-11-24 15:35:31.3479 INFO Check WorkFlow List Success
2020-11-24 15:35:45.9169 INFO Get TabName In WorkFlow Success
2020-11-24 15:35:47.2195 INFO Get RoleNames In WorkFlow Success
2020-11-24 15:39:27.1859 INFO Get Users List Success
2020-11-24 15:39:29.0339 INFO Get Users List Success
2020-11-24 15:39:33.7338 INFO Check WorkFlow List Success
2020-11-24 15:39:48.7565 INFO Get GetMaxID Success : workflow
2020-11-24 15:39:48.7755 INFO Insert WorkFlow Success :11-
2020-11-24 15:39:48.7931 INFO Insert WorkFlow Success :12-
2020-11-24 15:39:48.8098 INFO Insert WorkFlow Success :13-
2020-11-24 15:39:48.8664 INFO Get WorkFlow List Success
2020-11-24 15:39:48.8704 INFO Get User Success :44-Administrator
2020-11-24 15:40:17.0980 INFO Get WorkFlow List Success
2020-11-24 15:41:43.3197 INFO Get WorkFlow List Fail :42P10: for SELECT DISTINCT, ORDER BY expressions must appear in select list
2020-11-24 15:41:49.9937 INFO Get WorkFlow List Fail :42P10: for SELECT DISTINCT, ORDER BY expressions must appear in select list
2020-11-24 15:42:05.3764 INFO Get WorkFlow List Fail :42P10: for SELECT DISTINCT, ORDER BY expressions must appear in select list
2020-11-24 15:43:01.1435 INFO Get WorkFlow List Success
2020-11-24 15:43:04.3596 INFO Get WorkFlow List Success
2020-11-24 15:43:07.8457 INFO Get WorkFlow List Success
2020-11-24 15:43:13.6831 INFO Get WorkFlow List Success
2020-11-24 15:49:49.2542 INFO Get SubModule In WorkFlow Success
2020-11-24 15:49:49.2602 INFO Get WorkFlow  Success
2020-11-24 15:49:49.2602 INFO Get TabName In WorkFlow Success
2020-11-24 15:49:49.2602 INFO Get RoleNames In WorkFlow Success
2020-11-24 15:49:49.2602 INFO Get Users List Success
2020-11-24 15:49:49.2602 INFO Get Users List Success
2020-11-24 15:49:49.2842 INFO Get Users List Success
2020-11-24 15:49:49.2842 INFO Get User Success :44-Administrator
2020-11-24 15:49:53.5751 INFO Get WorkFlow List Success
2020-11-24 15:49:53.5751 INFO Get User Success :44-Administrator
2020-11-24 15:49:55.0675 INFO Get SubModule In WorkFlow Success
2020-11-24 15:49:55.0675 INFO Get WorkFlow  Success
2020-11-24 15:49:55.0675 INFO Get TabName In WorkFlow Success
2020-11-24 15:49:55.0725 INFO Get RoleNames In WorkFlow Success
2020-11-24 15:49:55.0725 INFO Get Users List Success
2020-11-24 15:49:55.0725 INFO Get Users List Success
2020-11-24 15:49:55.0875 INFO Get Users List Success
2020-11-24 15:49:55.0875 INFO Get User Success :44-Administrator
2020-11-24 15:49:58.6300 INFO Get WorkFlow List Success
2020-11-24 15:49:58.6300 INFO Get User Success :44-Administrator
2020-11-24 15:50:08.9360 INFO Get SubModule In WorkFlow Success
2020-11-24 15:50:08.9360 INFO Get WorkFlow  Success
2020-11-24 15:50:08.9360 INFO Get TabName In WorkFlow Success
2020-11-24 15:50:08.9360 INFO Get RoleNames In WorkFlow Success
2020-11-24 15:50:08.9520 INFO Get Users List Success
2020-11-24 15:50:08.9520 INFO Get Users List Success
2020-11-24 15:50:08.9520 INFO Get User Success :44-Administrator
2020-11-24 15:50:15.9288 INFO Get WorkFlow List Success
2020-11-24 15:50:15.9319 INFO Get User Success :44-Administrator
2020-11-24 15:50:17.2029 INFO Get SubModule In WorkFlow Success
2020-11-24 15:50:17.2029 INFO Get WorkFlow  Success
2020-11-24 15:50:17.2029 INFO Get TabName In WorkFlow Success
2020-11-24 15:50:17.2029 INFO Get RoleNames In WorkFlow Success
2020-11-24 15:50:17.2129 INFO Get Users List Success
2020-11-24 15:50:17.2129 INFO Get User Success :44-Administrator
2020-11-24 15:50:20.7834 INFO Get WorkFlow List Success
2020-11-24 15:50:20.7834 INFO Get User Success :44-Administrator
2020-11-24 15:50:21.9243 INFO Get SubModule In WorkFlow Success
2020-11-24 15:50:21.9243 INFO Get WorkFlow  Success
2020-11-24 15:50:21.9243 INFO Get TabName In WorkFlow Success
2020-11-24 15:50:21.9243 INFO Get RoleNames In WorkFlow Success
2020-11-24 15:50:21.9343 INFO Get Users List Success
2020-11-24 15:50:21.9343 INFO Get User Success :44-Administrator
2020-11-24 15:50:48.5155 INFO Get SubModule In WorkFlow Success
2020-11-24 15:50:48.5155 INFO Get WorkFlow  Success
2020-11-24 15:50:53.5615 INFO Get TabName In WorkFlow Success
2020-11-24 15:51:06.4190 INFO Get RoleNames In WorkFlow Success
2020-11-24 15:51:17.7349 INFO Get Users List Success
2020-11-24 15:51:50.1906 INFO Get Users List Success
2020-11-24 15:51:50.1906 INFO Get Users List Success
2020-11-24 15:51:50.2016 INFO Get User Success :44-Administrator
2020-11-24 15:51:53.0372 INFO Get WorkFlow List Success
2020-11-24 15:51:53.0372 INFO Get User Success :44-Administrator
2020-11-24 15:51:55.1208 INFO Get SubModule In WorkFlow Success
2020-11-24 15:51:55.1208 INFO Get WorkFlow  Success
2020-11-24 15:51:55.1208 INFO Get TabName In WorkFlow Success
2020-11-24 15:51:55.1208 INFO Get RoleNames In WorkFlow Success
2020-11-24 15:51:55.1208 INFO Get Users List Success
2020-11-24 15:51:55.1345 INFO Get Users List Success
2020-11-24 15:51:55.1345 INFO Get Users List Success
2020-11-24 15:51:55.1345 INFO Get Users List Success
2020-11-24 15:51:55.1645 INFO Get Users List Success
2020-11-24 15:51:55.1802 INFO Get Users List Success
2020-11-24 15:51:55.1940 INFO Get User Success :44-Administrator
2020-11-24 15:52:15.4750 INFO Get SubModule In WorkFlow Success
2020-11-24 15:52:43.2576 INFO Get WorkFlow  Success
2020-11-24 15:52:43.2596 INFO Get TabName In WorkFlow Success
2020-11-24 15:52:43.2596 INFO Get RoleNames In WorkFlow Success
2020-11-24 15:52:43.2596 INFO Get Users List Success
2020-11-24 15:52:43.2596 INFO Get Users List Success
2020-11-24 15:52:43.2596 INFO Get Users List Success
2020-11-24 15:52:43.2900 INFO Get Users List Success
2020-11-24 15:52:43.3060 INFO Get Users List Success
2020-11-24 15:52:43.3060 INFO Get Users List Success
2020-11-24 15:52:43.3359 INFO Get User Success :44-Administrator
2020-11-24 15:52:46.9567 INFO Get WorkFlow List Success
2020-11-24 15:52:46.9567 INFO Get User Success :44-Administrator
2020-11-24 15:52:48.0277 INFO Get SubModule In WorkFlow Success
2020-11-24 15:52:50.2649 INFO Get WorkFlow  Success
2020-11-24 15:52:50.2649 INFO Get TabName In WorkFlow Success
2020-11-24 15:52:50.2649 INFO Get RoleNames In WorkFlow Success
2020-11-24 15:52:50.2649 INFO Get Users List Success
2020-11-24 15:52:50.2758 INFO Get Users List Success
2020-11-24 15:52:50.2758 INFO Get Users List Success
2020-11-24 15:52:50.3028 INFO Get Users List Success
2020-11-24 15:52:50.3187 INFO Get Users List Success
2020-11-24 15:52:50.3426 INFO Get Users List Success
2020-11-24 15:52:50.3586 INFO Get User Success :44-Administrator
2020-11-24 15:53:43.7131 INFO Get WorkFlow List Success
2020-11-24 15:53:43.7131 INFO Get User Success :44-Administrator
2020-11-24 16:46:52.1673 INFO Get User Success :138-Majhaulia Sugar Industries Pvt Ltd.
2020-11-24 16:46:58.9551 INFO Sugarcanepurchase Get List Success
2020-11-24 16:46:58.9551 INFO Get User Success :138-Majhaulia Sugar Industries Pvt Ltd.
2020-11-24 16:46:58.9757 INFO Get User Success :138-Majhaulia Sugar Industries Pvt Ltd.
2020-11-24 16:47:00.3048 INFO Get User Success :138-Majhaulia Sugar Industries Pvt Ltd.
2020-11-24 16:47:00.3373 INFO Get User Success :138-Majhaulia Sugar Industries Pvt Ltd.
2020-11-24 16:47:09.7416 INFO Get User Success :138-Majhaulia Sugar Industries Pvt Ltd.
2020-11-24 16:47:09.7554 INFO Get User Success :138-Majhaulia Sugar Industries Pvt Ltd.
2020-11-24 16:47:12.8088 INFO Get User Success :138-Majhaulia Sugar Industries Pvt Ltd.
2020-11-24 16:47:12.8240 INFO Get User Success :138-Majhaulia Sugar Industries Pvt Ltd.
2020-11-24 16:47:13.9153 INFO Get User Success :138-Majhaulia Sugar Industries Pvt Ltd.
2020-11-24 16:47:13.9153 INFO Get User Success :138-Majhaulia Sugar Industries Pvt Ltd.
2020-11-24 16:47:22.2148 INFO Get User Success :138-Majhaulia Sugar Industries Pvt Ltd.
2020-11-24 16:47:22.2337 INFO Get User Success :138-Majhaulia Sugar Industries Pvt Ltd.
2020-11-24 16:47:25.3194 INFO Get User Success :138-Majhaulia Sugar Industries Pvt Ltd.
2020-11-24 16:47:25.3254 INFO Get User Success :138-Majhaulia Sugar Industries Pvt Ltd.
2020-11-24 16:47:27.0774 INFO Get User Success :138-Majhaulia Sugar Industries Pvt Ltd.
2020-11-24 16:47:27.0904 INFO Get User Success :138-Majhaulia Sugar Industries Pvt Ltd.
2020-11-24 16:47:28.0128 INFO Get User Success :138-Majhaulia Sugar Industries Pvt Ltd.
2020-11-24 16:47:28.0128 INFO Get User Success :138-Majhaulia Sugar Industries Pvt Ltd.
2020-11-24 16:48:57.0907 INFO Get User Success :138-Majhaulia Sugar Industries Pvt Ltd.
2020-11-24 16:48:57.1088 INFO Get User Success :138-Majhaulia Sugar Industries Pvt Ltd.
2020-11-24 16:48:58.1671 INFO Get User Success :138-Majhaulia Sugar Industries Pvt Ltd.
2020-11-24 16:48:58.1809 INFO Get User Success :138-Majhaulia Sugar Industries Pvt Ltd.
2020-11-24 16:49:02.9264 INFO Get User Success :138-Majhaulia Sugar Industries Pvt Ltd.
2020-11-24 16:49:02.9395 INFO Get User Success :138-Majhaulia Sugar Industries Pvt Ltd.
2020-11-24 16:49:04.0256 INFO Get User Success :138-Majhaulia Sugar Industries Pvt Ltd.
2020-11-24 16:49:04.0256 INFO Get User Success :138-Majhaulia Sugar Industries Pvt Ltd.
2020-11-24 16:49:38.7543 INFO Get User Success :138-Majhaulia Sugar Industries Pvt Ltd.
2020-11-24 16:49:38.7712 INFO Get User Success :138-Majhaulia Sugar Industries Pvt Ltd.
2020-11-24 16:49:40.0086 INFO Get User Success :138-Majhaulia Sugar Industries Pvt Ltd.
2020-11-24 16:50:24.0932 INFO Get User Success :138-Majhaulia Sugar Industries Pvt Ltd.
2020-11-24 16:51:03.3155 INFO Get User Success :138-Majhaulia Sugar Industries Pvt Ltd.
2020-11-24 16:52:15.8084 INFO Get User Success :138-Majhaulia Sugar Industries Pvt Ltd.
