2020-11-07 10:20:02.5467 INFO Get User Success :51-Harinagar Sugar Mills Limited, Distillery Division
2020-11-07 10:20:05.8697 INFO Get User Success :51-Harinagar Sugar Mills Limited, Distillery Division
2020-11-07 10:20:05.8697 INFO Get Indent List Success
2020-11-07 10:20:05.8987 INFO Get User Success :51-Harinagar Sugar Mills Limited, Distillery Division
2020-11-07 10:20:07.4139 INFO Get User Success :51-Harinagar Sugar Mills Limited, Distillery Division
2020-11-07 10:20:07.4139 INFO Get Indent List Success
2020-11-07 10:20:07.4931 INFO Get User Success :51-Harinagar Sugar Mills Limited, Distillery Division
2020-11-07 10:20:07.4931 INFO Get Party Master List Success
2020-11-07 10:20:07.5087 INFO Get Product Master List Success
2020-11-07 10:20:07.5087 INFO Get User Success :51-Harinagar Sugar Mills Limited, Distillery Division
2020-11-07 10:20:30.3025 INFO Get User Success :49-Harinagar Sugar Mills Limited
2020-11-07 10:20:33.2607 INFO Get User Success :49-Harinagar Sugar Mills Limited
2020-11-07 10:20:33.2607 INFO Get MF2 List Success
2020-11-07 10:20:33.2836 INFO Get User Success :49-Harinagar Sugar Mills Limited
2020-11-07 10:21:04.8212 INFO Get User Success :49-Harinagar Sugar Mills Limited
2020-11-07 10:21:04.8212 INFO Get Party Master List Success
2020-11-07 10:21:04.8212 INFO Get Party Master List Success
2020-11-07 10:21:04.8212 INFO Get Product Master List Success
2020-11-07 10:21:04.8480 INFO Get MF2  Details Success
2020-11-07 10:21:04.8533 INFO Get User Success :49-Harinagar Sugar Mills Limited
2020-11-07 10:26:15.6836 INFO Get User Success :49-Harinagar Sugar Mills Limited
2020-11-07 10:26:15.6836 INFO Get MF2 List Success
2020-11-07 10:26:15.6836 INFO Get User Success :49-Harinagar Sugar Mills Limited
2020-11-07 10:26:17.4118 INFO Get User Success :49-Harinagar Sugar Mills Limited
2020-11-07 10:26:17.4208 INFO Get Party Master List Success
2020-11-07 10:26:17.4208 INFO Get Party Master List Success
2020-11-07 10:26:17.4208 INFO Get Product Master List Success
2020-11-07 10:26:17.4348 INFO Get MF2  Details Success
2020-11-07 10:26:17.4348 INFO Get User Success :49-Harinagar Sugar Mills Limited
2020-11-07 10:28:39.1061 INFO Get User Success :49-Harinagar Sugar Mills Limited
2020-11-07 10:28:39.1061 INFO Get MF2 List Success
2020-11-07 10:28:39.1061 INFO Get User Success :49-Harinagar Sugar Mills Limited
2020-11-07 10:28:40.4512 INFO Get User Success :49-Harinagar Sugar Mills Limited
2020-11-07 10:28:40.4512 INFO Get Party Master List Success
2020-11-07 10:28:40.4512 INFO Get Party Master List Success
2020-11-07 10:28:40.4601 INFO Get Product Master List Success
2020-11-07 10:28:40.4601 INFO Get MF2  Details Success
2020-11-07 10:28:40.4601 INFO Get User Success :49-Harinagar Sugar Mills Limited
2020-11-07 10:31:39.2208 INFO Get User Success :49-Harinagar Sugar Mills Limited
2020-11-07 10:31:39.2208 INFO Get MF2 List Success
2020-11-07 10:31:39.2257 INFO Get User Success :49-Harinagar Sugar Mills Limited
2020-11-07 10:33:31.7191 INFO Get User Success :49-Harinagar Sugar Mills Limited
2020-11-07 10:33:31.7191 INFO Get Party Master List Success
2020-11-07 10:33:31.7191 INFO Get Party Master List Success
2020-11-07 10:33:31.7301 INFO Get Product Master List Success
2020-11-07 10:33:31.7301 INFO Get MF2  Details Success
2020-11-07 10:33:31.7419 INFO Get User Success :49-Harinagar Sugar Mills Limited
2020-11-07 10:33:35.5224 INFO Get User Success :49-Harinagar Sugar Mills Limited
2020-11-07 10:33:35.5224 INFO Get MF2 List Success
2020-11-07 10:33:35.5224 INFO Get User Success :49-Harinagar Sugar Mills Limited
2020-11-07 10:33:44.1283 INFO Get User Success :49-Harinagar Sugar Mills Limited
2020-11-07 10:33:44.1283 INFO Get Party Master List Success
2020-11-07 10:33:44.1346 INFO Get Party Master List Success
2020-11-07 10:33:44.1476 INFO Get Product Master List Success
2020-11-07 10:33:44.1476 INFO Get MF2  Details Success
2020-11-07 10:33:44.1476 INFO Get User Success :49-Harinagar Sugar Mills Limited
2020-11-07 10:33:50.5507 INFO Get User Success :49-Harinagar Sugar Mills Limited
2020-11-07 10:33:50.5507 INFO Get MF2 List Success
2020-11-07 10:33:50.5557 INFO Get User Success :49-Harinagar Sugar Mills Limited
2020-11-07 10:41:57.4621 INFO Get User Success :44-Administrator
2020-11-07 10:42:00.0737 INFO Get Party Type Master List Success
2020-11-07 10:42:00.1118 INFO Get User Success :44-Administrator
2020-11-07 10:42:16.6394 INFO Get User Success :49-Harinagar Sugar Mills Limited
2020-11-07 10:42:19.6130 INFO Get User Success :49-Harinagar Sugar Mills Limited
2020-11-07 10:42:19.6196 INFO Get MF2 List Success
2020-11-07 10:42:19.6196 INFO Get User Success :49-Harinagar Sugar Mills Limited
2020-11-07 10:42:26.5785 INFO Sugarcanepurchase Get List Success
2020-11-07 10:42:26.5785 INFO Get User Success :49-Harinagar Sugar Mills Limited
2020-11-07 10:42:26.5926 INFO Get User Success :49-Harinagar Sugar Mills Limited
2020-11-07 10:42:27.8119 INFO Get User Success :49-Harinagar Sugar Mills Limited
2020-11-07 10:42:27.8238 INFO Get User Success :49-Harinagar Sugar Mills Limited
2020-11-07 10:42:29.1582 INFO Get User Success :49-Harinagar Sugar Mills Limited
2020-11-07 10:42:29.1671 INFO Get User Success :49-Harinagar Sugar Mills Limited
2020-11-07 10:42:33.4185 INFO Get User Success :49-Harinagar Sugar Mills Limited
2020-11-07 10:42:33.4185 INFO Get User Success :49-Harinagar Sugar Mills Limited
2020-11-07 10:42:39.5066 INFO Get User Success :49-Harinagar Sugar Mills Limited
2020-11-07 10:42:39.5135 INFO Get User Success :49-Harinagar Sugar Mills Limited
2020-11-07 10:47:43.5838 INFO Get User Success :49-Harinagar Sugar Mills Limited
2020-11-07 10:47:48.3877 INFO Sugarcanepurchase Get List Success
2020-11-07 10:47:48.3877 INFO Get User Success :49-Harinagar Sugar Mills Limited
2020-11-07 10:47:48.4302 INFO Get User Success :49-Harinagar Sugar Mills Limited
2020-11-07 10:48:21.7677 INFO Get Party Master List Success
2020-11-07 10:48:21.7746 INFO Get User Success :49-Harinagar Sugar Mills Limited
2020-11-07 10:48:21.7916 INFO Get User Success :49-Harinagar Sugar Mills Limited
2020-11-07 10:48:26.0265 INFO Get Existing data Fail :sugarcanepurchase
2020-11-07 10:48:27.9330 INFO Get Existing data Fail :sugarcanepurchase
2020-11-07 10:48:30.0179 INFO Get Existing data Fail :sugarcanepurchase
2020-11-07 10:48:32.0258 INFO Get Existing data Fail :sugarcanepurchase
2020-11-07 10:48:33.4360 INFO Sugarcanepurchase Get List Success
2020-11-07 10:48:33.4360 INFO Get User Success :49-Harinagar Sugar Mills Limited
2020-11-07 10:48:33.4360 INFO Get User Success :49-Harinagar Sugar Mills Limited
2020-11-07 10:48:34.5556 INFO Get Party Master List Success
2020-11-07 10:48:34.5556 INFO Get User Success :49-Harinagar Sugar Mills Limited
2020-11-07 10:48:34.5556 INFO Sugarcanepurchase Get List Success
2020-11-07 10:48:34.5755 INFO Get User Success :49-Harinagar Sugar Mills Limited
2020-11-07 10:48:37.0585 INFO Get Existing data Fail :sugarcanepurchase
2020-11-07 10:50:02.9031 INFO Get User Success :73-New Swadeshi Sugar Mills, Bond Officer
2020-11-07 10:50:06.5717 INFO Get User Success :73-New Swadeshi Sugar Mills, Bond Officer
2020-11-07 10:50:06.5717 INFO Get MF2 List Success
2020-11-07 10:50:06.5860 INFO Get User Success :73-New Swadeshi Sugar Mills, Bond Officer
2020-11-07 10:50:09.1393 INFO Sugarcanepurchase Get List Success
2020-11-07 10:50:09.1393 INFO Get User Success :73-New Swadeshi Sugar Mills, Bond Officer
2020-11-07 10:50:09.1393 INFO Get User Success :73-New Swadeshi Sugar Mills, Bond Officer
2020-11-07 10:50:11.7655 INFO Get Party Master List Success
2020-11-07 10:50:11.7655 INFO Get User Success :73-New Swadeshi Sugar Mills, Bond Officer
2020-11-07 10:50:11.7741 INFO Sugarcanepurchase Get List Success
2020-11-07 10:50:11.7919 INFO Get User Success :73-New Swadeshi Sugar Mills, Bond Officer
2020-11-07 10:51:10.3199 INFO Get Party Master List Success
2020-11-07 10:51:10.3199 INFO Get User Success :73-New Swadeshi Sugar Mills, Bond Officer
2020-11-07 10:51:18.4828 INFO Sugarcanepurchase Get List Success
2020-11-07 10:51:18.4828 INFO Get User Success :73-New Swadeshi Sugar Mills, Bond Officer
2020-11-07 10:51:26.3629 INFO Sugarcanepurchase Get List Success
2020-11-07 10:51:26.3629 INFO Get User Success :73-New Swadeshi Sugar Mills, Bond Officer
2020-11-07 10:51:26.3680 INFO Get User Success :73-New Swadeshi Sugar Mills, Bond Officer
2020-11-07 10:51:39.7022 INFO Get Party Master List Success
2020-11-07 10:51:39.7022 INFO Get User Success :73-New Swadeshi Sugar Mills, Bond Officer
2020-11-07 10:51:39.7022 INFO Sugarcanepurchase Get List Success
2020-11-07 10:51:39.7128 INFO Get User Success :73-New Swadeshi Sugar Mills, Bond Officer
2020-11-07 10:51:41.9478 INFO Sugarcanepurchase Get List Success
2020-11-07 10:51:41.9478 INFO Get User Success :73-New Swadeshi Sugar Mills, Bond Officer
2020-11-07 10:51:41.9478 INFO Get User Success :73-New Swadeshi Sugar Mills, Bond Officer
2020-11-07 10:51:42.7392 INFO Get Party Master List Success
2020-11-07 10:51:42.7412 INFO Get User Success :73-New Swadeshi Sugar Mills, Bond Officer
2020-11-07 10:51:42.7412 INFO Sugarcanepurchase Get List Success
2020-11-07 10:51:42.7591 INFO Get User Success :73-New Swadeshi Sugar Mills, Bond Officer
2020-11-07 10:51:46.4050 INFO Sugarcanepurchase Get List Success
2020-11-07 10:51:46.4150 INFO Get User Success :73-New Swadeshi Sugar Mills, Bond Officer
2020-11-07 10:51:46.4150 INFO Get User Success :73-New Swadeshi Sugar Mills, Bond Officer
2020-11-07 10:52:53.5966 INFO Get User Success :73-New Swadeshi Sugar Mills, Bond Officer
2020-11-07 10:52:53.5966 INFO Get MF2 List Success
2020-11-07 10:52:53.6025 INFO Get User Success :73-New Swadeshi Sugar Mills, Bond Officer
2020-11-07 10:52:55.6533 INFO Get User Success :73-New Swadeshi Sugar Mills, Bond Officer
2020-11-07 10:52:55.6533 INFO Get Party Master List Success
2020-11-07 10:52:55.6533 INFO Get Party Master List Success
2020-11-07 10:52:55.6637 INFO Get Product Master List Success
2020-11-07 10:52:55.6637 INFO Get User Success :73-New Swadeshi Sugar Mills, Bond Officer
2020-11-07 10:53:06.7527 INFO Get User Success :51-Harinagar Sugar Mills Limited, Distillery Division
2020-11-07 10:53:09.7398 INFO Get User Success :51-Harinagar Sugar Mills Limited, Distillery Division
2020-11-07 10:53:09.7448 INFO Get Indent List Success
2020-11-07 10:53:09.7448 INFO Get User Success :51-Harinagar Sugar Mills Limited, Distillery Division
2020-11-07 10:53:11.1836 INFO Get User Success :51-Harinagar Sugar Mills Limited, Distillery Division
2020-11-07 10:53:11.1836 INFO Get Indent List Success
2020-11-07 10:53:11.2414 INFO Get User Success :51-Harinagar Sugar Mills Limited, Distillery Division
2020-11-07 10:53:11.2414 INFO Get Party Master List Success
2020-11-07 10:53:11.2414 INFO Get Product Master List Success
2020-11-07 10:53:11.2414 INFO Get User Success :51-Harinagar Sugar Mills Limited, Distillery Division
2020-11-07 10:54:06.5447 INFO Get User Success :51-Harinagar Sugar Mills Limited, Distillery Division
2020-11-07 10:54:06.5447 INFO Get Allotment List Success
2020-11-07 10:54:06.5447 INFO Get User Success :51-Harinagar Sugar Mills Limited, Distillery Division
2020-11-07 10:54:08.1999 INFO Get User Success :51-Harinagar Sugar Mills Limited, Distillery Division
2020-11-07 10:54:08.1999 INFO Get Allotment List Success
2020-11-07 10:54:08.2557 INFO Get User Success :51-Harinagar Sugar Mills Limited, Distillery Division
2020-11-07 10:54:08.2591 INFO Get Party Master List Success
2020-11-07 10:54:08.2591 INFO Get Indent List Success
2020-11-07 10:54:08.2591 INFO Get User Success :51-Harinagar Sugar Mills Limited, Distillery Division
2020-11-07 10:54:47.6144 INFO Get User Success :71-New Swadeshi Distillery Unit
2020-11-07 10:54:53.6194 INFO Get User Success :71-New Swadeshi Distillery Unit
2020-11-07 10:54:53.6194 INFO Get Indent List Success
2020-11-07 10:54:53.6325 INFO Get User Success :71-New Swadeshi Distillery Unit
2020-11-07 10:54:54.3289 INFO Get User Success :71-New Swadeshi Distillery Unit
2020-11-07 10:54:54.3289 INFO Get Indent List Success
2020-11-07 10:54:54.3541 INFO Get User Success :71-New Swadeshi Distillery Unit
2020-11-07 10:54:54.3541 INFO Get Allotment List Success
2020-11-07 10:54:54.3541 INFO Get User Success :71-New Swadeshi Distillery Unit
2020-11-07 10:54:55.5525 INFO Get User Success :71-New Swadeshi Distillery Unit
2020-11-07 10:54:55.5545 INFO Get Allotment List Success
2020-11-07 10:54:55.5725 INFO Get User Success :71-New Swadeshi Distillery Unit
2020-11-07 10:54:55.5725 INFO Get Party Master List Success
2020-11-07 10:54:55.5725 INFO Get Indent List Success
2020-11-07 10:54:55.5725 INFO Get User Success :71-New Swadeshi Distillery Unit
2020-11-07 10:55:30.6721 INFO Insert Allotment Success :-010-22001: value too long for type character varying(3)
2020-11-07 11:00:28.8553 INFO Insert Allotment Success :-010
2020-11-07 11:00:28.8865 INFO Get User Success :71-New Swadeshi Distillery Unit
2020-11-07 11:00:28.8865 INFO Get Allotment List Success
2020-11-07 11:00:28.9000 INFO Get User Success :71-New Swadeshi Distillery Unit
2020-11-07 11:01:08.1071 INFO Get User Success :71-New Swadeshi Distillery Unit
2020-11-07 11:01:08.1071 INFO Get Allotment List Success
2020-11-07 11:01:08.1295 INFO Get User Success :71-New Swadeshi Distillery Unit
2020-11-07 11:01:08.1335 INFO Get Party Master List Success
2020-11-07 11:01:08.1335 INFO Get Indent List Success
2020-11-07 11:01:08.1335 INFO Get User Success :71-New Swadeshi Distillery Unit
2020-11-07 11:01:30.6885 INFO Insert Allotment Success :-010
2020-11-07 11:01:30.7099 INFO Get User Success :71-New Swadeshi Distillery Unit
2020-11-07 11:01:30.7099 INFO Get Allotment List Success
2020-11-07 11:01:30.7099 INFO Get User Success :71-New Swadeshi Distillery Unit
2020-11-07 11:01:55.9485 INFO Get User Success :71-New Swadeshi Distillery Unit
2020-11-07 11:01:55.9485 INFO Get Allotment List Success
2020-11-07 11:01:55.9715 INFO Get User Success :71-New Swadeshi Distillery Unit
2020-11-07 11:01:55.9715 INFO Get Party Master List Success
2020-11-07 11:01:55.9771 INFO Get Indent List Success
2020-11-07 11:01:55.9771 INFO Get Allotment Details Success
2020-11-07 11:01:55.9771 INFO Get User Success :71-New Swadeshi Distillery Unit
2020-11-07 11:02:13.1375 INFO Update Allotment Success :2-010
2020-11-07 11:02:13.1580 INFO Get User Success :71-New Swadeshi Distillery Unit
2020-11-07 11:02:13.1580 INFO Get Allotment List Success
2020-11-07 11:02:13.1630 INFO Get User Success :71-New Swadeshi Distillery Unit
2020-11-07 11:02:44.7801 INFO Get User Success :71-New Swadeshi Distillery Unit
2020-11-07 11:02:44.7801 INFO Get Allotment List Success
2020-11-07 11:02:44.8050 INFO Get User Success :71-New Swadeshi Distillery Unit
2020-11-07 11:02:44.8050 INFO Get Party Master List Success
2020-11-07 11:02:44.8050 INFO Get Indent List Success
2020-11-07 11:02:44.8050 INFO Get Allotment Details Success
2020-11-07 11:02:44.8050 INFO Get User Success :71-New Swadeshi Distillery Unit
2020-11-07 11:03:17.7086 INFO Get User Success :71-New Swadeshi Distillery Unit
2020-11-07 11:03:17.7114 INFO Get Party Master List Success
2020-11-07 11:03:17.7114 INFO Get Indent List Success
2020-11-07 11:03:17.7114 INFO Get Allotment Details Success
2020-11-07 11:03:17.7114 INFO Get User Success :71-New Swadeshi Distillery Unit
2020-11-07 11:03:21.7281 INFO Get User Success :71-New Swadeshi Distillery Unit
2020-11-07 11:03:21.7281 INFO Get Allotment List Success
2020-11-07 11:03:21.7281 INFO Get User Success :71-New Swadeshi Distillery Unit
2020-11-07 11:03:23.2180 INFO Get User Success :71-New Swadeshi Distillery Unit
2020-11-07 11:03:23.2180 INFO Get Allotment List Success
2020-11-07 11:03:23.2449 INFO Get User Success :71-New Swadeshi Distillery Unit
2020-11-07 11:03:23.2449 INFO Get Party Master List Success
2020-11-07 11:03:23.2449 INFO Get Indent List Success
2020-11-07 11:03:23.2449 INFO Get Allotment Details Success
2020-11-07 11:03:23.2609 INFO Get User Success :71-New Swadeshi Distillery Unit
2020-11-07 11:03:30.0655 INFO Get User Success :71-New Swadeshi Distillery Unit
2020-11-07 11:03:30.0655 INFO Get Allotment List Success
2020-11-07 11:03:30.0713 INFO Get User Success :71-New Swadeshi Distillery Unit
2020-11-07 11:03:31.7141 INFO Get User Success :71-New Swadeshi Distillery Unit
2020-11-07 11:03:31.7141 INFO Get Allotment List Success
2020-11-07 11:03:31.7361 INFO Get User Success :71-New Swadeshi Distillery Unit
2020-11-07 11:03:31.7361 INFO Get Party Master List Success
2020-11-07 11:03:31.7421 INFO Get Indent List Success
2020-11-07 11:03:31.7421 INFO Get Allotment Details Success
2020-11-07 11:03:31.7421 INFO Get User Success :71-New Swadeshi Distillery Unit
2020-11-07 11:04:15.3187 INFO Get User Success :71-New Swadeshi Distillery Unit
2020-11-07 11:04:15.3217 INFO Get Party Master List Success
2020-11-07 11:04:15.3217 INFO Get Indent List Success
2020-11-07 11:04:15.3217 INFO Get Allotment Details Success
2020-11-07 11:04:15.3217 INFO Get User Success :71-New Swadeshi Distillery Unit
2020-11-07 11:04:17.2777 INFO Get User Success :71-New Swadeshi Distillery Unit
2020-11-07 11:04:17.2777 INFO Get Indent List Success
2020-11-07 11:04:17.2777 INFO Get User Success :71-New Swadeshi Distillery Unit
2020-11-07 11:04:18.9366 INFO Get User Success :71-New Swadeshi Distillery Unit
2020-11-07 11:04:18.9366 INFO Get Indent List Success
2020-11-07 11:04:18.9965 INFO Get User Success :71-New Swadeshi Distillery Unit
2020-11-07 11:04:18.9965 INFO Get Party Master List Success
2020-11-07 11:04:19.0071 INFO Get Product Master List Success
2020-11-07 11:04:19.0071 INFO Get User Success :71-New Swadeshi Distillery Unit
2020-11-07 11:04:33.1313 INFO Get User Success :71-New Swadeshi Distillery Unit
2020-11-07 11:04:33.1343 INFO Get Allotment List Success
2020-11-07 11:04:33.1343 INFO Get User Success :71-New Swadeshi Distillery Unit
2020-11-07 11:04:35.0886 INFO Get User Success :71-New Swadeshi Distillery Unit
2020-11-07 11:04:35.0886 INFO Get Allotment List Success
2020-11-07 11:04:35.1085 INFO Get User Success :71-New Swadeshi Distillery Unit
2020-11-07 11:04:35.1085 INFO Get Party Master List Success
2020-11-07 11:04:35.1085 INFO Get Indent List Success
2020-11-07 11:04:35.1165 INFO Get User Success :71-New Swadeshi Distillery Unit
2020-11-07 11:05:08.8235 INFO Get User Success :71-New Swadeshi Distillery Unit
2020-11-07 11:05:08.8235 INFO Get Party Master List Success
2020-11-07 11:05:08.8235 INFO Get Indent List Success
2020-11-07 11:05:08.8235 INFO Get User Success :71-New Swadeshi Distillery Unit
2020-11-07 11:05:12.6226 INFO Get User Success :71-New Swadeshi Distillery Unit
2020-11-07 11:05:12.6226 INFO Get Indent List Success
2020-11-07 11:05:12.6226 INFO Get User Success :71-New Swadeshi Distillery Unit
2020-11-07 11:05:14.4447 INFO Get User Success :71-New Swadeshi Distillery Unit
2020-11-07 11:05:14.4447 INFO Get Indent List Success
2020-11-07 11:05:14.5023 INFO Get User Success :71-New Swadeshi Distillery Unit
2020-11-07 11:05:14.5023 INFO Get Party Master List Success
2020-11-07 11:05:14.5075 INFO Get Product Master List Success
2020-11-07 11:05:14.5075 INFO Get User Success :71-New Swadeshi Distillery Unit
2020-11-07 11:05:41.9021 INFO Get User Success :71-New Swadeshi Distillery Unit
2020-11-07 11:05:41.9021 INFO Get Party Master List Success
2020-11-07 11:05:41.9130 INFO Get Product Master List Success
2020-11-07 11:05:41.9130 INFO Get User Success :71-New Swadeshi Distillery Unit
2020-11-07 11:16:10.8042 INFO Get User Success :49-Harinagar Sugar Mills Limited
2020-11-07 11:16:13.8958 INFO Sugarcanepurchase Get List Success
2020-11-07 11:16:13.8991 INFO Get User Success :49-Harinagar Sugar Mills Limited
2020-11-07 11:16:13.9346 INFO Get User Success :49-Harinagar Sugar Mills Limited
2020-11-07 11:16:14.9688 INFO Get User Success :49-Harinagar Sugar Mills Limited
2020-11-07 11:16:14.9688 INFO Get User Success :49-Harinagar Sugar Mills Limited
2020-11-07 11:16:16.6013 INFO Get User Success :49-Harinagar Sugar Mills Limited
2020-11-07 11:16:16.6013 INFO Get Party Master List Success
2020-11-07 11:16:16.6013 INFO Get User Success :49-Harinagar Sugar Mills Limited
2020-11-07 11:16:21.4254 INFO Sugarcanepurchase Get List Success
2020-11-07 11:16:21.4294 INFO Get User Success :49-Harinagar Sugar Mills Limited
2020-11-07 11:16:21.4294 INFO Get User Success :49-Harinagar Sugar Mills Limited
2020-11-07 11:16:23.0637 INFO Get Party Master List Success
2020-11-07 11:16:23.0637 INFO Get User Success :49-Harinagar Sugar Mills Limited
2020-11-07 11:16:23.0823 INFO Get User Success :49-Harinagar Sugar Mills Limited
2020-11-07 13:38:22.7957 INFO Get User Success :51-Harinagar Sugar Mills Limited, Distillery Division
2020-11-07 13:38:26.7142 INFO Get User Success :51-Harinagar Sugar Mills Limited, Distillery Division
2020-11-07 13:38:26.7679 INFO Get Indent List Success
2020-11-07 13:38:26.8198 INFO Get User Success :51-Harinagar Sugar Mills Limited, Distillery Division
2020-11-07 13:38:28.5646 INFO Get User Success :51-Harinagar Sugar Mills Limited, Distillery Division
2020-11-07 13:38:28.5646 INFO Get Indent List Success
2020-11-07 13:38:28.8800 INFO Get User Success :51-Harinagar Sugar Mills Limited, Distillery Division
2020-11-07 13:38:28.9505 INFO Get Party Master List Success
2020-11-07 13:38:28.9505 INFO Get Product Master List Success
2020-11-07 13:38:28.9630 INFO Get User Success :51-Harinagar Sugar Mills Limited, Distillery Division
2020-11-07 14:42:56.8699 INFO Get User Success :51-Harinagar Sugar Mills Limited, Distillery Division
2020-11-07 14:43:02.9062 INFO Get User Success :51-Harinagar Sugar Mills Limited, Distillery Division
2020-11-07 14:43:02.9144 INFO Get Indent List Success
2020-11-07 14:43:02.9476 INFO Get User Success :51-Harinagar Sugar Mills Limited, Distillery Division
2020-11-07 15:07:55.3743 INFO Get User Success :51-Harinagar Sugar Mills Limited, Distillery Division
2020-11-07 15:12:19.7777 INFO Get User Success :18-Harinagar Distillery
2020-11-07 15:12:22.8451 INFO Get User Success :18-Harinagar Distillery
2020-11-07 15:12:31.0354 INFO Get User Success :18-Harinagar Distillery
2020-11-07 15:12:31.0381 INFO Get User Success :18-Harinagar Distillery
2020-11-07 15:14:06.0929 INFO Get User Success :18-Harinagar Distillery
2020-11-07 15:14:06.1213 INFO Get User Success :18-Harinagar Distillery
2020-11-07 15:14:07.6099 INFO Get User Success :18-Harinagar Distillery
2020-11-07 15:14:13.6269 INFO Get User Success :18-Harinagar Distillery
2020-11-07 15:14:40.9801 INFO Get User Success :18-Harinagar Distillery
2020-11-07 15:14:54.8432 INFO Get User Success :18-Harinagar Distillery
2020-11-07 15:15:59.2185 INFO Get User Success :18-Harinagar Distillery
2020-11-07 15:15:59.2185 INFO Get User Success :18-Harinagar Distillery
2020-11-07 15:16:07.5952 INFO Get User Success :18-Harinagar Distillery
2020-11-07 15:16:41.2361 INFO Get User Success :18-Harinagar Distillery
2020-11-07 15:16:41.2442 INFO Get RR List Success
2020-11-07 15:16:41.2804 INFO Get User Success :18-Harinagar Distillery
2020-11-07 15:16:46.3751 INFO Get User Success :18-Harinagar Distillery
2020-11-07 15:16:46.3751 INFO Get RR List Success
2020-11-07 15:16:46.3886 INFO Get User Success :18-Harinagar Distillery
2020-11-07 15:17:05.1548 INFO Get User Success :18-Harinagar Distillery
2020-11-07 15:17:05.1548 INFO Get Product Type Master List Success
2020-11-07 15:17:05.1658 INFO Get NOC Sucess:2
2020-11-07 15:17:05.1658 INFO Get State List Success
2020-11-07 15:17:05.1658 INFO Get User Success :18-Harinagar Distillery
2020-11-07 15:17:11.1345 INFO Get User Success :18-Harinagar Distillery
2020-11-07 15:17:11.1345 INFO Get RR List Success
2020-11-07 15:17:11.1345 INFO Get User Success :18-Harinagar Distillery
2020-11-07 15:17:53.3698 INFO Get User Success :18-Harinagar Distillery
2020-11-07 15:17:53.3698 INFO Get Product Type Master List Success
2020-11-07 15:17:53.3698 INFO Get NOC Sucess:2
2020-11-07 15:18:26.0368 INFO Get State List Success
2020-11-07 15:18:26.0408 INFO Get User Success :18-Harinagar Distillery
2020-11-07 15:18:31.4879 INFO Get User Success :18-Harinagar Distillery
2020-11-07 15:18:31.4879 INFO Get RR List Success
2020-11-07 15:18:31.4928 INFO Get User Success :18-Harinagar Distillery
2020-11-07 15:18:33.6847 INFO Get User Success :18-Harinagar Distillery
2020-11-07 15:18:33.6847 INFO Get Product Type Master List Success
2020-11-07 15:18:33.6847 INFO Get NOC Sucess:2
2020-11-07 15:18:33.6847 INFO Get State List Success
2020-11-07 15:18:33.7045 INFO Get RR List Success
2020-11-07 15:18:33.7045 INFO Get Customer Details Success
2020-11-07 15:18:33.7343 INFO Check WorkFlow List Success
2020-11-07 15:18:33.7442 INFO Get User Success :18-Harinagar Distillery
2020-11-07 15:19:17.2458 INFO Get User Success :18-Harinagar Distillery
2020-11-07 15:19:20.9933 INFO Get User Success :18-Harinagar Distillery
2020-11-07 15:19:23.8093 INFO Get User Success :18-Harinagar Distillery
2020-11-07 15:19:24.2301 INFO Get User Success :18-Harinagar Distillery
2020-11-07 15:19:31.5142 INFO Get User Success :18-Harinagar Distillery
2020-11-07 15:19:31.5142 INFO Get User Success :18-Harinagar Distillery
2020-11-07 15:21:40.4506 INFO Get User Success :18-Harinagar Distillery
2020-11-07 15:21:40.4724 INFO Get User Success :18-Harinagar Distillery
2020-11-07 15:21:41.3058 INFO Get User Success :18-Harinagar Distillery
2020-11-07 15:21:46.3722 INFO Get User Success :18-Harinagar Distillery
2020-11-07 15:21:46.3722 INFO Get User Success :18-Harinagar Distillery
2020-11-07 15:22:05.8387 INFO Get User Success :18-Harinagar Distillery
2020-11-07 15:22:05.8387 INFO Get User Success :18-Harinagar Distillery
2020-11-07 15:22:07.5686 INFO Get User Success :18-Harinagar Distillery
2020-11-07 15:22:07.5889 INFO Get User Success :18-Harinagar Distillery
2020-11-07 15:22:12.2963 INFO Get User Success :18-Harinagar Distillery
2020-11-07 15:22:12.2963 INFO Get User Success :18-Harinagar Distillery
2020-11-07 15:22:26.0892 INFO Get User Success :18-Harinagar Distillery
2020-11-07 15:22:26.1221 INFO Get User Success :18-Harinagar Distillery
2020-11-07 15:22:28.3534 INFO Get User Success :18-Harinagar Distillery
2020-11-07 15:22:33.4491 INFO Get User Success :18-Harinagar Distillery
2020-11-07 15:22:33.4491 INFO Get User Success :18-Harinagar Distillery
2020-11-07 15:25:39.5559 INFO Get User Success :18-Harinagar Distillery
2020-11-07 15:25:41.9330 INFO Get User Success :18-Harinagar Distillery
2020-11-07 15:25:44.8129 INFO Get User Success :18-Harinagar Distillery
2020-11-07 15:25:47.0133 INFO Get User Success :18-Harinagar Distillery
2020-11-07 15:26:36.5603 INFO Get User Success :18-Harinagar Distillery
2020-11-07 15:26:36.5603 INFO Get User Success :18-Harinagar Distillery
2020-11-07 15:27:35.7760 INFO Get User Success :18-Harinagar Distillery
2020-11-07 15:27:35.7971 INFO Get User Success :18-Harinagar Distillery
2020-11-07 15:27:37.1367 INFO Get User Success :18-Harinagar Distillery
2020-11-07 15:27:39.4582 INFO Get User Success :18-Harinagar Distillery
2020-11-07 15:27:39.9831 INFO Get User Success :18-Harinagar Distillery
2020-11-07 15:27:46.0249 INFO Get User Success :18-Harinagar Distillery
2020-11-07 15:27:46.0249 INFO Get User Success :18-Harinagar Distillery
2020-11-07 15:30:05.8147 INFO Get User Success :18-Harinagar Distillery
2020-11-07 15:30:05.8525 INFO Get User Success :18-Harinagar Distillery
2020-11-07 15:30:08.0957 INFO Get User Success :18-Harinagar Distillery
2020-11-07 15:38:21.1053 INFO Get User Success :18-Harinagar Distillery
2020-11-07 15:38:28.9280 INFO Get User Success :18-Harinagar Distillery
2020-11-07 15:39:17.7669 INFO Get User Success :18-Harinagar Distillery
2020-11-07 15:39:27.2523 INFO Get User Success :18-Harinagar Distillery
2020-11-07 15:39:28.8182 INFO Get User Success :18-Harinagar Distillery
2020-11-07 15:40:11.1240 INFO Get User Success :18-Harinagar Distillery
2020-11-07 15:40:12.6588 INFO Get User Success :18-Harinagar Distillery
2020-11-07 15:40:12.8663 INFO Get User Success :18-Harinagar Distillery
2020-11-07 15:40:13.0588 INFO Get User Success :18-Harinagar Distillery
2020-11-07 15:40:13.2433 INFO Get User Success :18-Harinagar Distillery
2020-11-07 15:51:41.6832 INFO Get User Success :18-Harinagar Distillery
2020-11-07 15:51:47.1234 INFO Get User Success :18-Harinagar Distillery
2020-11-07 15:51:50.2447 INFO Get User Success :18-Harinagar Distillery
2020-11-07 15:51:50.2447 INFO Get RR List Success
2020-11-07 15:51:50.2598 INFO Get User Success :18-Harinagar Distillery
2020-11-07 15:52:08.9080 INFO Get User Success :18-Harinagar Distillery
2020-11-07 15:52:08.9080 INFO Get RR List Success
2020-11-07 15:52:13.8910 INFO Get User Success :18-Harinagar Distillery
2020-11-07 15:52:27.2857 INFO Get User Success :18-Harinagar Distillery
2020-11-07 15:52:27.2916 INFO Get RR List Success
2020-11-07 15:52:27.3245 INFO Get User Success :18-Harinagar Distillery
2020-11-07 15:52:29.4367 INFO Get User Success :18-Harinagar Distillery
2020-11-07 15:52:29.4367 INFO Get RR List Success
2020-11-07 15:52:29.4498 INFO Get User Success :18-Harinagar Distillery
2020-11-07 15:53:24.0680 INFO Get User Success :18-Harinagar Distillery
2020-11-07 15:53:24.0702 INFO Get RR List Success
2020-11-07 15:53:24.0702 INFO Get User Success :18-Harinagar Distillery
2020-11-07 15:53:25.9826 INFO Get User Success :18-Harinagar Distillery
2020-11-07 15:53:25.9826 INFO Get RR List Success
2020-11-07 15:53:25.9826 INFO Get User Success :18-Harinagar Distillery
2020-11-07 15:53:26.7976 INFO Get User Success :18-Harinagar Distillery
2020-11-07 15:53:26.7976 INFO Get RR List Success
2020-11-07 15:53:26.7976 INFO Get User Success :18-Harinagar Distillery
2020-11-07 15:53:27.0517 INFO Get User Success :18-Harinagar Distillery
2020-11-07 15:53:27.0537 INFO Get RR List Success
2020-11-07 15:53:27.0537 INFO Get User Success :18-Harinagar Distillery
2020-11-07 15:53:27.2073 INFO Get User Success :18-Harinagar Distillery
2020-11-07 15:53:27.2103 INFO Get RR List Success
2020-11-07 15:53:27.2103 INFO Get User Success :18-Harinagar Distillery
2020-11-07 15:53:27.3799 INFO Get User Success :18-Harinagar Distillery
2020-11-07 15:53:27.3829 INFO Get RR List Success
2020-11-07 15:53:27.3829 INFO Get User Success :18-Harinagar Distillery
2020-11-07 15:53:27.5644 INFO Get User Success :18-Harinagar Distillery
2020-11-07 15:53:27.5644 INFO Get RR List Success
2020-11-07 15:53:27.5644 INFO Get User Success :18-Harinagar Distillery
2020-11-07 15:53:27.7529 INFO Get User Success :18-Harinagar Distillery
2020-11-07 15:53:27.7569 INFO Get RR List Success
2020-11-07 15:53:27.7569 INFO Get User Success :18-Harinagar Distillery
2020-11-07 15:53:30.7700 INFO Get User Success :18-Harinagar Distillery
2020-11-07 15:53:33.4209 INFO Get User Success :18-Harinagar Distillery
2020-11-07 15:53:33.4209 INFO Get RR List Success
2020-11-07 15:53:38.1510 INFO Get User Success :18-Harinagar Distillery
2020-11-07 15:55:22.7585 INFO Get User Success :18-Harinagar Distillery
2020-11-07 15:55:52.6924 INFO Get RR List Success
2020-11-07 15:55:52.6984 INFO Get User Success :18-Harinagar Distillery
2020-11-07 15:56:04.1728 INFO Get User Success :18-Harinagar Distillery
2020-11-07 15:56:10.1195 INFO Get RR List Success
2020-11-07 15:56:10.1195 INFO Get User Success :18-Harinagar Distillery
2020-11-07 15:56:14.7848 INFO Get User Success :18-Harinagar Distillery
2020-11-07 15:56:16.3359 INFO Get RR List Success
2020-11-07 16:03:11.7996 INFO Get RR List Success
2020-11-07 16:03:11.8245 INFO Get User Success :18-Harinagar Distillery
2020-11-07 16:03:18.1504 INFO Get User Success :18-Harinagar Distillery
2020-11-07 16:03:20.8519 INFO Get RR List Success
2020-11-07 16:03:20.8519 INFO Get User Success :18-Harinagar Distillery
2020-11-07 16:05:29.2709 INFO Get User Success :18-Harinagar Distillery
2020-11-07 16:05:29.2734 INFO Get RR List Success
2020-11-07 16:05:58.8377 INFO Get User Success :18-Harinagar Distillery
2020-11-07 16:21:19.9538 INFO Get User Success :18-Harinagar Distillery
2020-11-07 16:21:26.8278 INFO Get User Success :18-Harinagar Distillery
2020-11-07 16:21:38.5961 INFO Get User Success :18-Harinagar Distillery
2020-11-07 16:21:38.6017 INFO Get RR List Success
2020-11-07 16:21:38.6017 INFO Get User Success :18-Harinagar Distillery
2020-11-07 16:21:47.7421 INFO Get User Success :18-Harinagar Distillery
2020-11-07 16:21:48.6249 INFO Get User Success :18-Harinagar Distillery
2020-11-07 16:21:48.6249 INFO Get RR List Success
2020-11-07 16:21:48.6319 INFO Get User Success :18-Harinagar Distillery
2020-11-07 16:22:40.2369 INFO Get User Success :18-Harinagar Distillery
2020-11-07 16:22:40.2369 INFO Get RR List Success
2020-11-07 16:22:59.4025 INFO Get User Success :18-Harinagar Distillery
2020-11-07 16:23:27.9777 INFO Get User Success :18-Harinagar Distillery
2020-11-07 16:23:27.9777 INFO Get RR List Success
2020-11-07 16:23:27.9777 INFO Get User Success :18-Harinagar Distillery
2020-11-07 16:23:33.1865 INFO Get RR List Success
2020-11-07 16:23:54.9060 INFO Get RR List Success
2020-11-07 16:23:54.9267 INFO Get User Success :18-Harinagar Distillery
2020-11-07 16:23:57.5320 INFO Get User Success :18-Harinagar Distillery
2020-11-07 16:23:57.5320 INFO Get RR List Success
2020-11-07 16:23:57.5320 INFO Get User Success :18-Harinagar Distillery
2020-11-07 16:24:43.8466 INFO Get User Success :18-Harinagar Distillery
2020-11-07 16:24:43.8466 INFO Get RR List Success
2020-11-07 16:29:24.5579 INFO Get User Success :18-Harinagar Distillery
2020-11-07 16:29:26.5965 INFO Get User Success :18-Harinagar Distillery
2020-11-07 16:29:27.9884 INFO Get User Success :18-Harinagar Distillery
2020-11-07 16:29:27.9954 INFO Get RR List Success
2020-11-07 16:31:36.5626 INFO Get User Success :18-Harinagar Distillery
2020-11-07 16:31:39.6412 INFO Get User Success :18-Harinagar Distillery
2020-11-07 16:31:39.7818 INFO Get RR List Success
2020-11-07 16:31:39.8556 INFO Get User Success :18-Harinagar Distillery
2020-11-07 16:31:41.4195 INFO Get User Success :18-Harinagar Distillery
2020-11-07 16:31:42.8190 INFO Get User Success :18-Harinagar Distillery
2020-11-07 16:31:42.8223 INFO Get RR List Success
2020-11-07 16:31:42.8223 INFO Get User Success :18-Harinagar Distillery
2020-11-07 16:32:24.9213 INFO Get User Success :18-Harinagar Distillery
2020-11-07 16:32:24.9213 INFO Get RR List Success
2020-11-07 16:32:24.9293 INFO Get User Success :18-Harinagar Distillery
2020-11-07 16:32:26.4683 INFO Get RR List Success
2020-11-07 16:32:38.5828 INFO Get RR List Success
2020-11-07 16:32:41.1196 INFO Get User Success :18-Harinagar Distillery
2020-11-07 16:32:41.8459 INFO Get User Success :18-Harinagar Distillery
2020-11-07 16:32:41.8539 INFO Get RR List Success
2020-11-07 16:32:41.8539 INFO Get User Success :18-Harinagar Distillery
2020-11-07 16:32:43.4656 INFO Get RR List Success
2020-11-07 16:38:29.0582 INFO Get RR List Success
2020-11-07 16:38:39.5771 INFO Get RR List Success
2020-11-07 16:39:59.4158 INFO Get User Success :18-Harinagar Distillery
2020-11-07 16:39:59.4158 INFO Get RR List Success
2020-11-07 16:39:59.4158 INFO Get User Success :18-Harinagar Distillery
2020-11-07 16:40:18.3224 INFO Get RR List Success
2020-11-07 16:41:54.3119 INFO Get User Success :18-Harinagar Distillery
2020-11-07 16:41:54.3119 INFO Get RR List Success
2020-11-07 16:41:54.3119 INFO Get User Success :18-Harinagar Distillery
2020-11-07 16:41:59.1717 INFO Get RR List Success
2020-11-07 16:42:17.7544 INFO Get RR List Success
2020-11-07 16:42:20.1006 INFO Get RR List Success
2020-11-07 16:42:22.2950 INFO Get RR List Success
2020-11-07 16:42:27.0544 INFO Get RR List Success
2020-11-07 16:42:34.6451 INFO Get User Success :18-Harinagar Distillery
2020-11-07 16:42:34.6675 INFO Get Indent List Success
2020-11-07 16:42:34.7138 INFO Get User Success :18-Harinagar Distillery
2020-11-07 16:42:36.2347 INFO Get User Success :18-Harinagar Distillery
2020-11-07 16:42:36.2347 INFO Get RR List Success
2020-11-07 16:42:36.2422 INFO Get User Success :18-Harinagar Distillery
2020-11-07 16:42:38.9945 INFO Get User Success :18-Harinagar Distillery
2020-11-07 16:42:38.9945 INFO Get RR List Success
2020-11-07 16:42:39.0069 INFO Get User Success :18-Harinagar Distillery
2020-11-07 16:42:47.1897 INFO Get User Success :18-Harinagar Distillery
2020-11-07 16:42:47.1897 INFO Get RR List Success
2020-11-07 16:42:47.1977 INFO Get User Success :18-Harinagar Distillery
2020-11-07 16:42:48.5175 INFO Get User Success :18-Harinagar Distillery
2020-11-07 16:42:50.1858 INFO Get User Success :18-Harinagar Distillery
2020-11-07 16:42:50.1858 INFO Get RR List Success
2020-11-07 16:42:50.1858 INFO Get User Success :18-Harinagar Distillery
2020-11-07 16:42:52.1270 INFO Get RR List Success
2020-11-07 16:42:55.3029 INFO Get RR List Success
2020-11-07 17:40:02.4708 INFO Get User Success :18-Harinagar Distillery
2020-11-07 17:40:02.9360 INFO Get RR List Success
2020-11-07 17:40:03.7388 INFO Get User Success :18-Harinagar Distillery
2020-11-07 17:40:03.7388 INFO Get RR List Success
2020-11-07 17:40:03.7457 INFO Get User Success :18-Harinagar Distillery
2020-11-07 17:40:05.9577 INFO Get RR List Success
2020-11-07 17:40:08.0050 INFO Get RR List Success
2020-11-07 17:40:10.8913 INFO Get RR List Success
2020-11-07 17:43:23.7817 INFO Get RR List Success
2020-11-07 17:43:25.5083 INFO Get User Success :18-Harinagar Distillery
2020-11-07 17:43:26.1786 INFO Get User Success :18-Harinagar Distillery
2020-11-07 17:43:26.1786 INFO Get RR List Success
2020-11-07 17:47:46.0848 INFO Get User Success :18-Harinagar Distillery
2020-11-07 17:48:43.0079 INFO Get User Success :18-Harinagar Distillery
2020-11-07 17:48:45.4019 INFO Get User Success :18-Harinagar Distillery
2020-11-07 17:48:45.4149 INFO Get RR List Success
2020-11-07 17:50:14.5507 INFO Get User Success :18-Harinagar Distillery
2020-11-07 17:50:17.9251 INFO Get User Success :18-Harinagar Distillery
2020-11-07 17:50:19.4936 INFO Get User Success :18-Harinagar Distillery
2020-11-07 17:50:19.4936 INFO Get RR List Success
2020-11-07 17:50:19.5110 INFO Get User Success :18-Harinagar Distillery
2020-11-07 17:50:21.8335 INFO Get RR List Success
