2020-12-15 10:19:36.8321 INFO Get User Success :112-Riga Sugar Company Ltd
2020-12-15 10:20:06.9956 INFO Get User Success :112-Riga Sugar Company Ltd
2020-12-15 10:20:06.9956 INFO Get MF2 List Success
2020-12-15 10:20:07.3271 INFO Get User Success :112-Riga Sugar Company Ltd
2020-12-15 10:20:07.3920 INFO Get User Success :112-Riga Sugar Company Ltd
2020-12-15 10:20:07.3950 INFO Get MF2 List Success
2020-12-15 10:20:07.3950 INFO Get User Success :112-Riga Sugar Company Ltd
2020-12-15 10:20:26.6241 INFO Get User Success :112-Riga Sugar Company Ltd
2020-12-15 10:20:26.7568 INFO Get Party Master List Success
2020-12-15 10:20:26.7568 INFO Get Party Master List Success
2020-12-15 10:20:26.7748 INFO Get Product Master List Success
2020-12-15 10:20:26.7748 INFO Get VAT Master List Success
2020-12-15 10:20:26.7982 INFO Get MF2  Details Success
2020-12-15 10:20:26.8383 INFO Get User Success :112-Riga Sugar Company Ltd
2020-12-15 10:45:09.7109 INFO Get User Success :112-Riga Sugar Company Ltd
2020-12-15 10:45:09.7596 INFO Get RR List Success
2020-12-15 10:45:09.7902 INFO Get User Success :112-Riga Sugar Company Ltd
2020-12-15 10:45:18.4600 INFO Get User Success :112-Riga Sugar Company Ltd
2020-12-15 10:45:18.4600 INFO Get Product Type Master List Success
2020-12-15 10:45:18.4874 INFO Get State List Success
2020-12-15 10:45:18.4918 INFO Get NOC Sucess:25
2020-12-15 10:45:18.4918 INFO Get NOC Sucess:5
2020-12-15 10:45:18.5136 INFO Get NOC Details Success
2020-12-15 10:45:18.5136 INFO Get Customer Details Success
2020-12-15 10:45:18.5304 INFO Check WorkFlow List Success
2020-12-15 10:45:18.5407 INFO Get User Success :112-Riga Sugar Company Ltd
2020-12-15 10:45:33.4427 INFO Get User Success :112-Riga Sugar Company Ltd
2020-12-15 10:45:33.4427 INFO Get RR List Success
2020-12-15 10:45:33.4576 INFO Get User Success :112-Riga Sugar Company Ltd
2020-12-15 10:45:37.2999 INFO Get User Success :112-Riga Sugar Company Ltd
2020-12-15 10:45:37.3019 INFO Get Product Type Master List Success
2020-12-15 10:45:37.3019 INFO Get State List Success
2020-12-15 10:45:37.3019 INFO Get NOC Sucess:25
2020-12-15 10:45:37.3019 INFO Get NOC Sucess:5
2020-12-15 10:45:37.3019 INFO Get User Success :112-Riga Sugar Company Ltd
2020-12-15 10:48:38.9592 INFO Get User Success :112-Riga Sugar Company Ltd
2020-12-15 10:48:38.9592 INFO Get MF2 List Success
2020-12-15 10:48:38.9592 INFO Get User Success :112-Riga Sugar Company Ltd
2020-12-15 10:57:59.2968 INFO Get GetSeverList Success
2020-12-15 10:58:23.7273 INFO Get GetSeverList Success
2020-12-15 10:59:27.1790 INFO Get User Success :112-Riga Sugar Company Ltd
2020-12-15 10:59:27.1790 INFO Get Party Master List Success
2020-12-15 10:59:27.1790 INFO Get Party Master List Success
2020-12-15 10:59:27.1790 INFO Get Product Master List Success
2020-12-15 10:59:27.1912 INFO Get VAT Master List Success
2020-12-15 10:59:27.1912 INFO Get MF2  Details Success
2020-12-15 10:59:27.1912 INFO Get User Success :112-Riga Sugar Company Ltd
2020-12-15 11:01:41.0378 INFO Get User Success :112-Riga Sugar Company Ltd
2020-12-15 11:01:41.0378 INFO Get MF2 List Success
2020-12-15 11:03:59.0335 INFO Get User Success :112-Riga Sugar Company Ltd
2020-12-15 11:04:06.8871 INFO Get User Success :112-Riga Sugar Company Ltd
2020-12-15 11:04:06.8871 INFO Get MF2 List Success
2020-12-15 11:08:34.7183 INFO Get MF2 List Success
2020-12-15 11:09:02.7531 INFO Get User Success :112-Riga Sugar Company Ltd
2020-12-15 11:09:12.2513 INFO Get GetSeverList Success
2020-12-15 11:09:29.0424 INFO Get User Success :112-Riga Sugar Company Ltd
2020-12-15 11:09:29.0424 INFO Get Party Master List Success
2020-12-15 11:09:29.0518 INFO Get Party Master List Success
2020-12-15 11:09:29.0518 INFO Get Product Master List Success
2020-12-15 11:09:29.0518 INFO Get VAT Master List Success
2020-12-15 11:09:29.0822 INFO Get MF2  Details Success
2020-12-15 11:09:29.1081 INFO Get User Success :112-Riga Sugar Company Ltd
2020-12-15 11:10:01.4007 INFO Get User Success :112-Riga Sugar Company Ltd
2020-12-15 11:10:01.4007 INFO Get MF2 List Success
2020-12-15 11:10:07.3500 INFO Get User Success :112-Riga Sugar Company Ltd
2020-12-15 11:10:09.5425 INFO Get GetSeverList Success
2020-12-15 11:14:54.5368 INFO Get GetSeverList Success
2020-12-15 11:27:23.7060 INFO Get GetSeverList Success
2020-12-15 11:27:27.7245 INFO Get User Success :112-Riga Sugar Company Ltd
2020-12-15 11:27:27.7245 INFO Get MF2 List Success
2020-12-15 11:27:27.7245 INFO Get User Success :112-Riga Sugar Company Ltd
2020-12-15 11:27:29.6226 INFO Get User Success :112-Riga Sugar Company Ltd
2020-12-15 11:27:29.6226 INFO Get Party Master List Success
2020-12-15 11:27:29.6304 INFO Get Party Master List Success
2020-12-15 11:27:29.6304 INFO Get Product Master List Success
2020-12-15 11:27:29.6304 INFO Get VAT Master List Success
2020-12-15 11:27:29.6304 INFO Get MF2  Details Success
2020-12-15 11:27:29.6466 INFO Get User Success :112-Riga Sugar Company Ltd
2020-12-15 11:37:09.9164 INFO Get User Success :112-Riga Sugar Company Ltd
2020-12-15 11:37:09.9164 INFO Get MF2 List Success
2020-12-15 11:37:09.9164 INFO Get User Success :112-Riga Sugar Company Ltd
2020-12-15 11:37:13.0656 INFO Get User Success :112-Riga Sugar Company Ltd
2020-12-15 11:37:13.0696 INFO Get Party Master List Success
2020-12-15 11:37:13.0696 INFO Get Party Master List Success
2020-12-15 11:37:13.0696 INFO Get Product Master List Success
2020-12-15 11:37:13.0696 INFO Get VAT Master List Success
2020-12-15 11:37:13.0877 INFO Get MF2  Details Success
2020-12-15 11:37:13.1029 INFO Get User Success :112-Riga Sugar Company Ltd
2020-12-15 11:42:54.7302 INFO Update MF2 Success :14-12-2020-RSM
2020-12-15 11:42:54.7554 INFO Get User Success :112-Riga Sugar Company Ltd
2020-12-15 11:42:54.7554 INFO Get MF2 List Success
2020-12-15 11:42:54.7554 INFO Get User Success :112-Riga Sugar Company Ltd
2020-12-15 11:42:58.1064 INFO Get User Success :112-Riga Sugar Company Ltd
2020-12-15 11:42:58.1064 INFO Get Party Master List Success
2020-12-15 11:42:58.1132 INFO Get Party Master List Success
2020-12-15 11:42:58.1132 INFO Get Product Master List Success
2020-12-15 11:42:58.1132 INFO Get VAT Master List Success
2020-12-15 11:43:25.6248 INFO Get MF2  Details Success
2020-12-15 11:43:52.7579 INFO Get User Success :112-Riga Sugar Company Ltd
2020-12-15 11:48:37.9565 INFO Get User Success :112-Riga Sugar Company Ltd
2020-12-15 11:48:37.9625 INFO Get MF2 List Success
2020-12-15 11:48:37.9625 INFO Get User Success :112-Riga Sugar Company Ltd
2020-12-15 11:48:38.3303 INFO Get User Success :112-Riga Sugar Company Ltd
2020-12-15 11:48:38.3333 INFO Get Party Master List Success
2020-12-15 11:48:38.3333 INFO Get Party Master List Success
2020-12-15 11:48:38.3333 INFO Get Product Master List Success
2020-12-15 11:48:38.3333 INFO Get VAT Master List Success
2020-12-15 11:48:38.3333 INFO Get User Success :112-Riga Sugar Company Ltd
2020-12-15 11:48:39.6176 INFO Get User Success :112-Riga Sugar Company Ltd
2020-12-15 11:48:39.6176 INFO Get MF2 List Success
2020-12-15 11:48:39.6176 INFO Get User Success :112-Riga Sugar Company Ltd
2020-12-15 11:48:41.1063 INFO Get User Success :112-Riga Sugar Company Ltd
2020-12-15 11:48:41.1063 INFO Get Party Master List Success
2020-12-15 11:48:41.1134 INFO Get Party Master List Success
2020-12-15 11:48:41.1134 INFO Get Product Master List Success
2020-12-15 11:48:41.1134 INFO Get VAT Master List Success
2020-12-15 11:48:41.1134 INFO Get MF2  Details Success
2020-12-15 11:48:41.1290 INFO Get User Success :112-Riga Sugar Company Ltd
2020-12-15 11:50:54.4271 INFO Get User Success :112-Riga Sugar Company Ltd
2020-12-15 11:50:54.4271 INFO Get MF2 List Success
2020-12-15 11:50:54.4271 INFO Get User Success :112-Riga Sugar Company Ltd
2020-12-15 11:50:55.3743 INFO Get User Success :112-Riga Sugar Company Ltd
2020-12-15 11:50:55.3743 INFO Get Party Master List Success
2020-12-15 11:50:55.3814 INFO Get Party Master List Success
2020-12-15 11:50:55.3814 INFO Get Product Master List Success
2020-12-15 11:50:55.3814 INFO Get VAT Master List Success
2020-12-15 11:50:55.3814 INFO Get MF2  Details Success
2020-12-15 11:50:55.3971 INFO Get User Success :112-Riga Sugar Company Ltd
2020-12-15 11:55:30.8502 INFO Get User Success :112-Riga Sugar Company Ltd
2020-12-15 11:55:30.8502 INFO Get MF2 List Success
2020-12-15 11:55:30.8502 INFO Get User Success :112-Riga Sugar Company Ltd
2020-12-15 11:55:31.9895 INFO Get User Success :112-Riga Sugar Company Ltd
2020-12-15 11:55:31.9895 INFO Get Party Master List Success
2020-12-15 11:55:31.9895 INFO Get Party Master List Success
2020-12-15 11:55:31.9895 INFO Get Product Master List Success
2020-12-15 11:55:31.9895 INFO Get VAT Master List Success
2020-12-15 11:55:32.0084 INFO Get MF2  Details Success
2020-12-15 11:55:32.0084 INFO Get User Success :112-Riga Sugar Company Ltd
2020-12-15 11:57:40.5969 INFO Get User Success :112-Riga Sugar Company Ltd
2020-12-15 11:57:40.5999 INFO Get MF2 List Success
2020-12-15 11:57:40.5999 INFO Get User Success :112-Riga Sugar Company Ltd
2020-12-15 11:57:41.7098 INFO Get User Success :112-Riga Sugar Company Ltd
2020-12-15 11:57:41.7098 INFO Get Party Master List Success
2020-12-15 11:57:41.7098 INFO Get Party Master List Success
2020-12-15 11:57:41.7098 INFO Get Product Master List Success
2020-12-15 11:57:41.7098 INFO Get VAT Master List Success
2020-12-15 11:57:41.7258 INFO Get MF2  Details Success
2020-12-15 11:57:41.7258 INFO Get User Success :112-Riga Sugar Company Ltd
2020-12-15 12:01:47.9645 INFO Get User Success :112-Riga Sugar Company Ltd
2020-12-15 12:01:47.9645 INFO Get MF2 List Success
2020-12-15 12:01:47.9645 INFO Get User Success :112-Riga Sugar Company Ltd
2020-12-15 12:01:49.1563 INFO Get User Success :112-Riga Sugar Company Ltd
2020-12-15 12:01:49.1563 INFO Get Party Master List Success
2020-12-15 12:01:49.1633 INFO Get Party Master List Success
2020-12-15 12:01:49.1633 INFO Get Product Master List Success
2020-12-15 12:01:49.1633 INFO Get VAT Master List Success
2020-12-15 12:01:49.1633 INFO Get MF2  Details Success
2020-12-15 12:01:49.1827 INFO Get User Success :112-Riga Sugar Company Ltd
2020-12-15 12:03:56.2027 INFO Get User Success :112-Riga Sugar Company Ltd
2020-12-15 12:03:56.2098 INFO Get MF2 List Success
2020-12-15 12:03:56.2098 INFO Get User Success :112-Riga Sugar Company Ltd
2020-12-15 12:03:57.1848 INFO Get User Success :112-Riga Sugar Company Ltd
2020-12-15 12:03:57.1848 INFO Get Party Master List Success
2020-12-15 12:03:57.1912 INFO Get Party Master List Success
2020-12-15 12:03:57.1912 INFO Get Product Master List Success
2020-12-15 12:03:57.1912 INFO Get VAT Master List Success
2020-12-15 12:03:57.1912 INFO Get MF2  Details Success
2020-12-15 12:03:57.1912 INFO Get User Success :112-Riga Sugar Company Ltd
2020-12-15 12:05:20.8218 INFO Get User Success :112-Riga Sugar Company Ltd
2020-12-15 12:05:20.8218 INFO Get MF2 List Success
2020-12-15 12:05:20.8218 INFO Get User Success :112-Riga Sugar Company Ltd
2020-12-15 12:05:21.8578 INFO Get User Success :112-Riga Sugar Company Ltd
2020-12-15 12:05:21.8658 INFO Get Party Master List Success
2020-12-15 12:05:21.8658 INFO Get Party Master List Success
2020-12-15 12:05:21.8658 INFO Get Product Master List Success
2020-12-15 12:05:21.8658 INFO Get VAT Master List Success
2020-12-15 12:05:21.8790 INFO Get MF2  Details Success
2020-12-15 12:05:21.8790 INFO Get User Success :112-Riga Sugar Company Ltd
2020-12-15 12:08:34.8165 INFO Get User Success :112-Riga Sugar Company Ltd
2020-12-15 12:08:34.8165 INFO Get MF2 List Success
2020-12-15 12:08:34.8165 INFO Get User Success :112-Riga Sugar Company Ltd
2020-12-15 12:08:35.9440 INFO Get User Success :112-Riga Sugar Company Ltd
2020-12-15 12:08:35.9440 INFO Get Party Master List Success
2020-12-15 12:08:35.9440 INFO Get Party Master List Success
2020-12-15 12:08:35.9440 INFO Get Product Master List Success
2020-12-15 12:08:35.9440 INFO Get VAT Master List Success
2020-12-15 12:08:35.9629 INFO Get MF2  Details Success
2020-12-15 12:08:35.9629 INFO Get User Success :112-Riga Sugar Company Ltd
2020-12-15 12:10:00.9703 INFO Get User Success :112-Riga Sugar Company Ltd
2020-12-15 12:10:00.9733 INFO Get MF2 List Success
2020-12-15 12:10:00.9733 INFO Get User Success :112-Riga Sugar Company Ltd
2020-12-15 12:10:02.4624 INFO Get User Success :112-Riga Sugar Company Ltd
2020-12-15 12:10:02.4624 INFO Get Party Master List Success
2020-12-15 12:10:02.4742 INFO Get Party Master List Success
2020-12-15 12:10:02.4742 INFO Get Product Master List Success
2020-12-15 12:10:02.4742 INFO Get VAT Master List Success
2020-12-15 12:10:02.4742 INFO Get MF2  Details Success
2020-12-15 12:10:02.4898 INFO Get User Success :112-Riga Sugar Company Ltd
2020-12-15 12:18:10.6720 INFO Get User Success :112-Riga Sugar Company Ltd
2020-12-15 12:18:24.7384 INFO Get User Success :112-Riga Sugar Company Ltd
2020-12-15 12:18:24.7384 INFO Get MF2 List Success
2020-12-15 12:18:24.7875 INFO Get User Success :112-Riga Sugar Company Ltd
2020-12-15 12:18:30.8402 INFO Get User Success :112-Riga Sugar Company Ltd
2020-12-15 12:18:30.8402 INFO Get Party Master List Success
2020-12-15 12:18:30.8492 INFO Get Party Master List Success
2020-12-15 12:18:30.8492 INFO Get Product Master List Success
2020-12-15 12:18:30.8492 INFO Get VAT Master List Success
2020-12-15 12:18:30.8782 INFO Get MF2  Details Success
2020-12-15 12:18:30.9043 INFO Get User Success :112-Riga Sugar Company Ltd
2020-12-15 12:24:23.5755 INFO Update MF2 Success :10-12-2020-RSM
2020-12-15 12:24:23.5989 INFO Get User Success :112-Riga Sugar Company Ltd
2020-12-15 12:24:23.5989 INFO Get MF2 List Success
2020-12-15 12:24:23.5989 INFO Get User Success :112-Riga Sugar Company Ltd
2020-12-15 12:24:27.1942 INFO Get User Success :112-Riga Sugar Company Ltd
2020-12-15 12:24:27.1942 INFO Get Party Master List Success
2020-12-15 12:24:27.1942 INFO Get Party Master List Success
2020-12-15 12:24:27.1942 INFO Get Product Master List Success
2020-12-15 12:24:27.2070 INFO Get VAT Master List Success
2020-12-15 12:24:27.2070 INFO Get MF2  Details Success
2020-12-15 12:24:27.2070 INFO Get User Success :112-Riga Sugar Company Ltd
2020-12-15 12:24:39.7412 INFO Get User Success :112-Riga Sugar Company Ltd
2020-12-15 12:24:39.7412 INFO Get Party Master List Success
2020-12-15 12:24:39.7412 INFO Get Party Master List Success
2020-12-15 12:24:39.7412 INFO Get Product Master List Success
2020-12-15 12:24:39.7412 INFO Get VAT Master List Success
2020-12-15 12:24:39.7596 INFO Get MF2  Details Success
2020-12-15 12:24:39.7596 INFO Get User Success :112-Riga Sugar Company Ltd
2020-12-15 12:24:42.9731 INFO Get User Success :112-Riga Sugar Company Ltd
2020-12-15 12:24:42.9731 INFO Get MF2 List Success
2020-12-15 12:24:42.9731 INFO Get User Success :112-Riga Sugar Company Ltd
2020-12-15 12:24:45.4589 INFO Get User Success :112-Riga Sugar Company Ltd
2020-12-15 12:24:45.4589 INFO Get Party Master List Success
2020-12-15 12:24:45.4589 INFO Get Party Master List Success
2020-12-15 12:24:45.4589 INFO Get Product Master List Success
2020-12-15 12:24:45.4589 INFO Get VAT Master List Success
2020-12-15 12:24:45.4756 INFO Get MF2  Details Success
2020-12-15 12:24:45.4756 INFO Get User Success :112-Riga Sugar Company Ltd
2020-12-15 12:24:58.0553 INFO Get User Success :112-Riga Sugar Company Ltd
2020-12-15 12:24:58.0553 INFO Get Party Master List Success
2020-12-15 12:24:58.0553 INFO Get Party Master List Success
2020-12-15 12:24:58.0553 INFO Get Product Master List Success
2020-12-15 12:24:58.0673 INFO Get VAT Master List Success
2020-12-15 12:24:58.0673 INFO Get MF2  Details Success
2020-12-15 12:25:24.8630 INFO Get User Success :112-Riga Sugar Company Ltd
2020-12-15 12:25:31.9891 INFO Get User Success :112-Riga Sugar Company Ltd
2020-12-15 12:25:31.9891 INFO Get MF2 List Success
2020-12-15 12:25:31.9891 INFO Get User Success :112-Riga Sugar Company Ltd
2020-12-15 12:25:34.1071 INFO Get User Success :112-Riga Sugar Company Ltd
2020-12-15 12:25:34.1071 INFO Get Party Master List Success
2020-12-15 12:25:34.1141 INFO Get Party Master List Success
2020-12-15 12:25:34.1141 INFO Get Product Master List Success
2020-12-15 12:25:34.1141 INFO Get VAT Master List Success
2020-12-15 12:25:34.1141 INFO Get MF2  Details Success
2020-12-15 12:25:34.1297 INFO Get User Success :112-Riga Sugar Company Ltd
2020-12-15 12:33:48.3454 INFO Get User Success :112-Riga Sugar Company Ltd
2020-12-15 12:33:48.3494 INFO Get MF2 List Success
2020-12-15 12:33:48.3494 INFO Get User Success :112-Riga Sugar Company Ltd
2020-12-15 12:34:39.4753 INFO Get User Success :112-Riga Sugar Company Ltd
2020-12-15 12:34:39.4753 INFO Get Party Master List Success
2020-12-15 12:34:39.4753 INFO Get Party Master List Success
2020-12-15 12:34:39.4903 INFO Get Product Master List Success
2020-12-15 12:34:39.4903 INFO Get VAT Master List Success
2020-12-15 12:34:39.4903 INFO Get MF2  Details Success
2020-12-15 12:34:39.5082 INFO Get User Success :112-Riga Sugar Company Ltd
2020-12-15 12:34:51.7374 INFO Get User Success :112-Riga Sugar Company Ltd
2020-12-15 12:34:51.7405 INFO Get Party Master List Success
2020-12-15 12:34:51.7405 INFO Get Party Master List Success
2020-12-15 12:34:51.7405 INFO Get Product Master List Success
2020-12-15 12:34:51.7405 INFO Get VAT Master List Success
2020-12-15 12:34:51.7555 INFO Get MF2  Details Success
2020-12-15 12:34:51.7727 INFO Get User Success :112-Riga Sugar Company Ltd
2020-12-15 12:35:50.0019 INFO Get User Success :97-Harinagar Sugar Mills Ltd
2020-12-15 12:35:55.4408 INFO Get User Success :97-Harinagar Sugar Mills Ltd
2020-12-15 12:35:55.4429 INFO Get MF2 List Success
2020-12-15 12:35:55.4429 INFO Get User Success :97-Harinagar Sugar Mills Ltd
2020-12-15 12:35:59.1629 INFO Get User Success :97-Harinagar Sugar Mills Ltd
2020-12-15 12:35:59.1629 INFO Get Party Master List Success
2020-12-15 12:35:59.1629 INFO Get Party Master List Success
2020-12-15 12:35:59.1629 INFO Get Product Master List Success
2020-12-15 12:35:59.1629 INFO Get VAT Master List Success
2020-12-15 12:35:59.1795 INFO Get MF2  Details Success
2020-12-15 12:35:59.1795 INFO Get User Success :97-Harinagar Sugar Mills Ltd
2020-12-15 12:36:18.6592 INFO Get User Success :97-Harinagar Sugar Mills Ltd
2020-12-15 12:36:18.6682 INFO Get MF2 List Success
2020-12-15 12:36:18.6682 INFO Get User Success :97-Harinagar Sugar Mills Ltd
2020-12-15 12:36:19.7631 INFO Get User Success :97-Harinagar Sugar Mills Ltd
2020-12-15 12:36:19.7631 INFO Get Party Master List Success
2020-12-15 12:36:19.7631 INFO Get Party Master List Success
2020-12-15 12:36:19.7711 INFO Get Product Master List Success
2020-12-15 12:36:19.7711 INFO Get VAT Master List Success
2020-12-15 12:36:19.7711 INFO Get MF2  Details Success
2020-12-15 12:36:19.7870 INFO Get User Success :97-Harinagar Sugar Mills Ltd
2020-12-15 12:37:28.8112 INFO Get User Success :97-Harinagar Sugar Mills Ltd
2020-12-15 12:37:28.8112 INFO Get MF2 List Success
2020-12-15 12:37:28.8182 INFO Get User Success :97-Harinagar Sugar Mills Ltd
2020-12-15 12:37:29.8117 INFO Get User Success :97-Harinagar Sugar Mills Ltd
2020-12-15 12:37:29.8117 INFO Get Party Master List Success
2020-12-15 12:37:29.8187 INFO Get Party Master List Success
2020-12-15 12:37:29.8187 INFO Get Product Master List Success
2020-12-15 12:37:29.8187 INFO Get VAT Master List Success
2020-12-15 12:37:29.8187 INFO Get MF2  Details Success
2020-12-15 12:37:29.8331 INFO Get User Success :97-Harinagar Sugar Mills Ltd
2020-12-15 12:37:52.9623 INFO Get User Success :97-Harinagar Sugar Mills Ltd
2020-12-15 12:37:52.9623 INFO Get MF2 List Success
2020-12-15 12:37:52.9623 INFO Get User Success :97-Harinagar Sugar Mills Ltd
2020-12-15 12:38:32.0636 INFO Get User Success :97-Harinagar Sugar Mills Ltd
2020-12-15 12:38:32.0676 INFO Get Party Master List Success
2020-12-15 12:38:32.0676 INFO Get Party Master List Success
2020-12-15 12:38:32.0676 INFO Get Product Master List Success
2020-12-15 12:38:32.0676 INFO Get VAT Master List Success
2020-12-15 12:38:32.0676 INFO Get MF2  Details Success
2020-12-15 12:38:32.0846 INFO Get User Success :97-Harinagar Sugar Mills Ltd
2020-12-15 12:39:40.6081 INFO Get User Success :97-Harinagar Sugar Mills Ltd
2020-12-15 12:39:40.6081 INFO Get MF2 List Success
2020-12-15 12:39:40.6131 INFO Get User Success :97-Harinagar Sugar Mills Ltd
2020-12-15 12:39:41.6069 INFO Get User Success :97-Harinagar Sugar Mills Ltd
2020-12-15 12:39:41.6069 INFO Get Party Master List Success
2020-12-15 12:39:41.6139 INFO Get Party Master List Success
2020-12-15 12:39:41.6139 INFO Get Product Master List Success
2020-12-15 12:39:41.6139 INFO Get VAT Master List Success
2020-12-15 12:39:41.6139 INFO Get MF2  Details Success
2020-12-15 12:39:41.6139 INFO Get User Success :97-Harinagar Sugar Mills Ltd
2020-12-15 12:41:44.9058 INFO Update MF2 Success :14-12-2020-HSM
2020-12-15 12:41:44.9270 INFO Get User Success :97-Harinagar Sugar Mills Ltd
2020-12-15 12:41:44.9270 INFO Get MF2 List Success
2020-12-15 12:41:44.9270 INFO Get User Success :97-Harinagar Sugar Mills Ltd
2020-12-15 12:41:46.6230 INFO Get User Success :97-Harinagar Sugar Mills Ltd
2020-12-15 12:41:46.6230 INFO Get Party Master List Success
2020-12-15 12:41:46.6310 INFO Get Party Master List Success
2020-12-15 12:41:46.6310 INFO Get Product Master List Success
2020-12-15 12:41:46.6310 INFO Get VAT Master List Success
2020-12-15 12:41:46.6310 INFO Get MF2  Details Success
2020-12-15 12:41:46.6454 INFO Get User Success :97-Harinagar Sugar Mills Ltd
2020-12-15 12:44:37.1909 INFO Update MF2 Success :14-12-2020-HSM
2020-12-15 12:44:37.7098 INFO Get User Success :97-Harinagar Sugar Mills Ltd
2020-12-15 12:44:37.7098 INFO Get MF2 List Success
2020-12-15 12:44:37.7098 INFO Get User Success :97-Harinagar Sugar Mills Ltd
2020-12-15 12:44:39.5604 INFO Get User Success :97-Harinagar Sugar Mills Ltd
2020-12-15 12:44:39.5604 INFO Get Party Master List Success
2020-12-15 12:44:39.5674 INFO Get Party Master List Success
2020-12-15 12:44:39.5674 INFO Get Product Master List Success
2020-12-15 12:44:39.5674 INFO Get VAT Master List Success
2020-12-15 12:44:39.5674 INFO Get MF2  Details Success
2020-12-15 12:44:39.5830 INFO Get User Success :97-Harinagar Sugar Mills Ltd
2020-12-15 12:45:23.9979 INFO Get User Success :97-Harinagar Sugar Mills Ltd
2020-12-15 12:45:23.9979 INFO Get MF2 List Success
2020-12-15 12:45:24.0045 INFO Get User Success :97-Harinagar Sugar Mills Ltd
2020-12-15 12:45:25.0420 INFO Get User Success :97-Harinagar Sugar Mills Ltd
2020-12-15 12:45:25.0420 INFO Get Party Master List Success
2020-12-15 12:45:25.0420 INFO Get Party Master List Success
2020-12-15 12:45:25.0510 INFO Get Product Master List Success
2020-12-15 12:45:25.0510 INFO Get VAT Master List Success
2020-12-15 12:45:25.0510 INFO Get MF2  Details Success
2020-12-15 12:45:25.0510 INFO Get User Success :97-Harinagar Sugar Mills Ltd
2020-12-15 12:48:59.7453 INFO Update MF2 Success :14-12-2020-HSM
2020-12-15 12:48:59.7678 INFO Get User Success :97-Harinagar Sugar Mills Ltd
2020-12-15 12:48:59.7707 INFO Get MF2 List Success
2020-12-15 12:48:59.7707 INFO Get User Success :97-Harinagar Sugar Mills Ltd
2020-12-15 12:49:02.5981 INFO Get User Success :97-Harinagar Sugar Mills Ltd
2020-12-15 12:49:02.5981 INFO Get Party Master List Success
2020-12-15 12:49:02.5981 INFO Get Party Master List Success
2020-12-15 12:49:02.5981 INFO Get Product Master List Success
2020-12-15 12:49:02.5981 INFO Get VAT Master List Success
2020-12-15 12:49:02.6164 INFO Get MF2  Details Success
2020-12-15 12:49:02.6164 INFO Get User Success :97-Harinagar Sugar Mills Ltd
2020-12-15 12:50:43.5442 INFO Update MF2 Success :14-12-2020-HSM
2020-12-15 12:50:43.5673 INFO Get User Success :97-Harinagar Sugar Mills Ltd
2020-12-15 12:50:43.5673 INFO Get MF2 List Success
2020-12-15 12:50:43.5673 INFO Get User Success :97-Harinagar Sugar Mills Ltd
2020-12-15 12:50:47.8620 INFO Get User Success :97-Harinagar Sugar Mills Ltd
2020-12-15 12:50:47.8659 INFO Get Party Master List Success
2020-12-15 12:50:47.8659 INFO Get Party Master List Success
2020-12-15 12:50:47.8659 INFO Get Product Master List Success
2020-12-15 12:50:47.8659 INFO Get VAT Master List Success
2020-12-15 12:50:47.8810 INFO Get MF2  Details Success
2020-12-15 12:50:47.8810 INFO Get User Success :97-Harinagar Sugar Mills Ltd
2020-12-15 12:52:06.4613 INFO Update MF2 Success :14-12-2020-HSM
2020-12-15 12:52:06.4849 INFO Get User Success :97-Harinagar Sugar Mills Ltd
2020-12-15 12:52:06.4889 INFO Get MF2 List Success
2020-12-15 12:52:06.4889 INFO Get User Success :97-Harinagar Sugar Mills Ltd
2020-12-15 12:52:08.7905 INFO Get User Success :97-Harinagar Sugar Mills Ltd
2020-12-15 12:52:08.7905 INFO Get Party Master List Success
2020-12-15 12:52:08.7905 INFO Get Party Master List Success
2020-12-15 12:52:08.7905 INFO Get Product Master List Success
2020-12-15 12:52:08.8018 INFO Get VAT Master List Success
2020-12-15 12:54:44.8392 INFO Get User Success :97-Harinagar Sugar Mills Ltd
2020-12-15 12:54:56.8078 INFO Get User Success :97-Harinagar Sugar Mills Ltd
2020-12-15 12:54:56.8078 INFO Get MF2 List Success
2020-12-15 12:54:56.8501 INFO Get User Success :97-Harinagar Sugar Mills Ltd
2020-12-15 12:54:58.7736 INFO Get User Success :97-Harinagar Sugar Mills Ltd
2020-12-15 12:54:58.7736 INFO Get Party Master List Success
2020-12-15 12:54:58.7736 INFO Get Party Master List Success
2020-12-15 12:54:58.7895 INFO Get Product Master List Success
2020-12-15 12:54:58.7895 INFO Get VAT Master List Success
2020-12-15 12:55:05.1961 INFO Get MF2 Details Fail :42702: column reference "record_deleted" is ambiguous
2020-12-15 12:55:05.2220 INFO Get User Success :97-Harinagar Sugar Mills Ltd
2020-12-15 12:55:22.4622 INFO Get User Success :97-Harinagar Sugar Mills Ltd
2020-12-15 12:55:22.4622 INFO Get Party Master List Success
2020-12-15 12:55:22.4622 INFO Get Party Master List Success
2020-12-15 12:55:22.4622 INFO Get Product Master List Success
2020-12-15 12:55:22.4738 INFO Get VAT Master List Success
2020-12-15 12:56:48.5922 INFO Get MF2  Details Success
2020-12-15 12:56:48.6094 INFO Get User Success :97-Harinagar Sugar Mills Ltd
2020-12-15 12:57:23.7913 INFO Get User Success :97-Harinagar Sugar Mills Ltd
2020-12-15 12:57:26.0322 INFO Get User Success :97-Harinagar Sugar Mills Ltd
2020-12-15 12:57:26.0351 INFO Get MF2 List Success
2020-12-15 12:57:26.0351 INFO Get User Success :97-Harinagar Sugar Mills Ltd
2020-12-15 12:57:27.1136 INFO Get User Success :97-Harinagar Sugar Mills Ltd
2020-12-15 12:57:27.1136 INFO Get MF3 List Success
2020-12-15 12:57:27.1136 INFO Get User Success :97-Harinagar Sugar Mills Ltd
2020-12-15 12:57:37.6195 INFO Get User Success :97-Harinagar Sugar Mills Ltd
2020-12-15 12:57:37.6195 INFO Get VAT Master List Success
2020-12-15 12:57:37.6195 INFO Get Product Master List Success
2020-12-15 12:57:37.6334 INFO Get MF3  Details Success
2020-12-15 12:57:37.6334 INFO Get User Success :97-Harinagar Sugar Mills Ltd
2020-12-15 13:00:28.1807 INFO Get User Success :97-Harinagar Sugar Mills Ltd
2020-12-15 13:00:28.1807 INFO Get VAT Master List Success
2020-12-15 13:00:28.1807 INFO Get Product Master List Success
2020-12-15 13:00:28.1807 INFO Get MF3  Details Success
2020-12-15 13:00:28.1920 INFO Get User Success :97-Harinagar Sugar Mills Ltd
2020-12-15 13:02:22.4273 INFO Get User Success :97-Harinagar Sugar Mills Ltd
2020-12-15 13:02:22.4273 INFO Get VAT Master List Success
2020-12-15 13:02:22.4273 INFO Get Product Master List Success
2020-12-15 13:02:22.4273 INFO Get MF3  Details Success
2020-12-15 13:02:22.4433 INFO Get User Success :97-Harinagar Sugar Mills Ltd
2020-12-15 14:14:56.8947 INFO Get User Success :97-Harinagar Sugar Mills Ltd
2020-12-15 14:15:08.8661 INFO Get User Success :97-Harinagar Sugar Mills Ltd
2020-12-15 14:15:08.9171 INFO Get User Success :97-Harinagar Sugar Mills Ltd
2020-12-15 14:15:24.4354 INFO Get User Success :97-Harinagar Sugar Mills Ltd
2020-12-15 14:15:24.4432 INFO Get Pass List Success
2020-12-15 14:15:24.4432 INFO Get User Success :97-Harinagar Sugar Mills Ltd
2020-12-15 14:15:27.3692 INFO Get User Success :97-Harinagar Sugar Mills Ltd
2020-12-15 14:15:27.3692 INFO Get Pass List Success
2020-12-15 14:15:27.3692 INFO Get User Success :97-Harinagar Sugar Mills Ltd
2020-12-15 14:15:28.8682 INFO Get User Success :97-Harinagar Sugar Mills Ltd
2020-12-15 14:15:28.8682 INFO Get Dispach Master List Success
2020-12-15 14:15:28.8931 INFO Get VAT Master List Success
2020-12-15 14:15:28.9031 INFO Get Pass List Success
2020-12-15 14:15:28.9190 INFO Get User Success :97-Harinagar Sugar Mills Ltd
2020-12-15 14:15:40.5620 INFO Get User Success :112-Riga Sugar Company Ltd
2020-12-15 14:15:43.5221 INFO Get User Success :112-Riga Sugar Company Ltd
2020-12-15 14:15:43.5221 INFO Get RR List Success
2020-12-15 14:15:43.5441 INFO Get User Success :112-Riga Sugar Company Ltd
2020-12-15 14:15:45.0383 INFO Get User Success :112-Riga Sugar Company Ltd
2020-12-15 14:15:45.0383 INFO Get RR List Success
2020-12-15 14:15:45.0383 INFO Get User Success :112-Riga Sugar Company Ltd
2020-12-15 14:15:46.2187 INFO Get User Success :112-Riga Sugar Company Ltd
2020-12-15 14:15:46.2251 INFO Get User Success :112-Riga Sugar Company Ltd
2020-12-15 14:15:50.1593 INFO Get User Success :112-Riga Sugar Company Ltd
2020-12-15 14:15:50.1633 INFO Get Pass List Success
2020-12-15 14:15:50.1633 INFO Get User Success :112-Riga Sugar Company Ltd
2020-12-15 14:15:52.3982 INFO Get User Success :112-Riga Sugar Company Ltd
2020-12-15 14:15:52.3982 INFO Get Dispach Master List Success
2020-12-15 14:15:52.3982 INFO Get VAT Master List Success
2020-12-15 14:15:52.3982 INFO Get Pass List Success
2020-12-15 14:15:52.4123 INFO Get User Success :112-Riga Sugar Company Ltd
2020-12-15 14:15:54.3848 INFO Get User Success :112-Riga Sugar Company Ltd
2020-12-15 14:15:54.3968 INFO Get Pass List Success
2020-12-15 14:15:54.3968 INFO Get User Success :112-Riga Sugar Company Ltd
2020-12-15 14:15:56.3040 INFO Get User Success :112-Riga Sugar Company Ltd
2020-12-15 14:15:56.3040 INFO Get Dispach Master List Success
2020-12-15 14:15:56.3040 INFO Get VAT Master List Success
2020-12-15 14:15:56.3040 INFO Get Pass List Success
2020-12-15 14:15:56.3040 INFO Get User Success :112-Riga Sugar Company Ltd
2020-12-15 14:15:59.7809 INFO Get User Success :112-Riga Sugar Company Ltd
2020-12-15 14:15:59.7849 INFO Get Pass List Success
2020-12-15 14:15:59.7849 INFO Get User Success :112-Riga Sugar Company Ltd
2020-12-15 14:16:17.8333 INFO Get User Success :112-Riga Sugar Company Ltd
2020-12-15 14:16:17.8333 INFO Get Dispach Master List Success
2020-12-15 14:16:17.8333 INFO Get VAT Master List Success
2020-12-15 14:16:17.8333 INFO Get Pass List Success
2020-12-15 14:16:17.8333 INFO Get User Success :112-Riga Sugar Company Ltd
2020-12-15 14:16:21.5479 INFO Pass Insertion Sucess:0-RDD
2020-12-15 14:16:21.5693 INFO Get User Success :112-Riga Sugar Company Ltd
2020-12-15 14:16:21.5693 INFO Get Pass List Success
2020-12-15 14:16:21.5693 INFO Get User Success :112-Riga Sugar Company Ltd
2020-12-15 14:16:23.2088 INFO Get User Success :112-Riga Sugar Company Ltd
2020-12-15 14:16:23.2088 INFO Get Dispach Master List Success
2020-12-15 14:16:23.2088 INFO Get VAT Master List Success
2020-12-15 14:16:23.2088 INFO Get Pass List Success
2020-12-15 14:16:23.2088 INFO Get User Success :112-Riga Sugar Company Ltd
2020-12-15 14:16:25.0573 INFO Pass Insertion Sucess:0-RDD
2020-12-15 14:16:25.0772 INFO Get User Success :112-Riga Sugar Company Ltd
2020-12-15 14:16:25.0852 INFO Get Pass List Success
2020-12-15 14:16:25.0852 INFO Get User Success :112-Riga Sugar Company Ltd
2020-12-15 14:16:27.4888 INFO Get User Success :112-Riga Sugar Company Ltd
2020-12-15 14:16:27.4888 INFO Get Pass List Success
2020-12-15 14:16:30.6133 INFO Get User Success :112-Riga Sugar Company Ltd
2020-12-15 14:16:30.6133 INFO Get Pass List Success
2020-12-15 14:16:38.7771 INFO Get User Success :112-Riga Sugar Company Ltd
2020-12-15 14:16:38.7771 INFO Get Pass List Success
2020-12-15 14:16:46.9953 INFO Get User Success :112-Riga Sugar Company Ltd
2020-12-15 14:16:47.0042 INFO Get Pass List Success
2020-12-15 14:17:05.1022 INFO Get User Success :112-Riga Sugar Company Ltd
2020-12-15 14:17:05.1022 INFO Get Pass List Success
2020-12-15 14:17:08.7257 INFO Get User Success :112-Riga Sugar Company Ltd
2020-12-15 14:17:08.7257 INFO Get Pass List Success
2020-12-15 14:17:16.5872 INFO Get User Success :112-Riga Sugar Company Ltd
2020-12-15 14:17:16.5872 INFO Get Dispach Master List Success
2020-12-15 14:17:16.5872 INFO Get VAT Master List Success
2020-12-15 14:17:16.5985 INFO Get Pass List Success
2020-12-15 14:17:16.5985 INFO Get User Success :112-Riga Sugar Company Ltd
2020-12-15 14:17:54.2548 INFO Get User Success :112-Riga Sugar Company Ltd
2020-12-15 14:17:54.2548 INFO Get Pass List Success
2020-12-15 14:17:54.2548 INFO Get User Success :112-Riga Sugar Company Ltd
2020-12-15 14:18:04.8723 INFO Get User Success :116-Hpcl Biofuels Ltd, Ec
2020-12-15 14:18:07.4856 INFO Get User Success :116-Hpcl Biofuels Ltd, Ec
2020-12-15 14:18:07.4896 INFO Get RR List Success
2020-12-15 14:18:07.4896 INFO Get User Success :116-Hpcl Biofuels Ltd, Ec
2020-12-15 14:18:12.1602 INFO Get User Success :116-Hpcl Biofuels Ltd, Ec
2020-12-15 14:18:12.1602 INFO Get User Success :116-Hpcl Biofuels Ltd, Ec
2020-12-15 14:18:21.1879 INFO Get User Success :116-Hpcl Biofuels Ltd, Ec
2020-12-15 14:18:21.1879 INFO Get Dispach Master List Success
2020-12-15 14:18:21.1939 INFO Get VAT Master List Success
2020-12-15 14:18:21.1939 INFO Get User Success :116-Hpcl Biofuels Ltd, Ec
2020-12-15 14:19:22.4041 INFO Get User Success :97-Harinagar Sugar Mills Ltd
2020-12-15 14:19:25.4856 INFO Get User Success :97-Harinagar Sugar Mills Ltd
2020-12-15 14:19:25.4916 INFO Get User Success :97-Harinagar Sugar Mills Ltd
2020-12-15 14:19:28.8482 INFO Get User Success :97-Harinagar Sugar Mills Ltd
2020-12-15 14:19:28.8482 INFO Get Pass List Success
2020-12-15 14:19:28.8482 INFO Get User Success :97-Harinagar Sugar Mills Ltd
2020-12-15 14:19:30.5894 INFO Get User Success :97-Harinagar Sugar Mills Ltd
2020-12-15 14:19:30.5894 INFO Get User Success :97-Harinagar Sugar Mills Ltd
2020-12-15 14:19:33.0153 INFO Get User Success :97-Harinagar Sugar Mills Ltd
2020-12-15 14:19:33.0222 INFO Get RR List Success
2020-12-15 14:19:33.0222 INFO Get RR List Success
2020-12-15 14:19:33.0352 INFO Get Balance Request Pass Success
2020-12-15 14:19:33.0352 INFO Get User Success :97-Harinagar Sugar Mills Ltd
2020-12-15 14:19:34.8507 INFO Get User Success :97-Harinagar Sugar Mills Ltd
2020-12-15 14:19:34.8507 INFO Get User Success :97-Harinagar Sugar Mills Ltd
2020-12-15 14:19:41.5199 INFO Get User Success :97-Harinagar Sugar Mills Ltd
2020-12-15 14:19:41.5199 INFO Get RR List Success
2020-12-15 14:19:41.5199 INFO Get User Success :97-Harinagar Sugar Mills Ltd
2020-12-15 14:19:43.9238 INFO Get RR List Success
2020-12-15 14:19:43.9260 INFO Get Balance Request Pass Success
2020-12-15 14:20:34.5975 INFO Get RR List Success
2020-12-15 14:20:34.5975 INFO Get Balance Request Pass Success
2020-12-15 14:20:43.3667 INFO Get RR List Success
2020-12-15 14:20:43.3667 INFO Get Balance Request Pass Success
2020-12-15 14:20:55.3649 INFO Get RR List Success
2020-12-15 14:20:55.3649 INFO Get Balance Request Pass Success
2020-12-15 14:21:56.8990 INFO Get User Success :97-Harinagar Sugar Mills Ltd
2020-12-15 14:21:56.8990 INFO Get Pass List Success
2020-12-15 14:21:56.8990 INFO Get User Success :97-Harinagar Sugar Mills Ltd
2020-12-15 14:21:58.4318 INFO Get User Success :97-Harinagar Sugar Mills Ltd
2020-12-15 14:21:58.4318 INFO Get User Success :97-Harinagar Sugar Mills Ltd
2020-12-15 14:22:00.1622 INFO Get User Success :97-Harinagar Sugar Mills Ltd
2020-12-15 14:22:00.1622 INFO Get RR List Success
2020-12-15 14:22:00.1622 INFO Get RR List Success
2020-12-15 14:22:00.1622 INFO Get Balance Request Pass Success
2020-12-15 14:22:00.1776 INFO Get User Success :97-Harinagar Sugar Mills Ltd
2020-12-15 14:22:04.5104 INFO Get User Success :97-Harinagar Sugar Mills Ltd
2020-12-15 14:22:04.5104 INFO Get User Success :97-Harinagar Sugar Mills Ltd
2020-12-15 14:22:10.1397 INFO Get User Success :97-Harinagar Sugar Mills Ltd
2020-12-15 14:22:10.1397 INFO Get RR List Success
2020-12-15 14:22:10.1483 INFO Get RR List Success
2020-12-15 14:22:10.1483 INFO Get Balance Request Pass Success
2020-12-15 14:22:10.1483 INFO Get User Success :97-Harinagar Sugar Mills Ltd
2020-12-15 14:22:28.8969 INFO Get User Success :97-Harinagar Sugar Mills Ltd
2020-12-15 14:22:31.8270 INFO Get RR List Success
2020-12-15 14:23:04.3463 INFO Get RR List Success
2020-12-15 14:23:04.3483 INFO Get Balance Request Pass Success
2020-12-15 14:23:36.1212 INFO Get User Success :97-Harinagar Sugar Mills Ltd
2020-12-15 14:23:38.5898 INFO Get User Success :97-Harinagar Sugar Mills Ltd
2020-12-15 14:23:38.5898 INFO Get User Success :97-Harinagar Sugar Mills Ltd
2020-12-15 14:23:53.2076 INFO Get User Success :97-Harinagar Sugar Mills Ltd
2020-12-15 14:24:13.7743 INFO Get User Success :97-Harinagar Sugar Mills Ltd
2020-12-15 14:24:57.4528 INFO Get User Success :97-Harinagar Sugar Mills Ltd
2020-12-15 14:26:09.6345 INFO Get User Success :97-Harinagar Sugar Mills Ltd
2020-12-15 14:26:13.0521 INFO Get User Success :97-Harinagar Sugar Mills Ltd
2020-12-15 14:26:15.5562 INFO Get RR List Success
2020-12-15 14:26:15.5562 INFO Get RR List Success
2020-12-15 14:26:15.5562 INFO Get Balance Request Pass Success
2020-12-15 14:26:15.5692 INFO Get User Success :97-Harinagar Sugar Mills Ltd
2020-12-15 14:26:56.8492 INFO Get User Success :97-Harinagar Sugar Mills Ltd
2020-12-15 14:27:15.8859 INFO Get RR List Success
2020-12-15 14:27:15.8859 INFO Get RR List Success
2020-12-15 14:27:15.8859 INFO Get Balance Request Pass Success
2020-12-15 14:27:15.8979 INFO Get User Success :97-Harinagar Sugar Mills Ltd
2020-12-15 14:27:18.8590 INFO Get User Success :97-Harinagar Sugar Mills Ltd
2020-12-15 14:27:18.8659 INFO Get User Success :97-Harinagar Sugar Mills Ltd
2020-12-15 14:31:50.0641 INFO Get User Success :102-Harinagar Sugar Mills Ltd, Bond Officer
2020-12-15 14:31:53.4076 INFO Get User Success :102-Harinagar Sugar Mills Ltd, Bond Officer
2020-12-15 14:31:53.4132 INFO Get User Success :102-Harinagar Sugar Mills Ltd, Bond Officer
2020-12-15 14:31:56.3797 INFO Get User Success :102-Harinagar Sugar Mills Ltd, Bond Officer
2020-12-15 14:31:58.9312 INFO Get RR List Success
2020-12-15 14:31:58.9312 INFO Get RR List Success
2020-12-15 14:31:58.9312 INFO Get Balance Request Pass Success
2020-12-15 14:31:58.9422 INFO Get User Success :102-Harinagar Sugar Mills Ltd, Bond Officer
2020-12-15 14:32:03.0638 INFO Get User Success :102-Harinagar Sugar Mills Ltd, Bond Officer
2020-12-15 14:32:03.0688 INFO Get User Success :102-Harinagar Sugar Mills Ltd, Bond Officer
2020-12-15 14:32:03.8171 INFO Get User Success :102-Harinagar Sugar Mills Ltd, Bond Officer
2020-12-15 14:32:03.8171 INFO Get Pass List Success
2020-12-15 14:32:03.8171 INFO Get User Success :102-Harinagar Sugar Mills Ltd, Bond Officer
2020-12-15 14:32:05.2076 INFO Get User Success :102-Harinagar Sugar Mills Ltd, Bond Officer
2020-12-15 14:32:05.2076 INFO Get Dispach Master List Success
2020-12-15 14:32:05.2236 INFO Get VAT Master List Success
2020-12-15 14:32:05.2236 INFO Get Pass List Success
2020-12-15 14:32:05.2236 INFO Get User Success :102-Harinagar Sugar Mills Ltd, Bond Officer
2020-12-15 14:33:39.6483 INFO Get User Success :97-Harinagar Sugar Mills Ltd
2020-12-15 14:33:44.4234 INFO Get User Success :97-Harinagar Sugar Mills Ltd
2020-12-15 14:33:47.0945 INFO Get User Success :97-Harinagar Sugar Mills Ltd
2020-12-15 14:33:55.1393 INFO Get User Success :97-Harinagar Sugar Mills Ltd
2020-12-15 14:33:55.1393 INFO Get RR List Success
2020-12-15 14:33:55.1475 INFO Get User Success :97-Harinagar Sugar Mills Ltd
2020-12-15 14:33:59.3071 INFO Get NOC Details Success
2020-12-15 14:34:02.0796 INFO Get NOC Details Success
2020-12-15 14:34:02.0796 INFO Get Balance Request Pass Success
2020-12-15 14:34:18.2821 INFO Insert Request Pass Success
2020-12-15 14:34:18.3055 INFO Get User Success :97-Harinagar Sugar Mills Ltd
2020-12-15 14:34:18.3055 INFO Get User Success :97-Harinagar Sugar Mills Ltd
2020-12-15 14:38:43.4460 INFO Get User Success :97-Harinagar Sugar Mills Ltd
2020-12-15 14:38:43.4460 INFO Get RR List Success
2020-12-15 14:38:43.4460 INFO Get User Success :97-Harinagar Sugar Mills Ltd
2020-12-15 14:38:59.4645 INFO Get User Success :97-Harinagar Sugar Mills Ltd
2020-12-15 14:38:59.4645 INFO Get RR List Success
2020-12-15 14:38:59.4645 INFO Get User Success :97-Harinagar Sugar Mills Ltd
2020-12-15 14:39:05.2846 INFO Get NOC Details Success
2020-12-15 14:39:07.4079 INFO Get User Success :97-Harinagar Sugar Mills Ltd
2020-12-15 14:39:07.4129 INFO Get User Success :97-Harinagar Sugar Mills Ltd
2020-12-15 14:39:08.9586 INFO Get User Success :97-Harinagar Sugar Mills Ltd
2020-12-15 14:39:08.9586 INFO Get RR List Success
2020-12-15 14:39:08.9726 INFO Get User Success :97-Harinagar Sugar Mills Ltd
2020-12-15 14:39:11.3343 INFO Get User Success :97-Harinagar Sugar Mills Ltd
2020-12-15 14:39:11.3343 INFO Get User Success :97-Harinagar Sugar Mills Ltd
2020-12-15 14:39:14.7873 INFO Get User Success :97-Harinagar Sugar Mills Ltd
2020-12-15 14:39:14.7873 INFO Get RR List Success
2020-12-15 14:39:14.7873 INFO Get User Success :97-Harinagar Sugar Mills Ltd
2020-12-15 14:39:27.5260 INFO Get NOC Details Success
2020-12-15 14:48:06.1596 INFO Get User Success :116-Hpcl Biofuels Ltd, Ec
2020-12-15 14:48:22.2896 INFO Get User Success :116-Hpcl Biofuels Ltd, Ec
2020-12-15 14:48:22.2896 INFO Get MF2 List Success
2020-12-15 14:48:22.3337 INFO Get User Success :116-Hpcl Biofuels Ltd, Ec
2020-12-15 14:48:26.8497 INFO Get User Success :116-Hpcl Biofuels Ltd, Ec
2020-12-15 14:48:26.8497 INFO Get Party Master List Success
2020-12-15 14:48:26.8497 INFO Get Party Master List Success
2020-12-15 14:48:26.8651 INFO Get Product Master List Success
2020-12-15 14:48:26.8651 INFO Get VAT Master List Success
2020-12-15 14:48:26.8887 INFO Get MF2  Details Success
2020-12-15 14:48:26.9227 INFO Get User Success :116-Hpcl Biofuels Ltd, Ec
2020-12-15 14:48:49.3424 INFO Update MF2 Success :04-12-2020-HSS
2020-12-15 14:48:49.3643 INFO Get User Success :116-Hpcl Biofuels Ltd, Ec
2020-12-15 14:48:49.3643 INFO Get MF2 List Success
2020-12-15 14:48:49.3643 INFO Get User Success :116-Hpcl Biofuels Ltd, Ec
2020-12-15 14:48:52.8852 INFO Get User Success :116-Hpcl Biofuels Ltd, Ec
2020-12-15 14:48:52.8852 INFO Get Party Master List Success
2020-12-15 14:48:52.8852 INFO Get Party Master List Success
2020-12-15 14:48:52.8942 INFO Get Product Master List Success
2020-12-15 14:48:52.8942 INFO Get VAT Master List Success
2020-12-15 14:48:52.8942 INFO Get MF2  Details Success
2020-12-15 14:48:52.8942 INFO Get User Success :116-Hpcl Biofuels Ltd, Ec
2020-12-15 14:50:39.8954 INFO Update MF2 Fail :04-12-2020-HSS-22003: numeric field overflow
2020-12-15 14:51:09.1575 INFO Update MF2 Fail :04-12-2020-HSS-22003: numeric field overflow
2020-12-15 14:51:36.0745 INFO Update MF2 Success :04-12-2020-HSS
2020-12-15 14:51:36.0976 INFO Get User Success :116-Hpcl Biofuels Ltd, Ec
2020-12-15 14:51:36.0976 INFO Get MF2 List Success
2020-12-15 14:51:36.0976 INFO Get User Success :116-Hpcl Biofuels Ltd, Ec
2020-12-15 14:51:39.0245 INFO Get User Success :116-Hpcl Biofuels Ltd, Ec
2020-12-15 14:51:39.0245 INFO Get Party Master List Success
2020-12-15 14:51:39.0245 INFO Get Party Master List Success
2020-12-15 14:51:39.0245 INFO Get Product Master List Success
2020-12-15 14:51:39.0373 INFO Get VAT Master List Success
2020-12-15 14:51:39.0373 INFO Get MF2  Details Success
2020-12-15 14:51:39.0373 INFO Get User Success :116-Hpcl Biofuels Ltd, Ec
2020-12-15 14:53:12.8016 INFO Update MF2 Fail :04-12-2020-HSS-22003: numeric field overflow
2020-12-15 15:15:22.1250 INFO Get User Success :116-Hpcl Biofuels Ltd, Ec
2020-12-15 15:15:22.1289 INFO Get MF2 List Success
2020-12-15 15:15:22.1289 INFO Get User Success :116-Hpcl Biofuels Ltd, Ec
2020-12-15 15:15:31.4472 INFO Get User Success :116-Hpcl Biofuels Ltd, Ec
2020-12-15 15:15:31.4642 INFO Get User Success :116-Hpcl Biofuels Ltd, Ec
2020-12-15 15:15:31.9396 INFO Get User Success :116-Hpcl Biofuels Ltd, Ec
2020-12-15 15:15:31.9485 INFO Get User Success :116-Hpcl Biofuels Ltd, Ec
2020-12-15 15:15:38.2751 INFO Get User Success :116-Hpcl Biofuels Ltd, Ec
2020-12-15 15:15:38.2751 INFO Get Pass List Success
2020-12-15 15:15:38.2957 INFO Get User Success :116-Hpcl Biofuels Ltd, Ec
2020-12-15 15:16:16.2362 INFO Get User Success :116-Hpcl Biofuels Ltd, Ec
2020-12-15 15:16:16.2393 INFO Get Dispach Master List Success
2020-12-15 15:16:16.2558 INFO Get VAT Master List Success
2020-12-15 15:16:16.2558 INFO Get Pass List Success
2020-12-15 15:16:16.2558 INFO Get User Success :116-Hpcl Biofuels Ltd, Ec
2020-12-15 15:16:44.6053 INFO Get User Success :116-Hpcl Biofuels Ltd, Ec
2020-12-15 15:16:44.6053 INFO Get Dispach Master List Success
2020-12-15 15:16:44.6053 INFO Get VAT Master List Success
2020-12-15 15:16:44.6142 INFO Get Pass List Success
2020-12-15 15:16:44.6142 INFO Get User Success :116-Hpcl Biofuels Ltd, Ec
2020-12-15 15:16:51.0180 INFO Get User Success :116-Hpcl Biofuels Ltd, Ec
2020-12-15 15:16:51.0230 INFO Get Pass List Success
2020-12-15 15:16:51.0230 INFO Get User Success :116-Hpcl Biofuels Ltd, Ec
2020-12-15 15:16:53.7599 INFO Get User Success :116-Hpcl Biofuels Ltd, Ec
2020-12-15 15:16:53.7599 INFO Get Dispach Master List Success
2020-12-15 15:16:53.7599 INFO Get VAT Master List Success
2020-12-15 15:16:53.7723 INFO Get Pass List Success
2020-12-15 15:16:53.7723 INFO Get User Success :116-Hpcl Biofuels Ltd, Ec
2020-12-15 15:16:57.3543 INFO Get User Success :116-Hpcl Biofuels Ltd, Ec
2020-12-15 15:16:57.3543 INFO Get User Success :116-Hpcl Biofuels Ltd, Ec
2020-12-15 15:16:59.0330 INFO Get User Success :116-Hpcl Biofuels Ltd, Ec
2020-12-15 15:16:59.0391 INFO Get RR List Success
2020-12-15 15:16:59.0391 INFO Get RR List Success
2020-12-15 15:16:59.0514 INFO Get Balance Request Pass Success
2020-12-15 15:16:59.0514 INFO Get User Success :116-Hpcl Biofuels Ltd, Ec
2020-12-15 15:17:02.9530 INFO Get User Success :116-Hpcl Biofuels Ltd, Ec
2020-12-15 15:17:02.9590 INFO Get User Success :116-Hpcl Biofuels Ltd, Ec
2020-12-15 15:17:04.4062 INFO Get User Success :116-Hpcl Biofuels Ltd, Ec
2020-12-15 15:17:04.4132 INFO Get Pass List Success
2020-12-15 15:17:04.4132 INFO Get User Success :116-Hpcl Biofuels Ltd, Ec
2020-12-15 15:17:06.6070 INFO Get User Success :116-Hpcl Biofuels Ltd, Ec
2020-12-15 15:17:06.6070 INFO Get Dispach Master List Success
2020-12-15 15:17:06.6070 INFO Get VAT Master List Success
2020-12-15 15:17:06.6139 INFO Get Pass List Success
2020-12-15 15:17:06.6139 INFO Get User Success :116-Hpcl Biofuels Ltd, Ec
2020-12-15 15:17:10.3548 INFO Get User Success :116-Hpcl Biofuels Ltd, Ec
2020-12-15 15:17:10.3548 INFO Get Pass List Success
2020-12-15 15:17:10.3652 INFO Get User Success :116-Hpcl Biofuels Ltd, Ec
2020-12-15 15:17:30.9027 INFO Get User Success :116-Hpcl Biofuels Ltd, Ec
2020-12-15 15:17:30.9027 INFO Get User Success :116-Hpcl Biofuels Ltd, Ec
2020-12-15 15:17:37.9251 INFO Get User Success :116-Hpcl Biofuels Ltd, Ec
2020-12-15 15:17:37.9300 INFO Get Pass List Success
2020-12-15 15:17:37.9300 INFO Get User Success :116-Hpcl Biofuels Ltd, Ec
2020-12-15 15:48:08.8817 INFO Get User Success :112-Riga Sugar Company Ltd
2020-12-15 15:48:23.8568 INFO Get User Success :112-Riga Sugar Company Ltd
2020-12-15 15:48:23.8657 INFO Get MF2 List Success
2020-12-15 15:48:23.9011 INFO Get User Success :112-Riga Sugar Company Ltd
2020-12-15 15:48:32.6006 INFO Get User Success :112-Riga Sugar Company Ltd
2020-12-15 15:48:32.6006 INFO Get Party Master List Success
2020-12-15 15:48:32.6006 INFO Get Party Master List Success
2020-12-15 15:48:32.6171 INFO Get Product Master List Success
2020-12-15 15:48:32.6171 INFO Get VAT Master List Success
2020-12-15 15:48:32.6420 INFO Get MF2  Details Success
2020-12-15 15:48:32.6781 INFO Get User Success :112-Riga Sugar Company Ltd
2020-12-15 15:49:01.3686 INFO Get User Success :112-Riga Sugar Company Ltd
2020-12-15 15:49:01.3686 INFO Get Party Master List Success
2020-12-15 15:49:01.3686 INFO Get Party Master List Success
2020-12-15 15:49:01.3686 INFO Get Product Master List Success
2020-12-15 15:49:01.3799 INFO Get VAT Master List Success
2020-12-15 15:49:01.3799 INFO Get MF2  Details Success
2020-12-15 15:49:01.3799 INFO Get User Success :112-Riga Sugar Company Ltd
2020-12-15 15:49:03.3353 INFO Get User Success :112-Riga Sugar Company Ltd
2020-12-15 15:49:03.3353 INFO Get Party Master List Success
2020-12-15 15:49:03.3353 INFO Get Party Master List Success
2020-12-15 15:49:03.3353 INFO Get Product Master List Success
2020-12-15 15:49:03.3353 INFO Get VAT Master List Success
2020-12-15 15:49:03.3529 INFO Get MF2  Details Success
2020-12-15 15:49:03.3529 INFO Get User Success :112-Riga Sugar Company Ltd
2020-12-15 15:51:57.0608 INFO Get User Success :112-Riga Sugar Company Ltd
2020-12-15 15:51:57.0608 INFO Get Party Master List Success
2020-12-15 15:51:57.0678 INFO Get Party Master List Success
2020-12-15 15:51:57.0678 INFO Get Product Master List Success
2020-12-15 15:51:57.0678 INFO Get VAT Master List Success
2020-12-15 15:51:57.0678 INFO Get MF2  Details Success
2020-12-15 15:51:57.0827 INFO Get User Success :112-Riga Sugar Company Ltd
2020-12-15 15:52:35.0837 INFO Get User Success :112-Riga Sugar Company Ltd
2020-12-15 15:52:35.0837 INFO Get Party Master List Success
2020-12-15 15:52:35.0837 INFO Get Party Master List Success
2020-12-15 15:52:35.0837 INFO Get Product Master List Success
2020-12-15 15:52:35.0837 INFO Get VAT Master List Success
2020-12-15 15:52:35.1007 INFO Get MF2  Details Success
2020-12-15 15:52:35.1162 INFO Get User Success :112-Riga Sugar Company Ltd
2020-12-15 15:52:54.4761 INFO Get User Success :112-Riga Sugar Company Ltd
2020-12-15 15:52:54.4761 INFO Get Party Master List Success
2020-12-15 15:52:54.4761 INFO Get Party Master List Success
2020-12-15 15:52:54.4761 INFO Get Product Master List Success
2020-12-15 15:52:54.4885 INFO Get VAT Master List Success
2020-12-15 15:52:54.4885 INFO Get MF2  Details Success
2020-12-15 15:52:54.5110 INFO Get User Success :112-Riga Sugar Company Ltd
2020-12-15 15:53:02.4546 INFO Get User Success :112-Riga Sugar Company Ltd
2020-12-15 15:53:02.4586 INFO Get Party Master List Success
2020-12-15 15:53:02.4586 INFO Get Party Master List Success
2020-12-15 15:53:02.4586 INFO Get Product Master List Success
2020-12-15 15:53:02.4586 INFO Get VAT Master List Success
2020-12-15 15:53:02.4725 INFO Get MF2  Details Success
2020-12-15 15:53:02.4725 INFO Get User Success :112-Riga Sugar Company Ltd
2020-12-15 15:54:38.2237 INFO Get User Success :112-Riga Sugar Company Ltd
2020-12-15 15:54:38.2237 INFO Get Party Master List Success
2020-12-15 15:54:38.2237 INFO Get Party Master List Success
2020-12-15 15:54:38.2237 INFO Get Product Master List Success
2020-12-15 15:54:38.2237 INFO Get VAT Master List Success
2020-12-15 15:54:38.2405 INFO Get MF2  Details Success
2020-12-15 15:54:38.2560 INFO Get User Success :112-Riga Sugar Company Ltd
2020-12-15 15:57:11.9550 INFO Get User Success :112-Riga Sugar Company Ltd
2020-12-15 15:57:11.9580 INFO Get Party Master List Success
2020-12-15 15:57:11.9580 INFO Get Party Master List Success
2020-12-15 15:57:11.9580 INFO Get Product Master List Success
2020-12-15 15:57:11.9580 INFO Get VAT Master List Success
2020-12-15 15:57:11.9800 INFO Get MF2  Details Success
2020-12-15 15:57:11.9970 INFO Get User Success :112-Riga Sugar Company Ltd
2020-12-15 15:57:26.0718 INFO Get User Success :112-Riga Sugar Company Ltd
2020-12-15 15:57:26.0718 INFO Get Party Master List Success
2020-12-15 15:57:26.0718 INFO Get Party Master List Success
2020-12-15 15:57:26.0718 INFO Get Product Master List Success
2020-12-15 15:57:26.0838 INFO Get VAT Master List Success
2020-12-15 15:57:26.0838 INFO Get MF2  Details Success
2020-12-15 15:57:26.1074 INFO Get User Success :112-Riga Sugar Company Ltd
2020-12-15 15:57:28.9453 INFO Get User Success :112-Riga Sugar Company Ltd
2020-12-15 15:57:28.9453 INFO Get Party Master List Success
2020-12-15 15:57:28.9453 INFO Get Party Master List Success
2020-12-15 15:57:28.9453 INFO Get Product Master List Success
2020-12-15 15:57:28.9568 INFO Get VAT Master List Success
2020-12-15 15:57:28.9568 INFO Get MF2  Details Success
2020-12-15 15:57:28.9568 INFO Get User Success :112-Riga Sugar Company Ltd
2020-12-15 15:58:17.7637 INFO Get User Success :112-Riga Sugar Company Ltd
2020-12-15 15:58:17.7637 INFO Get Party Master List Success
2020-12-15 15:58:17.7701 INFO Get Party Master List Success
2020-12-15 15:58:17.7701 INFO Get Product Master List Success
2020-12-15 15:58:17.7701 INFO Get VAT Master List Success
2020-12-15 15:58:17.7701 INFO Get MF2  Details Success
2020-12-15 15:58:17.7968 INFO Get User Success :112-Riga Sugar Company Ltd
2020-12-15 15:58:33.4716 INFO Get User Success :112-Riga Sugar Company Ltd
2020-12-15 15:58:33.4750 INFO Get Party Master List Success
2020-12-15 15:58:33.4750 INFO Get Party Master List Success
2020-12-15 15:58:33.4750 INFO Get Product Master List Success
2020-12-15 15:58:33.4750 INFO Get VAT Master List Success
2020-12-15 15:58:33.4905 INFO Get MF2  Details Success
2020-12-15 15:58:33.4905 INFO Get User Success :112-Riga Sugar Company Ltd
2020-12-15 15:58:38.1388 INFO Get User Success :112-Riga Sugar Company Ltd
2020-12-15 15:58:38.1388 INFO Get Party Master List Success
2020-12-15 15:58:38.1446 INFO Get Party Master List Success
2020-12-15 15:58:38.1446 INFO Get Product Master List Success
2020-12-15 15:58:38.1446 INFO Get VAT Master List Success
2020-12-15 15:58:38.1446 INFO Get MF2  Details Success
2020-12-15 15:58:38.1446 INFO Get User Success :112-Riga Sugar Company Ltd
2020-12-15 16:10:32.5946 INFO Get User Success :116-Hpcl Biofuels Ltd, Ec
2020-12-15 16:10:57.3613 INFO Get User Success :116-Hpcl Biofuels Ltd, Ec
2020-12-15 16:10:57.3894 INFO Get MF2 List Success
2020-12-15 16:10:57.4726 INFO Get User Success :116-Hpcl Biofuels Ltd, Ec
2020-12-15 16:11:12.5481 INFO Get User Success :116-Hpcl Biofuels Ltd, Ec
2020-12-15 16:11:12.5730 INFO Get Party Master List Success
2020-12-15 16:11:12.5730 INFO Get Party Master List Success
2020-12-15 16:11:12.5838 INFO Get Product Master List Success
2020-12-15 16:11:12.5838 INFO Get VAT Master List Success
2020-12-15 16:11:12.6080 INFO Get MF2  Details Success
2020-12-15 16:11:12.6507 INFO Get User Success :116-Hpcl Biofuels Ltd, Ec
2020-12-15 16:12:04.1075 INFO Get User Success :116-Hpcl Biofuels Ltd, Ec
2020-12-15 16:12:16.4427 INFO Get Party Master List Success
2020-12-15 16:12:16.4427 INFO Get Party Master List Success
2020-12-15 16:12:16.4427 INFO Get Product Master List Success
2020-12-15 16:12:16.4427 INFO Get VAT Master List Success
2020-12-15 16:12:16.4612 INFO Get MF2  Details Success
2020-12-15 16:12:16.4612 INFO Get User Success :116-Hpcl Biofuels Ltd, Ec
2020-12-15 16:12:51.4096 INFO Get User Success :116-Hpcl Biofuels Ltd, Ec
2020-12-15 16:12:51.4125 INFO Get MF2 List Success
2020-12-15 16:12:51.4125 INFO Get User Success :116-Hpcl Biofuels Ltd, Ec
2020-12-15 16:12:52.7950 INFO Get User Success :116-Hpcl Biofuels Ltd, Ec
2020-12-15 16:12:52.7950 INFO Get Party Master List Success
2020-12-15 16:12:52.8020 INFO Get Party Master List Success
2020-12-15 16:12:52.8020 INFO Get Product Master List Success
2020-12-15 16:12:52.8020 INFO Get VAT Master List Success
2020-12-15 16:12:52.8020 INFO Get MF2  Details Success
2020-12-15 16:12:52.8020 INFO Get User Success :116-Hpcl Biofuels Ltd, Ec
2020-12-15 16:13:24.0327 INFO Update MF2 Success :04-12-2020-HSS
2020-12-15 16:13:24.0615 INFO Get User Success :116-Hpcl Biofuels Ltd, Ec
2020-12-15 16:13:24.0615 INFO Get MF2 List Success
2020-12-15 16:13:24.0680 INFO Get User Success :116-Hpcl Biofuels Ltd, Ec
2020-12-15 16:13:27.2319 INFO Get User Success :116-Hpcl Biofuels Ltd, Ec
2020-12-15 16:13:27.2319 INFO Get Party Master List Success
2020-12-15 16:13:27.2387 INFO Get Party Master List Success
2020-12-15 16:13:27.2387 INFO Get Product Master List Success
2020-12-15 16:13:27.2387 INFO Get VAT Master List Success
2020-12-15 16:13:27.2387 INFO Get MF2  Details Success
2020-12-15 16:13:27.2387 INFO Get User Success :116-Hpcl Biofuels Ltd, Ec
2020-12-15 16:16:38.5741 INFO Get User Success :116-Hpcl Biofuels Ltd, Ec
2020-12-15 16:16:38.5741 INFO Get Party Master List Success
2020-12-15 16:16:38.5741 INFO Get Party Master List Success
2020-12-15 16:16:38.5826 INFO Get Product Master List Success
2020-12-15 16:16:38.5826 INFO Get VAT Master List Success
2020-12-15 16:16:38.5826 INFO Get MF2  Details Success
2020-12-15 16:16:38.6039 INFO Get User Success :116-Hpcl Biofuels Ltd, Ec
2020-12-15 16:17:01.5405 INFO Update MF2 Success :04-12-2020-HSS
2020-12-15 16:17:01.5650 INFO Get User Success :116-Hpcl Biofuels Ltd, Ec
2020-12-15 16:17:01.5700 INFO Get MF2 List Success
2020-12-15 16:17:01.5700 INFO Get User Success :116-Hpcl Biofuels Ltd, Ec
2020-12-15 16:17:04.2914 INFO Get User Success :116-Hpcl Biofuels Ltd, Ec
2020-12-15 16:17:04.2914 INFO Get Party Master List Success
2020-12-15 16:17:04.2914 INFO Get Party Master List Success
2020-12-15 16:17:04.3011 INFO Get Product Master List Success
2020-12-15 16:17:04.3011 INFO Get VAT Master List Success
2020-12-15 16:17:04.3011 INFO Get MF2  Details Success
2020-12-15 16:17:04.3011 INFO Get User Success :116-Hpcl Biofuels Ltd, Ec
2020-12-15 16:17:56.1659 INFO Get User Success :116-Hpcl Biofuels Ltd, Ec
2020-12-15 16:17:56.1659 INFO Get Party Master List Success
2020-12-15 16:17:56.1659 INFO Get Party Master List Success
2020-12-15 16:17:56.1659 INFO Get Product Master List Success
2020-12-15 16:17:56.1771 INFO Get VAT Master List Success
2020-12-15 16:17:56.1771 INFO Get MF2  Details Success
2020-12-15 16:17:56.1986 INFO Get User Success :116-Hpcl Biofuels Ltd, Ec
2020-12-15 16:18:09.0766 INFO Get User Success :116-Hpcl Biofuels Ltd, Ec
2020-12-15 16:18:09.0839 INFO Get MF3 List Success
2020-12-15 16:18:09.0839 INFO Get User Success :116-Hpcl Biofuels Ltd, Ec
2020-12-15 16:18:10.7744 INFO Get User Success :116-Hpcl Biofuels Ltd, Ec
2020-12-15 16:18:10.7744 INFO Get VAT Master List Success
2020-12-15 16:18:10.7744 INFO Get Product Master List Success
2020-12-15 16:18:10.7850 INFO Get MF3  Details Success
2020-12-15 16:18:10.7850 INFO Get User Success :116-Hpcl Biofuels Ltd, Ec
2020-12-15 16:18:12.2637 INFO Get User Success :116-Hpcl Biofuels Ltd, Ec
2020-12-15 16:18:12.2707 INFO Get MF3 List Success
2020-12-15 16:18:12.2707 INFO Get User Success :116-Hpcl Biofuels Ltd, Ec
2020-12-15 16:18:12.9307 INFO Get User Success :116-Hpcl Biofuels Ltd, Ec
2020-12-15 16:18:12.9307 INFO Get VAT Master List Success
2020-12-15 16:18:12.9307 INFO Get Product Master List Success
2020-12-15 16:18:12.9307 INFO Get User Success :116-Hpcl Biofuels Ltd, Ec
2020-12-15 17:37:20.0571 INFO Get User Success :97-Harinagar Sugar Mills Ltd
2020-12-15 17:37:25.6821 INFO Get User Success :97-Harinagar Sugar Mills Ltd
2020-12-15 17:37:25.6821 INFO Get MF2 List Success
2020-12-15 17:37:25.7270 INFO Get User Success :97-Harinagar Sugar Mills Ltd
2020-12-15 17:37:27.7315 INFO Get User Success :97-Harinagar Sugar Mills Ltd
2020-12-15 17:37:27.7617 INFO Get Party Master List Success
2020-12-15 17:37:27.7617 INFO Get Party Master List Success
2020-12-15 17:37:27.7769 INFO Get Product Master List Success
2020-12-15 17:37:27.7769 INFO Get VAT Master List Success
2020-12-15 17:37:27.8122 INFO Get MF2  Details Success
2020-12-15 17:37:27.8521 INFO Get User Success :97-Harinagar Sugar Mills Ltd
2020-12-15 17:40:20.9735 INFO Get User Success :97-Harinagar Sugar Mills Ltd
2020-12-15 17:40:20.9735 INFO Get MF2 List Success
2020-12-15 17:40:20.9735 INFO Get User Success :97-Harinagar Sugar Mills Ltd
2020-12-15 17:40:22.1435 INFO Get User Success :97-Harinagar Sugar Mills Ltd
2020-12-15 17:40:22.1465 INFO Get Party Master List Success
2020-12-15 17:40:22.1465 INFO Get Party Master List Success
2020-12-15 17:40:22.1465 INFO Get Product Master List Success
2020-12-15 17:40:22.1465 INFO Get VAT Master List Success
2020-12-15 17:40:22.1615 INFO Get MF2  Details Success
2020-12-15 17:40:22.1615 INFO Get User Success :97-Harinagar Sugar Mills Ltd
2020-12-15 17:41:14.3443 INFO Get User Success :97-Harinagar Sugar Mills Ltd
2020-12-15 17:41:14.3443 INFO Get MF2 List Success
2020-12-15 17:41:14.3499 INFO Get User Success :97-Harinagar Sugar Mills Ltd
2020-12-15 17:41:15.2501 INFO Get User Success :97-Harinagar Sugar Mills Ltd
2020-12-15 17:41:15.2501 INFO Get Party Master List Success
2020-12-15 17:41:15.2561 INFO Get Party Master List Success
2020-12-15 17:41:15.2561 INFO Get Product Master List Success
2020-12-15 17:41:15.2561 INFO Get VAT Master List Success
2020-12-15 17:41:15.2561 INFO Get MF2  Details Success
2020-12-15 17:41:15.2721 INFO Get User Success :97-Harinagar Sugar Mills Ltd
2020-12-15 17:43:01.2535 INFO Update MF2 Success :14-12-2020-HSM
2020-12-15 17:43:01.2793 INFO Get User Success :97-Harinagar Sugar Mills Ltd
2020-12-15 17:43:01.2793 INFO Get MF2 List Success
2020-12-15 17:43:01.2852 INFO Get User Success :97-Harinagar Sugar Mills Ltd
2020-12-15 17:43:03.0674 INFO Get User Success :97-Harinagar Sugar Mills Ltd
2020-12-15 17:43:03.0674 INFO Get Party Master List Success
2020-12-15 17:43:03.0674 INFO Get Party Master List Success
2020-12-15 17:43:03.0674 INFO Get Product Master List Success
2020-12-15 17:43:03.0674 INFO Get VAT Master List Success
2020-12-15 17:43:03.0893 INFO Get MF2  Details Success
2020-12-15 17:43:03.0893 INFO Get User Success :97-Harinagar Sugar Mills Ltd
2020-12-15 17:44:07.9650 INFO Update MF2 Success :14-12-2020-HSM
2020-12-15 17:44:07.9852 INFO Get User Success :97-Harinagar Sugar Mills Ltd
2020-12-15 17:44:07.9852 INFO Get MF2 List Success
2020-12-15 17:44:07.9913 INFO Get User Success :97-Harinagar Sugar Mills Ltd
2020-12-15 17:44:09.7634 INFO Get User Success :97-Harinagar Sugar Mills Ltd
2020-12-15 17:44:09.7634 INFO Get Party Master List Success
2020-12-15 17:44:09.7703 INFO Get Party Master List Success
2020-12-15 17:44:09.7703 INFO Get Product Master List Success
2020-12-15 17:44:09.7703 INFO Get VAT Master List Success
2020-12-15 17:44:09.7703 INFO Get MF2  Details Success
2020-12-15 17:44:09.7703 INFO Get User Success :97-Harinagar Sugar Mills Ltd
2020-12-15 17:47:50.9852 INFO Get User Success :97-Harinagar Sugar Mills Ltd
2020-12-15 17:47:56.4162 INFO Sugarcanepurchase Get List Success
2020-12-15 17:47:56.4162 INFO Get User Success :97-Harinagar Sugar Mills Ltd
2020-12-15 17:47:56.4412 INFO Get User Success :97-Harinagar Sugar Mills Ltd
2020-12-15 17:47:57.6630 INFO Get User Success :97-Harinagar Sugar Mills Ltd
2020-12-15 17:47:57.6630 INFO Get State List Success
2020-12-15 17:47:57.6890 INFO Get User Success :97-Harinagar Sugar Mills Ltd
2020-12-15 17:48:05.5443 INFO Get User Success :97-Harinagar Sugar Mills Ltd
2020-12-15 17:48:05.5506 INFO Get MF2 List Success
2020-12-15 17:48:05.5506 INFO Get User Success :97-Harinagar Sugar Mills Ltd
2020-12-15 17:48:05.5714 INFO Get User Success :97-Harinagar Sugar Mills Ltd
2020-12-15 17:48:05.5714 INFO Get MF2 List Success
2020-12-15 17:48:05.5714 INFO Get User Success :97-Harinagar Sugar Mills Ltd
2020-12-15 17:48:06.0357 INFO Get User Success :97-Harinagar Sugar Mills Ltd
2020-12-15 17:48:06.0357 INFO Get MF2 List Success
2020-12-15 17:48:06.0357 INFO Get User Success :97-Harinagar Sugar Mills Ltd
2020-12-15 17:48:07.2163 INFO Get User Success :97-Harinagar Sugar Mills Ltd
2020-12-15 17:48:07.2233 INFO Get Party Master List Success
2020-12-15 17:48:07.2233 INFO Get Party Master List Success
2020-12-15 17:48:07.2233 INFO Get Product Master List Success
2020-12-15 17:48:07.2384 INFO Get VAT Master List Success
2020-12-15 17:48:07.2554 INFO Get MF2  Details Success
2020-12-15 17:48:07.2975 INFO Get User Success :97-Harinagar Sugar Mills Ltd
2020-12-15 17:52:18.0280 INFO Get User Success :97-Harinagar Sugar Mills Ltd
2020-12-15 17:52:18.0280 INFO Get MF2 List Success
2020-12-15 17:52:18.0280 INFO Get User Success :97-Harinagar Sugar Mills Ltd
2020-12-15 17:52:19.4131 INFO Get User Success :97-Harinagar Sugar Mills Ltd
2020-12-15 17:52:19.4131 INFO Get Party Master List Success
2020-12-15 17:52:19.4131 INFO Get Party Master List Success
2020-12-15 17:52:19.4131 INFO Get Product Master List Success
2020-12-15 17:52:19.4131 INFO Get VAT Master List Success
2020-12-15 17:52:19.4351 INFO Get MF2  Details Success
2020-12-15 17:52:19.4421 INFO Get User Success :97-Harinagar Sugar Mills Ltd
2020-12-15 17:53:41.4013 INFO Get User Success :97-Harinagar Sugar Mills Ltd
2020-12-15 17:53:41.4013 INFO Get Party Master List Success
2020-12-15 17:53:41.4013 INFO Get Party Master List Success
2020-12-15 17:53:41.4107 INFO Get Product Master List Success
2020-12-15 17:53:41.4107 INFO Get VAT Master List Success
2020-12-15 17:53:41.4107 INFO Get MF2  Details Success
2020-12-15 17:54:51.1995 INFO Get User Success :97-Harinagar Sugar Mills Ltd
2020-12-15 18:03:24.5869 INFO Get User Success :44-Administrator
2020-12-15 18:03:39.7565 INFO Get User Success :44-Administrator
2020-12-15 18:03:48.4399 INFO Get User Success :44-Administrator
2020-12-15 18:03:53.5699 INFO Get User Success :44-Administrator
2020-12-15 18:03:55.4036 INFO Get User Success :44-Administrator
2020-12-15 18:04:01.0904 INFO Get User Success :44-Administrator
