2020-10-03 10:07:07.8018 INFO Sugarcanepurchase Get List Success
2020-10-03 10:07:13.3860 INFO Get Party Master List Success
2020-10-03 10:07:29.5352 INFO Get Party Master List Success
2020-10-03 10:07:32.2429 INFO Get Party Master List Success
2020-10-03 10:07:32.4604 INFO Get Party Master List Success
2020-10-03 10:07:32.6808 INFO Get Party Master List Success
2020-10-03 10:07:32.8583 INFO Get Party Master List Success
2020-10-03 10:07:33.2217 INFO Get Party Master List Success
2020-10-03 10:07:33.4111 INFO Get Party Master List Success
2020-10-03 10:07:33.5847 INFO Get Party Master List Success
2020-10-03 10:07:33.8067 INFO Get Party Master List Success
2020-10-03 10:07:34.1847 INFO Get Party Master List Success
2020-10-03 10:07:43.0939 INFO Get Party Master List Success
2020-10-03 10:08:47.6401 INFO Get Party Master List Success
2020-10-03 10:08:54.4408 INFO Sugarcanepurchase Get List Success
2020-10-03 10:09:05.6081 INFO Get User Success :14-Sreekanth Reddy
2020-10-03 10:09:07.6255 INFO Sugarcanepurchase Get List Success
2020-10-03 10:09:07.6255 INFO Get User Success :14-Sreekanth Reddy
2020-10-03 10:09:07.6345 INFO Get User Success :14-Sreekanth Reddy
2020-10-03 10:09:09.4278 INFO Get User Success :14-Sreekanth Reddy
2020-10-03 10:09:09.4438 INFO Get Party Master List Success
2020-10-03 10:09:09.4438 INFO Get User Success :14-Sreekanth Reddy
2020-10-03 10:09:09.4438 INFO Get User Success :14-Sreekanth Reddy
2020-10-03 10:09:13.1184 INFO Get User Success :14-Sreekanth Reddy
2020-10-03 10:09:13.1373 INFO Sugarcanepurchase Get List Success
2020-10-03 10:09:13.1373 INFO Get User Success :14-Sreekanth Reddy
2020-10-03 10:09:13.1373 INFO Get User Success :14-Sreekanth Reddy
2020-10-03 10:09:27.0713 INFO Sugarcanepurchase Get List Success
2020-10-03 10:09:27.0713 INFO Get User Success :14-Sreekanth Reddy
2020-10-03 10:09:45.6556 INFO Get User Success :14-Sreekanth Reddy
2020-10-03 10:09:49.0162 INFO Get User Success :14-Sreekanth Reddy
2020-10-03 10:09:49.0391 INFO Get Party Master List Success
2020-10-03 10:09:49.0391 INFO Get User Success :14-Sreekanth Reddy
2020-10-03 10:09:49.0391 INFO Sugarcanepurchase Get List Success
2020-10-03 10:09:49.0580 INFO Get User Success :14-Sreekanth Reddy
2020-10-03 10:10:02.7002 INFO Get User Success :14-Sreekanth Reddy
2020-10-03 10:10:02.7181 INFO Sugarcanepurchase Get List Success
2020-10-03 10:10:02.7181 INFO Get User Success :14-Sreekanth Reddy
2020-10-03 10:10:02.7271 INFO Get User Success :14-Sreekanth Reddy
2020-10-03 10:10:44.0951 INFO Sugarcanepurchase Get List Success
2020-10-03 10:10:44.0991 INFO Get User Success :14-Sreekanth Reddy
2020-10-03 10:10:44.0991 INFO Get User Success :14-Sreekanth Reddy
2020-10-03 10:10:46.6390 INFO Get User Success :14-Sreekanth Reddy
2020-10-03 10:10:49.6830 INFO Get Party Master List Success
2020-10-03 10:10:49.6830 INFO Get User Success :14-Sreekanth Reddy
2020-10-03 10:10:49.6830 INFO Sugarcanepurchase Get List Success
2020-10-03 10:10:49.6970 INFO Get User Success :14-Sreekanth Reddy
2020-10-03 10:11:27.5773 INFO Get Party Master List Success
2020-10-03 10:11:27.5773 INFO Get User Success :14-Sreekanth Reddy
2020-10-03 10:11:27.5842 INFO Sugarcanepurchase Get List Success
2020-10-03 10:11:27.5842 INFO Get User Success :14-Sreekanth Reddy
2020-10-03 10:11:33.5047 INFO Get Party Master List Success
2020-10-03 10:11:33.5087 INFO Get User Success :14-Sreekanth Reddy
2020-10-03 10:11:43.1038 INFO Sugarcanepurchase Get List Success
2020-10-03 10:11:43.1038 INFO Get User Success :14-Sreekanth Reddy
2020-10-03 10:12:01.1813 INFO Get User Success :14-Sreekanth Reddy
2020-10-03 10:12:17.0065 INFO Get User Success :16-Harinagar Sugar
2020-10-03 10:12:19.5175 INFO Sugarcanepurchase Get List Success
2020-10-03 10:12:19.5215 INFO Get User Success :16-Harinagar Sugar
2020-10-03 10:12:19.5215 INFO Get User Success :16-Harinagar Sugar
2020-10-03 10:12:21.2760 INFO Get User Success :16-Harinagar Sugar
2020-10-03 10:12:21.2969 INFO Get Party Master List Success
2020-10-03 10:12:21.2969 INFO Get User Success :16-Harinagar Sugar
2020-10-03 10:13:21.0265 INFO Get User Success :16-Harinagar Sugar
2020-10-03 10:13:23.7736 INFO Sugarcanepurchase Get List Success
2020-10-03 10:13:23.7736 INFO Get User Success :16-Harinagar Sugar
2020-10-03 10:13:23.7895 INFO Get User Success :16-Harinagar Sugar
2020-10-03 10:13:27.0956 INFO Get User Success :16-Harinagar Sugar
2020-10-03 10:13:27.2245 INFO Get Party Master List Success
2020-10-03 10:13:27.2245 INFO Get User Success :16-Harinagar Sugar
2020-10-03 10:13:27.2245 INFO Get User Success :16-Harinagar Sugar
2020-10-03 10:14:27.3629 INFO Get User Success :16-Harinagar Sugar
2020-10-03 10:14:30.3912 INFO Sugarcanepurchase Get List Success
2020-10-03 10:14:30.3962 INFO Get User Success :16-Harinagar Sugar
2020-10-03 10:14:30.3962 INFO Get User Success :16-Harinagar Sugar
2020-10-03 10:14:31.8550 INFO Get User Success :16-Harinagar Sugar
2020-10-03 10:14:31.9467 INFO Get Party Master List Success
2020-10-03 10:14:31.9467 INFO Get User Success :16-Harinagar Sugar
2020-10-03 10:14:31.9467 INFO Get User Success :16-Harinagar Sugar
2020-10-03 10:14:38.0968 INFO Get User Success :16-Harinagar Sugar
2020-10-03 10:14:38.1187 INFO Sugarcanepurchase Get List Success
2020-10-03 10:14:38.1187 INFO Get User Success :16-Harinagar Sugar
2020-10-03 10:14:38.1187 INFO Get User Success :16-Harinagar Sugar
2020-10-03 10:14:42.0046 INFO Get User Success :16-Harinagar Sugar
2020-10-03 10:14:48.5262 INFO Get User Success :14-Sreekanth Reddy
2020-10-03 10:14:50.5099 INFO Sugarcanepurchase Get List Success
2020-10-03 10:14:50.5099 INFO Get User Success :14-Sreekanth Reddy
2020-10-03 10:14:50.5099 INFO Get User Success :14-Sreekanth Reddy
2020-10-03 10:14:53.3386 INFO Get User Success :14-Sreekanth Reddy
2020-10-03 10:14:53.3575 INFO Get Party Master List Success
2020-10-03 10:14:53.3575 INFO Get User Success :14-Sreekanth Reddy
2020-10-03 10:14:53.3655 INFO Sugarcanepurchase Get List Success
2020-10-03 10:14:53.3655 INFO Get User Success :14-Sreekanth Reddy
2020-10-03 10:15:55.6650 INFO Get Party Master List Success
2020-10-03 10:15:55.6650 INFO Get User Success :14-Sreekanth Reddy
2020-10-03 10:15:55.6650 INFO Sugarcanepurchase Get List Success
2020-10-03 10:17:26.9666 INFO Get User Success :14-Sreekanth Reddy
2020-10-03 10:17:32.8234 INFO Get Party Master List Success
2020-10-03 10:17:32.8234 INFO Get User Success :14-Sreekanth Reddy
2020-10-03 10:17:32.8234 INFO Sugarcanepurchase Get List Success
2020-10-03 10:17:32.8344 INFO Get User Success :14-Sreekanth Reddy
2020-10-03 10:17:40.8475 INFO Get Party Master List Success
2020-10-03 10:17:40.8514 INFO Get User Success :14-Sreekanth Reddy
2020-10-03 10:17:40.8514 INFO Sugarcanepurchase Get List Success
2020-10-03 10:18:22.7142 INFO Get User Success :14-Sreekanth Reddy
2020-10-03 10:18:28.7524 INFO Get Party Master List Success
2020-10-03 10:18:28.7570 INFO Get User Success :14-Sreekanth Reddy
2020-10-03 10:18:28.7570 INFO Sugarcanepurchase Get List Success
2020-10-03 10:18:38.1684 INFO Get User Success :14-Sreekanth Reddy
2020-10-03 10:18:44.2971 INFO Get User Success :14-Sreekanth Reddy
2020-10-03 10:18:44.3163 INFO Sugarcanepurchase Get List Success
2020-10-03 10:18:44.3203 INFO Get User Success :14-Sreekanth Reddy
2020-10-03 10:18:44.3203 INFO Get User Success :14-Sreekanth Reddy
2020-10-03 10:18:45.1505 INFO Get User Success :14-Sreekanth Reddy
2020-10-03 10:18:45.1712 INFO Get Party Master List Success
2020-10-03 10:18:45.1712 INFO Get User Success :14-Sreekanth Reddy
2020-10-03 10:18:45.1782 INFO Sugarcanepurchase Get List Success
2020-10-03 10:18:45.1782 INFO Get User Success :14-Sreekanth Reddy
2020-10-03 10:18:56.2725 INFO Get Party Master List Success
2020-10-03 10:18:56.2725 INFO Get User Success :14-Sreekanth Reddy
2020-10-03 10:18:56.2725 INFO Sugarcanepurchase Get List Success
2020-10-03 10:18:56.2725 INFO Get User Success :14-Sreekanth Reddy
2020-10-03 10:19:02.8730 INFO Get Party Master List Success
2020-10-03 10:19:02.8730 INFO Get User Success :14-Sreekanth Reddy
2020-10-03 10:19:02.8807 INFO Sugarcanepurchase Get List Success
2020-10-03 10:19:40.1866 INFO Get User Success :14-Sreekanth Reddy
2020-10-03 10:19:43.6662 INFO Get User Success :14-Sreekanth Reddy
2020-10-03 10:19:43.6914 INFO Sugarcanepurchase Get List Success
2020-10-03 10:19:43.6958 INFO Get User Success :14-Sreekanth Reddy
2020-10-03 10:19:43.6958 INFO Get User Success :14-Sreekanth Reddy
2020-10-03 10:19:44.9576 INFO Get User Success :14-Sreekanth Reddy
2020-10-03 10:19:44.9774 INFO Get Party Master List Success
2020-10-03 10:19:44.9774 INFO Get User Success :14-Sreekanth Reddy
2020-10-03 10:19:44.9774 INFO Sugarcanepurchase Get List Success
2020-10-03 10:19:44.9774 INFO Get User Success :14-Sreekanth Reddy
2020-10-03 10:19:52.7594 INFO Get Party Master List Success
2020-10-03 10:19:52.7594 INFO Get User Success :14-Sreekanth Reddy
2020-10-03 10:19:52.7594 INFO Sugarcanepurchase Get List Success
2020-10-03 10:20:11.1620 INFO Get User Success :14-Sreekanth Reddy
2020-10-03 10:20:38.1947 INFO Get Party Master List Success
2020-10-03 10:20:38.1947 INFO Get User Success :14-Sreekanth Reddy
2020-10-03 10:20:38.1947 INFO Sugarcanepurchase Get List Success
2020-10-03 10:20:49.5692 INFO Get User Success :14-Sreekanth Reddy
2020-10-03 10:21:10.7304 INFO Get Party Master List Success
2020-10-03 10:21:10.7304 INFO Get User Success :14-Sreekanth Reddy
2020-10-03 10:21:10.7304 INFO Sugarcanepurchase Get List Success
2020-10-03 10:21:19.4112 INFO Get User Success :14-Sreekanth Reddy
2020-10-03 10:21:25.0425 INFO Get User Success :14-Sreekanth Reddy
2020-10-03 10:21:38.6488 INFO Get User Success :14-Sreekanth Reddy
2020-10-03 10:21:38.6701 INFO Sugarcanepurchase Get List Success
2020-10-03 10:21:38.6701 INFO Get User Success :14-Sreekanth Reddy
2020-10-03 10:21:38.6781 INFO Get User Success :14-Sreekanth Reddy
2020-10-03 10:38:39.6776 INFO Get Party Type Master List Success
2020-10-03 10:38:40.1524 INFO Get Party Type Master List Success
2020-10-03 10:39:49.9971 INFO Sugarcanepurchase Get List Success
2020-10-03 10:39:56.4244 INFO Get Party Master List Success
2020-10-03 10:39:56.4344 INFO Sugarcanepurchase Get List Success
2020-10-03 10:40:19.1221 INFO Sugarcanepurchase Approve Sucess:1-H01
2020-10-03 10:40:20.4236 INFO Sugarcanepurchase Get List Success
2020-10-03 10:40:38.8014 INFO Get Party Master List Success
2020-10-03 10:40:38.8096 INFO Sugarcanepurchase Get List Success
2020-10-03 10:40:41.6939 INFO Sugarcanepurchase Get List Success
2020-10-03 10:40:44.2623 INFO Get Party Master List Success
2020-10-03 10:40:44.2623 INFO Sugarcanepurchase Get List Success
2020-10-03 10:40:46.9620 INFO Sugarcanepurchase Insertion Sucess:5-H02
2020-10-03 10:40:47.0038 INFO Sugarcanepurchase Get List Success
2020-10-03 10:40:55.4470 INFO Get Party Master List Success
2020-10-03 10:40:55.4470 INFO Sugarcanepurchase Get List Success
2020-10-03 10:41:29.1644 INFO Sugarcanepurchase Approve Sucess:5-H02
2020-10-03 10:41:29.1982 INFO Sugarcanepurchase Get List Success
2020-10-03 10:41:39.4420 INFO Get Party Master List Success
2020-10-03 10:41:39.4469 INFO Sugarcanepurchase Get List Success
2020-10-03 10:44:11.0786 INFO Get Party Master List Success
2020-10-03 10:44:11.0855 INFO Sugarcanepurchase Get List Success
2020-10-03 10:44:14.3147 INFO Sugarcanepurchase Get List Success
2020-10-03 10:44:26.6180 INFO Get User Success :14-Sreekanth Reddy
2020-10-03 10:44:28.4474 INFO Sugarcanepurchase Get List Success
2020-10-03 10:44:28.4474 INFO Get User Success :14-Sreekanth Reddy
2020-10-03 10:44:28.4474 INFO Get User Success :14-Sreekanth Reddy
2020-10-03 10:44:30.1874 INFO Get User Success :14-Sreekanth Reddy
2020-10-03 10:44:30.2153 INFO Get Party Master List Success
2020-10-03 10:44:30.2153 INFO Get User Success :14-Sreekanth Reddy
2020-10-03 10:44:30.2153 INFO Sugarcanepurchase Get List Success
2020-10-03 10:44:30.2279 INFO Get User Success :14-Sreekanth Reddy
2020-10-03 10:44:58.1005 INFO Get User Success :14-Sreekanth Reddy
2020-10-03 10:44:58.1212 INFO Sugarcanepurchase Get List Success
2020-10-03 10:44:58.1212 INFO Get User Success :14-Sreekanth Reddy
2020-10-03 10:44:58.1212 INFO Get User Success :14-Sreekanth Reddy
2020-10-03 10:44:59.0747 INFO Get User Success :14-Sreekanth Reddy
2020-10-03 10:44:59.0941 INFO Get Party Master List Success
2020-10-03 10:44:59.0941 INFO Get User Success :14-Sreekanth Reddy
2020-10-03 10:44:59.1000 INFO Sugarcanepurchase Get List Success
2020-10-03 10:46:15.3391 INFO Get User Success :14-Sreekanth Reddy
2020-10-03 10:46:31.8779 INFO Get Party Master List Success
2020-10-03 10:46:31.8828 INFO Get User Success :14-Sreekanth Reddy
2020-10-03 10:46:31.8828 INFO Sugarcanepurchase Get List Success
2020-10-03 10:47:27.2745 INFO Get User Success :14-Sreekanth Reddy
2020-10-03 10:48:17.1814 INFO Get Party Master List Success
2020-10-03 10:48:17.1814 INFO Get User Success :14-Sreekanth Reddy
2020-10-03 10:48:17.1814 INFO Sugarcanepurchase Get List Success
2020-10-03 10:48:53.2900 INFO Get User Success :14-Sreekanth Reddy
2020-10-03 10:49:00.7574 INFO Get User Success :14-Sreekanth Reddy
2020-10-03 10:49:00.7772 INFO Sugarcanepurchase Get List Success
2020-10-03 10:49:00.7772 INFO Get User Success :14-Sreekanth Reddy
2020-10-03 10:49:00.7866 INFO Get User Success :14-Sreekanth Reddy
2020-10-03 10:50:01.8432 INFO Get User Success :16-Harinagar Sugar
2020-10-03 10:50:05.2438 INFO Sugarcanepurchase Get List Success
2020-10-03 10:50:05.2438 INFO Get User Success :16-Harinagar Sugar
2020-10-03 10:50:05.2556 INFO Get User Success :16-Harinagar Sugar
2020-10-03 10:50:10.6469 INFO Get User Success :16-Harinagar Sugar
2020-10-03 10:50:10.7190 INFO Get Party Master List Success
2020-10-03 10:50:10.7238 INFO Get User Success :16-Harinagar Sugar
2020-10-03 10:50:10.7238 INFO Sugarcanepurchase Get List Success
2020-10-03 10:50:10.7238 INFO Get User Success :16-Harinagar Sugar
2020-10-03 10:50:13.2403 INFO Get User Success :16-Harinagar Sugar
2020-10-03 10:50:13.2403 INFO Sugarcanepurchase Insertion Sucess:3-H02
2020-10-03 10:50:13.3020 INFO Sugarcanepurchase Get List Success
2020-10-03 10:50:13.3020 INFO Get User Success :16-Harinagar Sugar
2020-10-03 10:50:13.3020 INFO Get User Success :16-Harinagar Sugar
2020-10-03 10:50:15.4187 INFO Get User Success :16-Harinagar Sugar
2020-10-03 10:50:15.4418 INFO Get Party Master List Success
2020-10-03 10:50:15.4457 INFO Get User Success :16-Harinagar Sugar
2020-10-03 10:50:15.4457 INFO Sugarcanepurchase Get List Success
2020-10-03 10:50:15.4457 INFO Get User Success :16-Harinagar Sugar
2020-10-03 10:50:33.2866 INFO Get User Success :16-Harinagar Sugar
2020-10-03 10:50:33.3072 INFO Sugarcanepurchase Get List Success
2020-10-03 10:50:33.3072 INFO Get User Success :16-Harinagar Sugar
2020-10-03 10:50:33.3072 INFO Get User Success :16-Harinagar Sugar
2020-10-03 10:50:34.2450 INFO Get User Success :16-Harinagar Sugar
2020-10-03 10:50:34.2663 INFO Get Party Master List Success
2020-10-03 10:50:34.2663 INFO Get User Success :16-Harinagar Sugar
2020-10-03 10:50:34.2733 INFO Sugarcanepurchase Get List Success
2020-10-03 10:51:59.8863 INFO Get User Success :16-Harinagar Sugar
2020-10-03 10:52:03.6938 INFO Get User Success :16-Harinagar Sugar
2020-10-03 10:52:03.7134 INFO Sugarcanepurchase Get List Success
2020-10-03 10:52:03.7134 INFO Get User Success :16-Harinagar Sugar
2020-10-03 10:52:03.7134 INFO Get User Success :16-Harinagar Sugar
2020-10-03 10:52:04.7678 INFO Get User Success :16-Harinagar Sugar
2020-10-03 10:52:04.7888 INFO Get Party Master List Success
2020-10-03 10:52:04.7888 INFO Get User Success :16-Harinagar Sugar
2020-10-03 10:52:04.7888 INFO Sugarcanepurchase Get List Success
2020-10-03 10:52:06.5238 INFO Get User Success :16-Harinagar Sugar
2020-10-03 10:52:22.0617 INFO Get User Success :16-Harinagar Sugar
2020-10-03 10:52:22.0813 INFO Sugarcanepurchase Get List Success
2020-10-03 10:52:22.0853 INFO Get User Success :16-Harinagar Sugar
2020-10-03 10:52:22.0853 INFO Get User Success :16-Harinagar Sugar
2020-10-03 10:52:23.9810 INFO Get User Success :16-Harinagar Sugar
2020-10-03 10:52:24.0035 INFO Get Party Master List Success
2020-10-03 10:52:24.0084 INFO Get User Success :16-Harinagar Sugar
2020-10-03 10:52:24.0084 INFO Sugarcanepurchase Get List Success
2020-10-03 10:52:37.2246 INFO Get User Success :16-Harinagar Sugar
2020-10-03 10:52:41.4132 INFO Get User Success :16-Harinagar Sugar
2020-10-03 10:52:41.4330 INFO Sugarcanepurchase Get List Success
2020-10-03 10:52:41.4330 INFO Get User Success :16-Harinagar Sugar
2020-10-03 10:52:41.4330 INFO Get User Success :16-Harinagar Sugar
2020-10-03 10:52:42.3865 INFO Get User Success :16-Harinagar Sugar
2020-10-03 10:52:42.4075 INFO Get Party Master List Success
2020-10-03 10:52:42.4154 INFO Get User Success :16-Harinagar Sugar
2020-10-03 10:52:42.4154 INFO Sugarcanepurchase Get List Success
2020-10-03 10:52:47.8160 INFO Get User Success :16-Harinagar Sugar
2020-10-03 10:52:55.6439 INFO Get User Success :16-Harinagar Sugar
2020-10-03 10:52:55.6627 INFO Sugarcanepurchase Get List Success
2020-10-03 10:52:55.6627 INFO Get User Success :16-Harinagar Sugar
2020-10-03 10:52:55.6627 INFO Get User Success :16-Harinagar Sugar
2020-10-03 10:52:57.2265 INFO Get User Success :16-Harinagar Sugar
2020-10-03 10:52:57.2480 INFO Get Party Master List Success
2020-10-03 10:52:57.2480 INFO Get User Success :16-Harinagar Sugar
2020-10-03 10:52:57.2480 INFO Sugarcanepurchase Get List Success
2020-10-03 10:52:59.0003 INFO Get User Success :16-Harinagar Sugar
2020-10-03 10:53:02.4953 INFO Get User Success :16-Harinagar Sugar
2020-10-03 10:53:02.5159 INFO Sugarcanepurchase Get List Success
2020-10-03 10:53:02.5159 INFO Get User Success :16-Harinagar Sugar
2020-10-03 10:53:02.5248 INFO Get User Success :16-Harinagar Sugar
2020-10-03 10:53:03.4907 INFO Get User Success :16-Harinagar Sugar
2020-10-03 10:53:03.5128 INFO Get Party Master List Success
2020-10-03 10:53:03.5128 INFO Get User Success :16-Harinagar Sugar
2020-10-03 10:53:03.5227 INFO Sugarcanepurchase Get List Success
2020-10-03 10:53:03.5227 INFO Get User Success :16-Harinagar Sugar
2020-10-03 10:53:07.0040 INFO Get User Success :16-Harinagar Sugar
2020-10-03 10:53:07.0233 INFO Sugarcanepurchase Get List Success
2020-10-03 10:53:07.0233 INFO Get User Success :16-Harinagar Sugar
2020-10-03 10:53:07.0233 INFO Get User Success :16-Harinagar Sugar
2020-10-03 10:53:08.2847 INFO Get User Success :16-Harinagar Sugar
2020-10-03 10:53:08.3041 INFO Get Party Master List Success
2020-10-03 10:53:08.3041 INFO Get User Success :16-Harinagar Sugar
2020-10-03 10:53:08.3041 INFO Sugarcanepurchase Get List Success
2020-10-03 10:53:08.3199 INFO Get User Success :16-Harinagar Sugar
2020-10-03 10:53:14.6923 INFO Get User Success :16-Harinagar Sugar
2020-10-03 10:53:14.6968 INFO Sugarcanepurchase Insertion Sucess:5-H02
2020-10-03 10:53:14.7556 INFO Sugarcanepurchase Get List Success
2020-10-03 10:53:14.7556 INFO Get User Success :16-Harinagar Sugar
2020-10-03 10:53:14.7556 INFO Get User Success :16-Harinagar Sugar
2020-10-03 10:53:17.0914 INFO Get User Success :16-Harinagar Sugar
2020-10-03 10:53:17.1114 INFO Get Party Master List Success
2020-10-03 10:53:17.1143 INFO Get User Success :16-Harinagar Sugar
2020-10-03 10:53:17.1143 INFO Sugarcanepurchase Get List Success
2020-10-03 10:53:17.1143 INFO Get User Success :16-Harinagar Sugar
2020-10-03 10:53:20.0676 INFO Get User Success :16-Harinagar Sugar
2020-10-03 10:53:20.0870 INFO Sugarcanepurchase Get List Success
2020-10-03 10:53:20.0870 INFO Get User Success :16-Harinagar Sugar
2020-10-03 10:53:20.0870 INFO Get User Success :16-Harinagar Sugar
2020-10-03 10:53:21.0276 INFO Get User Success :16-Harinagar Sugar
2020-10-03 10:53:21.0483 INFO Get Party Master List Success
2020-10-03 10:53:21.0523 INFO Get User Success :16-Harinagar Sugar
2020-10-03 10:53:21.0523 INFO Sugarcanepurchase Get List Success
2020-10-03 10:53:21.0523 INFO Get User Success :16-Harinagar Sugar
2020-10-03 10:53:26.7327 INFO Get User Success :16-Harinagar Sugar
2020-10-03 10:53:26.7523 INFO Sugarcanepurchase Get List Success
2020-10-03 10:53:26.7573 INFO Get User Success :16-Harinagar Sugar
2020-10-03 10:53:26.7573 INFO Get User Success :16-Harinagar Sugar
2020-10-03 10:53:28.6272 INFO Get User Success :16-Harinagar Sugar
2020-10-03 10:53:28.6480 INFO Get Party Master List Success
2020-10-03 10:53:28.6480 INFO Get User Success :16-Harinagar Sugar
2020-10-03 10:53:28.6480 INFO Get User Success :16-Harinagar Sugar
2020-10-03 10:53:33.7089 INFO Get User Success :16-Harinagar Sugar
2020-10-03 10:53:56.0747 INFO Get Users List Success
2020-10-03 10:54:03.7803 INFO Org Get List Success
2020-10-03 10:54:03.7803 INFO Get Party Master List Success
2020-10-03 10:54:03.7866 INFO Get Role Level List Success
2020-10-03 10:54:03.7866 INFO Get access_type List Success
2020-10-03 10:54:03.8252 INFO Get view_Role_master List Success :Input string was not in a correct format.
2020-10-03 10:54:03.8252 INFO Get State List Success
2020-10-03 10:54:03.8252 INFO Get Dept List Success
2020-10-03 10:54:03.8353 INFO Get Users List Success
2020-10-03 10:54:49.8820 INFO Get Existing data Fail :user_registration
2020-10-03 10:55:09.8656 INFO Get Existing data Success :user_registration
2020-10-03 10:55:21.5802 INFO Get Existing data Fail :user_registration
2020-10-03 10:55:38.8575 INFO Get Division List Success
2020-10-03 10:55:51.6712 INFO Insert User Success :0-Bond Officer
2020-10-03 10:55:51.6991 INFO Get Users List Success
2020-10-03 11:01:36.6869 INFO Get User Success :17-Bond Officer
2020-10-03 11:01:52.1154 INFO Sugarcanepurchase Get List Success
2020-10-03 11:01:52.1154 INFO Get User Success :17-Bond Officer
2020-10-03 11:01:52.1154 INFO Get User Success :17-Bond Officer
2020-10-03 11:02:01.8685 INFO Get User Success :17-Bond Officer
2020-10-03 11:02:06.2446 INFO Get Party Master List Success
2020-10-03 11:02:06.2446 INFO Get User Success :17-Bond Officer
2020-10-03 11:02:06.2446 INFO Sugarcanepurchase Get List Success
2020-10-03 11:02:06.2446 INFO Get User Success :17-Bond Officer
2020-10-03 11:02:08.9805 INFO Get User Success :17-Bond Officer
2020-10-03 11:02:09.0008 INFO Sugarcanepurchase Get List Success
2020-10-03 11:02:09.0088 INFO Get User Success :17-Bond Officer
2020-10-03 11:02:09.0088 INFO Get User Success :17-Bond Officer
2020-10-03 11:02:09.8267 INFO Get User Success :17-Bond Officer
2020-10-03 11:02:09.8527 INFO Get Party Master List Success
2020-10-03 11:02:09.8527 INFO Get User Success :17-Bond Officer
2020-10-03 11:02:09.8527 INFO Sugarcanepurchase Get List Success
2020-10-03 11:02:09.8527 INFO Get User Success :17-Bond Officer
2020-10-03 11:02:11.8348 INFO Get User Success :17-Bond Officer
2020-10-03 11:02:11.8533 INFO Sugarcanepurchase Get List Success
2020-10-03 11:02:11.8533 INFO Get User Success :17-Bond Officer
2020-10-03 11:02:11.8533 INFO Get User Success :17-Bond Officer
2020-10-03 11:02:42.0458 INFO Get User Success :17-Bond Officer
2020-10-03 11:02:42.0670 INFO Get Party Master List Success
2020-10-03 11:02:42.0690 INFO Get User Success :17-Bond Officer
2020-10-03 11:02:42.0690 INFO Sugarcanepurchase Get List Success
2020-10-03 11:02:50.3271 INFO Get User Success :17-Bond Officer
2020-10-03 11:02:54.9418 INFO Get User Success :17-Bond Officer
2020-10-03 11:03:13.1280 INFO Get User Success :14-Sreekanth Reddy
2020-10-03 11:03:22.1564 INFO Sugarcanepurchase Get List Success
2020-10-03 11:03:22.1564 INFO Get User Success :14-Sreekanth Reddy
2020-10-03 11:03:22.1629 INFO Get User Success :14-Sreekanth Reddy
2020-10-03 11:03:26.7070 INFO Get User Success :14-Sreekanth Reddy
2020-10-03 11:03:26.7288 INFO Get Party Master List Success
2020-10-03 11:03:26.7288 INFO Get User Success :14-Sreekanth Reddy
2020-10-03 11:03:26.7288 INFO Sugarcanepurchase Get List Success
2020-10-03 11:03:34.0256 INFO Get User Success :14-Sreekanth Reddy
2020-10-03 11:03:37.2120 INFO Get User Success :14-Sreekanth Reddy
2020-10-03 11:03:37.2323 INFO Sugarcanepurchase Get List Success
2020-10-03 11:03:37.2323 INFO Get User Success :14-Sreekanth Reddy
2020-10-03 11:03:37.2323 INFO Get User Success :14-Sreekanth Reddy
2020-10-03 11:03:38.1732 INFO Get User Success :14-Sreekanth Reddy
2020-10-03 11:03:38.1921 INFO Get Party Master List Success
2020-10-03 11:03:38.1942 INFO Get User Success :14-Sreekanth Reddy
2020-10-03 11:03:38.1942 INFO Sugarcanepurchase Get List Success
2020-10-03 11:03:38.1942 INFO Get User Success :14-Sreekanth Reddy
2020-10-03 11:03:41.3110 INFO Get User Success :14-Sreekanth Reddy
2020-10-03 11:03:41.3319 INFO Sugarcanepurchase Get List Success
2020-10-03 11:03:41.3339 INFO Get User Success :14-Sreekanth Reddy
2020-10-03 11:03:41.3339 INFO Get User Success :14-Sreekanth Reddy
2020-10-03 11:03:42.2372 INFO Get User Success :14-Sreekanth Reddy
2020-10-03 11:03:42.2561 INFO Get Party Master List Success
2020-10-03 11:03:42.2561 INFO Get User Success :14-Sreekanth Reddy
2020-10-03 11:03:42.2561 INFO Sugarcanepurchase Get List Success
2020-10-03 11:03:42.2561 INFO Get User Success :14-Sreekanth Reddy
2020-10-03 11:03:46.1981 INFO Get User Success :14-Sreekanth Reddy
2020-10-03 11:03:46.2194 INFO Sugarcanepurchase Get List Success
2020-10-03 11:03:46.2194 INFO Get User Success :14-Sreekanth Reddy
2020-10-03 11:03:46.2194 INFO Get User Success :14-Sreekanth Reddy
2020-10-03 11:03:48.5800 INFO Get User Success :14-Sreekanth Reddy
2020-10-03 11:03:48.6009 INFO Get Party Master List Success
2020-10-03 11:03:48.6009 INFO Get User Success :14-Sreekanth Reddy
2020-10-03 11:03:48.6009 INFO Sugarcanepurchase Get List Success
2020-10-03 11:03:48.6009 INFO Get User Success :14-Sreekanth Reddy
2020-10-03 11:03:52.1480 INFO Get User Success :14-Sreekanth Reddy
2020-10-03 11:03:52.1686 INFO Sugarcanepurchase Get List Success
2020-10-03 11:03:52.1686 INFO Get User Success :14-Sreekanth Reddy
2020-10-03 11:03:52.1686 INFO Get User Success :14-Sreekanth Reddy
2020-10-03 11:04:00.9004 INFO Get User Success :14-Sreekanth Reddy
2020-10-03 11:04:08.7299 INFO Sugarcanepurchase Get List Success
2020-10-03 11:04:39.6580 INFO Get User Success :17-Bond Officer
2020-10-03 11:04:42.0888 INFO Sugarcanepurchase Get List Success
2020-10-03 11:04:42.0888 INFO Get User Success :17-Bond Officer
2020-10-03 11:04:42.0888 INFO Get User Success :17-Bond Officer
2020-10-03 11:04:44.0831 INFO Get User Success :17-Bond Officer
2020-10-03 11:04:44.1028 INFO Get Party Master List Success
2020-10-03 11:04:44.1028 INFO Get User Success :17-Bond Officer
2020-10-03 11:04:44.1028 INFO Sugarcanepurchase Get List Success
2020-10-03 11:04:44.1028 INFO Get User Success :17-Bond Officer
2020-10-03 11:04:57.5335 INFO Get Party Master List Success
2020-10-03 11:04:57.5335 INFO Get User Success :17-Bond Officer
2020-10-03 11:05:16.2654 INFO Sugarcanepurchase Get List Success
2020-10-03 11:07:33.7169 INFO Get User Success :17-Bond Officer
2020-10-03 11:07:55.2644 INFO Get User Success :17-Bond Officer
2020-10-03 11:07:55.2644 INFO Sugarcanepurchase Approve Sucess:5-H02
2020-10-03 11:07:55.3173 INFO Sugarcanepurchase Get List Success
2020-10-03 11:07:55.3193 INFO Get User Success :17-Bond Officer
2020-10-03 11:07:55.3193 INFO Get User Success :17-Bond Officer
2020-10-03 11:07:57.6922 INFO Get User Success :17-Bond Officer
2020-10-03 11:07:57.7150 INFO Get Party Master List Success
2020-10-03 11:07:57.7150 INFO Get User Success :17-Bond Officer
2020-10-03 11:07:59.2670 INFO Sugarcanepurchase Get List Success
2020-10-03 11:07:59.2710 INFO Get User Success :17-Bond Officer
2020-10-03 11:08:06.7109 INFO Get User Success :17-Bond Officer
2020-10-03 11:08:06.7335 INFO Sugarcanepurchase Get List Success
2020-10-03 11:08:06.7335 INFO Get User Success :17-Bond Officer
2020-10-03 11:08:06.7335 INFO Get User Success :17-Bond Officer
2020-10-03 11:08:07.8360 INFO Get User Success :17-Bond Officer
2020-10-03 11:08:07.8549 INFO Get Party Master List Success
2020-10-03 11:08:07.8549 INFO Get User Success :17-Bond Officer
2020-10-03 11:08:09.6599 INFO Sugarcanepurchase Get List Success
2020-10-03 11:08:09.6629 INFO Get User Success :17-Bond Officer
2020-10-03 11:08:18.5275 INFO Get User Success :17-Bond Officer
2020-10-03 11:08:18.5275 INFO Sugarcanepurchase Approve Sucess:3-H02
2020-10-03 11:08:18.5783 INFO Sugarcanepurchase Get List Success
2020-10-03 11:08:18.5783 INFO Get User Success :17-Bond Officer
2020-10-03 11:08:18.5833 INFO Get User Success :17-Bond Officer
2020-10-03 11:08:22.4804 INFO Get User Success :17-Bond Officer
2020-10-03 11:08:30.3644 INFO Get User Success :16-Harinagar Sugar
2020-10-03 11:08:32.5322 INFO Sugarcanepurchase Get List Success
2020-10-03 11:08:32.5322 INFO Get User Success :16-Harinagar Sugar
2020-10-03 11:08:32.5383 INFO Get User Success :16-Harinagar Sugar
2020-10-03 11:08:34.4915 INFO Get User Success :16-Harinagar Sugar
2020-10-03 11:08:34.5134 INFO Get Party Master List Success
2020-10-03 11:08:34.5134 INFO Get User Success :16-Harinagar Sugar
2020-10-03 11:08:35.8963 INFO Sugarcanepurchase Get List Success
2020-10-03 11:08:35.8963 INFO Get User Success :16-Harinagar Sugar
2020-10-03 11:08:49.1693 INFO Get Party Master List Success
2020-10-03 11:08:49.1693 INFO Get User Success :16-Harinagar Sugar
2020-10-03 11:12:36.8058 INFO Sugarcanepurchase Get List Success
2020-10-03 11:13:22.4290 INFO Get User Success :16-Harinagar Sugar
2020-10-03 11:13:22.4475 INFO Get User Success :16-Harinagar Sugar
2020-10-03 11:13:22.4665 INFO Sugarcanepurchase Get List Success
2020-10-03 11:13:22.4665 INFO Get User Success :16-Harinagar Sugar
2020-10-03 11:13:22.4665 INFO Get User Success :16-Harinagar Sugar
2020-10-03 11:13:35.4156 INFO Get User Success :16-Harinagar Sugar
2020-10-03 11:13:35.4376 INFO Get Party Master List Success
2020-10-03 11:13:35.4376 INFO Get User Success :16-Harinagar Sugar
2020-10-03 11:13:37.7261 INFO Sugarcanepurchase Get List Success
2020-10-03 11:13:37.7261 INFO Get User Success :16-Harinagar Sugar
2020-10-03 11:14:03.8246 INFO Get Party Master List Success
2020-10-03 11:14:03.8246 INFO Get User Success :16-Harinagar Sugar
2020-10-03 11:14:03.8246 INFO Sugarcanepurchase Get List Success
2020-10-03 11:14:03.8341 INFO Get User Success :16-Harinagar Sugar
2020-10-03 11:14:05.9104 INFO Get Party Master List Success
2020-10-03 11:14:05.9134 INFO Get User Success :16-Harinagar Sugar
2020-10-03 11:14:05.9134 INFO Sugarcanepurchase Get List Success
2020-10-03 11:14:05.9134 INFO Get User Success :16-Harinagar Sugar
2020-10-03 11:15:34.1916 INFO Get Party Master List Success
2020-10-03 11:15:34.1946 INFO Get User Success :16-Harinagar Sugar
2020-10-03 11:17:03.2850 INFO Sugarcanepurchase Get List Success
2020-10-03 11:17:03.9445 INFO Get User Success :16-Harinagar Sugar
2020-10-03 11:17:17.4844 INFO Get User Success :16-Harinagar Sugar
2020-10-03 11:17:17.5059 INFO Sugarcanepurchase Get List Success
2020-10-03 11:17:17.5059 INFO Get User Success :16-Harinagar Sugar
2020-10-03 11:17:17.5059 INFO Get User Success :16-Harinagar Sugar
2020-10-03 11:17:19.5749 INFO Get User Success :16-Harinagar Sugar
2020-10-03 11:17:19.5948 INFO Get Party Master List Success
2020-10-03 11:17:19.6028 INFO Get User Success :16-Harinagar Sugar
2020-10-03 11:17:19.6028 INFO Sugarcanepurchase Get List Success
2020-10-03 11:17:26.3669 INFO Get User Success :16-Harinagar Sugar
2020-10-03 11:17:46.2950 INFO Get Party Master List Success
2020-10-03 11:17:46.2950 INFO Get User Success :16-Harinagar Sugar
2020-10-03 11:18:27.5984 INFO Sugarcanepurchase Get List Success
2020-10-03 11:18:27.6134 INFO Get User Success :16-Harinagar Sugar
2020-10-03 11:18:38.4158 INFO Get Party Master List Success
2020-10-03 11:18:38.4158 INFO Get User Success :16-Harinagar Sugar
2020-10-03 11:18:51.3963 INFO Sugarcanepurchase Get List Success
2020-10-03 11:19:15.5507 INFO Get User Success :16-Harinagar Sugar
2020-10-03 11:19:23.2812 INFO Get Party Master List Success
2020-10-03 11:19:23.2812 INFO Get User Success :16-Harinagar Sugar
2020-10-03 11:19:24.6778 INFO Sugarcanepurchase Get List Success
2020-10-03 11:20:19.2699 INFO Get User Success :16-Harinagar Sugar
2020-10-03 11:20:32.0486 INFO Get Party Master List Success
2020-10-03 11:20:32.0486 INFO Get User Success :16-Harinagar Sugar
2020-10-03 11:20:43.2882 INFO Sugarcanepurchase Get List Success
2020-10-03 11:20:43.2882 INFO Get User Success :16-Harinagar Sugar
2020-10-03 11:20:53.6252 INFO Get User Success :16-Harinagar Sugar
2020-10-03 11:20:53.6444 INFO Sugarcanepurchase Get List Success
2020-10-03 11:20:53.6464 INFO Get User Success :16-Harinagar Sugar
2020-10-03 11:20:53.6464 INFO Get User Success :16-Harinagar Sugar
2020-10-03 11:20:55.5745 INFO Get User Success :16-Harinagar Sugar
2020-10-03 11:20:55.5938 INFO Get Party Master List Success
2020-10-03 11:20:55.5938 INFO Get User Success :16-Harinagar Sugar
2020-10-03 11:20:58.1224 INFO Sugarcanepurchase Get List Success
2020-10-03 11:20:58.1224 INFO Get User Success :16-Harinagar Sugar
2020-10-03 11:21:01.0539 INFO Get User Success :16-Harinagar Sugar
2020-10-03 11:21:01.0738 INFO Sugarcanepurchase Get List Success
2020-10-03 11:21:01.0738 INFO Get User Success :16-Harinagar Sugar
2020-10-03 11:21:01.0738 INFO Get User Success :16-Harinagar Sugar
2020-10-03 11:21:02.0140 INFO Get User Success :16-Harinagar Sugar
2020-10-03 11:21:02.0395 INFO Get Party Master List Success
2020-10-03 11:21:02.0395 INFO Get User Success :16-Harinagar Sugar
2020-10-03 11:21:02.0395 INFO Sugarcanepurchase Get List Success
2020-10-03 11:21:02.0395 INFO Get User Success :16-Harinagar Sugar
2020-10-03 11:21:27.6394 INFO Get Party Master List Success
2020-10-03 11:21:27.6394 INFO Get User Success :16-Harinagar Sugar
2020-10-03 11:21:34.3306 INFO Sugarcanepurchase Get List Success
2020-10-03 11:21:34.3339 INFO Get User Success :16-Harinagar Sugar
2020-10-03 11:21:44.2401 INFO Get Party Master List Success
2020-10-03 11:21:44.2401 INFO Get User Success :16-Harinagar Sugar
2020-10-03 11:21:48.9986 INFO Sugarcanepurchase Get List Success
2020-10-03 11:21:48.9986 INFO Get User Success :16-Harinagar Sugar
2020-10-03 11:21:52.7730 INFO Get User Success :16-Harinagar Sugar
2020-10-03 11:21:52.7943 INFO Sugarcanepurchase Get List Success
2020-10-03 11:21:52.7943 INFO Get User Success :16-Harinagar Sugar
2020-10-03 11:21:52.7943 INFO Get User Success :16-Harinagar Sugar
2020-10-03 11:21:54.9012 INFO Get User Success :16-Harinagar Sugar
2020-10-03 11:21:54.9220 INFO Get Party Master List Success
2020-10-03 11:21:54.9220 INFO Get User Success :16-Harinagar Sugar
2020-10-03 11:21:54.9270 INFO Sugarcanepurchase Get List Success
2020-10-03 11:21:54.9270 INFO Get User Success :16-Harinagar Sugar
2020-10-03 11:21:58.2170 INFO Get User Success :16-Harinagar Sugar
2020-10-03 11:21:58.2454 INFO Sugarcanepurchase Get List Success
2020-10-03 11:21:58.2454 INFO Get User Success :16-Harinagar Sugar
2020-10-03 11:21:58.2454 INFO Get User Success :16-Harinagar Sugar
2020-10-03 11:24:22.6209 INFO Sugarcanepurchase Get List Success
2020-10-03 11:29:21.9876 INFO Get User Success :14-Sreekanth Reddy
2020-10-03 11:29:25.1577 INFO Sugarcanepurchase Get List Success
2020-10-03 11:29:25.1577 INFO Get User Success :14-Sreekanth Reddy
2020-10-03 11:29:25.1637 INFO Get User Success :14-Sreekanth Reddy
2020-10-03 11:29:26.6855 INFO Get User Success :14-Sreekanth Reddy
2020-10-03 11:29:26.7331 INFO Get Party Master List Success
2020-10-03 11:29:26.7331 INFO Get User Success :14-Sreekanth Reddy
2020-10-03 11:29:26.7396 INFO Sugarcanepurchase Get List Success
2020-10-03 11:29:26.7396 INFO Get User Success :14-Sreekanth Reddy
2020-10-03 11:29:29.4549 INFO Get User Success :14-Sreekanth Reddy
2020-10-03 11:29:29.4768 INFO Get User Success :14-Sreekanth Reddy
2020-10-03 11:29:29.4768 INFO Get User Success :14-Sreekanth Reddy
2020-10-03 11:29:31.3090 INFO Get User Success :14-Sreekanth Reddy
2020-10-03 11:29:31.3316 INFO Get User Success :14-Sreekanth Reddy
2020-10-03 11:29:31.3346 INFO Get User Success :14-Sreekanth Reddy
2020-10-03 11:29:33.9031 INFO Get User Success :14-Sreekanth Reddy
2020-10-03 11:30:04.6202 INFO Get User Success :17-Bond Officer
2020-10-03 11:30:07.1334 INFO Sugarcanepurchase Get List Success
2020-10-03 11:30:07.1334 INFO Get User Success :17-Bond Officer
2020-10-03 11:30:07.1334 INFO Get User Success :17-Bond Officer
2020-10-03 11:30:08.7507 INFO Get User Success :17-Bond Officer
2020-10-03 11:30:08.7787 INFO Get Party Master List Success
2020-10-03 11:30:08.7787 INFO Get User Success :17-Bond Officer
2020-10-03 11:30:08.7787 INFO Sugarcanepurchase Get List Success
2020-10-03 11:30:08.7866 INFO Get User Success :17-Bond Officer
2020-10-03 11:31:22.2493 INFO Get User Success :17-Bond Officer
2020-10-03 11:31:22.2711 INFO Sugarcanepurchase Get List Success
2020-10-03 11:31:22.2711 INFO Get User Success :17-Bond Officer
2020-10-03 11:31:22.2711 INFO Get User Success :17-Bond Officer
2020-10-03 11:31:23.3431 INFO Get User Success :17-Bond Officer
2020-10-03 11:31:23.3642 INFO Get Party Master List Success
2020-10-03 11:31:23.3732 INFO Get User Success :17-Bond Officer
2020-10-03 11:31:23.3732 INFO Sugarcanepurchase Get List Success
2020-10-03 11:31:23.3732 INFO Get User Success :17-Bond Officer
2020-10-03 11:31:25.9267 INFO Get User Success :17-Bond Officer
2020-10-03 11:31:25.9475 INFO Sugarcanepurchase Get List Success
2020-10-03 11:31:25.9475 INFO Get User Success :17-Bond Officer
2020-10-03 11:31:25.9475 INFO Get User Success :17-Bond Officer
2020-10-03 11:31:26.9101 INFO Get User Success :17-Bond Officer
2020-10-03 11:31:26.9313 INFO Get Party Master List Success
2020-10-03 11:31:26.9313 INFO Get User Success :17-Bond Officer
2020-10-03 11:31:26.9313 INFO Sugarcanepurchase Get List Success
2020-10-03 11:31:26.9313 INFO Get User Success :17-Bond Officer
2020-10-03 11:31:29.6331 INFO Get User Success :17-Bond Officer
2020-10-03 11:31:29.6532 INFO Sugarcanepurchase Get List Success
2020-10-03 11:31:29.6532 INFO Get User Success :17-Bond Officer
2020-10-03 11:31:29.6532 INFO Get User Success :17-Bond Officer
2020-10-03 11:31:30.3100 INFO Get User Success :17-Bond Officer
2020-10-03 11:31:30.3314 INFO Get User Success :17-Bond Officer
2020-10-03 11:31:30.3334 INFO Get User Success :17-Bond Officer
2020-10-03 11:31:31.2300 INFO Get User Success :17-Bond Officer
2020-10-03 11:32:30.3668 INFO Get User Success :17-Bond Officer
2020-10-03 11:32:30.3668 INFO Get User Success :17-Bond Officer
2020-10-03 11:32:41.8245 INFO Get User Success :17-Bond Officer
2020-10-03 11:32:41.8468 INFO Get User Success :17-Bond Officer
2020-10-03 11:32:41.8488 INFO Get User Success :17-Bond Officer
2020-10-03 11:32:45.4752 INFO Get User Success :17-Bond Officer
2020-10-03 11:32:45.4752 INFO Get User Success :17-Bond Officer
2020-10-03 11:33:58.7565 INFO Get User Success :17-Bond Officer
2020-10-03 11:33:58.7565 INFO Get User Success :17-Bond Officer
2020-10-03 11:35:12.1708 INFO Get User Success :17-Bond Officer
2020-10-03 11:35:12.1708 INFO Get User Success :17-Bond Officer
2020-10-03 11:35:17.7265 INFO Get User Success :17-Bond Officer
2020-10-03 11:37:23.1342 INFO Get User Success :16-Harinagar Sugar
2020-10-03 11:37:25.4591 INFO Sugarcanepurchase Get List Success
2020-10-03 11:37:25.4591 INFO Get User Success :16-Harinagar Sugar
2020-10-03 11:37:25.4591 INFO Get User Success :16-Harinagar Sugar
2020-10-03 11:37:27.6130 INFO Get User Success :16-Harinagar Sugar
2020-10-03 11:37:29.3081 INFO Get User Success :16-Harinagar Sugar
2020-10-03 11:37:29.3081 INFO Get User Success :16-Harinagar Sugar
2020-10-03 11:37:31.3918 INFO Get User Success :16-Harinagar Sugar
2020-10-03 11:37:34.1406 INFO Get User Success :16-Harinagar Sugar
2020-10-03 11:37:34.1406 INFO Get User Success :16-Harinagar Sugar
2020-10-03 11:37:38.5921 INFO Get User Success :16-Harinagar Sugar
2020-10-03 11:37:38.6153 INFO Get User Success :16-Harinagar Sugar
2020-10-03 11:37:38.6153 INFO Get User Success :16-Harinagar Sugar
2020-10-03 11:37:40.1035 INFO Get User Success :16-Harinagar Sugar
2020-10-03 11:37:40.1294 INFO Get User Success :16-Harinagar Sugar
2020-10-03 11:37:40.1314 INFO Get User Success :16-Harinagar Sugar
2020-10-03 11:37:45.5392 INFO Get User Success :16-Harinagar Sugar
2020-10-03 11:37:45.5623 INFO Get User Success :16-Harinagar Sugar
2020-10-03 11:37:45.5623 INFO Get User Success :16-Harinagar Sugar
2020-10-03 11:41:15.7509 INFO Get User Success :16-Harinagar Sugar
2020-10-03 11:41:23.1054 INFO Sugarcanepurchase Get List Success
2020-10-03 11:41:23.1054 INFO Get User Success :16-Harinagar Sugar
2020-10-03 11:41:23.1183 INFO Get User Success :16-Harinagar Sugar
2020-10-03 11:41:25.9776 INFO Get User Success :16-Harinagar Sugar
2020-10-03 11:41:26.0215 INFO Get User Success :16-Harinagar Sugar
2020-10-03 11:41:26.0215 INFO Get User Success :16-Harinagar Sugar
2020-10-03 11:41:27.4001 INFO Get User Success :16-Harinagar Sugar
2020-10-03 11:41:27.4870 INFO Get User Success :16-Harinagar Sugar
2020-10-03 11:41:27.4896 INFO Get User Success :16-Harinagar Sugar
2020-10-03 11:41:29.9667 INFO Get User Success :16-Harinagar Sugar
2020-10-03 11:41:29.9904 INFO Get User Success :16-Harinagar Sugar
2020-10-03 11:41:29.9904 INFO Get User Success :16-Harinagar Sugar
2020-10-03 11:41:31.2399 INFO Get User Success :16-Harinagar Sugar
2020-10-03 11:41:31.2658 INFO Get User Success :16-Harinagar Sugar
2020-10-03 11:41:31.2658 INFO Get User Success :16-Harinagar Sugar
2020-10-03 11:43:01.6808 INFO Get User Success :16-Harinagar Sugar
2020-10-03 11:43:01.6808 INFO Get User Success :16-Harinagar Sugar
2020-10-03 11:43:06.8977 INFO Get User Success :16-Harinagar Sugar
2020-10-03 11:43:06.8977 INFO Get User Success :16-Harinagar Sugar
2020-10-03 11:43:09.2676 INFO Get User Success :16-Harinagar Sugar
2020-10-03 11:43:09.2894 INFO Get User Success :16-Harinagar Sugar
2020-10-03 11:43:09.2894 INFO Get User Success :16-Harinagar Sugar
2020-10-03 11:43:10.4508 INFO Get User Success :16-Harinagar Sugar
2020-10-03 11:43:11.4224 INFO Get User Success :16-Harinagar Sugar
2020-10-03 11:43:11.4304 INFO Get User Success :16-Harinagar Sugar
2020-10-03 11:43:13.6421 INFO Get User Success :16-Harinagar Sugar
2020-10-03 11:43:13.6888 INFO Get User Success :16-Harinagar Sugar
2020-10-03 11:43:13.6888 INFO Get User Success :16-Harinagar Sugar
2020-10-03 11:43:14.5987 INFO Get User Success :16-Harinagar Sugar
2020-10-03 11:43:15.6143 INFO Get User Success :16-Harinagar Sugar
2020-10-03 11:43:15.6210 INFO Get User Success :16-Harinagar Sugar
2020-10-03 11:43:22.0833 INFO Get User Success :16-Harinagar Sugar
2020-10-03 11:43:22.0833 INFO Get User Success :16-Harinagar Sugar
2020-10-03 11:43:22.1262 INFO Sugarcanepurchase Insertion Sucess:6-H02
2020-10-03 11:43:22.1533 INFO Get User Success :16-Harinagar Sugar
2020-10-03 11:43:22.1533 INFO Get User Success :16-Harinagar Sugar
2020-10-03 11:43:47.3054 INFO Get User Success :16-Harinagar Sugar
2020-10-03 11:43:48.5261 INFO Get User Success :16-Harinagar Sugar
2020-10-03 11:43:48.5261 INFO Get User Success :16-Harinagar Sugar
2020-10-03 11:43:53.8494 INFO Get User Success :16-Harinagar Sugar
2020-10-03 11:44:54.5196 INFO Get User Success :16-Harinagar Sugar
2020-10-03 11:45:39.3064 INFO Sugarcanepurchase Insertion Sucess:6-H02
2020-10-03 11:59:44.2755 INFO Get Party Type Master List Success
2020-10-03 11:59:45.7285 INFO Sugarcanepurchase Get List Success
2020-10-03 12:01:11.7200 INFO Get User Success :16-Harinagar Sugar
2020-10-03 12:01:14.1057 INFO Sugarcanepurchase Get List Success
2020-10-03 12:01:14.1057 INFO Get User Success :16-Harinagar Sugar
2020-10-03 12:01:14.1057 INFO Get User Success :16-Harinagar Sugar
2020-10-03 12:01:15.7999 INFO Get User Success :16-Harinagar Sugar
2020-10-03 12:01:15.8221 INFO Get User Success :16-Harinagar Sugar
2020-10-03 12:01:15.8221 INFO Get User Success :16-Harinagar Sugar
2020-10-03 12:01:17.4806 INFO Get User Success :16-Harinagar Sugar
2020-10-03 12:01:17.5025 INFO Get User Success :16-Harinagar Sugar
2020-10-03 12:01:18.7127 INFO Get User Success :16-Harinagar Sugar
2020-10-03 12:01:40.3290 INFO Get User Success :16-Harinagar Sugar
2020-10-03 12:03:05.4438 INFO Get User Success :16-Harinagar Sugar
2020-10-03 12:03:12.3609 INFO Get User Success :16-Harinagar Sugar
2020-10-03 12:03:12.3827 INFO Get User Success :16-Harinagar Sugar
2020-10-03 12:03:12.3827 INFO Get User Success :16-Harinagar Sugar
2020-10-03 12:03:15.1696 INFO Get User Success :16-Harinagar Sugar
2020-10-03 12:03:26.1601 INFO Get User Success :17-Bond Officer
2020-10-03 12:03:28.4036 INFO Sugarcanepurchase Get List Success
2020-10-03 12:03:28.4036 INFO Get User Success :17-Bond Officer
2020-10-03 12:03:28.4036 INFO Get User Success :17-Bond Officer
2020-10-03 12:03:29.5457 INFO Get User Success :17-Bond Officer
2020-10-03 12:03:29.5667 INFO Get User Success :17-Bond Officer
2020-10-03 12:04:45.8223 INFO Get User Success :17-Bond Officer
2020-10-03 12:05:48.2726 INFO Get User Success :17-Bond Officer
2020-10-03 12:05:51.6206 INFO Sugarcanepurchase Get List Success
2020-10-03 12:05:51.6206 INFO Get User Success :17-Bond Officer
2020-10-03 12:05:51.6335 INFO Get User Success :17-Bond Officer
2020-10-03 12:05:53.3694 INFO Get User Success :17-Bond Officer
2020-10-03 12:05:54.6367 INFO Get User Success :17-Bond Officer
2020-10-03 12:05:54.7055 INFO Get Party Master List Success
2020-10-03 12:05:54.7085 INFO Get User Success :17-Bond Officer
2020-10-03 12:05:54.7085 INFO Sugarcanepurchase Get List Success
2020-10-03 12:05:54.7085 INFO Get User Success :17-Bond Officer
2020-10-03 12:05:56.5975 INFO Get User Success :17-Bond Officer
2020-10-03 12:05:56.6053 INFO Get User Success :17-Bond Officer
2020-10-03 12:05:58.2578 INFO Get User Success :17-Bond Officer
2020-10-03 12:05:58.2777 INFO Sugarcanepurchase Get List Success
2020-10-03 12:05:58.2777 INFO Get User Success :17-Bond Officer
2020-10-03 12:05:58.2777 INFO Get User Success :17-Bond Officer
2020-10-03 12:05:59.1948 INFO Get User Success :17-Bond Officer
2020-10-03 12:05:59.2137 INFO Get Party Master List Success
2020-10-03 12:05:59.2137 INFO Get User Success :17-Bond Officer
2020-10-03 12:05:59.2137 INFO Sugarcanepurchase Get List Success
2020-10-03 12:05:59.2137 INFO Get User Success :17-Bond Officer
2020-10-03 12:06:02.6363 INFO Get User Success :17-Bond Officer
2020-10-03 12:06:02.6567 INFO Sugarcanepurchase Get List Success
2020-10-03 12:06:02.6567 INFO Get User Success :17-Bond Officer
2020-10-03 12:06:02.6567 INFO Get User Success :17-Bond Officer
2020-10-03 12:06:03.3245 INFO Get User Success :17-Bond Officer
2020-10-03 12:06:03.3431 INFO Get Party Master List Success
2020-10-03 12:06:03.3431 INFO Get User Success :17-Bond Officer
2020-10-03 12:06:03.3431 INFO Sugarcanepurchase Get List Success
2020-10-03 12:06:03.3501 INFO Get User Success :17-Bond Officer
2020-10-03 12:06:27.5503 INFO Get Party Master List Success
2020-10-03 12:06:27.5532 INFO Get User Success :17-Bond Officer
2020-10-03 12:06:27.5532 INFO Sugarcanepurchase Get List Success
2020-10-03 12:06:27.5532 INFO Get User Success :17-Bond Officer
2020-10-03 12:06:29.3980 INFO Get Party Master List Success
2020-10-03 12:06:29.3980 INFO Get User Success :17-Bond Officer
2020-10-03 12:06:29.3980 INFO Sugarcanepurchase Get List Success
2020-10-03 12:06:29.3980 INFO Get User Success :17-Bond Officer
2020-10-03 12:06:40.3966 INFO Get Party Master List Success
2020-10-03 12:06:40.3966 INFO Get User Success :17-Bond Officer
2020-10-03 12:06:40.3966 INFO Sugarcanepurchase Get List Success
2020-10-03 12:06:40.3966 INFO Get User Success :17-Bond Officer
2020-10-03 12:06:42.0602 INFO Get User Success :17-Bond Officer
2020-10-03 12:06:42.0801 INFO Sugarcanepurchase Get List Success
2020-10-03 12:06:42.0801 INFO Get User Success :17-Bond Officer
2020-10-03 12:06:42.0851 INFO Get User Success :17-Bond Officer
2020-10-03 12:06:44.7171 INFO Get User Success :17-Bond Officer
2020-10-03 12:06:44.7379 INFO Get Party Master List Success
2020-10-03 12:06:44.7409 INFO Get User Success :17-Bond Officer
2020-10-03 12:06:44.7409 INFO Sugarcanepurchase Get List Success
2020-10-03 12:06:44.7409 INFO Get User Success :17-Bond Officer
2020-10-03 12:06:46.6504 INFO Get User Success :17-Bond Officer
2020-10-03 12:06:46.6710 INFO Sugarcanepurchase Get List Success
2020-10-03 12:06:46.6710 INFO Get User Success :17-Bond Officer
2020-10-03 12:06:46.6710 INFO Get User Success :17-Bond Officer
2020-10-03 12:06:47.7257 INFO Get User Success :17-Bond Officer
2020-10-03 12:06:47.7523 INFO Get Party Master List Success
2020-10-03 12:06:47.7523 INFO Get User Success :17-Bond Officer
2020-10-03 12:06:47.7572 INFO Sugarcanepurchase Get List Success
2020-10-03 12:06:47.7572 INFO Get User Success :17-Bond Officer
2020-10-03 12:06:50.6175 INFO Get User Success :17-Bond Officer
2020-10-03 12:06:50.6396 INFO Get User Success :17-Bond Officer
2020-10-03 12:06:50.6396 INFO Get User Success :17-Bond Officer
2020-10-03 12:06:51.7383 INFO Get User Success :17-Bond Officer
2020-10-03 12:06:51.7890 INFO Get User Success :17-Bond Officer
2020-10-03 12:06:53.3270 INFO Get User Success :17-Bond Officer
2020-10-03 12:07:02.3026 INFO Get User Success :17-Bond Officer
2020-10-03 12:07:02.3254 INFO Get User Success :17-Bond Officer
2020-10-03 12:07:02.3254 INFO Get User Success :17-Bond Officer
2020-10-03 12:07:03.6863 INFO Get User Success :17-Bond Officer
2020-10-03 12:07:03.7092 INFO Get User Success :17-Bond Officer
2020-10-03 12:07:07.9778 INFO Get User Success :17-Bond Officer
2020-10-03 12:07:13.0383 INFO Get User Success :17-Bond Officer
2020-10-03 12:07:13.0690 INFO Sugarcanepurchase Approve Sucess:H02-29-09-2020
2020-10-03 12:07:13.0930 INFO Get User Success :17-Bond Officer
2020-10-03 12:07:13.0930 INFO Get User Success :17-Bond Officer
2020-10-03 12:07:15.1779 INFO Get User Success :17-Bond Officer
2020-10-03 12:07:15.2063 INFO Get User Success :17-Bond Officer
2020-10-03 12:07:15.2132 INFO Get User Success :17-Bond Officer
2020-10-03 12:07:17.8530 INFO Get User Success :17-Bond Officer
2020-10-03 12:07:17.8771 INFO Get User Success :17-Bond Officer
2020-10-03 12:07:17.8771 INFO Get User Success :17-Bond Officer
2020-10-03 12:07:29.9789 INFO Get User Success :17-Bond Officer
2020-10-03 12:07:30.0010 INFO Get User Success :17-Bond Officer
2020-10-03 12:07:30.0069 INFO Get User Success :17-Bond Officer
2020-10-03 12:07:37.5831 INFO Get User Success :17-Bond Officer
2020-10-03 12:08:05.6183 INFO Get User Success :17-Bond Officer
2020-10-03 12:08:15.7944 INFO Get User Success :17-Bond Officer
2020-10-03 12:08:49.8333 INFO Get User Success :17-Bond Officer
2020-10-03 12:08:53.7592 INFO Get User Success :17-Bond Officer
2020-10-03 12:08:53.7833 INFO Get User Success :17-Bond Officer
2020-10-03 12:08:53.7833 INFO Get User Success :17-Bond Officer
2020-10-03 12:08:56.2511 INFO Get User Success :17-Bond Officer
2020-10-03 12:08:56.2731 INFO Get User Success :17-Bond Officer
2020-10-03 12:11:55.6831 INFO Get User Success :17-Bond Officer
2020-10-03 12:12:03.1764 INFO Get User Success :17-Bond Officer
2020-10-03 12:12:03.1971 INFO Get User Success :17-Bond Officer
2020-10-03 12:12:03.1971 INFO Get User Success :17-Bond Officer
2020-10-03 12:12:04.3158 INFO Get User Success :17-Bond Officer
2020-10-03 12:12:04.3357 INFO Get User Success :17-Bond Officer
2020-10-03 12:12:07.6377 INFO Get User Success :17-Bond Officer
2020-10-03 12:21:08.3785 INFO Get User Success :17-Bond Officer
2020-10-03 12:21:08.4164 INFO Get User Success :17-Bond Officer
2020-10-03 12:21:08.8298 INFO Get User Success :17-Bond Officer
2020-10-03 12:21:08.8685 INFO Get User Success :17-Bond Officer
2020-10-03 12:21:08.8815 INFO Get User Success :17-Bond Officer
2020-10-03 12:21:11.4272 INFO Get User Success :17-Bond Officer
2020-10-03 12:21:11.4667 INFO Get User Success :17-Bond Officer
2020-10-03 12:21:11.4787 INFO Get User Success :17-Bond Officer
2020-10-03 12:36:13.0163 INFO Sugarcanepurchase Get List Success
2020-10-03 12:36:13.3504 INFO Get Party Type Master List Success
2020-10-03 12:37:26.3771 INFO Sugarcanepurchase Get List Success
2020-10-03 12:37:27.8357 INFO Get Party Master List Success
2020-10-03 12:37:31.7914 INFO Sugarcanepurchase Get List Success
2020-10-03 12:43:52.8411 INFO Get User Success :16-Harinagar Sugar
2020-10-03 12:43:54.8540 INFO Sugarcanepurchase Get List Success
2020-10-03 12:43:54.8540 INFO Get User Success :16-Harinagar Sugar
2020-10-03 12:43:54.8540 INFO Get User Success :16-Harinagar Sugar
2020-10-03 12:43:55.7899 INFO Get User Success :16-Harinagar Sugar
2020-10-03 12:43:55.8089 INFO Get User Success :16-Harinagar Sugar
2020-10-03 12:43:55.8179 INFO Get User Success :16-Harinagar Sugar
2020-10-03 12:43:59.5525 INFO Get User Success :16-Harinagar Sugar
2020-10-03 12:43:59.5790 INFO Get User Success :16-Harinagar Sugar
2020-10-03 12:43:59.5859 INFO Get User Success :16-Harinagar Sugar
2020-10-03 12:44:06.1432 INFO Get User Success :16-Harinagar Sugar
2020-10-03 12:44:06.1624 INFO Get User Success :16-Harinagar Sugar
2020-10-03 12:44:06.1624 INFO Get User Success :16-Harinagar Sugar
2020-10-03 12:44:08.7993 INFO Get User Success :16-Harinagar Sugar
2020-10-03 12:44:08.8205 INFO Get User Success :16-Harinagar Sugar
2020-10-03 12:44:08.8205 INFO Get User Success :16-Harinagar Sugar
2020-10-03 12:44:11.2065 INFO Get User Success :16-Harinagar Sugar
2020-10-03 12:44:11.2248 INFO Get MaxID Success :openingbalance
2020-10-03 12:44:11.2913 INFO Get User Success :16-Harinagar Sugar
2020-10-03 12:44:11.2913 INFO Get User Success :16-Harinagar Sugar
2020-10-03 12:44:52.8978 INFO Get User Success :16-Harinagar Sugar
2020-10-03 12:46:09.4999 INFO Get User Success :16-Harinagar Sugar
2020-10-03 12:46:14.9940 INFO Sugarcanepurchase Get List Success
2020-10-03 12:46:14.9940 INFO Get User Success :16-Harinagar Sugar
2020-10-03 12:46:15.0055 INFO Get User Success :16-Harinagar Sugar
2020-10-03 12:46:17.0626 INFO Get User Success :16-Harinagar Sugar
2020-10-03 12:46:18.3536 INFO Get User Success :16-Harinagar Sugar
2020-10-03 12:52:40.1191 INFO Get User Success :16-Harinagar Sugar
2020-10-03 12:52:44.8132 INFO Get User Success :16-Harinagar Sugar
2020-10-03 12:52:44.8556 INFO Get User Success :16-Harinagar Sugar
2020-10-03 12:52:44.8665 INFO Get User Success :16-Harinagar Sugar
2020-10-03 12:52:52.9700 INFO Get User Success :16-Harinagar Sugar
2020-10-03 12:52:52.9878 INFO Get MaxID Success :openingbalance
2020-10-03 12:52:53.0425 INFO Get User Success :16-Harinagar Sugar
2020-10-03 12:52:55.3053 INFO Get User Success :16-Harinagar Sugar
2020-10-03 12:53:03.0511 INFO Get User Success :16-Harinagar Sugar
2020-10-03 12:53:03.0777 INFO Get User Success :16-Harinagar Sugar
2020-10-03 12:53:03.0836 INFO Get User Success :16-Harinagar Sugar
2020-10-03 12:53:04.7848 INFO Get User Success :16-Harinagar Sugar
2020-10-03 12:53:04.8058 INFO Get User Success :16-Harinagar Sugar
2020-10-03 13:12:22.1301 INFO Get State List Success
2020-10-03 13:12:24.4023 INFO Get Division List Success
2020-10-03 13:12:29.7767 INFO Get State List Success
2020-10-03 13:12:43.6895 INFO Get Division List Success
2020-10-03 13:12:44.7638 INFO Get State List Success
2020-10-03 13:12:45.7659 INFO Get Division List Success
2020-10-03 13:12:46.4597 INFO Get State List Success
2020-10-03 13:12:47.3433 INFO Get Division List Success
2020-10-03 13:23:32.6664 INFO Sugarcanepurchase Get List Success
2020-10-03 14:48:41.1926 INFO Sugarcanepurchase Get List Success
2020-10-03 14:59:09.3155 INFO Sugarcanepurchase Get List Success
2020-10-03 14:59:11.0885 INFO Get Party Master List Success
2020-10-03 14:59:11.0885 INFO Sugarcanepurchase Get List Success
2020-10-03 15:00:46.1385 INFO Sugarcanepurchase Get List Success
2020-10-03 15:00:48.6633 INFO Get Party Master List Success
2020-10-03 15:00:48.6633 INFO Sugarcanepurchase Get List Success
2020-10-03 15:00:53.9308 INFO Sugarcanepurchase Get List Success
2020-10-03 15:01:59.1711 INFO Get RolePermissions List Success
2020-10-03 15:02:45.2000 INFO Org Get List Success
2020-10-03 15:02:45.2000 INFO Get Module_master In ViewModel Success 
2020-10-03 15:02:45.2148 INFO Get SubModule_master In ViewModel Success 
2020-10-03 15:02:45.2390 INFO Get TabName Master In ViewModel Success 
2020-10-03 15:02:45.2405 INFO Get TabName Master In ViewModel Success 
2020-10-03 15:02:45.2405 INFO Get TabName Master In ViewModel Success 
2020-10-03 15:02:45.2405 INFO Get SubModule_master In ViewModel Success 
2020-10-03 15:02:45.2405 INFO Get SubModule_master In ViewModel Success 
2020-10-03 15:02:45.2405 INFO Get TabName Master In ViewModel Success 
2020-10-03 15:02:45.2405 INFO Get TabName Master In ViewModel Success 
2020-10-03 15:02:45.2405 INFO Get Module_master In ViewModel Success 
2020-10-03 15:02:45.2405 INFO Get SubModule_master In ViewModel Success 
2020-10-03 15:02:45.2405 INFO Get TabName Master In ViewModel Success 
2020-10-03 15:02:45.2405 INFO Get SubModule_master In ViewModel Success 
2020-10-03 15:02:45.2405 INFO Get SubModule_master In ViewModel Success 
2020-10-03 15:02:45.2405 INFO Get TabName Master In ViewModel Success 
2020-10-03 15:02:45.2405 INFO Get Module_master In ViewModel Success 
2020-10-03 15:02:45.2405 INFO Get Module_master In ViewModel Success 
2020-10-03 15:02:45.2405 INFO Get ViewModel Success 
2020-10-03 15:02:45.4658 INFO Get RolePermission Success
2020-10-03 15:13:21.9677 INFO Get RolePermissions List Success
2020-10-03 15:13:33.4162 INFO Get WorkFlow List Success
2020-10-03 15:36:21.2569 INFO Get Party Type Master List Success
2020-10-03 15:36:23.0620 INFO Get Party Master List Success
2020-10-03 15:36:24.5000 INFO Get Party Type Master List Success
2020-10-03 15:36:26.7784 INFO Get Party Master List Success
2020-10-03 15:36:30.3422 INFO Get Party Master List Success
2020-10-03 15:36:45.9404 INFO Get Party Master List Success
2020-10-03 15:37:23.9588 INFO Get Party Master List Success
2020-10-03 15:37:57.6285 INFO Get Party Master List Success
2020-10-03 15:38:12.7293 INFO Get Party Master List Success
2020-10-03 15:39:38.5576 INFO Get Party Master List Success
2020-10-03 15:39:49.3667 INFO Get Party Master List Success
2020-10-03 16:51:26.1839 INFO Sugarcanepurchase Get List Success
2020-10-03 16:52:51.4938 INFO Sugarcanepurchase Get List Success
2020-10-03 16:56:23.1527 INFO Sugarcanepurchase Get List Success
2020-10-03 16:57:00.7406 INFO Get User Success :16-Harinagar Sugar
2020-10-03 16:57:02.7173 INFO Sugarcanepurchase Get List Success
2020-10-03 16:57:02.7173 INFO Get User Success :16-Harinagar Sugar
2020-10-03 16:57:02.7173 INFO Get User Success :16-Harinagar Sugar
2020-10-03 16:57:03.6761 INFO Get User Success :16-Harinagar Sugar
2020-10-03 16:57:03.6951 INFO Get User Success :16-Harinagar Sugar
2020-10-03 16:57:03.6951 INFO Get User Success :16-Harinagar Sugar
2020-10-03 16:57:04.8722 INFO Get User Success :16-Harinagar Sugar
2020-10-03 16:57:04.8931 INFO Get User Success :16-Harinagar Sugar
2020-10-03 16:57:04.9031 INFO Get User Success :16-Harinagar Sugar
2020-10-03 16:57:17.2969 INFO Get User Success :16-Harinagar Sugar
2020-10-03 16:58:09.6447 INFO Get User Success :16-Harinagar Sugar
2020-10-03 16:58:14.9974 INFO Get User Success :16-Harinagar Sugar
2020-10-03 17:00:44.6404 INFO Get User Success :16-Harinagar Sugar
2020-10-03 17:06:07.3993 INFO Get User Success :16-Harinagar Sugar
2020-10-03 17:06:12.2599 INFO Sugarcanepurchase Get List Success
2020-10-03 17:06:12.2599 INFO Get User Success :16-Harinagar Sugar
2020-10-03 17:06:12.2722 INFO Get User Success :16-Harinagar Sugar
2020-10-03 17:06:14.8859 INFO Get User Success :16-Harinagar Sugar
2020-10-03 17:06:17.1687 INFO Get User Success :16-Harinagar Sugar
2020-10-03 17:06:17.1833 INFO Get User Success :16-Harinagar Sugar
2020-10-03 17:06:18.4069 INFO Get User Success :16-Harinagar Sugar
2020-10-03 17:06:18.4516 INFO Get User Success :16-Harinagar Sugar
2020-10-03 17:06:20.0290 INFO Get User Success :16-Harinagar Sugar
2020-10-03 17:07:11.7080 INFO Get User Success :16-Harinagar Sugar
2020-10-03 17:08:02.2652 INFO Get User Success :16-Harinagar Sugar
2020-10-03 17:08:07.9062 INFO Get User Success :16-Harinagar Sugar
2020-10-03 17:08:44.5488 INFO Get User Success :16-Harinagar Sugar
2020-10-03 17:08:49.9938 INFO Get User Success :16-Harinagar Sugar
2020-10-03 17:08:50.0165 INFO Get User Success :16-Harinagar Sugar
2020-10-03 17:08:50.0214 INFO Get User Success :16-Harinagar Sugar
2020-10-03 17:10:08.5818 INFO Get User Success :16-Harinagar Sugar
2020-10-03 17:10:08.5899 INFO Get User Success :16-Harinagar Sugar
2020-10-03 17:10:10.8238 INFO Get User Success :16-Harinagar Sugar
2020-10-03 17:10:10.8479 INFO Get User Success :16-Harinagar Sugar
2020-10-03 17:10:12.2833 INFO Get User Success :16-Harinagar Sugar
2020-10-03 17:10:18.6511 INFO Get User Success :16-Harinagar Sugar
2020-10-03 17:11:31.7583 INFO Get User Success :16-Harinagar Sugar
2020-10-03 17:11:44.4109 INFO Get User Success :16-Harinagar Sugar
2020-10-03 17:12:11.7187 INFO Get User Success :16-Harinagar Sugar
2020-10-03 17:12:26.9731 INFO Get User Success :16-Harinagar Sugar
2020-10-03 17:12:37.5497 INFO Get User Success :16-Harinagar Sugar
2020-10-03 17:12:52.0440 INFO Get User Success :16-Harinagar Sugar
2020-10-03 17:12:52.0621 INFO Get MaxID Success :openingbalance
2020-10-03 17:12:52.1177 INFO Get User Success :16-Harinagar Sugar
2020-10-03 17:12:52.1177 INFO Get User Success :16-Harinagar Sugar
2020-10-03 17:32:35.4220 INFO Get User Success :16-Harinagar Sugar
2020-10-03 17:32:39.2805 INFO Sugarcanepurchase Get List Success
2020-10-03 17:32:39.2805 INFO Get User Success :16-Harinagar Sugar
2020-10-03 17:32:39.2922 INFO Get User Success :16-Harinagar Sugar
2020-10-03 17:32:40.2652 INFO Get User Success :16-Harinagar Sugar
2020-10-03 17:32:42.6365 INFO Get User Success :16-Harinagar Sugar
2020-10-03 17:32:42.6611 INFO Get User Success :16-Harinagar Sugar
2020-10-03 17:32:43.8919 INFO Get User Success :16-Harinagar Sugar
2020-10-03 17:32:43.9429 INFO Get User Success :16-Harinagar Sugar
2020-10-03 17:32:45.5047 INFO Get User Success :16-Harinagar Sugar
2020-10-03 17:32:51.1825 INFO Get User Success :16-Harinagar Sugar
2020-10-03 17:35:36.6209 INFO Get User Success :16-Harinagar Sugar
2020-10-03 17:35:36.6209 INFO Get User Success :16-Harinagar Sugar
2020-10-03 17:35:52.0479 INFO Get User Success :16-Harinagar Sugar
2020-10-03 17:35:52.0688 INFO Get User Success :16-Harinagar Sugar
2020-10-03 17:35:53.4022 INFO Get User Success :16-Harinagar Sugar
2020-10-03 17:35:56.8547 INFO Get User Success :16-Harinagar Sugar
2020-10-03 17:36:23.3168 INFO Get User Success :16-Harinagar Sugar
2020-10-03 17:36:23.3228 INFO Get User Success :16-Harinagar Sugar
2020-10-03 17:36:28.2048 INFO Get User Success :16-Harinagar Sugar
2020-10-03 17:36:38.6493 INFO Get User Success :17-Bond Officer
2020-10-03 17:36:40.6447 INFO Sugarcanepurchase Get List Success
2020-10-03 17:36:40.6477 INFO Get User Success :17-Bond Officer
2020-10-03 17:36:40.6477 INFO Get User Success :17-Bond Officer
2020-10-03 17:36:41.6822 INFO Get User Success :17-Bond Officer
2020-10-03 17:36:41.7036 INFO Get User Success :17-Bond Officer
2020-10-03 17:36:41.7086 INFO Get User Success :17-Bond Officer
2020-10-03 17:36:42.9244 INFO Get User Success :17-Bond Officer
2020-10-03 17:36:42.9508 INFO Get User Success :17-Bond Officer
2020-10-03 17:36:44.2149 INFO Get User Success :17-Bond Officer
2020-10-03 17:36:50.7745 INFO Get User Success :17-Bond Officer
2020-10-03 17:37:22.0305 INFO Get User Success :17-Bond Officer
2020-10-03 17:37:55.5432 INFO Get User Success :17-Bond Officer
2020-10-03 17:39:24.7213 INFO Get User Success :17-Bond Officer
2020-10-03 17:39:24.7263 INFO Get User Success :17-Bond Officer
2020-10-03 17:39:29.7920 INFO Get User Success :17-Bond Officer
2020-10-03 17:39:37.3530 INFO Get User Success :16-Harinagar Sugar
2020-10-03 17:39:39.1640 INFO Sugarcanepurchase Get List Success
2020-10-03 17:39:39.1640 INFO Get User Success :16-Harinagar Sugar
2020-10-03 17:39:39.1640 INFO Get User Success :16-Harinagar Sugar
2020-10-03 17:39:44.6263 INFO Get User Success :16-Harinagar Sugar
2020-10-03 17:39:44.6951 INFO Get User Success :16-Harinagar Sugar
2020-10-03 17:39:44.6951 INFO Get User Success :16-Harinagar Sugar
2020-10-03 17:39:45.7494 INFO Get User Success :16-Harinagar Sugar
2020-10-03 17:39:45.7693 INFO Get User Success :16-Harinagar Sugar
2020-10-03 17:39:47.1239 INFO Get User Success :16-Harinagar Sugar
2020-10-03 17:39:54.1443 INFO Get User Success :16-Harinagar Sugar
2020-10-03 17:39:58.9088 INFO Get User Success :16-Harinagar Sugar
2020-10-03 17:39:58.9137 INFO Get User Success :16-Harinagar Sugar
2020-10-03 17:40:02.7564 INFO Get User Success :16-Harinagar Sugar
2020-10-03 17:40:10.2656 INFO Get User Success :17-Bond Officer
2020-10-03 17:40:12.3844 INFO Sugarcanepurchase Get List Success
2020-10-03 17:40:12.3844 INFO Get User Success :17-Bond Officer
2020-10-03 17:40:12.3844 INFO Get User Success :17-Bond Officer
2020-10-03 17:40:14.8972 INFO Get User Success :17-Bond Officer
2020-10-03 17:40:14.9263 INFO Get User Success :17-Bond Officer
2020-10-03 17:40:14.9318 INFO Get User Success :17-Bond Officer
2020-10-03 17:40:15.9484 INFO Get User Success :17-Bond Officer
2020-10-03 17:40:15.9669 INFO Get User Success :17-Bond Officer
2020-10-03 17:40:17.5812 INFO Get User Success :17-Bond Officer
2020-10-03 17:40:22.1412 INFO Get User Success :17-Bond Officer
2020-10-03 17:40:22.1855 INFO Get User Success :17-Bond Officer
2020-10-03 17:40:22.1855 INFO Get User Success :17-Bond Officer
2020-10-03 17:40:24.4942 INFO Get User Success :17-Bond Officer
2020-10-03 17:40:24.5191 INFO Get User Success :17-Bond Officer
2020-10-03 17:40:27.1819 INFO Get User Success :17-Bond Officer
2020-10-03 17:40:36.2385 INFO Get User Success :17-Bond Officer
2020-10-03 17:41:13.6556 INFO Get User Success :17-Bond Officer
2020-10-03 17:41:24.0124 INFO Get User Success :17-Bond Officer
2020-10-03 17:42:32.6335 INFO Get User Success :17-Bond Officer
2020-10-03 17:42:38.7674 INFO Get User Success :17-Bond Officer
2020-10-03 17:42:59.3998 INFO Get User Success :17-Bond Officer
2020-10-03 17:43:23.9828 INFO Get User Success :17-Bond Officer
2020-10-03 17:43:24.0051 INFO Get User Success :17-Bond Officer
2020-10-03 17:43:24.0051 INFO Get User Success :17-Bond Officer
2020-10-03 17:43:26.8147 INFO Get User Success :17-Bond Officer
2020-10-03 17:43:26.8363 INFO Get User Success :17-Bond Officer
2020-10-03 17:43:26.8363 INFO Get User Success :17-Bond Officer
2020-10-03 17:43:29.5004 INFO Get User Success :17-Bond Officer
2020-10-03 17:43:29.5205 INFO Get User Success :17-Bond Officer
2020-10-03 17:43:29.5255 INFO Get User Success :17-Bond Officer
2020-10-03 17:43:30.2339 INFO Get User Success :17-Bond Officer
2020-10-03 17:43:30.2746 INFO Get User Success :17-Bond Officer
2020-10-03 17:43:30.2746 INFO Get User Success :17-Bond Officer
2020-10-03 17:43:31.3169 INFO Get User Success :17-Bond Officer
2020-10-03 17:43:31.3987 INFO Get User Success :17-Bond Officer
2020-10-03 17:43:31.4236 INFO Get User Success :17-Bond Officer
2020-10-03 17:43:34.0595 INFO Get User Success :17-Bond Officer
2020-10-03 17:43:34.0882 INFO Get User Success :17-Bond Officer
2020-10-03 17:43:34.0882 INFO Get User Success :17-Bond Officer
2020-10-03 17:43:34.8976 INFO Get User Success :17-Bond Officer
2020-10-03 17:43:34.9200 INFO Sugarcanepurchase Get List Success
2020-10-03 17:43:34.9200 INFO Get User Success :17-Bond Officer
2020-10-03 17:43:34.9200 INFO Get User Success :17-Bond Officer
2020-10-03 17:43:35.9738 INFO Get User Success :17-Bond Officer
2020-10-03 17:43:36.0254 INFO Get Party Master List Success
2020-10-03 17:43:36.0254 INFO Get User Success :17-Bond Officer
2020-10-03 17:43:36.0254 INFO Sugarcanepurchase Get List Success
2020-10-03 17:43:36.0403 INFO Get User Success :17-Bond Officer
2020-10-03 17:43:39.4837 INFO Get User Success :17-Bond Officer
2020-10-03 17:43:39.5047 INFO Sugarcanepurchase Get List Success
2020-10-03 17:43:39.5077 INFO Get User Success :17-Bond Officer
2020-10-03 17:43:39.5077 INFO Get User Success :17-Bond Officer
2020-10-03 17:43:41.0827 INFO Get User Success :17-Bond Officer
2020-10-03 17:43:41.1038 INFO Get Party Master List Success
2020-10-03 17:43:41.1038 INFO Get User Success :17-Bond Officer
2020-10-03 17:43:41.1038 INFO Sugarcanepurchase Get List Success
2020-10-03 17:43:41.1038 INFO Get User Success :17-Bond Officer
2020-10-03 17:43:43.3738 INFO Get User Success :17-Bond Officer
2020-10-03 17:43:43.4026 INFO Sugarcanepurchase Get List Success
2020-10-03 17:43:43.4026 INFO Get User Success :17-Bond Officer
2020-10-03 17:43:43.4026 INFO Get User Success :17-Bond Officer
2020-10-03 17:43:44.1832 INFO Get User Success :17-Bond Officer
2020-10-03 17:43:44.2072 INFO Get Party Master List Success
2020-10-03 17:43:44.2102 INFO Get User Success :17-Bond Officer
2020-10-03 17:43:44.2102 INFO Sugarcanepurchase Get List Success
2020-10-03 17:43:44.2102 INFO Get User Success :17-Bond Officer
2020-10-03 17:43:49.3572 INFO Get User Success :17-Bond Officer
2020-10-03 17:43:49.3810 INFO Sugarcanepurchase Get List Success
2020-10-03 17:43:49.3810 INFO Get User Success :17-Bond Officer
2020-10-03 17:43:49.3810 INFO Get User Success :17-Bond Officer
2020-10-03 17:43:51.3173 INFO Get User Success :17-Bond Officer
2020-10-03 17:43:51.3373 INFO Get Party Master List Success
2020-10-03 17:43:51.3373 INFO Get User Success :17-Bond Officer
2020-10-03 17:43:51.3373 INFO Sugarcanepurchase Get List Success
2020-10-03 17:43:51.3373 INFO Get User Success :17-Bond Officer
2020-10-03 17:43:52.6951 INFO Get User Success :17-Bond Officer
2020-10-03 17:43:52.7138 INFO Sugarcanepurchase Get List Success
2020-10-03 17:43:52.7138 INFO Get User Success :17-Bond Officer
2020-10-03 17:43:52.7138 INFO Get User Success :17-Bond Officer
2020-10-03 17:43:53.7315 INFO Get User Success :17-Bond Officer
2020-10-03 17:43:53.7493 INFO Get Party Master List Success
2020-10-03 17:43:53.7493 INFO Get User Success :17-Bond Officer
2020-10-03 17:43:53.7493 INFO Sugarcanepurchase Get List Success
2020-10-03 17:43:53.7563 INFO Get User Success :17-Bond Officer
2020-10-03 17:44:15.5646 INFO Get Party Master List Success
2020-10-03 17:44:15.5736 INFO Get User Success :17-Bond Officer
2020-10-03 17:44:15.5846 INFO Sugarcanepurchase Get List Success
2020-10-03 17:44:38.3985 INFO Get User Success :17-Bond Officer
2020-10-03 17:44:44.2508 INFO Get User Success :17-Bond Officer
2020-10-03 17:44:44.2786 INFO Sugarcanepurchase Get List Success
2020-10-03 17:44:44.2786 INFO Get User Success :17-Bond Officer
2020-10-03 17:44:44.2786 INFO Get User Success :17-Bond Officer
2020-10-03 17:44:45.5476 INFO Get User Success :17-Bond Officer
2020-10-03 17:44:45.5780 INFO Get User Success :17-Bond Officer
2020-10-03 17:44:45.5780 INFO Get User Success :17-Bond Officer
2020-10-03 17:44:46.8757 INFO Get User Success :17-Bond Officer
2020-10-03 17:44:46.8972 INFO Get User Success :17-Bond Officer
2020-10-03 17:44:46.8972 INFO Get User Success :17-Bond Officer
2020-10-03 17:44:57.7701 INFO Get User Success :17-Bond Officer
2020-10-03 17:44:57.7988 INFO Get User Success :17-Bond Officer
2020-10-03 17:44:57.7988 INFO Get User Success :17-Bond Officer
2020-10-03 17:44:59.7631 INFO Get User Success :17-Bond Officer
2020-10-03 17:44:59.7830 INFO Sugarcanepurchase Get List Success
2020-10-03 17:44:59.7830 INFO Get User Success :17-Bond Officer
2020-10-03 17:44:59.7910 INFO Get User Success :17-Bond Officer
2020-10-03 17:45:00.7986 INFO Get User Success :17-Bond Officer
2020-10-03 17:45:00.8195 INFO Get Party Master List Success
2020-10-03 17:45:00.8195 INFO Get User Success :17-Bond Officer
2020-10-03 17:45:00.8195 INFO Sugarcanepurchase Get List Success
2020-10-03 17:45:00.8195 INFO Get User Success :17-Bond Officer
2020-10-03 17:45:05.2717 INFO Get User Success :17-Bond Officer
2020-10-03 17:45:05.2936 INFO Sugarcanepurchase Get List Success
2020-10-03 17:45:05.2936 INFO Get User Success :17-Bond Officer
2020-10-03 17:45:05.2936 INFO Get User Success :17-Bond Officer
2020-10-03 17:49:45.8422 INFO Get User Success :17-Bond Officer
2020-10-03 17:49:45.8642 INFO Get Party Master List Success
2020-10-03 17:49:45.8662 INFO Get User Success :17-Bond Officer
2020-10-03 17:49:45.8662 INFO Sugarcanepurchase Get List Success
2020-10-03 17:49:45.8662 INFO Get User Success :17-Bond Officer
2020-10-03 17:49:48.1910 INFO Get User Success :17-Bond Officer
2020-10-03 17:49:48.2113 INFO Sugarcanepurchase Get List Success
2020-10-03 17:49:48.2113 INFO Get User Success :17-Bond Officer
2020-10-03 17:49:48.2113 INFO Get User Success :17-Bond Officer
2020-10-03 17:49:49.2046 INFO Get User Success :17-Bond Officer
2020-10-03 17:49:49.2265 INFO Get Party Master List Success
2020-10-03 17:49:49.2265 INFO Get User Success :17-Bond Officer
2020-10-03 17:49:49.2265 INFO Sugarcanepurchase Get List Success
2020-10-03 17:49:49.2265 INFO Get User Success :17-Bond Officer
2020-10-03 17:49:52.1646 INFO Get User Success :17-Bond Officer
2020-10-03 17:49:52.1858 INFO Sugarcanepurchase Get List Success
2020-10-03 17:49:52.1858 INFO Get User Success :17-Bond Officer
2020-10-03 17:49:52.1948 INFO Get User Success :17-Bond Officer
2020-10-03 17:50:01.7748 INFO Get User Success :17-Bond Officer
2020-10-03 17:50:01.8027 INFO Get Party Master List Success
2020-10-03 17:50:01.8027 INFO Get User Success :17-Bond Officer
2020-10-03 17:50:01.8027 INFO Sugarcanepurchase Get List Success
2020-10-03 17:50:01.8027 INFO Get User Success :17-Bond Officer
2020-10-03 17:50:18.8724 INFO Get User Success :17-Bond Officer
2020-10-03 17:50:18.8997 INFO Sugarcanepurchase Get List Success
2020-10-03 17:50:18.8997 INFO Get User Success :17-Bond Officer
2020-10-03 17:50:18.8997 INFO Get User Success :17-Bond Officer
2020-10-03 17:50:20.4367 INFO Get User Success :17-Bond Officer
2020-10-03 17:50:20.4594 INFO Get Party Master List Success
2020-10-03 17:50:20.4594 INFO Get User Success :17-Bond Officer
2020-10-03 17:50:20.4594 INFO Sugarcanepurchase Get List Success
2020-10-03 17:50:20.4594 INFO Get User Success :17-Bond Officer
2020-10-03 17:50:21.7913 INFO Get User Success :17-Bond Officer
2020-10-03 17:50:21.8113 INFO Sugarcanepurchase Get List Success
2020-10-03 17:50:21.8113 INFO Get User Success :17-Bond Officer
2020-10-03 17:50:21.8113 INFO Get User Success :17-Bond Officer
2020-10-03 17:50:22.6651 INFO Get User Success :17-Bond Officer
2020-10-03 17:50:22.6866 INFO Get Party Master List Success
2020-10-03 17:50:22.6866 INFO Get User Success :17-Bond Officer
2020-10-03 17:50:22.6926 INFO Sugarcanepurchase Get List Success
2020-10-03 17:50:22.6926 INFO Get User Success :17-Bond Officer
2020-10-03 17:50:28.3576 INFO Get User Success :17-Bond Officer
2020-10-03 17:50:28.3777 INFO Sugarcanepurchase Get List Success
2020-10-03 17:50:28.3777 INFO Get User Success :17-Bond Officer
2020-10-03 17:50:28.3817 INFO Get User Success :17-Bond Officer
2020-10-03 17:50:47.6444 INFO Get User Success :17-Bond Officer
2020-10-03 17:50:47.6681 INFO Get User Success :17-Bond Officer
2020-10-03 17:50:47.6681 INFO Get User Success :17-Bond Officer
2020-10-03 17:50:48.7505 INFO Get User Success :17-Bond Officer
2020-10-03 17:50:48.7814 INFO Get User Success :17-Bond Officer
2020-10-03 17:50:48.7884 INFO Get User Success :17-Bond Officer
2020-10-03 17:50:52.7782 INFO Get User Success :17-Bond Officer
2020-10-03 17:50:52.7992 INFO Get User Success :17-Bond Officer
2020-10-03 17:50:52.8021 INFO Get User Success :17-Bond Officer
2020-10-03 17:50:59.8527 INFO Get User Success :17-Bond Officer
2020-10-03 17:50:59.8737 INFO Get User Success :17-Bond Officer
2020-10-03 17:50:59.8737 INFO Get User Success :17-Bond Officer
2020-10-03 17:52:28.9964 INFO Get User Success :17-Bond Officer
2020-10-03 17:52:29.0845 INFO Get User Success :17-Bond Officer
2020-10-03 17:52:29.0845 INFO Get User Success :17-Bond Officer
