2020-10-10 10:41:14.7361 INFO Get User Success :41-Administrator
2020-10-10 10:41:22.8506 INFO Sugarcanepurchase Get List Success
2020-10-10 10:41:22.8506 INFO Get User Success :41-Administrator
2020-10-10 10:41:22.8646 INFO Get User Success :41-Administrator
2020-10-10 10:41:24.8736 INFO Get User Success :41-Administrator
2020-10-10 10:41:24.9145 INFO Get User Success :41-Administrator
2020-10-10 10:42:39.5529 INFO Get User Success :41-Administrator
2020-10-10 10:42:43.1100 INFO Sugarcanepurchase Get List Success
2020-10-10 10:42:43.1100 INFO Get User Success :41-Administrator
2020-10-10 10:42:43.1249 INFO Get User Success :41-Administrator
2020-10-10 10:42:45.4282 INFO Get User Success :41-Administrator
2020-10-10 10:42:52.7664 INFO Get User Success :41-Administrator
2020-10-10 10:43:46.6844 INFO Get User Success :41-Administrator
2020-10-10 10:43:50.3647 INFO Sugarcanepurchase Get List Success
2020-10-10 10:43:50.3647 INFO Get User Success :41-Administrator
2020-10-10 10:43:50.3647 INFO Get User Success :41-Administrator
2020-10-10 10:43:52.3291 INFO Get User Success :41-Administrator
2020-10-10 10:43:54.2460 INFO Get User Success :41-Administrator
2020-10-10 10:43:54.2610 INFO Get User Success :41-Administrator
2020-10-10 10:43:57.4841 INFO Get User Success :41-Administrator
2020-10-10 10:43:57.5279 INFO Get User Success :41-Administrator
2020-10-10 10:43:57.5429 INFO Get User Success :41-Administrator
2020-10-10 10:44:09.4719 INFO Get User Success :41-Administrator
2020-10-10 10:44:09.4929 INFO Get User Success :41-Administrator
2020-10-10 10:44:09.4929 INFO Get User Success :41-Administrator
2020-10-10 10:44:10.5084 INFO Get User Success :41-Administrator
2020-10-10 10:44:10.5293 INFO Get User Success :41-Administrator
2020-10-10 10:44:10.5393 INFO Get User Success :41-Administrator
2020-10-10 10:44:16.0155 INFO Get User Success :41-Administrator
2020-10-10 10:44:16.0355 INFO Get User Success :41-Administrator
2020-10-10 10:44:16.0415 INFO Get User Success :41-Administrator
2020-10-10 10:44:17.1611 INFO Get User Success :41-Administrator
2020-10-10 10:44:17.1811 INFO Get User Success :41-Administrator
2020-10-10 10:44:17.1811 INFO Get User Success :41-Administrator
2020-10-10 10:44:48.3583 INFO Get User Success :41-Administrator
2020-10-10 10:45:24.9304 INFO Get User Success :41-Administrator
2020-10-10 10:45:38.1484 INFO Get User Success :41-Administrator
2020-10-10 10:47:04.5693 INFO Get User Success :41-Administrator
2020-10-10 10:47:08.5310 INFO Get User Success :41-Administrator
2020-10-10 10:47:08.5480 INFO Get User Success :41-Administrator
2020-10-10 10:47:08.5549 INFO Get User Success :41-Administrator
2020-10-10 10:47:10.8215 INFO Get User Success :41-Administrator
2020-10-10 10:47:10.8395 INFO Get User Success :41-Administrator
2020-10-10 10:47:12.8068 INFO Get User Success :41-Administrator
2020-10-10 10:47:16.5097 INFO Get User Success :41-Administrator
2020-10-10 10:47:16.5297 INFO Get User Success :41-Administrator
2020-10-10 10:47:16.5414 INFO Get User Success :41-Administrator
2020-10-10 10:47:18.3888 INFO Get User Success :41-Administrator
2020-10-10 10:47:18.4048 INFO Get User Success :41-Administrator
2020-10-10 10:47:18.4128 INFO Get User Success :41-Administrator
2020-10-10 10:47:24.6372 INFO Get User Success :41-Administrator
2020-10-10 10:47:24.6641 INFO Get User Success :41-Administrator
2020-10-10 10:47:24.6641 INFO Get User Success :41-Administrator
2020-10-10 10:47:25.8904 INFO Get User Success :41-Administrator
2020-10-10 10:47:25.9093 INFO Get User Success :41-Administrator
2020-10-10 10:47:25.9193 INFO Get User Success :41-Administrator
2020-10-10 10:47:30.1090 INFO Get User Success :41-Administrator
2020-10-10 10:47:30.1290 INFO Get User Success :41-Administrator
2020-10-10 10:47:30.1349 INFO Get User Success :41-Administrator
2020-10-10 10:47:34.4929 INFO Get User Success :41-Administrator
2020-10-10 12:24:05.6927 INFO Get User Success :41-Administrator
2020-10-10 12:24:14.2824 INFO Get User Success :41-Administrator
2020-10-10 12:24:17.5320 INFO Get User Success :41-Administrator
2020-10-10 12:24:58.3694 INFO Get User Success :41-Administrator
2020-10-10 12:25:24.2713 INFO Get User Success :41-Administrator
2020-10-10 12:25:26.2993 INFO Get User Success :41-Administrator
2020-10-10 12:27:15.3464 INFO Get User Success :41-Administrator
2020-10-10 12:27:19.8641 INFO Get User Success :41-Administrator
2020-10-10 12:27:21.4046 INFO Get User Success :41-Administrator
2020-10-10 12:27:23.1328 INFO Get User Success :41-Administrator
2020-10-10 12:27:25.5462 INFO Get User Success :41-Administrator
2020-10-10 12:27:25.5683 INFO Get User Success :41-Administrator
2020-10-10 12:27:44.6605 INFO Get User Success :41-Administrator
2020-10-10 12:28:35.9271 INFO Get User Success :41-Administrator
2020-10-10 12:29:02.0036 INFO Get User Success :41-Administrator
2020-10-10 12:29:33.8971 INFO Get User Success :41-Administrator
2020-10-10 12:30:06.5507 INFO Get User Success :41-Administrator
2020-10-10 12:32:04.2369 INFO Get User Success :41-Administrator
2020-10-10 12:44:31.0752 INFO Get User Success :41-Administrator
2020-10-10 12:44:34.8307 INFO Get User Success :41-Administrator
2020-10-10 12:44:36.1068 INFO Get User Success :41-Administrator
2020-10-10 12:44:37.3505 INFO Get User Success :41-Administrator
2020-10-10 12:44:38.4664 INFO Get User Success :41-Administrator
2020-10-10 12:44:38.4932 INFO Get User Success :41-Administrator
2020-10-10 12:44:38.4932 INFO Get VAT Master List Success
2020-10-10 12:44:38.5177 INFO Get User Success :41-Administrator
2020-10-10 12:44:47.9223 INFO Get User Success :41-Administrator
2020-10-10 12:44:47.9223 INFO Get VAT Master List Success
2020-10-10 12:44:47.9291 INFO Get User Success :41-Administrator
2020-10-10 12:44:58.4288 INFO Get User Success :41-Administrator
2020-10-10 12:45:17.9282 INFO Get VAT Master List Success
2020-10-10 12:45:22.5696 INFO Get User Success :41-Administrator
2020-10-10 12:45:37.6793 INFO Get User Success :41-Administrator
2020-10-10 12:45:39.3227 INFO Get VAT Master List Success
2020-10-10 12:46:31.8530 INFO Get User Success :41-Administrator
2020-10-10 12:51:21.3427 INFO Get User Success :41-Administrator
2020-10-10 12:51:24.9519 INFO Get User Success :41-Administrator
2020-10-10 12:51:26.4352 INFO Get User Success :41-Administrator
2020-10-10 12:51:29.6899 INFO Get User Success :41-Administrator
2020-10-10 12:51:31.0013 INFO Get User Success :41-Administrator
2020-10-10 12:51:31.0234 INFO Get User Success :41-Administrator
2020-10-10 12:51:31.0234 INFO Get VAT Master List Success
2020-10-10 12:51:31.0234 INFO Get User Success :41-Administrator
2020-10-10 12:52:01.6358 INFO Get User Success :41-Administrator
2020-10-10 12:52:01.6358 INFO Get VAT Master List Success
2020-10-10 12:52:01.6358 INFO Get User Success :41-Administrator
2020-10-10 12:52:03.8511 INFO Get User Success :41-Administrator
2020-10-10 12:52:09.3368 INFO Get User Success :41-Administrator
2020-10-10 12:52:12.1060 INFO Get User Success :41-Administrator
2020-10-10 12:52:22.8794 INFO Get User Success :41-Administrator
2020-10-10 12:52:31.3311 INFO Get User Success :41-Administrator
2020-10-10 12:54:45.9260 INFO Get User Success :41-Administrator
2020-10-10 12:54:50.8408 INFO Get User Success :41-Administrator
2020-10-10 12:54:52.7545 INFO Get User Success :41-Administrator
2020-10-10 12:54:52.7952 INFO Get User Success :41-Administrator
2020-10-10 12:54:54.2934 INFO Get User Success :41-Administrator
2020-10-10 12:54:54.3156 INFO Get User Success :41-Administrator
2020-10-10 12:54:54.3216 INFO Get VAT Master List Success
2020-10-10 12:54:54.3216 INFO Get User Success :41-Administrator
2020-10-10 12:54:56.7443 INFO Get User Success :41-Administrator
2020-10-10 12:54:56.7443 INFO Get VAT Master List Success
2020-10-10 12:54:58.9695 INFO Get User Success :41-Administrator
2020-10-10 12:54:58.9739 INFO Get VAT Master List Success
2020-10-10 12:55:06.0010 INFO Get User Success :41-Administrator
2020-10-10 12:55:06.0010 INFO Get VAT Master List Success
2020-10-10 13:12:37.6942 INFO Get User Success :41-Administrator
2020-10-10 13:12:44.3522 INFO Get User Success :41-Administrator
2020-10-10 13:12:45.5868 INFO Get User Success :41-Administrator
2020-10-10 13:12:45.6352 INFO Get User Success :41-Administrator
2020-10-10 13:12:46.8164 INFO Get User Success :41-Administrator
2020-10-10 13:12:46.8373 INFO Get User Success :41-Administrator
2020-10-10 13:12:46.8373 INFO Get VAT Master List Success
2020-10-10 13:12:46.8373 INFO Get User Success :41-Administrator
2020-10-10 13:12:57.5063 INFO Get User Success :41-Administrator
2020-10-10 13:15:47.7231 INFO Get User Success :41-Administrator
2020-10-10 13:28:48.3324 INFO Get User Success :41-Administrator
2020-10-10 13:28:52.0295 INFO Get User Success :41-Administrator
2020-10-10 13:28:53.4890 INFO Get User Success :41-Administrator
2020-10-10 13:28:54.5768 INFO Get User Success :41-Administrator
2020-10-10 13:28:56.1853 INFO Get User Success :41-Administrator
2020-10-10 13:28:56.2050 INFO Get User Success :41-Administrator
2020-10-10 13:28:56.2110 INFO Get VAT Master List Success
2020-10-10 13:28:56.2110 INFO Get User Success :41-Administrator
2020-10-10 13:28:58.2120 INFO Get User Success :41-Administrator
2020-10-10 13:28:58.2120 INFO Get VAT Master List Success
2020-10-10 13:28:58.2120 INFO Get User Success :41-Administrator
2020-10-10 13:28:58.2313 INFO Get User Success :41-Administrator
2020-10-10 13:29:02.9321 INFO Get User Success :41-Administrator
2020-10-10 13:29:02.9321 INFO Get VAT Master List Success
2020-10-10 13:29:02.9321 INFO Get User Success :41-Administrator
2020-10-10 13:29:03.4486 INFO Get User Success :41-Administrator
2020-10-10 13:29:19.7585 INFO Get User Success :41-Administrator
2020-10-10 13:29:31.7500 INFO Get User Success :41-Administrator
2020-10-10 14:40:42.5222 INFO Get User Success :41-Administrator
2020-10-10 14:40:46.0417 INFO Get User Success :41-Administrator
2020-10-10 14:40:47.8139 INFO Get User Success :41-Administrator
2020-10-10 14:40:51.1919 INFO Get User Success :41-Administrator
2020-10-10 14:40:51.9259 INFO Get User Success :41-Administrator
2020-10-10 14:40:51.9468 INFO Get User Success :41-Administrator
2020-10-10 14:40:51.9468 INFO Get VAT Master List Success
2020-10-10 14:40:51.9581 INFO Get User Success :41-Administrator
2020-10-10 14:41:25.7609 INFO Get User Success :41-Administrator
2020-10-10 14:41:25.7609 INFO Get VAT Master List Success
2020-10-10 14:41:25.7609 INFO Get User Success :41-Administrator
2020-10-10 14:45:14.0328 INFO Get User Success :41-Administrator
2020-10-10 14:45:14.0363 INFO Get VAT Master List Success
2020-10-10 14:45:14.0363 INFO Get User Success :41-Administrator
2020-10-10 14:45:45.0645 INFO Get User Success :41-Administrator
2020-10-10 14:45:45.0675 INFO Get VAT Master List Success
2020-10-10 14:45:45.0675 INFO Get User Success :41-Administrator
2020-10-10 14:46:10.6030 INFO Get User Success :41-Administrator
2020-10-10 14:46:10.6030 INFO Get VAT Master List Success
2020-10-10 14:46:10.6030 INFO Get User Success :41-Administrator
2020-10-10 14:46:39.9152 INFO Get User Success :41-Administrator
2020-10-10 14:46:39.9152 INFO Get VAT Master List Success
2020-10-10 14:46:39.9152 INFO Get User Success :41-Administrator
2020-10-10 14:46:50.6886 INFO Get User Success :41-Administrator
2020-10-10 14:46:50.6886 INFO Get VAT Master List Success
2020-10-10 14:46:50.6941 INFO Get User Success :41-Administrator
2020-10-10 14:49:15.3049 INFO Get User Success :41-Administrator
2020-10-10 14:49:15.3049 INFO Get VAT Master List Success
2020-10-10 14:49:15.3049 INFO Get User Success :41-Administrator
2020-10-10 14:49:39.1064 INFO Get User Success :41-Administrator
2020-10-10 14:49:39.1064 INFO Get VAT Master List Success
2020-10-10 14:49:39.1064 INFO Get User Success :41-Administrator
2020-10-10 14:50:00.3631 INFO Get User Success :41-Administrator
2020-10-10 14:50:00.3660 INFO Get VAT Master List Success
2020-10-10 14:50:00.3660 INFO Get User Success :41-Administrator
2020-10-10 14:51:27.6951 INFO Get User Success :41-Administrator
2020-10-10 14:51:27.6951 INFO Get VAT Master List Success
2020-10-10 14:51:27.6951 INFO Get User Success :41-Administrator
2020-10-10 14:51:48.3593 INFO Get User Success :41-Administrator
2020-10-10 14:51:48.3593 INFO Get VAT Master List Success
2020-10-10 14:51:48.3651 INFO Get User Success :41-Administrator
2020-10-10 15:01:52.8081 INFO Get User Success :41-Administrator
2020-10-10 15:01:59.8000 INFO Get User Success :41-Administrator
2020-10-10 15:02:01.1159 INFO Get User Success :41-Administrator
2020-10-10 15:02:03.1317 INFO Get User Success :41-Administrator
2020-10-10 15:02:04.2461 INFO Get User Success :41-Administrator
2020-10-10 15:02:05.6038 INFO Get User Success :41-Administrator
2020-10-10 15:02:05.6268 INFO Get User Success :41-Administrator
2020-10-10 15:02:05.6318 INFO Get VAT Master List Success
2020-10-10 15:02:05.6318 INFO Get User Success :41-Administrator
2020-10-10 15:02:41.9073 INFO Get User Success :41-Administrator
2020-10-10 15:02:41.9073 INFO Get VAT Master List Success
2020-10-10 15:02:41.9135 INFO Get User Success :41-Administrator
2020-10-10 15:03:58.9301 INFO Get User Success :41-Administrator
2020-10-10 15:03:58.9301 INFO Get VAT Master List Success
2020-10-10 15:03:58.9301 INFO Get User Success :41-Administrator
2020-10-10 15:04:16.9145 INFO Get User Success :41-Administrator
2020-10-10 15:04:16.9145 INFO Get VAT Master List Success
2020-10-10 15:04:16.9145 INFO Get User Success :41-Administrator
2020-10-10 15:04:27.9694 INFO Get User Success :41-Administrator
2020-10-10 15:04:27.9694 INFO Get VAT Master List Success
2020-10-10 15:04:27.9764 INFO Get User Success :41-Administrator
2020-10-10 15:04:58.0511 INFO Get User Success :41-Administrator
2020-10-10 15:04:58.0551 INFO Get VAT Master List Success
2020-10-10 15:04:58.0551 INFO Get User Success :41-Administrator
2020-10-10 15:11:20.6222 INFO Get User Success :41-Administrator
2020-10-10 15:14:41.9522 INFO Get User Success :41-Administrator
2020-10-10 15:14:43.6599 INFO Get User Success :41-Administrator
2020-10-10 15:14:43.7189 INFO Get User Success :41-Administrator
2020-10-10 15:14:46.1323 INFO Get User Success :41-Administrator
2020-10-10 15:14:46.1551 INFO Get User Success :41-Administrator
2020-10-10 15:14:46.1551 INFO Get VAT Master List Success
2020-10-10 15:14:46.1657 INFO Get User Success :41-Administrator
2020-10-10 15:22:19.2602 INFO Get User Success :41-Administrator
2020-10-10 15:22:23.0475 INFO Get User Success :41-Administrator
2020-10-10 15:22:24.1795 INFO Get User Success :41-Administrator
2020-10-10 15:22:25.9209 INFO Get User Success :41-Administrator
2020-10-10 15:22:27.1705 INFO Get User Success :41-Administrator
2020-10-10 15:22:27.2464 INFO Get User Success :41-Administrator
2020-10-10 15:22:27.2584 INFO Get VAT Master List Success
2020-10-10 15:22:27.2584 INFO Get User Success :41-Administrator
2020-10-10 15:22:43.6316 INFO Get User Success :41-Administrator
2020-10-10 15:22:43.6316 INFO Get VAT Master List Success
2020-10-10 15:22:43.6316 INFO Get User Success :41-Administrator
2020-10-10 15:27:15.2895 INFO Get User Success :41-Administrator
2020-10-10 15:27:15.2895 INFO Get VAT Master List Success
2020-10-10 15:27:15.2895 INFO Get User Success :41-Administrator
2020-10-10 15:27:42.2977 INFO Get User Success :41-Administrator
2020-10-10 15:27:42.2977 INFO Get VAT Master List Success
2020-10-10 15:27:42.3039 INFO Get User Success :41-Administrator
2020-10-10 15:28:26.8910 INFO Get User Success :41-Administrator
2020-10-10 15:28:26.8910 INFO Get VAT Master List Success
2020-10-10 15:28:26.8971 INFO Get User Success :41-Administrator
2020-10-10 15:29:22.4258 INFO Get User Success :41-Administrator
2020-10-10 15:29:22.4289 INFO Get VAT Master List Success
2020-10-10 15:29:22.4289 INFO Get User Success :41-Administrator
2020-10-10 15:30:23.7379 INFO Get User Success :41-Administrator
2020-10-10 15:30:23.7412 INFO Get VAT Master List Success
2020-10-10 15:30:23.7412 INFO Get User Success :41-Administrator
2020-10-10 15:31:27.6550 INFO Get User Success :41-Administrator
2020-10-10 15:31:27.6550 INFO Get VAT Master List Success
2020-10-10 15:31:27.6617 INFO Get User Success :41-Administrator
2020-10-10 15:31:55.7494 INFO Get User Success :41-Administrator
2020-10-10 15:31:55.7494 INFO Get VAT Master List Success
2020-10-10 15:31:55.7558 INFO Get User Success :41-Administrator
2020-10-10 15:32:28.8576 INFO Get User Success :41-Administrator
2020-10-10 15:32:28.8576 INFO Get VAT Master List Success
2020-10-10 15:32:28.8576 INFO Get User Success :41-Administrator
2020-10-10 15:32:51.3721 INFO Get User Success :41-Administrator
2020-10-10 15:32:51.3721 INFO Get VAT Master List Success
2020-10-10 15:32:51.3721 INFO Get User Success :41-Administrator
2020-10-10 15:33:09.6940 INFO Get User Success :41-Administrator
2020-10-10 15:33:09.6940 INFO Get VAT Master List Success
2020-10-10 15:33:09.6940 INFO Get User Success :41-Administrator
2020-10-10 15:34:01.7886 INFO Get User Success :41-Administrator
2020-10-10 15:34:01.7886 INFO Get VAT Master List Success
2020-10-10 15:34:01.7886 INFO Get User Success :41-Administrator
2020-10-10 15:34:26.3366 INFO Get User Success :41-Administrator
2020-10-10 15:34:26.3366 INFO Get VAT Master List Success
2020-10-10 15:34:26.3366 INFO Get User Success :41-Administrator
2020-10-10 15:35:00.7079 INFO Get User Success :41-Administrator
2020-10-10 15:35:00.7106 INFO Get VAT Master List Success
2020-10-10 15:35:00.7106 INFO Get User Success :41-Administrator
2020-10-10 15:35:18.9535 INFO Get User Success :41-Administrator
2020-10-10 15:35:18.9535 INFO Get VAT Master List Success
2020-10-10 15:35:18.9601 INFO Get User Success :41-Administrator
2020-10-10 15:38:29.0229 INFO Get User Success :41-Administrator
2020-10-10 15:38:32.8646 INFO Get User Success :41-Administrator
2020-10-10 15:38:34.2674 INFO Get User Success :41-Administrator
2020-10-10 15:38:34.3222 INFO Get User Success :41-Administrator
2020-10-10 15:38:35.4349 INFO Get User Success :41-Administrator
2020-10-10 15:38:35.4558 INFO Get User Success :41-Administrator
2020-10-10 15:38:35.4618 INFO Get VAT Master List Success
2020-10-10 15:38:35.4618 INFO Get User Success :41-Administrator
2020-10-10 15:47:51.5419 INFO Get User Success :41-Administrator
2020-10-10 15:47:51.5419 INFO Get VAT Master List Success
2020-10-10 15:47:51.5419 INFO Get User Success :41-Administrator
2020-10-10 15:48:37.5629 INFO Get User Success :41-Administrator
2020-10-10 15:48:37.5629 INFO Get VAT Master List Success
2020-10-10 15:48:37.5677 INFO Get User Success :41-Administrator
2020-10-10 15:48:39.9496 INFO Get User Success :41-Administrator
2020-10-10 15:48:39.9496 INFO Get VAT Master List Success
2020-10-10 15:48:39.9496 INFO Get User Success :41-Administrator
2020-10-10 15:49:54.2011 INFO Get User Success :41-Administrator
2020-10-10 15:49:54.2011 INFO Get VAT Master List Success
2020-10-10 15:49:54.2011 INFO Get User Success :41-Administrator
2020-10-10 15:50:29.0290 INFO Get User Success :41-Administrator
2020-10-10 15:50:29.0290 INFO Get VAT Master List Success
2020-10-10 15:50:29.0290 INFO Get User Success :41-Administrator
2020-10-10 15:51:02.5590 INFO Get User Success :41-Administrator
2020-10-10 15:51:02.5590 INFO Get VAT Master List Success
2020-10-10 15:51:02.5590 INFO Get User Success :41-Administrator
2020-10-10 15:51:53.8427 INFO Get User Success :41-Administrator
2020-10-10 15:51:53.8427 INFO Get VAT Master List Success
2020-10-10 15:51:53.8488 INFO Get User Success :41-Administrator
2020-10-10 15:52:26.5655 INFO Get User Success :41-Administrator
2020-10-10 15:52:26.5688 INFO Get VAT Master List Success
2020-10-10 15:52:26.5688 INFO Get User Success :41-Administrator
2020-10-10 15:53:19.1801 INFO Get User Success :41-Administrator
2020-10-10 15:53:19.1801 INFO Get VAT Master List Success
2020-10-10 15:53:19.1801 INFO Get User Success :41-Administrator
2020-10-10 15:54:00.9151 INFO Get User Success :41-Administrator
2020-10-10 15:54:00.9151 INFO Get VAT Master List Success
2020-10-10 15:54:00.9151 INFO Get User Success :41-Administrator
2020-10-10 15:54:10.3001 INFO Get User Success :41-Administrator
2020-10-10 15:54:10.3041 INFO Get VAT Master List Success
2020-10-10 15:54:10.3041 INFO Get User Success :41-Administrator
2020-10-10 15:54:19.4946 INFO Get User Success :41-Administrator
2020-10-10 15:54:19.4946 INFO Get VAT Master List Success
2020-10-10 15:54:19.4946 INFO Get User Success :41-Administrator
2020-10-10 15:54:59.2224 INFO Get User Success :41-Administrator
2020-10-10 15:54:59.2267 INFO Get VAT Master List Success
2020-10-10 15:54:59.2267 INFO Get User Success :41-Administrator
2020-10-10 15:59:14.0710 INFO Get User Success :41-Administrator
2020-10-10 15:59:14.0710 INFO Get VAT Master List Success
2020-10-10 15:59:14.0710 INFO Get User Success :41-Administrator
2020-10-10 15:59:16.5880 INFO Get User Success :41-Administrator
2020-10-10 15:59:53.2362 INFO Get User Success :41-Administrator
2020-10-10 16:14:42.4197 INFO Get User Success :41-Administrator
2020-10-10 16:14:47.7352 INFO Get User Success :41-Administrator
2020-10-10 16:14:49.0810 INFO Get User Success :41-Administrator
2020-10-10 16:14:51.3475 INFO Get User Success :41-Administrator
2020-10-10 16:14:52.7789 INFO Get User Success :41-Administrator
2020-10-10 16:14:52.8183 INFO Get User Success :41-Administrator
2020-10-10 16:14:52.8183 INFO Get VAT Master List Success
2020-10-10 16:14:52.8183 INFO Get User Success :41-Administrator
2020-10-10 16:15:22.2667 INFO Get User Success :41-Administrator
2020-10-10 16:15:22.2667 INFO Get VAT Master List Success
2020-10-10 16:15:22.2727 INFO Get User Success :41-Administrator
2020-10-10 16:15:43.1657 INFO Get User Success :41-Administrator
2020-10-10 16:15:43.1657 INFO Get VAT Master List Success
2020-10-10 16:15:43.1657 INFO Get User Success :41-Administrator
2020-10-10 16:16:40.3970 INFO Get User Success :41-Administrator
2020-10-10 16:16:40.3970 INFO Get VAT Master List Success
2020-10-10 16:16:40.3970 INFO Get User Success :41-Administrator
2020-10-10 16:17:38.8065 INFO Get User Success :41-Administrator
2020-10-10 16:17:38.8065 INFO Get VAT Master List Success
2020-10-10 16:17:38.8065 INFO Get User Success :41-Administrator
2020-10-10 16:17:51.8384 INFO Get User Success :41-Administrator
2020-10-10 16:17:51.8384 INFO Get VAT Master List Success
2020-10-10 16:17:51.8384 INFO Get User Success :41-Administrator
2020-10-10 16:23:50.3172 INFO Get User Success :41-Administrator
2020-10-10 16:23:50.3221 INFO Get VAT Master List Success
2020-10-10 16:23:50.3221 INFO Get User Success :41-Administrator
2020-10-10 16:25:35.3627 INFO Get User Success :41-Administrator
2020-10-10 16:25:35.3657 INFO Get VAT Master List Success
2020-10-10 16:25:35.3657 INFO Get User Success :41-Administrator
2020-10-10 16:30:32.9892 INFO Get User Success :41-Administrator
2020-10-10 16:30:38.8495 INFO Get User Success :41-Administrator
2020-10-10 16:30:40.5034 INFO Get User Success :41-Administrator
2020-10-10 16:30:41.9694 INFO Get User Success :41-Administrator
2020-10-10 16:30:43.1949 INFO Get User Success :41-Administrator
2020-10-10 16:30:43.2167 INFO Get User Success :41-Administrator
2020-10-10 16:30:43.2167 INFO Get VAT Master List Success
2020-10-10 16:30:43.2278 INFO Get User Success :41-Administrator
2020-10-10 16:35:45.7680 INFO Get User Success :41-Administrator
2020-10-10 16:35:48.5884 INFO Get User Success :41-Administrator
2020-10-10 16:35:50.5686 INFO Get User Success :41-Administrator
2020-10-10 16:35:50.6082 INFO Get User Success :41-Administrator
2020-10-10 16:35:52.2245 INFO Get User Success :41-Administrator
2020-10-10 16:35:52.2641 INFO Get User Success :41-Administrator
2020-10-10 16:35:52.2641 INFO Get VAT Master List Success
2020-10-10 16:35:52.2745 INFO Get User Success :41-Administrator
2020-10-10 16:41:59.0200 INFO Get User Success :41-Administrator
2020-10-10 16:42:03.1862 INFO Get User Success :41-Administrator
2020-10-10 16:42:04.8173 INFO Get User Success :41-Administrator
2020-10-10 16:42:08.1652 INFO Get User Success :41-Administrator
2020-10-10 16:42:09.6085 INFO Get User Success :41-Administrator
2020-10-10 16:42:09.6583 INFO Get User Success :41-Administrator
2020-10-10 16:42:09.6645 INFO Get VAT Master List Success
2020-10-10 16:42:09.6645 INFO Get User Success :41-Administrator
2020-10-10 16:43:59.4814 INFO Get User Success :41-Administrator
2020-10-10 16:48:08.8453 INFO Get User Success :41-Administrator
2020-10-10 16:48:12.8951 INFO Get Party Type Master List Success
2020-10-10 16:48:12.9020 INFO Get User Success :41-Administrator
2020-10-10 16:48:17.1579 INFO Get User Success :41-Administrator
2020-10-10 16:48:18.0962 INFO Get User Success :41-Administrator
2020-10-10 16:48:21.5134 INFO Get User Success :41-Administrator
2020-10-10 16:48:23.9198 INFO Get User Success :41-Administrator
2020-10-10 16:48:23.9596 INFO Get User Success :41-Administrator
2020-10-10 16:48:23.9596 INFO Get VAT Master List Success
2020-10-10 16:48:23.9596 INFO Get User Success :41-Administrator
2020-10-10 16:49:17.4443 INFO Get User Success :41-Administrator
2020-10-10 16:49:17.4443 INFO Get VAT Master List Success
2020-10-10 16:49:17.4443 INFO Get User Success :41-Administrator
2020-10-10 16:49:31.4025 INFO Get User Success :41-Administrator
2020-10-10 16:51:21.9806 INFO Get User Success :41-Administrator
2020-10-10 16:54:48.6334 INFO Get User Success :41-Administrator
2020-10-10 16:54:53.3671 INFO Get User Success :41-Administrator
2020-10-10 16:54:54.7860 INFO Get User Success :41-Administrator
2020-10-10 16:54:57.5879 INFO Get User Success :41-Administrator
2020-10-10 16:54:59.0550 INFO Get User Success :41-Administrator
2020-10-10 16:55:02.7321 INFO Get User Success :41-Administrator
2020-10-10 16:55:02.7321 INFO Get VAT Master List Success
2020-10-10 16:55:02.7419 INFO Get User Success :41-Administrator
2020-10-10 16:55:15.0123 INFO Get User Success :41-Administrator
2020-10-10 16:55:15.0357 INFO Insert Party Master Success : -  - 42601: syntax error at or near "("
2020-10-10 16:56:37.5150 INFO Get User Success :41-Administrator
2020-10-10 16:56:37.5285 INFO Insert Party Master Success : -  - 42601: syntax error at or near "("
2020-10-10 16:57:20.6628 INFO Get User Success :41-Administrator
2020-10-10 16:57:20.6788 INFO Insert Party Master Success : -  - 42601: syntax error at or near "("
2020-10-10 16:58:16.1318 INFO Get User Success :41-Administrator
2020-10-10 16:58:16.1477 INFO Insert Party Master Success : -  - 42601: syntax error at or near "("
2020-10-10 16:58:35.0750 INFO Get User Success :41-Administrator
2020-10-10 16:58:35.0890 INFO Insert Party Master Success : -  - 42601: syntax error at or near "("
2020-10-10 17:01:07.2019 INFO Get User Success :41-Administrator
2020-10-10 17:01:10.6990 INFO Get User Success :41-Administrator
2020-10-10 17:01:12.6474 INFO Get User Success :41-Administrator
2020-10-10 17:01:13.6504 INFO Get User Success :41-Administrator
2020-10-10 17:01:14.7209 INFO Get User Success :41-Administrator
2020-10-10 17:01:19.1983 INFO Get User Success :41-Administrator
2020-10-10 17:01:19.1983 INFO Get VAT Master List Success
2020-10-10 17:01:19.2083 INFO Get User Success :41-Administrator
2020-10-10 17:05:53.2886 INFO Get User Success :41-Administrator
2020-10-10 17:06:05.4613 INFO Get User Success :41-Administrator
2020-10-10 17:06:06.6155 INFO Get User Success :41-Administrator
2020-10-10 17:06:08.3709 INFO Get User Success :41-Administrator
2020-10-10 17:06:09.5592 INFO Get User Success :41-Administrator
2020-10-10 17:08:05.9273 INFO Get User Success :41-Administrator
2020-10-10 17:08:10.6323 INFO Get User Success :41-Administrator
2020-10-10 17:08:15.3523 INFO Get User Success :41-Administrator
2020-10-10 17:08:19.3897 INFO Get User Success :41-Administrator
2020-10-10 17:08:20.3982 INFO Get User Success :41-Administrator
2020-10-10 17:08:24.1713 INFO Get User Success :41-Administrator
2020-10-10 17:08:24.1783 INFO Get VAT Master List Success
2020-10-10 17:08:24.1783 INFO Get User Success :41-Administrator
2020-10-10 17:08:53.6820 INFO Get User Success :41-Administrator
2020-10-10 17:08:53.6820 INFO Get VAT Master List Success
2020-10-10 17:08:53.6820 INFO Get User Success :41-Administrator
2020-10-10 17:15:59.3485 INFO Get User Success :41-Administrator
2020-10-10 17:16:03.7378 INFO Get Party Type Master List Success
2020-10-10 17:16:03.7454 INFO Get User Success :41-Administrator
2020-10-10 17:16:05.9698 INFO Get User Success :41-Administrator
2020-10-10 17:16:10.4064 INFO Get VAT Master List Success
2020-10-10 17:16:10.4161 INFO Get User Success :41-Administrator
2020-10-10 17:16:12.6402 INFO Get User Success :41-Administrator
2020-10-10 17:16:12.6804 INFO Get Party Type Master List Success
2020-10-10 17:16:12.6804 INFO Get UOM List Success
2020-10-10 17:16:12.6804 INFO Get Product Type Master List Success
2020-10-10 17:16:12.6804 INFO Get VAT Type Master List Success
2020-10-10 17:16:12.6925 INFO Get User Success :41-Administrator
2020-10-10 17:16:17.6872 INFO Get User Success :41-Administrator
2020-10-10 17:16:17.7101 INFO Get VAT Master List Success
2020-10-10 17:16:17.7101 INFO Get User Success :41-Administrator
2020-10-10 17:16:20.0816 INFO Get User Success :41-Administrator
2020-10-10 17:16:20.1036 INFO Get Party Type Master List Success
2020-10-10 17:16:20.1036 INFO Get UOM List Success
2020-10-10 17:16:20.1036 INFO Get Product Type Master List Success
2020-10-10 17:16:20.1036 INFO Get VAT Type Master List Success
2020-10-10 17:16:20.1341 INFO Get VAT Details Fail :Field not found in row: party_name
2020-10-10 17:16:20.1341 INFO Get Party Master List Success
2020-10-10 17:16:20.1341 INFO Get Product Master List Success
2020-10-10 17:16:20.1341 INFO Get User Success :41-Administrator
2020-10-10 17:16:27.0178 INFO Get Existing data Fail :VAT_Master
2020-10-10 17:16:34.5961 INFO Get User Success :41-Administrator
2020-10-10 17:16:43.4044 INFO Update VAT Master Success :002DIS0030-D-12
2020-10-10 17:17:09.4014 INFO Update VAT Master Success :002DIS0030-D-12
2020-10-10 17:17:18.3261 INFO Get VAT Master List Success
2020-10-10 17:17:18.3261 INFO Get User Success :41-Administrator
2020-10-10 17:17:21.2995 INFO Get User Success :41-Administrator
2020-10-10 17:17:21.3263 INFO Get Party Type Master List Success
2020-10-10 17:17:21.3263 INFO Get UOM List Success
2020-10-10 17:17:21.3263 INFO Get Product Type Master List Success
2020-10-10 17:17:21.3263 INFO Get VAT Type Master List Success
2020-10-10 17:17:21.3339 INFO Get User Success :41-Administrator
2020-10-10 17:17:23.5379 INFO Get User Success :41-Administrator
2020-10-10 17:17:23.5379 INFO Get Party Master List Success
2020-10-10 17:17:24.7247 INFO Get User Success :41-Administrator
2020-10-10 17:17:26.1208 INFO Get User Success :41-Administrator
2020-10-10 17:17:26.1208 INFO Get Product Master List Success
2020-10-10 17:17:28.6728 INFO Get User Success :41-Administrator
2020-10-10 17:17:38.0259 INFO Get Existing data Fail :VAT_Master
2020-10-10 17:17:42.5648 INFO Get User Success :41-Administrator
2020-10-10 17:17:43.6587 INFO Get User Success :41-Administrator
2020-10-10 17:17:46.0403 INFO Get User Success :41-Administrator
2020-10-10 17:18:08.0708 INFO Insert VAT Master Success :002FER0034-fEM-3
2020-10-10 17:18:08.0924 INFO Get VAT Master List Success
2020-10-10 17:18:08.1024 INFO Get User Success :41-Administrator
2020-10-10 17:18:15.8279 INFO Get User Success :41-Administrator
2020-10-10 17:18:15.8544 INFO Get Party Type Master List Success
2020-10-10 17:18:15.8544 INFO Get UOM List Success
2020-10-10 17:18:15.8544 INFO Get Product Type Master List Success
2020-10-10 17:18:15.8544 INFO Get VAT Type Master List Success
2020-10-10 17:18:15.8544 INFO Get User Success :41-Administrator
2020-10-10 17:18:24.7532 INFO Get User Success :41-Administrator
2020-10-10 17:18:24.7923 INFO Get Party Master List Success
2020-10-10 17:18:24.7923 INFO Get User Success :41-Administrator
2020-10-10 17:18:34.1598 INFO Get User Success :41-Administrator
2020-10-10 17:18:34.1825 INFO Get VAT Master List Success
2020-10-10 17:18:34.1825 INFO Get User Success :41-Administrator
2020-10-10 17:18:35.8398 INFO Get User Success :41-Administrator
2020-10-10 17:18:35.8596 INFO Get Party Type Master List Success
2020-10-10 17:18:35.8686 INFO Get UOM List Success
2020-10-10 17:18:35.8686 INFO Get Product Type Master List Success
2020-10-10 17:18:35.8686 INFO Get VAT Type Master List Success
2020-10-10 17:18:35.8686 INFO Get User Success :41-Administrator
2020-10-10 17:18:37.8035 INFO Get User Success :41-Administrator
2020-10-10 17:18:37.8035 INFO Get Party Master List Success
2020-10-10 17:18:39.6925 INFO Get User Success :41-Administrator
2020-10-10 17:18:41.2711 INFO Get User Success :41-Administrator
2020-10-10 17:18:41.2711 INFO Get Product Master List Success
2020-10-10 17:18:47.1910 INFO Get User Success :41-Administrator
2020-10-10 17:18:47.2200 INFO Get VAT Master List Success
2020-10-10 17:18:47.2200 INFO Get User Success :41-Administrator
2020-10-10 17:18:49.8510 INFO Get User Success :41-Administrator
2020-10-10 17:18:49.8510 INFO Get VAT Master List Success
2020-10-10 17:18:53.5683 INFO Get User Success :41-Administrator
2020-10-10 17:18:53.5683 INFO Get VAT Master List Success
2020-10-10 17:18:56.1352 INFO Get User Success :41-Administrator
2020-10-10 17:18:56.1352 INFO Get VAT Master List Success
2020-10-10 17:18:58.2886 INFO Get User Success :41-Administrator
2020-10-10 17:18:58.2886 INFO Get VAT Master List Success
2020-10-10 17:19:03.7360 INFO Get User Success :41-Administrator
2020-10-10 17:19:03.7554 INFO Get Party Type Master List Success
2020-10-10 17:19:03.7554 INFO Get UOM List Success
2020-10-10 17:19:03.7554 INFO Get Product Type Master List Success
2020-10-10 17:19:03.7554 INFO Get VAT Type Master List Success
2020-10-10 17:19:03.7554 INFO Get User Success :41-Administrator
2020-10-10 17:19:07.5781 INFO Get User Success :41-Administrator
2020-10-10 17:29:09.4622 INFO Get User Success :41-Administrator
2020-10-10 17:29:16.2024 INFO Get User Success :41-Administrator
2020-10-10 17:29:17.7923 INFO Get User Success :41-Administrator
2020-10-10 17:29:18.7950 INFO Get User Success :41-Administrator
2020-10-10 17:29:26.1190 INFO Get User Success :41-Administrator
2020-10-10 17:29:29.2022 INFO Get User Success :41-Administrator
2020-10-10 17:29:29.2090 INFO Get VAT Master List Success
2020-10-10 17:29:29.2090 INFO Get User Success :41-Administrator
2020-10-10 17:41:36.7876 INFO Get User Success :41-Administrator
2020-10-10 17:41:44.0247 INFO Get User Success :41-Administrator
2020-10-10 17:42:02.3024 INFO Get User Success :41-Administrator
2020-10-10 17:42:02.3480 INFO Get User Success :41-Administrator
2020-10-10 17:42:03.5981 INFO Get User Success :41-Administrator
2020-10-10 17:42:13.1935 INFO Get User Success :41-Administrator
2020-10-10 17:42:13.1935 INFO Get VAT Master List Success
2020-10-10 17:42:13.1935 INFO Get User Success :41-Administrator
2020-10-10 17:51:06.7483 INFO Get User Success :41-Administrator
2020-10-10 17:51:11.1906 INFO Get User Success :41-Administrator
2020-10-10 17:51:12.2063 INFO Get User Success :41-Administrator
2020-10-10 17:51:14.1439 INFO Get User Success :41-Administrator
2020-10-10 17:51:15.2148 INFO Get User Success :41-Administrator
2020-10-10 17:51:17.3032 INFO Get User Success :41-Administrator
2020-10-10 17:51:17.3032 INFO Get VAT Master List Success
2020-10-10 17:51:17.3032 INFO Get User Success :41-Administrator
2020-10-10 17:54:08.0670 INFO Get User Success :41-Administrator
2020-10-10 17:54:12.6825 INFO Get User Success :41-Administrator
2020-10-10 17:54:13.6854 INFO Get User Success :41-Administrator
2020-10-10 17:54:15.5369 INFO Get User Success :41-Administrator
2020-10-10 17:54:17.3262 INFO Get User Success :41-Administrator
2020-10-10 17:54:21.3954 INFO Get User Success :41-Administrator
2020-10-10 17:54:21.4020 INFO Get VAT Master List Success
2020-10-10 17:54:21.4020 INFO Get User Success :41-Administrator
2020-10-10 17:54:34.7048 INFO Get User Success :41-Administrator
2020-10-10 17:54:34.7308 INFO Insert Party Master Success : -  - 42601: syntax error at or near "("
