2020-10-06 10:15:57.7016 INFO Get User Success :16-Harinagar Sugar
2020-10-06 10:16:04.9258 INFO Sugarcanepurchase Get List Success
2020-10-06 10:16:04.9305 INFO Get User Success :16-Harinagar Sugar
2020-10-06 10:16:04.9305 INFO Get User Success :16-Harinagar Sugar
2020-10-06 10:16:07.7412 INFO Get User Success :16-Harinagar Sugar
2020-10-06 10:16:07.7955 INFO Get User Success :16-Harinagar Sugar
2020-10-06 10:16:07.8038 INFO Get User Success :16-Harinagar Sugar
2020-10-06 10:16:08.7167 INFO Get User Success :16-Harinagar Sugar
2020-10-06 10:16:08.7546 INFO Get User Success :16-Harinagar Sugar
2020-10-06 10:16:08.7675 INFO Get User Success :16-Harinagar Sugar
2020-10-06 10:16:09.8309 INFO Get User Success :16-Harinagar Sugar
2020-10-06 10:16:09.8729 INFO Get User Success :16-Harinagar Sugar
2020-10-06 10:16:09.8847 INFO Get User Success :16-Harinagar Sugar
2020-10-06 10:16:16.4852 INFO Get User Success :16-Harinagar Sugar
2020-10-06 10:16:16.5082 INFO Get User Success :16-Harinagar Sugar
2020-10-06 10:16:16.5082 INFO Get User Success :16-Harinagar Sugar
2020-10-06 10:16:19.0442 INFO Get User Success :16-Harinagar Sugar
2020-10-06 10:16:25.7288 INFO Get User Success :17-Bond Officer
2020-10-06 10:16:27.7893 INFO Sugarcanepurchase Get List Success
2020-10-06 10:16:27.7893 INFO Get User Success :17-Bond Officer
2020-10-06 10:16:27.7893 INFO Get User Success :17-Bond Officer
2020-10-06 10:16:29.5249 INFO Get User Success :17-Bond Officer
2020-10-06 10:16:29.5449 INFO Get User Success :17-Bond Officer
2020-10-06 10:16:29.5449 INFO Get User Success :17-Bond Officer
2020-10-06 10:16:30.6317 INFO Get User Success :17-Bond Officer
2020-10-06 10:16:30.6516 INFO Get User Success :17-Bond Officer
2020-10-06 10:16:30.6516 INFO Get User Success :17-Bond Officer
2020-10-06 10:16:38.7904 INFO Get User Success :17-Bond Officer
2020-10-06 10:16:59.1837 INFO Get User Success :17-Bond Officer
2020-10-06 10:21:57.7061 INFO Get User Success :17-Bond Officer
2020-10-06 10:21:57.7314 INFO Get User Success :17-Bond Officer
2020-10-06 10:21:57.7314 INFO Get User Success :17-Bond Officer
2020-10-06 10:21:58.2103 INFO Get User Success :17-Bond Officer
2020-10-06 10:21:58.7225 INFO Get User Success :17-Bond Officer
2020-10-06 10:22:01.3902 INFO Get User Success :17-Bond Officer
2020-10-06 10:22:01.4112 INFO Get User Success :17-Bond Officer
2020-10-06 10:22:01.4112 INFO Get User Success :17-Bond Officer
2020-10-06 10:22:02.5444 INFO Get User Success :17-Bond Officer
2020-10-06 10:22:02.5629 INFO Get User Success :17-Bond Officer
2020-10-06 10:23:32.8774 INFO Get User Success :17-Bond Officer
2020-10-06 10:23:35.9811 INFO Get User Success :17-Bond Officer
2020-10-06 10:23:35.9939 INFO Get User Success :17-Bond Officer
2020-10-06 10:23:39.4630 INFO Get User Success :17-Bond Officer
2020-10-06 10:23:39.4860 INFO Get User Success :17-Bond Officer
2020-10-06 10:23:39.4920 INFO Get User Success :17-Bond Officer
2020-10-06 10:24:12.5138 INFO Get User Success :17-Bond Officer
2020-10-06 10:24:12.5138 INFO Get User Success :17-Bond Officer
2020-10-06 10:24:15.1036 INFO Get User Success :17-Bond Officer
2020-10-06 10:24:16.1394 INFO Get User Success :17-Bond Officer
2020-10-06 10:24:16.1514 INFO Get User Success :17-Bond Officer
2020-10-06 10:24:26.7360 INFO Get User Success :17-Bond Officer
2020-10-06 10:28:53.4681 INFO Get User Success :17-Bond Officer
2020-10-06 10:28:55.3741 INFO Sugarcanepurchase Get List Success
2020-10-06 10:28:55.3741 INFO Get User Success :17-Bond Officer
2020-10-06 10:28:55.3869 INFO Get User Success :17-Bond Officer
2020-10-06 10:28:56.9989 INFO Get User Success :17-Bond Officer
2020-10-06 10:28:57.0387 INFO Get User Success :17-Bond Officer
2020-10-06 10:28:57.0531 INFO Get User Success :17-Bond Officer
2020-10-06 10:28:58.0110 INFO Get User Success :17-Bond Officer
2020-10-06 10:28:58.0623 INFO Get User Success :17-Bond Officer
2020-10-06 10:28:58.0795 INFO Get User Success :17-Bond Officer
2020-10-06 10:29:06.8715 INFO Get User Success :17-Bond Officer
2020-10-06 10:29:06.9004 INFO Get User Success :17-Bond Officer
2020-10-06 10:29:06.9004 INFO Get User Success :17-Bond Officer
2020-10-06 10:29:08.9829 INFO Get User Success :17-Bond Officer
2020-10-06 10:29:17.2604 INFO Get User Success :16-Harinagar Sugar
2020-10-06 10:29:19.2160 INFO Sugarcanepurchase Get List Success
2020-10-06 10:29:19.2160 INFO Get User Success :16-Harinagar Sugar
2020-10-06 10:29:19.2160 INFO Get User Success :16-Harinagar Sugar
2020-10-06 10:29:20.7657 INFO Get User Success :16-Harinagar Sugar
2020-10-06 10:29:20.7874 INFO Get User Success :16-Harinagar Sugar
2020-10-06 10:29:20.7874 INFO Get User Success :16-Harinagar Sugar
2020-10-06 10:29:21.7673 INFO Get User Success :16-Harinagar Sugar
2020-10-06 10:29:21.7881 INFO Get User Success :16-Harinagar Sugar
2020-10-06 10:29:21.7881 INFO Get User Success :16-Harinagar Sugar
2020-10-06 10:29:31.1122 INFO Get User Success :16-Harinagar Sugar
2020-10-06 10:29:31.1374 INFO Get User Success :16-Harinagar Sugar
2020-10-06 10:29:31.1374 INFO Get User Success :16-Harinagar Sugar
2020-10-06 10:29:33.6301 INFO Get User Success :16-Harinagar Sugar
2020-10-06 10:29:33.6695 INFO Get User Success :16-Harinagar Sugar
2020-10-06 10:29:33.6781 INFO Get User Success :16-Harinagar Sugar
2020-10-06 10:29:34.9928 INFO Get User Success :16-Harinagar Sugar
2020-10-06 10:29:35.0855 INFO Get User Success :16-Harinagar Sugar
2020-10-06 10:29:35.1134 INFO Get User Success :16-Harinagar Sugar
2020-10-06 10:29:43.0642 INFO Get User Success :16-Harinagar Sugar
2020-10-06 10:29:43.0874 INFO Get User Success :16-Harinagar Sugar
2020-10-06 10:29:43.0874 INFO Get User Success :16-Harinagar Sugar
2020-10-06 10:29:45.4879 INFO Get User Success :16-Harinagar Sugar
2020-10-06 10:29:45.6071 INFO Get User Success :16-Harinagar Sugar
2020-10-06 10:29:45.6185 INFO Get User Success :16-Harinagar Sugar
2020-10-06 10:29:48.0353 INFO Get User Success :16-Harinagar Sugar
2020-10-06 10:29:48.0553 INFO Sugarcanepurchase Get List Success
2020-10-06 10:29:48.0553 INFO Get User Success :16-Harinagar Sugar
2020-10-06 10:29:48.0553 INFO Get User Success :16-Harinagar Sugar
2020-10-06 10:29:49.3355 INFO Get User Success :16-Harinagar Sugar
2020-10-06 10:29:49.3993 INFO Get Party Master List Success
2020-10-06 10:29:49.3993 INFO Get User Success :16-Harinagar Sugar
2020-10-06 10:29:49.3993 INFO Sugarcanepurchase Get List Success
2020-10-06 10:29:49.4163 INFO Get User Success :16-Harinagar Sugar
2020-10-06 10:29:53.7061 INFO Get User Success :16-Harinagar Sugar
2020-10-06 10:29:53.7268 INFO Sugarcanepurchase Get List Success
2020-10-06 10:29:53.7268 INFO Get User Success :16-Harinagar Sugar
2020-10-06 10:29:53.7268 INFO Get User Success :16-Harinagar Sugar
2020-10-06 10:29:55.3839 INFO Get User Success :16-Harinagar Sugar
2020-10-06 10:33:17.8878 INFO Get User Success :16-Harinagar Sugar
2020-10-06 10:33:20.4555 INFO Sugarcanepurchase Get List Success
2020-10-06 10:33:20.4589 INFO Get User Success :16-Harinagar Sugar
2020-10-06 10:33:20.4589 INFO Get User Success :16-Harinagar Sugar
2020-10-06 10:33:23.0495 INFO Get User Success :16-Harinagar Sugar
2020-10-06 10:33:23.0716 INFO Get User Success :16-Harinagar Sugar
2020-10-06 10:33:23.0716 INFO Get User Success :16-Harinagar Sugar
2020-10-06 10:33:24.4773 INFO Get User Success :16-Harinagar Sugar
2020-10-06 10:33:25.6752 INFO Get User Success :16-Harinagar Sugar
2020-10-06 10:33:25.6903 INFO Get User Success :16-Harinagar Sugar
2020-10-06 10:33:29.4405 INFO Get User Success :16-Harinagar Sugar
2020-10-06 10:33:29.4619 INFO Get User Success :16-Harinagar Sugar
2020-10-06 10:33:29.4619 INFO Get User Success :16-Harinagar Sugar
2020-10-06 10:33:33.2656 INFO Get User Success :16-Harinagar Sugar
2020-10-06 10:56:14.3367 INFO Get User Fail :0--22P02: invalid input syntax for integer: "Admin"
2020-10-06 10:56:18.5657 INFO Get User Fail :0--22P02: invalid input syntax for integer: "Admin"
2020-10-06 10:56:19.2588 INFO Get User Fail :0--22P02: invalid input syntax for integer: "Admin"
2020-10-06 10:56:20.0475 INFO Get User Fail :0--22P02: invalid input syntax for integer: "Admin"
2020-10-06 10:56:20.4864 INFO Get User Fail :0--22P02: invalid input syntax for integer: "Admin"
2020-10-06 10:56:20.8873 INFO Get User Fail :0--22P02: invalid input syntax for integer: "Admin"
2020-10-06 10:56:21.3454 INFO Get User Fail :0--22P02: invalid input syntax for integer: "Admin"
2020-10-06 10:56:21.7354 INFO Get User Fail :0--22P02: invalid input syntax for integer: "Admin"
2020-10-06 10:56:22.1899 INFO Get User Fail :0--22P02: invalid input syntax for integer: "Admin"
2020-10-06 10:56:22.5777 INFO Get User Fail :0--22P02: invalid input syntax for integer: "Admin"
2020-10-06 10:56:22.9307 INFO Get User Fail :0--22P02: invalid input syntax for integer: "Admin"
2020-10-06 10:56:23.3389 INFO Get User Fail :0--22P02: invalid input syntax for integer: "Admin"
2020-10-06 14:26:02.5258 INFO Get VAT Master List Fail :42P01: relation "party_master" does not exist
2020-10-06 14:26:02.6218 INFO Get VAT Master List Success
2020-10-06 14:26:39.5025 INFO Get VAT Master List Fail :42P01: relation "party_master" does not exist
2020-10-06 14:27:18.0358 INFO Get VAT Master List Fail :42P01: relation "party_master" does not exist
2020-10-06 14:27:33.5205 INFO Get VAT Master List Fail :42P01: relation "party_master" does not exist
2020-10-06 14:27:46.6798 INFO Get VAT Master List Fail :42P01: relation "party_master" does not exist
2020-10-06 14:27:46.7024 INFO Get VAT Master List Success
2020-10-06 14:30:07.2309 INFO Get User Success :12-Charan
2020-10-06 14:30:11.9167 INFO Get User Success :12-Charan
2020-10-06 14:30:20.7767 INFO Get User Success :15-Sivaiah
2020-10-06 14:30:25.0681 INFO Get User Success :15-Sivaiah
2020-10-06 14:31:14.4068 INFO Get VAT Master List Fail :42P01: relation "party_master" does not exist
2020-10-06 14:31:19.8256 INFO Get VAT Master List Success
2020-10-06 14:31:31.4753 INFO Get VAT Master List Success
2020-10-06 14:38:50.5512 INFO Get Users List Success
2020-10-06 14:39:22.3266 INFO Org Get List Success
2020-10-06 14:39:22.3365 INFO Get Party Master List Success
2020-10-06 14:39:22.3365 INFO Get Role Level List Success
2020-10-06 14:39:22.3365 INFO Get access_type List Success
2020-10-06 14:39:22.4541 INFO Get view_Role_master List Success :Input string was not in a correct format.
2020-10-06 14:39:22.4591 INFO Get State List Success
2020-10-06 14:39:22.4591 INFO Get Dept List Success
2020-10-06 14:39:22.4591 INFO Get Users List Success
2020-10-06 14:40:03.0512 INFO Get Existing data Fail :user_registration
2020-10-06 14:40:27.3467 INFO Get Existing data Fail :user_registration
2020-10-06 14:41:23.4826 INFO Get Existing data Fail :user_registration
2020-10-06 14:41:38.8702 INFO Get Division List Success
2020-10-06 14:41:54.3270 INFO Insert User Success :0-Harinagar Distillery
2020-10-06 14:41:54.3565 INFO Get Users List Success
2020-10-06 14:42:02.2075 INFO Org Get List Success
2020-10-06 14:42:02.2095 INFO Get Party Master List Success
2020-10-06 14:42:02.2095 INFO Get Role Level List Success
2020-10-06 14:42:02.2095 INFO Get access_type List Success
2020-10-06 14:42:02.2302 INFO Get view_Role_master List Success :Input string was not in a correct format.
2020-10-06 14:42:02.2302 INFO Get State List Success
2020-10-06 14:42:02.2302 INFO Get Dept List Success
2020-10-06 14:42:02.2302 INFO Get Users List Success
2020-10-06 14:52:15.4075 INFO Get Existing data Fail :user_registration
2020-10-06 14:52:44.2045 INFO Get Existing data Fail :user_registration
2020-10-06 14:53:00.1894 INFO Get Division List Success
2020-10-06 14:53:12.0573 INFO Insert User Success :0-Harinagar Bond Officer
2020-10-06 14:53:12.0822 INFO Get Users List Success
2020-10-06 14:53:34.1503 INFO Get User Success :18-Harinagar Distillery
2020-10-06 14:53:36.8896 INFO Get User Success :18-Harinagar Distillery
2020-10-06 14:53:40.3904 INFO Get User Success :18-Harinagar Distillery
2020-10-06 14:53:42.6072 INFO Get User Success :18-Harinagar Distillery
2020-10-06 14:53:44.1314 INFO Get User Success :18-Harinagar Distillery
2020-10-06 14:53:44.1548 INFO Get VAT Master List Fail :42P01: relation "party_master" does not exist
2020-10-06 14:53:44.1548 INFO Get User Success :18-Harinagar Distillery
2020-10-06 14:53:44.2045 INFO Get User Success :18-Harinagar Distillery
2020-10-06 14:53:44.2105 INFO Get VAT Master List Success
2020-10-06 14:53:44.2105 INFO Get User Success :18-Harinagar Distillery
2020-10-06 14:53:56.4374 INFO Get User Success :18-Harinagar Distillery
2020-10-06 14:54:06.1913 INFO Get Party Type Master List Success
2020-10-06 14:54:09.1437 INFO Get Party Master List Success
2020-10-06 14:54:16.1135 INFO Get Party Type Master List Success
2020-10-06 14:54:16.1175 INFO Get VAT Master List Success
2020-10-06 14:54:16.1175 INFO Get Party Master Details Success
2020-10-06 14:54:23.2973 INFO Get VAT Master List Success
2020-10-06 14:54:29.1366 INFO Get VAT Type Master List Success
2020-10-06 14:54:37.1261 INFO Get VAT Master List Success
2020-10-06 14:54:40.9249 INFO Get VAT Type Master List Success
2020-10-06 14:54:47.1014 INFO Get VAT Master List Success
2020-10-06 14:54:57.6045 INFO Get Existing data Fail :VAT_Type_Master
2020-10-06 14:54:57.7907 INFO Update VAT Type Master Success :2-ABC
2020-10-06 14:54:57.8135 INFO Get VAT Type Master List Success
2020-10-06 14:54:59.3785 INFO Get VAT Master List Success
2020-10-06 14:55:08.0857 INFO Get Party Type Master List Success
2020-10-06 14:55:08.0857 INFO Get UOM List Success
2020-10-06 14:55:08.1013 INFO Get Product Type Master List Success
2020-10-06 14:55:08.1013 INFO Get VAT Type Master List Success
2020-10-06 14:55:10.1470 INFO Get Party Master List Success
2020-10-06 14:55:14.5153 INFO Get Product Master List Success
2020-10-06 14:55:33.1409 INFO Get Existing data Fail :VAT_Master
2020-10-06 14:55:48.4731 INFO Get Product Master List Success
2020-10-06 14:55:58.9597 INFO Get MaxID Success :vat_master
2020-10-06 14:55:58.9875 INFO Insert VAT Master Fail :7-fEB-1-22P02: invalid input syntax for integer: "5.2"
2020-10-06 14:56:14.0776 INFO Get MaxID Success :vat_master
2020-10-06 14:56:14.0939 INFO Insert VAT Master Success :7-fEB-1
2020-10-06 14:56:14.1139 INFO Get VAT Master List Success
2020-10-06 14:56:54.2067 INFO Get Party Type Master List Success
2020-10-06 14:56:54.2087 INFO Get UOM List Success
2020-10-06 14:56:54.2087 INFO Get Product Type Master List Success
2020-10-06 14:56:54.2087 INFO Get VAT Type Master List Success
2020-10-06 14:56:54.2087 INFO Get VAT Master List Success
2020-10-06 14:56:54.2574 INFO Get VAT Details Fail :Field not found in row: party_name
2020-10-06 14:56:54.2574 INFO Get Party Master List Success
2020-10-06 14:56:54.2574 INFO Get Product Master List Success
2020-10-06 15:01:21.9431 INFO Get VAT Master List Fail :42P01: relation "party_master" does not exist
2020-10-06 15:01:22.0422 INFO Get VAT Master List Success
2020-10-06 15:01:35.7285 INFO Get Party Type Master List Success
2020-10-06 15:01:39.6010 INFO Get VAT Master List Success
2020-10-06 15:01:42.0204 INFO Get Party Type Master List Success
2020-10-06 15:01:42.0224 INFO Get UOM List Success
2020-10-06 15:01:42.0224 INFO Get Product Type Master List Success
2020-10-06 15:01:42.0224 INFO Get VAT Type Master List Success
2020-10-06 15:01:42.0224 INFO Get VAT Master List Success
2020-10-06 15:01:42.0546 INFO Get VAT Details Fail :Field not found in row: party_name
2020-10-06 15:01:42.0546 INFO Get Party Master List Success
2020-10-06 15:01:42.0546 INFO Get Product Master List Success
2020-10-06 15:01:48.4261 INFO Update VAT Master Success :7-FEB-1
2020-10-06 15:01:48.4466 INFO Get VAT Master List Success
2020-10-06 15:01:56.1548 INFO Get Party Type Master List Success
2020-10-06 15:01:56.1548 INFO Get UOM List Success
2020-10-06 15:01:56.1548 INFO Get Product Type Master List Success
2020-10-06 15:01:56.1548 INFO Get VAT Type Master List Success
2020-10-06 15:01:59.2582 INFO Get Party Master List Success
2020-10-06 15:02:03.4164 INFO Get Product Master List Success
2020-10-06 15:02:15.4686 INFO Get Existing data Fail :VAT_Master
2020-10-06 15:02:22.3726 INFO Get MaxID Success :vat_master
2020-10-06 15:02:22.3942 INFO Insert VAT Master Success :8-ABC-1
2020-10-06 15:02:22.4135 INFO Get VAT Master List Success
2020-10-06 15:02:39.5392 INFO Get VAT Type Master List Success
2020-10-06 15:02:42.0306 INFO Get VAT Master List Success
2020-10-06 15:02:44.6272 INFO Get VAT Type Master List Success
2020-10-06 15:02:45.7559 INFO Get VAT Master List Success
2020-10-06 15:02:47.7541 INFO Get VAT Type Master List Success
2020-10-06 15:02:50.6167 INFO Get VAT Master List Success
2020-10-06 15:02:52.3257 INFO Get VAT Type Master List Success
2020-10-06 15:02:53.4842 INFO Get VAT Master List Success
2020-10-06 15:02:55.4248 INFO Get VAT Type Master List Success
2020-10-06 15:02:57.9560 INFO Get VAT Master List Success
2020-10-06 15:02:59.9145 INFO Get VAT Type Master List Success
2020-10-06 15:03:00.7464 INFO Get VAT Master List Success
2020-10-06 15:03:04.0712 INFO Get VAT Master List Success
2020-10-06 15:03:07.3957 INFO Get Party Type Master List Success
2020-10-06 15:03:07.3957 INFO Get UOM List Success
2020-10-06 15:03:07.3957 INFO Get Product Type Master List Success
2020-10-06 15:03:07.3957 INFO Get VAT Type Master List Success
2020-10-06 15:03:13.2529 INFO Get VAT Master List Success
2020-10-06 15:03:46.7309 INFO Get VAT Master List Fail :42P01: relation "party_master" does not exist
2020-10-06 15:03:46.7543 INFO Get VAT Master List Success
2020-10-06 15:05:29.0157 INFO Get VAT Master List Success
2020-10-06 15:20:48.7199 INFO Get VAT Master List Fail :42P01: relation "party_master" does not exist
2020-10-06 15:20:48.8151 INFO Get VAT Master List Success
2020-10-06 15:32:11.5205 INFO Get VAT Master List Success
2020-10-06 15:58:42.5585 INFO Get Party Type Master List Success
2020-10-06 15:58:53.2953 INFO Get VAT Master List Fail :42P01: relation "party_master" does not exist
2020-10-06 15:58:53.3812 INFO Get VAT Master List Success
2020-10-06 16:00:24.7692 INFO Get VAT Master List Success
2020-10-06 16:01:33.7158 INFO Get VAT Master List Success
2020-10-06 16:01:52.2840 INFO Get VAT Master List Success
2020-10-06 16:02:56.2202 INFO Get VAT Master List Success
2020-10-06 16:03:55.8538 INFO Get VAT Master List Success
2020-10-06 16:04:24.8250 INFO Get VAT Master List Success
2020-10-06 16:04:33.4175 INFO Get Party Type Master List Success
2020-10-06 16:04:34.9235 INFO Get Party Master List Success
2020-10-06 16:04:37.2333 INFO Get Party Type Master List Success
2020-10-06 16:04:42.8630 INFO Get Existing data Fail :party_master
2020-10-06 16:04:53.0197 INFO Get Existing data Fail :party_master
2020-10-06 16:04:57.9714 INFO Get Existing data Success :party_master
2020-10-06 16:05:35.7565 INFO Get Existing data Success :party_master
2020-10-06 16:05:45.1265 INFO Get VAT Master List Fail :42P01: relation "party_master" does not exist
2020-10-06 16:05:45.1522 INFO Get VAT Master List Success
2020-10-06 16:06:36.1745 INFO Get VAT Master List Success
2020-10-06 16:10:55.7479 INFO Get Party Type Master List Success
2020-10-06 16:10:59.9020 INFO Get Party Master List Success
2020-10-06 16:11:03.7982 INFO Get Party Type Master List Success
2020-10-06 16:11:18.4381 INFO Get Existing data Success :party_master
2020-10-06 16:11:30.6709 INFO Get VAT Master List Fail :42P01: relation "party_master" does not exist
2020-10-06 16:11:30.6968 INFO Get VAT Master List Success
2020-10-06 16:13:36.2158 INFO Get VAT Master List Success
2020-10-06 16:18:53.5738 INFO Get VAT Master List Success
2020-10-06 16:19:02.7002 INFO Get VAT Master List Success
2020-10-06 16:20:34.2503 INFO Get VAT Master List Success
2020-10-06 16:24:24.8481 INFO Get VAT Master List Fail :42P01: relation "party_master" does not exist
2020-10-06 16:25:03.2754 INFO Get VAT Master List Success
2020-10-06 16:26:15.2313 INFO Get VAT Master List Success
2020-10-06 16:26:39.7717 INFO Get VAT Master List Success
2020-10-06 16:33:21.7519 INFO Get VAT Master List Fail :42P01: relation "party_master" does not exist
2020-10-06 16:33:21.8437 INFO Get VAT Master List Success
2020-10-06 16:33:44.4198 INFO Get VAT Master List Success
2020-10-06 16:33:46.0952 INFO Get VAT Master List Success
2020-10-06 16:35:05.6987 INFO Get VAT Master List Success
2020-10-06 16:39:01.3877 INFO Get VAT Master List Success
2020-10-06 16:39:17.2522 INFO Get VAT Master List Success
2020-10-06 16:40:22.4970 INFO Get VAT Master List Success
2020-10-06 16:44:58.0674 INFO Get VAT Master List Fail :42P01: relation "party_master" does not exist
2020-10-06 16:44:58.0962 INFO Get VAT Master List Success
2020-10-06 16:45:17.6496 INFO Get VAT Master List Success
2020-10-06 16:45:48.5748 INFO Get VAT Master List Success
2020-10-06 16:45:51.7948 INFO Get VAT Master List Success
2020-10-06 16:47:32.2962 INFO Get VAT Master List Success
2020-10-06 16:47:35.5743 INFO Get VAT Master List Success
2020-10-06 16:47:41.4231 INFO Get VAT Master List Success
2020-10-06 16:47:45.7370 INFO Get VAT Master List Fail :42P01: relation "party_master" does not exist
2020-10-06 16:47:46.6596 INFO Get VAT Master List Fail :42P01: relation "party_master" does not exist
2020-10-06 16:47:48.0879 INFO Get VAT Master List Fail :42P01: relation "party_master" does not exist
2020-10-06 16:47:48.1098 INFO Get VAT Master List Success
2020-10-06 16:48:41.9598 INFO Get VAT Master List Success
2020-10-06 16:53:53.7254 INFO Get VAT Master List Fail :42P01: relation "party_master" does not exist
2020-10-06 16:53:53.7533 INFO Get VAT Master List Success
2020-10-06 16:53:58.2913 INFO Get VAT Master List Success
2020-10-06 16:54:05.5153 INFO Get VAT Master List Success
2020-10-06 16:55:29.9082 INFO Get VAT Master List Success
2020-10-06 16:57:35.0344 INFO Get VAT Master List Fail :42P01: relation "party_master" does not exist
2020-10-06 16:57:36.5704 INFO Get VAT Master List Success
2020-10-06 16:57:52.3103 INFO Get VAT Master List Success
2020-10-06 16:58:00.4846 INFO Get VAT Master List Success
2020-10-06 17:01:52.5107 INFO Sugarcanepurchase Get List Success
2020-10-06 17:01:56.5396 INFO Get VAT Master List Fail :42P01: relation "party_master" does not exist
2020-10-06 17:01:56.6061 INFO Get VAT Master List Success
2020-10-06 17:02:37.7250 INFO Get VAT Master List Success
2020-10-06 17:12:16.5587 INFO Get VAT Master List Fail :42P01: relation "party_master" does not exist
2020-10-06 17:12:17.9301 INFO Get VAT Master List Success
2020-10-06 17:12:31.2762 INFO Get VAT Master List Success
2020-10-06 17:12:38.9373 INFO Get VAT Master List Success
2020-10-06 17:13:23.5516 INFO Get VAT Master List Success
2020-10-06 17:14:01.2503 INFO Get VAT Master List Success
2020-10-06 17:14:13.9370 INFO Get VAT Master List Success
2020-10-06 17:16:16.6102 INFO Get VAT Master List Success
2020-10-06 17:16:23.7612 INFO Get VAT Master List Success
2020-10-06 17:16:33.3563 INFO Get VAT Master List Success
2020-10-06 17:17:02.4139 INFO Get VAT Master List Success
2020-10-06 17:17:09.4683 INFO Get VAT Master List Success
2020-10-06 17:18:09.7244 INFO Get VAT Master List Success
2020-10-06 17:18:13.5080 INFO Get VAT Master List Success
2020-10-06 17:30:55.2905 INFO Sugarcanepurchase Get List Success
2020-10-06 17:31:03.5446 INFO Get VAT Master List Fail :42P01: relation "party_master" does not exist
2020-10-06 17:31:03.6145 INFO Get VAT Master List Success
2020-10-06 17:31:31.1479 INFO Get VAT Master List Success
2020-10-06 17:36:49.9493 INFO Get VAT Master List Success
2020-10-06 18:11:20.1830 INFO Get User Success :18-Harinagar Distillery
2020-10-06 18:11:24.1153 INFO Get User Success :18-Harinagar Distillery
2020-10-06 18:11:25.7586 INFO Get User Success :18-Harinagar Distillery
2020-10-06 18:11:31.3623 INFO Get User Success :18-Harinagar Distillery
2020-10-06 18:11:32.8825 INFO Get User Success :18-Harinagar Distillery
2020-10-06 18:11:32.9044 INFO Get VAT Master List Fail :42P01: relation "party_master" does not exist
2020-10-06 18:11:32.9044 INFO Get User Success :18-Harinagar Distillery
2020-10-06 18:11:32.9684 INFO Get User Success :18-Harinagar Distillery
2020-10-06 18:11:32.9740 INFO Get VAT Master List Success
2020-10-06 18:11:32.9740 INFO Get User Success :18-Harinagar Distillery
2020-10-06 18:11:44.0166 INFO Get VAT Master List Success
2020-10-06 18:12:15.9816 INFO Get User Success :18-Harinagar Distillery
2020-10-06 18:18:58.6274 INFO Get User Success :18-Harinagar Distillery
2020-10-06 18:19:21.3506 INFO Get User Success :18-Harinagar Distillery
2020-10-06 18:19:23.9541 INFO Get User Success :18-Harinagar Distillery
2020-10-06 18:19:33.1038 INFO Get VAT Master List Fail :42P01: relation "party_master" does not exist
2020-10-06 18:21:32.2106 INFO Get VAT Master List Success
2020-10-06 18:21:39.2279 INFO Get User Success :18-Harinagar Distillery
2020-10-06 18:21:39.2518 INFO Get User Success :18-Harinagar Distillery
2020-10-06 18:21:39.2648 INFO Get VAT Master List Success
2020-10-06 18:21:39.2648 INFO Get User Success :18-Harinagar Distillery
2020-10-06 18:21:51.8052 INFO Get User Success :18-Harinagar Distillery
2020-10-06 18:21:51.8052 INFO Get VAT Master List Success
2020-10-06 18:22:20.4908 INFO Get VAT Master List Success
2020-10-06 18:22:23.9605 INFO Get User Success :18-Harinagar Distillery
2020-10-06 18:22:33.7895 INFO Get User Success :18-Harinagar Distillery
