2020-12-29 11:50:39.8985 INFO Get User Success :100-Deputy Commissioner
2020-12-29 11:50:57.9549 INFO Get User Success :100-Deputy Commissioner
2020-12-29 11:50:57.9701 INFO Check WorkFlow List Success
2020-12-29 11:50:58.0367 INFO Get User Success :100-Deputy Commissioner
2020-12-29 11:50:58.0367 INFO Check WorkFlow List Success
2020-12-29 11:50:58.0675 INFO Get Allotment List Success
2020-12-29 11:50:58.1138 INFO Get User Success :100-Deputy Commissioner
2020-12-29 11:51:00.9285 INFO Get User Success :100-Deputy Commissioner
2020-12-29 11:51:00.9301 INFO Check WorkFlow List Success
2020-12-29 11:51:00.9301 INFO Get Allotment List Success
2020-12-29 11:51:01.0971 INFO Get User Success :100-Deputy Commissioner
2020-12-29 11:51:01.1128 INFO Get Party Master List Success
2020-12-29 11:51:01.1188 INFO Get Indent List Success
2020-12-29 11:51:01.1188 INFO Get Allotment Details Success
2020-12-29 11:51:01.1518 INFO Get Party Master List Success
2020-12-29 11:51:01.1737 INFO Check WorkFlow List Success
2020-12-29 11:51:01.1807 INFO Get User Success :100-Deputy Commissioner
2020-12-29 12:06:19.9385 INFO Get User Success :100-Deputy Commissioner
2020-12-29 12:06:26.8744 INFO Get User Success :100-Deputy Commissioner
2020-12-29 12:06:26.8744 INFO Check WorkFlow List Success
2020-12-29 12:06:35.9908 INFO Get User Success :100-Deputy Commissioner
2020-12-29 12:06:35.9928 INFO Check WorkFlow List Success
2020-12-29 12:06:35.9928 INFO Get Allotment List Success
2020-12-29 12:06:36.0350 INFO Get User Success :100-Deputy Commissioner
2020-12-29 12:06:39.4173 INFO Get User Success :100-Deputy Commissioner
2020-12-29 12:06:39.4173 INFO Check WorkFlow List Success
2020-12-29 12:06:39.4173 INFO Get Allotment List Success
2020-12-29 12:06:39.4962 INFO Get User Success :100-Deputy Commissioner
2020-12-29 12:06:39.4962 INFO Get Party Master List Success
2020-12-29 12:06:39.4962 INFO Get Indent List Success
2020-12-29 12:06:39.5166 INFO Get Allotment Details Success
2020-12-29 12:06:39.5258 INFO Get Party Master List Success
2020-12-29 12:06:39.5416 INFO Check WorkFlow List Success
2020-12-29 12:06:39.5416 INFO Get User Success :100-Deputy Commissioner
2020-12-29 12:16:53.5250 INFO Allotement Approve Sucess:11
2020-12-29 12:16:53.5524 INFO Get User Success :100-Deputy Commissioner
2020-12-29 12:16:53.5524 INFO Check WorkFlow List Success
2020-12-29 12:16:53.5585 INFO Get Allotment List Success
2020-12-29 12:16:53.5585 INFO Get User Success :100-Deputy Commissioner
2020-12-29 12:16:58.0503 INFO Get User Success :100-Deputy Commissioner
2020-12-29 12:16:58.0503 INFO Check WorkFlow List Success
2020-12-29 12:16:58.0552 INFO Get Allotment List Success
2020-12-29 12:16:58.0784 INFO Get User Success :100-Deputy Commissioner
2020-12-29 12:16:58.0784 INFO Get Party Master List Success
2020-12-29 12:16:58.0864 INFO Get Indent List Success
2020-12-29 12:16:58.0864 INFO Get Allotment Details Success
2020-12-29 12:16:58.0864 INFO Get Party Master List Success
2020-12-29 12:16:58.0864 INFO Check WorkFlow List Success
2020-12-29 12:16:58.1043 INFO Get User Success :100-Deputy Commissioner
2020-12-29 12:17:01.3783 INFO Get User Success :100-Deputy Commissioner
2020-12-29 12:17:01.3783 INFO Check WorkFlow List Success
2020-12-29 12:17:01.3843 INFO Get Allotment List Success
2020-12-29 12:17:01.3843 INFO Get User Success :100-Deputy Commissioner
2020-12-29 12:17:02.9840 INFO Get User Success :100-Deputy Commissioner
2020-12-29 12:17:02.9840 INFO Check WorkFlow List Success
2020-12-29 12:17:02.9840 INFO Get Allotment List Success
2020-12-29 12:17:03.0115 INFO Get User Success :100-Deputy Commissioner
2020-12-29 12:17:03.0115 INFO Get Party Master List Success
2020-12-29 12:17:03.0115 INFO Get Indent List Success
2020-12-29 12:17:03.0115 INFO Get Allotment Details Success
2020-12-29 12:17:03.0115 INFO Get Party Master List Success
2020-12-29 12:17:03.0258 INFO Check WorkFlow List Success
2020-12-29 12:17:03.0258 INFO Get User Success :100-Deputy Commissioner
2020-12-29 12:17:06.2506 INFO Get User Success :100-Deputy Commissioner
2020-12-29 12:17:06.2506 INFO Check WorkFlow List Success
2020-12-29 12:17:06.2506 INFO Get Allotment List Success
2020-12-29 12:17:06.2655 INFO Get User Success :100-Deputy Commissioner
2020-12-29 12:17:09.6244 INFO Get User Success :100-Deputy Commissioner
2020-12-29 12:17:09.6244 INFO Check WorkFlow List Success
2020-12-29 12:17:09.6244 INFO Get Allotment List Success
2020-12-29 12:17:09.6518 INFO Get User Success :100-Deputy Commissioner
2020-12-29 12:17:09.6518 INFO Get Party Master List Success
2020-12-29 12:17:09.6518 INFO Get Indent List Success
2020-12-29 12:17:09.6654 INFO Get Allotment Details Success
2020-12-29 12:17:09.6654 INFO Get Party Master List Success
2020-12-29 12:17:09.6654 INFO Check WorkFlow List Success
2020-12-29 12:17:09.6654 INFO Get User Success :100-Deputy Commissioner
2020-12-29 12:17:13.0121 INFO Get User Success :100-Deputy Commissioner
2020-12-29 12:17:13.0121 INFO Check WorkFlow List Success
2020-12-29 12:17:13.0121 INFO Get Allotment List Success
2020-12-29 12:17:13.0121 INFO Get User Success :100-Deputy Commissioner
2020-12-29 12:17:14.0613 INFO Get User Success :100-Deputy Commissioner
2020-12-29 12:17:14.0613 INFO Check WorkFlow List Success
2020-12-29 12:17:14.0613 INFO Get Allotment List Success
2020-12-29 12:17:14.0886 INFO Get User Success :100-Deputy Commissioner
2020-12-29 12:17:14.0886 INFO Get Party Master List Success
2020-12-29 12:17:14.0886 INFO Get Indent List Success
2020-12-29 12:17:14.0886 INFO Get Allotment Details Success
2020-12-29 12:17:14.1027 INFO Get Party Master List Success
2020-12-29 12:17:14.1027 INFO Check WorkFlow List Success
2020-12-29 12:17:14.1027 INFO Get User Success :100-Deputy Commissioner
2020-12-29 12:17:37.1629 INFO Get User Success :100-Deputy Commissioner
2020-12-29 12:17:42.3295 INFO Get User Success :100-Deputy Commissioner
2020-12-29 12:17:42.3295 INFO Check WorkFlow List Success
2020-12-29 12:17:42.3548 INFO Get User Success :100-Deputy Commissioner
2020-12-29 12:17:42.3548 INFO Check WorkFlow List Success
2020-12-29 12:17:42.3548 INFO Get Allotment List Success
2020-12-29 12:17:42.3548 INFO Get User Success :100-Deputy Commissioner
2020-12-29 12:17:45.1757 INFO Get User Success :100-Deputy Commissioner
2020-12-29 12:17:45.1757 INFO Check WorkFlow List Success
2020-12-29 12:17:45.1807 INFO Get Allotment List Success
2020-12-29 12:17:45.4186 INFO Get GetSeverList Success
2020-12-29 12:24:56.8256 INFO Get User Success :100-Deputy Commissioner
2020-12-29 12:26:28.1520 INFO Get User Success :98-Harinagar Sugar Mills Limited(Distillery Division)
2020-12-29 12:26:36.5120 INFO Get User Success :98-Harinagar Sugar Mills Limited(Distillery Division)
2020-12-29 12:26:40.2658 INFO Get User Success :98-Harinagar Sugar Mills Limited(Distillery Division)
2020-12-29 12:26:40.2836 INFO Get User Success :98-Harinagar Sugar Mills Limited(Distillery Division)
2020-12-29 12:26:41.9466 INFO Get User Success :98-Harinagar Sugar Mills Limited(Distillery Division)
2020-12-29 12:26:41.9466 INFO Get User Success :98-Harinagar Sugar Mills Limited(Distillery Division)
2020-12-29 12:26:57.4254 INFO Get User Success :98-Harinagar Sugar Mills Limited(Distillery Division)
2020-12-29 12:26:57.4334 INFO Get VAT Master List Success
2020-12-29 12:26:57.4334 INFO Get User Success :98-Harinagar Sugar Mills Limited(Distillery Division)
2020-12-29 12:27:47.9313 INFO Get User Success :98-Harinagar Sugar Mills Limited(Distillery Division)
2020-12-29 12:27:47.9313 INFO Get User Success :98-Harinagar Sugar Mills Limited(Distillery Division)
2020-12-29 12:27:54.2114 INFO Get User Success :98-Harinagar Sugar Mills Limited(Distillery Division)
2020-12-29 12:27:54.2114 INFO Get VAT Master List Success
2020-12-29 12:27:54.2114 INFO Get User Success :98-Harinagar Sugar Mills Limited(Distillery Division)
2020-12-29 12:28:01.3788 INFO Get User Success :98-Harinagar Sugar Mills Limited(Distillery Division)
2020-12-29 12:28:01.3828 INFO Get User Success :98-Harinagar Sugar Mills Limited(Distillery Division)
2020-12-29 12:28:05.0754 INFO Get User Success :98-Harinagar Sugar Mills Limited(Distillery Division)
2020-12-29 12:28:05.0754 INFO Get User Success :98-Harinagar Sugar Mills Limited(Distillery Division)
2020-12-29 12:28:07.4782 INFO Get User Success :98-Harinagar Sugar Mills Limited(Distillery Division)
2020-12-29 12:28:07.4782 INFO Get User Success :98-Harinagar Sugar Mills Limited(Distillery Division)
2020-12-29 12:28:23.6709 INFO Get User Success :98-Harinagar Sugar Mills Limited(Distillery Division)
2020-12-29 12:28:23.6709 INFO Get User Success :98-Harinagar Sugar Mills Limited(Distillery Division)
2020-12-29 12:28:26.1403 INFO Get User Success :98-Harinagar Sugar Mills Limited(Distillery Division)
2020-12-29 12:28:26.1403 INFO Get User Success :98-Harinagar Sugar Mills Limited(Distillery Division)
2020-12-29 12:28:29.0453 INFO Get User Success :98-Harinagar Sugar Mills Limited(Distillery Division)
2020-12-29 12:28:29.0453 INFO Get User Success :98-Harinagar Sugar Mills Limited(Distillery Division)
2020-12-29 12:28:30.5505 INFO Get User Success :98-Harinagar Sugar Mills Limited(Distillery Division)
2020-12-29 12:28:30.5605 INFO Get User Success :98-Harinagar Sugar Mills Limited(Distillery Division)
2020-12-29 12:28:31.5832 INFO Get User Success :98-Harinagar Sugar Mills Limited(Distillery Division)
2020-12-29 12:28:31.5922 INFO Get VAT Master List Success
2020-12-29 12:28:31.5922 INFO Get User Success :98-Harinagar Sugar Mills Limited(Distillery Division)
2020-12-29 12:28:34.9720 INFO Get User Success :98-Harinagar Sugar Mills Limited(Distillery Division)
2020-12-29 12:28:34.9769 INFO Get User Success :98-Harinagar Sugar Mills Limited(Distillery Division)
2020-12-29 12:28:37.3269 INFO Get User Success :98-Harinagar Sugar Mills Limited(Distillery Division)
2020-12-29 12:28:37.3269 INFO Get User Success :98-Harinagar Sugar Mills Limited(Distillery Division)
2020-12-29 12:28:38.1892 INFO Get User Success :98-Harinagar Sugar Mills Limited(Distillery Division)
2020-12-29 12:28:38.1990 INFO Get User Success :98-Harinagar Sugar Mills Limited(Distillery Division)
2020-12-29 12:28:39.1400 INFO Get User Success :98-Harinagar Sugar Mills Limited(Distillery Division)
2020-12-29 12:28:39.1491 INFO Get VAT Master List Success
2020-12-29 12:28:39.1491 INFO Get User Success :98-Harinagar Sugar Mills Limited(Distillery Division)
2020-12-29 12:28:40.5436 INFO Get User Success :98-Harinagar Sugar Mills Limited(Distillery Division)
2020-12-29 12:28:40.5436 INFO Get User Success :98-Harinagar Sugar Mills Limited(Distillery Division)
2020-12-29 12:28:52.7207 INFO Get User Success :98-Harinagar Sugar Mills Limited(Distillery Division)
2020-12-29 12:28:55.2297 INFO Get User Success :98-Harinagar Sugar Mills Limited(Distillery Division)
2020-12-29 12:28:55.2297 INFO Get User Success :98-Harinagar Sugar Mills Limited(Distillery Division)
2020-12-29 12:28:56.7513 INFO Get User Success :98-Harinagar Sugar Mills Limited(Distillery Division)
2020-12-29 12:28:56.7712 INFO Get User Success :98-Harinagar Sugar Mills Limited(Distillery Division)
2020-12-29 12:28:58.4574 INFO Get User Success :98-Harinagar Sugar Mills Limited(Distillery Division)
2020-12-29 12:28:58.5097 INFO Get User Success :98-Harinagar Sugar Mills Limited(Distillery Division)
2020-12-29 12:28:58.5097 INFO Get VAT Master List Success
2020-12-29 12:28:58.5097 INFO Get User Success :98-Harinagar Sugar Mills Limited(Distillery Division)
2020-12-29 12:29:00.1517 INFO Get User Success :98-Harinagar Sugar Mills Limited(Distillery Division)
2020-12-29 12:29:00.1517 INFO Get User Success :98-Harinagar Sugar Mills Limited(Distillery Division)
2020-12-29 12:29:01.2398 INFO Get User Success :98-Harinagar Sugar Mills Limited(Distillery Division)
2020-12-29 12:29:01.2438 INFO Get VAT Master List Success
2020-12-29 12:29:01.2438 INFO Get User Success :98-Harinagar Sugar Mills Limited(Distillery Division)
2020-12-29 12:29:02.9995 INFO Get User Success :98-Harinagar Sugar Mills Limited(Distillery Division)
2020-12-29 12:29:02.9995 INFO Get User Success :98-Harinagar Sugar Mills Limited(Distillery Division)
2020-12-29 12:37:12.7091 INFO Get User Success :102-Harinagar Sugar Mills Ltd, Bond Officer
2020-12-29 12:37:19.1042 INFO Get User Success :102-Harinagar Sugar Mills Ltd, Bond Officer
2020-12-29 12:37:19.1494 INFO Get User Success :102-Harinagar Sugar Mills Ltd, Bond Officer
2020-12-29 12:37:23.5507 INFO Get User Success :102-Harinagar Sugar Mills Ltd, Bond Officer
2020-12-29 12:37:23.5607 INFO Get Pass List Success
2020-12-29 12:37:23.5607 INFO Get User Success :102-Harinagar Sugar Mills Ltd, Bond Officer
2020-12-29 12:37:24.5216 INFO Get User Success :102-Harinagar Sugar Mills Ltd, Bond Officer
2020-12-29 12:37:24.5256 INFO Get User Success :102-Harinagar Sugar Mills Ltd, Bond Officer
2020-12-29 12:37:37.7973 INFO Get User Success :98-Harinagar Sugar Mills Limited(Distillery Division)
2020-12-29 12:37:40.3358 INFO Get User Success :98-Harinagar Sugar Mills Limited(Distillery Division)
2020-12-29 12:37:40.3418 INFO Get User Success :98-Harinagar Sugar Mills Limited(Distillery Division)
2020-12-29 12:37:47.5849 INFO Get User Success :98-Harinagar Sugar Mills Limited(Distillery Division)
2020-12-29 12:37:47.5884 INFO Get Dispach Master List Success
2020-12-29 12:37:47.6123 INFO Get VAT Master List Success
2020-12-29 12:37:47.6123 INFO Get User Success :98-Harinagar Sugar Mills Limited(Distillery Division)
2020-12-29 12:38:02.0414 INFO Get User Success :98-Harinagar Sugar Mills Limited(Distillery Division)
2020-12-29 12:38:02.0414 INFO Get Pass List Success
2020-12-29 12:38:02.0595 INFO Get User Success :98-Harinagar Sugar Mills Limited(Distillery Division)
2020-12-29 12:38:03.7525 INFO Get User Success :98-Harinagar Sugar Mills Limited(Distillery Division)
2020-12-29 12:38:03.7525 INFO Get Dispach Master List Success
2020-12-29 12:38:03.7644 INFO Get VAT Master List Success
2020-12-29 12:38:03.7644 INFO Get Pass List Success
2020-12-29 12:38:03.7764 INFO Get User Success :98-Harinagar Sugar Mills Limited(Distillery Division)
2020-12-29 12:38:24.0206 INFO Get User Success :103-Harinagar Sugar Mills Limited(Distillery Division)
2020-12-29 12:38:26.5118 INFO Get User Success :103-Harinagar Sugar Mills Limited(Distillery Division)
2020-12-29 12:38:26.5118 INFO Get User Success :103-Harinagar Sugar Mills Limited(Distillery Division)
2020-12-29 12:38:27.8649 INFO Get User Success :103-Harinagar Sugar Mills Limited(Distillery Division)
2020-12-29 12:38:27.8699 INFO Get Pass List Success
2020-12-29 12:38:27.8699 INFO Get User Success :103-Harinagar Sugar Mills Limited(Distillery Division)
2020-12-29 12:38:29.6628 INFO Get User Success :103-Harinagar Sugar Mills Limited(Distillery Division)
2020-12-29 12:38:29.6657 INFO Get Dispach Master List Success
2020-12-29 12:38:29.6807 INFO Get VAT Master List Success
2020-12-29 12:38:29.6807 INFO Get Pass List Success
2020-12-29 12:38:29.6807 INFO Get User Success :103-Harinagar Sugar Mills Limited(Distillery Division)
2020-12-29 12:39:42.6447 INFO Pass Issued Fail:0-HDD - 22P02: invalid input syntax for integer: "WC/HDD/ETH-NOC/2020-2021/1"
2020-12-29 12:41:20.1609 INFO Pass Issued Sucess:0-HDD
2020-12-29 12:41:33.7562 INFO Get User Success :103-Harinagar Sugar Mills Limited(Distillery Division)
2020-12-29 12:41:33.7616 INFO Get Pass List Success
2020-12-29 12:41:33.7616 INFO Get User Success :103-Harinagar Sugar Mills Limited(Distillery Division)
2020-12-29 12:41:39.7319 INFO Get User Success :103-Harinagar Sugar Mills Limited(Distillery Division)
2020-12-29 12:41:39.7319 INFO Get Dispach Master List Success
2020-12-29 12:41:39.7425 INFO Get VAT Master List Success
2020-12-29 12:41:39.7425 INFO Get Pass List Success
2020-12-29 12:41:39.7425 INFO Get User Success :103-Harinagar Sugar Mills Limited(Distillery Division)
2020-12-29 12:49:49.2814 INFO Get User Success :98-Harinagar Sugar Mills Limited(Distillery Division)
2020-12-29 12:49:52.3997 INFO Get User Success :98-Harinagar Sugar Mills Limited(Distillery Division)
2020-12-29 12:49:52.4192 INFO Get User Success :98-Harinagar Sugar Mills Limited(Distillery Division)
2020-12-29 12:49:53.4874 INFO Get User Success :98-Harinagar Sugar Mills Limited(Distillery Division)
2020-12-29 12:49:53.4944 INFO Get User Success :98-Harinagar Sugar Mills Limited(Distillery Division)
2020-12-29 12:49:55.9703 INFO Get User Success :98-Harinagar Sugar Mills Limited(Distillery Division)
2020-12-29 12:49:55.9772 INFO Get VAT Master List Success
2020-12-29 12:49:55.9772 INFO Get User Success :98-Harinagar Sugar Mills Limited(Distillery Division)
2020-12-29 12:57:15.8277 INFO Get User Success :98-Harinagar Sugar Mills Limited(Distillery Division)
2020-12-29 12:57:25.4824 INFO Get User Success :98-Harinagar Sugar Mills Limited(Distillery Division)
2020-12-29 12:57:25.5004 INFO Get User Success :98-Harinagar Sugar Mills Limited(Distillery Division)
2020-12-29 12:57:26.9104 INFO Get User Success :98-Harinagar Sugar Mills Limited(Distillery Division)
2020-12-29 12:57:26.9164 INFO Get User Success :98-Harinagar Sugar Mills Limited(Distillery Division)
2020-12-29 12:57:32.8806 INFO Get User Success :98-Harinagar Sugar Mills Limited(Distillery Division)
2020-12-29 12:57:32.8880 INFO Get VAT Master List Success
2020-12-29 12:57:32.8880 INFO Get User Success :98-Harinagar Sugar Mills Limited(Distillery Division)
2020-12-29 13:07:19.8236 INFO Get User Success :98-Harinagar Sugar Mills Limited(Distillery Division)
2020-12-29 13:07:30.2422 INFO Get User Success :98-Harinagar Sugar Mills Limited(Distillery Division)
2020-12-29 13:07:30.2615 INFO Get User Success :98-Harinagar Sugar Mills Limited(Distillery Division)
2020-12-29 13:07:32.1733 INFO Get User Success :98-Harinagar Sugar Mills Limited(Distillery Division)
2020-12-29 13:07:32.1810 INFO Get User Success :98-Harinagar Sugar Mills Limited(Distillery Division)
2020-12-29 13:07:35.8716 INFO Get User Success :98-Harinagar Sugar Mills Limited(Distillery Division)
2020-12-29 13:07:35.8716 INFO Get VAT Master List Success
2020-12-29 13:07:35.8909 INFO Get User Success :98-Harinagar Sugar Mills Limited(Distillery Division)
2020-12-29 13:27:14.6279 INFO Get User Success :98-Harinagar Sugar Mills Limited(Distillery Division)
2020-12-29 13:27:16.9864 INFO Get User Success :98-Harinagar Sugar Mills Limited(Distillery Division)
2020-12-29 13:27:17.0038 INFO Get User Success :98-Harinagar Sugar Mills Limited(Distillery Division)
2020-12-29 13:27:17.9926 INFO Get User Success :98-Harinagar Sugar Mills Limited(Distillery Division)
2020-12-29 13:27:17.9926 INFO Get User Success :98-Harinagar Sugar Mills Limited(Distillery Division)
2020-12-29 13:27:26.4330 INFO Get User Success :98-Harinagar Sugar Mills Limited(Distillery Division)
2020-12-29 13:27:26.4330 INFO Get VAT Master List Success
2020-12-29 13:27:26.4512 INFO Get User Success :98-Harinagar Sugar Mills Limited(Distillery Division)
2020-12-29 13:34:29.9495 INFO Get User Success :98-Harinagar Sugar Mills Limited(Distillery Division)
2020-12-29 13:34:39.8349 INFO Get User Success :98-Harinagar Sugar Mills Limited(Distillery Division)
2020-12-29 13:34:39.8522 INFO Get User Success :98-Harinagar Sugar Mills Limited(Distillery Division)
2020-12-29 13:34:41.7894 INFO Get User Success :98-Harinagar Sugar Mills Limited(Distillery Division)
2020-12-29 13:34:41.7894 INFO Get User Success :98-Harinagar Sugar Mills Limited(Distillery Division)
2020-12-29 13:34:50.5844 INFO Get User Success :98-Harinagar Sugar Mills Limited(Distillery Division)
2020-12-29 13:34:50.5921 INFO Get VAT Master List Success
2020-12-29 13:34:50.6020 INFO Get User Success :98-Harinagar Sugar Mills Limited(Distillery Division)
2020-12-29 14:22:41.1795 INFO Get User Success :98-Harinagar Sugar Mills Limited(Distillery Division)
2020-12-29 14:22:47.4054 INFO Get User Success :98-Harinagar Sugar Mills Limited(Distillery Division)
2020-12-29 14:22:47.4234 INFO Get User Success :98-Harinagar Sugar Mills Limited(Distillery Division)
2020-12-29 14:22:48.6859 INFO Get User Success :98-Harinagar Sugar Mills Limited(Distillery Division)
2020-12-29 14:22:48.6859 INFO Get User Success :98-Harinagar Sugar Mills Limited(Distillery Division)
2020-12-29 14:22:51.8482 INFO Get User Success :98-Harinagar Sugar Mills Limited(Distillery Division)
2020-12-29 14:22:51.8550 INFO Get VAT Master List Success
2020-12-29 14:22:51.8550 INFO Get User Success :98-Harinagar Sugar Mills Limited(Distillery Division)
2020-12-29 14:26:25.9483 INFO Get User Success :98-Harinagar Sugar Mills Limited(Distillery Division)
2020-12-29 14:26:25.9483 INFO Get VAT Master List Success
2020-12-29 14:26:25.9483 INFO Get User Success :98-Harinagar Sugar Mills Limited(Distillery Division)
2020-12-29 14:26:27.1760 INFO Get User Success :98-Harinagar Sugar Mills Limited(Distillery Division)
2020-12-29 14:26:27.1809 INFO Get VAT Master List Success
2020-12-29 14:26:27.1809 INFO Get User Success :98-Harinagar Sugar Mills Limited(Distillery Division)
2020-12-29 14:26:27.4201 INFO Get User Success :98-Harinagar Sugar Mills Limited(Distillery Division)
2020-12-29 14:26:27.4201 INFO Get VAT Master List Success
2020-12-29 14:26:27.4201 INFO Get User Success :98-Harinagar Sugar Mills Limited(Distillery Division)
2020-12-29 14:26:27.6111 INFO Get User Success :98-Harinagar Sugar Mills Limited(Distillery Division)
2020-12-29 14:26:27.6211 INFO Get VAT Master List Success
2020-12-29 14:26:27.6211 INFO Get User Success :98-Harinagar Sugar Mills Limited(Distillery Division)
2020-12-29 14:26:27.7797 INFO Get User Success :98-Harinagar Sugar Mills Limited(Distillery Division)
2020-12-29 14:26:27.7797 INFO Get VAT Master List Success
2020-12-29 14:26:27.7797 INFO Get User Success :98-Harinagar Sugar Mills Limited(Distillery Division)
2020-12-29 14:32:00.7120 INFO Get User Success :98-Harinagar Sugar Mills Limited(Distillery Division)
2020-12-29 14:32:05.7847 INFO Get User Success :98-Harinagar Sugar Mills Limited(Distillery Division)
2020-12-29 14:32:05.8166 INFO Get User Success :98-Harinagar Sugar Mills Limited(Distillery Division)
2020-12-29 14:32:07.2126 INFO Get User Success :98-Harinagar Sugar Mills Limited(Distillery Division)
2020-12-29 14:32:07.2126 INFO Get User Success :98-Harinagar Sugar Mills Limited(Distillery Division)
2020-12-29 14:32:18.3971 INFO Get User Success :98-Harinagar Sugar Mills Limited(Distillery Division)
2020-12-29 14:32:18.4056 INFO Get VAT Master List Success
2020-12-29 14:32:18.4154 INFO Get User Success :98-Harinagar Sugar Mills Limited(Distillery Division)
2020-12-29 14:35:26.8723 INFO Get User Success :98-Harinagar Sugar Mills Limited(Distillery Division)
2020-12-29 14:35:37.8154 INFO Get User Success :98-Harinagar Sugar Mills Limited(Distillery Division)
2020-12-29 14:35:37.8342 INFO Get User Success :98-Harinagar Sugar Mills Limited(Distillery Division)
2020-12-29 14:36:06.0408 INFO Get User Success :98-Harinagar Sugar Mills Limited(Distillery Division)
2020-12-29 14:36:06.0408 INFO Get User Success :98-Harinagar Sugar Mills Limited(Distillery Division)
2020-12-29 14:36:07.4655 INFO Get User Success :98-Harinagar Sugar Mills Limited(Distillery Division)
2020-12-29 14:36:07.4655 INFO Get VAT Master List Success
2020-12-29 14:36:07.4819 INFO Get User Success :98-Harinagar Sugar Mills Limited(Distillery Division)
2020-12-29 14:49:42.2598 INFO Get User Success :98-Harinagar Sugar Mills Limited(Distillery Division)
2020-12-29 14:49:45.5127 INFO Get User Success :98-Harinagar Sugar Mills Limited(Distillery Division)
2020-12-29 14:49:45.5326 INFO Get User Success :98-Harinagar Sugar Mills Limited(Distillery Division)
2020-12-29 14:49:47.7970 INFO Get User Success :98-Harinagar Sugar Mills Limited(Distillery Division)
2020-12-29 14:49:47.8058 INFO Get User Success :98-Harinagar Sugar Mills Limited(Distillery Division)
2020-12-29 14:49:51.7329 INFO Get User Success :98-Harinagar Sugar Mills Limited(Distillery Division)
2020-12-29 14:49:51.7329 INFO Get VAT Master List Success
2020-12-29 14:49:51.7512 INFO Get User Success :98-Harinagar Sugar Mills Limited(Distillery Division)
2020-12-29 15:00:09.8221 INFO Get User Success :98-Harinagar Sugar Mills Limited(Distillery Division)
2020-12-29 15:00:13.2677 INFO Get User Success :98-Harinagar Sugar Mills Limited(Distillery Division)
2020-12-29 15:00:13.2867 INFO Get User Success :98-Harinagar Sugar Mills Limited(Distillery Division)
2020-12-29 15:00:14.4774 INFO Get User Success :98-Harinagar Sugar Mills Limited(Distillery Division)
2020-12-29 15:00:14.4774 INFO Get User Success :98-Harinagar Sugar Mills Limited(Distillery Division)
2020-12-29 15:01:11.9016 INFO Get User Success :98-Harinagar Sugar Mills Limited(Distillery Division)
2020-12-29 15:01:16.7044 INFO Get User Success :98-Harinagar Sugar Mills Limited(Distillery Division)
2020-12-29 15:01:16.7234 INFO Get User Success :98-Harinagar Sugar Mills Limited(Distillery Division)
2020-12-29 15:01:17.9085 INFO Get User Success :98-Harinagar Sugar Mills Limited(Distillery Division)
2020-12-29 15:01:17.9165 INFO Get User Success :98-Harinagar Sugar Mills Limited(Distillery Division)
2020-12-29 15:01:24.1068 INFO Get User Success :98-Harinagar Sugar Mills Limited(Distillery Division)
2020-12-29 15:01:24.1068 INFO Get VAT Master List Success
2020-12-29 15:01:24.1247 INFO Get User Success :98-Harinagar Sugar Mills Limited(Distillery Division)
2020-12-29 15:03:29.0182 INFO Get User Success :98-Harinagar Sugar Mills Limited(Distillery Division)
2020-12-29 15:03:29.0182 INFO Get VAT Master List Success
2020-12-29 15:03:29.0252 INFO Get User Success :98-Harinagar Sugar Mills Limited(Distillery Division)
2020-12-29 15:03:53.8328 INFO Get User Success :98-Harinagar Sugar Mills Limited(Distillery Division)
2020-12-29 15:03:53.8378 INFO Get VAT Master List Success
2020-12-29 15:03:53.8378 INFO Get User Success :98-Harinagar Sugar Mills Limited(Distillery Division)
2020-12-29 15:12:55.2760 INFO Get User Success :98-Harinagar Sugar Mills Limited(Distillery Division)
2020-12-29 15:13:06.5477 INFO Get User Success :98-Harinagar Sugar Mills Limited(Distillery Division)
2020-12-29 15:13:06.5686 INFO Get User Success :98-Harinagar Sugar Mills Limited(Distillery Division)
2020-12-29 15:13:07.9378 INFO Get User Success :98-Harinagar Sugar Mills Limited(Distillery Division)
2020-12-29 15:13:07.9378 INFO Get User Success :98-Harinagar Sugar Mills Limited(Distillery Division)
2020-12-29 15:13:12.3526 INFO Get User Success :98-Harinagar Sugar Mills Limited(Distillery Division)
2020-12-29 15:13:12.3526 INFO Get VAT Master List Success
2020-12-29 15:13:12.3697 INFO Get User Success :98-Harinagar Sugar Mills Limited(Distillery Division)
2020-12-29 15:16:09.7934 INFO Get User Success :98-Harinagar Sugar Mills Limited(Distillery Division)
2020-12-29 15:16:09.7934 INFO Get VAT Master List Success
2020-12-29 15:16:09.7934 INFO Get User Success :98-Harinagar Sugar Mills Limited(Distillery Division)
2020-12-29 15:20:40.0929 INFO Get User Success :98-Harinagar Sugar Mills Limited(Distillery Division)
2020-12-29 15:21:14.6740 INFO Get User Success :98-Harinagar Sugar Mills Limited(Distillery Division)
2020-12-29 15:21:14.6924 INFO Get User Success :98-Harinagar Sugar Mills Limited(Distillery Division)
2020-12-29 15:21:22.2773 INFO Get User Success :98-Harinagar Sugar Mills Limited(Distillery Division)
2020-12-29 15:21:22.2773 INFO Get User Success :98-Harinagar Sugar Mills Limited(Distillery Division)
2020-12-29 15:21:26.4532 INFO Get User Success :98-Harinagar Sugar Mills Limited(Distillery Division)
2020-12-29 15:21:26.4532 INFO Get VAT Master List Success
2020-12-29 15:21:26.4709 INFO Get User Success :98-Harinagar Sugar Mills Limited(Distillery Division)
2020-12-29 15:23:40.0203 INFO Get User Success :98-Harinagar Sugar Mills Limited(Distillery Division)
2020-12-29 15:23:40.0512 INFO Get User Success :98-Harinagar Sugar Mills Limited(Distillery Division)
2020-12-29 15:23:42.4085 INFO Get User Success :98-Harinagar Sugar Mills Limited(Distillery Division)
2020-12-29 15:23:42.4921 INFO Get User Success :98-Harinagar Sugar Mills Limited(Distillery Division)
2020-12-29 15:25:38.8593 INFO Get User Success :97-Harinagar Sugar Mills Ltd
2020-12-29 15:25:52.6904 INFO Sugarcanepurchase Get List Success
2020-12-29 15:25:52.6904 INFO Get User Success :97-Harinagar Sugar Mills Ltd
2020-12-29 15:25:52.7120 INFO Get User Success :97-Harinagar Sugar Mills Ltd
2020-12-29 15:25:53.1808 INFO Sugarcanepurchase Get List Success
2020-12-29 15:25:53.1808 INFO Get User Success :97-Harinagar Sugar Mills Ltd
2020-12-29 15:25:53.1808 INFO Get User Success :97-Harinagar Sugar Mills Ltd
2020-12-29 15:25:54.2714 INFO Get User Success :97-Harinagar Sugar Mills Ltd
2020-12-29 15:25:54.3043 INFO Get User Success :97-Harinagar Sugar Mills Ltd
2020-12-29 15:25:55.5639 INFO Get User Success :97-Harinagar Sugar Mills Ltd
2020-12-29 15:25:55.6088 INFO Get User Success :97-Harinagar Sugar Mills Ltd
2020-12-29 15:26:16.2562 INFO Get User Success :112-Riga Sugar Company Ltd
2020-12-29 15:26:19.3722 INFO Sugarcanepurchase Get List Success
2020-12-29 15:26:19.3722 INFO Get User Success :112-Riga Sugar Company Ltd
2020-12-29 15:26:19.3722 INFO Get User Success :112-Riga Sugar Company Ltd
2020-12-29 15:26:22.6562 INFO Get User Success :112-Riga Sugar Company Ltd
2020-12-29 15:26:22.6937 INFO Get User Success :112-Riga Sugar Company Ltd
2020-12-29 15:26:23.8850 INFO Get User Success :112-Riga Sugar Company Ltd
2020-12-29 15:26:23.8850 INFO Get User Success :112-Riga Sugar Company Ltd
2020-12-29 15:26:36.6916 INFO Get User Success :110-Hasanpur Sugar Mills
2020-12-29 15:26:42.9953 INFO Sugarcanepurchase Get List Success
2020-12-29 15:26:42.9953 INFO Get User Success :110-Hasanpur Sugar Mills
2020-12-29 15:26:42.9953 INFO Get User Success :110-Hasanpur Sugar Mills
2020-12-29 15:26:43.9287 INFO Get User Success :110-Hasanpur Sugar Mills
2020-12-29 15:26:43.9447 INFO Get User Success :110-Hasanpur Sugar Mills
2020-12-29 15:26:45.0346 INFO Get User Success :110-Hasanpur Sugar Mills
2020-12-29 15:26:45.0495 INFO Get User Success :110-Hasanpur Sugar Mills
2020-12-29 15:26:57.3673 INFO Get User Success :113-Sasa Musa Sugar Works Pvt Ltd 
2020-12-29 15:26:59.3424 INFO Sugarcanepurchase Get List Success
2020-12-29 15:26:59.3424 INFO Get User Success :113-Sasa Musa Sugar Works Pvt Ltd 
2020-12-29 15:26:59.3574 INFO Get User Success :113-Sasa Musa Sugar Works Pvt Ltd 
2020-12-29 15:27:00.2178 INFO Get User Success :113-Sasa Musa Sugar Works Pvt Ltd 
2020-12-29 15:27:00.2327 INFO Get User Success :113-Sasa Musa Sugar Works Pvt Ltd 
2020-12-29 15:27:01.2983 INFO Get User Success :113-Sasa Musa Sugar Works Pvt Ltd 
2020-12-29 15:27:01.3053 INFO Get User Success :113-Sasa Musa Sugar Works Pvt Ltd 
2020-12-29 15:44:07.0501 INFO Get User Success :98-Harinagar Sugar Mills Limited(Distillery Division)
2020-12-29 15:44:18.8340 INFO Get User Success :98-Harinagar Sugar Mills Limited(Distillery Division)
2020-12-29 15:44:18.8434 INFO Get Indent List Success
2020-12-29 15:44:18.8863 INFO Get User Success :98-Harinagar Sugar Mills Limited(Distillery Division)
2020-12-29 15:44:21.3717 INFO Get User Success :98-Harinagar Sugar Mills Limited(Distillery Division)
2020-12-29 15:44:21.3717 INFO Get Indent List Success
2020-12-29 15:44:21.4162 INFO Get User Success :98-Harinagar Sugar Mills Limited(Distillery Division)
2020-12-29 15:44:21.4162 INFO Get Allotment List Success
2020-12-29 15:44:21.4362 INFO Get User Success :98-Harinagar Sugar Mills Limited(Distillery Division)
2020-12-29 15:44:23.8828 INFO Get User Success :98-Harinagar Sugar Mills Limited(Distillery Division)
2020-12-29 15:44:23.8867 INFO Get Allotment List Success
2020-12-29 15:44:24.0475 INFO Get GetSeverList Success
2020-12-29 15:45:19.8898 INFO Get User Success :100-Deputy Commissioner
2020-12-29 15:45:23.1608 INFO Get User Success :100-Deputy Commissioner
2020-12-29 15:45:23.1655 INFO Check WorkFlow List Success
2020-12-29 15:45:23.2117 INFO Get User Success :100-Deputy Commissioner
2020-12-29 15:45:23.2117 INFO Check WorkFlow List Success
2020-12-29 15:45:23.2117 INFO Get Allotment List Success
2020-12-29 15:45:23.2619 INFO Get User Success :100-Deputy Commissioner
2020-12-29 15:45:26.3130 INFO Get User Success :100-Deputy Commissioner
2020-12-29 15:45:26.3130 INFO Check WorkFlow List Success
2020-12-29 15:45:26.3130 INFO Get Allotment List Success
2020-12-29 15:45:26.5015 INFO Get GetSeverList Success
2020-12-29 15:45:31.8815 INFO Get User Success :100-Deputy Commissioner
2020-12-29 15:45:31.8836 INFO Check WorkFlow List Success
2020-12-29 15:45:31.8836 INFO Get Allotment List Success
2020-12-29 15:45:31.9790 INFO Get GetSeverList Success
2020-12-29 15:48:44.7363 INFO Get User Success :98-Harinagar Sugar Mills Limited(Distillery Division)
2020-12-29 15:48:53.1914 INFO Get User Success :98-Harinagar Sugar Mills Limited(Distillery Division)
2020-12-29 15:48:53.2219 INFO Get User Success :98-Harinagar Sugar Mills Limited(Distillery Division)
2020-12-29 15:48:56.3783 INFO Get User Success :98-Harinagar Sugar Mills Limited(Distillery Division)
2020-12-29 15:48:56.3865 INFO Get User Success :98-Harinagar Sugar Mills Limited(Distillery Division)
2020-12-29 15:49:00.4184 INFO Get User Success :98-Harinagar Sugar Mills Limited(Distillery Division)
2020-12-29 15:49:00.4184 INFO Get VAT Master List Success
2020-12-29 15:49:00.4347 INFO Get User Success :98-Harinagar Sugar Mills Limited(Distillery Division)
2020-12-29 15:58:35.0497 INFO Get User Success :97-Harinagar Sugar Mills Ltd
2020-12-29 15:58:55.4979 INFO Get User Success :97-Harinagar Sugar Mills Ltd
2020-12-29 15:58:55.4979 INFO Get MF2 List Success
2020-12-29 15:58:55.5243 INFO Get User Success :97-Harinagar Sugar Mills Ltd
2020-12-29 15:58:57.1531 INFO Get User Success :97-Harinagar Sugar Mills Ltd
2020-12-29 15:58:57.1531 INFO Get Party Master List Success
2020-12-29 15:58:57.1531 INFO Get Party Master List Success
2020-12-29 15:58:57.1719 INFO Get Product Master List Success
2020-12-29 15:58:57.1719 INFO Get VAT Master List Success
2020-12-29 15:58:57.2085 INFO Get User Success :97-Harinagar Sugar Mills Ltd
2020-12-29 16:31:07.8203 INFO Get User Success :97-Harinagar Sugar Mills Ltd
2020-12-29 16:31:07.8262 INFO Get Party Master List Success
2020-12-29 16:31:07.8262 INFO Get Party Master List Success
2020-12-29 16:31:07.8262 INFO Get Product Master List Success
2020-12-29 16:31:07.8262 INFO Get VAT Master List Success
2020-12-29 16:31:07.8432 INFO Get User Success :97-Harinagar Sugar Mills Ltd
2020-12-29 16:34:09.9972 INFO Get User Success :97-Harinagar Sugar Mills Ltd
2020-12-29 16:34:09.9972 INFO Get Party Master List Success
2020-12-29 16:34:09.9972 INFO Get Party Master List Success
2020-12-29 16:34:09.9972 INFO Get Product Master List Success
2020-12-29 16:34:09.9972 INFO Get VAT Master List Success
2020-12-29 16:34:10.0140 INFO Get User Success :97-Harinagar Sugar Mills Ltd
2020-12-29 16:35:07.9366 INFO Get User Success :97-Harinagar Sugar Mills Ltd
2020-12-29 16:35:07.9366 INFO Get MF2 List Success
2020-12-29 16:35:07.9366 INFO Get User Success :97-Harinagar Sugar Mills Ltd
2020-12-29 16:35:09.2022 INFO Get User Success :97-Harinagar Sugar Mills Ltd
2020-12-29 16:35:09.2022 INFO Get Party Master List Success
2020-12-29 16:35:09.2022 INFO Get Party Master List Success
2020-12-29 16:35:09.2022 INFO Get Product Master List Success
2020-12-29 16:35:09.2130 INFO Get VAT Master List Success
2020-12-29 16:35:09.2130 INFO Get User Success :97-Harinagar Sugar Mills Ltd
2020-12-29 16:37:39.5219 INFO Insert MF2 Success :29-12-2020-HSM
2020-12-29 16:37:40.6831 INFO Get User Success :97-Harinagar Sugar Mills Ltd
2020-12-29 16:37:40.6831 INFO Get MF2 List Success
2020-12-29 16:37:40.7052 INFO Get User Success :97-Harinagar Sugar Mills Ltd
2020-12-29 16:37:43.6318 INFO Get User Success :97-Harinagar Sugar Mills Ltd
2020-12-29 16:37:43.6358 INFO Get Party Master List Success
2020-12-29 16:37:43.6358 INFO Get Party Master List Success
2020-12-29 16:37:43.6358 INFO Get Product Master List Success
2020-12-29 16:37:43.6358 INFO Get VAT Master List Success
2020-12-29 16:37:43.6560 INFO Get MF2  Details Success
2020-12-29 16:37:43.6560 INFO Get User Success :97-Harinagar Sugar Mills Ltd
2020-12-29 16:37:51.9016 INFO Get User Success :97-Harinagar Sugar Mills Ltd
2020-12-29 16:37:51.9016 INFO Get MF2 List Success
2020-12-29 16:37:51.9016 INFO Get User Success :97-Harinagar Sugar Mills Ltd
2020-12-29 16:50:46.5416 INFO Get User Success :99-Assistant Commissioner
2020-12-29 16:50:56.0989 INFO Get User Success :99-Assistant Commissioner
2020-12-29 16:50:56.1295 INFO Get RR List Success
2020-12-29 16:51:00.1092 INFO Get User Success :99-Assistant Commissioner
2020-12-29 16:51:00.1092 INFO Get RR List Success
2020-12-29 16:51:00.1597 INFO Get User Success :99-Assistant Commissioner
2020-12-29 16:51:06.9527 INFO Get User Success :99-Assistant Commissioner
2020-12-29 16:51:06.9784 INFO Get RR Details Success
2020-12-29 16:51:06.9784 INFO Get RR List Success
2020-12-29 16:51:07.0229 INFO Get User Success :99-Assistant Commissioner
2020-12-29 16:51:25.5884 INFO Get User Success :99-Assistant Commissioner
2020-12-29 16:51:25.5884 INFO Get RR List Success
2020-12-29 16:51:25.5884 INFO Get User Success :99-Assistant Commissioner
2020-12-29 16:51:31.9678 INFO Get User Success :99-Assistant Commissioner
2020-12-29 16:51:31.9678 INFO Get RR Details Success
2020-12-29 16:51:31.9678 INFO Get RR List Success
2020-12-29 16:51:31.9838 INFO Get User Success :99-Assistant Commissioner
2020-12-29 16:51:51.4942 INFO Get User Success :99-Assistant Commissioner
2020-12-29 16:51:51.4942 INFO Get RR List Success
2020-12-29 16:51:51.4942 INFO Get User Success :99-Assistant Commissioner
2020-12-29 16:51:52.5084 INFO Get User Success :99-Assistant Commissioner
2020-12-29 16:51:52.5084 INFO Get RR Details Success
2020-12-29 16:51:52.5084 INFO Get RR List Success
2020-12-29 16:51:52.5084 INFO Get User Success :99-Assistant Commissioner
2020-12-29 16:52:02.9977 INFO Get User Success :99-Assistant Commissioner
2020-12-29 16:52:02.9977 INFO Get RR List Success
2020-12-29 16:52:02.9977 INFO Get User Success :99-Assistant Commissioner
2020-12-29 16:52:04.0838 INFO Get User Success :99-Assistant Commissioner
2020-12-29 16:52:04.0898 INFO Get RR Details Success
2020-12-29 16:52:04.0898 INFO Get RR List Success
2020-12-29 16:52:04.0898 INFO Get User Success :99-Assistant Commissioner
2020-12-29 16:52:17.9860 INFO Get User Success :99-Assistant Commissioner
2020-12-29 16:52:17.9860 INFO Get RR List Success
2020-12-29 16:52:17.9963 INFO Get User Success :99-Assistant Commissioner
2020-12-29 16:52:20.2951 INFO Get User Success :99-Assistant Commissioner
2020-12-29 16:52:20.2951 INFO Get RR Details Success
2020-12-29 16:52:20.2951 INFO Get RR List Success
2020-12-29 16:52:20.3081 INFO Get User Success :99-Assistant Commissioner
2020-12-29 16:52:25.0371 INFO Get User Success :99-Assistant Commissioner
2020-12-29 16:52:25.0410 INFO Get RR List Success
2020-12-29 16:52:25.0410 INFO Get User Success :99-Assistant Commissioner
2020-12-29 16:52:26.7555 INFO Get User Success :99-Assistant Commissioner
2020-12-29 16:52:26.7614 INFO Get RR Details Success
2020-12-29 16:52:26.7614 INFO Get RR List Success
2020-12-29 16:52:26.7614 INFO Get User Success :99-Assistant Commissioner
2020-12-29 16:54:54.0937 INFO Get User Success :99-Assistant Commissioner
2020-12-29 16:54:54.0937 INFO Get RR List Success
2020-12-29 16:54:54.0937 INFO Get User Success :99-Assistant Commissioner
2020-12-29 16:54:55.0752 INFO Get User Success :99-Assistant Commissioner
2020-12-29 16:54:55.0752 INFO Get RR Details Success
2020-12-29 16:54:55.0752 INFO Get RR List Success
2020-12-29 16:54:55.0879 INFO Get User Success :99-Assistant Commissioner
2020-12-29 16:55:01.2831 INFO Get User Success :99-Assistant Commissioner
2020-12-29 16:55:01.2831 INFO Get RR List Success
2020-12-29 16:55:01.2901 INFO Get User Success :99-Assistant Commissioner
2020-12-29 16:55:13.4032 INFO Get User Success :99-Assistant Commissioner
2020-12-29 16:55:13.4032 INFO Get RR Details Success
2020-12-29 16:55:13.4032 INFO Get RR List Success
2020-12-29 16:55:13.4187 INFO Get User Success :99-Assistant Commissioner
2020-12-29 16:56:03.5091 INFO Get User Success :99-Assistant Commissioner
2020-12-29 16:56:03.5091 INFO Get RR List Success
2020-12-29 16:56:03.5091 INFO Get User Success :99-Assistant Commissioner
2020-12-29 16:56:23.3348 INFO Get User Success :99-Assistant Commissioner
2020-12-29 16:56:23.3397 INFO Get RR Details Success
2020-12-29 16:56:23.3397 INFO Get RR List Success
2020-12-29 16:56:23.3397 INFO Get User Success :99-Assistant Commissioner
2020-12-29 16:56:29.6883 INFO Get User Success :99-Assistant Commissioner
2020-12-29 16:56:29.6883 INFO Get RR List Success
2020-12-29 16:56:29.6953 INFO Get User Success :99-Assistant Commissioner
2020-12-29 16:56:40.7657 INFO Get User Success :99-Assistant Commissioner
2020-12-29 16:56:40.7657 INFO Get RR Details Success
2020-12-29 16:56:40.7746 INFO Get RR List Success
2020-12-29 16:56:40.7746 INFO Get User Success :99-Assistant Commissioner
2020-12-29 16:57:30.1517 INFO Get User Success :99-Assistant Commissioner
2020-12-29 16:57:30.1517 INFO Get RR List Success
2020-12-29 16:57:30.1517 INFO Get User Success :99-Assistant Commissioner
2020-12-29 16:57:50.9493 INFO Get User Success :99-Assistant Commissioner
2020-12-29 16:57:50.9493 INFO Get RR Details Success
2020-12-29 16:57:50.9493 INFO Get RR List Success
2020-12-29 16:57:50.9633 INFO Get User Success :99-Assistant Commissioner
2020-12-29 16:58:01.7696 INFO Get User Success :99-Assistant Commissioner
2020-12-29 16:58:01.7765 INFO Get RR List Success
2020-12-29 16:58:01.7765 INFO Get User Success :99-Assistant Commissioner
2020-12-29 16:58:03.5334 INFO Get User Success :99-Assistant Commissioner
2020-12-29 16:58:03.5414 INFO Get RR Details Success
2020-12-29 16:58:03.5414 INFO Get RR List Success
2020-12-29 16:58:03.5414 INFO Get User Success :99-Assistant Commissioner
2020-12-29 17:01:46.0031 INFO Get User Success :99-Assistant Commissioner
2020-12-29 17:01:50.3015 INFO Get User Success :99-Assistant Commissioner
2020-12-29 17:01:50.3298 INFO Get RR List Success
2020-12-29 17:01:59.1365 INFO Get User Success :99-Assistant Commissioner
2020-12-29 17:01:59.1365 INFO Get RR List Success
2020-12-29 17:01:59.1750 INFO Get User Success :99-Assistant Commissioner
2020-12-29 17:02:02.2076 INFO Get User Success :99-Assistant Commissioner
2020-12-29 17:02:02.2199 INFO Get RR Details Success
2020-12-29 17:02:02.2199 INFO Get RR List Success
2020-12-29 17:02:02.2560 INFO Get User Success :99-Assistant Commissioner
2020-12-29 17:02:19.8620 INFO Get User Success :99-Assistant Commissioner
2020-12-29 17:02:29.3087 INFO Get RR Details Success
2020-12-29 17:02:29.3087 INFO Get RR List Success
2020-12-29 17:03:06.8072 INFO Get User Success :99-Assistant Commissioner
2020-12-29 17:03:11.7731 INFO Get User Success :99-Assistant Commissioner
2020-12-29 17:03:11.7761 INFO Get RR List Success
2020-12-29 17:03:11.7761 INFO Get User Success :99-Assistant Commissioner
2020-12-29 17:03:12.8611 INFO Get User Success :99-Assistant Commissioner
2020-12-29 17:03:14.6746 INFO Get RR Details Success
2020-12-29 17:03:14.6746 INFO Get RR List Success
2020-12-29 17:03:14.6865 INFO Get User Success :99-Assistant Commissioner
2020-12-29 17:03:19.6701 INFO Get User Success :99-Assistant Commissioner
2020-12-29 17:03:19.6701 INFO Get RR List Success
2020-12-29 17:03:19.6701 INFO Get User Success :99-Assistant Commissioner
2020-12-29 17:03:23.9265 INFO Get User Success :99-Assistant Commissioner
2020-12-29 17:03:24.0290 INFO Get User Success :99-Assistant Commissioner
2020-12-29 17:03:39.8657 INFO Get User Success :102-Harinagar Sugar Mills Ltd, Bond Officer
2020-12-29 17:03:42.3876 INFO Get User Success :102-Harinagar Sugar Mills Ltd, Bond Officer
2020-12-29 17:03:42.4240 INFO Get User Success :102-Harinagar Sugar Mills Ltd, Bond Officer
2020-12-29 17:03:50.0109 INFO Get User Success :102-Harinagar Sugar Mills Ltd, Bond Officer
2020-12-29 17:03:50.0109 INFO Get Pass List Success
2020-12-29 17:03:50.0324 INFO Get User Success :102-Harinagar Sugar Mills Ltd, Bond Officer
2020-12-29 17:03:53.0223 INFO Get User Success :102-Harinagar Sugar Mills Ltd, Bond Officer
2020-12-29 17:03:53.0456 INFO Get Dispach Master List Success
2020-12-29 17:03:53.0612 INFO Get VAT Master List Success
2020-12-29 17:03:53.0612 INFO Get Pass List Success
2020-12-29 17:03:53.0804 INFO Get User Success :102-Harinagar Sugar Mills Ltd, Bond Officer
2020-12-29 17:04:24.9733 INFO Pass Issued Fail:0-HSM - Object reference not set to an instance of an object.
2020-12-29 17:06:55.3200 INFO Pass Issued Sucess:0-HSM
2020-12-29 17:06:56.9169 INFO Get User Success :102-Harinagar Sugar Mills Ltd, Bond Officer
2020-12-29 17:06:56.9169 INFO Get Pass List Success
2020-12-29 17:06:56.9169 INFO Get User Success :102-Harinagar Sugar Mills Ltd, Bond Officer
2020-12-29 17:07:02.2339 INFO Get GetSeverList Success
2020-12-29 17:18:28.4629 INFO Get User Success :98-Harinagar Sugar Mills Limited(Distillery Division)
2020-12-29 17:18:31.1281 INFO Get User Success :98-Harinagar Sugar Mills Limited(Distillery Division)
2020-12-29 17:18:31.1630 INFO Get User Success :98-Harinagar Sugar Mills Limited(Distillery Division)
2020-12-29 17:18:44.2870 INFO Get User Success :98-Harinagar Sugar Mills Limited(Distillery Division)
2020-12-29 17:18:44.3166 INFO Get User Success :98-Harinagar Sugar Mills Limited(Distillery Division)
2020-12-29 17:19:24.2263 INFO Get User Success :98-Harinagar Sugar Mills Limited(Distillery Division)
2020-12-29 17:19:24.2293 INFO Get User Success :98-Harinagar Sugar Mills Limited(Distillery Division)
2020-12-29 17:19:26.0941 INFO Get User Success :98-Harinagar Sugar Mills Limited(Distillery Division)
2020-12-29 17:19:26.1050 INFO Get User Success :98-Harinagar Sugar Mills Limited(Distillery Division)
2020-12-29 17:19:33.9639 INFO Get User Success :98-Harinagar Sugar Mills Limited(Distillery Division)
2020-12-29 17:19:33.9639 INFO Get User Success :98-Harinagar Sugar Mills Limited(Distillery Division)
2020-12-29 17:19:36.6436 INFO Get User Success :98-Harinagar Sugar Mills Limited(Distillery Division)
2020-12-29 17:19:36.6549 INFO Get User Success :98-Harinagar Sugar Mills Limited(Distillery Division)
2020-12-29 17:21:48.0234 INFO Get User Success :98-Harinagar Sugar Mills Limited(Distillery Division)
2020-12-29 17:21:48.0234 INFO Get User Success :98-Harinagar Sugar Mills Limited(Distillery Division)
2020-12-29 17:21:51.5589 INFO Get User Success :98-Harinagar Sugar Mills Limited(Distillery Division)
2020-12-29 17:21:51.5589 INFO Get User Success :98-Harinagar Sugar Mills Limited(Distillery Division)
2020-12-29 17:21:52.8119 INFO Get User Success :98-Harinagar Sugar Mills Limited(Distillery Division)
2020-12-29 17:21:52.8222 INFO Get User Success :98-Harinagar Sugar Mills Limited(Distillery Division)
2020-12-29 17:22:14.2525 INFO Get User Success :98-Harinagar Sugar Mills Limited(Distillery Division)
2020-12-29 17:22:14.2525 INFO Get User Success :98-Harinagar Sugar Mills Limited(Distillery Division)
2020-12-29 17:22:20.3740 INFO Get User Success :98-Harinagar Sugar Mills Limited(Distillery Division)
2020-12-29 17:22:20.3846 INFO Get User Success :98-Harinagar Sugar Mills Limited(Distillery Division)
2020-12-29 17:23:02.6219 INFO Get User Success :98-Harinagar Sugar Mills Limited(Distillery Division)
2020-12-29 17:23:02.6330 INFO Get User Success :98-Harinagar Sugar Mills Limited(Distillery Division)
2020-12-29 17:23:03.7672 INFO Get User Success :98-Harinagar Sugar Mills Limited(Distillery Division)
2020-12-29 17:23:03.7772 INFO Get User Success :98-Harinagar Sugar Mills Limited(Distillery Division)
2020-12-29 17:23:04.0205 INFO Get User Success :98-Harinagar Sugar Mills Limited(Distillery Division)
2020-12-29 17:23:04.0315 INFO Get User Success :98-Harinagar Sugar Mills Limited(Distillery Division)
2020-12-29 17:23:04.2170 INFO Get User Success :98-Harinagar Sugar Mills Limited(Distillery Division)
2020-12-29 17:23:04.2170 INFO Get User Success :98-Harinagar Sugar Mills Limited(Distillery Division)
2020-12-29 17:23:04.4185 INFO Get User Success :98-Harinagar Sugar Mills Limited(Distillery Division)
2020-12-29 17:23:04.4185 INFO Get User Success :98-Harinagar Sugar Mills Limited(Distillery Division)
2020-12-29 17:23:04.6090 INFO Get User Success :98-Harinagar Sugar Mills Limited(Distillery Division)
2020-12-29 17:23:04.6199 INFO Get User Success :98-Harinagar Sugar Mills Limited(Distillery Division)
2020-12-29 17:23:04.8124 INFO Get User Success :98-Harinagar Sugar Mills Limited(Distillery Division)
2020-12-29 17:23:04.8244 INFO Get User Success :98-Harinagar Sugar Mills Limited(Distillery Division)
2020-12-29 17:23:04.9850 INFO Get User Success :98-Harinagar Sugar Mills Limited(Distillery Division)
2020-12-29 17:23:04.9979 INFO Get User Success :98-Harinagar Sugar Mills Limited(Distillery Division)
2020-12-29 17:23:05.1949 INFO Get User Success :98-Harinagar Sugar Mills Limited(Distillery Division)
2020-12-29 17:23:05.2058 INFO Get User Success :98-Harinagar Sugar Mills Limited(Distillery Division)
2020-12-29 17:23:06.1549 INFO Get User Success :98-Harinagar Sugar Mills Limited(Distillery Division)
2020-12-29 17:23:06.1549 INFO Get User Success :98-Harinagar Sugar Mills Limited(Distillery Division)
2020-12-29 17:42:40.4562 INFO Get User Success :98-Harinagar Sugar Mills Limited(Distillery Division)
2020-12-29 17:42:40.9643 INFO Get User Success :98-Harinagar Sugar Mills Limited(Distillery Division)
2020-12-29 17:42:54.6433 INFO Get User Success :98-Harinagar Sugar Mills Limited(Distillery Division)
2020-12-29 17:42:54.6823 INFO Get User Success :98-Harinagar Sugar Mills Limited(Distillery Division)
2020-12-29 17:53:49.6895 INFO Get User Success :98-Harinagar Sugar Mills Limited(Distillery Division)
2020-12-29 17:53:54.2485 INFO Get User Success :98-Harinagar Sugar Mills Limited(Distillery Division)
2020-12-29 17:53:54.2836 INFO Get User Success :98-Harinagar Sugar Mills Limited(Distillery Division)
2020-12-29 17:53:55.4403 INFO Get User Success :98-Harinagar Sugar Mills Limited(Distillery Division)
2020-12-29 17:53:55.4481 INFO Get User Success :98-Harinagar Sugar Mills Limited(Distillery Division)
2020-12-29 17:54:00.9176 INFO Get User Success :98-Harinagar Sugar Mills Limited(Distillery Division)
2020-12-29 17:54:00.9176 INFO Get VAT Master List Success
2020-12-29 17:54:00.9335 INFO Get User Success :98-Harinagar Sugar Mills Limited(Distillery Division)
2020-12-29 17:54:56.4047 INFO Get User Success :98-Harinagar Sugar Mills Limited(Distillery Division)
2020-12-29 17:54:56.4047 INFO Get User Success :98-Harinagar Sugar Mills Limited(Distillery Division)
2020-12-29 17:54:57.5449 INFO Get User Success :98-Harinagar Sugar Mills Limited(Distillery Division)
2020-12-29 17:54:57.5449 INFO Get VAT Master List Success
2020-12-29 17:54:57.5449 INFO Get User Success :98-Harinagar Sugar Mills Limited(Distillery Division)
2020-12-29 17:56:23.8557 INFO Get User Success :98-Harinagar Sugar Mills Limited(Distillery Division)
2020-12-29 17:56:23.8557 INFO Get VAT Master List Success
2020-12-29 17:56:23.8557 INFO Get User Success :98-Harinagar Sugar Mills Limited(Distillery Division)
2020-12-29 18:04:43.6501 INFO Get User Success :98-Harinagar Sugar Mills Limited(Distillery Division)
2020-12-29 18:04:43.6501 INFO Get VAT Master List Success
2020-12-29 18:04:43.6501 INFO Get User Success :98-Harinagar Sugar Mills Limited(Distillery Division)
2020-12-29 18:05:45.5229 INFO Get User Success :98-Harinagar Sugar Mills Limited(Distillery Division)
2020-12-29 18:05:45.5272 INFO Get VAT Master List Success
2020-12-29 18:05:45.5272 INFO Get User Success :98-Harinagar Sugar Mills Limited(Distillery Division)
2020-12-29 18:07:08.9589 INFO Get User Success :98-Harinagar Sugar Mills Limited(Distillery Division)
2020-12-29 18:07:08.9639 INFO Get VAT Master List Success
2020-12-29 18:07:08.9639 INFO Get User Success :98-Harinagar Sugar Mills Limited(Distillery Division)
2020-12-29 18:08:45.9975 INFO Get User Success :98-Harinagar Sugar Mills Limited(Distillery Division)
2020-12-29 18:08:45.9975 INFO Get VAT Master List Success
2020-12-29 18:08:45.9975 INFO Get User Success :98-Harinagar Sugar Mills Limited(Distillery Division)
2020-12-29 18:09:04.0862 INFO Insert Party Master Success : - HDDDEN0014 - 23503: insert or update on table "vat_transfer" violates foreign key constraint "fk_from_vat_master"
2020-12-29 18:11:09.5390 INFO Insert Party Master Success : - HDDDEN0014 - 23503: insert or update on table "vat_transfer" violates foreign key constraint "fk_from_vat_master"
2020-12-29 18:11:17.6005 INFO Insert Party Master Success : - Select - 23503: insert or update on table "vat_transfer" violates foreign key constraint "fk_from_vat_master"
2020-12-29 18:12:20.2164 INFO Insert Party Master Success : - Select - 23503: insert or update on table "vat_transfer" violates foreign key constraint "fk_from_vat_master"
2020-12-29 18:13:08.9298 INFO Insert Party Master Success : - Select - 23503: insert or update on table "vat_transfer" violates foreign key constraint "fk_from_vat_master"
2020-12-29 18:15:16.4214 INFO Insert Party Master Success : - Select - 23503: insert or update on table "vat_transfer" violates foreign key constraint "fk_from_vat_master"
2020-12-29 18:15:24.8974 INFO Insert Party Master Success :HDDDEN0013 - Select - 23503: insert or update on table "vat_transfer" violates foreign key constraint "fk_to_vat_master"
2020-12-29 18:16:36.8849 INFO Insert Party Master Success :HDDDEN0013 - Select - 23503: insert or update on table "vat_transfer" violates foreign key constraint "fk_to_vat_master"
2020-12-29 18:17:58.7566 INFO Get User Success :98-Harinagar Sugar Mills Limited(Distillery Division)
2020-12-29 18:18:02.9713 INFO Get User Success :98-Harinagar Sugar Mills Limited(Distillery Division)
2020-12-29 18:18:03.0149 INFO Get Indent List Success
2020-12-29 18:18:03.0519 INFO Get User Success :98-Harinagar Sugar Mills Limited(Distillery Division)
2020-12-29 18:18:04.4802 INFO Get User Success :98-Harinagar Sugar Mills Limited(Distillery Division)
2020-12-29 18:18:04.4802 INFO Get User Success :98-Harinagar Sugar Mills Limited(Distillery Division)
2020-12-29 18:18:07.1199 INFO Get User Success :98-Harinagar Sugar Mills Limited(Distillery Division)
2020-12-29 18:18:07.1199 INFO Get User Success :98-Harinagar Sugar Mills Limited(Distillery Division)
2020-12-29 18:18:09.3410 INFO Get User Success :98-Harinagar Sugar Mills Limited(Distillery Division)
2020-12-29 18:18:09.3410 INFO Get VAT Master List Success
2020-12-29 18:18:09.3572 INFO Get User Success :98-Harinagar Sugar Mills Limited(Distillery Division)
2020-12-29 18:18:28.4518 INFO Insert Party Master Success :HDDDEN0013-HDDDEN0014
2020-12-29 18:18:33.4472 INFO Get User Success :98-Harinagar Sugar Mills Limited(Distillery Division)
2020-12-29 18:18:33.4682 INFO Get User Success :98-Harinagar Sugar Mills Limited(Distillery Division)
2020-12-29 18:18:36.1417 INFO Get User Success :98-Harinagar Sugar Mills Limited(Distillery Division)
2020-12-29 18:18:36.1417 INFO Get VAT Master List Success
2020-12-29 18:18:36.1569 INFO Get User Success :98-Harinagar Sugar Mills Limited(Distillery Division)
2020-12-29 18:19:03.7296 INFO Get User Success :98-Harinagar Sugar Mills Limited(Distillery Division)
2020-12-29 18:19:03.7296 INFO Get VAT Master List Success
2020-12-29 18:19:03.7296 INFO Get User Success :98-Harinagar Sugar Mills Limited(Distillery Division)
2020-12-29 18:19:56.6557 INFO Get User Success :98-Harinagar Sugar Mills Limited(Distillery Division)
2020-12-29 18:19:56.6557 INFO Get VAT Master List Success
2020-12-29 18:19:56.6675 INFO Get User Success :98-Harinagar Sugar Mills Limited(Distillery Division)
2020-12-29 18:20:16.2801 INFO Get User Success :98-Harinagar Sugar Mills Limited(Distillery Division)
2020-12-29 18:20:16.2801 INFO Get VAT Master List Success
2020-12-29 18:20:16.2926 INFO Get User Success :98-Harinagar Sugar Mills Limited(Distillery Division)
2020-12-29 18:20:17.5750 INFO Get User Success :98-Harinagar Sugar Mills Limited(Distillery Division)
2020-12-29 18:20:17.5750 INFO Get VAT Master List Success
2020-12-29 18:20:17.5860 INFO Get User Success :98-Harinagar Sugar Mills Limited(Distillery Division)
2020-12-29 18:20:17.8772 INFO Get User Success :98-Harinagar Sugar Mills Limited(Distillery Division)
2020-12-29 18:20:17.8772 INFO Get VAT Master List Success
2020-12-29 18:20:17.8882 INFO Get User Success :98-Harinagar Sugar Mills Limited(Distillery Division)
2020-12-29 18:20:18.0857 INFO Get User Success :98-Harinagar Sugar Mills Limited(Distillery Division)
2020-12-29 18:20:18.0897 INFO Get VAT Master List Success
2020-12-29 18:20:18.0897 INFO Get User Success :98-Harinagar Sugar Mills Limited(Distillery Division)
2020-12-29 18:20:18.2772 INFO Get User Success :98-Harinagar Sugar Mills Limited(Distillery Division)
2020-12-29 18:20:18.2772 INFO Get VAT Master List Success
2020-12-29 18:20:18.2772 INFO Get User Success :98-Harinagar Sugar Mills Limited(Distillery Division)
2020-12-29 18:20:18.7428 INFO Get User Success :98-Harinagar Sugar Mills Limited(Distillery Division)
2020-12-29 18:20:18.7428 INFO Get VAT Master List Success
2020-12-29 18:20:18.7428 INFO Get User Success :98-Harinagar Sugar Mills Limited(Distillery Division)
2020-12-29 18:20:18.9741 INFO Get User Success :98-Harinagar Sugar Mills Limited(Distillery Division)
2020-12-29 18:20:18.9781 INFO Get VAT Master List Success
2020-12-29 18:20:18.9781 INFO Get User Success :98-Harinagar Sugar Mills Limited(Distillery Division)
2020-12-29 18:20:19.1916 INFO Get User Success :98-Harinagar Sugar Mills Limited(Distillery Division)
2020-12-29 18:20:19.1955 INFO Get VAT Master List Success
2020-12-29 18:20:19.1955 INFO Get User Success :98-Harinagar Sugar Mills Limited(Distillery Division)
2020-12-29 18:20:19.3651 INFO Get User Success :98-Harinagar Sugar Mills Limited(Distillery Division)
2020-12-29 18:20:19.3701 INFO Get VAT Master List Success
2020-12-29 18:20:19.3701 INFO Get User Success :98-Harinagar Sugar Mills Limited(Distillery Division)
2020-12-29 18:20:24.9991 INFO Get User Success :98-Harinagar Sugar Mills Limited(Distillery Division)
2020-12-29 18:20:25.0081 INFO Get VAT Master List Success
2020-12-29 18:20:25.0081 INFO Get User Success :98-Harinagar Sugar Mills Limited(Distillery Division)
2020-12-29 18:20:25.6460 INFO Get User Success :98-Harinagar Sugar Mills Limited(Distillery Division)
2020-12-29 18:20:25.6505 INFO Get VAT Master List Success
2020-12-29 18:20:25.6505 INFO Get User Success :98-Harinagar Sugar Mills Limited(Distillery Division)
2020-12-29 18:20:25.8525 INFO Get User Success :98-Harinagar Sugar Mills Limited(Distillery Division)
2020-12-29 18:20:25.8525 INFO Get VAT Master List Success
2020-12-29 18:20:25.8525 INFO Get User Success :98-Harinagar Sugar Mills Limited(Distillery Division)
2020-12-29 18:20:26.0321 INFO Get User Success :98-Harinagar Sugar Mills Limited(Distillery Division)
2020-12-29 18:20:26.0321 INFO Get VAT Master List Success
2020-12-29 18:20:26.0450 INFO Get User Success :98-Harinagar Sugar Mills Limited(Distillery Division)
