2020-10-27 11:19:42.2072 INFO Get User Success :21-Deputy Commissioner
2020-10-27 11:19:50.1187 INFO Get User Success :21-Deputy Commissioner
2020-10-27 11:19:50.1242 INFO Check WorkFlow List Success
2020-10-27 11:19:54.2483 INFO Get User Success :21-Deputy Commissioner
2020-10-27 11:19:54.2483 INFO Check WorkFlow List Success
2020-10-27 11:19:54.2483 INFO Get Allotment List Success
2020-10-27 11:19:54.2961 INFO Get User Success :21-Deputy Commissioner
2020-10-27 11:19:57.2289 INFO Get User Success :21-Deputy Commissioner
2020-10-27 11:19:57.2289 INFO Check WorkFlow List Success
2020-10-27 11:19:57.2333 INFO Get Allotment List Success
2020-10-27 11:19:57.3095 INFO Get User Success :21-Deputy Commissioner
2020-10-27 11:19:57.3181 INFO Get Party Master List Success
2020-10-27 11:19:57.3181 INFO Get Indent List Success
2020-10-27 11:19:57.3370 INFO Get Allotment Details Success
2020-10-27 11:19:57.3564 INFO Check WorkFlow List Success
2020-10-27 11:19:57.3651 INFO Get User Success :21-Deputy Commissioner
2020-10-27 11:19:59.8525 INFO Get User Success :21-Deputy Commissioner
2020-10-27 11:19:59.8525 INFO Check WorkFlow List Success
2020-10-27 11:19:59.8585 INFO Get Allotment List Success
2020-10-27 11:19:59.8585 INFO Get User Success :21-Deputy Commissioner
2020-10-27 11:20:01.4560 INFO Get User Success :21-Deputy Commissioner
2020-10-27 11:20:01.4560 INFO Check WorkFlow List Success
2020-10-27 11:20:01.4560 INFO Get Allotment List Success
2020-10-27 11:20:01.4786 INFO Get User Success :21-Deputy Commissioner
2020-10-27 11:20:01.4786 INFO Get Party Master List Success
2020-10-27 11:20:01.4826 INFO Get Indent List Success
2020-10-27 11:20:01.4826 INFO Get Allotment Details Success
2020-10-27 11:20:01.4826 INFO Check WorkFlow List Success
2020-10-27 11:20:01.4826 INFO Get User Success :21-Deputy Commissioner
2020-10-27 11:20:05.3823 INFO Get User Success :21-Deputy Commissioner
2020-10-27 11:20:05.3823 INFO Check WorkFlow List Success
2020-10-27 11:20:05.3823 INFO Get Allotment List Success
2020-10-27 11:20:05.3904 INFO Get User Success :21-Deputy Commissioner
2020-10-27 11:20:07.0546 INFO Get User Success :21-Deputy Commissioner
2020-10-27 11:20:07.0546 INFO Check WorkFlow List Success
2020-10-27 11:20:07.0546 INFO Get Allotment List Success
2020-10-27 11:20:07.0783 INFO Get User Success :21-Deputy Commissioner
2020-10-27 11:20:07.0783 INFO Get Party Master List Success
2020-10-27 11:20:07.0783 INFO Get Indent List Success
2020-10-27 11:20:07.0783 INFO Get Allotment Details Success
2020-10-27 11:20:07.0783 INFO Check WorkFlow List Success
2020-10-27 11:20:07.0926 INFO Get User Success :21-Deputy Commissioner
2020-10-27 11:21:04.8086 INFO Get User Success :21-Deputy Commissioner
2020-10-27 11:21:04.8106 INFO Check WorkFlow List Success
2020-10-27 11:21:04.8106 INFO Get Allotment List Success
2020-10-27 11:21:04.8106 INFO Get User Success :21-Deputy Commissioner
2020-10-27 11:21:07.2088 INFO Get User Success :21-Deputy Commissioner
2020-10-27 11:21:07.2088 INFO Check WorkFlow List Success
2020-10-27 11:21:07.2088 INFO Get Allotment List Success
2020-10-27 11:21:07.2088 INFO Get User Success :21-Deputy Commissioner
2020-10-27 11:21:47.5865 INFO Get User Success :21-Deputy Commissioner
2020-10-27 11:21:47.5865 INFO Check WorkFlow List Success
2020-10-27 11:21:47.5925 INFO Get Allotment List Success
2020-10-27 11:21:47.5925 INFO Get User Success :21-Deputy Commissioner
2020-10-27 11:21:49.0315 INFO Get User Success :21-Deputy Commissioner
2020-10-27 11:21:49.0315 INFO Check WorkFlow List Success
2020-10-27 11:21:49.0315 INFO Get Allotment List Success
2020-10-27 11:21:49.0315 INFO Get User Success :21-Deputy Commissioner
2020-10-27 11:21:49.5914 INFO Get User Success :21-Deputy Commissioner
2020-10-27 11:21:49.5934 INFO Check WorkFlow List Success
2020-10-27 11:21:49.5934 INFO Get Allotment List Success
2020-10-27 11:21:49.5934 INFO Get User Success :21-Deputy Commissioner
2020-10-27 11:21:49.8078 INFO Get User Success :21-Deputy Commissioner
2020-10-27 11:21:49.8078 INFO Check WorkFlow List Success
2020-10-27 11:21:49.8108 INFO Get Allotment List Success
2020-10-27 11:21:49.8108 INFO Get User Success :21-Deputy Commissioner
2020-10-27 11:22:03.0931 INFO Get User Success :21-Deputy Commissioner
2020-10-27 11:22:03.0931 INFO Check WorkFlow List Success
2020-10-27 11:22:03.0931 INFO Get Allotment List Success
2020-10-27 11:22:03.1210 INFO Get User Success :21-Deputy Commissioner
2020-10-27 11:22:03.1210 INFO Get Party Master List Success
2020-10-27 11:22:03.1260 INFO Get Indent List Success
2020-10-27 11:22:03.1260 INFO Get Allotment Details Success
2020-10-27 11:22:03.1260 INFO Check WorkFlow List Success
2020-10-27 11:22:03.1260 INFO Get User Success :21-Deputy Commissioner
2020-10-27 11:22:35.4667 INFO Allotement Approve Sucess:1
2020-10-27 11:22:35.4892 INFO Get User Success :21-Deputy Commissioner
2020-10-27 11:22:35.4892 INFO Check WorkFlow List Success
2020-10-27 11:22:35.4892 INFO Get Allotment List Success
2020-10-27 11:22:35.4982 INFO Get User Success :21-Deputy Commissioner
2020-10-27 11:23:09.3470 INFO Get User Success :21-Deputy Commissioner
2020-10-27 11:23:09.3470 INFO Check WorkFlow List Success
2020-10-27 11:23:59.1670 INFO Get Allotment List Success
2020-10-27 11:23:59.1700 INFO Get User Success :21-Deputy Commissioner
2020-10-27 11:24:25.9543 INFO Get User Success :21-Deputy Commissioner
2020-10-27 11:24:25.9543 INFO Check WorkFlow List Success
2020-10-27 11:24:25.9543 INFO Get Allotment List Success
2020-10-27 11:24:25.9805 INFO Get User Success :21-Deputy Commissioner
2020-10-27 11:24:25.9825 INFO Get Party Master List Success
2020-10-27 11:24:25.9825 INFO Get Indent List Success
2020-10-27 11:24:25.9825 INFO Get Allotment Details Success
2020-10-27 11:24:25.9825 INFO Check WorkFlow List Success
2020-10-27 11:24:25.9825 INFO Get User Success :21-Deputy Commissioner
2020-10-27 11:24:28.3553 INFO Get User Success :21-Deputy Commissioner
2020-10-27 11:24:28.3553 INFO Check WorkFlow List Success
2020-10-27 11:24:28.3583 INFO Get Allotment List Success
2020-10-27 11:24:28.3583 INFO Get User Success :21-Deputy Commissioner
2020-10-27 11:24:52.5778 INFO Get User Success :21-Deputy Commissioner
2020-10-27 11:24:52.5778 INFO Check WorkFlow List Success
2020-10-27 11:24:52.5778 INFO Get Allotment List Success
2020-10-27 11:24:52.5778 INFO Get User Success :21-Deputy Commissioner
2020-10-27 11:24:57.8810 INFO Get User Success :21-Deputy Commissioner
2020-10-27 11:24:57.8810 INFO Check WorkFlow List Success
2020-10-27 11:24:57.8810 INFO Get Allotment List Success
2020-10-27 11:24:57.9064 INFO Get User Success :21-Deputy Commissioner
2020-10-27 11:24:57.9064 INFO Get Party Master List Success
2020-10-27 11:24:57.9064 INFO Get Indent List Success
2020-10-27 11:24:57.9064 INFO Get Allotment Details Success
2020-10-27 11:24:57.9214 INFO Check WorkFlow List Success
2020-10-27 11:24:57.9214 INFO Get User Success :21-Deputy Commissioner
2020-10-27 11:25:03.2653 INFO Get User Success :21-Deputy Commissioner
2020-10-27 11:25:03.2653 INFO Check WorkFlow List Success
2020-10-27 11:25:03.2653 INFO Get Allotment List Success
2020-10-27 11:25:03.2653 INFO Get User Success :21-Deputy Commissioner
2020-10-27 11:25:23.8162 INFO Get User Success :21-Deputy Commissioner
2020-10-27 11:25:23.8162 INFO Check WorkFlow List Success
2020-10-27 11:25:23.8162 INFO Get Allotment List Success
2020-10-27 11:25:23.8162 INFO Get User Success :21-Deputy Commissioner
2020-10-27 11:25:25.9750 INFO Get User Success :21-Deputy Commissioner
2020-10-27 11:25:25.9750 INFO Check WorkFlow List Success
2020-10-27 11:25:25.9750 INFO Get Allotment List Success
2020-10-27 11:25:25.9978 INFO Get User Success :21-Deputy Commissioner
2020-10-27 11:25:26.0008 INFO Get Party Master List Success
2020-10-27 11:25:26.0008 INFO Get Indent List Success
2020-10-27 11:25:26.0008 INFO Get Allotment Details Success
2020-10-27 11:25:26.0008 INFO Check WorkFlow List Success
2020-10-27 11:25:26.0008 INFO Get User Success :21-Deputy Commissioner
2020-10-27 11:33:55.7464 INFO Get User Success :21-Deputy Commissioner
2020-10-27 11:33:59.2496 INFO Get User Success :21-Deputy Commissioner
2020-10-27 11:33:59.2496 INFO Check WorkFlow List Success
2020-10-27 11:33:59.3000 INFO Get User Success :21-Deputy Commissioner
2020-10-27 11:33:59.3000 INFO Check WorkFlow List Success
2020-10-27 11:33:59.3000 INFO Get Allotment List Success
2020-10-27 11:33:59.3476 INFO Get User Success :21-Deputy Commissioner
2020-10-27 11:34:01.5805 INFO Get User Success :21-Deputy Commissioner
2020-10-27 11:34:01.5805 INFO Check WorkFlow List Success
2020-10-27 11:34:01.5805 INFO Get Allotment List Success
2020-10-27 11:34:01.6613 INFO Get User Success :21-Deputy Commissioner
2020-10-27 11:34:01.6613 INFO Get Party Master List Success
2020-10-27 11:34:01.6767 INFO Get Indent List Success
2020-10-27 11:34:01.6873 INFO Get Allotment Details Success
2020-10-27 11:34:01.7136 INFO Check WorkFlow List Success
2020-10-27 11:34:01.7224 INFO Get User Success :21-Deputy Commissioner
2020-10-27 11:36:30.2396 INFO Allotement Approve Sucess:1
2020-10-27 11:36:35.8926 INFO Get User Success :21-Deputy Commissioner
2020-10-27 11:36:35.8926 INFO Check WorkFlow List Success
2020-10-27 11:36:35.8926 INFO Get Allotment List Success
2020-10-27 11:36:35.8926 INFO Get User Success :21-Deputy Commissioner
2020-10-27 11:37:53.7157 INFO Get User Success :21-Deputy Commissioner
2020-10-27 11:37:53.7177 INFO Check WorkFlow List Success
2020-10-27 11:37:53.7177 INFO Get Allotment List Success
2020-10-27 11:37:53.7177 INFO Get User Success :21-Deputy Commissioner
2020-10-27 11:37:55.8549 INFO Get User Success :21-Deputy Commissioner
2020-10-27 11:37:55.8549 INFO Check WorkFlow List Success
2020-10-27 11:37:55.8594 INFO Get Allotment List Success
2020-10-27 11:37:55.8803 INFO Get User Success :21-Deputy Commissioner
2020-10-27 11:37:55.8803 INFO Get Party Master List Success
2020-10-27 11:37:55.8803 INFO Get Indent List Success
2020-10-27 11:37:55.8803 INFO Get Allotment Details Success
2020-10-27 11:37:55.8902 INFO Check WorkFlow List Success
2020-10-27 11:37:55.8902 INFO Get User Success :21-Deputy Commissioner
2020-10-27 11:39:47.0034 INFO Allotement Approve Sucess:1
2020-10-27 11:39:47.0300 INFO Get User Success :21-Deputy Commissioner
2020-10-27 11:39:47.0300 INFO Check WorkFlow List Success
2020-10-27 11:39:47.0300 INFO Get Allotment List Success
2020-10-27 11:39:47.0300 INFO Get User Success :21-Deputy Commissioner
2020-10-27 11:39:50.4177 INFO Get User Success :21-Deputy Commissioner
2020-10-27 11:39:50.4177 INFO Check WorkFlow List Success
2020-10-27 11:39:50.4228 INFO Get Allotment List Success
2020-10-27 11:39:50.4440 INFO Get User Success :21-Deputy Commissioner
2020-10-27 11:39:50.4440 INFO Get Party Master List Success
2020-10-27 11:39:50.4440 INFO Get Indent List Success
2020-10-27 11:39:50.4532 INFO Get Allotment Details Success
2020-10-27 11:39:50.4532 INFO Check WorkFlow List Success
2020-10-27 11:39:50.4532 INFO Get User Success :21-Deputy Commissioner
2020-10-27 11:40:03.2219 INFO Get User Success :20-Commisoner
2020-10-27 11:40:05.1924 INFO Get User Success :20-Commisoner
2020-10-27 11:40:05.1924 INFO Check WorkFlow List Success
2020-10-27 11:40:05.2173 INFO Get User Success :20-Commisoner
2020-10-27 11:40:05.2173 INFO Check WorkFlow List Success
2020-10-27 11:40:05.2173 INFO Get Allotment List Success
2020-10-27 11:40:05.2173 INFO Get User Success :20-Commisoner
2020-10-27 11:40:06.8214 INFO Get User Success :20-Commisoner
2020-10-27 11:40:06.8214 INFO Check WorkFlow List Success
2020-10-27 11:40:06.8262 INFO Get Allotment List Success
2020-10-27 11:40:06.8467 INFO Get User Success :20-Commisoner
2020-10-27 11:40:06.8467 INFO Get Party Master List Success
2020-10-27 11:40:06.8467 INFO Get Indent List Success
2020-10-27 11:40:06.8467 INFO Get Allotment Details Success
2020-10-27 11:40:06.8582 INFO Check WorkFlow List Success
2020-10-27 11:40:06.8582 INFO Get User Success :20-Commisoner
2020-10-27 11:43:52.8620 INFO Get User Success :21-Deputy Commissioner
2020-10-27 11:43:58.0045 INFO Get User Success :21-Deputy Commissioner
2020-10-27 11:43:58.0045 INFO Check WorkFlow List Success
2020-10-27 11:43:58.0523 INFO Get User Success :21-Deputy Commissioner
2020-10-27 11:43:58.0523 INFO Check WorkFlow List Success
2020-10-27 11:43:58.0523 INFO Get Allotment List Success
2020-10-27 11:43:58.0967 INFO Get User Success :21-Deputy Commissioner
2020-10-27 11:44:00.0483 INFO Get User Success :21-Deputy Commissioner
2020-10-27 11:44:00.0483 INFO Check WorkFlow List Success
2020-10-27 11:44:00.0483 INFO Get Allotment List Success
2020-10-27 11:44:05.9731 INFO Get User Success :21-Deputy Commissioner
2020-10-27 11:44:05.9731 INFO Get Party Master List Success
2020-10-27 11:44:05.9896 INFO Get Indent List Success
2020-10-27 11:44:50.1801 INFO Get Allotment Details Success
2020-10-27 11:45:55.9332 INFO Check WorkFlow List Success
2020-10-27 11:45:55.9425 INFO Get User Success :21-Deputy Commissioner
2020-10-27 11:46:02.2281 INFO Get User Success :21-Deputy Commissioner
2020-10-27 11:46:02.2281 INFO Check WorkFlow List Success
2020-10-27 11:46:02.2281 INFO Get Allotment List Success
2020-10-27 11:46:02.2351 INFO Get User Success :21-Deputy Commissioner
2020-10-27 11:46:04.3166 INFO Get User Success :21-Deputy Commissioner
2020-10-27 11:46:04.3166 INFO Check WorkFlow List Success
2020-10-27 11:46:04.3166 INFO Get Allotment List Success
2020-10-27 11:46:15.6561 INFO Get User Success :20-Commisoner
2020-10-27 11:46:17.7505 INFO Get User Success :20-Commisoner
2020-10-27 11:46:17.7505 INFO Check WorkFlow List Success
2020-10-27 11:46:17.7721 INFO Get User Success :20-Commisoner
2020-10-27 11:46:17.7721 INFO Check WorkFlow List Success
2020-10-27 11:46:17.7721 INFO Get Allotment List Success
2020-10-27 11:46:17.7825 INFO Get User Success :20-Commisoner
2020-10-27 11:46:35.6952 INFO Get User Success :20-Commisoner
2020-10-27 11:46:35.6952 INFO Check WorkFlow List Success
2020-10-27 11:46:35.6952 INFO Get Allotment List Success
2020-10-27 11:46:35.7221 INFO Get User Success :20-Commisoner
2020-10-27 11:46:35.7221 INFO Get Party Master List Success
2020-10-27 11:46:35.7221 INFO Get Indent List Success
2020-10-27 11:46:35.7221 INFO Get Allotment Details Success
2020-10-27 11:46:35.7330 INFO Check WorkFlow List Success
2020-10-27 11:46:35.7330 INFO Get User Success :20-Commisoner
2020-10-27 11:47:46.0054 INFO Get User Success :20-Commisoner
2020-10-27 11:47:46.0054 INFO Check WorkFlow List Success
2020-10-27 11:47:46.0054 INFO Get Allotment List Success
2020-10-27 11:47:46.0144 INFO Get User Success :20-Commisoner
2020-10-27 11:47:48.9604 INFO Get User Success :20-Commisoner
2020-10-27 11:47:48.9604 INFO Check WorkFlow List Success
2020-10-27 11:47:48.9604 INFO Get Allotment List Success
2020-10-27 11:47:48.9836 INFO Get User Success :20-Commisoner
2020-10-27 11:47:48.9836 INFO Get Party Master List Success
2020-10-27 11:47:48.9836 INFO Get Indent List Success
2020-10-27 11:47:48.9836 INFO Get Allotment Details Success
2020-10-27 11:48:31.0272 INFO Check WorkFlow List Success
2020-10-27 11:48:31.0321 INFO Get User Success :20-Commisoner
2020-10-27 11:48:52.3382 INFO Allotement Approve Sucess:1
2020-10-27 11:48:52.3592 INFO Get User Success :20-Commisoner
2020-10-27 11:48:52.3592 INFO Check WorkFlow List Success
2020-10-27 11:48:52.3592 INFO Get Allotment List Success
2020-10-27 11:48:52.3742 INFO Get User Success :20-Commisoner
2020-10-27 11:50:43.7670 INFO Get User Success :20-Commisoner
2020-10-27 11:50:43.7670 INFO Check WorkFlow List Success
2020-10-27 11:50:43.7670 INFO Get Allotment List Success
2020-10-27 11:53:27.1120 INFO Get User Success :20-Commisoner
2020-10-27 11:53:31.9377 INFO Get User Success :20-Commisoner
2020-10-27 11:53:31.9377 INFO Check WorkFlow List Success
2020-10-27 11:53:31.9377 INFO Get Allotment List Success
2020-10-27 11:53:31.9634 INFO Get User Success :20-Commisoner
2020-10-27 11:53:31.9634 INFO Get Party Master List Success
2020-10-27 11:53:31.9684 INFO Get Indent List Success
2020-10-27 11:53:31.9684 INFO Get Allotment Details Success
2020-10-27 11:53:34.2994 INFO Check WorkFlow List Success
2020-10-27 11:53:34.2994 INFO Get User Success :20-Commisoner
2020-10-27 11:53:46.7712 INFO Get User Success :21-Deputy Commissioner
2020-10-27 11:53:48.7724 INFO Get User Success :21-Deputy Commissioner
2020-10-27 11:53:48.7724 INFO Check WorkFlow List Success
2020-10-27 11:53:48.8027 INFO Get User Success :21-Deputy Commissioner
2020-10-27 11:53:48.8027 INFO Check WorkFlow List Success
2020-10-27 11:53:48.8027 INFO Get Allotment List Success
2020-10-27 11:53:48.8107 INFO Get User Success :21-Deputy Commissioner
2020-10-27 11:53:50.6626 INFO Get User Success :21-Deputy Commissioner
2020-10-27 11:53:50.6626 INFO Check WorkFlow List Success
2020-10-27 11:53:50.6626 INFO Get Allotment List Success
2020-10-27 11:53:55.6050 INFO Get User Success :18-Harinagar Distillery
2020-10-27 11:53:57.3827 INFO Get User Success :18-Harinagar Distillery
2020-10-27 11:53:57.3827 INFO Get Indent List Success
2020-10-27 11:53:57.3957 INFO Get User Success :18-Harinagar Distillery
2020-10-27 11:54:01.1807 INFO Get User Success :18-Harinagar Distillery
2020-10-27 11:54:01.1807 INFO Get Indent List Success
2020-10-27 11:54:01.2065 INFO Get User Success :18-Harinagar Distillery
2020-10-27 11:54:01.2065 INFO Get Allotment List Success
2020-10-27 11:54:01.2065 INFO Get User Success :18-Harinagar Distillery
2020-10-27 11:54:19.6093 INFO Get User Success :18-Harinagar Distillery
2020-10-27 11:54:19.6093 INFO Get Allotment List Success
2020-10-27 11:54:19.6093 INFO Get User Success :18-Harinagar Distillery
2020-10-27 11:55:13.9637 INFO Get User Success :18-Harinagar Distillery
2020-10-27 11:55:13.9637 INFO Get Allotment List Success
2020-10-27 11:55:13.9687 INFO Get User Success :18-Harinagar Distillery
2020-10-27 11:55:31.6305 INFO Get User Success :18-Harinagar Distillery
2020-10-27 11:55:31.6305 INFO Get Allotment List Success
2020-10-27 11:55:31.6546 INFO Get User Success :18-Harinagar Distillery
2020-10-27 11:55:31.6546 INFO Get Party Master List Success
2020-10-27 11:55:31.6546 INFO Get Indent List Success
2020-10-27 11:55:31.6546 INFO Get Allotment Details Success
2020-10-27 11:55:31.6546 INFO Check WorkFlow List Success
2020-10-27 11:55:31.6546 INFO Get User Success :18-Harinagar Distillery
2020-10-27 11:55:35.7086 INFO Get User Success :18-Harinagar Distillery
2020-10-27 11:55:35.7086 INFO Get Allotment List Success
2020-10-27 11:55:35.7086 INFO Get User Success :18-Harinagar Distillery
2020-10-27 11:55:37.0823 INFO Get User Success :18-Harinagar Distillery
2020-10-27 11:55:37.0823 INFO Get Allotment List Success
2020-10-27 11:55:43.5397 INFO Get User Success :21-Deputy Commissioner
2020-10-27 11:55:45.5191 INFO Get User Success :21-Deputy Commissioner
2020-10-27 11:55:45.5191 INFO Check WorkFlow List Success
2020-10-27 11:55:45.5440 INFO Get User Success :21-Deputy Commissioner
2020-10-27 11:55:45.5449 INFO Check WorkFlow List Success
2020-10-27 11:55:45.5449 INFO Get Allotment List Success
2020-10-27 11:55:45.5449 INFO Get User Success :21-Deputy Commissioner
2020-10-27 11:55:51.3768 INFO Get User Success :21-Deputy Commissioner
2020-10-27 11:55:51.3768 INFO Check WorkFlow List Success
2020-10-27 11:55:51.3768 INFO Get Allotment List Success
2020-10-27 12:03:50.0711 INFO Allotement Issued Sucess:1
2020-10-27 12:03:59.4046 INFO Get User Success :21-Deputy Commissioner
2020-10-27 12:03:59.4046 INFO Check WorkFlow List Success
2020-10-27 12:03:59.4046 INFO Get Allotment List Success
2020-10-27 12:07:47.5367 INFO Allotement Issued Fail:1-Exception while reading from stream
2020-10-27 12:12:54.0550 INFO Get User Success :21-Deputy Commissioner
2020-10-27 12:12:57.3717 INFO Get User Success :21-Deputy Commissioner
2020-10-27 12:12:57.3757 INFO Check WorkFlow List Success
2020-10-27 12:13:05.5184 INFO Get User Success :21-Deputy Commissioner
2020-10-27 12:13:05.5184 INFO Check WorkFlow List Success
2020-10-27 12:13:05.5184 INFO Get Allotment List Success
2020-10-27 12:13:05.5640 INFO Get User Success :21-Deputy Commissioner
2020-10-27 12:13:10.0323 INFO Get User Success :21-Deputy Commissioner
2020-10-27 12:13:10.0323 INFO Check WorkFlow List Success
2020-10-27 12:13:10.0323 INFO Get Allotment List Success
2020-10-27 12:13:10.1120 INFO Get User Success :21-Deputy Commissioner
2020-10-27 12:13:10.1120 INFO Get Party Master List Success
2020-10-27 12:13:10.1284 INFO Get Indent List Success
2020-10-27 12:13:10.1395 INFO Get Allotment Details Success
2020-10-27 12:13:10.1662 INFO Check WorkFlow List Success
2020-10-27 12:13:10.1768 INFO Get User Success :21-Deputy Commissioner
2020-10-27 12:13:58.6093 INFO Get User Success :21-Deputy Commissioner
2020-10-27 12:13:58.6093 INFO Get Party Master List Success
2020-10-27 12:13:58.6093 INFO Get Indent List Success
2020-10-27 12:13:58.6262 INFO Get Allotment Details Success
2020-10-27 12:13:58.6262 INFO Check WorkFlow List Success
2020-10-27 12:13:58.6262 INFO Get User Success :21-Deputy Commissioner
2020-10-27 12:14:03.9965 INFO Get User Success :21-Deputy Commissioner
2020-10-27 12:14:03.9985 INFO Check WorkFlow List Success
2020-10-27 12:14:03.9985 INFO Get Allotment List Success
2020-10-27 12:14:03.9985 INFO Get User Success :21-Deputy Commissioner
2020-10-27 12:14:07.9027 INFO Get User Success :21-Deputy Commissioner
2020-10-27 12:14:07.9044 INFO Check WorkFlow List Success
2020-10-27 12:14:07.9044 INFO Get Allotment List Success
2020-10-27 12:16:33.0578 INFO Get User Success :21-Deputy Commissioner
2020-10-27 12:16:33.0578 INFO Check WorkFlow List Success
2020-10-27 12:16:33.0623 INFO Get Allotment List Success
2020-10-27 12:16:41.0646 INFO Get User Success :21-Deputy Commissioner
2020-10-27 12:17:28.2642 INFO Allotement Issued Sucess:1
2020-10-27 12:17:50.7483 INFO Get User Success :21-Deputy Commissioner
2020-10-27 12:17:50.7483 INFO Check WorkFlow List Success
2020-10-27 12:17:50.7483 INFO Get Allotment List Success
2020-10-27 12:17:56.5784 INFO Get User Success :21-Deputy Commissioner
2020-10-27 12:18:08.0424 INFO Allotement Issued Sucess:1
2020-10-27 12:18:28.4691 INFO Get User Success :21-Deputy Commissioner
2020-10-27 12:18:28.4691 INFO Check WorkFlow List Success
2020-10-27 12:18:28.4691 INFO Get Allotment List Success
2020-10-27 12:18:28.4691 INFO Get User Success :21-Deputy Commissioner
2020-10-27 12:18:35.0783 INFO Get User Success :21-Deputy Commissioner
2020-10-27 12:18:35.0783 INFO Check WorkFlow List Success
2020-10-27 12:18:35.0783 INFO Get Allotment List Success
2020-10-27 12:18:35.0783 INFO Get User Success :21-Deputy Commissioner
2020-10-27 12:18:38.5632 INFO Get User Success :21-Deputy Commissioner
2020-10-27 12:18:38.5632 INFO Check WorkFlow List Success
2020-10-27 12:18:38.5632 INFO Get Allotment List Success
2020-10-27 12:18:38.5911 INFO Get User Success :21-Deputy Commissioner
2020-10-27 12:18:38.5941 INFO Get Party Master List Success
2020-10-27 12:18:38.5941 INFO Get Indent List Success
2020-10-27 12:18:38.5941 INFO Get Allotment Details Success
2020-10-27 12:18:38.5941 INFO Check WorkFlow List Success
2020-10-27 12:18:38.5941 INFO Get User Success :21-Deputy Commissioner
2020-10-27 12:19:28.2411 INFO Get User Success :21-Deputy Commissioner
2020-10-27 12:19:28.2411 INFO Get Party Master List Success
2020-10-27 12:19:28.2411 INFO Get Indent List Success
2020-10-27 12:19:28.2499 INFO Get Allotment Details Success
2020-10-27 12:19:28.2499 INFO Check WorkFlow List Success
2020-10-27 12:19:28.2499 INFO Get User Success :21-Deputy Commissioner
2020-10-27 12:19:30.3773 INFO Get User Success :21-Deputy Commissioner
2020-10-27 12:19:30.3773 INFO Check WorkFlow List Success
2020-10-27 12:19:30.3773 INFO Get Allotment List Success
2020-10-27 12:19:30.3773 INFO Get User Success :21-Deputy Commissioner
2020-10-27 12:19:32.4526 INFO Get User Success :21-Deputy Commissioner
2020-10-27 12:19:32.4526 INFO Check WorkFlow List Success
2020-10-27 12:19:32.4526 INFO Get Allotment List Success
2020-10-27 12:19:32.4526 INFO Get User Success :21-Deputy Commissioner
2020-10-27 12:20:05.1045 INFO Get User Success :21-Deputy Commissioner
2020-10-27 12:20:05.1045 INFO Check WorkFlow List Success
2020-10-27 12:20:05.1081 INFO Get Allotment List Success
2020-10-27 12:20:05.1081 INFO Get User Success :21-Deputy Commissioner
2020-10-27 12:20:07.5029 INFO Get User Success :21-Deputy Commissioner
2020-10-27 12:20:07.5029 INFO Check WorkFlow List Success
2020-10-27 12:20:07.5029 INFO Get Allotment List Success
2020-10-27 12:20:07.5029 INFO Get User Success :21-Deputy Commissioner
2020-10-27 12:20:38.2653 INFO Allotement Issued Sucess:1
2020-10-27 12:20:38.2917 INFO Get User Success :21-Deputy Commissioner
2020-10-27 12:20:38.2917 INFO Check WorkFlow List Success
2020-10-27 12:20:38.2956 INFO Get Allotment List Success
2020-10-27 12:20:38.2956 INFO Get User Success :21-Deputy Commissioner
2020-10-27 12:20:42.7137 INFO Get User Success :21-Deputy Commissioner
2020-10-27 12:20:42.7137 INFO Check WorkFlow List Success
2020-10-27 12:20:42.7175 INFO Get Allotment List Success
2020-10-27 12:20:42.7369 INFO Get User Success :21-Deputy Commissioner
2020-10-27 12:20:42.7369 INFO Get Party Master List Success
2020-10-27 12:20:42.7369 INFO Get Indent List Success
2020-10-27 12:20:42.7369 INFO Get Allotment Details Success
2020-10-27 12:20:42.7369 INFO Check WorkFlow List Success
2020-10-27 12:20:42.7520 INFO Get User Success :21-Deputy Commissioner
2020-10-27 12:21:12.8826 INFO Get User Success :21-Deputy Commissioner
2020-10-27 12:21:12.8826 INFO Get Party Master List Success
2020-10-27 12:21:12.8826 INFO Get Indent List Success
2020-10-27 12:21:15.3959 INFO Get Allotment Details Success
2020-10-27 12:22:33.8659 INFO Check WorkFlow List Success
2020-10-27 12:22:33.8659 INFO Get User Success :21-Deputy Commissioner
2020-10-27 12:22:46.6738 INFO Get User Success :21-Deputy Commissioner
2020-10-27 12:22:46.6738 INFO Get Party Master List Success
2020-10-27 12:22:46.6738 INFO Get Indent List Success
2020-10-27 12:22:46.6738 INFO Get Allotment Details Success
2020-10-27 12:23:13.9228 INFO Check WorkFlow List Success
2020-10-27 12:23:13.9228 INFO Get User Success :21-Deputy Commissioner
2020-10-27 12:25:52.1165 INFO Get User Success :21-Deputy Commissioner
2020-10-27 12:25:52.1165 INFO Get Party Master List Success
2020-10-27 12:25:52.1165 INFO Get Indent List Success
2020-10-27 12:25:52.1251 INFO Get Allotment Details Success
2020-10-27 12:25:57.6115 INFO Check WorkFlow List Success
2020-10-27 12:25:57.6115 INFO Get User Success :21-Deputy Commissioner
2020-10-27 12:26:44.9525 INFO Get User Success :21-Deputy Commissioner
2020-10-27 12:26:44.9525 INFO Get Party Master List Success
2020-10-27 12:28:24.7998 INFO Get Indent List Success
2020-10-27 12:28:24.7998 INFO Get Allotment Details Success
2020-10-27 12:28:24.7998 INFO Check WorkFlow List Success
2020-10-27 12:28:24.8168 INFO Get User Success :21-Deputy Commissioner
2020-10-27 12:28:35.5107 INFO Get User Success :21-Deputy Commissioner
2020-10-27 12:28:35.5107 INFO Check WorkFlow List Success
2020-10-27 12:28:35.5137 INFO Get Allotment List Success
2020-10-27 12:28:35.5137 INFO Get User Success :21-Deputy Commissioner
2020-10-27 12:28:37.8796 INFO Get User Success :21-Deputy Commissioner
2020-10-27 12:28:37.8796 INFO Check WorkFlow List Success
2020-10-27 12:28:37.8796 INFO Get Allotment List Success
2020-10-27 12:28:37.9037 INFO Get User Success :21-Deputy Commissioner
2020-10-27 12:28:37.9077 INFO Get Party Master List Success
2020-10-27 12:28:40.3930 INFO Get Indent List Success
2020-10-27 12:28:40.3930 INFO Get Allotment Details Success
2020-10-27 12:28:40.3930 INFO Check WorkFlow List Success
2020-10-27 12:28:40.3930 INFO Get User Success :21-Deputy Commissioner
2020-10-27 12:28:49.1934 INFO Get User Success :21-Deputy Commissioner
2020-10-27 12:28:49.1934 INFO Check WorkFlow List Success
2020-10-27 12:28:49.1934 INFO Get Allotment List Success
2020-10-27 12:28:49.1934 INFO Get User Success :21-Deputy Commissioner
2020-10-27 12:28:50.2470 INFO Get User Success :21-Deputy Commissioner
2020-10-27 12:28:50.2487 INFO Check WorkFlow List Success
2020-10-27 12:28:50.2487 INFO Get Allotment List Success
2020-10-27 12:28:50.2691 INFO Get User Success :21-Deputy Commissioner
2020-10-27 12:28:50.2691 INFO Get Party Master List Success
2020-10-27 12:28:50.2691 INFO Get Indent List Success
2020-10-27 12:28:50.2818 INFO Get Allotment Details Success
2020-10-27 12:28:50.2818 INFO Check WorkFlow List Success
2020-10-27 12:28:50.2818 INFO Get User Success :21-Deputy Commissioner
2020-10-27 12:28:53.8719 INFO Get User Success :21-Deputy Commissioner
2020-10-27 12:28:53.8738 INFO Check WorkFlow List Success
2020-10-27 12:28:53.8738 INFO Get Allotment List Success
2020-10-27 12:28:53.8738 INFO Get User Success :21-Deputy Commissioner
2020-10-27 12:28:54.9135 INFO Get User Success :21-Deputy Commissioner
2020-10-27 12:28:54.9135 INFO Check WorkFlow List Success
2020-10-27 12:28:54.9135 INFO Get Allotment List Success
2020-10-27 12:28:54.9378 INFO Get User Success :21-Deputy Commissioner
2020-10-27 12:28:54.9378 INFO Get Party Master List Success
2020-10-27 12:28:54.9378 INFO Get Indent List Success
2020-10-27 12:28:54.9378 INFO Get Allotment Details Success
2020-10-27 12:28:54.9378 INFO Check WorkFlow List Success
2020-10-27 12:28:54.9526 INFO Get User Success :21-Deputy Commissioner
2020-10-27 12:29:20.6587 INFO Get User Success :21-Deputy Commissioner
2020-10-27 12:29:20.6587 INFO Check WorkFlow List Success
2020-10-27 12:29:20.6587 INFO Get Allotment List Success
2020-10-27 12:29:20.6587 INFO Get User Success :21-Deputy Commissioner
2020-10-27 12:29:21.9995 INFO Get User Success :21-Deputy Commissioner
2020-10-27 12:29:21.9995 INFO Check WorkFlow List Success
2020-10-27 12:29:21.9995 INFO Get Allotment List Success
2020-10-27 12:29:22.0234 INFO Get User Success :21-Deputy Commissioner
2020-10-27 12:29:22.0234 INFO Get Party Master List Success
2020-10-27 12:29:22.0234 INFO Get Indent List Success
2020-10-27 12:29:22.0319 INFO Get Allotment Details Success
2020-10-27 12:29:22.0319 INFO Check WorkFlow List Success
2020-10-27 12:29:22.0319 INFO Get User Success :21-Deputy Commissioner
2020-10-27 12:29:25.4684 INFO Get User Success :21-Deputy Commissioner
2020-10-27 12:29:25.4684 INFO Check WorkFlow List Success
2020-10-27 12:29:25.4684 INFO Get Allotment List Success
2020-10-27 12:29:25.4684 INFO Get User Success :21-Deputy Commissioner
2020-10-27 12:29:31.2019 INFO Get User Success :21-Deputy Commissioner
2020-10-27 12:29:31.2019 INFO Check WorkFlow List Success
2020-10-27 12:29:31.2019 INFO Get Allotment List Success
2020-10-27 12:29:31.2272 INFO Get User Success :21-Deputy Commissioner
2020-10-27 12:29:31.2272 INFO Get Party Master List Success
2020-10-27 12:29:31.2272 INFO Get Indent List Success
2020-10-27 12:29:31.2352 INFO Get Allotment Details Success
2020-10-27 12:29:31.2352 INFO Check WorkFlow List Success
2020-10-27 12:29:31.2352 INFO Get User Success :21-Deputy Commissioner
2020-10-27 12:43:45.2963 INFO Get Party Type Master List Success
2020-10-27 12:43:51.8087 INFO Get VAT Master List Success
2020-10-27 12:43:56.2373 INFO Get Party Type Master List Success
2020-10-27 12:43:56.2373 INFO Get UOM List Success
2020-10-27 12:43:56.2373 INFO Get Product Type Master List Success
2020-10-27 12:43:56.2373 INFO Get VAT Type Master List Success
2020-10-27 12:47:53.5154 INFO Get Party Type Master List Success
2020-10-27 12:48:03.3783 INFO Get VAT Master List Success
2020-10-27 12:48:08.4728 INFO Get Party Type Master List Success
2020-10-27 12:48:08.4728 INFO Get UOM List Success
2020-10-27 12:48:08.4728 INFO Get Product Type Master List Success
2020-10-27 12:48:08.4831 INFO Get VAT Type Master List Success
2020-10-27 12:48:38.5269 INFO Get Party Type Master List Success
2020-10-27 12:48:38.5269 INFO Get UOM List Success
2020-10-27 12:48:38.5299 INFO Get Product Type Master List Success
2020-10-27 12:48:38.5299 INFO Get VAT Type Master List Success
2020-10-27 12:48:56.5425 INFO Get Party Type Master List Success
2020-10-27 12:48:56.5425 INFO Get UOM List Success
2020-10-27 12:48:56.5462 INFO Get Product Type Master List Success
2020-10-27 12:48:56.5462 INFO Get VAT Type Master List Success
2020-10-27 12:49:29.3778 INFO Get Party Type Master List Success
2020-10-27 12:49:29.3778 INFO Get UOM List Success
2020-10-27 12:49:29.3778 INFO Get Product Type Master List Success
2020-10-27 12:49:29.3778 INFO Get VAT Type Master List Success
2020-10-27 12:49:38.7696 INFO Get Party Type Master List Success
2020-10-27 12:49:38.7696 INFO Get UOM List Success
2020-10-27 12:49:38.7696 INFO Get Product Type Master List Success
2020-10-27 12:49:38.7696 INFO Get VAT Type Master List Success
2020-10-27 12:49:47.2265 INFO Get Party Type Master List Success
2020-10-27 12:49:47.2265 INFO Get UOM List Success
2020-10-27 12:49:47.2265 INFO Get Product Type Master List Success
2020-10-27 12:49:47.2265 INFO Get VAT Type Master List Success
2020-10-27 12:49:58.8502 INFO Get Party Type Master List Success
2020-10-27 12:49:58.8502 INFO Get UOM List Success
2020-10-27 12:49:58.8502 INFO Get Product Type Master List Success
2020-10-27 12:49:58.8502 INFO Get VAT Type Master List Success
2020-10-27 12:50:31.8550 INFO Get Party Type Master List Success
2020-10-27 12:50:31.8550 INFO Get UOM List Success
2020-10-27 12:50:31.8580 INFO Get Product Type Master List Success
2020-10-27 12:50:31.8580 INFO Get VAT Type Master List Success
2020-10-27 12:50:44.8743 INFO Get Party Type Master List Success
2020-10-27 12:50:44.8743 INFO Get UOM List Success
2020-10-27 12:50:44.8743 INFO Get Product Type Master List Success
2020-10-27 12:50:44.8743 INFO Get VAT Type Master List Success
2020-10-27 12:51:07.7756 INFO Get Party Type Master List Success
2020-10-27 12:51:07.7756 INFO Get UOM List Success
2020-10-27 12:51:07.7756 INFO Get Product Type Master List Success
2020-10-27 12:51:07.7804 INFO Get VAT Type Master List Success
2020-10-27 12:51:25.2839 INFO Get Party Type Master List Success
2020-10-27 12:51:25.2839 INFO Get UOM List Success
2020-10-27 12:51:25.2839 INFO Get Product Type Master List Success
2020-10-27 12:51:25.2839 INFO Get VAT Type Master List Success
2020-10-27 12:51:38.2094 INFO Get Party Type Master List Success
2020-10-27 12:51:38.2094 INFO Get UOM List Success
2020-10-27 12:51:38.2094 INFO Get Product Type Master List Success
2020-10-27 12:51:38.2094 INFO Get VAT Type Master List Success
2020-10-27 12:51:45.9275 INFO Get Party Type Master List Success
2020-10-27 12:51:45.9275 INFO Get UOM List Success
2020-10-27 12:51:45.9275 INFO Get Product Type Master List Success
2020-10-27 12:51:45.9275 INFO Get VAT Type Master List Success
2020-10-27 12:52:42.6782 INFO Get Party Type Master List Success
2020-10-27 12:52:42.6782 INFO Get UOM List Success
2020-10-27 12:52:42.6782 INFO Get Product Type Master List Success
2020-10-27 12:52:42.6782 INFO Get VAT Type Master List Success
2020-10-27 12:52:44.5352 INFO Get Party Type Master List Success
2020-10-27 12:52:44.5352 INFO Get UOM List Success
2020-10-27 12:52:44.5352 INFO Get Product Type Master List Success
2020-10-27 12:52:44.5352 INFO Get VAT Type Master List Success
2020-10-27 12:52:44.7682 INFO Get Party Type Master List Success
2020-10-27 12:52:44.7682 INFO Get UOM List Success
2020-10-27 12:52:44.7682 INFO Get Product Type Master List Success
2020-10-27 12:52:44.7682 INFO Get VAT Type Master List Success
2020-10-27 12:52:44.9417 INFO Get Party Type Master List Success
2020-10-27 12:52:44.9417 INFO Get UOM List Success
2020-10-27 12:52:44.9527 INFO Get Product Type Master List Success
2020-10-27 12:52:44.9527 INFO Get VAT Type Master List Success
2020-10-27 12:52:45.1342 INFO Get Party Type Master List Success
2020-10-27 12:52:45.1342 INFO Get UOM List Success
2020-10-27 12:52:45.1342 INFO Get Product Type Master List Success
2020-10-27 12:52:45.1342 INFO Get VAT Type Master List Success
2020-10-27 12:53:02.3763 INFO Get Party Type Master List Success
2020-10-27 12:53:02.3763 INFO Get UOM List Success
2020-10-27 12:53:02.3763 INFO Get Product Type Master List Success
2020-10-27 12:53:02.3763 INFO Get VAT Type Master List Success
2020-10-27 12:53:13.4281 INFO Get Party Type Master List Success
2020-10-27 12:55:08.3909 INFO Get Party Type Master List Success
2020-10-27 12:55:11.1491 INFO Get VAT Master List Success
2020-10-27 12:55:12.9108 INFO Get Party Type Master List Success
2020-10-27 12:55:12.9108 INFO Get UOM List Success
2020-10-27 12:55:12.9108 INFO Get Product Type Master List Success
2020-10-27 12:55:12.9217 INFO Get VAT Type Master List Success
2020-10-27 12:55:27.7076 INFO Get Party Type Master List Success
2020-10-27 12:55:27.7076 INFO Get UOM List Success
2020-10-27 12:55:27.7076 INFO Get Product Type Master List Success
2020-10-27 12:55:27.7076 INFO Get VAT Type Master List Success
2020-10-27 12:55:47.7298 INFO Get Party Type Master List Success
2020-10-27 12:55:47.7298 INFO Get UOM List Success
2020-10-27 12:55:47.7328 INFO Get Product Type Master List Success
2020-10-27 12:55:47.7328 INFO Get VAT Type Master List Success
2020-10-27 12:56:33.7602 INFO Get Party Type Master List Success
2020-10-27 12:56:33.7602 INFO Get UOM List Success
2020-10-27 12:56:33.7639 INFO Get Product Type Master List Success
2020-10-27 12:56:33.7639 INFO Get VAT Type Master List Success
2020-10-27 12:56:41.5847 INFO Get Party Type Master List Success
2020-10-27 12:56:41.5847 INFO Get UOM List Success
2020-10-27 12:56:41.5847 INFO Get Product Type Master List Success
2020-10-27 12:56:41.5847 INFO Get VAT Type Master List Success
2020-10-27 12:56:43.3632 INFO Get VAT Master List Success
2020-10-27 12:56:44.3660 INFO Get Party Type Master List Success
2020-10-27 12:56:44.3660 INFO Get UOM List Success
2020-10-27 12:56:44.3660 INFO Get Product Type Master List Success
2020-10-27 12:56:44.3660 INFO Get VAT Type Master List Success
2020-10-27 12:56:45.5662 INFO Get VAT Master List Success
2020-10-27 12:56:46.4596 INFO Get Party Type Master List Success
2020-10-27 12:56:46.4596 INFO Get UOM List Success
2020-10-27 12:56:46.4685 INFO Get Product Type Master List Success
2020-10-27 12:56:46.4685 INFO Get VAT Type Master List Success
2020-10-27 12:56:48.1600 INFO Get VAT Master List Success
2020-10-27 12:56:49.1478 INFO Get Party Type Master List Success
2020-10-27 12:56:49.1478 INFO Get UOM List Success
2020-10-27 12:56:49.1478 INFO Get Product Type Master List Success
2020-10-27 12:56:49.1478 INFO Get VAT Type Master List Success
2020-10-27 12:56:50.3498 INFO Get VAT Master List Success
2020-10-27 12:56:51.5244 INFO Get Party Type Master List Success
2020-10-27 12:56:51.5244 INFO Get UOM List Success
2020-10-27 12:56:51.5244 INFO Get Product Type Master List Success
2020-10-27 12:56:51.5244 INFO Get VAT Type Master List Success
2020-10-27 13:01:01.5696 INFO Get Party Type Master List Success
2020-10-27 13:01:05.8294 INFO Get Party Master List Success
2020-10-27 13:01:07.8118 INFO Get Party Type Master List Success
2020-10-27 13:01:43.5758 INFO Get Party Type Master List Success
2020-10-27 13:01:58.2560 INFO Get Party Type Master List Success
2020-10-27 13:02:12.0980 INFO Get Party Type Master List Success
2020-10-27 13:08:12.9726 INFO Get Party Type Master List Success
2020-10-27 13:08:16.0894 INFO Get Party Master List Success
2020-10-27 13:08:17.3851 INFO Get Party Type Master List Success
2020-10-27 13:09:43.3981 INFO Get Party Type Master List Success
2020-10-27 13:09:45.9168 INFO Get Party Master List Success
2020-10-27 13:09:49.1367 INFO Get Party Type Master List Success
2020-10-27 13:09:51.9292 INFO GetFinacListValues Success
2020-10-27 13:09:51.9648 INFO Get Party Master List Success
2020-10-27 13:09:51.9678 INFO GetFinacListValues Success
2020-10-27 13:09:55.6008 INFO GetFinacListValues Success
2020-10-27 13:10:18.8231 INFO GetFinacListValues Success
2020-10-27 13:10:18.8494 INFO Get Party Master List Success
2020-10-27 13:10:18.8494 INFO GetFinacListValues Success
2020-10-27 13:10:20.8059 INFO GetFinacListValues Success
2020-10-27 13:10:31.6626 INFO GetFinacListValues Success
2020-10-27 13:10:31.6893 INFO Get Party Master List Success
2020-10-27 13:10:31.6893 INFO GetFinacListValues Success
2020-10-27 13:10:53.2621 INFO Get Party Master List Success
2020-10-27 13:10:53.2641 INFO GetFinacListValues Success
2020-10-27 13:11:30.1162 INFO Get Party Master List Success
2020-10-27 13:11:30.1162 INFO GetFinacListValues Success
2020-10-27 13:11:32.7134 INFO Get Party Master List Success
2020-10-27 13:11:33.7736 INFO Get Party Type Master List Success
2020-10-27 13:11:36.8160 INFO GetFinacListValues Success
2020-10-27 13:11:36.8455 INFO Get Party Master List Success
2020-10-27 13:11:36.8455 INFO GetFinacListValues Success
2020-10-27 13:11:58.0903 INFO Get Party Master List Success
2020-10-27 13:11:58.0903 INFO GetFinacListValues Success
2020-10-27 14:15:36.8603 INFO Get User Success :18-Harinagar Distillery
2020-10-27 14:15:42.3334 INFO Get User Success :18-Harinagar Distillery
2020-10-27 14:15:42.3710 INFO Get User Success :18-Harinagar Distillery
2020-10-27 14:15:47.7589 INFO Get User Success :18-Harinagar Distillery
2020-10-27 14:15:47.7879 INFO Get User Success :18-Harinagar Distillery
2020-10-27 14:15:51.4777 INFO Get User Success :18-Harinagar Distillery
2020-10-27 14:15:51.4777 INFO Get User Success :18-Harinagar Distillery
2020-10-27 14:15:58.2609 INFO Get User Success :18-Harinagar Distillery
2020-10-27 14:15:58.2839 INFO Get Indent List Success
2020-10-27 14:15:58.2839 INFO Get User Success :18-Harinagar Distillery
2020-10-27 14:16:01.9841 INFO Get User Success :18-Harinagar Distillery
2020-10-27 14:16:01.9841 INFO Get User Success :18-Harinagar Distillery
2020-10-27 14:16:10.9549 INFO Get User Success :18-Harinagar Distillery
2020-10-27 14:16:10.9788 INFO Get User Success :18-Harinagar Distillery
2020-10-27 14:16:13.1417 INFO Get User Success :18-Harinagar Distillery
2020-10-27 14:16:13.1417 INFO Get VAT Master List Success
2020-10-27 14:16:13.1546 INFO Get User Success :18-Harinagar Distillery
2020-10-27 14:17:30.3386 INFO Get User Success :18-Harinagar Distillery
2020-10-27 14:17:30.3386 INFO Get VAT Master List Success
2020-10-27 14:17:30.3443 INFO Get User Success :18-Harinagar Distillery
2020-10-27 14:18:04.5564 INFO Get User Success :18-Harinagar Distillery
2020-10-27 14:18:04.5564 INFO Get VAT Master List Success
2020-10-27 14:18:04.5615 INFO Get User Success :18-Harinagar Distillery
2020-10-27 14:18:12.6092 INFO Get User Success :18-Harinagar Distillery
2020-10-27 14:18:12.6092 INFO Get VAT Master List Success
2020-10-27 14:18:12.6092 INFO Get User Success :18-Harinagar Distillery
2020-10-27 14:26:52.6594 INFO Get User Success :18-Harinagar Distillery
2020-10-27 14:26:52.6594 INFO Get VAT Master List Success
2020-10-27 14:26:52.6594 INFO Get User Success :18-Harinagar Distillery
2020-10-27 14:27:19.0450 INFO Get User Success :18-Harinagar Distillery
2020-10-27 14:27:19.0450 INFO Get VAT Master List Success
2020-10-27 14:27:19.0450 INFO Get User Success :18-Harinagar Distillery
2020-10-27 14:27:34.5452 INFO Get User Success :18-Harinagar Distillery
2020-10-27 14:27:34.5452 INFO Get VAT Master List Success
2020-10-27 14:27:34.5452 INFO Get User Success :18-Harinagar Distillery
2020-10-27 14:28:15.6643 INFO Get User Success :18-Harinagar Distillery
2020-10-27 14:28:15.6643 INFO Get VAT Master List Success
2020-10-27 14:28:15.6703 INFO Get User Success :18-Harinagar Distillery
2020-10-27 14:28:47.9092 INFO Get User Success :18-Harinagar Distillery
2020-10-27 14:28:47.9092 INFO Get VAT Master List Success
2020-10-27 14:28:47.9092 INFO Get User Success :18-Harinagar Distillery
2020-10-27 14:32:27.8737 INFO Get User Success :18-Harinagar Distillery
2020-10-27 14:32:27.8737 INFO Get VAT Master List Success
2020-10-27 14:32:27.8737 INFO Get User Success :18-Harinagar Distillery
2020-10-27 14:32:39.9072 INFO Get User Success :18-Harinagar Distillery
2020-10-27 14:32:39.9072 INFO Get VAT Master List Success
2020-10-27 14:32:39.9072 INFO Get User Success :18-Harinagar Distillery
2020-10-27 14:32:59.6361 INFO Get User Success :18-Harinagar Distillery
2020-10-27 14:32:59.6390 INFO Get VAT Master List Success
2020-10-27 14:32:59.6390 INFO Get User Success :18-Harinagar Distillery
2020-10-27 14:36:45.6444 INFO Get User Success :18-Harinagar Distillery
2020-10-27 14:36:45.6444 INFO Get VAT Master List Success
2020-10-27 14:36:45.6444 INFO Get User Success :18-Harinagar Distillery
2020-10-27 14:42:10.8297 INFO Get User Success :18-Harinagar Distillery
2020-10-27 14:42:10.8297 INFO Get VAT Master List Success
2020-10-27 14:42:10.8297 INFO Get User Success :18-Harinagar Distillery
2020-10-27 14:42:13.9291 INFO Get User Success :18-Harinagar Distillery
2020-10-27 14:42:13.9291 INFO Get VAT Master List Success
2020-10-27 14:42:13.9291 INFO Get User Success :18-Harinagar Distillery
2020-10-27 14:42:40.5766 INFO Get User Success :18-Harinagar Distillery
2020-10-27 14:42:40.5766 INFO Get VAT Master List Success
2020-10-27 14:42:40.5766 INFO Get User Success :18-Harinagar Distillery
2020-10-27 14:43:00.3930 INFO Get User Success :18-Harinagar Distillery
2020-10-27 14:43:00.3930 INFO Get VAT Master List Success
2020-10-27 14:43:00.3930 INFO Get User Success :18-Harinagar Distillery
2020-10-27 14:43:04.4888 INFO Get User Success :18-Harinagar Distillery
2020-10-27 14:43:04.4888 INFO Get VAT Master List Success
2020-10-27 14:43:04.4888 INFO Get User Success :18-Harinagar Distillery
2020-10-27 14:45:22.2305 INFO Get User Success :18-Harinagar Distillery
2020-10-27 14:45:22.2335 INFO Get VAT Master List Success
2020-10-27 14:45:22.2335 INFO Get User Success :18-Harinagar Distillery
2020-10-27 14:45:26.1581 INFO Get User Success :18-Harinagar Distillery
2020-10-27 14:45:26.1581 INFO Get VAT Master List Success
2020-10-27 14:45:26.1581 INFO Get User Success :18-Harinagar Distillery
2020-10-27 14:45:55.2295 INFO Get User Success :18-Harinagar Distillery
2020-10-27 14:45:55.2295 INFO Get VAT Master List Success
2020-10-27 14:45:55.2354 INFO Get User Success :18-Harinagar Distillery
2020-10-27 14:48:33.0694 INFO Get User Success :18-Harinagar Distillery
2020-10-27 14:48:33.0694 INFO Get VAT Master List Success
2020-10-27 14:48:33.0694 INFO Get User Success :18-Harinagar Distillery
2020-10-27 14:49:07.4597 INFO Get User Success :18-Harinagar Distillery
2020-10-27 14:49:07.4597 INFO Get VAT Master List Success
2020-10-27 14:49:07.4597 INFO Get User Success :18-Harinagar Distillery
2020-10-27 14:50:05.8521 INFO Get User Success :18-Harinagar Distillery
2020-10-27 14:50:05.8521 INFO Get VAT Master List Success
2020-10-27 14:50:05.8575 INFO Get User Success :18-Harinagar Distillery
2020-10-27 14:50:10.1126 INFO Get User Success :18-Harinagar Distillery
2020-10-27 14:50:10.1126 INFO Get VAT Master List Success
2020-10-27 14:50:10.1126 INFO Get User Success :18-Harinagar Distillery
2020-10-27 14:50:49.8952 INFO Get User Success :18-Harinagar Distillery
2020-10-27 14:50:49.8952 INFO Get VAT Master List Success
2020-10-27 14:50:49.8952 INFO Get User Success :18-Harinagar Distillery
2020-10-27 14:51:25.1026 INFO Get User Success :18-Harinagar Distillery
2020-10-27 14:51:25.1026 INFO Get VAT Master List Success
2020-10-27 14:51:25.1096 INFO Get User Success :18-Harinagar Distillery
2020-10-27 14:52:12.0145 INFO Get User Success :18-Harinagar Distillery
2020-10-27 14:52:12.0145 INFO Get VAT Master List Success
2020-10-27 14:52:12.0145 INFO Get User Success :18-Harinagar Distillery
2020-10-27 14:53:03.3195 INFO Get User Success :18-Harinagar Distillery
2020-10-27 14:53:03.3195 INFO Get VAT Master List Success
2020-10-27 14:53:03.3195 INFO Get User Success :18-Harinagar Distillery
2020-10-27 14:54:20.1472 INFO Get User Success :18-Harinagar Distillery
2020-10-27 14:54:20.1472 INFO Get VAT Master List Success
2020-10-27 14:54:20.1472 INFO Get User Success :18-Harinagar Distillery
2020-10-27 14:58:32.1834 INFO Get User Success :18-Harinagar Distillery
2020-10-27 14:58:37.6312 INFO Get User Success :18-Harinagar Distillery
2020-10-27 14:58:37.6312 INFO Get Indent List Success
2020-10-27 14:58:37.6773 INFO Get User Success :18-Harinagar Distillery
2020-10-27 14:58:42.8706 INFO Get User Success :18-Harinagar Distillery
2020-10-27 14:58:42.8795 INFO Get User Success :18-Harinagar Distillery
2020-10-27 14:58:44.3149 INFO Get User Success :18-Harinagar Distillery
2020-10-27 14:58:44.3282 INFO Get User Success :18-Harinagar Distillery
2020-10-27 14:58:50.4316 INFO Get User Success :18-Harinagar Distillery
2020-10-27 14:58:50.4372 INFO Get VAT Master List Success
2020-10-27 14:58:50.4372 INFO Get User Success :18-Harinagar Distillery
2020-10-27 14:59:40.7369 INFO Get User Success :18-Harinagar Distillery
2020-10-27 14:59:40.7369 INFO Get VAT Master List Success
2020-10-27 14:59:40.7369 INFO Get User Success :18-Harinagar Distillery
2020-10-27 15:00:49.0478 INFO Get User Success :18-Harinagar Distillery
2020-10-27 15:00:49.0478 INFO Get VAT Master List Success
2020-10-27 15:00:49.0478 INFO Get User Success :18-Harinagar Distillery
2020-10-27 15:01:04.2635 INFO Get User Success :18-Harinagar Distillery
2020-10-27 15:01:04.2675 INFO Get VAT Master List Success
2020-10-27 15:01:04.2675 INFO Get User Success :18-Harinagar Distillery
2020-10-27 15:01:38.0348 INFO Get User Success :18-Harinagar Distillery
2020-10-27 15:01:38.0348 INFO Get VAT Master List Success
2020-10-27 15:01:38.0348 INFO Get User Success :18-Harinagar Distillery
2020-10-27 15:01:58.1519 INFO Get User Success :18-Harinagar Distillery
2020-10-27 15:01:58.1549 INFO Get VAT Master List Success
2020-10-27 15:01:58.1549 INFO Get User Success :18-Harinagar Distillery
2020-10-27 15:02:55.4905 INFO Get User Success :18-Harinagar Distillery
2020-10-27 15:02:55.4905 INFO Get VAT Master List Success
2020-10-27 15:02:55.4905 INFO Get User Success :18-Harinagar Distillery
2020-10-27 15:03:59.5302 INFO Get User Success :18-Harinagar Distillery
2020-10-27 15:03:59.5302 INFO Get VAT Master List Success
2020-10-27 15:03:59.5302 INFO Get User Success :18-Harinagar Distillery
2020-10-27 15:10:13.3189 INFO Get User Success :18-Harinagar Distillery
2020-10-27 15:10:13.3189 INFO Get VAT Master List Success
2020-10-27 15:10:13.3189 INFO Get User Success :18-Harinagar Distillery
2020-10-27 15:23:07.9452 INFO Get Party Type Master List Success
2020-10-27 15:23:12.4681 INFO Get Party Master List Success
2020-10-27 15:23:22.8142 INFO Get Party Type Master List Success
2020-10-27 15:24:10.0976 INFO Get Party Type Master List Success
2020-10-27 15:24:23.5204 INFO Get Party Type Master List Success
2020-10-27 15:25:10.1124 INFO GetFinacListValues Success
2020-10-27 15:25:10.1494 INFO Get Party Master List Success
2020-10-27 15:25:10.1494 INFO GetFinacListValues Success
2020-10-27 15:25:12.6706 INFO GetFinacListValues Success
2020-10-27 15:25:15.9657 INFO GetFinacListValues Success
2020-10-27 15:25:15.9899 INFO Get Party Master List Success
2020-10-27 15:25:15.9899 INFO GetFinacListValues Success
2020-10-27 15:25:53.4259 INFO Get Party Master List Success
2020-10-27 15:25:53.4259 INFO GetFinacListValues Success
2020-10-27 15:25:55.3230 INFO GetFinacListValues Success
2020-10-27 15:25:57.6625 INFO GetFinacListValues Success
2020-10-27 15:25:57.6864 INFO Get Party Master List Success
2020-10-27 15:25:57.6864 INFO GetFinacListValues Success
2020-10-27 15:26:00.8217 INFO GetFinacListValues Success
2020-10-27 15:26:02.9817 INFO GetFinacListValues Success
2020-10-27 15:26:03.0034 INFO Get Party Master List Success
2020-10-27 15:26:03.0034 INFO GetFinacListValues Success
2020-10-27 15:26:23.6911 INFO Get Party Master List Success
2020-10-27 15:26:23.6911 INFO GetFinacListValues Success
2020-10-27 15:26:25.1785 INFO Get Party Master List Success
2020-10-27 15:27:29.0324 INFO Get Party Type Master List Success
2020-10-27 15:27:41.5849 INFO Get Party Type Master List Success
2020-10-27 15:27:52.4178 INFO Get Party Type Master List Success
2020-10-27 15:28:17.1510 INFO Get Party Type Master List Success
2020-10-27 15:28:51.3846 INFO Get Party Type Master List Success
2020-10-27 15:30:47.9208 INFO GetFinacListValues Success
2020-10-27 15:30:47.9524 INFO Get Party Master List Success
2020-10-27 15:30:47.9524 INFO GetFinacListValues Success
2020-10-27 15:31:00.1226 INFO Get Party Master List Success
2020-10-27 15:42:20.7784 INFO Get Party Type Master List Success
2020-10-27 15:42:49.0744 INFO Get Party Master List Success
2020-10-27 15:42:52.1200 INFO Get Party Type Master List Success
2020-10-27 15:42:56.8003 INFO GetFinacListValues Success
2020-10-27 15:42:56.8391 INFO Get Party Master List Success
2020-10-27 15:42:56.8431 INFO GetFinacListValues Success
2020-10-27 15:43:10.3856 INFO Get Party Master List Success
2020-10-27 15:43:10.3856 INFO GetFinacListValues Success
2020-10-27 16:52:06.6532 INFO Get User Success :18-Harinagar Distillery
2020-10-27 16:52:13.5415 INFO Get User Success :18-Harinagar Distillery
2020-10-27 16:52:13.5836 INFO Get Indent List Success
2020-10-27 16:52:13.6358 INFO Get User Success :18-Harinagar Distillery
2020-10-27 16:52:15.7947 INFO Get User Success :18-Harinagar Distillery
2020-10-27 16:52:15.7982 INFO Get Indent List Success
2020-10-27 16:52:21.7809 INFO Get User Success :18-Harinagar Distillery
2020-10-27 16:52:21.8185 INFO Get Party Master List Success
2020-10-27 16:52:21.8185 INFO Get Product Master List Success
2020-10-27 16:52:21.8275 INFO Get User Success :18-Harinagar Distillery
2020-10-27 16:55:50.3450 INFO Get User Success :18-Harinagar Distillery
2020-10-27 16:55:50.3450 INFO Get Party Master List Success
2020-10-27 16:55:50.3450 INFO Get Product Master List Success
2020-10-27 16:55:50.3450 INFO Get User Success :18-Harinagar Distillery
2020-10-27 16:56:59.0552 INFO Get User Success :18-Harinagar Distillery
2020-10-27 16:56:59.0552 INFO Get Party Master List Success
2020-10-27 16:56:59.0552 INFO Get Product Master List Success
2020-10-27 16:56:59.0622 INFO Get User Success :18-Harinagar Distillery
2020-10-27 16:57:42.1737 INFO Get User Success :18-Harinagar Distillery
2020-10-27 16:57:42.1737 INFO Get Party Master List Success
2020-10-27 16:57:42.1737 INFO Get Product Master List Success
2020-10-27 16:57:42.1737 INFO Get User Success :18-Harinagar Distillery
2020-10-27 17:05:13.9274 INFO Get User Success :18-Harinagar Distillery
2020-10-27 17:05:13.9274 INFO Get Party Master List Success
2020-10-27 17:05:13.9274 INFO Get Product Master List Success
2020-10-27 17:05:13.9368 INFO Get User Success :18-Harinagar Distillery
2020-10-27 17:08:04.2203 INFO Get User Success :18-Harinagar Distillery
2020-10-27 17:08:04.2203 INFO Get Party Master List Success
2020-10-27 17:08:04.2203 INFO Get Product Master List Success
2020-10-27 17:08:04.2203 INFO Get User Success :18-Harinagar Distillery
2020-10-27 17:08:41.0107 INFO Get User Success :18-Harinagar Distillery
2020-10-27 17:08:41.0107 INFO Get Party Master List Success
2020-10-27 17:08:41.0154 INFO Get Product Master List Success
2020-10-27 17:08:41.0154 INFO Get User Success :18-Harinagar Distillery
2020-10-27 17:09:07.5561 INFO Get User Success :18-Harinagar Distillery
2020-10-27 17:09:07.5561 INFO Get Party Master List Success
2020-10-27 17:09:07.5608 INFO Get Product Master List Success
2020-10-27 17:09:07.5608 INFO Get User Success :18-Harinagar Distillery
2020-10-27 17:10:07.8665 INFO Get User Success :18-Harinagar Distillery
2020-10-27 17:10:07.8665 INFO Get Party Master List Success
2020-10-27 17:10:07.8665 INFO Get Product Master List Success
2020-10-27 17:10:07.8744 INFO Get User Success :18-Harinagar Distillery
2020-10-27 17:10:25.0583 INFO Get User Success :18-Harinagar Distillery
2020-10-27 17:10:25.0611 INFO Get Party Master List Success
2020-10-27 17:10:25.0611 INFO Get Product Master List Success
2020-10-27 17:10:25.0611 INFO Get User Success :18-Harinagar Distillery
2020-10-27 17:10:34.2663 INFO Get User Success :18-Harinagar Distillery
2020-10-27 17:10:34.2663 INFO Get Party Master List Success
2020-10-27 17:10:34.2663 INFO Get Product Master List Success
2020-10-27 17:10:34.2663 INFO Get User Success :18-Harinagar Distillery
2020-10-27 17:10:49.7424 INFO Get User Success :18-Harinagar Distillery
2020-10-27 17:10:49.7424 INFO Get Party Master List Success
2020-10-27 17:10:49.7424 INFO Get Product Master List Success
2020-10-27 17:10:49.7493 INFO Get User Success :18-Harinagar Distillery
2020-10-27 17:11:04.2305 INFO Get User Success :18-Harinagar Distillery
2020-10-27 17:11:04.2335 INFO Get Party Master List Success
2020-10-27 17:11:04.2335 INFO Get Product Master List Success
2020-10-27 17:11:04.2335 INFO Get User Success :18-Harinagar Distillery
2020-10-27 17:11:28.4263 INFO Get User Success :18-Harinagar Distillery
2020-10-27 17:11:28.4263 INFO Get Party Master List Success
2020-10-27 17:11:28.4263 INFO Get Product Master List Success
2020-10-27 17:11:28.4263 INFO Get User Success :18-Harinagar Distillery
2020-10-27 17:11:54.6188 INFO Get User Success :18-Harinagar Distillery
2020-10-27 17:11:54.6188 INFO Get Party Master List Success
2020-10-27 17:11:54.6188 INFO Get Product Master List Success
2020-10-27 17:11:54.6258 INFO Get User Success :18-Harinagar Distillery
2020-10-27 17:14:18.7721 INFO Get User Success :18-Harinagar Distillery
2020-10-27 17:14:18.7801 INFO Get Party Master List Success
2020-10-27 17:14:18.7801 INFO Get Product Master List Success
2020-10-27 17:14:18.7801 INFO Get User Success :18-Harinagar Distillery
2020-10-27 17:19:03.4445 INFO Get User Success :18-Harinagar Distillery
2020-10-27 17:19:11.7567 INFO Get User Success :18-Harinagar Distillery
2020-10-27 17:19:11.7567 INFO Get Indent List Success
2020-10-27 17:19:11.7977 INFO Get User Success :18-Harinagar Distillery
2020-10-27 17:19:13.6913 INFO Get User Success :18-Harinagar Distillery
2020-10-27 17:19:13.6913 INFO Get Indent List Success
2020-10-27 17:19:13.7793 INFO Get User Success :18-Harinagar Distillery
2020-10-27 17:19:13.7881 INFO Get Party Master List Success
2020-10-27 17:19:13.7881 INFO Get Product Master List Success
2020-10-27 17:19:13.7974 INFO Get User Success :18-Harinagar Distillery
2020-10-27 17:21:57.5560 INFO Get User Success :18-Harinagar Distillery
2020-10-27 17:21:57.5560 INFO Get Party Master List Success
2020-10-27 17:21:57.5560 INFO Get Product Master List Success
2020-10-27 17:21:57.5620 INFO Get User Success :18-Harinagar Distillery
2020-10-27 17:22:28.5101 INFO Get User Success :18-Harinagar Distillery
2020-10-27 17:22:28.5101 INFO Get Party Master List Success
2020-10-27 17:22:28.5151 INFO Get Product Master List Success
2020-10-27 17:22:28.5151 INFO Get User Success :18-Harinagar Distillery
2020-10-27 17:23:03.7296 INFO Get User Success :18-Harinagar Distillery
2020-10-27 17:23:03.7326 INFO Get Party Master List Success
2020-10-27 17:23:03.7326 INFO Get Product Master List Success
2020-10-27 17:23:03.7326 INFO Get User Success :18-Harinagar Distillery
2020-10-27 17:23:43.2969 INFO Get User Success :18-Harinagar Distillery
2020-10-27 17:23:43.2969 INFO Get Party Master List Success
2020-10-27 17:23:43.2969 INFO Get Product Master List Success
2020-10-27 17:23:43.2969 INFO Get User Success :18-Harinagar Distillery
2020-10-27 17:24:53.7861 INFO Get User Success :18-Harinagar Distillery
2020-10-27 17:24:53.7861 INFO Get Party Master List Success
2020-10-27 17:24:53.7861 INFO Get Product Master List Success
2020-10-27 17:24:53.7861 INFO Get User Success :18-Harinagar Distillery
2020-10-27 17:25:28.3097 INFO Get User Success :18-Harinagar Distillery
2020-10-27 17:25:28.3121 INFO Get Party Master List Success
2020-10-27 17:25:28.3121 INFO Get Product Master List Success
2020-10-27 17:25:28.3121 INFO Get User Success :18-Harinagar Distillery
2020-10-27 17:25:50.5599 INFO Get User Success :18-Harinagar Distillery
2020-10-27 17:25:50.5619 INFO Get Party Master List Success
2020-10-27 17:25:50.5619 INFO Get Product Master List Success
2020-10-27 17:25:50.5619 INFO Get User Success :18-Harinagar Distillery
2020-10-27 17:26:30.4508 INFO Get User Success :18-Harinagar Distillery
2020-10-27 17:26:30.4538 INFO Get Party Master List Success
2020-10-27 17:26:30.4538 INFO Get Product Master List Success
2020-10-27 17:26:30.4538 INFO Get User Success :18-Harinagar Distillery
2020-10-27 17:26:54.5486 INFO Get User Success :18-Harinagar Distillery
2020-10-27 17:26:54.5486 INFO Get Party Master List Success
2020-10-27 17:26:54.5486 INFO Get Product Master List Success
2020-10-27 17:26:54.5486 INFO Get User Success :18-Harinagar Distillery
2020-10-27 17:27:55.6013 INFO Get User Success :18-Harinagar Distillery
2020-10-27 17:27:55.6013 INFO Get Party Master List Success
2020-10-27 17:27:55.6013 INFO Get Product Master List Success
2020-10-27 17:27:55.6084 INFO Get User Success :18-Harinagar Distillery
2020-10-27 17:28:13.4890 INFO Get User Success :18-Harinagar Distillery
2020-10-27 17:28:13.4890 INFO Get Party Master List Success
2020-10-27 17:28:13.4890 INFO Get Product Master List Success
2020-10-27 17:28:13.4890 INFO Get User Success :18-Harinagar Distillery
2020-10-27 17:29:52.2173 INFO Get User Success :18-Harinagar Distillery
2020-10-27 17:29:52.2173 INFO Get Party Master List Success
2020-10-27 17:29:52.2173 INFO Get Product Master List Success
2020-10-27 17:29:52.2173 INFO Get User Success :18-Harinagar Distillery
2020-10-27 17:30:03.4749 INFO Get User Success :18-Harinagar Distillery
2020-10-27 17:30:03.4749 INFO Get Party Master List Success
2020-10-27 17:30:03.4749 INFO Get Product Master List Success
2020-10-27 17:30:03.4827 INFO Get User Success :18-Harinagar Distillery
2020-10-27 17:30:26.5807 INFO Get User Success :18-Harinagar Distillery
2020-10-27 17:30:26.5807 INFO Get Party Master List Success
2020-10-27 17:30:26.5807 INFO Get Product Master List Success
2020-10-27 17:30:26.5946 INFO Get User Success :18-Harinagar Distillery
2020-10-27 17:34:31.3494 INFO Get User Success :18-Harinagar Distillery
2020-10-27 17:34:31.3494 INFO Get Party Master List Success
2020-10-27 17:34:31.3494 INFO Get Product Master List Success
2020-10-27 17:34:31.3494 INFO Get User Success :18-Harinagar Distillery
2020-10-27 17:50:16.2660 INFO Get User Success :18-Harinagar Distillery
2020-10-27 17:50:16.2660 INFO Get Party Master List Success
2020-10-27 17:50:16.2660 INFO Get Product Master List Success
2020-10-27 17:50:16.2660 INFO Get User Success :18-Harinagar Distillery
2020-10-27 17:53:39.8736 INFO Get User Success :18-Harinagar Distillery
2020-10-27 17:53:41.8736 INFO Get User Success :18-Harinagar Distillery
2020-10-27 17:53:41.8736 INFO Get Indent List Success
2020-10-27 17:53:41.9215 INFO Get User Success :18-Harinagar Distillery
2020-10-27 17:53:43.5158 INFO Get User Success :18-Harinagar Distillery
2020-10-27 17:53:43.5158 INFO Get Indent List Success
2020-10-27 17:53:43.5985 INFO Get User Success :18-Harinagar Distillery
2020-10-27 17:53:43.6089 INFO Get Party Master List Success
2020-10-27 17:53:43.6089 INFO Get Product Master List Success
2020-10-27 17:53:43.6089 INFO Get User Success :18-Harinagar Distillery
2020-10-27 17:54:21.7670 INFO Get User Success :18-Harinagar Distillery
2020-10-27 17:54:21.7670 INFO Get Party Master List Success
2020-10-27 17:54:21.7670 INFO Get Product Master List Success
2020-10-27 17:54:21.7670 INFO Get User Success :18-Harinagar Distillery
2020-10-27 17:55:51.9727 INFO Get User Success :18-Harinagar Distillery
2020-10-27 17:55:51.9727 INFO Get Party Master List Success
2020-10-27 17:55:51.9727 INFO Get Product Master List Success
2020-10-27 17:55:51.9727 INFO Get User Success :18-Harinagar Distillery
2020-10-27 17:56:31.4209 INFO Get User Success :18-Harinagar Distillery
2020-10-27 17:56:31.4209 INFO Get Party Master List Success
2020-10-27 17:56:31.4209 INFO Get Product Master List Success
2020-10-27 17:56:31.4209 INFO Get User Success :18-Harinagar Distillery
2020-10-27 17:56:57.8463 INFO Get User Success :18-Harinagar Distillery
2020-10-27 17:56:57.8463 INFO Get Party Master List Success
2020-10-27 17:56:57.8463 INFO Get Product Master List Success
2020-10-27 17:56:57.8463 INFO Get User Success :18-Harinagar Distillery
2020-10-27 17:57:45.5457 INFO Get User Success :18-Harinagar Distillery
2020-10-27 17:57:45.5457 INFO Get Party Master List Success
2020-10-27 17:57:45.5457 INFO Get Product Master List Success
2020-10-27 17:57:45.5457 INFO Get User Success :18-Harinagar Distillery
2020-10-27 17:58:12.9705 INFO Get User Success :18-Harinagar Distillery
2020-10-27 17:58:12.9705 INFO Get Party Master List Success
2020-10-27 17:58:12.9705 INFO Get Product Master List Success
2020-10-27 17:58:12.9705 INFO Get User Success :18-Harinagar Distillery
2020-10-27 17:58:40.4912 INFO Get User Success :18-Harinagar Distillery
2020-10-27 17:58:40.4912 INFO Get Party Master List Success
2020-10-27 17:58:40.4912 INFO Get Product Master List Success
2020-10-27 17:58:40.4912 INFO Get User Success :18-Harinagar Distillery
2020-10-27 17:58:44.2355 INFO Get User Success :18-Harinagar Distillery
2020-10-27 17:58:44.2355 INFO Get Party Master List Success
2020-10-27 17:58:44.2355 INFO Get Product Master List Success
2020-10-27 17:58:44.2355 INFO Get User Success :18-Harinagar Distillery
2020-10-27 17:58:44.4582 INFO Get User Success :18-Harinagar Distillery
2020-10-27 17:58:44.4582 INFO Get Party Master List Success
2020-10-27 17:58:44.4582 INFO Get Product Master List Success
2020-10-27 17:58:44.4582 INFO Get User Success :18-Harinagar Distillery
2020-10-27 17:58:44.9529 INFO Get User Success :18-Harinagar Distillery
2020-10-27 17:58:44.9529 INFO Get Party Master List Success
2020-10-27 17:58:44.9529 INFO Get Product Master List Success
2020-10-27 17:58:44.9529 INFO Get User Success :18-Harinagar Distillery
2020-10-27 17:58:45.2979 INFO Get User Success :18-Harinagar Distillery
2020-10-27 17:58:45.2979 INFO Get Party Master List Success
2020-10-27 17:58:45.2979 INFO Get Product Master List Success
2020-10-27 17:58:45.2979 INFO Get User Success :18-Harinagar Distillery
2020-10-27 17:58:45.6400 INFO Get User Success :18-Harinagar Distillery
2020-10-27 17:58:45.6400 INFO Get Party Master List Success
2020-10-27 17:58:45.6400 INFO Get Product Master List Success
2020-10-27 17:58:45.6400 INFO Get User Success :18-Harinagar Distillery
2020-10-27 17:59:08.9255 INFO Get User Success :18-Harinagar Distillery
2020-10-27 17:59:08.9255 INFO Get Party Master List Success
2020-10-27 17:59:08.9255 INFO Get Product Master List Success
2020-10-27 17:59:08.9255 INFO Get User Success :18-Harinagar Distillery
2020-10-27 17:59:10.0242 INFO Get User Success :18-Harinagar Distillery
2020-10-27 17:59:10.0242 INFO Get Party Master List Success
2020-10-27 17:59:10.0242 INFO Get Product Master List Success
2020-10-27 17:59:10.0304 INFO Get User Success :18-Harinagar Distillery
2020-10-27 17:59:10.2457 INFO Get User Success :18-Harinagar Distillery
2020-10-27 17:59:10.2497 INFO Get Party Master List Success
2020-10-27 17:59:10.2497 INFO Get Product Master List Success
2020-10-27 17:59:10.2497 INFO Get User Success :18-Harinagar Distillery
2020-10-27 17:59:10.4352 INFO Get User Success :18-Harinagar Distillery
2020-10-27 17:59:10.4372 INFO Get Party Master List Success
2020-10-27 17:59:10.4372 INFO Get Product Master List Success
2020-10-27 17:59:10.4372 INFO Get User Success :18-Harinagar Distillery
2020-10-27 17:59:10.7952 INFO Get User Success :18-Harinagar Distillery
2020-10-27 17:59:10.7952 INFO Get Party Master List Success
2020-10-27 17:59:10.7952 INFO Get Product Master List Success
2020-10-27 17:59:10.7952 INFO Get User Success :18-Harinagar Distillery
2020-10-27 17:59:11.1463 INFO Get User Success :18-Harinagar Distillery
2020-10-27 17:59:11.1463 INFO Get Party Master List Success
2020-10-27 17:59:11.1463 INFO Get Product Master List Success
2020-10-27 17:59:11.1463 INFO Get User Success :18-Harinagar Distillery
2020-10-27 17:59:11.3477 INFO Get User Success :18-Harinagar Distillery
2020-10-27 17:59:11.3617 INFO Get Party Master List Success
2020-10-27 17:59:11.3617 INFO Get Product Master List Success
2020-10-27 17:59:11.3617 INFO Get User Success :18-Harinagar Distillery
2020-10-27 18:00:12.4553 INFO Get User Success :18-Harinagar Distillery
2020-10-27 18:00:12.4553 INFO Get Party Master List Success
2020-10-27 18:00:12.4553 INFO Get Product Master List Success
2020-10-27 18:00:12.4553 INFO Get User Success :18-Harinagar Distillery
2020-10-27 18:00:39.5995 INFO Get User Success :18-Harinagar Distillery
2020-10-27 18:00:39.5995 INFO Get Party Master List Success
2020-10-27 18:00:39.5995 INFO Get Product Master List Success
2020-10-27 18:00:39.5995 INFO Get User Success :18-Harinagar Distillery
2020-10-27 18:01:01.8018 INFO Get User Success :18-Harinagar Distillery
2020-10-27 18:01:01.8018 INFO Get Party Master List Success
2020-10-27 18:01:01.8018 INFO Get Product Master List Success
2020-10-27 18:01:01.8018 INFO Get User Success :18-Harinagar Distillery
2020-10-27 18:01:47.6782 INFO Get User Success :18-Harinagar Distillery
2020-10-27 18:01:47.6782 INFO Get Party Master List Success
2020-10-27 18:01:47.6782 INFO Get Product Master List Success
2020-10-27 18:01:47.6860 INFO Get User Success :18-Harinagar Distillery
2020-10-27 18:02:17.9764 INFO Get User Success :18-Harinagar Distillery
2020-10-27 18:02:17.9764 INFO Get Party Master List Success
2020-10-27 18:02:17.9764 INFO Get Product Master List Success
2020-10-27 18:02:17.9764 INFO Get User Success :18-Harinagar Distillery
2020-10-27 18:02:27.0972 INFO Get User Success :18-Harinagar Distillery
2020-10-27 18:02:27.0972 INFO Get Party Master List Success
2020-10-27 18:02:27.0972 INFO Get Product Master List Success
2020-10-27 18:02:27.0972 INFO Get User Success :18-Harinagar Distillery
2020-10-27 18:04:57.5456 INFO Get User Success :18-Harinagar Distillery
2020-10-27 18:04:57.5456 INFO Get Party Master List Success
2020-10-27 18:04:57.5456 INFO Get Product Master List Success
2020-10-27 18:04:57.5456 INFO Get User Success :18-Harinagar Distillery
2020-10-27 18:05:13.4264 INFO Get User Success :18-Harinagar Distillery
2020-10-27 18:05:13.4264 INFO Get Party Master List Success
2020-10-27 18:05:13.4264 INFO Get Product Master List Success
2020-10-27 18:05:13.4264 INFO Get User Success :18-Harinagar Distillery
2020-10-27 18:05:23.2777 INFO Get User Success :18-Harinagar Distillery
2020-10-27 18:05:23.2802 INFO Get Party Master List Success
2020-10-27 18:05:23.2802 INFO Get Product Master List Success
2020-10-27 18:05:23.2802 INFO Get User Success :18-Harinagar Distillery
2020-10-27 18:05:41.4132 INFO Get User Success :18-Harinagar Distillery
2020-10-27 18:05:41.4132 INFO Get Party Master List Success
2020-10-27 18:05:41.4132 INFO Get Product Master List Success
2020-10-27 18:05:41.4132 INFO Get User Success :18-Harinagar Distillery
2020-10-27 18:06:20.5496 INFO Get User Success :18-Harinagar Distillery
2020-10-27 18:06:20.5496 INFO Get Party Master List Success
2020-10-27 18:06:20.5496 INFO Get Product Master List Success
2020-10-27 18:06:20.5496 INFO Get User Success :18-Harinagar Distillery
2020-10-27 18:06:40.6456 INFO Get User Success :18-Harinagar Distillery
2020-10-27 18:06:40.6456 INFO Get Party Master List Success
2020-10-27 18:06:40.6456 INFO Get Product Master List Success
2020-10-27 18:06:40.6456 INFO Get User Success :18-Harinagar Distillery
2020-10-27 18:08:41.7663 INFO Insert Indent Success :21-10-2020-D01
2020-10-27 18:08:41.7853 INFO Get User Success :18-Harinagar Distillery
2020-10-27 18:08:41.7853 INFO Get Indent List Success
2020-10-27 18:08:41.7853 INFO Get User Success :18-Harinagar Distillery
2020-10-27 18:08:45.2018 INFO Get User Success :18-Harinagar Distillery
2020-10-27 18:08:45.2018 INFO Get Indent List Success
2020-10-27 18:08:45.2367 INFO Get User Success :18-Harinagar Distillery
2020-10-27 18:08:45.2367 INFO Get Party Master List Success
2020-10-27 18:08:45.2367 INFO Get Product Master List Success
2020-10-27 18:08:45.2517 INFO Get Indent Details Success
2020-10-27 18:08:45.2517 INFO Get User Success :18-Harinagar Distillery
