2020-09-17 10:14:25.4415 INFO Get Users List Success
2020-09-17 10:14:27.0584 INFO Get Users List Success
2020-09-17 10:14:27.1538 INFO Org Get List Success
2020-09-17 10:14:27.1538 INFO Get Role Level List Success
2020-09-17 10:14:27.1606 INFO Get access_type List Success
2020-09-17 10:14:27.1924 INFO Get view_Role_master List Success :Input string was not in a correct format.
2020-09-17 10:14:27.1924 INFO Get State List Success
2020-09-17 10:14:27.1924 INFO Get Dept List Success
2020-09-17 10:14:27.1924 INFO Get Users List Success
2020-09-17 10:14:57.1067 INFO Get Existing data Fail :user_registration
2020-09-17 10:15:57.4337 INFO Org Get List Success
2020-09-17 10:15:57.4337 INFO Get Role Level List Success
2020-09-17 10:15:57.4337 INFO Get access_type List Success
2020-09-17 10:15:57.4558 INFO Get view_Role_master List Success :Input string was not in a correct format.
2020-09-17 10:15:57.4578 INFO Get State List Success
2020-09-17 10:15:57.4578 INFO Get Dept List Success
2020-09-17 10:15:57.4578 INFO Get Users List Success
2020-09-17 10:16:14.6739 INFO Org Get List Success
2020-09-17 10:16:14.6759 INFO Get Role Level List Success
2020-09-17 10:16:14.6759 INFO Get access_type List Success
2020-09-17 10:16:14.6951 INFO Get view_Role_master List Success :Input string was not in a correct format.
2020-09-17 10:16:14.6951 INFO Get State List Success
2020-09-17 10:16:14.6951 INFO Get Dept List Success
2020-09-17 10:16:14.6951 INFO Get Users List Success
2020-09-17 10:16:37.7424 INFO Get Existing data Fail :user_registration
2020-09-17 10:18:44.8540 INFO Org Get List Success
2020-09-17 10:18:44.8540 INFO Get Role Level List Success
2020-09-17 10:18:44.8540 INFO Get access_type List Success
2020-09-17 10:18:44.8782 INFO Get view_Role_master List Success :Input string was not in a correct format.
2020-09-17 10:18:44.8782 INFO Get State List Success
2020-09-17 10:18:44.8782 INFO Get Dept List Success
2020-09-17 10:18:44.8782 INFO Get Users List Success
2020-09-17 10:19:00.4591 INFO Get Existing data Fail :user_registration
2020-09-17 10:19:27.4680 INFO Get Existing data Fail :user_registration
2020-09-17 10:32:55.7793 INFO Get Users List Success
2020-09-17 10:32:58.4657 INFO Get Users List Success
2020-09-17 10:32:58.5601 INFO Org Get List Success
2020-09-17 10:32:58.5601 INFO Get Role Level List Success
2020-09-17 10:32:58.5666 INFO Get access_type List Success
2020-09-17 10:32:58.5967 INFO Get view_Role_master List Success :Input string was not in a correct format.
2020-09-17 10:32:58.5967 INFO Get State List Success
2020-09-17 10:32:58.5967 INFO Get Dept List Success
2020-09-17 10:32:58.5967 INFO Get Users List Success
2020-09-17 10:33:22.0909 INFO Get Existing data Fail :user_registration
2020-09-17 10:34:43.9478 INFO Org Get List Success
2020-09-17 10:34:43.9478 INFO Get Role Level List Success
2020-09-17 10:34:43.9478 INFO Get access_type List Success
2020-09-17 10:34:43.9694 INFO Get view_Role_master List Success :Input string was not in a correct format.
2020-09-17 10:34:43.9694 INFO Get State List Success
2020-09-17 10:34:43.9724 INFO Get Dept List Success
2020-09-17 10:34:43.9724 INFO Get Users List Success
2020-09-17 10:35:49.6370 INFO Org Get List Success
2020-09-17 10:35:49.6370 INFO Get Role Level List Success
2020-09-17 10:35:49.6370 INFO Get access_type List Success
2020-09-17 10:35:49.6589 INFO Get view_Role_master List Success :Input string was not in a correct format.
2020-09-17 10:35:49.6609 INFO Get State List Success
2020-09-17 10:35:49.6609 INFO Get Dept List Success
2020-09-17 10:35:49.6609 INFO Get Users List Success
2020-09-17 10:37:28.6142 INFO Org Get List Success
2020-09-17 10:37:28.6142 INFO Get Role Level List Success
2020-09-17 10:37:28.6142 INFO Get access_type List Success
2020-09-17 10:37:28.6347 INFO Get view_Role_master List Success :Input string was not in a correct format.
2020-09-17 10:37:28.6347 INFO Get State List Success
2020-09-17 10:37:28.6347 INFO Get Dept List Success
2020-09-17 10:37:28.6347 INFO Get Users List Success
2020-09-17 10:38:14.7197 INFO Org Get List Success
2020-09-17 10:38:14.7221 INFO Get Role Level List Success
2020-09-17 10:38:14.7221 INFO Get access_type List Success
2020-09-17 10:38:14.7394 INFO Get view_Role_master List Success :Input string was not in a correct format.
2020-09-17 10:38:14.7394 INFO Get State List Success
2020-09-17 10:38:14.7394 INFO Get Dept List Success
2020-09-17 10:38:14.7394 INFO Get Users List Success
2020-09-17 10:39:49.2297 INFO Org Get List Success
2020-09-17 10:39:49.2297 INFO Get Role Level List Success
2020-09-17 10:39:49.2297 INFO Get access_type List Success
2020-09-17 10:39:49.2481 INFO Get view_Role_master List Success :Input string was not in a correct format.
2020-09-17 10:39:49.2481 INFO Get State List Success
2020-09-17 10:39:49.2481 INFO Get Dept List Success
2020-09-17 10:39:49.2481 INFO Get Users List Success
2020-09-17 10:40:52.9648 INFO Org Get List Success
2020-09-17 10:40:52.9648 INFO Get Role Level List Success
2020-09-17 10:40:52.9648 INFO Get access_type List Success
2020-09-17 10:40:52.9864 INFO Get view_Role_master List Success :Input string was not in a correct format.
2020-09-17 10:40:52.9881 INFO Get State List Success
2020-09-17 10:40:52.9881 INFO Get Dept List Success
2020-09-17 10:40:52.9881 INFO Get Users List Success
2020-09-17 10:43:55.6908 INFO Get WorkFlow List Success
2020-09-17 10:43:57.5480 INFO Get SubModule In WorkFlow Success
2020-09-17 10:43:57.5501 INFO Get District In WorkFlow Success
2020-09-17 10:43:57.5501 INFO Get WorkFlow  Success
2020-09-17 10:43:57.5501 INFO Get TabName In WorkFlow Success
2020-09-17 10:43:57.5501 INFO Get RoleNames In WorkFlow Success
2020-09-17 10:43:57.5501 INFO Get Users List Success
2020-09-17 10:43:57.5685 INFO Get Users List Success
2020-09-17 10:44:00.2410 INFO Get WorkFlow List Success
2020-09-17 10:44:01.1803 INFO Get SubModule In WorkFlow Success
2020-09-17 10:44:01.1803 INFO Get District In WorkFlow Success
2020-09-17 10:44:01.1803 INFO Get WorkFlow  Success
2020-09-17 10:44:01.1803 INFO Get TabName In WorkFlow Success
2020-09-17 10:44:01.1803 INFO Get RoleNames In WorkFlow Success
2020-09-17 10:44:01.1803 INFO Get Users List Success
2020-09-17 10:44:05.6541 INFO Get WorkFlow List Success
2020-09-17 10:49:08.6791 INFO Get Users List Success
2020-09-17 10:49:11.1727 INFO Get Users List Success
2020-09-17 10:49:11.2645 INFO Org Get List Success
2020-09-17 10:49:11.2645 INFO Get Role Level List Success
2020-09-17 10:49:11.2715 INFO Get access_type List Success
2020-09-17 10:49:11.3013 INFO Get view_Role_master List Success :Input string was not in a correct format.
2020-09-17 10:49:11.3013 INFO Get State List Success
2020-09-17 10:49:11.3013 INFO Get Dept List Success
2020-09-17 10:49:11.3013 INFO Get Users List Success
2020-09-17 10:49:11.3197 INFO Get User Success :9-User12
2020-09-17 10:49:11.3197 INFO Get Division List Success
2020-09-17 10:49:13.2884 INFO Get Users List Success
2020-09-17 10:49:14.2065 INFO Get Users List Success
2020-09-17 10:49:14.2266 INFO Org Get List Success
2020-09-17 10:49:14.2266 INFO Get Role Level List Success
2020-09-17 10:49:14.2266 INFO Get access_type List Success
2020-09-17 10:49:14.2456 INFO Get view_Role_master List Success :Input string was not in a correct format.
2020-09-17 10:49:14.2456 INFO Get State List Success
2020-09-17 10:49:14.2456 INFO Get Dept List Success
2020-09-17 10:49:14.2456 INFO Get Users List Success
2020-09-17 10:49:14.2456 INFO Get User Success :6-Administrator
2020-09-17 10:49:14.2541 INFO Get Division List Success
2020-09-17 10:49:29.4780 INFO Org Get List Success
2020-09-17 10:49:29.4780 INFO Get Role Level List Success
2020-09-17 10:49:29.4780 INFO Get access_type List Success
2020-09-17 10:49:29.4989 INFO Get view_Role_master List Success :Input string was not in a correct format.
2020-09-17 10:49:29.4989 INFO Get State List Success
2020-09-17 10:49:29.4989 INFO Get Dept List Success
2020-09-17 10:49:29.5046 INFO Get Users List Success
2020-09-17 10:49:53.0801 INFO Get User Success :6-Administrator
2020-09-17 10:49:53.0811 INFO Get Division List Success
2020-09-17 10:50:09.4337 INFO Org Get List Success
2020-09-17 10:50:09.4337 INFO Get Role Level List Success
2020-09-17 10:50:09.4337 INFO Get access_type List Success
2020-09-17 10:50:09.4580 INFO Get view_Role_master List Success :Input string was not in a correct format.
2020-09-17 10:50:09.4580 INFO Get State List Success
2020-09-17 10:50:09.4580 INFO Get Dept List Success
2020-09-17 10:50:09.4580 INFO Get Users List Success
2020-09-17 10:50:09.4580 INFO Get User Success :6-Administrator
2020-09-17 10:50:09.4580 INFO Get Division List Success
2020-09-17 10:50:13.7183 INFO Org Get List Success
2020-09-17 10:50:13.7183 INFO Get Role Level List Success
2020-09-17 10:50:13.7220 INFO Get access_type List Success
2020-09-17 10:50:13.7386 INFO Get view_Role_master List Success :Input string was not in a correct format.
2020-09-17 10:50:13.7386 INFO Get State List Success
2020-09-17 10:50:13.7386 INFO Get Dept List Success
2020-09-17 10:50:13.7386 INFO Get Users List Success
2020-09-17 10:50:13.7386 INFO Get User Success :6-Administrator
2020-09-17 10:50:13.7386 INFO Get Division List Success
2020-09-17 10:50:26.6446 INFO Get Users List Success
2020-09-17 10:51:00.8386 INFO Org Get List Success
2020-09-17 10:51:02.8263 INFO Get State List Success
2020-09-17 10:51:04.0218 INFO Get Division List Success
2020-09-17 10:51:26.0405 INFO Get State List Success
2020-09-17 10:51:41.2513 INFO Get Division List Success
2020-09-17 10:52:08.0619 INFO Get State List Success
2020-09-17 11:04:45.4262 INFO Get WorkFlow List Success
2020-09-17 11:04:48.9697 INFO Get SubModule In WorkFlow Success
2020-09-17 11:04:48.9727 INFO Get District In WorkFlow Success
2020-09-17 11:04:48.9727 INFO Get WorkFlow  Success
2020-09-17 11:04:48.9727 INFO Get TabName In WorkFlow Success
2020-09-17 11:04:48.9727 INFO Get RoleNames In WorkFlow Success
2020-09-17 11:04:48.9727 INFO Get Users List Success
2020-09-17 11:04:48.9951 INFO Get Users List Success
2020-09-17 11:04:52.1826 INFO Get Users List Success
2020-09-17 11:05:12.3226 INFO Get Users List Success
2020-09-17 11:05:43.2612 INFO Get Users List Success
2020-09-17 11:46:56.8944 INFO Sugarcanepurchase Get List Success
2020-09-17 11:46:59.5403 INFO Get Party Master List Success
2020-09-17 11:47:02.3239 INFO Sugarcanepurchase Get List Success
2020-09-17 11:51:21.9881 INFO Sugarcanepurchase Get List Success
2020-09-17 11:51:26.2381 INFO Get Party Master List Success
2020-09-17 11:51:39.1600 INFO Get Party Master List Success
2020-09-17 11:53:47.2092 INFO Sugarcanepurchase Get List Success
2020-09-17 11:54:22.8396 INFO Get Party Master List Success
2020-09-17 11:55:05.6828 INFO Get Party Master List Success
2020-09-17 11:56:34.9653 INFO Sugarcanepurchase Get List Success
2020-09-17 11:56:36.6231 INFO Get Party Master List Success
2020-09-17 11:57:16.6765 INFO Get Party Master List Success
2020-09-17 11:58:07.6936 INFO Get Party Master List Success
2020-09-17 11:58:20.3747 INFO Sugarcanepurchase Get List Success
2020-09-17 11:58:21.8416 INFO Get Party Master List Success
2020-09-17 11:58:44.6293 INFO Get Party Master List Success
2020-09-17 12:01:34.6515 INFO Sugarcanepurchase Get List Success
2020-09-17 12:01:38.9903 INFO Get Party Master List Success
2020-09-17 12:02:08.4817 INFO Get Party Master List Success
2020-09-17 12:02:28.6536 INFO Get Party Master List Success
2020-09-17 12:03:03.2202 INFO Get Party Master List Success
2020-09-17 12:03:26.3353 INFO Get Party Master List Success
2020-09-17 12:03:28.0005 INFO Get Party Master List Success
2020-09-17 12:03:28.1710 INFO Get Party Master List Success
2020-09-17 12:03:28.3505 INFO Get Party Master List Success
2020-09-17 12:03:28.5121 INFO Get Party Master List Success
2020-09-17 12:03:51.4399 INFO Get Party Master List Success
2020-09-17 12:05:50.2313 INFO Get Party Master List Success
2020-09-17 13:00:27.7768 INFO Get Party Master List Success
2020-09-17 13:01:52.5688 INFO Get Party Master List Success
2020-09-17 13:02:39.4792 INFO Get Party Master List Success
2020-09-17 13:03:07.7063 INFO Get Party Master List Success
2020-09-17 13:07:12.8823 INFO Get Party Master List Success
2020-09-17 13:07:16.0211 INFO Sugarcanepurchase Get List Success
2020-09-17 13:07:19.8320 INFO Sugarcanepurchase Get List Success
2020-09-17 13:07:23.9353 INFO Get Party Master List Success
2020-09-17 13:09:05.6282 INFO Get Party Master List Success
2020-09-17 13:09:08.9778 INFO Get Party Master List Success
2020-09-17 13:10:42.2151 INFO Get Party Master List Success
2020-09-17 13:12:04.4360 INFO Get Party Master List Success
2020-09-17 13:12:12.9570 INFO Sugarcanepurchase Get List Success
2020-09-17 13:12:16.6699 INFO Get Party Master List Success
2020-09-17 13:12:29.9828 INFO Get Party Master List Success
2020-09-17 13:12:32.0553 INFO Get Party Master List Success
2020-09-17 13:12:47.6898 INFO Get Party Master List Success
2020-09-17 13:12:50.3295 INFO Get Party Master List Success
2020-09-17 13:13:18.0374 INFO Get Party Master List Success
2020-09-17 13:32:41.2604 INFO Get Party Master List Success
2020-09-17 13:33:09.2830 INFO Get Party Master List Success
2020-09-17 13:37:00.8870 INFO Sugarcanepurchase Get List Success
2020-09-17 14:30:31.2063 INFO Sugarcanepurchase Get List Success
2020-09-17 14:31:42.3079 INFO Get Party Master List Success
2020-09-17 14:32:14.8118 INFO Get Party Master List Success
2020-09-17 14:32:25.8648 INFO Get Party Master List Success
2020-09-17 14:32:44.5535 INFO Get Party Master List Success
2020-09-17 14:35:34.2132 INFO Get Party Master List Success
2020-09-17 14:41:56.1502 INFO Get Party Master List Success
2020-09-17 14:42:56.8464 INFO Get Party Master List Success
2020-09-17 14:47:14.9366 INFO Get Party Master List Success
2020-09-17 14:47:19.7368 INFO Get Party Master List Success
2020-09-17 14:47:44.6010 INFO Get Party Master List Success
2020-09-17 14:48:11.7312 INFO Get Party Master List Success
2020-09-17 14:48:27.1142 INFO Get Party Master List Success
2020-09-17 14:51:30.8338 INFO Sugarcanepurchase Get List Success
2020-09-17 14:51:36.5442 INFO Get Party Master List Success
2020-09-17 14:52:39.2721 INFO Get Party Master List Success
2020-09-17 14:53:01.9036 INFO Sugarcanepurchase Get List Success
2020-09-17 14:53:13.6042 INFO Get Party Master List Success
2020-09-17 14:54:40.1809 INFO Get Party Master List Success
2020-09-17 14:57:42.6169 INFO Get Party Master List Success
2020-09-17 14:58:42.4196 INFO Get Party Master List Success
2020-09-17 15:01:40.6911 INFO Get Party Master List Success
2020-09-17 15:01:56.8044 INFO Get Party Master List Success
2020-09-17 15:02:17.5672 INFO Get Party Master List Success
2020-09-17 15:09:53.1384 INFO Sugarcanepurchase Get List Success
2020-09-17 15:10:14.2240 INFO Get Party Master List Success
2020-09-17 15:22:16.5540 INFO Get Party Master List Success
2020-09-17 15:27:36.1618 INFO Get Party Master List Success
2020-09-17 15:29:39.4586 INFO Sugarcanepurchase Get List Success
2020-09-17 15:29:54.8028 INFO Get Party Master List Success
2020-09-17 15:30:25.0494 INFO Get Party Master List Success
2020-09-17 15:30:55.8705 INFO Get Party Master List Success
2020-09-17 15:31:05.0940 INFO Get Party Master List Success
2020-09-17 15:31:29.9616 INFO Get Party Master List Success
2020-09-17 15:31:56.0159 INFO Get Party Master List Success
2020-09-17 15:32:19.9673 INFO Get Party Master List Success
2020-09-17 15:39:04.4217 INFO Sugarcanepurchase Get List Success
2020-09-17 15:39:09.5572 INFO Get Party Master List Success
2020-09-17 15:44:40.0612 INFO Sugarcanepurchase Get List Success
2020-09-17 15:49:00.2827 INFO Sugarcanepurchase Get List Success
2020-09-17 15:49:03.2377 INFO Get Party Master List Success
2020-09-17 15:51:50.9777 INFO Get Party Master List Success
2020-09-17 15:54:23.4612 INFO Get State List Success
2020-09-17 15:54:31.3748 INFO Get State List Success
2020-09-17 15:54:31.3794 INFO Get Division List Success
2020-09-17 15:54:34.9251 INFO Get State List Success
2020-09-17 15:54:37.7391 INFO Get Existing data Success :District_Master
2020-09-17 15:57:42.4710 INFO Get State List Success
2020-09-17 15:57:42.4730 INFO Get Division List Success
2020-09-17 15:57:44.8588 INFO Get State List Success
2020-09-17 15:57:44.8627 INFO Get Division List Success
2020-09-17 16:01:31.4943 INFO Get State List Success
2020-09-17 16:01:52.2994 INFO Get State List Success
2020-09-17 16:02:15.4196 INFO Get State List Success
2020-09-17 16:02:19.4520 INFO Get Division List Success
2020-09-17 16:02:30.6988 INFO Get Existing data Fail :District_Master
2020-09-17 16:02:37.7250 INFO Get Existing data Fail :District_Master
2020-09-17 16:02:54.0919 INFO Insert District Success :KL01-Kerala-West
2020-09-17 16:06:25.1653 INFO Get State List Success
2020-09-17 16:06:26.0624 INFO Get Division List Success
2020-09-17 16:06:32.7536 INFO Get Role Level List Success
2020-09-17 16:06:33.9181 INFO Get access_type List Success
2020-09-17 16:06:34.6532 INFO Get Role Level List Success
2020-09-17 16:06:35.4972 INFO Get Division List Success
2020-09-17 16:06:35.9500 INFO Get State List Success
2020-09-17 16:06:37.5171 INFO Get Division List Success
2020-09-17 16:06:39.7217 INFO Get Role Level List Success
2020-09-17 16:06:40.2769 INFO Get access_type List Success
2020-09-17 16:06:40.8114 INFO Get Role Level List Success
2020-09-17 16:06:41.5774 INFO Get Division List Success
2020-09-17 16:06:41.9749 INFO Get State List Success
2020-09-17 16:19:47.9167 INFO Sugarcanepurchase Get List Success
2020-09-17 16:20:30.8789 INFO Get Party Master List Success
2020-09-17 16:24:52.4512 INFO Sugarcanepurchase Get List Success
2020-09-17 16:24:53.8598 INFO Get Party Master List Success
2020-09-17 16:32:01.5177 INFO Sugarcanepurchase Get List Success
2020-09-17 16:32:02.8237 INFO Get Party Master List Success
2020-09-17 16:34:02.4793 INFO Get Party Master List Success
2020-09-17 16:34:59.3202 INFO Get Party Master List Success
2020-09-17 16:35:22.5608 INFO Get Party Master List Success
2020-09-17 16:36:06.0212 INFO Get Party Master List Success
2020-09-17 16:36:24.2995 INFO Get Party Master List Success
2020-09-17 16:37:52.5003 INFO Get Party Master List Success
2020-09-17 16:42:04.3458 INFO Sugarcanepurchase Get List Success
2020-09-17 16:42:05.8001 INFO Get Party Master List Success
2020-09-17 16:43:53.9131 INFO Get Party Master List Success
2020-09-17 16:51:34.1171 INFO Get Party Master List Success
2020-09-17 16:52:46.2733 INFO Sugarcanepurchase Get List Success
2020-09-17 16:52:47.4454 INFO Get Party Master List Success
2020-09-17 16:53:28.7368 INFO Get Party Master List Success
2020-09-17 16:53:41.9573 INFO Get Party Master List Success
2020-09-17 16:55:19.1116 INFO Get Party Master List Success
2020-09-17 16:56:18.5041 INFO Get Party Master List Success
2020-09-17 16:57:17.4792 INFO Get Party Master List Success
2020-09-17 16:58:39.5340 INFO Get Party Master List Success
2020-09-17 16:59:16.3378 INFO Get Party Master List Success
2020-09-17 16:59:31.3069 INFO Get Party Master List Success
2020-09-17 16:59:45.2931 INFO Get Party Master List Success
2020-09-17 17:00:14.6560 INFO Get Party Master List Success
2020-09-17 17:00:38.0537 INFO Get Party Master List Success
2020-09-17 17:01:45.9852 INFO Get Party Master List Success
2020-09-17 17:01:54.6474 INFO Get Party Master List Success
2020-09-17 17:02:15.5233 INFO Get Party Master List Success
2020-09-17 17:03:40.4232 INFO Get Party Master List Success
2020-09-17 17:04:43.3172 INFO Sugarcanepurchase Get List Success
2020-09-17 17:04:44.5635 INFO Get Party Master List Success
2020-09-17 17:05:02.2379 INFO Get Party Master List Success
2020-09-17 17:05:25.6551 INFO Get Party Master List Success
2020-09-17 17:14:16.6749 INFO Sugarcanepurchase Get List Success
2020-09-17 17:15:16.1989 INFO Get Party Master List Success
2020-09-17 17:15:25.4141 INFO Get WorkFlow List Success
2020-09-17 17:15:54.5815 INFO Get SubModule In WorkFlow Success
2020-09-17 17:15:54.5815 INFO Get District In WorkFlow Success
2020-09-17 17:15:54.5815 INFO Get GetMaxID Success : workflow
2020-09-17 17:15:58.9314 INFO Get TabName In WorkFlow Success
2020-09-17 17:16:01.3274 INFO Get RoleNames In WorkFlow Success
2020-09-17 17:16:03.4297 INFO Get Users List Success
2020-09-17 17:16:08.7369 INFO Get Users List Success
2020-09-17 17:19:14.3412 INFO Get WorkFlow List Success
2020-09-17 17:19:15.2977 INFO Get SubModule In WorkFlow Success
2020-09-17 17:19:15.3007 INFO Get District In WorkFlow Success
2020-09-17 17:19:15.3007 INFO Get WorkFlow  Success
2020-09-17 17:19:15.3007 INFO Get TabName In WorkFlow Success
2020-09-17 17:19:15.3007 INFO Get RoleNames In WorkFlow Success
2020-09-17 17:19:15.3007 INFO Get Users List Success
2020-09-17 17:19:16.8580 INFO Get WorkFlow List Success
2020-09-17 17:19:18.0585 INFO Get SubModule In WorkFlow Success
2020-09-17 17:19:18.0585 INFO Get District In WorkFlow Success
2020-09-17 17:19:18.0585 INFO Get WorkFlow  Success
2020-09-17 17:19:18.0585 INFO Get TabName In WorkFlow Success
2020-09-17 17:19:18.0585 INFO Get RoleNames In WorkFlow Success
2020-09-17 17:19:18.0664 INFO Get Users List Success
2020-09-17 17:19:18.0664 INFO Get Users List Success
2020-09-17 17:19:32.8544 INFO Sugarcanepurchase Get List Success
2020-09-17 17:19:34.5669 INFO Get Party Master List Success
2020-09-17 17:27:14.4595 INFO Sugarcanepurchase Get List Success
2020-09-17 17:27:16.3472 INFO Get Party Master List Success
2020-09-17 17:35:16.7844 INFO Get Party Master List Success
2020-09-17 17:42:04.3218 INFO Sugarcanepurchase Get List Success
2020-09-17 17:42:30.8501 INFO Get Party Master List Success
2020-09-17 17:44:01.6639 INFO Get Party Master List Success
2020-09-17 17:44:36.6397 INFO Get Party Master List Success
2020-09-17 17:44:58.5323 INFO Get Party Master List Success
2020-09-17 17:45:18.5628 INFO Get Party Master List Success
2020-09-17 17:45:22.0356 INFO Get Party Master List Success
2020-09-17 17:45:22.2281 INFO Get Party Master List Success
2020-09-17 17:45:22.4166 INFO Get Party Master List Success
2020-09-17 17:45:26.0178 INFO Get Party Master List Success
2020-09-17 17:45:27.2920 INFO Get Party Master List Success
2020-09-17 17:45:27.4944 INFO Get Party Master List Success
2020-09-17 17:45:50.9412 INFO Get Party Master List Success
2020-09-17 17:46:13.7873 INFO Get Party Master List Success
2020-09-17 17:46:40.3553 INFO Get Party Master List Success
2020-09-17 17:47:40.1129 INFO Get Party Master List Success
2020-09-17 17:50:55.4718 INFO Get Party Master List Success
2020-09-17 18:02:46.7924 INFO Sugarcanepurchase Get List Success
2020-09-17 18:02:48.2151 INFO Get Party Master List Success
