2020-11-25 10:38:32.4737 INFO Get User Success :138-Majhaulia Sugar Industries Pvt Ltd.
2020-11-25 10:38:38.8902 INFO Sugarcanepurchase Get List Success
2020-11-25 10:38:38.8902 INFO Get User Success :138-Majhaulia Sugar Industries Pvt Ltd.
2020-11-25 10:38:38.9264 INFO Get User Success :138-Majhaulia Sugar Industries Pvt Ltd.
2020-11-25 10:38:40.0408 INFO Get User Success :138-Majhaulia Sugar Industries Pvt Ltd.
2020-11-25 10:38:40.0617 INFO Get User Success :138-Majhaulia Sugar Industries Pvt Ltd.
2020-11-25 10:38:47.8510 INFO Get User Success :138-Majhaulia Sugar Industries Pvt Ltd.
2020-11-25 10:38:47.8651 INFO Get User Success :138-Majhaulia Sugar Industries Pvt Ltd.
2020-11-25 10:38:49.7555 INFO Get User Success :138-Majhaulia Sugar Industries Pvt Ltd.
2020-11-25 10:38:49.7695 INFO Get User Success :138-Majhaulia Sugar Industries Pvt Ltd.
2020-11-25 10:38:51.8508 INFO Get User Success :138-Majhaulia Sugar Industries Pvt Ltd.
2020-11-25 10:38:51.8568 INFO Get User Success :138-Majhaulia Sugar Industries Pvt Ltd.
2020-11-25 10:39:00.7593 INFO Get MaxID Success :openingbalance
2020-11-25 10:39:00.8411 INFO Get User Success :138-Majhaulia Sugar Industries Pvt Ltd.
2020-11-25 10:39:00.8542 INFO Get User Success :138-Majhaulia Sugar Industries Pvt Ltd.
2020-11-25 10:39:02.3066 INFO Get User Success :138-Majhaulia Sugar Industries Pvt Ltd.
2020-11-25 10:39:02.3066 INFO Get User Success :138-Majhaulia Sugar Industries Pvt Ltd.
2020-11-25 10:40:04.0461 INFO Get MaxID Success :openingbalance
2020-11-25 10:40:38.0609 INFO Get User Success :138-Majhaulia Sugar Industries Pvt Ltd.
2020-11-25 10:40:38.0731 INFO Get User Success :138-Majhaulia Sugar Industries Pvt Ltd.
2020-11-25 10:40:40.3162 INFO Get User Success :138-Majhaulia Sugar Industries Pvt Ltd.
2020-11-25 10:40:40.3222 INFO Get User Success :138-Majhaulia Sugar Industries Pvt Ltd.
2020-11-25 10:41:08.5484 INFO Get User Success :138-Majhaulia Sugar Industries Pvt Ltd.
2020-11-25 10:42:29.3359 INFO Get User Success :138-Majhaulia Sugar Industries Pvt Ltd.
2020-11-25 10:42:46.4128 INFO Get MaxID Success :openingbalance
2020-11-25 10:42:46.4574 INFO Get User Success :138-Majhaulia Sugar Industries Pvt Ltd.
2020-11-25 10:42:46.4703 INFO Get User Success :138-Majhaulia Sugar Industries Pvt Ltd.
2020-11-25 10:42:47.9528 INFO Get User Success :138-Majhaulia Sugar Industries Pvt Ltd.
2020-11-25 10:42:47.9528 INFO Get User Success :138-Majhaulia Sugar Industries Pvt Ltd.
2020-11-25 10:43:34.8636 INFO Get User Success :105-Majhaulia Sugar Industry Ltd Distillery Division
2020-11-25 10:43:37.4657 INFO Get User Success :105-Majhaulia Sugar Industry Ltd Distillery Division
2020-11-25 10:43:37.4657 INFO Get User Success :105-Majhaulia Sugar Industry Ltd Distillery Division
2020-11-25 10:43:40.6422 INFO Get User Success :105-Majhaulia Sugar Industry Ltd Distillery Division
2020-11-25 10:43:40.6422 INFO Get Indent List Success
2020-11-25 10:43:40.6504 INFO Get User Success :105-Majhaulia Sugar Industry Ltd Distillery Division
2020-11-25 10:43:42.3434 INFO Get User Success :105-Majhaulia Sugar Industry Ltd Distillery Division
2020-11-25 10:43:42.3434 INFO Get Indent List Success
2020-11-25 10:43:42.4322 INFO Get User Success :105-Majhaulia Sugar Industry Ltd Distillery Division
2020-11-25 10:44:12.5300 INFO Get User Success :105-Majhaulia Sugar Industry Ltd Distillery Division
2020-11-25 10:44:15.0422 INFO Get User Success :105-Majhaulia Sugar Industry Ltd Distillery Division
2020-11-25 10:44:15.0422 INFO Get User Success :105-Majhaulia Sugar Industry Ltd Distillery Division
2020-11-25 10:44:37.5825 INFO Get User Success :105-Majhaulia Sugar Industry Ltd Distillery Division
2020-11-25 10:44:37.5825 INFO Get Indent List Success
2020-11-25 10:44:37.5885 INFO Get User Success :105-Majhaulia Sugar Industry Ltd Distillery Division
2020-11-25 10:44:43.2560 INFO Get User Success :105-Majhaulia Sugar Industry Ltd Distillery Division
2020-11-25 10:44:43.2560 INFO Get Indent List Success
2020-11-25 10:44:43.2620 INFO Get User Success :105-Majhaulia Sugar Industry Ltd Distillery Division
2020-11-25 10:44:45.7136 INFO Get User Success :105-Majhaulia Sugar Industry Ltd Distillery Division
2020-11-25 10:44:45.7136 INFO Get Indent List Success
2020-11-25 10:44:54.9454 INFO Get User Success :105-Majhaulia Sugar Industry Ltd Distillery Division
2020-11-25 10:45:10.9824 INFO Get Party Master List Success
2020-11-25 10:45:10.9824 INFO Get Product Master List Success
2020-11-25 10:45:10.9824 INFO Get User Success :105-Majhaulia Sugar Industry Ltd Distillery Division
2020-11-25 10:45:14.3796 INFO Get User Success :105-Majhaulia Sugar Industry Ltd Distillery Division
2020-11-25 10:45:14.3796 INFO Get Allotment List Success
2020-11-25 10:45:14.3796 INFO Get User Success :105-Majhaulia Sugar Industry Ltd Distillery Division
2020-11-25 10:45:15.6960 INFO Get User Success :105-Majhaulia Sugar Industry Ltd Distillery Division
2020-11-25 10:45:15.6990 INFO Get Allotment List Success
2020-11-25 10:45:15.7499 INFO Get User Success :105-Majhaulia Sugar Industry Ltd Distillery Division
2020-11-25 10:45:15.7499 INFO Get Party Master List Success
2020-11-25 10:45:15.7499 INFO Get Indent List Success
2020-11-25 10:45:15.7615 INFO Get User Success :105-Majhaulia Sugar Industry Ltd Distillery Division
2020-11-25 10:45:38.0693 INFO Get User Success :105-Majhaulia Sugar Industry Ltd Distillery Division
2020-11-25 10:45:38.0723 INFO Get User Success :105-Majhaulia Sugar Industry Ltd Distillery Division
2020-11-25 10:57:13.0535 INFO Get User Success :44-Administrator
2020-11-25 11:03:24.8509 INFO Get User Success :44-Administrator
2020-11-25 11:09:01.5882 INFO Get User Success :44-Administrator
2020-11-25 11:11:48.9278 INFO Get Party Type Master List Success
2020-11-25 11:12:21.1664 INFO Get User Success :18-Harinagar Distillery
2020-11-25 11:13:44.8295 INFO Get User Success :18-Harinagar Distillery
2020-11-25 11:14:00.7476 INFO Get User Success :18-Harinagar Distillery
2020-11-25 11:14:00.8470 INFO Get Indent List Success
2020-11-25 11:14:00.9003 INFO Get User Success :18-Harinagar Distillery
2020-11-25 11:14:03.4168 INFO Get User Success :18-Harinagar Distillery
2020-11-25 11:14:03.4168 INFO Get Indent List Success
2020-11-25 11:14:03.4713 INFO Get User Success :18-Harinagar Distillery
2020-11-25 11:14:03.4713 INFO Get Allotment List Success
2020-11-25 11:14:03.4874 INFO Get User Success :18-Harinagar Distillery
2020-11-25 11:14:06.6810 INFO Get User Success :18-Harinagar Distillery
2020-11-25 11:14:06.6810 INFO Get Allotment List Success
2020-11-25 11:14:06.7866 INFO Get User Success :18-Harinagar Distillery
2020-11-25 11:14:06.7925 INFO Get Party Master List Success
2020-11-25 11:14:06.7925 INFO Get Indent List Success
2020-11-25 11:14:06.7925 INFO Get User Success :18-Harinagar Distillery
2020-11-25 11:14:39.3808 INFO Get User Success :18-Harinagar Distillery
2020-11-25 11:14:39.3808 INFO Get Allotment List Success
2020-11-25 11:14:39.3858 INFO Get User Success :18-Harinagar Distillery
2020-11-25 11:14:45.5351 INFO Get User Success :18-Harinagar Distillery
2020-11-25 11:14:45.5351 INFO Get Allotment List Success
2020-11-25 11:14:45.5582 INFO Get User Success :18-Harinagar Distillery
2020-11-25 11:14:45.5582 INFO Get Party Master List Success
2020-11-25 11:14:45.5582 INFO Get Indent List Success
2020-11-25 11:14:45.5582 INFO Get User Success :18-Harinagar Distillery
2020-11-25 11:14:53.2365 INFO Get User Success :18-Harinagar Distillery
2020-11-25 11:14:53.2435 INFO Get Indent List Success
2020-11-25 11:14:53.2435 INFO Get User Success :18-Harinagar Distillery
2020-11-25 11:15:04.7929 INFO Get User Success :18-Harinagar Distillery
2020-11-25 11:15:04.7929 INFO Get Indent List Success
2020-11-25 11:15:13.2979 INFO Get User Success :18-Harinagar Distillery
2020-11-25 11:16:42.1812 INFO Get User Success :18-Harinagar Distillery
2020-11-25 11:36:53.3632 INFO Get Users List Success
2020-11-25 11:37:04.3933 INFO Get Users List Success
2020-11-25 11:37:06.6486 INFO Get Users List Success
2020-11-25 11:37:59.7268 INFO Get User Success :44-Administrator
2020-11-25 11:38:24.5144 INFO Org Get List Success
2020-11-25 11:38:24.5460 INFO Get User Success :44-Administrator
2020-11-25 11:38:25.8426 INFO Get Users List Success
2020-11-25 11:38:25.8775 INFO Get User Success :44-Administrator
2020-11-25 11:38:32.2455 INFO Org Get List Success
2020-11-25 11:38:32.2455 INFO Get Party Master List Success
2020-11-25 11:38:32.2663 INFO Get Role Level List Success
2020-11-25 11:38:32.2663 INFO Get access_type List Success
2020-11-25 11:38:32.3764 INFO Get view_Role_master List Success :Input string was not in a correct format.
2020-11-25 11:38:32.3764 INFO Get State List Success
2020-11-25 11:38:32.3764 INFO Get Dept List Success
2020-11-25 11:38:32.3871 INFO Get Users List Success
2020-11-25 11:38:32.3871 INFO Get User Success :44-Administrator
2020-11-25 11:38:32.3871 INFO Get Division List Success
2020-11-25 11:38:32.4010 INFO Get User Success :44-Administrator
2020-11-25 11:38:39.7956 INFO Get Users List Success
2020-11-25 11:38:39.7956 INFO Get User Success :44-Administrator
2020-11-25 11:39:30.3616 INFO Org Get List Success
2020-11-25 11:39:30.3616 INFO Get Party Master List Success
2020-11-25 11:39:30.3616 INFO Get Role Level List Success
2020-11-25 11:39:30.3686 INFO Get access_type List Success
2020-11-25 11:39:30.3686 INFO Get view_Role_master List Success :Input string was not in a correct format.
2020-11-25 11:39:30.3856 INFO Get State List Success
2020-11-25 11:39:30.3856 INFO Get Dept List Success
2020-11-25 11:39:30.3856 INFO Get Users List Success
2020-11-25 11:39:30.3856 INFO Get User Success :44-Administrator
2020-11-25 11:39:30.3856 INFO Get Division List Success
2020-11-25 11:39:30.3856 INFO Get User Success :44-Administrator
2020-11-25 11:42:54.7099 INFO Get Users List Success
2020-11-25 11:42:54.7149 INFO Get User Success :44-Administrator
2020-11-25 11:42:55.7870 INFO Org Get List Success
2020-11-25 11:42:55.7989 INFO Get Party Master List Success
2020-11-25 11:42:55.7989 INFO Get Role Level List Success
2020-11-25 11:42:55.7989 INFO Get access_type List Success
2020-11-25 11:42:55.8169 INFO Get view_Role_master List Success :Input string was not in a correct format.
2020-11-25 11:42:55.8169 INFO Get State List Success
2020-11-25 11:42:55.8169 INFO Get Dept List Success
2020-11-25 11:42:55.8229 INFO Get Users List Success
2020-11-25 11:42:55.8229 INFO Get User Success :44-Administrator
2020-11-25 11:56:05.6757 INFO Get User Success :44-Administrator
2020-11-25 11:56:16.5415 INFO Get Users List Success
2020-11-25 11:56:16.5772 INFO Get User Success :44-Administrator
2020-11-25 11:56:20.0341 INFO Org Get List Success
2020-11-25 11:56:20.0427 INFO Get Party Master List Success
2020-11-25 11:56:20.0594 INFO Get Role Level List Success
2020-11-25 11:56:20.0594 INFO Get access_type List Success
2020-11-25 11:56:20.1130 INFO Get view_Role_master List Success :Input string was not in a correct format.
2020-11-25 11:56:20.1130 INFO Get State List Success
2020-11-25 11:56:20.1197 INFO Get Dept List Success
2020-11-25 11:56:20.1197 INFO Get Users List Success
2020-11-25 11:56:20.1197 INFO Get User Success :44-Administrator
2020-11-25 12:09:09.2878 INFO Get User Success :105-Majhaulia Sugar Industry Ltd Distillery Division
2020-11-25 12:09:14.1897 INFO Get User Success :105-Majhaulia Sugar Industry Ltd Distillery Division
2020-11-25 12:09:14.2286 INFO Get Indent List Success
2020-11-25 12:09:14.2595 INFO Get User Success :105-Majhaulia Sugar Industry Ltd Distillery Division
2020-11-25 12:09:16.3407 INFO Get User Success :105-Majhaulia Sugar Industry Ltd Distillery Division
2020-11-25 12:09:16.3407 INFO Get Indent List Success
2020-11-25 12:09:21.5937 INFO Get User Success :105-Majhaulia Sugar Industry Ltd Distillery Division
2020-11-25 12:09:21.5937 INFO Get Allotment List Success
2020-11-25 12:09:21.5937 INFO Get User Success :105-Majhaulia Sugar Industry Ltd Distillery Division
2020-11-25 12:09:50.1491 INFO Get User Success :105-Majhaulia Sugar Industry Ltd Distillery Division
2020-11-25 12:09:50.1519 INFO Get Allotment List Success
2020-11-25 12:09:59.1831 INFO Get User Success :104-Riga Distillery Division
2020-11-25 12:10:09.6584 INFO Get User Success :104-Riga Distillery Division
2020-11-25 12:10:09.6584 INFO Get Indent List Success
2020-11-25 12:10:09.6831 INFO Get User Success :104-Riga Distillery Division
2020-11-25 12:10:11.2772 INFO Get User Success :104-Riga Distillery Division
2020-11-25 12:10:11.2772 INFO Get Indent List Success
2020-11-25 12:10:11.2992 INFO Get User Success :104-Riga Distillery Division
2020-11-25 12:10:11.2992 INFO Get Allotment List Success
2020-11-25 12:10:11.2992 INFO Get User Success :104-Riga Distillery Division
2020-11-25 12:10:12.8761 INFO Get User Success :104-Riga Distillery Division
2020-11-25 12:10:12.8761 INFO Get Allotment List Success
2020-11-25 12:10:12.8980 INFO Get User Success :104-Riga Distillery Division
2020-11-25 12:10:12.9010 INFO Get Indent List Success
2020-11-25 12:10:12.9010 INFO Get User Success :104-Riga Distillery Division
2020-11-25 12:10:16.1171 INFO Get User Success :104-Riga Distillery Division
2020-11-25 12:10:16.1201 INFO Get Indent List Success
2020-11-25 12:10:22.7246 INFO Get User Success :104-Riga Distillery Division
2020-11-25 12:10:22.7545 INFO Get Party Master List Success
2020-11-25 12:10:22.7605 INFO Get Product Master List Success
2020-11-25 12:10:22.7605 INFO Get Indent Details Success
2020-11-25 12:10:22.8239 INFO Get User Success :104-Riga Distillery Division
2020-11-25 12:10:33.3347 INFO Get User Success :104-Riga Distillery Division
2020-11-25 12:10:33.3377 INFO Get Indent List Success
2020-11-25 12:10:33.3377 INFO Get User Success :104-Riga Distillery Division
2020-11-25 12:10:46.1959 INFO Get User Success :104-Riga Distillery Division
2020-11-25 12:10:46.1986 INFO Get Indent List Success
2020-11-25 12:10:46.2177 INFO Get User Success :104-Riga Distillery Division
2020-11-25 12:10:46.2177 INFO Get Allotment List Success
2020-11-25 12:10:46.2177 INFO Get User Success :104-Riga Distillery Division
2020-11-25 12:10:47.4918 INFO Get User Success :104-Riga Distillery Division
2020-11-25 12:10:47.4938 INFO Get Allotment List Success
2020-11-25 12:10:47.5427 INFO Get User Success :104-Riga Distillery Division
2020-11-25 12:10:47.5427 INFO Get Party Master List Success
2020-11-25 12:10:47.5427 INFO Get Indent List Success
2020-11-25 12:10:47.5427 INFO Get User Success :104-Riga Distillery Division
2020-11-25 12:14:32.9796 INFO Get User Success :104-Riga Distillery Division
2020-11-25 12:14:32.9796 INFO Get Allotment List Success
2020-11-25 12:14:32.9796 INFO Get User Success :104-Riga Distillery Division
2020-11-25 12:14:34.9804 INFO Get User Success :104-Riga Distillery Division
2020-11-25 12:14:34.9804 INFO Get Allotment List Success
2020-11-25 12:14:35.0030 INFO Get User Success :104-Riga Distillery Division
2020-11-25 12:14:35.0030 INFO Get Party Master List Success
2020-11-25 12:14:35.0030 INFO Get Indent List Success
2020-11-25 12:14:35.0120 INFO Get User Success :104-Riga Distillery Division
2020-11-25 12:32:03.1504 INFO Get User Success :111-New Swadeshi Sugar Mills
2020-11-25 12:32:17.7164 INFO Sugarcanepurchase Get List Success
2020-11-25 12:32:17.7164 INFO Get User Success :111-New Swadeshi Sugar Mills
2020-11-25 12:32:17.7544 INFO Get User Success :111-New Swadeshi Sugar Mills
2020-11-25 12:32:19.6794 INFO MIR GetList Sucess
2020-11-25 12:32:19.6838 INFO Get User Success :111-New Swadeshi Sugar Mills
2020-11-25 12:32:19.6838 INFO Get User Success :111-New Swadeshi Sugar Mills
2020-11-25 12:32:21.6826 INFO Get User Success :111-New Swadeshi Sugar Mills
2020-11-25 12:32:21.7066 INFO Get Party Master List Success
2020-11-25 12:32:21.7205 INFO Get VAT Master List Success
2020-11-25 12:32:21.7205 INFO Get User Success :111-New Swadeshi Sugar Mills
2020-11-25 12:33:39.4485 INFO Get User Success :111-New Swadeshi Sugar Mills
2020-11-25 12:33:39.4485 INFO Get Party Master List Success
2020-11-25 12:33:39.4485 INFO Get VAT Master List Success
2020-11-25 12:33:39.4649 INFO Get User Success :111-New Swadeshi Sugar Mills
2020-11-25 12:34:35.1360 INFO Get User Success :111-New Swadeshi Sugar Mills
2020-11-25 12:34:50.2220 INFO Sugarcanepurchase Get List Success
2020-11-25 12:34:50.2220 INFO Get User Success :111-New Swadeshi Sugar Mills
2020-11-25 12:34:50.2581 INFO Get User Success :111-New Swadeshi Sugar Mills
2020-11-25 12:34:52.0566 INFO MIR GetList Sucess
2020-11-25 12:34:52.0566 INFO Get User Success :111-New Swadeshi Sugar Mills
2020-11-25 12:34:52.0566 INFO Get User Success :111-New Swadeshi Sugar Mills
2020-11-25 12:34:53.6804 INFO Get User Success :111-New Swadeshi Sugar Mills
2020-11-25 12:34:53.7097 INFO Get Party Master List Success
2020-11-25 12:34:53.7235 INFO Get VAT Master List Success
2020-11-25 12:34:53.7311 INFO Get User Success :111-New Swadeshi Sugar Mills
2020-11-25 12:36:35.6215 INFO Get User Success :111-New Swadeshi Sugar Mills
2020-11-25 12:36:49.7900 INFO Sugarcanepurchase Get List Success
2020-11-25 12:36:49.7942 INFO Get User Success :111-New Swadeshi Sugar Mills
2020-11-25 12:36:49.8271 INFO Get User Success :111-New Swadeshi Sugar Mills
2020-11-25 12:36:51.4865 INFO MIR GetList Sucess
2020-11-25 12:36:51.4865 INFO Get User Success :111-New Swadeshi Sugar Mills
2020-11-25 12:36:51.4934 INFO Get User Success :111-New Swadeshi Sugar Mills
2020-11-25 12:36:52.8099 INFO Get User Success :111-New Swadeshi Sugar Mills
2020-11-25 12:36:52.8248 INFO Get Party Master List Success
2020-11-25 12:36:52.8388 INFO Get VAT Master List Success
2020-11-25 12:36:52.8388 INFO Get User Success :111-New Swadeshi Sugar Mills
2020-11-25 12:44:03.5432 INFO Get User Success :111-New Swadeshi Sugar Mills
2020-11-25 12:44:13.5052 INFO Sugarcanepurchase Get List Success
2020-11-25 12:44:13.5091 INFO Get User Success :111-New Swadeshi Sugar Mills
2020-11-25 12:44:13.5551 INFO Get User Success :111-New Swadeshi Sugar Mills
2020-11-25 12:44:21.3396 INFO MIR GetList Sucess
2020-11-25 12:44:21.3396 INFO Get User Success :111-New Swadeshi Sugar Mills
2020-11-25 12:44:21.3396 INFO Get User Success :111-New Swadeshi Sugar Mills
2020-11-25 12:44:23.1074 INFO Get User Success :111-New Swadeshi Sugar Mills
2020-11-25 12:44:23.1074 INFO Get Party Master List Success
2020-11-25 12:44:23.1262 INFO Get VAT Master List Success
2020-11-25 12:44:23.1262 INFO Get User Success :111-New Swadeshi Sugar Mills
2020-11-25 12:45:43.9301 INFO Get User Success :111-New Swadeshi Sugar Mills
2020-11-25 12:45:54.9183 INFO Sugarcanepurchase Get List Success
2020-11-25 12:45:54.9183 INFO Get User Success :111-New Swadeshi Sugar Mills
2020-11-25 12:45:54.9566 INFO Get User Success :111-New Swadeshi Sugar Mills
2020-11-25 12:45:56.0738 INFO MIR GetList Sucess
2020-11-25 12:45:56.0738 INFO Get User Success :111-New Swadeshi Sugar Mills
2020-11-25 12:45:56.0893 INFO Get User Success :111-New Swadeshi Sugar Mills
2020-11-25 12:45:57.4693 INFO Get User Success :111-New Swadeshi Sugar Mills
2020-11-25 12:45:57.4693 INFO Get Party Master List Success
2020-11-25 12:45:57.4889 INFO Get VAT Master List Success
2020-11-25 12:45:57.4969 INFO Get User Success :111-New Swadeshi Sugar Mills
2020-11-25 12:46:11.0639 INFO Get User Success :111-New Swadeshi Sugar Mills
2020-11-25 12:46:11.0740 INFO Get User Success :111-New Swadeshi Sugar Mills
2020-11-25 12:46:14.7075 INFO Get User Success :111-New Swadeshi Sugar Mills
2020-11-25 12:46:14.7075 INFO Get Party Master List Success
2020-11-25 12:46:14.7574 INFO Get User Success :111-New Swadeshi Sugar Mills
2020-11-25 14:36:36.2851 INFO Get User Success :111-New Swadeshi Sugar Mills
2020-11-25 14:36:49.6958 INFO Sugarcanepurchase Get List Success
2020-11-25 14:36:49.6990 INFO Get User Success :111-New Swadeshi Sugar Mills
2020-11-25 14:36:49.7313 INFO Get User Success :111-New Swadeshi Sugar Mills
2020-11-25 14:36:51.2743 INFO Get User Success :111-New Swadeshi Sugar Mills
2020-11-25 14:36:51.2823 INFO Get User Success :111-New Swadeshi Sugar Mills
2020-11-25 14:37:02.5802 INFO Get User Success :111-New Swadeshi Sugar Mills
2020-11-25 14:37:02.6080 INFO Get Party Master List Success
2020-11-25 14:37:02.6707 INFO Get User Success :111-New Swadeshi Sugar Mills
2020-11-25 14:38:31.8719 INFO Get User Success :111-New Swadeshi Sugar Mills
2020-11-25 14:38:31.8719 INFO Get Party Master List Success
2020-11-25 14:38:31.9132 INFO Get User Success :111-New Swadeshi Sugar Mills
2020-11-25 14:39:00.6262 INFO Get User Success :111-New Swadeshi Sugar Mills
2020-11-25 14:39:00.6262 INFO Get Party Master List Success
2020-11-25 14:39:00.6471 INFO Get User Success :111-New Swadeshi Sugar Mills
2020-11-25 14:40:23.5139 INFO Get User Success :111-New Swadeshi Sugar Mills
2020-11-25 14:40:23.5139 INFO Get Party Master List Success
2020-11-25 14:40:23.5355 INFO Get User Success :111-New Swadeshi Sugar Mills
2020-11-25 14:40:42.8806 INFO Get User Success :111-New Swadeshi Sugar Mills
2020-11-25 14:40:42.8806 INFO Get Party Master List Success
2020-11-25 14:40:42.9001 INFO Get User Success :111-New Swadeshi Sugar Mills
2020-11-25 14:45:37.3316 INFO Get User Success :111-New Swadeshi Sugar Mills
2020-11-25 14:45:37.3316 INFO Get Party Master List Success
2020-11-25 14:45:37.3517 INFO Get User Success :111-New Swadeshi Sugar Mills
2020-11-25 14:46:05.0089 INFO Get User Success :111-New Swadeshi Sugar Mills
2020-11-25 14:46:05.0119 INFO Get Party Master List Success
2020-11-25 14:46:05.0290 INFO Get User Success :111-New Swadeshi Sugar Mills
2020-11-25 14:46:29.5409 INFO Get User Success :111-New Swadeshi Sugar Mills
2020-11-25 14:46:29.5409 INFO Get Party Master List Success
2020-11-25 14:46:29.5609 INFO Get User Success :111-New Swadeshi Sugar Mills
2020-11-25 14:47:00.8418 INFO Get User Success :111-New Swadeshi Sugar Mills
2020-11-25 14:47:00.8418 INFO Get Party Master List Success
2020-11-25 14:47:00.8608 INFO Get User Success :111-New Swadeshi Sugar Mills
2020-11-25 14:48:28.0725 INFO Get User Success :111-New Swadeshi Sugar Mills
2020-11-25 14:48:28.0725 INFO Get Party Master List Success
2020-11-25 14:48:28.0924 INFO Get User Success :111-New Swadeshi Sugar Mills
2020-11-25 14:48:47.7894 INFO Get User Success :111-New Swadeshi Sugar Mills
2020-11-25 14:48:47.7928 INFO Get Party Master List Success
2020-11-25 14:48:47.8101 INFO Get User Success :111-New Swadeshi Sugar Mills
2020-11-25 14:49:02.3173 INFO Get User Success :111-New Swadeshi Sugar Mills
2020-11-25 14:49:02.3173 INFO Get Party Master List Success
2020-11-25 14:49:02.3372 INFO Get User Success :111-New Swadeshi Sugar Mills
2020-11-25 14:49:10.6657 INFO Get User Success :111-New Swadeshi Sugar Mills
2020-11-25 14:49:10.6657 INFO Get Party Master List Success
2020-11-25 14:49:10.6847 INFO Get User Success :111-New Swadeshi Sugar Mills
2020-11-25 14:49:20.9574 INFO Get User Success :111-New Swadeshi Sugar Mills
2020-11-25 14:49:20.9574 INFO Get Party Master List Success
2020-11-25 14:49:20.9768 INFO Get User Success :111-New Swadeshi Sugar Mills
2020-11-25 14:49:36.9347 INFO Get User Success :111-New Swadeshi Sugar Mills
2020-11-25 14:49:36.9347 INFO Get Party Master List Success
2020-11-25 14:49:36.9540 INFO Get User Success :111-New Swadeshi Sugar Mills
2020-11-25 14:50:46.5830 INFO Get User Success :111-New Swadeshi Sugar Mills
2020-11-25 14:50:58.8000 INFO Sugarcanepurchase Get List Success
2020-11-25 14:50:58.8000 INFO Get User Success :111-New Swadeshi Sugar Mills
2020-11-25 14:50:58.8356 INFO Get User Success :111-New Swadeshi Sugar Mills
2020-11-25 14:51:00.2957 INFO MIR GetList Sucess
2020-11-25 14:51:00.2957 INFO Get User Success :111-New Swadeshi Sugar Mills
2020-11-25 14:51:00.2957 INFO Get User Success :111-New Swadeshi Sugar Mills
2020-11-25 14:51:00.9213 INFO Get User Success :111-New Swadeshi Sugar Mills
2020-11-25 14:51:00.9213 INFO Get User Success :111-New Swadeshi Sugar Mills
2020-11-25 14:51:02.8347 INFO Get User Success :111-New Swadeshi Sugar Mills
2020-11-25 14:51:02.8409 INFO Get Party Master List Success
2020-11-25 14:51:02.8871 INFO Get User Success :111-New Swadeshi Sugar Mills
2020-11-25 14:51:27.8342 INFO Get User Success :111-New Swadeshi Sugar Mills
2020-11-25 14:51:27.8377 INFO Get Party Master List Success
2020-11-25 14:51:27.8544 INFO Get User Success :111-New Swadeshi Sugar Mills
2020-11-25 14:51:54.4322 INFO Get User Success :111-New Swadeshi Sugar Mills
2020-11-25 14:51:54.4322 INFO Get Party Master List Success
2020-11-25 14:51:54.4502 INFO Get User Success :111-New Swadeshi Sugar Mills
2020-11-25 14:52:14.0308 INFO Get User Success :111-New Swadeshi Sugar Mills
2020-11-25 14:52:14.0308 INFO Get Party Master List Success
2020-11-25 14:52:14.0503 INFO Get User Success :111-New Swadeshi Sugar Mills
2020-11-25 14:52:32.1727 INFO Get User Success :111-New Swadeshi Sugar Mills
2020-11-25 14:52:32.1727 INFO Get Party Master List Success
2020-11-25 14:52:32.1915 INFO Get User Success :111-New Swadeshi Sugar Mills
2020-11-25 14:52:50.8815 INFO Get User Success :111-New Swadeshi Sugar Mills
2020-11-25 14:52:50.8853 INFO Get Party Master List Success
2020-11-25 14:52:50.9014 INFO Get User Success :111-New Swadeshi Sugar Mills
2020-11-25 14:53:12.3854 INFO Get User Success :111-New Swadeshi Sugar Mills
2020-11-25 14:53:12.3854 INFO Get Party Master List Success
2020-11-25 14:53:12.4042 INFO Get User Success :111-New Swadeshi Sugar Mills
2020-11-25 15:36:14.6142 INFO Get User Success :111-New Swadeshi Sugar Mills
2020-11-25 15:36:26.7591 INFO Sugarcanepurchase Get List Success
2020-11-25 15:36:26.7591 INFO Get User Success :111-New Swadeshi Sugar Mills
2020-11-25 15:36:26.7971 INFO Get User Success :111-New Swadeshi Sugar Mills
2020-11-25 15:36:34.6495 INFO Get Party Master List Success
2020-11-25 15:36:34.6565 INFO Get User Success :111-New Swadeshi Sugar Mills
2020-11-25 15:36:34.6765 INFO Sugarcanepurchase Get List Success
2020-11-25 15:36:34.7011 INFO Get User Success :111-New Swadeshi Sugar Mills
2020-11-25 15:36:43.0578 INFO Get User Success :111-New Swadeshi Sugar Mills
2020-11-25 15:36:43.0578 INFO Get User Success :111-New Swadeshi Sugar Mills
2020-11-25 15:36:45.1646 INFO Get User Success :111-New Swadeshi Sugar Mills
2020-11-25 15:36:45.1686 INFO Get Party Master List Success
2020-11-25 15:36:45.3221 INFO Get User Success :111-New Swadeshi Sugar Mills
2020-11-25 15:36:47.4419 INFO MIR GetList Sucess
2020-11-25 15:36:47.4419 INFO Get User Success :111-New Swadeshi Sugar Mills
2020-11-25 15:36:47.4476 INFO Get User Success :111-New Swadeshi Sugar Mills
2020-11-25 15:36:49.2537 INFO Get User Success :111-New Swadeshi Sugar Mills
2020-11-25 15:36:49.2537 INFO Get Party Master List Success
2020-11-25 15:36:49.2683 INFO Get VAT Master List Success
2020-11-25 15:36:49.2753 INFO Get User Success :111-New Swadeshi Sugar Mills
2020-11-25 15:38:51.9837 INFO Get User Success :111-New Swadeshi Sugar Mills
2020-11-25 15:38:51.9837 INFO Get Party Master List Success
2020-11-25 15:38:51.9957 INFO Get VAT Master List Success
2020-11-25 15:38:51.9957 INFO Get User Success :111-New Swadeshi Sugar Mills
2020-11-25 15:39:07.1355 INFO Get User Success :111-New Swadeshi Sugar Mills
2020-11-25 15:39:07.1355 INFO Get Party Master List Success
2020-11-25 15:39:07.1355 INFO Get VAT Master List Success
2020-11-25 15:39:07.1509 INFO Get User Success :111-New Swadeshi Sugar Mills
2020-11-25 15:39:21.4141 INFO Get User Success :111-New Swadeshi Sugar Mills
2020-11-25 15:39:21.4174 INFO Get Party Master List Success
2020-11-25 15:39:21.4174 INFO Get VAT Master List Success
2020-11-25 15:39:21.4174 INFO Get User Success :111-New Swadeshi Sugar Mills
2020-11-25 15:40:23.1359 INFO Get User Success :111-New Swadeshi Sugar Mills
2020-11-25 15:40:23.1359 INFO Get Party Master List Success
2020-11-25 15:40:23.1359 INFO Get VAT Master List Success
2020-11-25 15:40:23.1549 INFO Get User Success :111-New Swadeshi Sugar Mills
2020-11-25 15:40:49.8735 INFO Get User Success :111-New Swadeshi Sugar Mills
2020-11-25 15:40:49.8735 INFO Get Party Master List Success
2020-11-25 15:40:49.8847 INFO Get VAT Master List Success
2020-11-25 15:40:49.8847 INFO Get User Success :111-New Swadeshi Sugar Mills
2020-11-25 15:41:20.0972 INFO Get User Success :111-New Swadeshi Sugar Mills
2020-11-25 15:41:20.0972 INFO Get Party Master List Success
2020-11-25 15:41:20.1092 INFO Get VAT Master List Success
2020-11-25 15:41:20.1092 INFO Get User Success :111-New Swadeshi Sugar Mills
2020-11-25 15:41:34.6753 INFO Get User Success :111-New Swadeshi Sugar Mills
2020-11-25 15:41:34.6753 INFO Get Party Master List Success
2020-11-25 15:41:34.6862 INFO Get VAT Master List Success
2020-11-25 15:41:34.6862 INFO Get User Success :111-New Swadeshi Sugar Mills
2020-11-25 15:41:44.2969 INFO Get User Success :111-New Swadeshi Sugar Mills
2020-11-25 15:41:44.2969 INFO Get Party Master List Success
2020-11-25 15:41:44.3089 INFO Get VAT Master List Success
2020-11-25 15:41:44.3089 INFO Get User Success :111-New Swadeshi Sugar Mills
2020-11-25 15:43:59.2214 INFO Get User Success :111-New Swadeshi Sugar Mills
2020-11-25 15:44:17.1093 INFO Sugarcanepurchase Get List Success
2020-11-25 15:44:17.1093 INFO Get User Success :111-New Swadeshi Sugar Mills
2020-11-25 15:44:17.1455 INFO Get User Success :111-New Swadeshi Sugar Mills
2020-11-25 15:44:22.0469 INFO Get User Success :111-New Swadeshi Sugar Mills
2020-11-25 15:44:22.0561 INFO Get User Success :111-New Swadeshi Sugar Mills
2020-11-25 15:44:23.5425 INFO Get User Success :111-New Swadeshi Sugar Mills
2020-11-25 15:44:23.5425 INFO Get Party Master List Success
2020-11-25 15:44:23.5933 INFO Get User Success :111-New Swadeshi Sugar Mills
2020-11-25 15:44:25.4036 INFO MIR GetList Sucess
2020-11-25 15:44:25.4036 INFO Get User Success :111-New Swadeshi Sugar Mills
2020-11-25 15:44:25.4036 INFO Get User Success :111-New Swadeshi Sugar Mills
2020-11-25 15:44:31.3969 INFO Get User Success :111-New Swadeshi Sugar Mills
2020-11-25 15:44:31.4003 INFO Get Party Master List Success
2020-11-25 15:44:31.4003 INFO Get VAT Master List Success
2020-11-25 15:44:31.4204 INFO Get User Success :111-New Swadeshi Sugar Mills
2020-11-25 15:46:04.4060 INFO Get User Success :111-New Swadeshi Sugar Mills
2020-11-25 15:46:04.4060 INFO Get Party Master List Success
2020-11-25 15:46:04.4180 INFO Get VAT Master List Success
2020-11-25 15:46:04.4180 INFO Get User Success :111-New Swadeshi Sugar Mills
2020-11-25 15:46:49.0099 INFO Get User Success :111-New Swadeshi Sugar Mills
2020-11-25 15:46:49.0099 INFO Get Party Master List Success
2020-11-25 15:46:49.0099 INFO Get VAT Master List Success
2020-11-25 15:46:49.0276 INFO Get User Success :111-New Swadeshi Sugar Mills
2020-11-25 15:47:23.8130 INFO Get User Success :111-New Swadeshi Sugar Mills
2020-11-25 15:47:23.8329 INFO Get User Success :111-New Swadeshi Sugar Mills
2020-11-25 15:47:25.5989 INFO Get User Success :111-New Swadeshi Sugar Mills
2020-11-25 15:47:25.6181 INFO Get User Success :111-New Swadeshi Sugar Mills
2020-11-25 15:47:43.1567 INFO Sugarcanepurchase Get List Success
2020-11-25 15:47:43.1567 INFO Get User Success :111-New Swadeshi Sugar Mills
2020-11-25 15:47:43.1567 INFO Get User Success :111-New Swadeshi Sugar Mills
2020-11-25 15:47:44.5146 INFO Get Party Master List Success
2020-11-25 15:47:44.5146 INFO Get User Success :111-New Swadeshi Sugar Mills
2020-11-25 15:47:44.5330 INFO Sugarcanepurchase Get List Success
2020-11-25 15:47:44.5459 INFO Get User Success :111-New Swadeshi Sugar Mills
2020-11-25 15:48:06.1304 INFO Get User Success :111-New Swadeshi Sugar Mills
2020-11-25 15:48:06.1342 INFO Get MF2 List Success
2020-11-25 15:48:06.1342 INFO Get User Success :111-New Swadeshi Sugar Mills
2020-11-25 15:48:08.2018 INFO Get User Success :111-New Swadeshi Sugar Mills
2020-11-25 15:48:08.2018 INFO Get State List Success
2020-11-25 15:48:08.2018 INFO Get User Success :111-New Swadeshi Sugar Mills
2020-11-25 15:48:11.3396 INFO Get User Success :111-New Swadeshi Sugar Mills
2020-11-25 15:48:11.3396 INFO Get State List Success
2020-11-25 15:48:11.3396 INFO Get User Success :111-New Swadeshi Sugar Mills
2020-11-25 15:49:02.3061 INFO Get User Success :44-Administrator
2020-11-25 15:49:07.4591 INFO Get Users List Success
2020-11-25 15:49:07.4685 INFO Get User Success :44-Administrator
2020-11-25 15:49:08.9168 INFO Org Get List Success
2020-11-25 15:49:08.9168 INFO Get Party Master List Success
2020-11-25 15:49:08.9168 INFO Get Role Level List Success
2020-11-25 15:49:08.9168 INFO Get access_type List Success
2020-11-25 15:49:08.9651 INFO Get view_Role_master List Success :Input string was not in a correct format.
2020-11-25 15:49:08.9651 INFO Get State List Success
2020-11-25 15:49:08.9651 INFO Get Dept List Success
2020-11-25 15:49:08.9651 INFO Get Users List Success
2020-11-25 15:49:08.9651 INFO Get User Success :44-Administrator
2020-11-25 15:57:22.5149 INFO Org Get List Success
2020-11-25 15:57:22.5149 INFO Get Party Master List Success
2020-11-25 15:57:22.5149 INFO Get Role Level List Success
2020-11-25 15:57:22.5265 INFO Get access_type List Success
2020-11-25 15:57:22.5439 INFO Get view_Role_master List Success :Input string was not in a correct format.
2020-11-25 15:57:22.5439 INFO Get State List Success
2020-11-25 15:57:22.5439 INFO Get Dept List Success
2020-11-25 15:57:22.5439 INFO Get Users List Success
2020-11-25 15:57:22.5439 INFO Get User Success :44-Administrator
2020-11-25 15:59:28.0391 INFO Get Existing data Fail :user_registration
2020-11-25 16:11:21.9692 INFO Get User Success :44-Administrator
2020-11-25 16:12:00.6179 INFO Get Users List Success
2020-11-25 16:12:00.6521 INFO Get User Success :44-Administrator
2020-11-25 16:12:07.1235 INFO Org Get List Success
2020-11-25 16:12:07.1235 INFO Get Party Master List Success
2020-11-25 16:12:07.1347 INFO Get Role Level List Success
2020-11-25 16:12:07.1347 INFO Get access_type List Success
2020-11-25 16:12:07.1717 INFO Get view_Role_master List Success :Input string was not in a correct format.
2020-11-25 16:12:07.1717 INFO Get State List Success
2020-11-25 16:12:07.1717 INFO Get Dept List Success
2020-11-25 16:12:07.1834 INFO Get Users List Success
2020-11-25 16:12:07.1834 INFO Get User Success :44-Administrator
2020-11-25 16:15:57.3832 INFO Get User Success :44-Administrator
2020-11-25 16:16:09.0551 INFO Get Users List Success
2020-11-25 16:16:09.0901 INFO Get User Success :44-Administrator
2020-11-25 16:16:17.3825 INFO Org Get List Success
2020-11-25 16:16:17.4049 INFO Get Party Master List Success
2020-11-25 16:16:17.4221 INFO Get Role Level List Success
2020-11-25 16:16:17.4221 INFO Get access_type List Success
2020-11-25 16:16:17.4887 INFO Get view_Role_master List Success :Input string was not in a correct format.
2020-11-25 16:16:17.4887 INFO Get State List Success
2020-11-25 16:16:17.4942 INFO Get Dept List Success
2020-11-25 16:16:17.4942 INFO Get Users List Success
2020-11-25 16:16:17.4942 INFO Get User Success :44-Administrator
2020-11-25 16:17:15.0532 INFO Org Get List Success
2020-11-25 16:17:15.0570 INFO Get Party Master List Success
2020-11-25 16:17:15.0570 INFO Get Role Level List Success
2020-11-25 16:17:15.0570 INFO Get access_type List Success
2020-11-25 16:17:15.0776 INFO Get view_Role_master List Success :Input string was not in a correct format.
2020-11-25 16:17:15.0776 INFO Get State List Success
2020-11-25 16:17:15.0776 INFO Get Dept List Success
2020-11-25 16:17:15.0776 INFO Get Users List Success
2020-11-25 16:17:15.0776 INFO Get User Success :44-Administrator
2020-11-25 16:17:45.6267 INFO Org Get List Success
2020-11-25 16:17:45.6267 INFO Get Party Master List Success
2020-11-25 16:17:45.6267 INFO Get Role Level List Success
2020-11-25 16:17:45.6340 INFO Get access_type List Success
2020-11-25 16:17:45.6497 INFO Get view_Role_master List Success :Input string was not in a correct format.
2020-11-25 16:17:45.6497 INFO Get State List Success
2020-11-25 16:17:45.6497 INFO Get Dept List Success
2020-11-25 16:17:45.6497 INFO Get Users List Success
2020-11-25 16:17:45.6497 INFO Get User Success :44-Administrator
2020-11-25 16:18:03.6533 INFO Org Get List Success
2020-11-25 16:18:03.6533 INFO Get Party Master List Success
2020-11-25 16:18:03.6533 INFO Get Role Level List Success
2020-11-25 16:18:03.6533 INFO Get access_type List Success
2020-11-25 16:18:03.6781 INFO Get view_Role_master List Success :Input string was not in a correct format.
2020-11-25 16:18:03.6781 INFO Get State List Success
2020-11-25 16:18:03.6814 INFO Get Dept List Success
2020-11-25 16:18:03.6814 INFO Get Users List Success
2020-11-25 16:18:03.6814 INFO Get User Success :44-Administrator
2020-11-25 16:18:57.1374 INFO Org Get List Success
2020-11-25 16:18:57.1374 INFO Get Party Master List Success
2020-11-25 16:18:57.1374 INFO Get Role Level List Success
2020-11-25 16:18:57.1374 INFO Get access_type List Success
2020-11-25 16:18:57.1596 INFO Get view_Role_master List Success :Input string was not in a correct format.
2020-11-25 16:18:57.1596 INFO Get State List Success
2020-11-25 16:18:57.1596 INFO Get Dept List Success
2020-11-25 16:18:57.1671 INFO Get Users List Success
2020-11-25 16:18:57.1671 INFO Get User Success :44-Administrator
2020-11-25 16:19:40.7960 INFO Org Get List Success
2020-11-25 16:19:40.7960 INFO Get Party Master List Success
2020-11-25 16:19:40.7960 INFO Get Role Level List Success
2020-11-25 16:19:40.7960 INFO Get access_type List Success
2020-11-25 16:19:40.8193 INFO Get view_Role_master List Success :Input string was not in a correct format.
2020-11-25 16:19:40.8216 INFO Get State List Success
2020-11-25 16:19:40.8216 INFO Get Dept List Success
2020-11-25 16:19:40.8216 INFO Get Users List Success
2020-11-25 16:19:40.8216 INFO Get User Success :44-Administrator
2020-11-25 16:19:42.5857 INFO Org Get List Success
2020-11-25 16:19:42.5890 INFO Get Party Master List Success
2020-11-25 16:19:42.5890 INFO Get Role Level List Success
2020-11-25 16:19:42.5890 INFO Get access_type List Success
2020-11-25 16:19:42.6084 INFO Get view_Role_master List Success :Input string was not in a correct format.
2020-11-25 16:19:42.6084 INFO Get State List Success
2020-11-25 16:19:42.6084 INFO Get Dept List Success
2020-11-25 16:19:42.6084 INFO Get Users List Success
2020-11-25 16:19:42.6084 INFO Get User Success :44-Administrator
2020-11-25 16:19:42.7908 INFO Org Get List Success
2020-11-25 16:19:42.7908 INFO Get Party Master List Success
2020-11-25 16:19:42.7908 INFO Get Role Level List Success
2020-11-25 16:19:42.7908 INFO Get access_type List Success
2020-11-25 16:19:42.8157 INFO Get view_Role_master List Success :Input string was not in a correct format.
2020-11-25 16:19:42.8157 INFO Get State List Success
2020-11-25 16:19:42.8157 INFO Get Dept List Success
2020-11-25 16:19:42.8257 INFO Get Users List Success
2020-11-25 16:19:42.8257 INFO Get User Success :44-Administrator
2020-11-25 16:19:42.9832 INFO Org Get List Success
2020-11-25 16:19:42.9832 INFO Get Party Master List Success
2020-11-25 16:19:42.9832 INFO Get Role Level List Success
2020-11-25 16:19:42.9982 INFO Get access_type List Success
2020-11-25 16:19:43.0132 INFO Get view_Role_master List Success :Input string was not in a correct format.
2020-11-25 16:19:43.0132 INFO Get State List Success
2020-11-25 16:19:43.0132 INFO Get Dept List Success
2020-11-25 16:19:43.0251 INFO Get Users List Success
2020-11-25 16:19:43.0251 INFO Get User Success :44-Administrator
2020-11-25 16:23:34.4249 INFO Get User Success :44-Administrator
2020-11-25 16:23:43.9554 INFO Get Users List Success
2020-11-25 16:23:43.9919 INFO Get User Success :44-Administrator
2020-11-25 16:24:00.6681 INFO Org Get List Success
2020-11-25 16:24:00.6842 INFO Get Party Master List Success
2020-11-25 16:24:00.6842 INFO Get Role Level List Success
2020-11-25 16:24:00.6999 INFO Get access_type List Success
2020-11-25 16:24:00.7477 INFO Get view_Role_master List Success :Input string was not in a correct format.
2020-11-25 16:24:00.7477 INFO Get State List Success
2020-11-25 16:24:00.7477 INFO Get Dept List Success
2020-11-25 16:24:00.7612 INFO Get Users List Success
2020-11-25 16:24:00.7612 INFO Get User Success :44-Administrator
2020-11-25 16:24:17.9820 INFO Get User Success :111-New Swadeshi Sugar Mills
2020-11-25 16:24:27.1508 INFO Get User Success :111-New Swadeshi Sugar Mills
2020-11-25 16:24:27.1668 INFO Get MF2 List Success
2020-11-25 16:24:27.1668 INFO Get User Success :111-New Swadeshi Sugar Mills
2020-11-25 16:24:35.8035 INFO Get User Success :111-New Swadeshi Sugar Mills
2020-11-25 16:24:35.8184 INFO Get MF3 List Success
2020-11-25 16:24:35.8184 INFO Get User Success :111-New Swadeshi Sugar Mills
2020-11-25 16:24:41.7384 INFO Get User Success :111-New Swadeshi Sugar Mills
2020-11-25 16:24:41.7438 INFO Get VAT Master List Success
2020-11-25 16:24:41.7710 INFO Get Product Master List Success
2020-11-25 16:24:41.7710 INFO Get User Success :111-New Swadeshi Sugar Mills
2020-11-25 16:25:08.1085 INFO Insert MF3 Success :25-11-2020-NSS
2020-11-25 16:25:08.1350 INFO Get User Success :111-New Swadeshi Sugar Mills
2020-11-25 16:25:08.1350 INFO Get MF3 List Success
2020-11-25 16:25:08.1350 INFO Get User Success :111-New Swadeshi Sugar Mills
2020-11-25 16:25:10.6055 INFO Get User Success :111-New Swadeshi Sugar Mills
2020-11-25 16:25:10.6055 INFO Get VAT Master List Success
2020-11-25 16:25:10.6055 INFO Get Product Master List Success
2020-11-25 16:25:10.6184 INFO Get MF3  Details Success
2020-11-25 16:25:10.6184 INFO Get User Success :111-New Swadeshi Sugar Mills
2020-11-25 16:35:01.5101 INFO Get User Success :44-Administrator
2020-11-25 16:35:54.6407 INFO Get User Success :44-Administrator
2020-11-25 16:38:27.1272 INFO Get User Success :44-Administrator
2020-11-25 17:18:06.1125 INFO Get User Success :111-New Swadeshi Sugar Mills
2020-11-25 17:18:28.8622 INFO Sugarcanepurchase Get List Success
2020-11-25 17:18:28.8622 INFO Get User Success :111-New Swadeshi Sugar Mills
2020-11-25 17:18:28.8986 INFO Get User Success :111-New Swadeshi Sugar Mills
2020-11-25 17:18:36.3379 INFO Get Party Master List Success
2020-11-25 17:18:36.3379 INFO Get User Success :111-New Swadeshi Sugar Mills
2020-11-25 17:18:36.3634 INFO Sugarcanepurchase Get List Success
2020-11-25 17:20:32.6591 INFO Get User Success :111-New Swadeshi Sugar Mills
2020-11-25 17:21:30.7023 INFO Sugarcanepurchase Get List Success
2020-11-25 17:21:30.7023 INFO Get User Success :111-New Swadeshi Sugar Mills
2020-11-25 17:21:30.7023 INFO Get User Success :111-New Swadeshi Sugar Mills
2020-11-25 17:21:34.6500 INFO Get Party Master List Success
2020-11-25 17:21:34.6500 INFO Get User Success :111-New Swadeshi Sugar Mills
2020-11-25 17:21:34.6500 INFO Sugarcanepurchase Get List Success
2020-11-25 17:21:34.6500 INFO Get User Success :111-New Swadeshi Sugar Mills
2020-11-25 17:21:46.3486 INFO Get User Success :111-New Swadeshi Sugar Mills
2020-11-25 17:21:48.6789 INFO Sugarcanepurchase Get List Success
2020-11-25 17:21:48.6819 INFO Get User Success :111-New Swadeshi Sugar Mills
2020-11-25 17:21:48.6819 INFO Get User Success :111-New Swadeshi Sugar Mills
2020-11-25 17:21:50.1597 INFO Get Party Master List Success
2020-11-25 17:21:50.1597 INFO Get User Success :111-New Swadeshi Sugar Mills
2020-11-25 17:21:50.1668 INFO Sugarcanepurchase Get List Success
2020-11-25 17:21:50.1668 INFO Get User Success :111-New Swadeshi Sugar Mills
2020-11-25 17:21:53.2226 INFO Sugarcanepurchase Insertion Sucess:3-NSS
2020-11-25 17:21:53.3089 INFO Sugarcanepurchase Get List Success
2020-11-25 17:21:53.3089 INFO Get User Success :111-New Swadeshi Sugar Mills
2020-11-25 17:21:53.3089 INFO Get User Success :111-New Swadeshi Sugar Mills
2020-11-25 17:22:10.2661 INFO Get User Success :122-New Swadeshi Sugar Mills, Bond Officer
2020-11-25 17:22:13.9492 INFO Sugarcanepurchase Get List Success
2020-11-25 17:22:13.9492 INFO Get User Success :122-New Swadeshi Sugar Mills, Bond Officer
2020-11-25 17:22:13.9492 INFO Get User Success :122-New Swadeshi Sugar Mills, Bond Officer
2020-11-25 17:22:16.1661 INFO Get Party Master List Success
2020-11-25 17:22:16.1661 INFO Get User Success :122-New Swadeshi Sugar Mills, Bond Officer
2020-11-25 17:22:16.1661 INFO Sugarcanepurchase Get List Success
2020-11-25 17:22:16.1661 INFO Get User Success :122-New Swadeshi Sugar Mills, Bond Officer
2020-11-25 17:23:19.6565 INFO Sugarcanepurchase Rejected By Bond Officer Sucess:3-NSS
2020-11-25 17:23:22.5339 INFO Sugarcanepurchase Get List Success
2020-11-25 17:23:22.5339 INFO Get User Success :122-New Swadeshi Sugar Mills, Bond Officer
2020-11-25 17:23:22.5409 INFO Get User Success :122-New Swadeshi Sugar Mills, Bond Officer
2020-11-25 17:23:25.8925 INFO Get Party Master List Success
2020-11-25 17:23:25.8925 INFO Get User Success :122-New Swadeshi Sugar Mills, Bond Officer
2020-11-25 17:23:25.9004 INFO Sugarcanepurchase Get List Success
2020-11-25 17:23:25.9004 INFO Get User Success :122-New Swadeshi Sugar Mills, Bond Officer
2020-11-25 17:25:08.7378 INFO Sugarcanepurchase Get List Success
2020-11-25 17:25:08.7378 INFO Get User Success :122-New Swadeshi Sugar Mills, Bond Officer
2020-11-25 17:25:08.7456 INFO Get User Success :122-New Swadeshi Sugar Mills, Bond Officer
2020-11-25 17:25:23.4545 INFO Get User Success :111-New Swadeshi Sugar Mills
2020-11-25 17:26:30.3439 INFO Sugarcanepurchase Get List Success
2020-11-25 17:26:30.3439 INFO Get User Success :111-New Swadeshi Sugar Mills
2020-11-25 17:26:30.3439 INFO Get User Success :111-New Swadeshi Sugar Mills
2020-11-25 17:26:33.0390 INFO Get Party Master List Success
2020-11-25 17:26:33.0425 INFO Get User Success :111-New Swadeshi Sugar Mills
2020-11-25 17:26:33.0425 INFO Sugarcanepurchase Get List Success
2020-11-25 17:26:33.0425 INFO Get User Success :111-New Swadeshi Sugar Mills
2020-11-25 17:26:45.0881 INFO Get Party Master List Success
2020-11-25 17:26:45.0881 INFO Get User Success :111-New Swadeshi Sugar Mills
2020-11-25 17:26:45.0881 INFO Sugarcanepurchase Get List Success
2020-11-25 17:28:15.6861 INFO Get User Success :111-New Swadeshi Sugar Mills
2020-11-25 17:28:25.6454 INFO Sugarcanepurchase Get List Success
2020-11-25 17:28:25.6506 INFO Get User Success :111-New Swadeshi Sugar Mills
2020-11-25 17:28:25.6893 INFO Get User Success :111-New Swadeshi Sugar Mills
2020-11-25 17:28:29.2838 INFO Get Party Master List Success
2020-11-25 17:28:29.2838 INFO Get User Success :111-New Swadeshi Sugar Mills
2020-11-25 17:28:29.3107 INFO Sugarcanepurchase Get List Success
2020-11-25 17:28:29.3317 INFO Get User Success :111-New Swadeshi Sugar Mills
2020-11-25 17:28:31.3572 INFO Sugarcanepurchase Insertion Sucess:3-NSS
2020-11-25 17:28:31.4098 INFO Sugarcanepurchase Get List Success
2020-11-25 17:28:31.4098 INFO Get User Success :111-New Swadeshi Sugar Mills
2020-11-25 17:28:31.4098 INFO Get User Success :111-New Swadeshi Sugar Mills
2020-11-25 17:28:42.9391 INFO Get User Success :122-New Swadeshi Sugar Mills, Bond Officer
2020-11-25 17:28:45.2306 INFO Sugarcanepurchase Get List Success
2020-11-25 17:28:45.2306 INFO Get User Success :122-New Swadeshi Sugar Mills, Bond Officer
2020-11-25 17:28:45.2306 INFO Get User Success :122-New Swadeshi Sugar Mills, Bond Officer
2020-11-25 17:28:46.9339 INFO Get Party Master List Success
2020-11-25 17:28:46.9339 INFO Get User Success :122-New Swadeshi Sugar Mills, Bond Officer
2020-11-25 17:28:46.9339 INFO Sugarcanepurchase Get List Success
2020-11-25 17:28:46.9339 INFO Get User Success :122-New Swadeshi Sugar Mills, Bond Officer
2020-11-25 17:28:54.7201 INFO Sugarcanepurchase Approved By Bond Officer Sucess:3-NSS
2020-11-25 17:28:54.7568 INFO Sugarcanepurchase Get List Success
2020-11-25 17:28:54.7568 INFO Get User Success :122-New Swadeshi Sugar Mills, Bond Officer
2020-11-25 17:28:54.7618 INFO Get User Success :122-New Swadeshi Sugar Mills, Bond Officer
2020-11-25 17:28:56.1271 INFO Get Party Master List Success
2020-11-25 17:28:56.1271 INFO Get User Success :122-New Swadeshi Sugar Mills, Bond Officer
2020-11-25 17:28:56.1271 INFO Sugarcanepurchase Get List Success
2020-11-25 17:28:56.1408 INFO Get User Success :122-New Swadeshi Sugar Mills, Bond Officer
2020-11-25 17:28:58.6993 INFO Sugarcanepurchase Get List Success
2020-11-25 17:28:58.6993 INFO Get User Success :122-New Swadeshi Sugar Mills, Bond Officer
2020-11-25 17:28:58.6993 INFO Get User Success :122-New Swadeshi Sugar Mills, Bond Officer
2020-11-25 17:28:59.9204 INFO Get Party Master List Success
2020-11-25 17:28:59.9204 INFO Get User Success :122-New Swadeshi Sugar Mills, Bond Officer
2020-11-25 17:28:59.9204 INFO Sugarcanepurchase Get List Success
2020-11-25 17:28:59.9314 INFO Get User Success :122-New Swadeshi Sugar Mills, Bond Officer
2020-11-25 17:52:03.4706 INFO Get User Success :44-Administrator
2020-11-25 17:52:18.5871 INFO Org Get List Success
2020-11-25 17:52:18.6186 INFO Get User Success :44-Administrator
2020-11-25 17:52:28.5621 INFO Get Users List Success
2020-11-25 17:52:28.5621 INFO Get User Success :44-Administrator
2020-11-25 18:10:59.2199 INFO Get User Success :44-Administrator
2020-11-25 18:11:50.3708 INFO Get User Success :44-Administrator
2020-11-25 18:13:07.9637 INFO Get User Success :44-Administrator
2020-11-25 18:13:12.7123 INFO Get User Success :44-Administrator
2020-11-25 18:13:31.8964 INFO Get User Success :44-Administrator
2020-11-25 18:13:37.4690 INFO Get User Success :44-Administrator
2020-11-25 18:13:39.5472 INFO Get User Success :44-Administrator
2020-11-25 18:13:40.4466 INFO Get User Success :44-Administrator
2020-11-25 18:14:00.7221 INFO Get User Success :44-Administrator
2020-11-25 18:14:01.9857 INFO Get User Success :44-Administrator
2020-11-25 18:14:37.6643 INFO Get User Success :44-Administrator
2020-11-25 18:14:39.9707 INFO Get User Success :44-Administrator
2020-11-25 18:14:41.2489 INFO Get User Success :44-Administrator
2020-11-25 18:15:07.0855 INFO Get User Success :44-Administrator
2020-11-25 18:15:23.7562 INFO Get User Success :44-Administrator
2020-11-25 18:15:36.1497 INFO Get User Success :44-Administrator
2020-11-25 18:16:03.4371 INFO Get User Success :44-Administrator
2020-11-25 18:16:22.7566 INFO Get User Success :44-Administrator
2020-11-25 18:16:33.7918 INFO Get User Success :44-Administrator
2020-11-25 18:16:56.5493 INFO Get User Success :44-Administrator
2020-11-25 18:16:58.3924 INFO Get User Success :44-Administrator
2020-11-25 18:17:55.4692 INFO Get User Success :44-Administrator
2020-11-25 18:17:58.7550 INFO Get User Success :44-Administrator
2020-11-25 18:18:00.1334 INFO Get User Success :44-Administrator
2020-11-25 18:18:01.1148 INFO Get User Success :44-Administrator
2020-11-25 18:18:13.0586 INFO Get User Success :44-Administrator
2020-11-25 18:19:03.0714 INFO Get User Success :44-Administrator
2020-11-25 18:20:07.6372 INFO Get User Success :44-Administrator
