2020-12-22 10:09:31.6428 INFO Get User Success :112-Riga Sugar Company Ltd
2020-12-22 10:09:47.1574 INFO Get User Success :112-Riga Sugar Company Ltd
2020-12-22 10:09:47.1662 INFO Get MF2 List Success
2020-12-22 10:09:47.2031 INFO Get User Success :112-Riga Sugar Company Ltd
2020-12-22 10:09:49.2588 INFO Get User Success :112-Riga Sugar Company Ltd
2020-12-22 10:09:49.2588 INFO Get MF3 List Success
2020-12-22 10:09:49.2742 INFO Get User Success :112-Riga Sugar Company Ltd
2020-12-22 10:09:52.0538 INFO Get User Success :112-Riga Sugar Company Ltd
2020-12-22 10:09:52.0538 INFO Get MF2 List Success
2020-12-22 10:09:52.0707 INFO Get User Success :112-Riga Sugar Company Ltd
2020-12-22 10:09:54.5077 INFO Get User Success :112-Riga Sugar Company Ltd
2020-12-22 10:09:54.5077 INFO Get Party Master List Success
2020-12-22 10:09:54.5077 INFO Get Party Master List Success
2020-12-22 10:09:54.5233 INFO Get Product Master List Success
2020-12-22 10:09:54.5233 INFO Get VAT Master List Success
2020-12-22 10:09:54.5444 INFO Get MF2  Details Success
2020-12-22 10:09:54.5654 INFO Get User Success :112-Riga Sugar Company Ltd
2020-12-22 10:10:00.3041 INFO Get User Success :112-Riga Sugar Company Ltd
2020-12-22 10:10:00.3041 INFO Get MF2 List Success
2020-12-22 10:10:00.3041 INFO Get User Success :112-Riga Sugar Company Ltd
2020-12-22 10:10:01.4750 INFO Get User Success :112-Riga Sugar Company Ltd
2020-12-22 10:10:01.4750 INFO Get Party Master List Success
2020-12-22 10:10:01.4750 INFO Get Party Master List Success
2020-12-22 10:10:01.4750 INFO Get Product Master List Success
2020-12-22 10:10:01.4750 INFO Get VAT Master List Success
2020-12-22 10:10:01.4920 INFO Get MF2  Details Success
2020-12-22 10:10:01.4920 INFO Get User Success :112-Riga Sugar Company Ltd
2020-12-22 10:10:10.5268 INFO Get User Success :112-Riga Sugar Company Ltd
2020-12-22 10:10:10.5268 INFO Get MF2 List Success
2020-12-22 10:10:10.5268 INFO Get User Success :112-Riga Sugar Company Ltd
2020-12-22 10:10:14.2568 INFO Get User Success :112-Riga Sugar Company Ltd
2020-12-22 10:10:14.2568 INFO Get Party Master List Success
2020-12-22 10:10:14.2568 INFO Get Party Master List Success
2020-12-22 10:10:14.2692 INFO Get Product Master List Success
2020-12-22 10:10:14.2692 INFO Get VAT Master List Success
2020-12-22 10:10:14.2851 INFO Get User Success :112-Riga Sugar Company Ltd
2020-12-22 10:10:21.1460 INFO Get User Success :112-Riga Sugar Company Ltd
2020-12-22 10:10:21.1460 INFO Get MF2 List Success
2020-12-22 10:10:21.1460 INFO Get User Success :112-Riga Sugar Company Ltd
2020-12-22 10:10:34.1548 INFO Get User Success :113-Sasa Musa Sugar Works Pvt Ltd 
2020-12-22 10:10:38.2331 INFO Get User Success :113-Sasa Musa Sugar Works Pvt Ltd 
2020-12-22 10:10:38.2460 INFO Get MF2 List Success
2020-12-22 10:10:38.2460 INFO Get User Success :113-Sasa Musa Sugar Works Pvt Ltd 
2020-12-22 10:10:42.6248 INFO Get User Success :113-Sasa Musa Sugar Works Pvt Ltd 
2020-12-22 10:10:42.6298 INFO Get Party Master List Success
2020-12-22 10:10:42.6298 INFO Get Party Master List Success
2020-12-22 10:10:42.6298 INFO Get Product Master List Success
2020-12-22 10:10:42.6298 INFO Get VAT Master List Success
2020-12-22 10:10:42.6432 INFO Get MF2  Details Success
2020-12-22 10:10:42.6432 INFO Get User Success :113-Sasa Musa Sugar Works Pvt Ltd 
2020-12-22 10:16:34.7187 INFO Get User Success :113-Sasa Musa Sugar Works Pvt Ltd 
2020-12-22 10:16:37.1239 INFO Get User Success :113-Sasa Musa Sugar Works Pvt Ltd 
2020-12-22 10:16:37.1278 INFO Get MF2 List Success
2020-12-22 10:16:37.1278 INFO Get User Success :113-Sasa Musa Sugar Works Pvt Ltd 
2020-12-22 10:16:39.8025 INFO Get User Success :113-Sasa Musa Sugar Works Pvt Ltd 
2020-12-22 10:16:39.8025 INFO Get Party Master List Success
2020-12-22 10:16:39.8025 INFO Get Party Master List Success
2020-12-22 10:16:39.8025 INFO Get Product Master List Success
2020-12-22 10:16:39.8155 INFO Get VAT Master List Success
2020-12-22 10:16:39.8155 INFO Get MF2  Details Success
2020-12-22 10:16:39.8155 INFO Get User Success :113-Sasa Musa Sugar Works Pvt Ltd 
2020-12-22 10:16:44.4571 INFO Get User Success :113-Sasa Musa Sugar Works Pvt Ltd 
2020-12-22 10:16:44.4571 INFO Get MF2 List Success
2020-12-22 10:16:44.4571 INFO Get User Success :113-Sasa Musa Sugar Works Pvt Ltd 
2020-12-22 10:16:45.6896 INFO Get User Success :113-Sasa Musa Sugar Works Pvt Ltd 
2020-12-22 10:16:45.6926 INFO Get Party Master List Success
2020-12-22 10:16:45.6926 INFO Get Party Master List Success
2020-12-22 10:16:45.6926 INFO Get Product Master List Success
2020-12-22 10:16:45.6926 INFO Get VAT Master List Success
2020-12-22 10:16:45.7056 INFO Get MF2  Details Success
2020-12-22 10:16:45.7056 INFO Get User Success :113-Sasa Musa Sugar Works Pvt Ltd 
2020-12-22 10:16:56.2509 INFO Get User Success :113-Sasa Musa Sugar Works Pvt Ltd 
2020-12-22 10:16:56.2529 INFO Get MF2 List Success
2020-12-22 10:16:56.2529 INFO Get User Success :113-Sasa Musa Sugar Works Pvt Ltd 
2020-12-22 10:23:15.8863 INFO Get User Success :113-Sasa Musa Sugar Works Pvt Ltd 
2020-12-22 10:23:15.8929 INFO Get RR List Success
2020-12-22 10:23:15.8929 INFO Get User Success :113-Sasa Musa Sugar Works Pvt Ltd 
2020-12-22 10:23:20.7491 INFO Get User Success :113-Sasa Musa Sugar Works Pvt Ltd 
2020-12-22 10:23:20.7491 INFO Get Product Master List Success
2020-12-22 10:23:20.7571 INFO Get State List Success
2020-12-22 10:23:20.7571 INFO Get NOC Sucess:10
2020-12-22 10:23:20.7571 INFO Get NOC Sucess:4
2020-12-22 10:23:20.7699 INFO Get NOC Details Success
2020-12-22 10:23:20.7699 INFO Get Customer Details Success
2020-12-22 10:23:20.7838 INFO Check WorkFlow List Success
2020-12-22 10:23:20.7838 INFO Get User Success :113-Sasa Musa Sugar Works Pvt Ltd 
2020-12-22 10:23:24.8234 INFO Get User Success :113-Sasa Musa Sugar Works Pvt Ltd 
2020-12-22 10:23:24.8234 INFO Get RR List Success
2020-12-22 10:23:24.8314 INFO Get User Success :113-Sasa Musa Sugar Works Pvt Ltd 
2020-12-22 10:23:38.9263 INFO Get User Success :100-Deputy Commissioner
2020-12-22 10:23:41.5162 INFO Get User Success :100-Deputy Commissioner
2020-12-22 10:23:41.5192 INFO Check WorkFlow List Success
2020-12-22 10:23:41.5192 INFO Get RR List Success
2020-12-22 10:23:41.5192 INFO Get User Success :100-Deputy Commissioner
2020-12-22 10:23:43.8448 INFO Get User Success :100-Deputy Commissioner
2020-12-22 10:23:43.8548 INFO Get Product Master List Success
2020-12-22 10:23:43.8548 INFO Get State List Success
2020-12-22 10:23:43.8548 INFO Get NOC Sucess:10
2020-12-22 10:23:43.8548 INFO Get NOC Sucess:1
2020-12-22 10:23:43.8647 INFO Get State List Success
2020-12-22 10:23:43.8647 INFO Get NOC Details Success
2020-12-22 10:23:43.8647 INFO Get Customer Details Success
2020-12-22 10:23:43.8647 INFO Check WorkFlow List Success
2020-12-22 10:23:43.8647 INFO Get User Success :100-Deputy Commissioner
2020-12-22 10:23:46.6250 INFO Get User Success :100-Deputy Commissioner
2020-12-22 10:23:46.6250 INFO Check WorkFlow List Success
2020-12-22 10:23:46.6307 INFO Get RR List Success
2020-12-22 10:23:46.6307 INFO Get User Success :100-Deputy Commissioner
2020-12-22 10:23:47.8222 INFO Get User Success :100-Deputy Commissioner
2020-12-22 10:23:47.8222 INFO Get Product Master List Success
2020-12-22 10:23:47.8222 INFO Get State List Success
2020-12-22 10:23:47.8222 INFO Get NOC Sucess:10
2020-12-22 10:23:47.8222 INFO Get NOC Sucess:1
2020-12-22 10:23:47.8332 INFO Get State List Success
2020-12-22 10:23:47.8332 INFO Get NOC Details Success
2020-12-22 10:23:47.8332 INFO Get Customer Details Success
2020-12-22 10:23:47.8332 INFO Check WorkFlow List Success
2020-12-22 10:23:47.8332 INFO Get User Success :100-Deputy Commissioner
2020-12-22 10:24:11.1020 INFO Get User Success :100-Deputy Commissioner
2020-12-22 10:24:11.1020 INFO Get Product Master List Success
2020-12-22 10:24:11.1020 INFO Get State List Success
2020-12-22 10:24:11.1020 INFO Get NOC Sucess:10
2020-12-22 10:24:11.1020 INFO Get NOC Sucess:1
2020-12-22 10:24:11.1130 INFO Get State List Success
2020-12-22 10:24:11.1130 INFO Get NOC Details Success
2020-12-22 10:24:11.1130 INFO Get Customer Details Success
2020-12-22 10:24:11.1130 INFO Check WorkFlow List Success
2020-12-22 10:25:26.8729 INFO Get User Success :100-Deputy Commissioner
2020-12-22 10:25:29.8133 INFO Get User Success :100-Deputy Commissioner
2020-12-22 10:25:29.8156 INFO Get Product Master List Success
2020-12-22 10:25:29.8156 INFO Get State List Success
2020-12-22 10:25:29.8156 INFO Get NOC Sucess:10
2020-12-22 10:25:29.8156 INFO Get NOC Sucess:1
2020-12-22 10:25:29.8156 INFO Get State List Success
2020-12-22 10:25:29.8156 INFO Get NOC Details Success
2020-12-22 10:25:29.8156 INFO Get Customer Details Success
2020-12-22 10:25:29.8304 INFO Check WorkFlow List Success
2020-12-22 10:25:32.0528 INFO Get User Success :100-Deputy Commissioner
2020-12-22 10:29:27.6322 INFO Get User Success :100-Deputy Commissioner
2020-12-22 10:29:29.5866 INFO Check WorkFlow List Success
2020-12-22 10:29:29.5866 INFO Get RR List Success
2020-12-22 10:29:29.5866 INFO Get User Success :100-Deputy Commissioner
2020-12-22 10:29:45.0429 INFO Get User Success :113-Sasa Musa Sugar Works Pvt Ltd 
2020-12-22 10:29:49.6154 INFO Get User Success :113-Sasa Musa Sugar Works Pvt Ltd 
2020-12-22 10:29:52.7199 INFO Get RR List Success
2020-12-22 10:31:24.9633 INFO Get User Success :113-Sasa Musa Sugar Works Pvt Ltd 
2020-12-22 10:34:24.7382 INFO Get User Success :113-Sasa Musa Sugar Works Pvt Ltd 
2020-12-22 10:34:24.7382 INFO Get RR List Success
2020-12-22 10:34:24.7539 INFO Get User Success :113-Sasa Musa Sugar Works Pvt Ltd 
2020-12-22 10:34:51.2280 INFO Get User Success :97-Harinagar Sugar Mills Ltd
2020-12-22 10:34:54.3893 INFO Get User Success :97-Harinagar Sugar Mills Ltd
2020-12-22 10:34:54.3893 INFO Get RR List Success
2020-12-22 10:34:54.3963 INFO Get User Success :97-Harinagar Sugar Mills Ltd
2020-12-22 10:35:07.5781 INFO Get User Success :112-Riga Sugar Company Ltd
2020-12-22 10:35:11.0987 INFO Get User Success :112-Riga Sugar Company Ltd
2020-12-22 10:35:11.0987 INFO Get RR List Success
2020-12-22 10:35:11.0987 INFO Get User Success :112-Riga Sugar Company Ltd
2020-12-22 10:35:19.6290 INFO Get User Success :112-Riga Sugar Company Ltd
2020-12-22 10:35:19.6290 INFO Get Product Master List Success
2020-12-22 10:35:19.6290 INFO Get State List Success
2020-12-22 10:35:19.6290 INFO Get NOC Sucess:10
2020-12-22 10:35:19.6290 INFO Get NOC Sucess:3
2020-12-22 10:35:19.6290 INFO Get NOC Details Success
2020-12-22 10:35:19.6290 INFO Get Customer Details Success
2020-12-22 10:35:19.6439 INFO Check WorkFlow List Success
2020-12-22 10:35:19.6439 INFO Get User Success :112-Riga Sugar Company Ltd
2020-12-22 10:35:22.2471 INFO Get User Success :112-Riga Sugar Company Ltd
2020-12-22 10:35:22.2471 INFO Get RR List Success
2020-12-22 10:35:22.2531 INFO Get User Success :112-Riga Sugar Company Ltd
2020-12-22 10:36:24.4593 INFO Get User Success :112-Riga Sugar Company Ltd
2020-12-22 10:36:24.4593 INFO Get RR List Success
2020-12-22 10:36:24.4740 INFO Get User Success :112-Riga Sugar Company Ltd
2020-12-22 10:38:06.6816 INFO Get User Success :112-Riga Sugar Company Ltd
2020-12-22 10:38:06.6816 INFO Get MF2 List Success
2020-12-22 10:38:06.6816 INFO Get User Success :112-Riga Sugar Company Ltd
2020-12-22 10:38:19.1031 INFO Get User Success :98-Harinagar Sugar Mills Limited(Distillery Division)
2020-12-22 10:38:23.8397 INFO Get User Success :98-Harinagar Sugar Mills Limited(Distillery Division)
2020-12-22 10:38:23.8466 INFO Get Indent List Success
2020-12-22 10:38:23.8466 INFO Get User Success :98-Harinagar Sugar Mills Limited(Distillery Division)
2020-12-22 10:38:26.6015 INFO Get User Success :98-Harinagar Sugar Mills Limited(Distillery Division)
2020-12-22 10:38:26.6015 INFO Get Indent List Success
2020-12-22 10:38:28.1414 INFO Get User Success :98-Harinagar Sugar Mills Limited(Distillery Division)
2020-12-22 10:38:28.1535 INFO Get Allotment List Success
2020-12-22 10:38:28.1710 INFO Get User Success :98-Harinagar Sugar Mills Limited(Distillery Division)
2020-12-22 10:38:36.2530 INFO Get User Success :98-Harinagar Sugar Mills Limited(Distillery Division)
2020-12-22 10:38:36.2530 INFO Get Allotment List Success
2020-12-22 10:38:36.3128 INFO Get User Success :98-Harinagar Sugar Mills Limited(Distillery Division)
2020-12-22 10:38:36.3172 INFO Get Party Master List Success
2020-12-22 10:38:36.3172 INFO Get Indent List Success
2020-12-22 10:38:36.3172 INFO Get Allotment Details Success
2020-12-22 10:38:36.3318 INFO Get Party Master List Success
2020-12-22 10:38:36.3466 INFO Check WorkFlow List Success
2020-12-22 10:38:36.3466 INFO Get User Success :98-Harinagar Sugar Mills Limited(Distillery Division)
2020-12-22 10:38:53.4449 INFO Get User Success :98-Harinagar Sugar Mills Limited(Distillery Division)
2020-12-22 10:38:53.4449 INFO Get Party Master List Success
2020-12-22 10:38:53.4449 INFO Get Indent List Success
2020-12-22 10:38:53.4449 INFO Get Allotment Details Success
2020-12-22 10:38:53.4571 INFO Get Party Master List Success
2020-12-22 10:38:53.4571 INFO Check WorkFlow List Success
2020-12-22 10:38:53.4571 INFO Get User Success :98-Harinagar Sugar Mills Limited(Distillery Division)
2020-12-22 10:38:56.2611 INFO Get User Success :98-Harinagar Sugar Mills Limited(Distillery Division)
2020-12-22 10:38:56.2611 INFO Get Allotment List Success
2020-12-22 10:38:56.2781 INFO Get User Success :98-Harinagar Sugar Mills Limited(Distillery Division)
2020-12-22 10:40:34.1568 INFO Get User Success :98-Harinagar Sugar Mills Limited(Distillery Division)
2020-12-22 10:40:34.1648 INFO Get Allotment List Success
2020-12-22 10:40:34.1778 INFO Get User Success :98-Harinagar Sugar Mills Limited(Distillery Division)
2020-12-22 10:41:12.9203 INFO Get User Success :98-Harinagar Sugar Mills Limited(Distillery Division)
2020-12-22 10:41:12.9253 INFO Get Allotment List Success
2020-12-22 10:41:12.9424 INFO Get User Success :98-Harinagar Sugar Mills Limited(Distillery Division)
2020-12-22 10:42:17.4852 INFO Get User Success :98-Harinagar Sugar Mills Limited(Distillery Division)
2020-12-22 10:42:17.4888 INFO Get Allotment List Success
2020-12-22 10:42:17.5034 INFO Get User Success :98-Harinagar Sugar Mills Limited(Distillery Division)
2020-12-22 10:42:20.9408 INFO Get User Success :98-Harinagar Sugar Mills Limited(Distillery Division)
2020-12-22 10:42:20.9408 INFO Get Allotment List Success
2020-12-22 10:42:20.9408 INFO Get User Success :98-Harinagar Sugar Mills Limited(Distillery Division)
2020-12-22 10:42:21.1555 INFO Get User Success :98-Harinagar Sugar Mills Limited(Distillery Division)
2020-12-22 10:42:21.1595 INFO Get Allotment List Success
2020-12-22 10:42:21.1595 INFO Get User Success :98-Harinagar Sugar Mills Limited(Distillery Division)
2020-12-22 10:42:21.3550 INFO Get User Success :98-Harinagar Sugar Mills Limited(Distillery Division)
2020-12-22 10:42:21.3550 INFO Get Allotment List Success
2020-12-22 10:42:21.3630 INFO Get User Success :98-Harinagar Sugar Mills Limited(Distillery Division)
2020-12-22 10:42:21.5325 INFO Get User Success :98-Harinagar Sugar Mills Limited(Distillery Division)
2020-12-22 10:42:21.5365 INFO Get Allotment List Success
2020-12-22 10:42:21.5365 INFO Get User Success :98-Harinagar Sugar Mills Limited(Distillery Division)
2020-12-22 10:42:21.7051 INFO Get User Success :98-Harinagar Sugar Mills Limited(Distillery Division)
2020-12-22 10:42:21.7120 INFO Get Allotment List Success
2020-12-22 10:42:21.7120 INFO Get User Success :98-Harinagar Sugar Mills Limited(Distillery Division)
2020-12-22 10:42:21.8736 INFO Get User Success :98-Harinagar Sugar Mills Limited(Distillery Division)
2020-12-22 10:42:21.8806 INFO Get Allotment List Success
2020-12-22 10:42:21.8806 INFO Get User Success :98-Harinagar Sugar Mills Limited(Distillery Division)
2020-12-22 10:42:47.9991 INFO Get User Success :98-Harinagar Sugar Mills Limited(Distillery Division)
2020-12-22 10:42:48.0034 INFO Get Allotment List Success
2020-12-22 10:42:48.0178 INFO Get User Success :98-Harinagar Sugar Mills Limited(Distillery Division)
2020-12-22 10:43:10.3930 INFO Get User Success :98-Harinagar Sugar Mills Limited(Distillery Division)
2020-12-22 10:43:10.3930 INFO Get Allotment List Success
2020-12-22 10:43:10.4108 INFO Get User Success :98-Harinagar Sugar Mills Limited(Distillery Division)
2020-12-22 10:43:41.1380 INFO Get User Success :98-Harinagar Sugar Mills Limited(Distillery Division)
2020-12-22 10:43:41.1380 INFO Get Allotment List Success
2020-12-22 10:43:41.1565 INFO Get User Success :98-Harinagar Sugar Mills Limited(Distillery Division)
2020-12-22 10:44:07.0813 INFO Get User Success :98-Harinagar Sugar Mills Limited(Distillery Division)
2020-12-22 10:44:07.0813 INFO Get Allotment List Success
2020-12-22 10:44:07.0988 INFO Get User Success :98-Harinagar Sugar Mills Limited(Distillery Division)
2020-12-22 10:44:10.9482 INFO Get User Success :98-Harinagar Sugar Mills Limited(Distillery Division)
2020-12-22 10:44:10.9482 INFO Get Allotment List Success
2020-12-22 11:15:52.4368 INFO Get User Success :113-Sasa Musa Sugar Works Pvt Ltd 
2020-12-22 11:15:56.7875 INFO Get User Success :113-Sasa Musa Sugar Works Pvt Ltd 
2020-12-22 11:15:56.7875 INFO Get MF2 List Success
2020-12-22 11:15:56.8315 INFO Get User Success :113-Sasa Musa Sugar Works Pvt Ltd 
2020-12-22 11:16:00.6295 INFO Get User Success :113-Sasa Musa Sugar Works Pvt Ltd 
2020-12-22 11:16:00.6295 INFO Get Party Master List Success
2020-12-22 11:16:00.6295 INFO Get Party Master List Success
2020-12-22 11:16:00.6511 INFO Get Product Master List Success
2020-12-22 11:16:00.6511 INFO Get VAT Master List Success
2020-12-22 11:16:00.6765 INFO Get MF2  Details Success
2020-12-22 11:16:00.7212 INFO Get User Success :113-Sasa Musa Sugar Works Pvt Ltd 
2020-12-22 11:19:49.0558 INFO Get User Success :113-Sasa Musa Sugar Works Pvt Ltd 
2020-12-22 11:19:52.3887 INFO Get User Success :113-Sasa Musa Sugar Works Pvt Ltd 
2020-12-22 11:19:52.3955 INFO Get MF2 List Success
2020-12-22 11:19:52.4319 INFO Get User Success :113-Sasa Musa Sugar Works Pvt Ltd 
2020-12-22 11:19:55.7563 INFO Get User Success :113-Sasa Musa Sugar Works Pvt Ltd 
2020-12-22 11:19:55.7683 INFO Get Party Master List Success
2020-12-22 11:19:55.7683 INFO Get Party Master List Success
2020-12-22 11:19:55.7910 INFO Get Product Master List Success
2020-12-22 11:19:55.7910 INFO Get VAT Master List Success
2020-12-22 11:19:55.8173 INFO Get MF2  Details Success
2020-12-22 11:19:55.8612 INFO Get User Success :113-Sasa Musa Sugar Works Pvt Ltd 
2020-12-22 11:22:01.4822 INFO Update MF2 Success :21-12-2020-SMS
2020-12-22 11:22:01.5071 INFO Get User Success :113-Sasa Musa Sugar Works Pvt Ltd 
2020-12-22 11:22:01.5071 INFO Get MF2 List Success
2020-12-22 11:22:01.5071 INFO Get User Success :113-Sasa Musa Sugar Works Pvt Ltd 
2020-12-22 11:22:04.1207 INFO Get User Success :113-Sasa Musa Sugar Works Pvt Ltd 
2020-12-22 11:22:04.1207 INFO Get Party Master List Success
2020-12-22 11:22:04.1277 INFO Get Party Master List Success
2020-12-22 11:22:04.1277 INFO Get Product Master List Success
2020-12-22 11:22:04.1277 INFO Get VAT Master List Success
2020-12-22 11:22:04.1277 INFO Get MF2  Details Success
2020-12-22 11:22:04.1277 INFO Get User Success :113-Sasa Musa Sugar Works Pvt Ltd 
2020-12-22 11:23:11.8147 INFO Get User Success :113-Sasa Musa Sugar Works Pvt Ltd 
2020-12-22 11:23:11.8147 INFO Get Party Master List Success
2020-12-22 11:23:11.8147 INFO Get Party Master List Success
2020-12-22 11:23:11.8147 INFO Get Product Master List Success
2020-12-22 11:23:11.8147 INFO Get VAT Master List Success
2020-12-22 11:23:11.8321 INFO Get MF2  Details Success
2020-12-22 11:23:11.8321 INFO Get User Success :113-Sasa Musa Sugar Works Pvt Ltd 
2020-12-22 11:23:14.4503 INFO Get User Success :113-Sasa Musa Sugar Works Pvt Ltd 
2020-12-22 11:23:14.4503 INFO Get MF2 List Success
2020-12-22 11:23:14.4503 INFO Get User Success :113-Sasa Musa Sugar Works Pvt Ltd 
2020-12-22 11:23:15.5189 INFO Get User Success :113-Sasa Musa Sugar Works Pvt Ltd 
2020-12-22 11:23:15.5189 INFO Get Party Master List Success
2020-12-22 11:23:15.5189 INFO Get Party Master List Success
2020-12-22 11:23:15.5189 INFO Get Product Master List Success
2020-12-22 11:23:15.5189 INFO Get VAT Master List Success
2020-12-22 11:23:15.5354 INFO Get MF2  Details Success
2020-12-22 11:23:15.5354 INFO Get User Success :113-Sasa Musa Sugar Works Pvt Ltd 
2020-12-22 11:24:18.4438 INFO Update MF2 Success :21-12-2020-SMS
2020-12-22 11:24:18.4661 INFO Get User Success :113-Sasa Musa Sugar Works Pvt Ltd 
2020-12-22 11:24:18.4661 INFO Get MF2 List Success
2020-12-22 11:24:18.4711 INFO Get User Success :113-Sasa Musa Sugar Works Pvt Ltd 
2020-12-22 11:24:21.0329 INFO Get User Success :113-Sasa Musa Sugar Works Pvt Ltd 
2020-12-22 11:24:21.0369 INFO Get Party Master List Success
2020-12-22 11:24:21.0369 INFO Get Party Master List Success
2020-12-22 11:24:21.0369 INFO Get Product Master List Success
2020-12-22 11:24:21.0369 INFO Get VAT Master List Success
2020-12-22 11:24:21.0518 INFO Get MF2  Details Success
2020-12-22 11:24:21.0518 INFO Get User Success :113-Sasa Musa Sugar Works Pvt Ltd 
2020-12-22 11:25:08.6415 INFO Get User Success :109-Sona Sati Organics Pvt Ltd
2020-12-22 11:25:11.5282 INFO Get User Success :109-Sona Sati Organics Pvt Ltd
2020-12-22 11:25:11.5342 INFO Get Indent List Success
2020-12-22 11:25:11.5342 INFO Get User Success :109-Sona Sati Organics Pvt Ltd
2020-12-22 11:25:13.2067 INFO Get User Success :109-Sona Sati Organics Pvt Ltd
2020-12-22 11:25:13.2067 INFO Get Indent List Success
2020-12-22 11:25:13.2714 INFO Get User Success :109-Sona Sati Organics Pvt Ltd
2020-12-22 11:25:13.2714 INFO Get Party Master List Success
2020-12-22 11:25:13.2714 INFO Get Product Master List Success
2020-12-22 11:25:13.2848 INFO Get Indent Details Success
2020-12-22 11:25:13.2848 INFO Get User Success :109-Sona Sati Organics Pvt Ltd
2020-12-22 11:25:19.8238 INFO Get User Success :109-Sona Sati Organics Pvt Ltd
2020-12-22 11:25:19.8238 INFO Get Party Master List Success
2020-12-22 11:25:19.8238 INFO Get Product Master List Success
2020-12-22 11:25:19.8328 INFO Get Indent Details Success
2020-12-22 11:25:19.8328 INFO Get User Success :109-Sona Sati Organics Pvt Ltd
2020-12-22 11:26:04.3276 INFO Get User Success :109-Sona Sati Organics Pvt Ltd
2020-12-22 11:26:04.3316 INFO Get Party Master List Success
2020-12-22 11:26:04.3316 INFO Get Product Master List Success
2020-12-22 11:26:04.3316 INFO Get Indent Details Success
2020-12-22 11:26:04.3316 INFO Get User Success :109-Sona Sati Organics Pvt Ltd
2020-12-22 11:26:18.0145 INFO Update Indent Success :22-12-2020-SOD
2020-12-22 11:26:18.0442 INFO Get User Success :109-Sona Sati Organics Pvt Ltd
2020-12-22 11:26:18.0442 INFO Get Indent List Success
2020-12-22 11:26:18.0502 INFO Get User Success :109-Sona Sati Organics Pvt Ltd
2020-12-22 11:26:19.7168 INFO Get User Success :109-Sona Sati Organics Pvt Ltd
2020-12-22 11:26:19.7168 INFO Get Indent List Success
2020-12-22 11:26:19.7439 INFO Get User Success :109-Sona Sati Organics Pvt Ltd
2020-12-22 11:26:19.7439 INFO Get Party Master List Success
2020-12-22 11:26:19.7439 INFO Get Product Master List Success
2020-12-22 11:26:19.7535 INFO Get Indent Details Success
2020-12-22 11:26:19.7535 INFO Get User Success :109-Sona Sati Organics Pvt Ltd
2020-12-22 11:28:58.7806 INFO Get User Success :109-Sona Sati Organics Pvt Ltd
2020-12-22 11:28:58.7876 INFO Get Allotment List Success
2020-12-22 11:28:58.7876 INFO Get User Success :109-Sona Sati Organics Pvt Ltd
2020-12-22 11:32:39.0535 INFO Get User Success :109-Sona Sati Organics Pvt Ltd
2020-12-22 11:32:39.0535 INFO Get User Success :109-Sona Sati Organics Pvt Ltd
2020-12-22 11:32:40.6471 INFO Get User Success :109-Sona Sati Organics Pvt Ltd
2020-12-22 11:32:40.6471 INFO Get Pass List Success
2020-12-22 11:32:40.6611 INFO Get User Success :109-Sona Sati Organics Pvt Ltd
2020-12-22 11:38:35.2236 INFO Get User Success :98-Harinagar Sugar Mills Limited(Distillery Division)
2020-12-22 11:38:38.6285 INFO Get User Success :98-Harinagar Sugar Mills Limited(Distillery Division)
2020-12-22 11:38:38.6285 INFO Get Indent List Success
2020-12-22 11:38:38.6285 INFO Get User Success :98-Harinagar Sugar Mills Limited(Distillery Division)
2020-12-22 11:38:40.3100 INFO Get User Success :98-Harinagar Sugar Mills Limited(Distillery Division)
2020-12-22 11:38:40.3100 INFO Get Indent List Success
2020-12-22 11:38:41.5946 INFO Get User Success :98-Harinagar Sugar Mills Limited(Distillery Division)
2020-12-22 11:38:41.6007 INFO Get Party Master List Success
2020-12-22 11:38:41.6007 INFO Get Product Master List Success
2020-12-22 11:38:41.6007 INFO Get Indent Details Success
2020-12-22 11:38:41.6208 INFO Get User Success :98-Harinagar Sugar Mills Limited(Distillery Division)
2020-12-22 11:39:51.1256 INFO Get User Success :98-Harinagar Sugar Mills Limited(Distillery Division)
2020-12-22 11:39:51.1325 INFO Get Indent List Success
2020-12-22 11:39:51.1325 INFO Get User Success :98-Harinagar Sugar Mills Limited(Distillery Division)
2020-12-22 11:39:52.5730 INFO Get User Success :98-Harinagar Sugar Mills Limited(Distillery Division)
2020-12-22 11:39:52.5730 INFO Get Indent List Success
2020-12-22 11:39:52.5959 INFO Get User Success :98-Harinagar Sugar Mills Limited(Distillery Division)
2020-12-22 11:39:52.5989 INFO Get Party Master List Success
2020-12-22 11:39:52.5989 INFO Get Product Master List Success
2020-12-22 11:39:52.5989 INFO Get Indent Details Success
2020-12-22 11:39:52.5989 INFO Get User Success :98-Harinagar Sugar Mills Limited(Distillery Division)
2020-12-22 11:40:25.1848 INFO Get User Success :98-Harinagar Sugar Mills Limited(Distillery Division)
2020-12-22 11:40:25.1848 INFO Get Party Master List Success
2020-12-22 11:40:25.1898 INFO Get Product Master List Success
2020-12-22 11:40:25.1898 INFO Get Indent Details Success
2020-12-22 11:40:25.1898 INFO Get User Success :98-Harinagar Sugar Mills Limited(Distillery Division)
2020-12-22 11:40:55.7466 INFO Get User Success :98-Harinagar Sugar Mills Limited(Distillery Division)
2020-12-22 11:40:55.7466 INFO Get Indent List Success
2020-12-22 11:40:55.7536 INFO Get User Success :98-Harinagar Sugar Mills Limited(Distillery Division)
2020-12-22 11:41:00.8067 INFO Get User Success :98-Harinagar Sugar Mills Limited(Distillery Division)
2020-12-22 11:41:00.8067 INFO Get Indent List Success
2020-12-22 11:41:00.8497 INFO Get User Success :98-Harinagar Sugar Mills Limited(Distillery Division)
2020-12-22 11:41:00.8497 INFO Get Party Master List Success
2020-12-22 11:41:00.8497 INFO Get Product Master List Success
2020-12-22 11:41:00.8497 INFO Get Indent Details Success
2020-12-22 11:41:00.8625 INFO Get User Success :98-Harinagar Sugar Mills Limited(Distillery Division)
2020-12-22 11:41:49.5002 INFO Get User Success :98-Harinagar Sugar Mills Limited(Distillery Division)
2020-12-22 11:41:49.5032 INFO Get Indent List Success
2020-12-22 11:41:49.5032 INFO Get User Success :98-Harinagar Sugar Mills Limited(Distillery Division)
2020-12-22 11:41:51.7398 INFO Get User Success :98-Harinagar Sugar Mills Limited(Distillery Division)
2020-12-22 11:41:51.7398 INFO Get Indent List Success
2020-12-22 11:41:51.7651 INFO Get User Success :98-Harinagar Sugar Mills Limited(Distillery Division)
2020-12-22 11:41:51.7741 INFO Get Allotment List Success
2020-12-22 11:41:51.7871 INFO Get User Success :98-Harinagar Sugar Mills Limited(Distillery Division)
2020-12-22 11:41:56.9419 INFO Get User Success :98-Harinagar Sugar Mills Limited(Distillery Division)
2020-12-22 11:41:56.9419 INFO Get Allotment List Success
2020-12-22 11:45:38.4952 INFO Get User Success :113-Sasa Musa Sugar Works Pvt Ltd 
2020-12-22 11:45:42.1097 INFO Get User Success :113-Sasa Musa Sugar Works Pvt Ltd 
2020-12-22 11:45:42.1131 INFO Get MF2 List Success
2020-12-22 11:45:42.1131 INFO Get User Success :113-Sasa Musa Sugar Works Pvt Ltd 
2020-12-22 11:45:43.6677 INFO Get User Success :113-Sasa Musa Sugar Works Pvt Ltd 
2020-12-22 11:45:43.6677 INFO Get MF3 List Success
2020-12-22 11:45:43.6842 INFO Get User Success :113-Sasa Musa Sugar Works Pvt Ltd 
2020-12-22 11:45:46.1903 INFO Get User Success :113-Sasa Musa Sugar Works Pvt Ltd 
2020-12-22 11:45:46.1903 INFO Get VAT Master List Success
2020-12-22 11:45:46.1903 INFO Get Product Master List Success
2020-12-22 11:45:46.1903 INFO Get MF3  Details Success
2020-12-22 11:45:46.2074 INFO Get User Success :113-Sasa Musa Sugar Works Pvt Ltd 
2020-12-22 11:47:44.4949 INFO Get User Success :113-Sasa Musa Sugar Works Pvt Ltd 
2020-12-22 11:47:44.4949 INFO Get VAT Master List Success
2020-12-22 11:47:44.4949 INFO Get Product Master List Success
2020-12-22 11:47:44.5038 INFO Get MF3  Details Success
2020-12-22 11:47:44.5038 INFO Get User Success :113-Sasa Musa Sugar Works Pvt Ltd 
2020-12-22 11:48:12.4443 INFO Get User Success :113-Sasa Musa Sugar Works Pvt Ltd 
2020-12-22 11:48:12.4443 INFO Get VAT Master List Success
2020-12-22 11:48:12.4443 INFO Get Product Master List Success
2020-12-22 11:48:12.4443 INFO Get MF3  Details Success
2020-12-22 11:48:12.4585 INFO Get User Success :113-Sasa Musa Sugar Works Pvt Ltd 
2020-12-22 11:48:15.5640 INFO Get User Success :113-Sasa Musa Sugar Works Pvt Ltd 
2020-12-22 11:48:15.5664 INFO Get VAT Master List Success
2020-12-22 11:48:15.5664 INFO Get Product Master List Success
2020-12-22 11:48:15.5664 INFO Get MF3  Details Success
2020-12-22 11:48:15.5664 INFO Get User Success :113-Sasa Musa Sugar Works Pvt Ltd 
2020-12-22 11:48:43.3548 INFO Get User Success :113-Sasa Musa Sugar Works Pvt Ltd 
2020-12-22 11:48:43.3548 INFO Get VAT Master List Success
2020-12-22 11:48:43.3548 INFO Get Product Master List Success
2020-12-22 11:48:43.3637 INFO Get MF3  Details Success
2020-12-22 11:48:43.3637 INFO Get User Success :113-Sasa Musa Sugar Works Pvt Ltd 
2020-12-22 11:48:50.9301 INFO Get User Success :113-Sasa Musa Sugar Works Pvt Ltd 
2020-12-22 11:48:50.9301 INFO Get VAT Master List Success
2020-12-22 11:48:50.9301 INFO Get Product Master List Success
2020-12-22 11:48:50.9491 INFO Get MF3  Details Success
2020-12-22 11:48:50.9491 INFO Get User Success :113-Sasa Musa Sugar Works Pvt Ltd 
2020-12-22 11:51:10.2866 INFO Get User Success :113-Sasa Musa Sugar Works Pvt Ltd 
2020-12-22 11:51:10.2866 INFO Get MF3 List Success
2020-12-22 11:51:10.2866 INFO Get User Success :113-Sasa Musa Sugar Works Pvt Ltd 
2020-12-22 11:51:12.3400 INFO Get User Success :113-Sasa Musa Sugar Works Pvt Ltd 
2020-12-22 11:51:12.3400 INFO Get VAT Master List Success
2020-12-22 11:51:12.3400 INFO Get Product Master List Success
2020-12-22 11:51:12.3481 INFO Get User Success :113-Sasa Musa Sugar Works Pvt Ltd 
2020-12-22 11:51:35.1271 INFO Get User Success :113-Sasa Musa Sugar Works Pvt Ltd 
2020-12-22 11:51:46.2610 INFO Sugarcanepurchase Get List Success
2020-12-22 11:51:46.2610 INFO Get User Success :113-Sasa Musa Sugar Works Pvt Ltd 
2020-12-22 11:51:46.2750 INFO Get User Success :113-Sasa Musa Sugar Works Pvt Ltd 
2020-12-22 11:51:49.0629 INFO Get Party Master List Success
2020-12-22 11:51:49.0673 INFO Get User Success :113-Sasa Musa Sugar Works Pvt Ltd 
2020-12-22 11:51:49.0673 INFO Sugarcanepurchase Get List Success
2020-12-22 11:51:49.0834 INFO Get User Success :113-Sasa Musa Sugar Works Pvt Ltd 
2020-12-22 11:51:51.4375 INFO Sugarcanepurchase Get List Success
2020-12-22 11:51:51.4405 INFO Get User Success :113-Sasa Musa Sugar Works Pvt Ltd 
2020-12-22 11:51:51.4405 INFO Get User Success :113-Sasa Musa Sugar Works Pvt Ltd 
2020-12-22 11:51:52.5427 INFO Get Party Master List Success
2020-12-22 11:51:52.5427 INFO Get User Success :113-Sasa Musa Sugar Works Pvt Ltd 
2020-12-22 11:51:52.5507 INFO Get User Success :113-Sasa Musa Sugar Works Pvt Ltd 
2020-12-22 11:51:55.8240 INFO Get Existing data Fail :sugarcanepurchase
2020-12-22 11:52:45.6797 INFO Get MaxID Success :sugarcanepurchase
2020-12-22 11:52:45.6956 INFO Sugarcanepurchase Insertion Success:0-SMS
2020-12-22 11:52:45.7165 INFO Sugarcanepurchase Get List Success
2020-12-22 11:52:45.7165 INFO Get User Success :113-Sasa Musa Sugar Works Pvt Ltd 
2020-12-22 11:52:45.7235 INFO Get User Success :113-Sasa Musa Sugar Works Pvt Ltd 
2020-12-22 11:52:52.1497 INFO Get Party Master List Success
2020-12-22 11:52:52.1497 INFO Get User Success :113-Sasa Musa Sugar Works Pvt Ltd 
2020-12-22 11:52:52.1497 INFO Sugarcanepurchase Get List Success
2020-12-22 11:52:52.1619 INFO Get User Success :113-Sasa Musa Sugar Works Pvt Ltd 
2020-12-22 11:52:54.9166 INFO Sugarcanepurchase Get List Success
2020-12-22 11:52:54.9166 INFO Get User Success :113-Sasa Musa Sugar Works Pvt Ltd 
2020-12-22 11:52:54.9252 INFO Get User Success :113-Sasa Musa Sugar Works Pvt Ltd 
2020-12-22 11:53:06.5147 INFO Get User Success :113-Sasa Musa Sugar Works Pvt Ltd 
2020-12-22 11:53:08.8049 INFO Sugarcanepurchase Get List Success
2020-12-22 11:53:08.8049 INFO Get User Success :113-Sasa Musa Sugar Works Pvt Ltd 
2020-12-22 11:53:08.8049 INFO Get User Success :113-Sasa Musa Sugar Works Pvt Ltd 
2020-12-22 11:53:16.9097 INFO MIR GetList Sucess
2020-12-22 11:53:16.9097 INFO Get User Success :113-Sasa Musa Sugar Works Pvt Ltd 
2020-12-22 11:53:16.9278 INFO Get User Success :113-Sasa Musa Sugar Works Pvt Ltd 
2020-12-22 11:53:18.8336 INFO Get User Success :113-Sasa Musa Sugar Works Pvt Ltd 
2020-12-22 11:53:18.8336 INFO Get VAT Master List Success
2020-12-22 11:53:18.8515 INFO Get Pass List Success
2020-12-22 11:53:18.8515 INFO Get User Success :113-Sasa Musa Sugar Works Pvt Ltd 
2020-12-22 11:53:24.1312 INFO Get Pass List Success
2020-12-22 11:54:06.9989 INFO MIR Insertion Fail:6-SMS-22007: invalid input syntax for type timestamp: ""
2020-12-22 11:54:07.0145 INFO MIR Update Fail :SMS-SMSSTO0002_6-22007: invalid input syntax for type timestamp: ""
2020-12-22 11:55:01.6083 INFO MIR Insertion Fail:6-SMS-22007: invalid input syntax for type timestamp: ""
2020-12-22 11:55:17.0837 INFO MIR Update Fail :SMS-SMSSTO0002_6-22007: invalid input syntax for type timestamp: ""
2020-12-22 11:55:28.2409 INFO MIR GetList Sucess
2020-12-22 11:55:28.2409 INFO Get User Success :113-Sasa Musa Sugar Works Pvt Ltd 
2020-12-22 11:55:28.2409 INFO Get User Success :113-Sasa Musa Sugar Works Pvt Ltd 
2020-12-22 11:55:29.8338 INFO Get User Success :113-Sasa Musa Sugar Works Pvt Ltd 
2020-12-22 11:55:29.8338 INFO Get VAT Master List Success
2020-12-22 11:55:29.8486 INFO Get Pass List Success
2020-12-22 11:55:29.8486 INFO Get User Success :113-Sasa Musa Sugar Works Pvt Ltd 
2020-12-22 11:55:32.3292 INFO Get Pass List Success
2020-12-22 11:56:27.5629 INFO MIR Insertion Sucess:6-SMS
2020-12-22 11:56:27.5863 INFO MIR GetList Sucess
2020-12-22 11:56:27.5863 INFO Get User Success :113-Sasa Musa Sugar Works Pvt Ltd 
2020-12-22 11:56:27.5863 INFO Get User Success :113-Sasa Musa Sugar Works Pvt Ltd 
2020-12-22 11:56:29.9448 INFO Get User Success :113-Sasa Musa Sugar Works Pvt Ltd 
2020-12-22 11:56:29.9448 INFO Get VAT Master List Success
2020-12-22 11:56:29.9589 INFO Get Pass List Success
2020-12-22 11:57:47.9211 INFO MIR GetList Sucess
2020-12-22 11:57:47.9243 INFO Get User Success :113-Sasa Musa Sugar Works Pvt Ltd 
2020-12-22 11:57:47.9243 INFO Get User Success :113-Sasa Musa Sugar Works Pvt Ltd 
2020-12-22 11:57:49.9452 INFO Get User Success :113-Sasa Musa Sugar Works Pvt Ltd 
2020-12-22 11:57:49.9452 INFO Get VAT Master List Success
2020-12-22 11:57:49.9599 INFO Get Pass List Success
2020-12-22 11:57:57.3610 INFO MIR GetList Sucess
2020-12-22 11:57:57.3645 INFO Get User Success :113-Sasa Musa Sugar Works Pvt Ltd 
2020-12-22 11:57:57.3645 INFO Get User Success :113-Sasa Musa Sugar Works Pvt Ltd 
2020-12-22 11:58:09.4371 INFO Get User Success :113-Sasa Musa Sugar Works Pvt Ltd 
2020-12-22 11:58:11.8553 INFO Sugarcanepurchase Get List Success
2020-12-22 11:58:11.8553 INFO Get User Success :113-Sasa Musa Sugar Works Pvt Ltd 
2020-12-22 11:58:11.8621 INFO Get User Success :113-Sasa Musa Sugar Works Pvt Ltd 
2020-12-22 11:58:15.9653 INFO MIR GetList Sucess
2020-12-22 11:58:15.9653 INFO Get User Success :113-Sasa Musa Sugar Works Pvt Ltd 
2020-12-22 11:58:15.9713 INFO Get User Success :113-Sasa Musa Sugar Works Pvt Ltd 
2020-12-22 11:58:17.1896 INFO Get User Success :113-Sasa Musa Sugar Works Pvt Ltd 
2020-12-22 11:58:17.1995 INFO Get VAT Master List Success
2020-12-22 11:58:17.2055 INFO Get Pass List Success
2020-12-22 11:58:36.8075 INFO MIR GetList Sucess
2020-12-22 11:58:36.8075 INFO Get User Success :113-Sasa Musa Sugar Works Pvt Ltd 
2020-12-22 11:58:36.8075 INFO Get User Success :113-Sasa Musa Sugar Works Pvt Ltd 
2020-12-22 11:59:24.0599 INFO MIR GetList Sucess
2020-12-22 11:59:45.1311 INFO Get User Success :113-Sasa Musa Sugar Works Pvt Ltd 
2020-12-22 12:00:12.6800 INFO Get User Success :113-Sasa Musa Sugar Works Pvt Ltd 
2020-12-22 12:00:28.1468 INFO Get User Success :113-Sasa Musa Sugar Works Pvt Ltd 
2020-12-22 12:00:28.1468 INFO Get VAT Master List Success
2020-12-22 12:00:28.1620 INFO Get Pass List Success
2020-12-22 12:03:24.8537 INFO MIR GetDetails Fail :A command is already in progress: select a.*,b.dispatch_type_name,e.cust_name,c.party_name from exciseautomation.molassesissueregister a inner join exciseautomation.dispatch_type_master b  on a.issuetype=b.dispatch_type_id left join exciseautomation.party_master c on c.party_code=a.to_party_code left join exciseautomation.customer_master e on e.customer_id=a.to_party_code where molassesissueregister_id='6'
2020-12-22 12:03:30.0827 INFO MIR GetDetails Fail :Field not found in row: customer_id
2020-12-22 12:03:30.0827 INFO Get Pass List Success
2020-12-22 12:03:30.0827 INFO Get User Success :113-Sasa Musa Sugar Works Pvt Ltd 
2020-12-22 12:04:52.3043 INFO Get Pass List Success
2020-12-22 12:06:40.2172 INFO MIR Update Success:SMS-SMSSTO0002_6
2020-12-22 12:06:42.2534 INFO MIR GetList Sucess
2020-12-22 12:06:43.5681 INFO Get User Success :113-Sasa Musa Sugar Works Pvt Ltd 
2020-12-22 12:06:43.5681 INFO Get User Success :113-Sasa Musa Sugar Works Pvt Ltd 
2020-12-22 12:06:55.0824 INFO Get Report  Success
2020-12-22 12:06:55.0824 INFO Get User Success :113-Sasa Musa Sugar Works Pvt Ltd 
2020-12-22 12:06:55.0824 INFO Get Party Master List Success
2020-12-22 12:06:55.0824 INFO Get User Success :113-Sasa Musa Sugar Works Pvt Ltd 
2020-12-22 12:17:49.4408 INFO Get User Success :112-Riga Sugar Company Ltd
2020-12-22 12:17:55.2892 INFO Get User Success :112-Riga Sugar Company Ltd
2020-12-22 12:17:55.2892 INFO Get MF2 List Success
2020-12-22 12:17:55.3293 INFO Get User Success :112-Riga Sugar Company Ltd
2020-12-22 12:17:57.2029 INFO Get User Success :112-Riga Sugar Company Ltd
2020-12-22 12:17:57.2069 INFO Get MF3 List Success
2020-12-22 12:17:57.2069 INFO Get User Success :112-Riga Sugar Company Ltd
2020-12-22 12:18:10.0411 INFO Get User Success :112-Riga Sugar Company Ltd
2020-12-22 12:18:10.0411 INFO Get VAT Master List Success
2020-12-22 12:18:10.0531 INFO Get Product Master List Success
2020-12-22 12:18:10.0720 INFO Get MF3  Details Success
2020-12-22 12:18:10.0969 INFO Get User Success :112-Riga Sugar Company Ltd
2020-12-22 12:24:28.3991 INFO Get User Success :112-Riga Sugar Company Ltd
2020-12-22 12:24:35.3361 INFO Get User Success :112-Riga Sugar Company Ltd
2020-12-22 12:24:35.3361 INFO Get MF2 List Success
2020-12-22 12:24:35.3750 INFO Get User Success :112-Riga Sugar Company Ltd
2020-12-22 12:24:36.9188 INFO Get User Success :112-Riga Sugar Company Ltd
2020-12-22 12:24:36.9288 INFO Get MF3 List Success
2020-12-22 12:24:36.9411 INFO Get User Success :112-Riga Sugar Company Ltd
2020-12-22 12:24:47.1597 INFO Get User Success :112-Riga Sugar Company Ltd
2020-12-22 12:24:47.1597 INFO Get VAT Master List Success
2020-12-22 12:24:47.1597 INFO Get Product Master List Success
2020-12-22 12:24:47.1749 INFO Get User Success :112-Riga Sugar Company Ltd
2020-12-22 12:25:05.0347 INFO Get User Success :109-Sona Sati Organics Pvt Ltd
2020-12-22 12:25:07.3169 INFO Get User Success :109-Sona Sati Organics Pvt Ltd
2020-12-22 12:25:07.3169 INFO Get Indent List Success
2020-12-22 12:25:07.3339 INFO Get User Success :109-Sona Sati Organics Pvt Ltd
2020-12-22 12:25:08.3795 INFO Get User Success :109-Sona Sati Organics Pvt Ltd
2020-12-22 12:25:08.3795 INFO Get Indent List Success
2020-12-22 12:25:08.4194 INFO Get User Success :109-Sona Sati Organics Pvt Ltd
2020-12-22 12:25:08.4264 INFO Get Allotment List Success
2020-12-22 12:25:08.4264 INFO Get User Success :109-Sona Sati Organics Pvt Ltd
2020-12-22 12:25:09.9755 INFO Get User Success :109-Sona Sati Organics Pvt Ltd
2020-12-22 12:25:09.9755 INFO Get Allotment List Success
2020-12-22 12:25:10.0315 INFO Get User Success :109-Sona Sati Organics Pvt Ltd
2020-12-22 12:25:10.0369 INFO Get Party Master List Success
2020-12-22 12:25:10.0369 INFO Get Indent List Success
2020-12-22 12:25:10.0369 INFO Get User Success :109-Sona Sati Organics Pvt Ltd
2020-12-22 12:25:53.0660 INFO Get User Success :138-Majhaulia Sugar Industries Pvt Ltd.
2020-12-22 12:25:55.4368 INFO Get User Success :138-Majhaulia Sugar Industries Pvt Ltd.
2020-12-22 12:25:55.4398 INFO Get MF2 List Success
2020-12-22 12:25:55.4398 INFO Get User Success :138-Majhaulia Sugar Industries Pvt Ltd.
2020-12-22 12:25:56.7089 INFO Get User Success :138-Majhaulia Sugar Industries Pvt Ltd.
2020-12-22 12:25:56.7089 INFO Get MF3 List Success
2020-12-22 12:25:56.7089 INFO Get User Success :138-Majhaulia Sugar Industries Pvt Ltd.
2020-12-22 12:25:58.1313 INFO Get User Success :138-Majhaulia Sugar Industries Pvt Ltd.
2020-12-22 12:25:58.1313 INFO Get VAT Master List Success
2020-12-22 12:25:58.1313 INFO Get Product Master List Success
2020-12-22 12:25:58.1313 INFO Get User Success :138-Majhaulia Sugar Industries Pvt Ltd.
2020-12-22 12:28:32.0632 INFO Get User Success :138-Majhaulia Sugar Industries Pvt Ltd.
2020-12-22 12:28:32.0659 INFO Get VAT Master List Success
2020-12-22 12:28:32.0659 INFO Get Product Master List Success
2020-12-22 12:28:32.0659 INFO Get User Success :138-Majhaulia Sugar Industries Pvt Ltd.
2020-12-22 12:30:49.9873 INFO Get User Success :138-Majhaulia Sugar Industries Pvt Ltd.
2020-12-22 12:30:49.9873 INFO Get VAT Master List Success
2020-12-22 12:30:49.9873 INFO Get Product Master List Success
2020-12-22 12:30:49.9873 INFO Get User Success :138-Majhaulia Sugar Industries Pvt Ltd.
2020-12-22 12:32:32.1063 INFO Get User Success :138-Majhaulia Sugar Industries Pvt Ltd.
2020-12-22 12:32:32.1063 INFO Get VAT Master List Success
2020-12-22 12:32:32.1063 INFO Get Product Master List Success
2020-12-22 12:32:32.1144 INFO Get User Success :138-Majhaulia Sugar Industries Pvt Ltd.
2020-12-22 12:35:12.5708 INFO Get User Success :138-Majhaulia Sugar Industries Pvt Ltd.
2020-12-22 12:35:27.7649 INFO Sugarcanepurchase Get List Success
2020-12-22 12:35:27.7689 INFO Get User Success :138-Majhaulia Sugar Industries Pvt Ltd.
2020-12-22 12:35:27.7879 INFO Get User Success :138-Majhaulia Sugar Industries Pvt Ltd.
2020-12-22 12:35:31.9978 INFO Get User Success :138-Majhaulia Sugar Industries Pvt Ltd.
2020-12-22 12:35:32.0028 INFO Get MF2 List Success
2020-12-22 12:35:32.0028 INFO Get User Success :138-Majhaulia Sugar Industries Pvt Ltd.
2020-12-22 12:35:32.5097 INFO Get User Success :138-Majhaulia Sugar Industries Pvt Ltd.
2020-12-22 12:35:32.5207 INFO Get MF2 List Success
2020-12-22 12:35:32.5207 INFO Get User Success :138-Majhaulia Sugar Industries Pvt Ltd.
2020-12-22 12:35:34.0136 INFO Get User Success :138-Majhaulia Sugar Industries Pvt Ltd.
2020-12-22 12:35:34.0136 INFO Get MF3 List Success
2020-12-22 12:35:34.0215 INFO Get User Success :138-Majhaulia Sugar Industries Pvt Ltd.
2020-12-22 12:35:35.1933 INFO Get User Success :138-Majhaulia Sugar Industries Pvt Ltd.
2020-12-22 12:35:35.1933 INFO Get VAT Master List Success
2020-12-22 12:35:35.2078 INFO Get Product Master List Success
2020-12-22 12:35:35.2078 INFO Get User Success :138-Majhaulia Sugar Industries Pvt Ltd.
2020-12-22 12:41:37.5902 INFO Get User Success :138-Majhaulia Sugar Industries Pvt Ltd.
2020-12-22 12:41:37.5902 INFO Get VAT Master List Success
2020-12-22 12:41:37.5987 INFO Get Product Master List Success
2020-12-22 12:41:37.5987 INFO Get User Success :138-Majhaulia Sugar Industries Pvt Ltd.
2020-12-22 12:42:17.9621 INFO Get User Success :138-Majhaulia Sugar Industries Pvt Ltd.
2020-12-22 12:42:17.9621 INFO Get VAT Master List Success
2020-12-22 12:42:17.9621 INFO Get Product Master List Success
2020-12-22 12:42:17.9621 INFO Get User Success :138-Majhaulia Sugar Industries Pvt Ltd.
2020-12-22 12:43:15.2606 INFO Insert MF3 Success :22-12-2020-MSI
2020-12-22 12:43:15.2835 INFO Get User Success :138-Majhaulia Sugar Industries Pvt Ltd.
2020-12-22 12:43:15.2835 INFO Get MF3 List Success
2020-12-22 12:43:15.3015 INFO Get User Success :138-Majhaulia Sugar Industries Pvt Ltd.
2020-12-22 12:43:16.9508 INFO Get User Success :138-Majhaulia Sugar Industries Pvt Ltd.
2020-12-22 12:43:16.9508 INFO Get VAT Master List Success
2020-12-22 12:43:16.9508 INFO Get Product Master List Success
2020-12-22 12:43:16.9638 INFO Get MF3  Details Success
2020-12-22 12:43:16.9727 INFO Get User Success :138-Majhaulia Sugar Industries Pvt Ltd.
2020-12-22 12:43:25.2656 INFO Update MF3 Success :22-12-2020-MSI
2020-12-22 12:43:25.2971 INFO Get User Success :138-Majhaulia Sugar Industries Pvt Ltd.
2020-12-22 12:43:25.2971 INFO Get MF3 List Success
2020-12-22 12:43:25.3021 INFO Get User Success :138-Majhaulia Sugar Industries Pvt Ltd.
2020-12-22 12:43:26.4052 INFO Get User Success :138-Majhaulia Sugar Industries Pvt Ltd.
2020-12-22 12:43:26.4052 INFO Get VAT Master List Success
2020-12-22 12:43:26.4092 INFO Get Product Master List Success
2020-12-22 12:43:26.4092 INFO Get MF3  Details Success
2020-12-22 12:43:26.4092 INFO Get User Success :138-Majhaulia Sugar Industries Pvt Ltd.
2020-12-22 12:43:35.5333 INFO Update MF3 Success :22-12-2020-MSI
2020-12-22 12:43:35.5553 INFO Get User Success :138-Majhaulia Sugar Industries Pvt Ltd.
2020-12-22 12:43:35.5553 INFO Get MF3 List Success
2020-12-22 12:43:35.5660 INFO Get User Success :138-Majhaulia Sugar Industries Pvt Ltd.
2020-12-22 12:43:37.0725 INFO Get User Success :138-Majhaulia Sugar Industries Pvt Ltd.
2020-12-22 12:43:37.0725 INFO Get VAT Master List Success
2020-12-22 12:43:37.0725 INFO Get Product Master List Success
2020-12-22 12:43:37.0725 INFO Get MF3  Details Success
2020-12-22 12:43:37.0829 INFO Get User Success :138-Majhaulia Sugar Industries Pvt Ltd.
2020-12-22 14:26:51.3446 INFO Get User Success :112-Riga Sugar Company Ltd
2020-12-22 14:26:54.5089 INFO Get User Success :112-Riga Sugar Company Ltd
2020-12-22 14:26:54.5554 INFO Get User Success :112-Riga Sugar Company Ltd
2020-12-22 14:26:56.0802 INFO Get User Success :112-Riga Sugar Company Ltd
2020-12-22 14:26:56.0836 INFO Get Dispach Master List Success
2020-12-22 14:26:56.0984 INFO Get VAT Master List Success
2020-12-22 14:26:56.0984 INFO Get User Success :112-Riga Sugar Company Ltd
2020-12-22 14:28:35.0676 INFO Sugarcanepurchase Get List Success
2020-12-22 14:28:35.0676 INFO Get User Success :112-Riga Sugar Company Ltd
2020-12-22 14:28:35.0806 INFO Get User Success :112-Riga Sugar Company Ltd
2020-12-22 14:28:36.0374 INFO Get User Success :112-Riga Sugar Company Ltd
2020-12-22 14:28:36.0603 INFO Get User Success :112-Riga Sugar Company Ltd
2020-12-22 14:28:37.3085 INFO Get User Success :112-Riga Sugar Company Ltd
2020-12-22 14:28:37.3583 INFO Get User Success :112-Riga Sugar Company Ltd
2020-12-22 14:28:52.2677 INFO Get User Success :112-Riga Sugar Company Ltd
2020-12-22 14:28:55.6565 INFO Sugarcanepurchase Get List Success
2020-12-22 14:28:55.6595 INFO Get User Success :112-Riga Sugar Company Ltd
2020-12-22 14:28:55.6595 INFO Get User Success :112-Riga Sugar Company Ltd
2020-12-22 14:28:56.6132 INFO Get User Success :112-Riga Sugar Company Ltd
2020-12-22 14:28:56.6132 INFO Get User Success :112-Riga Sugar Company Ltd
2020-12-22 14:28:57.8379 INFO Get User Success :112-Riga Sugar Company Ltd
2020-12-22 14:28:57.8515 INFO Get User Success :112-Riga Sugar Company Ltd
2020-12-22 14:29:26.6236 INFO Get User Success :112-Riga Sugar Company Ltd
2020-12-22 14:29:31.7763 INFO Get User Success :112-Riga Sugar Company Ltd
2020-12-22 14:29:43.3243 INFO Get User Success :118-Riga Sugar Company Ltd, Bond Officer
2020-12-22 14:29:45.9579 INFO Sugarcanepurchase Get List Success
2020-12-22 14:29:45.9579 INFO Get User Success :118-Riga Sugar Company Ltd, Bond Officer
2020-12-22 14:29:45.9579 INFO Get User Success :118-Riga Sugar Company Ltd, Bond Officer
2020-12-22 14:29:46.9755 INFO Get User Success :118-Riga Sugar Company Ltd, Bond Officer
2020-12-22 14:29:46.9916 INFO Get User Success :118-Riga Sugar Company Ltd, Bond Officer
2020-12-22 14:29:48.2794 INFO Get User Success :118-Riga Sugar Company Ltd, Bond Officer
2020-12-22 14:29:48.2889 INFO Get User Success :118-Riga Sugar Company Ltd, Bond Officer
2020-12-22 14:29:53.8476 INFO Get User Success :118-Riga Sugar Company Ltd, Bond Officer
2020-12-22 14:33:18.4866 INFO Get User Success :118-Riga Sugar Company Ltd, Bond Officer
2020-12-22 14:33:21.7924 INFO Get User Success :118-Riga Sugar Company Ltd, Bond Officer
2020-12-22 14:33:22.8310 INFO Get User Success :118-Riga Sugar Company Ltd, Bond Officer
2020-12-22 14:33:43.3758 INFO Get User Success :118-Riga Sugar Company Ltd, Bond Officer
2020-12-22 14:34:24.8361 INFO Get User Success :118-Riga Sugar Company Ltd, Bond Officer
2020-12-22 14:34:29.7262 INFO Get User Success :118-Riga Sugar Company Ltd, Bond Officer
2020-12-22 14:34:29.7432 INFO Get User Success :118-Riga Sugar Company Ltd, Bond Officer
2020-12-22 14:34:46.3940 INFO Get User Success :118-Riga Sugar Company Ltd, Bond Officer
2020-12-22 14:35:21.7201 INFO Get User Success :118-Riga Sugar Company Ltd, Bond Officer
2020-12-22 14:38:38.4046 INFO Get User Success :118-Riga Sugar Company Ltd, Bond Officer
2020-12-22 14:38:38.4188 INFO Get User Success :118-Riga Sugar Company Ltd, Bond Officer
2020-12-22 14:38:45.1122 INFO Get User Success :118-Riga Sugar Company Ltd, Bond Officer
2020-12-22 14:38:45.1122 INFO Get User Success :118-Riga Sugar Company Ltd, Bond Officer
2020-12-22 14:38:47.5110 INFO Get User Success :118-Riga Sugar Company Ltd, Bond Officer
2020-12-22 14:38:47.5212 INFO Get Pass List Success
2020-12-22 14:38:47.5356 INFO Get User Success :118-Riga Sugar Company Ltd, Bond Officer
2020-12-22 14:38:50.2434 INFO Get User Success :118-Riga Sugar Company Ltd, Bond Officer
2020-12-22 14:38:50.2434 INFO Get Dispach Master List Success
2020-12-22 14:38:50.2780 INFO Get VAT Master List Success
2020-12-22 14:38:50.2880 INFO Get Pass List Success
2020-12-22 14:38:50.2880 INFO Get User Success :118-Riga Sugar Company Ltd, Bond Officer
2020-12-22 14:39:03.2245 INFO Get User Success :112-Riga Sugar Company Ltd
2020-12-22 14:39:05.7942 INFO Get User Success :112-Riga Sugar Company Ltd
2020-12-22 14:39:05.7999 INFO Get User Success :112-Riga Sugar Company Ltd
2020-12-22 14:39:07.6487 INFO Get User Success :112-Riga Sugar Company Ltd
2020-12-22 14:39:07.6487 INFO Get Dispach Master List Success
2020-12-22 14:39:07.6487 INFO Get VAT Master List Success
2020-12-22 14:39:07.6487 INFO Get User Success :112-Riga Sugar Company Ltd
2020-12-22 17:19:24.7327 INFO Get User Success :118-Riga Sugar Company Ltd, Bond Officer
2020-12-22 17:19:27.8087 INFO Get User Success :118-Riga Sugar Company Ltd, Bond Officer
2020-12-22 17:19:27.8572 INFO Get User Success :118-Riga Sugar Company Ltd, Bond Officer
2020-12-22 17:19:29.4619 INFO Get User Success :118-Riga Sugar Company Ltd, Bond Officer
2020-12-22 17:19:29.4718 INFO Get Pass List Success
2020-12-22 17:19:29.4718 INFO Get User Success :118-Riga Sugar Company Ltd, Bond Officer
2020-12-22 17:19:31.4745 INFO Get User Success :118-Riga Sugar Company Ltd, Bond Officer
2020-12-22 17:19:31.4745 INFO Get Dispach Master List Success
2020-12-22 17:19:31.4931 INFO Get VAT Master List Success
2020-12-22 17:19:31.4931 INFO Get Pass List Success
2020-12-22 17:19:31.5108 INFO Get User Success :118-Riga Sugar Company Ltd, Bond Officer
2020-12-22 17:24:39.4427 INFO Get User Success :118-Riga Sugar Company Ltd, Bond Officer
2020-12-22 17:24:43.9714 INFO Get User Success :118-Riga Sugar Company Ltd, Bond Officer
2020-12-22 17:24:44.0190 INFO Get User Success :118-Riga Sugar Company Ltd, Bond Officer
2020-12-22 17:24:46.0072 INFO Get User Success :118-Riga Sugar Company Ltd, Bond Officer
2020-12-22 17:24:46.0072 INFO Get Pass List Success
2020-12-22 17:24:46.0303 INFO Get User Success :118-Riga Sugar Company Ltd, Bond Officer
2020-12-22 17:24:47.7274 INFO Get User Success :118-Riga Sugar Company Ltd, Bond Officer
2020-12-22 17:24:47.7274 INFO Get Dispach Master List Success
2020-12-22 17:24:47.7457 INFO Get VAT Master List Success
2020-12-22 17:24:47.7457 INFO Get Pass List Success
2020-12-22 17:24:47.7646 INFO Get User Success :118-Riga Sugar Company Ltd, Bond Officer
2020-12-22 17:41:21.0064 INFO Get User Success :112-Riga Sugar Company Ltd
2020-12-22 17:41:30.2888 INFO Get User Success :112-Riga Sugar Company Ltd
2020-12-22 17:41:30.3366 INFO Get User Success :112-Riga Sugar Company Ltd
2020-12-22 17:41:32.4910 INFO Get User Success :112-Riga Sugar Company Ltd
2020-12-22 17:41:32.4910 INFO Get Pass List Success
2020-12-22 17:41:32.5130 INFO Get User Success :112-Riga Sugar Company Ltd
2020-12-22 17:41:33.6490 INFO Get Report  Success
2020-12-22 17:41:33.8309 INFO Get GetSeverList Success
2020-12-22 17:43:59.0328 INFO Get Report  Success
2020-12-22 17:43:59.1879 INFO Get GetSeverList Success
2020-12-22 17:44:17.9881 INFO Get GetSeverList Success
2020-12-22 17:45:37.5001 INFO Get GetSeverList Success
2020-12-22 17:46:01.6332 INFO Get User Success :112-Riga Sugar Company Ltd
2020-12-22 17:46:01.6332 INFO Get Dispach Master List Success
2020-12-22 17:46:01.6512 INFO Get VAT Master List Success
2020-12-22 17:46:01.6512 INFO Get Pass List Success
2020-12-22 17:46:01.6688 INFO Get User Success :112-Riga Sugar Company Ltd
2020-12-22 17:46:03.8699 INFO Get User Success :112-Riga Sugar Company Ltd
2020-12-22 17:46:03.8699 INFO Get Pass List Success
2020-12-22 17:46:03.8787 INFO Get User Success :112-Riga Sugar Company Ltd
2020-12-22 17:46:33.0438 INFO Get User Success :112-Riga Sugar Company Ltd
2020-12-22 17:46:33.0497 INFO Get Pass List Success
2020-12-22 17:46:33.0497 INFO Get User Success :112-Riga Sugar Company Ltd
2020-12-22 17:46:34.7138 INFO Get Report  Success
2020-12-22 17:46:35.7312 INFO Get GetSeverList Success
2020-12-22 17:46:53.8895 INFO Get User Success :112-Riga Sugar Company Ltd
2020-12-22 17:46:53.8950 INFO Get User Success :112-Riga Sugar Company Ltd
2020-12-22 17:46:56.2481 INFO Get User Success :112-Riga Sugar Company Ltd
2020-12-22 17:46:56.2541 INFO Get Pass List Success
2020-12-22 17:46:56.2541 INFO Get User Success :112-Riga Sugar Company Ltd
2020-12-22 17:46:57.6019 INFO Get Report  Success
2020-12-22 17:46:57.7096 INFO Get GetSeverList Success
2020-12-22 17:53:13.6601 INFO Get User Success :112-Riga Sugar Company Ltd
2020-12-22 17:53:16.8973 INFO Get User Success :112-Riga Sugar Company Ltd
2020-12-22 17:53:16.9149 INFO Get RR List Success
2020-12-22 17:53:16.9770 INFO Get User Success :112-Riga Sugar Company Ltd
2020-12-22 17:53:18.2236 INFO Get User Success :112-Riga Sugar Company Ltd
2020-12-22 17:53:18.2436 INFO Get User Success :112-Riga Sugar Company Ltd
2020-12-22 17:53:22.6512 INFO Get User Success :112-Riga Sugar Company Ltd
2020-12-22 17:53:22.6816 INFO Get Pass List Success
2020-12-22 17:53:22.7054 INFO Get User Success :112-Riga Sugar Company Ltd
2020-12-22 17:53:42.7181 INFO Get User Success :112-Riga Sugar Company Ltd
2020-12-22 17:53:42.7252 INFO Get Pass List Success
2020-12-22 17:55:11.8991 INFO Get Pass List Success
2020-12-22 17:58:05.6024 INFO Get Pass List Success
2020-12-22 17:58:05.6166 INFO Get User Success :112-Riga Sugar Company Ltd
2020-12-22 17:58:52.1339 INFO Get User Success :112-Riga Sugar Company Ltd
2020-12-22 17:58:52.1767 INFO Get Pass List Success
2020-12-22 17:58:52.1988 INFO Get User Success :112-Riga Sugar Company Ltd
2020-12-22 17:59:06.6071 INFO Get User Success :112-Riga Sugar Company Ltd
2020-12-22 17:59:06.6322 INFO Get Pass List Success
2020-12-22 17:59:06.6542 INFO Get User Success :112-Riga Sugar Company Ltd
2020-12-22 17:59:13.9411 INFO Get User Success :112-Riga Sugar Company Ltd
2020-12-22 17:59:13.9411 INFO Get Dispach Master List Success
2020-12-22 17:59:13.9666 INFO Get VAT Master List Success
2020-12-22 17:59:13.9666 INFO Get Pass List Success
2020-12-22 17:59:13.9826 INFO Get User Success :112-Riga Sugar Company Ltd
2020-12-22 17:59:22.1901 INFO Get User Success :112-Riga Sugar Company Ltd
2020-12-22 17:59:22.1901 INFO Get Pass List Success
2020-12-22 17:59:22.1901 INFO Get User Success :112-Riga Sugar Company Ltd
2020-12-22 17:59:25.5630 INFO Get User Success :112-Riga Sugar Company Ltd
2020-12-22 17:59:25.5659 INFO Get Dispach Master List Success
2020-12-22 17:59:25.5659 INFO Get VAT Master List Success
2020-12-22 17:59:25.5659 INFO Get Pass List Success
2020-12-22 17:59:25.5659 INFO Get User Success :112-Riga Sugar Company Ltd
2020-12-22 17:59:27.8187 INFO Get User Success :112-Riga Sugar Company Ltd
2020-12-22 17:59:27.8187 INFO Get Pass List Success
2020-12-22 17:59:27.8187 INFO Get User Success :112-Riga Sugar Company Ltd
2020-12-22 18:02:19.5840 INFO Get User Success :112-Riga Sugar Company Ltd
2020-12-22 18:02:19.5840 INFO Get Dispach Master List Success
2020-12-22 18:02:19.5972 INFO Get VAT Master List Success
2020-12-22 18:02:19.5972 INFO Get Pass List Success
2020-12-22 18:02:19.5972 INFO Get User Success :112-Riga Sugar Company Ltd
2020-12-22 18:02:22.8741 INFO Get User Success :112-Riga Sugar Company Ltd
2020-12-22 18:02:22.8801 INFO Get Pass List Success
2020-12-22 18:02:22.8801 INFO Get User Success :112-Riga Sugar Company Ltd
2020-12-22 18:02:25.4980 INFO Get User Success :112-Riga Sugar Company Ltd
2020-12-22 18:02:25.4980 INFO Get Dispach Master List Success
2020-12-22 18:02:25.5081 INFO Get VAT Master List Success
2020-12-22 18:02:25.5081 INFO Get Pass List Success
2020-12-22 18:02:25.5081 INFO Get User Success :112-Riga Sugar Company Ltd
2020-12-22 18:02:27.2480 INFO Get User Success :112-Riga Sugar Company Ltd
2020-12-22 18:02:27.2569 INFO Get Pass List Success
2020-12-22 18:02:27.2569 INFO Get User Success :112-Riga Sugar Company Ltd
2020-12-22 18:02:28.1238 INFO Get User Success :112-Riga Sugar Company Ltd
2020-12-22 18:02:28.1238 INFO Get Dispach Master List Success
2020-12-22 18:02:28.1328 INFO Get VAT Master List Success
2020-12-22 18:02:28.1328 INFO Get Pass List Success
2020-12-22 18:02:28.1328 INFO Get User Success :112-Riga Sugar Company Ltd
2020-12-22 18:02:29.4081 INFO Get User Success :112-Riga Sugar Company Ltd
2020-12-22 18:02:29.4139 INFO Get Pass List Success
2020-12-22 18:02:29.4139 INFO Get User Success :112-Riga Sugar Company Ltd
2020-12-22 18:02:30.9173 INFO Get User Success :112-Riga Sugar Company Ltd
2020-12-22 18:02:30.9173 INFO Get Dispach Master List Success
2020-12-22 18:02:30.9173 INFO Get VAT Master List Success
2020-12-22 18:02:30.9253 INFO Get Pass List Success
2020-12-22 18:02:30.9253 INFO Get User Success :112-Riga Sugar Company Ltd
2020-12-22 18:02:35.6198 INFO Get User Success :112-Riga Sugar Company Ltd
2020-12-22 18:02:35.6198 INFO Get Pass List Success
2020-12-22 18:02:35.6298 INFO Get User Success :112-Riga Sugar Company Ltd
2020-12-22 18:02:36.5171 INFO Get User Success :112-Riga Sugar Company Ltd
2020-12-22 18:02:36.5181 INFO Get Dispach Master List Success
2020-12-22 18:02:36.5181 INFO Get VAT Master List Success
2020-12-22 18:02:36.5181 INFO Get Pass List Success
2020-12-22 18:02:36.5181 INFO Get User Success :112-Riga Sugar Company Ltd
2020-12-22 18:02:45.3546 INFO Get User Success :112-Riga Sugar Company Ltd
2020-12-22 18:02:45.3546 INFO Get Pass List Success
2020-12-22 18:02:45.3650 INFO Get User Success :112-Riga Sugar Company Ltd
2020-12-22 18:02:46.9960 INFO Get User Success :112-Riga Sugar Company Ltd
2020-12-22 18:02:46.9960 INFO Get Dispach Master List Success
2020-12-22 18:02:47.0040 INFO Get VAT Master List Success
2020-12-22 18:02:47.0040 INFO Get Pass List Success
2020-12-22 18:02:47.0040 INFO Get User Success :112-Riga Sugar Company Ltd
2020-12-22 18:02:50.4419 INFO Get User Success :112-Riga Sugar Company Ltd
2020-12-22 18:02:50.4419 INFO Get Pass List Success
2020-12-22 18:02:50.4419 INFO Get User Success :112-Riga Sugar Company Ltd
2020-12-22 18:02:52.2938 INFO Get User Success :112-Riga Sugar Company Ltd
2020-12-22 18:02:52.2938 INFO Get Dispach Master List Success
2020-12-22 18:02:52.2998 INFO Get VAT Master List Success
2020-12-22 18:02:52.2998 INFO Get Pass List Success
2020-12-22 18:02:52.2998 INFO Get User Success :112-Riga Sugar Company Ltd
2020-12-22 18:03:10.3722 INFO Get User Success :112-Riga Sugar Company Ltd
2020-12-22 18:03:10.3801 INFO Get Pass List Success
2020-12-22 18:03:10.3801 INFO Get User Success :112-Riga Sugar Company Ltd
2020-12-22 18:03:12.2660 INFO Get User Success :112-Riga Sugar Company Ltd
2020-12-22 18:03:12.2680 INFO Get Dispach Master List Success
2020-12-22 18:03:12.2680 INFO Get VAT Master List Success
2020-12-22 18:03:12.2680 INFO Get Pass List Success
2020-12-22 18:03:12.2680 INFO Get User Success :112-Riga Sugar Company Ltd
2020-12-22 18:03:15.6912 INFO Get User Success :112-Riga Sugar Company Ltd
2020-12-22 18:03:15.6912 INFO Get Pass List Success
2020-12-22 18:03:15.6912 INFO Get User Success :112-Riga Sugar Company Ltd
