2020-12-11 10:38:37.5147 INFO Get User Success :115-Vishnu Sugar Mills Ltd
2020-12-11 10:38:45.1919 INFO Sugarcanepurchase Get List Success
2020-12-11 10:38:45.1919 INFO Get User Success :115-Vishnu Sugar Mills Ltd
2020-12-11 10:38:45.2368 INFO Get User Success :115-Vishnu Sugar Mills Ltd
2020-12-11 10:38:50.6537 INFO Get Party Master List Success
2020-12-11 10:38:50.6537 INFO Get User Success :115-Vishnu Sugar Mills Ltd
2020-12-11 10:38:50.6736 INFO Get User Success :115-Vishnu Sugar Mills Ltd
2020-12-11 10:39:00.3073 INFO Get Existing data Fail :sugarcanepurchase
2020-12-11 10:39:36.6731 INFO Get MaxID Success :sugarcanepurchase
2020-12-11 10:39:36.6971 INFO Sugarcanepurchase Insertion Success:0-VSM
2020-12-11 10:39:36.7163 INFO Sugarcanepurchase Get List Success
2020-12-11 10:39:36.7163 INFO Get User Success :115-Vishnu Sugar Mills Ltd
2020-12-11 10:39:36.7273 INFO Get User Success :115-Vishnu Sugar Mills Ltd
2020-12-11 10:40:01.5757 INFO Get Party Master List Success
2020-12-11 10:40:01.5757 INFO Get User Success :115-Vishnu Sugar Mills Ltd
2020-12-11 10:40:01.5887 INFO Sugarcanepurchase Get List Success
2020-12-11 10:40:01.5887 INFO Get User Success :115-Vishnu Sugar Mills Ltd
2020-12-11 10:43:48.2470 INFO Sugarcanepurchase Insertion Sucess:21-VSM
2020-12-11 10:43:48.2846 INFO Sugarcanepurchase Get List Success
2020-12-11 10:43:48.2916 INFO Get User Success :115-Vishnu Sugar Mills Ltd
2020-12-11 10:43:48.2916 INFO Get User Success :115-Vishnu Sugar Mills Ltd
2020-12-11 10:44:29.1503 INFO Get Party Master List Success
2020-12-11 10:44:29.1503 INFO Get User Success :115-Vishnu Sugar Mills Ltd
2020-12-11 10:44:29.1503 INFO Sugarcanepurchase Get List Success
2020-12-11 10:44:29.1601 INFO Get User Success :115-Vishnu Sugar Mills Ltd
2020-12-11 10:45:21.3644 INFO Sugarcanepurchase Get List Success
2020-12-11 10:45:21.3644 INFO Get User Success :115-Vishnu Sugar Mills Ltd
2020-12-11 10:45:21.3644 INFO Get User Success :115-Vishnu Sugar Mills Ltd
2020-12-11 10:45:24.5640 INFO Get Party Master List Success
2020-12-11 10:45:24.5710 INFO Get User Success :115-Vishnu Sugar Mills Ltd
2020-12-11 10:45:24.5710 INFO Sugarcanepurchase Get List Success
2020-12-11 10:45:24.5710 INFO Get User Success :115-Vishnu Sugar Mills Ltd
2020-12-11 10:45:28.2331 INFO Sugarcanepurchase Get List Success
2020-12-11 10:45:28.2331 INFO Get User Success :115-Vishnu Sugar Mills Ltd
2020-12-11 10:45:28.2391 INFO Get User Success :115-Vishnu Sugar Mills Ltd
2020-12-11 10:45:29.3320 INFO Get Party Master List Success
2020-12-11 10:45:29.3320 INFO Get User Success :115-Vishnu Sugar Mills Ltd
2020-12-11 10:45:29.3320 INFO Sugarcanepurchase Get List Success
2020-12-11 10:45:29.3320 INFO Get User Success :115-Vishnu Sugar Mills Ltd
2020-12-11 10:45:57.8663 INFO Sugarcanepurchase Insertion Sucess:21-VSM
2020-12-11 10:45:57.9269 INFO Sugarcanepurchase Get List Success
2020-12-11 10:45:57.9269 INFO Get User Success :115-Vishnu Sugar Mills Ltd
2020-12-11 10:45:57.9269 INFO Get User Success :115-Vishnu Sugar Mills Ltd
2020-12-11 10:45:59.7988 INFO Get Party Master List Success
2020-12-11 10:45:59.8028 INFO Get User Success :115-Vishnu Sugar Mills Ltd
2020-12-11 10:45:59.8028 INFO Sugarcanepurchase Get List Success
2020-12-11 10:45:59.8028 INFO Get User Success :115-Vishnu Sugar Mills Ltd
2020-12-11 10:47:18.9336 INFO Sugarcanepurchase Get List Success
2020-12-11 10:47:18.9336 INFO Get User Success :115-Vishnu Sugar Mills Ltd
2020-12-11 10:47:18.9336 INFO Get User Success :115-Vishnu Sugar Mills Ltd
2020-12-11 10:47:20.2271 INFO Get Party Master List Success
2020-12-11 10:47:20.2271 INFO Get User Success :115-Vishnu Sugar Mills Ltd
2020-12-11 10:47:20.2271 INFO Sugarcanepurchase Get List Success
2020-12-11 10:47:20.2271 INFO Get User Success :115-Vishnu Sugar Mills Ltd
2020-12-11 10:54:21.7730 INFO Get User Success :115-Vishnu Sugar Mills Ltd
2020-12-11 10:54:28.8686 INFO Sugarcanepurchase Get List Success
2020-12-11 10:54:28.8686 INFO Get User Success :115-Vishnu Sugar Mills Ltd
2020-12-11 10:54:28.9095 INFO Get User Success :115-Vishnu Sugar Mills Ltd
2020-12-11 10:54:32.4611 INFO Get Party Master List Success
2020-12-11 10:54:32.4611 INFO Get User Success :115-Vishnu Sugar Mills Ltd
2020-12-11 10:54:32.4864 INFO Sugarcanepurchase Get List Success
2020-12-11 10:54:32.4924 INFO Get User Success :115-Vishnu Sugar Mills Ltd
2020-12-11 10:55:39.4096 INFO Sugarcanepurchase Get List Success
2020-12-11 10:55:39.4126 INFO Get User Success :115-Vishnu Sugar Mills Ltd
2020-12-11 10:55:39.4126 INFO Get User Success :115-Vishnu Sugar Mills Ltd
2020-12-11 10:55:46.3780 INFO Get Party Master List Success
2020-12-11 10:55:46.3830 INFO Get User Success :115-Vishnu Sugar Mills Ltd
2020-12-11 10:55:46.3830 INFO Sugarcanepurchase Get List Success
2020-12-11 10:55:46.3830 INFO Get User Success :115-Vishnu Sugar Mills Ltd
2020-12-11 10:55:48.0832 INFO Sugarcanepurchase Get List Success
2020-12-11 10:55:48.0832 INFO Get User Success :115-Vishnu Sugar Mills Ltd
2020-12-11 10:55:48.0832 INFO Get User Success :115-Vishnu Sugar Mills Ltd
2020-12-11 10:55:53.1582 INFO Get Party Master List Success
2020-12-11 10:55:53.1612 INFO Get User Success :115-Vishnu Sugar Mills Ltd
2020-12-11 10:55:53.1612 INFO Sugarcanepurchase Get List Success
2020-12-11 10:55:53.1612 INFO Get User Success :115-Vishnu Sugar Mills Ltd
2020-12-11 10:55:58.1584 INFO Sugarcanepurchase Get List Success
2020-12-11 10:55:58.1644 INFO Get User Success :115-Vishnu Sugar Mills Ltd
2020-12-11 10:55:58.1644 INFO Get User Success :115-Vishnu Sugar Mills Ltd
2020-12-11 10:55:59.3074 INFO Get Party Master List Success
2020-12-11 10:55:59.3074 INFO Get User Success :115-Vishnu Sugar Mills Ltd
2020-12-11 10:55:59.3074 INFO Sugarcanepurchase Get List Success
2020-12-11 10:55:59.3183 INFO Get User Success :115-Vishnu Sugar Mills Ltd
2020-12-11 10:56:04.0432 INFO Sugarcanepurchase Get List Success
2020-12-11 10:56:04.0432 INFO Get User Success :115-Vishnu Sugar Mills Ltd
2020-12-11 10:56:04.0432 INFO Get User Success :115-Vishnu Sugar Mills Ltd
2020-12-11 10:56:12.4422 INFO Get Party Master List Success
2020-12-11 10:56:12.4422 INFO Get User Success :115-Vishnu Sugar Mills Ltd
2020-12-11 10:56:12.4422 INFO Get User Success :115-Vishnu Sugar Mills Ltd
2020-12-11 10:56:30.5828 INFO Get MaxID Success :sugarcanepurchase
2020-12-11 10:56:30.6232 INFO Sugarcanepurchase Insertion Success:0-VSM
2020-12-11 10:56:30.6509 INFO Sugarcanepurchase Get List Success
2020-12-11 10:56:30.6509 INFO Get User Success :115-Vishnu Sugar Mills Ltd
2020-12-11 10:56:30.6509 INFO Get User Success :115-Vishnu Sugar Mills Ltd
2020-12-11 10:59:37.5253 INFO Get User Success :115-Vishnu Sugar Mills Ltd
2020-12-11 10:59:37.5253 INFO Get User Success :115-Vishnu Sugar Mills Ltd
2020-12-11 10:59:42.5775 INFO Get User Success :115-Vishnu Sugar Mills Ltd
2020-12-11 10:59:42.5775 INFO Get Party Master List Success
2020-12-11 10:59:42.6040 INFO Get User Success :115-Vishnu Sugar Mills Ltd
2020-12-11 10:59:46.3785 INFO Get User Success :115-Vishnu Sugar Mills Ltd
2020-12-11 10:59:46.3814 INFO Get User Success :115-Vishnu Sugar Mills Ltd
2020-12-11 10:59:48.4270 INFO Get User Success :115-Vishnu Sugar Mills Ltd
2020-12-11 10:59:48.4270 INFO Get Party Master List Success
2020-12-11 10:59:48.4424 INFO Get User Success :115-Vishnu Sugar Mills Ltd
2020-12-11 10:59:52.4447 INFO Get User Success :115-Vishnu Sugar Mills Ltd
2020-12-11 10:59:52.4447 INFO Get User Success :115-Vishnu Sugar Mills Ltd
2020-12-11 10:59:53.3071 INFO Get User Success :115-Vishnu Sugar Mills Ltd
2020-12-11 10:59:53.3071 INFO Get Party Master List Success
2020-12-11 10:59:53.3221 INFO Get User Success :115-Vishnu Sugar Mills Ltd
2020-12-11 10:59:54.4889 INFO Get User Success :115-Vishnu Sugar Mills Ltd
2020-12-11 10:59:54.4889 INFO Get User Success :115-Vishnu Sugar Mills Ltd
2020-12-11 10:59:55.8328 INFO Get User Success :115-Vishnu Sugar Mills Ltd
2020-12-11 10:59:55.8328 INFO Get Party Master List Success
2020-12-11 10:59:55.8328 INFO Get User Success :115-Vishnu Sugar Mills Ltd
2020-12-11 10:59:57.3984 INFO Get User Success :115-Vishnu Sugar Mills Ltd
2020-12-11 10:59:57.3984 INFO Get User Success :115-Vishnu Sugar Mills Ltd
2020-12-11 10:59:58.1772 INFO Get User Success :115-Vishnu Sugar Mills Ltd
2020-12-11 10:59:58.1772 INFO Get Party Master List Success
2020-12-11 10:59:58.1772 INFO Get User Success :115-Vishnu Sugar Mills Ltd
2020-12-11 11:03:06.3281 INFO Sugarcanepurchase Insertion Sucess:-VSM
2020-12-11 11:03:06.3519 INFO Get User Success :115-Vishnu Sugar Mills Ltd
2020-12-11 11:03:06.3519 INFO Get User Success :115-Vishnu Sugar Mills Ltd
2020-12-11 11:03:10.3403 INFO Get User Success :115-Vishnu Sugar Mills Ltd
2020-12-11 11:03:10.3403 INFO Get Party Master List Success
2020-12-11 11:03:10.3512 INFO Get User Success :115-Vishnu Sugar Mills Ltd
2020-12-11 11:09:45.5259 INFO Get User Success :115-Vishnu Sugar Mills Ltd
2020-12-11 11:09:56.3968 INFO Sugarcanepurchase Get List Success
2020-12-11 11:09:56.3968 INFO Get User Success :115-Vishnu Sugar Mills Ltd
2020-12-11 11:09:56.4367 INFO Get User Success :115-Vishnu Sugar Mills Ltd
2020-12-11 11:09:58.0956 INFO Get User Success :115-Vishnu Sugar Mills Ltd
2020-12-11 11:09:58.1056 INFO Get User Success :115-Vishnu Sugar Mills Ltd
2020-12-11 11:09:59.8840 INFO Get User Success :115-Vishnu Sugar Mills Ltd
2020-12-11 11:09:59.8840 INFO Get Party Master List Success
2020-12-11 11:09:59.9220 INFO Get User Success :115-Vishnu Sugar Mills Ltd
2020-12-11 11:12:34.6361 INFO Get User Success :115-Vishnu Sugar Mills Ltd
2020-12-11 11:12:37.0430 INFO Sugarcanepurchase Get List Success
2020-12-11 11:12:37.0430 INFO Get User Success :115-Vishnu Sugar Mills Ltd
2020-12-11 11:12:37.0839 INFO Get User Success :115-Vishnu Sugar Mills Ltd
2020-12-11 11:12:39.6856 INFO Get User Success :115-Vishnu Sugar Mills Ltd
2020-12-11 11:12:39.7026 INFO Get User Success :115-Vishnu Sugar Mills Ltd
2020-12-11 11:12:40.9845 INFO Get User Success :115-Vishnu Sugar Mills Ltd
2020-12-11 11:12:41.0005 INFO Get Party Master List Success
2020-12-11 11:12:41.0344 INFO Get User Success :115-Vishnu Sugar Mills Ltd
2020-12-11 11:13:06.1924 INFO Sugarcanepurchase Insertion Fail:-VSM
2020-12-11 11:13:28.1880 INFO Sugarcanepurchase Insertion Fail:-VSM
2020-12-11 11:19:09.9506 INFO Get User Success :115-Vishnu Sugar Mills Ltd
2020-12-11 11:19:13.2384 INFO Sugarcanepurchase Get List Success
2020-12-11 11:19:13.2384 INFO Get User Success :115-Vishnu Sugar Mills Ltd
2020-12-11 11:19:13.2812 INFO Get User Success :115-Vishnu Sugar Mills Ltd
2020-12-11 11:19:14.7145 INFO Get User Success :115-Vishnu Sugar Mills Ltd
2020-12-11 11:19:14.7234 INFO Get User Success :115-Vishnu Sugar Mills Ltd
2020-12-11 11:19:16.2436 INFO Get User Success :115-Vishnu Sugar Mills Ltd
2020-12-11 11:19:16.2436 INFO Get Party Master List Success
2020-12-11 11:19:16.2844 INFO Get User Success :115-Vishnu Sugar Mills Ltd
2020-12-11 11:19:32.0410 INFO Sugarcanepurchase Insertion Sucess:-VSM
2020-12-11 11:19:32.0686 INFO Get User Success :115-Vishnu Sugar Mills Ltd
2020-12-11 11:19:32.0686 INFO Get User Success :115-Vishnu Sugar Mills Ltd
2020-12-11 11:19:34.0117 INFO Get User Success :115-Vishnu Sugar Mills Ltd
2020-12-11 11:19:34.0117 INFO Get Party Master List Success
2020-12-11 11:19:34.0230 INFO Get User Success :115-Vishnu Sugar Mills Ltd
2020-12-11 11:22:12.2841 INFO Sugarcanepurchase Insertion Sucess:34-VSM
2020-12-11 11:22:12.3108 INFO Get User Success :115-Vishnu Sugar Mills Ltd
2020-12-11 11:22:12.3108 INFO Get User Success :115-Vishnu Sugar Mills Ltd
2020-12-11 11:22:15.0830 INFO Get User Success :115-Vishnu Sugar Mills Ltd
2020-12-11 11:22:15.0830 INFO Get Party Master List Success
2020-12-11 11:22:15.0830 INFO Get User Success :115-Vishnu Sugar Mills Ltd
2020-12-11 11:25:43.1152 INFO Get User Success :115-Vishnu Sugar Mills Ltd
2020-12-11 11:25:47.1123 INFO Sugarcanepurchase Get List Success
2020-12-11 11:25:47.1153 INFO Get User Success :115-Vishnu Sugar Mills Ltd
2020-12-11 11:25:47.1512 INFO Get User Success :115-Vishnu Sugar Mills Ltd
2020-12-11 11:25:55.2231 INFO Get User Success :115-Vishnu Sugar Mills Ltd
2020-12-11 11:25:55.2231 INFO Get User Success :115-Vishnu Sugar Mills Ltd
2020-12-11 11:25:58.0682 INFO Get User Success :115-Vishnu Sugar Mills Ltd
2020-12-11 11:25:58.0682 INFO Get Party Master List Success
2020-12-11 11:25:58.1062 INFO Get User Success :115-Vishnu Sugar Mills Ltd
2020-12-11 11:27:01.6340 INFO Sugarcanepurchase Insertion Sucess:39-VSM
2020-12-11 11:27:01.6566 INFO Get User Success :115-Vishnu Sugar Mills Ltd
2020-12-11 11:27:01.6566 INFO Get User Success :115-Vishnu Sugar Mills Ltd
2020-12-11 11:27:04.7522 INFO Get User Success :115-Vishnu Sugar Mills Ltd
2020-12-11 11:27:04.7559 INFO Get Party Master List Success
2020-12-11 11:27:04.7559 INFO Get User Success :115-Vishnu Sugar Mills Ltd
2020-12-11 11:29:33.2692 INFO Sugarcanepurchase Insertion Sucess:39-VSM
2020-12-11 11:29:33.2921 INFO Get User Success :115-Vishnu Sugar Mills Ltd
2020-12-11 11:29:33.2921 INFO Get User Success :115-Vishnu Sugar Mills Ltd
2020-12-11 11:29:35.5093 INFO Get User Success :115-Vishnu Sugar Mills Ltd
2020-12-11 11:29:35.5093 INFO Get Party Master List Success
2020-12-11 11:29:35.5224 INFO Get User Success :115-Vishnu Sugar Mills Ltd
2020-12-11 11:31:40.1587 INFO Sugarcanepurchase Insertion Sucess:39-VSM
2020-12-11 11:31:40.1802 INFO Get User Success :115-Vishnu Sugar Mills Ltd
2020-12-11 11:31:40.1802 INFO Get User Success :115-Vishnu Sugar Mills Ltd
2020-12-11 11:31:43.7079 INFO Get User Success :115-Vishnu Sugar Mills Ltd
2020-12-11 11:31:43.7079 INFO Get Party Master List Success
2020-12-11 11:37:04.5773 INFO Get User Success :115-Vishnu Sugar Mills Ltd
2020-12-11 11:37:09.2892 INFO Get User Success :115-Vishnu Sugar Mills Ltd
2020-12-11 11:37:09.2892 INFO Get User Success :115-Vishnu Sugar Mills Ltd
2020-12-11 11:37:10.4859 INFO Get User Success :115-Vishnu Sugar Mills Ltd
2020-12-11 11:37:10.4889 INFO Get Party Master List Success
2020-12-11 11:37:15.9292 INFO Get User Success :115-Vishnu Sugar Mills Ltd
2020-12-11 11:38:12.4148 INFO Sugarcanepurchase Insertion Sucess:39-VSM
2020-12-11 11:38:12.4408 INFO Get User Success :115-Vishnu Sugar Mills Ltd
2020-12-11 11:38:12.4438 INFO Get User Success :115-Vishnu Sugar Mills Ltd
2020-12-11 11:38:13.9867 INFO Get User Success :115-Vishnu Sugar Mills Ltd
2020-12-11 11:38:13.9897 INFO Get Party Master List Success
2020-12-11 11:38:16.1738 INFO Get User Success :115-Vishnu Sugar Mills Ltd
2020-12-11 11:39:04.8730 INFO Get User Success :115-Vishnu Sugar Mills Ltd
2020-12-11 11:39:04.8730 INFO Get User Success :115-Vishnu Sugar Mills Ltd
2020-12-11 11:39:08.5495 INFO Get User Success :115-Vishnu Sugar Mills Ltd
2020-12-11 11:39:08.5525 INFO Get Party Master List Success
2020-12-11 11:39:08.5525 INFO Get User Success :115-Vishnu Sugar Mills Ltd
2020-12-11 11:39:10.9102 INFO Get User Success :115-Vishnu Sugar Mills Ltd
2020-12-11 11:39:10.9102 INFO Get User Success :115-Vishnu Sugar Mills Ltd
2020-12-11 11:39:11.7776 INFO Get User Success :115-Vishnu Sugar Mills Ltd
2020-12-11 11:39:11.7776 INFO Get Party Master List Success
2020-12-11 11:39:11.7855 INFO Get User Success :115-Vishnu Sugar Mills Ltd
2020-12-11 11:39:15.1872 INFO Get Existing data Fail :dailymolassesproduction-22007: invalid input syntax for type timestamp: ""
2020-12-11 11:39:40.2089 INFO Get User Success :115-Vishnu Sugar Mills Ltd
2020-12-11 11:39:40.2089 INFO Get User Success :115-Vishnu Sugar Mills Ltd
2020-12-11 11:39:41.6994 INFO Get User Success :115-Vishnu Sugar Mills Ltd
2020-12-11 11:39:41.6994 INFO Get Party Master List Success
2020-12-11 11:39:41.7100 INFO Get User Success :115-Vishnu Sugar Mills Ltd
2020-12-11 11:39:56.8396 INFO Sugarcanepurchase Insertion Fail:-VSM
2020-12-11 11:42:08.5299 INFO Get User Success :115-Vishnu Sugar Mills Ltd
2020-12-11 11:42:13.9991 INFO Sugarcanepurchase Get List Success
2020-12-11 11:42:13.9991 INFO Get User Success :115-Vishnu Sugar Mills Ltd
2020-12-11 11:42:14.0488 INFO Get User Success :115-Vishnu Sugar Mills Ltd
2020-12-11 11:42:15.5291 INFO Get User Success :115-Vishnu Sugar Mills Ltd
2020-12-11 11:42:15.5381 INFO Get User Success :115-Vishnu Sugar Mills Ltd
2020-12-11 11:42:16.9106 INFO Get User Success :115-Vishnu Sugar Mills Ltd
2020-12-11 11:42:16.9106 INFO Get Party Master List Success
2020-12-11 11:42:16.9495 INFO Get User Success :115-Vishnu Sugar Mills Ltd
2020-12-11 11:43:01.9952 INFO Sugarcanepurchase Insertion Sucess:-VSM
2020-12-11 11:43:02.0198 INFO Get User Success :115-Vishnu Sugar Mills Ltd
2020-12-11 11:43:02.0198 INFO Get User Success :115-Vishnu Sugar Mills Ltd
2020-12-11 11:43:04.2009 INFO Get User Success :115-Vishnu Sugar Mills Ltd
2020-12-11 11:43:04.2009 INFO Get Party Master List Success
2020-12-11 11:43:04.2138 INFO Get User Success :115-Vishnu Sugar Mills Ltd
2020-12-11 11:44:36.3651 INFO Get User Success :115-Vishnu Sugar Mills Ltd
2020-12-11 11:44:36.3651 INFO Get User Success :115-Vishnu Sugar Mills Ltd
2020-12-11 11:44:38.6517 INFO Get User Success :115-Vishnu Sugar Mills Ltd
2020-12-11 11:44:38.6517 INFO Get Party Master List Success
2020-12-11 11:44:38.6627 INFO Get User Success :115-Vishnu Sugar Mills Ltd
2020-12-11 11:45:30.7746 INFO Get User Success :115-Vishnu Sugar Mills Ltd
2020-12-11 11:45:30.7746 INFO Get User Success :115-Vishnu Sugar Mills Ltd
2020-12-11 11:45:30.8398 INFO Get User Success :115-Vishnu Sugar Mills Ltd
2020-12-11 11:45:30.8398 INFO Get User Success :115-Vishnu Sugar Mills Ltd
2020-12-11 11:45:33.2122 INFO Get User Success :115-Vishnu Sugar Mills Ltd
2020-12-11 11:45:33.2122 INFO Get Party Master List Success
2020-12-11 11:49:44.6068 INFO Get User Success :115-Vishnu Sugar Mills Ltd
2020-12-11 11:50:16.7290 INFO Sugarcanepurchase Insertion Sucess:62-VSM
2020-12-11 11:50:16.7534 INFO Get User Success :115-Vishnu Sugar Mills Ltd
2020-12-11 11:50:16.7564 INFO Get User Success :115-Vishnu Sugar Mills Ltd
2020-12-11 11:50:18.4121 INFO Get User Success :115-Vishnu Sugar Mills Ltd
2020-12-11 11:50:18.4121 INFO Get Party Master List Success
2020-12-11 11:50:18.4121 INFO Get User Success :115-Vishnu Sugar Mills Ltd
2020-12-11 11:51:33.3349 INFO Get User Success :44-Administrator
2020-12-11 11:51:48.9317 INFO Get User Success :44-Administrator
2020-12-11 12:05:08.3416 INFO Get User Success :115-Vishnu Sugar Mills Ltd
2020-12-11 12:05:14.8947 INFO Sugarcanepurchase Get List Success
2020-12-11 12:05:14.8947 INFO Get User Success :115-Vishnu Sugar Mills Ltd
2020-12-11 12:05:14.9342 INFO Get User Success :115-Vishnu Sugar Mills Ltd
2020-12-11 12:05:17.3100 INFO Get User Success :115-Vishnu Sugar Mills Ltd
2020-12-11 12:05:17.3189 INFO Get User Success :115-Vishnu Sugar Mills Ltd
2020-12-11 12:05:18.9975 INFO Get User Success :115-Vishnu Sugar Mills Ltd
2020-12-11 12:05:18.9975 INFO Get Party Master List Success
2020-12-11 12:05:19.0522 INFO Get User Success :115-Vishnu Sugar Mills Ltd
2020-12-11 12:06:14.8847 INFO Sugarcanepurchase Insertion Sucess:62-VSM
2020-12-11 12:06:14.9073 INFO Get User Success :115-Vishnu Sugar Mills Ltd
2020-12-11 12:06:14.9103 INFO Get User Success :115-Vishnu Sugar Mills Ltd
2020-12-11 12:06:17.2960 INFO Get User Success :115-Vishnu Sugar Mills Ltd
2020-12-11 12:06:17.2960 INFO Get Party Master List Success
2020-12-11 12:06:17.3062 INFO Get User Success :115-Vishnu Sugar Mills Ltd
2020-12-11 12:07:46.9970 INFO Get User Success :115-Vishnu Sugar Mills Ltd
2020-12-11 12:07:46.9970 INFO Get Party Master List Success
2020-12-11 12:13:23.6461 INFO Get User Success :115-Vishnu Sugar Mills Ltd
2020-12-11 12:19:13.0660 INFO Get User Success :115-Vishnu Sugar Mills Ltd
2020-12-11 12:19:13.0705 INFO Get Party Master List Success
2020-12-11 12:19:13.0831 INFO Get User Success :115-Vishnu Sugar Mills Ltd
2020-12-11 12:19:16.3929 INFO Get User Success :115-Vishnu Sugar Mills Ltd
2020-12-11 12:19:16.3959 INFO Get User Success :115-Vishnu Sugar Mills Ltd
2020-12-11 12:19:17.5556 INFO Get User Success :115-Vishnu Sugar Mills Ltd
2020-12-11 12:19:17.5556 INFO Get Party Master List Success
2020-12-11 12:19:17.5736 INFO Get User Success :115-Vishnu Sugar Mills Ltd
2020-12-11 12:19:48.4362 INFO Get User Success :115-Vishnu Sugar Mills Ltd
2020-12-11 12:19:48.4362 INFO Get Party Master List Success
2020-12-11 12:21:33.4948 INFO Get User Success :115-Vishnu Sugar Mills Ltd
2020-12-11 12:21:45.2619 INFO Get User Success :115-Vishnu Sugar Mills Ltd
2020-12-11 12:21:45.2619 INFO Get Party Master List Success
2020-12-11 12:23:27.5661 INFO Get User Success :115-Vishnu Sugar Mills Ltd
2020-12-11 12:23:31.3677 INFO Get User Success :115-Vishnu Sugar Mills Ltd
2020-12-11 12:23:31.3677 INFO Get User Success :115-Vishnu Sugar Mills Ltd
2020-12-11 12:23:32.6580 INFO Get User Success :115-Vishnu Sugar Mills Ltd
2020-12-11 12:23:32.6620 INFO Get Party Master List Success
2020-12-11 12:23:32.6620 INFO Get User Success :115-Vishnu Sugar Mills Ltd
2020-12-11 12:23:35.8769 INFO Get User Success :115-Vishnu Sugar Mills Ltd
2020-12-11 12:23:35.8869 INFO Get User Success :115-Vishnu Sugar Mills Ltd
2020-12-11 12:23:36.7825 INFO Get User Success :115-Vishnu Sugar Mills Ltd
2020-12-11 12:23:36.7855 INFO Get Party Master List Success
2020-12-11 12:23:36.7855 INFO Get User Success :115-Vishnu Sugar Mills Ltd
2020-12-11 12:23:38.1644 INFO Get User Success :115-Vishnu Sugar Mills Ltd
2020-12-11 12:23:38.1644 INFO Get User Success :115-Vishnu Sugar Mills Ltd
2020-12-11 12:23:38.9396 INFO Get User Success :115-Vishnu Sugar Mills Ltd
2020-12-11 12:23:38.9425 INFO Get Party Master List Success
2020-12-11 12:25:37.5354 INFO Get User Success :98-Harinagar Sugar Mills Limited(Distillery Division)
2020-12-11 12:26:10.0670 INFO Get User Success :98-Harinagar Sugar Mills Limited(Distillery Division)
2020-12-11 12:26:10.0670 INFO Get RR List Success
2020-12-11 12:26:10.1091 INFO Get User Success :98-Harinagar Sugar Mills Limited(Distillery Division)
2020-12-11 12:26:25.7492 INFO Get User Success :100-Deputy Commissioner
2020-12-11 12:26:28.0345 INFO Get User Success :100-Deputy Commissioner
2020-12-11 12:26:28.0387 INFO Check WorkFlow List Success
2020-12-11 12:26:28.0387 INFO Get RR List Success
2020-12-11 12:26:28.0387 INFO Get User Success :100-Deputy Commissioner
2020-12-11 12:26:30.1992 INFO Get User Success :100-Deputy Commissioner
2020-12-11 12:26:30.1992 INFO Check WorkFlow List Success
2020-12-11 12:26:30.1992 INFO Get RR List Success
2020-12-11 12:26:40.1523 INFO Get User Success :99-Assistant Commissioner
2020-12-11 12:26:42.4039 INFO Get User Success :99-Assistant Commissioner
2020-12-11 12:26:42.4039 INFO Check WorkFlow List Success
2020-12-11 12:26:42.4039 INFO Get RR List Success
2020-12-11 12:26:42.4119 INFO Get User Success :99-Assistant Commissioner
2020-12-11 12:27:41.9321 INFO Get User Success :99-Assistant Commissioner
2020-12-11 12:27:41.9321 INFO Get Product Type Master List Success
2020-12-11 12:27:41.9321 INFO Get State List Success
2020-12-11 12:27:41.9434 INFO Get NOC Sucess:19
2020-12-11 12:27:41.9434 INFO Get NOC Sucess:1
2020-12-11 12:27:41.9434 INFO Get State List Success
2020-12-11 12:27:41.9628 INFO Get NOC Details Success
2020-12-11 12:27:41.9628 INFO Get Customer Details Success
2020-12-11 12:27:41.9947 INFO Check WorkFlow List Success
2020-12-11 12:27:41.9947 INFO Get User Success :99-Assistant Commissioner
2020-12-11 12:42:39.5404 INFO Get User Success :115-Vishnu Sugar Mills Ltd
2020-12-11 12:42:45.2973 INFO Sugarcanepurchase Get List Success
2020-12-11 12:42:45.3063 INFO Get User Success :115-Vishnu Sugar Mills Ltd
2020-12-11 12:42:45.3551 INFO Get User Success :115-Vishnu Sugar Mills Ltd
2020-12-11 12:42:46.9999 INFO Get User Success :115-Vishnu Sugar Mills Ltd
2020-12-11 12:42:47.0078 INFO Get User Success :115-Vishnu Sugar Mills Ltd
2020-12-11 12:42:48.3729 INFO Get User Success :115-Vishnu Sugar Mills Ltd
2020-12-11 12:42:48.3729 INFO Get Party Master List Success
2020-12-11 12:42:48.4388 INFO Get User Success :115-Vishnu Sugar Mills Ltd
2020-12-11 13:00:06.8462 INFO Get User Success :115-Vishnu Sugar Mills Ltd
2020-12-11 13:00:13.5038 INFO Sugarcanepurchase Get List Success
2020-12-11 13:00:13.5038 INFO Get User Success :115-Vishnu Sugar Mills Ltd
2020-12-11 13:00:13.5499 INFO Get User Success :115-Vishnu Sugar Mills Ltd
2020-12-11 13:00:19.0375 INFO Get User Success :115-Vishnu Sugar Mills Ltd
2020-12-11 13:00:19.0375 INFO Get User Success :115-Vishnu Sugar Mills Ltd
2020-12-11 13:00:23.2265 INFO Get User Success :115-Vishnu Sugar Mills Ltd
2020-12-11 13:00:23.2265 INFO Get Party Master List Success
2020-12-11 13:00:23.2944 INFO Get User Success :115-Vishnu Sugar Mills Ltd
2020-12-11 13:00:28.5759 INFO Get User Success :115-Vishnu Sugar Mills Ltd
2020-12-11 13:00:28.5759 INFO Get User Success :115-Vishnu Sugar Mills Ltd
2020-12-11 13:00:30.0731 INFO Get User Success :115-Vishnu Sugar Mills Ltd
2020-12-11 13:00:30.0731 INFO Get Party Master List Success
2020-12-11 13:00:30.0890 INFO Get User Success :115-Vishnu Sugar Mills Ltd
2020-12-11 13:01:22.3518 INFO Get User Success :115-Vishnu Sugar Mills Ltd
2020-12-11 13:01:22.3668 INFO Get Party Master List Success
2020-12-11 13:01:36.9422 INFO Get User Success :115-Vishnu Sugar Mills Ltd
2020-12-11 13:01:40.8219 INFO Get User Success :115-Vishnu Sugar Mills Ltd
2020-12-11 13:01:40.8219 INFO Get Party Master List Success
2020-12-11 13:02:17.2797 INFO Get User Success :115-Vishnu Sugar Mills Ltd
2020-12-11 13:02:49.6305 INFO Get User Success :115-Vishnu Sugar Mills Ltd
2020-12-11 13:02:49.6305 INFO Get Party Master List Success
2020-12-11 13:03:14.7520 INFO Get User Success :115-Vishnu Sugar Mills Ltd
2020-12-11 13:03:30.2778 INFO Get User Success :115-Vishnu Sugar Mills Ltd
2020-12-11 13:03:30.2778 INFO Get Party Master List Success
2020-12-11 13:03:52.6397 INFO Get User Success :115-Vishnu Sugar Mills Ltd
2020-12-11 13:03:55.1713 INFO Get User Success :115-Vishnu Sugar Mills Ltd
2020-12-11 13:03:55.1713 INFO Get User Success :115-Vishnu Sugar Mills Ltd
2020-12-11 13:03:56.5497 INFO Get User Success :115-Vishnu Sugar Mills Ltd
2020-12-11 13:03:56.5527 INFO Get Party Master List Success
2020-12-11 13:03:56.5527 INFO Get User Success :115-Vishnu Sugar Mills Ltd
2020-12-11 13:03:58.3416 INFO Get User Success :115-Vishnu Sugar Mills Ltd
2020-12-11 13:03:58.3416 INFO Get User Success :115-Vishnu Sugar Mills Ltd
2020-12-11 13:03:59.2389 INFO Get User Success :115-Vishnu Sugar Mills Ltd
2020-12-11 13:03:59.2389 INFO Get Party Master List Success
2020-12-11 13:03:59.2389 INFO Get User Success :115-Vishnu Sugar Mills Ltd
2020-12-11 13:04:10.6770 INFO Get User Success :115-Vishnu Sugar Mills Ltd
2020-12-11 13:04:10.6770 INFO Get Party Master List Success
2020-12-11 13:05:13.8846 INFO Get User Success :115-Vishnu Sugar Mills Ltd
2020-12-11 13:05:16.9175 INFO Get User Success :115-Vishnu Sugar Mills Ltd
2020-12-11 13:05:16.9175 INFO Get User Success :115-Vishnu Sugar Mills Ltd
2020-12-11 13:05:18.9566 INFO Get User Success :115-Vishnu Sugar Mills Ltd
2020-12-11 13:05:18.9586 INFO Get Party Master List Success
2020-12-11 13:05:21.1526 INFO Get User Success :115-Vishnu Sugar Mills Ltd
2020-12-11 13:05:58.5572 INFO Get User Success :115-Vishnu Sugar Mills Ltd
2020-12-11 13:05:58.5572 INFO Get User Success :115-Vishnu Sugar Mills Ltd
2020-12-11 13:06:01.4898 INFO Get User Success :115-Vishnu Sugar Mills Ltd
2020-12-11 13:06:01.4898 INFO Get Party Master List Success
2020-12-11 13:06:01.4898 INFO Get User Success :115-Vishnu Sugar Mills Ltd
2020-12-11 13:06:06.3245 INFO Get Existing data Fail :dailymolassesproduction-22007: invalid input syntax for type timestamp: ""
2020-12-11 13:06:09.9825 INFO Get Existing data Fail :dailymolassesproduction
2020-12-11 13:06:18.7714 INFO Get Existing data Fail :dailymolassesproduction
2020-12-11 13:06:21.1392 INFO Get Existing data Fail :dailymolassesproduction
2020-12-11 13:06:23.1224 INFO Get Existing data Fail :dailymolassesproduction
2020-12-11 13:06:24.7789 INFO Get Existing data Fail :dailymolassesproduction
2020-12-11 13:06:28.4668 INFO Get Existing data Fail :dailymolassesproduction
2020-12-11 13:06:30.8348 INFO Get Existing data Fail :dailymolassesproduction
2020-12-11 13:06:32.9705 INFO Get Existing data Fail :dailymolassesproduction
2020-12-11 13:06:37.3634 INFO Get User Success :115-Vishnu Sugar Mills Ltd
2020-12-11 13:06:37.3634 INFO Get User Success :115-Vishnu Sugar Mills Ltd
2020-12-11 13:06:41.9397 INFO Get User Success :115-Vishnu Sugar Mills Ltd
2020-12-11 13:06:41.9426 INFO Get Party Master List Success
2020-12-11 13:06:41.9426 INFO Get User Success :115-Vishnu Sugar Mills Ltd
2020-12-11 13:06:44.4158 INFO Get Existing data Fail :dailymolassesproduction-22007: invalid input syntax for type timestamp: ""
2020-12-11 13:06:49.9890 INFO Get User Success :115-Vishnu Sugar Mills Ltd
2020-12-11 13:06:49.9890 INFO Get User Success :115-Vishnu Sugar Mills Ltd
2020-12-11 13:07:12.0757 INFO Get User Success :115-Vishnu Sugar Mills Ltd
2020-12-11 13:07:12.0757 INFO Get Party Master List Success
2020-12-11 13:07:12.0832 INFO Get User Success :115-Vishnu Sugar Mills Ltd
2020-12-11 13:07:17.3192 INFO Get Existing data Fail :dailymolassesproduction-22007: invalid input syntax for type timestamp: ""
2020-12-11 13:07:47.5990 INFO Get Existing data Fail :dailymolassesproduction
2020-12-11 13:07:49.4781 INFO Get User Success :115-Vishnu Sugar Mills Ltd
2020-12-11 13:07:49.4781 INFO Get User Success :115-Vishnu Sugar Mills Ltd
2020-12-11 13:07:54.1072 INFO Get User Success :115-Vishnu Sugar Mills Ltd
2020-12-11 13:07:54.1072 INFO Get Party Master List Success
2020-12-11 13:07:56.2138 INFO Get User Success :115-Vishnu Sugar Mills Ltd
2020-12-11 13:08:05.2408 INFO Get Existing data Fail :dailymolassesproduction-22007: invalid input syntax for type timestamp: ""
2020-12-11 13:08:30.5112 INFO Get Existing data Fail :dailymolassesproduction
2020-12-11 13:08:42.3785 INFO Get Existing data Fail :dailymolassesproduction
2020-12-11 13:11:25.7376 INFO Get Existing data Fail :dailymolassesproduction
2020-12-11 13:11:25.8193 INFO Get User Success :115-Vishnu Sugar Mills Ltd
2020-12-11 13:11:25.8193 INFO Get User Success :115-Vishnu Sugar Mills Ltd
2020-12-11 13:11:32.7158 INFO Get User Success :115-Vishnu Sugar Mills Ltd
2020-12-11 13:11:32.7158 INFO Get Party Master List Success
2020-12-11 13:11:35.0312 INFO Get User Success :115-Vishnu Sugar Mills Ltd
2020-12-11 13:11:42.2981 INFO Get Existing data Fail :dailymolassesproduction-22007: invalid input syntax for type timestamp: ""
2020-12-11 13:11:55.7985 INFO Get Existing data Fail :dailymolassesproduction
2020-12-11 13:12:11.6009 INFO Get Existing data Fail :dailymolassesproduction
2020-12-11 13:13:07.7315 INFO Get Existing data Fail :dailymolassesproduction
2020-12-11 13:13:55.5810 INFO Get User Success :115-Vishnu Sugar Mills Ltd
2020-12-11 13:13:55.5850 INFO Get User Success :115-Vishnu Sugar Mills Ltd
2020-12-11 13:13:57.2960 INFO Get User Success :115-Vishnu Sugar Mills Ltd
2020-12-11 13:13:57.2960 INFO Get Party Master List Success
2020-12-11 13:13:57.3048 INFO Get User Success :115-Vishnu Sugar Mills Ltd
2020-12-11 13:13:59.4188 INFO Get Existing data Fail :dailymolassesproduction-22007: invalid input syntax for type timestamp: ""
2020-12-11 13:14:03.0463 INFO Get Existing data Fail :dailymolassesproduction
2020-12-11 13:14:08.4594 INFO Get Existing data Fail :dailymolassesproduction
2020-12-11 13:14:11.8949 INFO Get User Success :115-Vishnu Sugar Mills Ltd
2020-12-11 13:14:11.8949 INFO Get User Success :115-Vishnu Sugar Mills Ltd
2020-12-11 13:14:30.4693 INFO Get User Success :115-Vishnu Sugar Mills Ltd
2020-12-11 13:14:30.4733 INFO Get Party Master List Success
2020-12-11 13:14:30.4733 INFO Get User Success :115-Vishnu Sugar Mills Ltd
2020-12-11 13:14:33.1224 INFO Get Existing data Fail :dailymolassesproduction-22007: invalid input syntax for type timestamp: ""
2020-12-11 13:14:35.8701 INFO Get Existing data Fail :dailymolassesproduction
2020-12-11 13:15:32.6813 INFO Get User Success :115-Vishnu Sugar Mills Ltd
2020-12-11 13:15:32.6813 INFO Get User Success :115-Vishnu Sugar Mills Ltd
2020-12-11 13:15:37.6892 INFO Get User Success :115-Vishnu Sugar Mills Ltd
2020-12-11 13:15:37.6922 INFO Get Party Master List Success
2020-12-11 13:15:37.7078 INFO Get User Success :115-Vishnu Sugar Mills Ltd
2020-12-11 13:19:29.1620 INFO Get User Success :115-Vishnu Sugar Mills Ltd
2020-12-11 13:19:29.1620 INFO Get User Success :115-Vishnu Sugar Mills Ltd
2020-12-11 13:19:34.3905 INFO Get User Success :115-Vishnu Sugar Mills Ltd
2020-12-11 13:19:34.3905 INFO Get Party Master List Success
2020-12-11 13:19:34.4072 INFO Get User Success :115-Vishnu Sugar Mills Ltd
2020-12-11 13:19:48.0070 INFO Get User Success :115-Vishnu Sugar Mills Ltd
2020-12-11 13:19:48.0070 INFO Get User Success :115-Vishnu Sugar Mills Ltd
2020-12-11 13:19:49.7770 INFO Get User Success :115-Vishnu Sugar Mills Ltd
2020-12-11 13:19:49.7770 INFO Get Party Master List Success
2020-12-11 13:19:49.7931 INFO Get User Success :115-Vishnu Sugar Mills Ltd
2020-12-11 13:20:32.0222 INFO Get User Success :115-Vishnu Sugar Mills Ltd
2020-12-11 13:20:32.0222 INFO Get Party Master List Success
2020-12-11 13:20:32.0483 INFO Get User Success :115-Vishnu Sugar Mills Ltd
2020-12-11 13:20:39.2824 INFO Get User Success :115-Vishnu Sugar Mills Ltd
2020-12-11 13:20:39.2854 INFO Get User Success :115-Vishnu Sugar Mills Ltd
2020-12-11 13:20:40.5152 INFO Get User Success :115-Vishnu Sugar Mills Ltd
2020-12-11 13:20:40.5152 INFO Get Party Master List Success
2020-12-11 13:20:40.5232 INFO Get User Success :115-Vishnu Sugar Mills Ltd
2020-12-11 13:22:02.8270 INFO Get User Success :115-Vishnu Sugar Mills Ltd
2020-12-11 13:22:02.8270 INFO Get Party Master List Success
2020-12-11 13:22:02.8430 INFO Get User Success :115-Vishnu Sugar Mills Ltd
2020-12-11 13:22:57.7268 INFO Get Existing data Fail :dailymolassesproduction
2020-12-11 13:23:01.7446 INFO Get User Success :115-Vishnu Sugar Mills Ltd
2020-12-11 13:23:01.7446 INFO Get Party Master List Success
2020-12-11 13:23:01.7446 INFO Get User Success :115-Vishnu Sugar Mills Ltd
2020-12-11 13:23:09.1869 INFO Get Existing data Fail :dailymolassesproduction
2020-12-11 13:23:13.1996 INFO Get Existing data Fail :dailymolassesproduction
2020-12-11 13:23:27.2255 INFO Get User Success :115-Vishnu Sugar Mills Ltd
2020-12-11 13:23:27.2255 INFO Get User Success :115-Vishnu Sugar Mills Ltd
2020-12-11 13:23:30.4966 INFO Get User Success :115-Vishnu Sugar Mills Ltd
2020-12-11 13:23:30.4966 INFO Get Party Master List Success
2020-12-11 13:23:30.5088 INFO Get User Success :115-Vishnu Sugar Mills Ltd
2020-12-11 13:23:34.1316 INFO Get Existing data Fail :dailymolassesproduction
2020-12-11 13:23:39.4477 INFO Get Existing data Success :dailymolassesproduction
2020-12-11 13:23:42.4129 INFO Get User Success :115-Vishnu Sugar Mills Ltd
2020-12-11 13:23:42.4129 INFO Get User Success :115-Vishnu Sugar Mills Ltd
2020-12-11 13:23:43.8067 INFO Get User Success :115-Vishnu Sugar Mills Ltd
2020-12-11 13:23:43.8067 INFO Get Party Master List Success
2020-12-11 13:23:43.8186 INFO Get User Success :115-Vishnu Sugar Mills Ltd
2020-12-11 13:25:53.7293 INFO Get User Success :115-Vishnu Sugar Mills Ltd
2020-12-11 13:25:53.7293 INFO Get Party Master List Success
2020-12-11 13:25:53.7678 INFO Get User Success :115-Vishnu Sugar Mills Ltd
2020-12-11 13:26:02.3327 INFO Get Existing data Fail :dailymolassesproduction
2020-12-11 13:27:53.1315 INFO Get Existing data Fail :dailymolassesproduction
2020-12-11 13:27:57.3359 INFO Get Existing data Success :dailymolassesproduction
2020-12-11 13:28:01.0874 INFO Get Existing data Fail :dailymolassesproduction
2020-12-11 13:28:08.1430 INFO Get Existing data Fail :dailymolassesproduction
2020-12-11 13:28:20.9464 INFO Get User Success :115-Vishnu Sugar Mills Ltd
2020-12-11 13:28:20.9464 INFO Get User Success :115-Vishnu Sugar Mills Ltd
2020-12-11 13:30:08.6510 INFO Get User Success :115-Vishnu Sugar Mills Ltd
2020-12-11 13:30:08.6510 INFO Get Party Master List Success
2020-12-11 13:30:22.0372 INFO Get User Success :115-Vishnu Sugar Mills Ltd
2020-12-11 13:30:33.0539 INFO Get Existing data Success :dailymolassesproduction
2020-12-11 13:30:37.2955 INFO Get Existing data Success :dailymolassesproduction
2020-12-11 13:30:41.0079 INFO Get Existing data Fail :dailymolassesproduction
2020-12-11 13:31:03.2396 INFO Get Existing data Fail :dailymolassesproduction
2020-12-11 14:32:23.6324 INFO Get User Success :112-Riga Sugar Company Ltd
2020-12-11 14:33:01.3628 INFO Sugarcanepurchase Get List Success
2020-12-11 14:33:01.3664 INFO Get User Success :112-Riga Sugar Company Ltd
2020-12-11 14:33:01.3999 INFO Get User Success :112-Riga Sugar Company Ltd
2020-12-11 14:33:06.5398 INFO MIR GetList Sucess
2020-12-11 14:33:06.5398 INFO Get User Success :112-Riga Sugar Company Ltd
2020-12-11 14:33:06.5539 INFO Get User Success :112-Riga Sugar Company Ltd
2020-12-11 14:33:21.0575 INFO Get User Success :112-Riga Sugar Company Ltd
2020-12-11 14:33:21.0672 INFO Get VAT Master List Success
2020-12-11 14:33:21.0672 INFO Get Pass List Success
2020-12-11 14:33:21.0672 INFO MIR GetDetails Sucess
2020-12-11 14:33:21.0923 INFO Get User Success :112-Riga Sugar Company Ltd
2020-12-11 14:33:21.8255 INFO Get Pass List Success
2020-12-11 14:43:50.7756 INFO MIR GetList Sucess
2020-12-11 14:43:50.7756 INFO Get User Success :112-Riga Sugar Company Ltd
2020-12-11 14:43:50.7756 INFO Get User Success :112-Riga Sugar Company Ltd
2020-12-11 14:43:53.2019 INFO Get User Success :112-Riga Sugar Company Ltd
2020-12-11 14:43:53.2103 INFO Get VAT Master List Success
2020-12-11 14:43:53.2103 INFO Get Pass List Success
2020-12-11 14:43:53.2476 INFO MIR GetDetails Fail :Field not found in row: customer_id
2020-12-11 14:43:53.2476 INFO Get User Success :112-Riga Sugar Company Ltd
2020-12-11 14:43:53.7129 INFO Get Pass List Success
2020-12-11 14:43:56.7156 INFO MIR Update Success:RSM-RSMMST0003_9
2020-12-11 14:43:56.7371 INFO MIR GetList Sucess
2020-12-11 14:43:56.7394 INFO Get User Success :112-Riga Sugar Company Ltd
2020-12-11 14:43:56.7394 INFO Get User Success :112-Riga Sugar Company Ltd
2020-12-11 14:44:01.1200 INFO Get User Success :112-Riga Sugar Company Ltd
2020-12-11 14:44:01.1200 INFO Get VAT Master List Success
2020-12-11 14:44:01.1308 INFO Get Pass List Success
2020-12-11 14:44:01.1478 INFO MIR GetDetails Fail :Field not found in row: customer_id
2020-12-11 14:44:01.1478 INFO Get User Success :112-Riga Sugar Company Ltd
2020-12-11 14:44:01.5846 INFO Get Pass List Success
2020-12-11 14:44:28.1065 INFO MIR Update Success:RSM-RSMMST0003_9
2020-12-11 14:44:28.1319 INFO MIR GetList Sucess
2020-12-11 14:44:28.1319 INFO Get User Success :112-Riga Sugar Company Ltd
2020-12-11 14:44:28.1319 INFO Get User Success :112-Riga Sugar Company Ltd
2020-12-11 14:44:32.2372 INFO Get User Success :112-Riga Sugar Company Ltd
2020-12-11 14:44:32.2453 INFO Get VAT Master List Success
2020-12-11 14:44:32.2453 INFO Get Pass List Success
2020-12-11 14:44:32.2622 INFO MIR GetDetails Fail :Field not found in row: customer_id
2020-12-11 14:44:32.2622 INFO Get User Success :112-Riga Sugar Company Ltd
2020-12-11 14:44:32.6412 INFO Get Pass List Success
2020-12-11 14:45:06.7056 INFO Get User Success :118-Riga Sugar Company Ltd, Bond Officer
2020-12-11 14:45:12.5813 INFO Sugarcanepurchase Get List Success
2020-12-11 14:45:12.5843 INFO Get User Success :118-Riga Sugar Company Ltd, Bond Officer
2020-12-11 14:45:12.5843 INFO Get User Success :118-Riga Sugar Company Ltd, Bond Officer
2020-12-11 14:45:13.4982 INFO MIR GetList Sucess
2020-12-11 14:45:13.4982 INFO Get User Success :118-Riga Sugar Company Ltd, Bond Officer
2020-12-11 14:45:13.5044 INFO Get User Success :118-Riga Sugar Company Ltd, Bond Officer
2020-12-11 14:45:15.0636 INFO Get User Success :118-Riga Sugar Company Ltd, Bond Officer
2020-12-11 14:45:15.0736 INFO Get VAT Master List Success
2020-12-11 14:45:15.0736 INFO Get Pass List Success
2020-12-11 14:45:15.0925 INFO MIR GetDetails Fail :Field not found in row: customer_id
2020-12-11 14:45:15.0925 INFO Get User Success :118-Riga Sugar Company Ltd, Bond Officer
2020-12-11 14:45:15.4902 INFO Get Pass List Success
2020-12-11 14:45:19.4292 INFO Get Pass List Success
2020-12-11 14:45:19.4731 INFO MIR Approve Sucess:9
2020-12-11 14:45:19.4938 INFO MIR GetList Sucess
2020-12-11 14:45:19.4938 INFO Get User Success :118-Riga Sugar Company Ltd, Bond Officer
2020-12-11 14:45:19.4938 INFO Get User Success :118-Riga Sugar Company Ltd, Bond Officer
2020-12-11 14:45:28.8010 INFO Get User Success :112-Riga Sugar Company Ltd
2020-12-11 14:45:32.9570 INFO Sugarcanepurchase Get List Success
2020-12-11 14:45:32.9570 INFO Get User Success :112-Riga Sugar Company Ltd
2020-12-11 14:45:32.9570 INFO Get User Success :112-Riga Sugar Company Ltd
2020-12-11 14:45:34.0745 INFO MIR GetList Sucess
2020-12-11 14:45:34.0745 INFO Get User Success :112-Riga Sugar Company Ltd
2020-12-11 14:45:34.0745 INFO Get User Success :112-Riga Sugar Company Ltd
2020-12-11 14:45:36.2221 INFO Get User Success :112-Riga Sugar Company Ltd
2020-12-11 14:45:36.2300 INFO Get VAT Master List Success
2020-12-11 14:45:36.2300 INFO Get Pass List Success
2020-12-11 14:45:36.2477 INFO MIR GetDetails Fail :Field not found in row: customer_id
2020-12-11 14:45:36.2477 INFO Get User Success :112-Riga Sugar Company Ltd
2020-12-11 14:45:36.6280 INFO Get Pass List Success
2020-12-11 14:45:40.2097 INFO MIR Update Success:RSM-RSMMST0003_9
2020-12-11 14:45:40.2366 INFO MIR GetList Sucess
2020-12-11 14:45:40.2426 INFO Get User Success :112-Riga Sugar Company Ltd
2020-12-11 14:45:40.2426 INFO Get User Success :112-Riga Sugar Company Ltd
2020-12-11 14:48:37.2111 INFO Get User Success :112-Riga Sugar Company Ltd
2020-12-11 14:48:37.2111 INFO Get VAT Master List Success
2020-12-11 14:48:37.2226 INFO Get Pass List Success
2020-12-11 14:48:37.2226 INFO Get User Success :112-Riga Sugar Company Ltd
2020-12-11 14:48:45.2042 INFO Get Pass List Success
2020-12-11 14:48:52.8808 INFO MIR Insertion Sucess:10-RSM
2020-12-11 14:48:52.9019 INFO MIR GetList Sucess
2020-12-11 14:48:52.9019 INFO Get User Success :112-Riga Sugar Company Ltd
2020-12-11 14:48:52.9019 INFO Get User Success :112-Riga Sugar Company Ltd
2020-12-11 14:49:12.5609 INFO Get User Success :112-Riga Sugar Company Ltd
2020-12-11 14:49:12.5684 INFO Get VAT Master List Success
2020-12-11 14:49:12.5684 INFO Get Pass List Success
2020-12-11 14:49:12.5684 INFO Get User Success :112-Riga Sugar Company Ltd
2020-12-11 14:49:16.8835 INFO Get Pass List Success
2020-12-11 14:49:27.9228 INFO MIR Insertion Fail:11-RSM-22007: invalid input syntax for type timestamp: ""
2020-12-11 14:49:27.9376 INFO MIR Update Fail :RSM-RSMMST0001_11-22007: invalid input syntax for type timestamp: ""
2020-12-11 14:49:28.3421 INFO Get Pass List Success
2020-12-11 14:50:24.0275 INFO MIR Insertion Sucess:11-RSM
2020-12-11 14:50:24.0452 INFO MIR Update Success:RSM-RSMMST0001_11
2020-12-11 14:50:24.0716 INFO MIR GetList Sucess
2020-12-11 14:50:24.0716 INFO Get User Success :112-Riga Sugar Company Ltd
2020-12-11 14:50:24.0716 INFO Get User Success :112-Riga Sugar Company Ltd
2020-12-11 14:50:42.6179 INFO Get User Success :112-Riga Sugar Company Ltd
2020-12-11 14:50:42.6179 INFO Get VAT Master List Success
2020-12-11 14:50:42.6179 INFO Get Pass List Success
2020-12-11 14:50:42.6298 INFO MIR GetDetails Sucess
2020-12-11 14:50:42.6298 INFO Get User Success :112-Riga Sugar Company Ltd
2020-12-11 14:50:51.3834 INFO MIR GetList Sucess
2020-12-11 14:50:51.3834 INFO Get User Success :112-Riga Sugar Company Ltd
2020-12-11 14:50:51.3834 INFO Get User Success :112-Riga Sugar Company Ltd
2020-12-11 14:50:52.9739 INFO Get User Success :112-Riga Sugar Company Ltd
2020-12-11 14:50:52.9739 INFO Get VAT Master List Success
2020-12-11 14:50:52.9739 INFO Get Pass List Success
2020-12-11 14:50:52.9739 INFO MIR GetDetails Sucess
2020-12-11 14:50:52.9908 INFO Get User Success :112-Riga Sugar Company Ltd
2020-12-11 14:54:54.3579 INFO Get Pass List Success
2020-12-11 14:55:03.9860 INFO MIR GetList Sucess
2020-12-11 14:55:03.9890 INFO Get User Success :112-Riga Sugar Company Ltd
2020-12-11 14:55:03.9890 INFO Get User Success :112-Riga Sugar Company Ltd
2020-12-11 14:55:05.0659 INFO Get User Success :112-Riga Sugar Company Ltd
2020-12-11 14:55:05.0749 INFO Get VAT Master List Success
2020-12-11 14:55:05.0749 INFO Get Pass List Success
2020-12-11 14:55:05.0749 INFO MIR GetDetails Sucess
2020-12-11 14:57:00.9851 INFO Get User Success :112-Riga Sugar Company Ltd
2020-12-11 14:57:58.7578 INFO MIR GetList Sucess
2020-12-11 14:57:58.7578 INFO Get User Success :112-Riga Sugar Company Ltd
2020-12-11 14:57:58.7578 INFO Get User Success :112-Riga Sugar Company Ltd
2020-12-11 14:57:59.7365 INFO Get User Success :112-Riga Sugar Company Ltd
2020-12-11 14:57:59.7445 INFO Get VAT Master List Success
2020-12-11 14:57:59.7445 INFO Get Pass List Success
2020-12-11 14:57:59.7636 INFO MIR GetDetails Fail :Field not found in row: customer_id
2020-12-11 14:57:59.7636 INFO Get User Success :112-Riga Sugar Company Ltd
2020-12-11 14:58:05.2670 INFO Get Pass List Success
2020-12-11 14:58:09.4949 INFO MIR GetList Sucess
2020-12-11 14:58:09.4949 INFO Get User Success :112-Riga Sugar Company Ltd
2020-12-11 14:58:09.4949 INFO Get User Success :112-Riga Sugar Company Ltd
2020-12-11 14:58:11.5501 INFO Get User Success :112-Riga Sugar Company Ltd
2020-12-11 14:58:11.5582 INFO Get VAT Master List Success
2020-12-11 14:58:11.5582 INFO Get Pass List Success
2020-12-11 14:58:11.5582 INFO MIR GetDetails Sucess
2020-12-11 14:58:11.5677 INFO Get User Success :112-Riga Sugar Company Ltd
2020-12-11 14:58:11.9170 INFO Get Pass List Success
2020-12-11 14:58:13.4473 INFO MIR GetList Sucess
2020-12-11 14:58:13.4473 INFO Get User Success :112-Riga Sugar Company Ltd
2020-12-11 14:58:13.4473 INFO Get User Success :112-Riga Sugar Company Ltd
2020-12-11 14:58:15.2117 INFO Get User Success :112-Riga Sugar Company Ltd
2020-12-11 14:58:15.2117 INFO Get VAT Master List Success
2020-12-11 14:58:15.2117 INFO Get Pass List Success
2020-12-11 14:58:15.2237 INFO MIR GetDetails Sucess
2020-12-11 14:58:15.2237 INFO Get User Success :112-Riga Sugar Company Ltd
2020-12-11 14:58:21.1128 INFO MIR GetList Sucess
2020-12-11 14:58:21.1148 INFO Get User Success :112-Riga Sugar Company Ltd
2020-12-11 14:58:21.1148 INFO Get User Success :112-Riga Sugar Company Ltd
2020-12-11 14:58:26.6685 INFO Get User Success :112-Riga Sugar Company Ltd
2020-12-11 14:58:26.6755 INFO Get VAT Master List Success
2020-12-11 14:58:26.6755 INFO Get Pass List Success
2020-12-11 14:58:26.6755 INFO MIR GetDetails Sucess
2020-12-11 14:58:26.6755 INFO Get User Success :112-Riga Sugar Company Ltd
2020-12-11 14:58:27.0542 INFO Get Pass List Success
2020-12-11 14:58:28.5836 INFO MIR GetList Sucess
2020-12-11 14:58:28.5836 INFO Get User Success :112-Riga Sugar Company Ltd
2020-12-11 14:58:28.5836 INFO Get User Success :112-Riga Sugar Company Ltd
2020-12-11 14:58:30.9734 INFO Get User Success :112-Riga Sugar Company Ltd
2020-12-11 14:58:30.9734 INFO Get VAT Master List Success
2020-12-11 14:58:30.9734 INFO Get Pass List Success
2020-12-11 14:58:31.0015 INFO MIR GetDetails Fail :Field not found in row: customer_id
2020-12-11 14:58:31.0055 INFO Get User Success :112-Riga Sugar Company Ltd
2020-12-11 14:58:31.3601 INFO Get Pass List Success
2020-12-11 14:58:32.7428 INFO MIR GetList Sucess
2020-12-11 14:58:32.7428 INFO Get User Success :112-Riga Sugar Company Ltd
2020-12-11 14:58:32.7428 INFO Get User Success :112-Riga Sugar Company Ltd
2020-12-11 14:59:32.0120 INFO Get User Success :112-Riga Sugar Company Ltd
2020-12-11 14:59:32.0200 INFO Get VAT Master List Success
2020-12-11 14:59:32.0200 INFO Get Pass List Success
2020-12-11 14:59:32.0200 INFO Get User Success :112-Riga Sugar Company Ltd
2020-12-11 14:59:35.7002 INFO Get Pass List Success
2020-12-11 14:59:37.5067 INFO MIR GetList Sucess
2020-12-11 14:59:37.5067 INFO Get User Success :112-Riga Sugar Company Ltd
2020-12-11 14:59:37.5067 INFO Get User Success :112-Riga Sugar Company Ltd
2020-12-11 14:59:48.4337 INFO Get User Success :112-Riga Sugar Company Ltd
2020-12-11 14:59:48.4426 INFO Get VAT Master List Success
2020-12-11 14:59:48.4426 INFO Get Pass List Success
2020-12-11 14:59:48.4598 INFO MIR GetDetails Fail :Field not found in row: customer_id
2020-12-11 14:59:48.4598 INFO Get User Success :112-Riga Sugar Company Ltd
2020-12-11 14:59:48.8368 INFO Get Pass List Success
2020-12-11 14:59:53.1942 INFO MIR GetList Sucess
2020-12-11 14:59:53.1942 INFO Get User Success :112-Riga Sugar Company Ltd
2020-12-11 14:59:53.1942 INFO Get User Success :112-Riga Sugar Company Ltd
2020-12-11 15:01:10.9461 INFO MIR GetList Sucess
2020-12-11 15:01:10.9461 INFO Get User Success :112-Riga Sugar Company Ltd
2020-12-11 15:01:10.9461 INFO Get User Success :112-Riga Sugar Company Ltd
2020-12-11 15:01:22.7431 INFO Get User Success :112-Riga Sugar Company Ltd
2020-12-11 15:01:22.7431 INFO Get VAT Master List Success
2020-12-11 15:02:54.0118 INFO Get User Success :112-Riga Sugar Company Ltd
2020-12-11 15:03:11.5578 INFO Sugarcanepurchase Get List Success
2020-12-11 15:03:11.5578 INFO Get User Success :112-Riga Sugar Company Ltd
2020-12-11 15:03:11.5952 INFO Get User Success :112-Riga Sugar Company Ltd
2020-12-11 15:03:19.0356 INFO MIR GetList Sucess
2020-12-11 15:03:19.0356 INFO Get User Success :112-Riga Sugar Company Ltd
2020-12-11 15:03:19.0356 INFO Get User Success :112-Riga Sugar Company Ltd
2020-12-11 15:03:25.0862 INFO Get User Success :112-Riga Sugar Company Ltd
2020-12-11 15:03:25.0982 INFO Get VAT Master List Success
2020-12-11 15:03:25.0982 INFO Get Pass List Success
2020-12-11 15:03:25.1432 INFO MIR GetDetails Fail :Field not found in row: customer_id
2020-12-11 15:03:25.1552 INFO Get User Success :112-Riga Sugar Company Ltd
2020-12-11 15:03:25.8601 INFO Get Pass List Success
2020-12-11 15:03:29.5403 INFO MIR GetList Sucess
2020-12-11 15:03:29.5403 INFO Get User Success :112-Riga Sugar Company Ltd
2020-12-11 15:03:29.5403 INFO Get User Success :112-Riga Sugar Company Ltd
2020-12-11 15:03:30.4387 INFO Get User Success :112-Riga Sugar Company Ltd
2020-12-11 15:03:30.4477 INFO Get VAT Master List Success
2020-12-11 15:03:30.4477 INFO Get Pass List Success
2020-12-11 15:03:30.4657 INFO MIR GetDetails Fail :Field not found in row: customer_id
2020-12-11 15:03:30.4657 INFO Get User Success :112-Riga Sugar Company Ltd
2020-12-11 15:03:30.8710 INFO Get Pass List Success
2020-12-11 15:03:45.3651 INFO Get User Success :112-Riga Sugar Company Ltd
2020-12-11 15:03:45.3651 INFO Get VAT Master List Success
2020-12-11 15:04:52.1884 INFO Get Pass List Success
2020-12-11 15:04:52.2124 INFO MIR GetDetails Fail :Field not found in row: customer_id
2020-12-11 15:04:52.2124 INFO Get User Success :112-Riga Sugar Company Ltd
2020-12-11 15:04:52.6037 INFO Get Pass List Success
2020-12-11 15:05:03.6879 INFO Get User Success :112-Riga Sugar Company Ltd
2020-12-11 15:05:03.6969 INFO Get VAT Master List Success
2020-12-11 15:05:03.6969 INFO Get Pass List Success
2020-12-11 15:05:03.7169 INFO MIR GetDetails Fail :Field not found in row: customer_id
2020-12-11 15:05:03.7169 INFO Get User Success :112-Riga Sugar Company Ltd
2020-12-11 15:05:04.1046 INFO Get Pass List Success
2020-12-11 15:06:06.0992 INFO Get User Success :112-Riga Sugar Company Ltd
2020-12-11 15:06:06.0992 INFO Get VAT Master List Success
2020-12-11 15:06:06.0992 INFO Get Pass List Success
2020-12-11 15:06:06.1268 INFO MIR GetDetails Fail :Field not found in row: customer_id
2020-12-11 15:06:06.1310 INFO Get User Success :112-Riga Sugar Company Ltd
2020-12-11 15:06:06.5461 INFO Get Pass List Success
2020-12-11 15:06:09.2847 INFO Get Pass List Success
2020-12-11 15:06:11.5882 INFO Get Pass List Success
2020-12-11 15:06:13.7404 INFO Get Pass List Success
2020-12-11 15:07:28.9168 INFO Get User Success :112-Riga Sugar Company Ltd
2020-12-11 15:07:28.9264 INFO Get VAT Master List Success
2020-12-11 15:07:28.9264 INFO Get Pass List Success
2020-12-11 15:07:28.9468 INFO MIR GetDetails Fail :Field not found in row: customer_id
2020-12-11 15:07:28.9468 INFO Get User Success :112-Riga Sugar Company Ltd
2020-12-11 15:07:33.1864 INFO MIR GetList Sucess
2020-12-11 15:07:33.1864 INFO Get User Success :112-Riga Sugar Company Ltd
2020-12-11 15:07:33.1924 INFO Get User Success :112-Riga Sugar Company Ltd
2020-12-11 15:07:34.3205 INFO Get User Success :112-Riga Sugar Company Ltd
2020-12-11 15:07:34.3205 INFO Get VAT Master List Success
2020-12-11 15:07:34.3325 INFO Get Pass List Success
2020-12-11 15:07:34.3475 INFO MIR GetDetails Fail :Field not found in row: customer_id
2020-12-11 15:07:34.3475 INFO Get User Success :112-Riga Sugar Company Ltd
2020-12-11 15:07:37.4316 INFO MIR GetList Sucess
2020-12-11 15:07:37.4316 INFO Get User Success :112-Riga Sugar Company Ltd
2020-12-11 15:07:37.4316 INFO Get User Success :112-Riga Sugar Company Ltd
2020-12-11 15:07:38.9617 INFO Get User Success :112-Riga Sugar Company Ltd
2020-12-11 15:07:38.9617 INFO Get VAT Master List Success
2020-12-11 15:07:38.9617 INFO Get Pass List Success
2020-12-11 15:07:38.9744 INFO MIR GetDetails Sucess
2020-12-11 15:07:38.9744 INFO Get User Success :112-Riga Sugar Company Ltd
2020-12-11 15:07:39.3286 INFO Get Pass List Success
2020-12-11 15:07:40.8062 INFO MIR GetList Sucess
2020-12-11 15:07:40.8062 INFO Get User Success :112-Riga Sugar Company Ltd
2020-12-11 15:07:40.8062 INFO Get User Success :112-Riga Sugar Company Ltd
2020-12-11 15:07:42.0293 INFO Get User Success :112-Riga Sugar Company Ltd
2020-12-11 15:07:42.0383 INFO Get VAT Master List Success
2020-12-11 15:07:42.0383 INFO Get Pass List Success
2020-12-11 15:07:42.0383 INFO MIR GetDetails Sucess
2020-12-11 15:07:42.0383 INFO Get User Success :112-Riga Sugar Company Ltd
2020-12-11 15:07:42.3806 INFO Get Pass List Success
2020-12-11 15:07:44.1106 INFO MIR GetList Sucess
2020-12-11 15:07:44.1166 INFO Get User Success :112-Riga Sugar Company Ltd
2020-12-11 15:07:44.1166 INFO Get User Success :112-Riga Sugar Company Ltd
2020-12-11 15:07:46.3981 INFO Get User Success :112-Riga Sugar Company Ltd
2020-12-11 15:07:46.3981 INFO Get VAT Master List Success
2020-12-11 15:07:46.3981 INFO Get Pass List Success
2020-12-11 15:07:46.4230 INFO MIR GetDetails Fail :Field not found in row: customer_id
2020-12-11 15:07:46.4279 INFO Get User Success :112-Riga Sugar Company Ltd
2020-12-11 15:07:49.7184 INFO MIR GetList Sucess
2020-12-11 15:07:49.7184 INFO Get User Success :112-Riga Sugar Company Ltd
2020-12-11 15:07:49.7244 INFO Get User Success :112-Riga Sugar Company Ltd
2020-12-11 15:07:51.7999 INFO Get User Success :112-Riga Sugar Company Ltd
2020-12-11 15:07:51.8079 INFO Get VAT Master List Success
2020-12-11 15:07:51.8079 INFO Get Pass List Success
2020-12-11 15:07:51.8079 INFO MIR GetDetails Sucess
2020-12-11 15:07:51.8176 INFO Get User Success :112-Riga Sugar Company Ltd
2020-12-11 15:07:53.4656 INFO MIR GetList Sucess
2020-12-11 15:07:53.4656 INFO Get User Success :112-Riga Sugar Company Ltd
2020-12-11 15:07:53.4726 INFO Get User Success :112-Riga Sugar Company Ltd
2020-12-11 15:07:59.6095 INFO Get User Success :112-Riga Sugar Company Ltd
2020-12-11 15:07:59.6174 INFO Get VAT Master List Success
2020-12-11 15:07:59.6174 INFO Get Pass List Success
2020-12-11 15:07:59.6352 INFO MIR GetDetails Fail :Field not found in row: customer_id
2020-12-11 15:07:59.6352 INFO Get User Success :112-Riga Sugar Company Ltd
2020-12-11 15:08:01.0952 INFO MIR GetList Sucess
2020-12-11 15:08:01.0982 INFO Get User Success :112-Riga Sugar Company Ltd
2020-12-11 15:08:01.0982 INFO Get User Success :112-Riga Sugar Company Ltd
2020-12-11 15:08:01.9013 INFO Get User Success :112-Riga Sugar Company Ltd
2020-12-11 15:08:01.9103 INFO Get VAT Master List Success
2020-12-11 15:08:01.9103 INFO Get Pass List Success
2020-12-11 15:08:01.9292 INFO MIR GetDetails Fail :Field not found in row: customer_id
2020-12-11 15:08:01.9292 INFO Get User Success :112-Riga Sugar Company Ltd
2020-12-11 15:08:04.5818 INFO MIR GetList Sucess
2020-12-11 15:08:04.5818 INFO Get User Success :112-Riga Sugar Company Ltd
2020-12-11 15:08:04.5818 INFO Get User Success :112-Riga Sugar Company Ltd
2020-12-11 15:08:28.1499 INFO Get User Success :118-Riga Sugar Company Ltd, Bond Officer
2020-12-11 15:08:32.7452 INFO Sugarcanepurchase Get List Success
2020-12-11 15:08:32.7452 INFO Get User Success :118-Riga Sugar Company Ltd, Bond Officer
2020-12-11 15:08:32.7452 INFO Get User Success :118-Riga Sugar Company Ltd, Bond Officer
2020-12-11 15:08:35.2004 INFO MIR GetList Sucess
2020-12-11 15:08:35.2004 INFO Get User Success :118-Riga Sugar Company Ltd, Bond Officer
2020-12-11 15:08:35.2004 INFO Get User Success :118-Riga Sugar Company Ltd, Bond Officer
2020-12-11 15:08:38.2478 INFO Get User Success :118-Riga Sugar Company Ltd, Bond Officer
2020-12-11 15:08:38.2568 INFO Get VAT Master List Success
2020-12-11 15:08:38.2568 INFO Get Pass List Success
2020-12-11 15:08:38.2754 INFO MIR GetDetails Fail :Field not found in row: customer_id
2020-12-11 15:08:38.2754 INFO Get User Success :118-Riga Sugar Company Ltd, Bond Officer
2020-12-11 15:08:56.0496 INFO MIR GetList Sucess
2020-12-11 15:08:56.0517 INFO Get User Success :118-Riga Sugar Company Ltd, Bond Officer
2020-12-11 15:08:56.0517 INFO Get User Success :118-Riga Sugar Company Ltd, Bond Officer
2020-12-11 15:08:57.2050 INFO Get User Success :118-Riga Sugar Company Ltd, Bond Officer
2020-12-11 15:08:57.2139 INFO Get VAT Master List Success
2020-12-11 15:08:57.2139 INFO Get Pass List Success
2020-12-11 15:08:57.2139 INFO MIR GetDetails Sucess
2020-12-11 15:08:57.2139 INFO Get User Success :118-Riga Sugar Company Ltd, Bond Officer
2020-12-11 15:08:57.5720 INFO Get Pass List Success
2020-12-11 15:09:00.2392 INFO MIR GetList Sucess
2020-12-11 15:09:00.2392 INFO Get User Success :118-Riga Sugar Company Ltd, Bond Officer
2020-12-11 15:09:00.2392 INFO Get User Success :118-Riga Sugar Company Ltd, Bond Officer
2020-12-11 15:09:01.0883 INFO Get User Success :118-Riga Sugar Company Ltd, Bond Officer
2020-12-11 15:09:01.0883 INFO Get VAT Master List Success
2020-12-11 15:09:01.1003 INFO Get Pass List Success
2020-12-11 15:09:01.1003 INFO MIR GetDetails Sucess
2020-12-11 15:09:01.1003 INFO Get User Success :118-Riga Sugar Company Ltd, Bond Officer
2020-12-11 15:09:01.4228 INFO Get Pass List Success
2020-12-11 15:09:02.9665 INFO MIR GetList Sucess
2020-12-11 15:09:02.9665 INFO Get User Success :118-Riga Sugar Company Ltd, Bond Officer
2020-12-11 15:09:02.9665 INFO Get User Success :118-Riga Sugar Company Ltd, Bond Officer
2020-12-11 15:09:05.7723 INFO Get User Success :118-Riga Sugar Company Ltd, Bond Officer
2020-12-11 15:09:05.7723 INFO Get VAT Master List Success
2020-12-11 15:09:05.7723 INFO Get Pass List Success
2020-12-11 15:09:05.7973 INFO MIR GetDetails Fail :Field not found in row: customer_id
2020-12-11 15:09:05.8009 INFO Get User Success :118-Riga Sugar Company Ltd, Bond Officer
2020-12-11 15:09:07.2465 INFO MIR GetList Sucess
2020-12-11 15:09:07.2465 INFO Get User Success :118-Riga Sugar Company Ltd, Bond Officer
2020-12-11 15:09:07.2465 INFO Get User Success :118-Riga Sugar Company Ltd, Bond Officer
2020-12-11 15:09:08.2533 INFO Get User Success :118-Riga Sugar Company Ltd, Bond Officer
2020-12-11 15:09:08.2612 INFO Get VAT Master List Success
2020-12-11 15:09:08.2612 INFO Get Pass List Success
2020-12-11 15:09:08.2612 INFO MIR GetDetails Sucess
2020-12-11 15:09:08.2697 INFO Get User Success :118-Riga Sugar Company Ltd, Bond Officer
2020-12-11 15:09:08.6071 INFO Get Pass List Success
2020-12-11 15:09:10.0477 INFO MIR GetList Sucess
2020-12-11 15:09:10.0477 INFO Get User Success :118-Riga Sugar Company Ltd, Bond Officer
2020-12-11 15:09:10.0527 INFO Get User Success :118-Riga Sugar Company Ltd, Bond Officer
2020-12-11 15:09:40.1134 INFO Get User Success :118-Riga Sugar Company Ltd, Bond Officer
2020-12-11 15:09:40.1134 INFO Get VAT Master List Success
2020-12-11 15:09:40.1134 INFO Get Pass List Success
2020-12-11 15:09:40.1401 INFO MIR GetDetails Fail :Field not found in row: customer_id
2020-12-11 15:09:40.1401 INFO Get User Success :118-Riga Sugar Company Ltd, Bond Officer
2020-12-11 15:09:40.5210 INFO Get Pass List Success
2020-12-11 15:10:35.9852 INFO Get User Success :112-Riga Sugar Company Ltd
2020-12-11 15:10:40.3022 INFO Sugarcanepurchase Get List Success
2020-12-11 15:10:40.3022 INFO Get User Success :112-Riga Sugar Company Ltd
2020-12-11 15:10:40.3022 INFO Get User Success :112-Riga Sugar Company Ltd
2020-12-11 15:10:46.9524 INFO MIR GetList Sucess
2020-12-11 15:10:46.9524 INFO Get User Success :112-Riga Sugar Company Ltd
2020-12-11 15:10:46.9584 INFO Get User Success :112-Riga Sugar Company Ltd
2020-12-11 15:10:48.5161 INFO Get User Success :112-Riga Sugar Company Ltd
2020-12-11 15:10:48.5251 INFO Get VAT Master List Success
2020-12-11 15:10:48.5251 INFO Get Pass List Success
2020-12-11 15:10:48.5421 INFO MIR GetDetails Fail :Field not found in row: customer_id
2020-12-11 15:10:48.5421 INFO Get User Success :112-Riga Sugar Company Ltd
2020-12-11 15:10:48.8992 INFO Get Pass List Success
2020-12-11 15:10:50.6621 INFO MIR GetList Sucess
2020-12-11 15:10:50.6621 INFO Get User Success :112-Riga Sugar Company Ltd
2020-12-11 15:10:50.6621 INFO Get User Success :112-Riga Sugar Company Ltd
2020-12-11 15:10:51.6646 INFO Get User Success :112-Riga Sugar Company Ltd
2020-12-11 15:10:51.6646 INFO Get VAT Master List Success
2020-12-11 15:10:51.6765 INFO Get Pass List Success
2020-12-11 15:10:51.6765 INFO MIR GetDetails Sucess
2020-12-11 15:10:51.6765 INFO Get User Success :112-Riga Sugar Company Ltd
2020-12-11 15:10:52.0258 INFO Get Pass List Success
2020-12-11 15:10:53.4841 INFO MIR GetList Sucess
2020-12-11 15:10:53.4841 INFO Get User Success :112-Riga Sugar Company Ltd
2020-12-11 15:10:53.4900 INFO Get User Success :112-Riga Sugar Company Ltd
2020-12-11 15:10:54.2889 INFO Get User Success :112-Riga Sugar Company Ltd
2020-12-11 15:10:54.2889 INFO Get VAT Master List Success
2020-12-11 15:10:54.2889 INFO Get Pass List Success
2020-12-11 15:10:54.3149 INFO MIR GetDetails Fail :Field not found in row: customer_id
2020-12-11 15:10:54.3188 INFO Get User Success :112-Riga Sugar Company Ltd
2020-12-11 15:10:54.6513 INFO Get Pass List Success
2020-12-11 15:10:59.0721 INFO MIR GetList Sucess
2020-12-11 15:10:59.0721 INFO Get User Success :112-Riga Sugar Company Ltd
2020-12-11 15:10:59.0721 INFO Get User Success :112-Riga Sugar Company Ltd
2020-12-11 15:10:59.7165 INFO Get User Success :112-Riga Sugar Company Ltd
2020-12-11 15:10:59.7256 INFO Get VAT Master List Success
2020-12-11 15:10:59.7256 INFO Get Pass List Success
2020-12-11 15:10:59.7256 INFO Get User Success :112-Riga Sugar Company Ltd
2020-12-11 15:11:05.1254 INFO Get Pass List Success
2020-12-11 15:11:07.8362 INFO Get Pass List Success
2020-12-11 15:11:10.0203 INFO Get Pass List Success
2020-12-11 15:11:11.8765 INFO Get Pass List Success
2020-12-11 15:11:16.2523 INFO Get Pass List Success
2020-12-11 15:11:21.2606 INFO MIR GetList Sucess
2020-12-11 15:11:21.2606 INFO Get User Success :112-Riga Sugar Company Ltd
2020-12-11 15:11:21.2606 INFO Get User Success :112-Riga Sugar Company Ltd
2020-12-11 15:11:36.6613 INFO Get User Success :112-Riga Sugar Company Ltd
2020-12-11 15:11:36.6613 INFO Get VAT Master List Success
2020-12-11 15:11:36.6613 INFO Get Pass List Success
2020-12-11 15:11:36.6861 INFO MIR GetDetails Fail :Field not found in row: customer_id
2020-12-11 15:11:36.6861 INFO Get User Success :112-Riga Sugar Company Ltd
2020-12-11 15:11:37.0945 INFO Get Pass List Success
2020-12-11 15:13:19.0573 INFO Get User Success :112-Riga Sugar Company Ltd
2020-12-11 15:13:19.0573 INFO Get VAT Master List Success
2020-12-11 15:13:19.0672 INFO Get Pass List Success
2020-12-11 15:13:19.0822 INFO MIR GetDetails Fail :Field not found in row: customer_id
2020-12-11 15:13:19.0822 INFO Get User Success :112-Riga Sugar Company Ltd
2020-12-11 15:13:19.4642 INFO Get Pass List Success
2020-12-11 15:13:21.1485 INFO MIR GetList Sucess
2020-12-11 15:13:21.1485 INFO Get User Success :112-Riga Sugar Company Ltd
2020-12-11 15:13:21.1485 INFO Get User Success :112-Riga Sugar Company Ltd
2020-12-11 15:13:32.8664 INFO Get User Success :112-Riga Sugar Company Ltd
2020-12-11 15:13:32.8664 INFO Get VAT Master List Success
2020-12-11 15:13:32.8790 INFO Get Pass List Success
2020-12-11 15:14:29.5828 INFO Get User Success :112-Riga Sugar Company Ltd
2020-12-11 15:14:31.5866 INFO Sugarcanepurchase Get List Success
2020-12-11 15:14:31.5866 INFO Get User Success :112-Riga Sugar Company Ltd
2020-12-11 15:14:31.6285 INFO Get User Success :112-Riga Sugar Company Ltd
2020-12-11 15:14:32.6474 INFO MIR GetList Sucess
2020-12-11 15:14:32.6474 INFO Get User Success :112-Riga Sugar Company Ltd
2020-12-11 15:14:32.6688 INFO Get User Success :112-Riga Sugar Company Ltd
2020-12-11 15:14:34.1639 INFO Get User Success :112-Riga Sugar Company Ltd
2020-12-11 15:14:34.1639 INFO Get VAT Master List Success
2020-12-11 15:14:34.1828 INFO Get Pass List Success
2020-12-11 15:14:34.2137 INFO MIR GetDetails Fail :Field not found in row: customer_id
2020-12-11 15:14:34.2137 INFO Get User Success :112-Riga Sugar Company Ltd
2020-12-11 15:14:35.0282 INFO Get Pass List Success
2020-12-11 15:16:02.2866 INFO MIR Update Success:RSM-RSMMST0001_7
2020-12-11 15:16:02.3035 INFO MIR GetList Sucess
2020-12-11 15:16:02.3035 INFO Get User Success :112-Riga Sugar Company Ltd
2020-12-11 15:16:02.3035 INFO Get User Success :112-Riga Sugar Company Ltd
2020-12-11 15:16:06.3154 INFO Get User Success :112-Riga Sugar Company Ltd
2020-12-11 15:16:06.3244 INFO Get VAT Master List Success
2020-12-11 15:16:06.3244 INFO Get Pass List Success
2020-12-11 15:16:06.3436 INFO MIR GetDetails Fail :Field not found in row: customer_id
2020-12-11 15:16:06.3474 INFO Get User Success :112-Riga Sugar Company Ltd
2020-12-11 15:16:09.7760 INFO MIR GetList Sucess
2020-12-11 15:16:09.7760 INFO Get User Success :112-Riga Sugar Company Ltd
2020-12-11 15:16:09.7760 INFO Get User Success :112-Riga Sugar Company Ltd
2020-12-11 15:16:13.7530 INFO Get User Success :112-Riga Sugar Company Ltd
2020-12-11 15:16:13.7610 INFO Get VAT Master List Success
2020-12-11 15:16:13.7610 INFO Get Pass List Success
2020-12-11 15:16:13.7780 INFO MIR GetDetails Fail :Field not found in row: customer_id
2020-12-11 15:16:13.7780 INFO Get User Success :112-Riga Sugar Company Ltd
2020-12-11 15:16:23.7347 INFO MIR GetList Sucess
2020-12-11 15:16:23.7387 INFO Get User Success :112-Riga Sugar Company Ltd
2020-12-11 15:16:23.7387 INFO Get User Success :112-Riga Sugar Company Ltd
2020-12-11 15:16:24.7285 INFO Get User Success :112-Riga Sugar Company Ltd
2020-12-11 15:16:24.7285 INFO Get VAT Master List Success
2020-12-11 15:16:24.7395 INFO Get Pass List Success
2020-12-11 15:16:24.7584 INFO MIR GetDetails Fail :Field not found in row: customer_id
2020-12-11 15:16:24.7584 INFO Get User Success :112-Riga Sugar Company Ltd
2020-12-11 15:16:26.3913 INFO MIR GetList Sucess
2020-12-11 15:16:26.3913 INFO Get User Success :112-Riga Sugar Company Ltd
2020-12-11 15:16:26.3963 INFO Get User Success :112-Riga Sugar Company Ltd
2020-12-11 15:16:27.5229 INFO Get User Success :112-Riga Sugar Company Ltd
2020-12-11 15:16:27.5229 INFO Get VAT Master List Success
2020-12-11 15:16:27.5229 INFO Get Pass List Success
2020-12-11 15:16:27.5499 INFO MIR GetDetails Fail :Field not found in row: customer_id
2020-12-11 15:16:27.5529 INFO Get User Success :112-Riga Sugar Company Ltd
2020-12-11 15:17:33.5538 INFO Get User Success :112-Riga Sugar Company Ltd
2020-12-11 15:17:33.5538 INFO Get VAT Master List Success
2020-12-11 15:17:33.5538 INFO Get Pass List Success
2020-12-11 15:17:33.5825 INFO MIR GetDetails Fail :Field not found in row: customer_id
2020-12-11 15:17:49.2906 INFO Get User Success :112-Riga Sugar Company Ltd
2020-12-11 15:17:53.1282 INFO Get User Success :112-Riga Sugar Company Ltd
2020-12-11 15:17:53.1360 INFO Get VAT Master List Success
2020-12-11 15:17:53.1360 INFO Get Pass List Success
2020-12-11 15:17:53.1649 INFO MIR GetDetails Fail :Field not found in row: customer_id
2020-12-11 15:17:53.1649 INFO Get User Success :112-Riga Sugar Company Ltd
2020-12-11 15:17:53.5315 INFO Get Pass List Success
2020-12-11 15:18:04.2872 INFO Get User Success :112-Riga Sugar Company Ltd
2020-12-11 15:18:04.2872 INFO Get VAT Master List Success
2020-12-11 15:18:04.2872 INFO Get Pass List Success
2020-12-11 15:18:04.3160 INFO MIR GetDetails Fail :Field not found in row: customer_id
2020-12-11 15:21:51.0638 INFO Get User Success :112-Riga Sugar Company Ltd
2020-12-11 15:22:01.5018 INFO Sugarcanepurchase Get List Success
2020-12-11 15:22:01.5048 INFO Get User Success :112-Riga Sugar Company Ltd
2020-12-11 15:22:01.5417 INFO Get User Success :112-Riga Sugar Company Ltd
2020-12-11 15:22:03.4851 INFO MIR GetList Sucess
2020-12-11 15:22:03.4881 INFO Get User Success :112-Riga Sugar Company Ltd
2020-12-11 15:22:03.4881 INFO Get User Success :112-Riga Sugar Company Ltd
2020-12-11 15:22:05.3106 INFO Get User Success :112-Riga Sugar Company Ltd
2020-12-11 15:22:05.3206 INFO Get VAT Master List Success
2020-12-11 15:22:05.3206 INFO Get Pass List Success
2020-12-11 15:22:05.3649 INFO MIR GetDetails Fail :Field not found in row: customer_id
2020-12-11 15:22:05.3649 INFO Get User Success :112-Riga Sugar Company Ltd
2020-12-11 15:22:34.8982 INFO Get User Success :112-Riga Sugar Company Ltd
2020-12-11 15:22:34.8982 INFO Get VAT Master List Success
2020-12-11 15:22:34.8982 INFO Get Pass List Success
2020-12-11 15:22:34.9244 INFO MIR GetDetails Fail :Field not found in row: customer_id
2020-12-11 15:25:35.7479 INFO Get User Success :112-Riga Sugar Company Ltd
2020-12-11 15:25:38.3487 INFO Sugarcanepurchase Get List Success
2020-12-11 15:25:38.3487 INFO Get User Success :112-Riga Sugar Company Ltd
2020-12-11 15:25:38.3906 INFO Get User Success :112-Riga Sugar Company Ltd
2020-12-11 15:25:39.9547 INFO Get Party Master List Success
2020-12-11 15:25:39.9618 INFO Get User Success :112-Riga Sugar Company Ltd
2020-12-11 15:25:39.9867 INFO Sugarcanepurchase Get List Success
2020-12-11 15:25:39.9937 INFO Get User Success :112-Riga Sugar Company Ltd
2020-12-11 15:25:41.2960 INFO MIR GetList Sucess
2020-12-11 15:25:41.2960 INFO Get User Success :112-Riga Sugar Company Ltd
2020-12-11 15:25:41.3110 INFO Get User Success :112-Riga Sugar Company Ltd
2020-12-11 15:25:42.8291 INFO Get User Success :112-Riga Sugar Company Ltd
2020-12-11 15:25:42.8410 INFO Get VAT Master List Success
2020-12-11 15:25:42.8410 INFO Get Pass List Success
2020-12-11 15:25:42.8789 INFO MIR GetDetails Fail :Field not found in row: customer_id
2020-12-11 15:25:42.8789 INFO Get User Success :112-Riga Sugar Company Ltd
2020-12-11 15:25:43.2922 INFO Get Pass List Success
2020-12-11 15:25:48.4069 INFO MIR GetList Sucess
2020-12-11 15:25:48.4099 INFO Get User Success :112-Riga Sugar Company Ltd
2020-12-11 15:25:48.4099 INFO Get User Success :112-Riga Sugar Company Ltd
2020-12-11 15:25:49.5547 INFO Get User Success :112-Riga Sugar Company Ltd
2020-12-11 15:25:49.5547 INFO Get VAT Master List Success
2020-12-11 15:25:49.5667 INFO Get Pass List Success
2020-12-11 15:25:49.5826 INFO MIR GetDetails Fail :Field not found in row: customer_id
2020-12-11 15:25:49.5826 INFO Get User Success :112-Riga Sugar Company Ltd
2020-12-11 15:25:49.9908 INFO Get Pass List Success
2020-12-11 15:25:51.3984 INFO MIR GetList Sucess
2020-12-11 15:25:51.3984 INFO Get User Success :112-Riga Sugar Company Ltd
2020-12-11 15:25:51.3984 INFO Get User Success :112-Riga Sugar Company Ltd
2020-12-11 15:25:52.3243 INFO Get User Success :112-Riga Sugar Company Ltd
2020-12-11 15:25:52.3333 INFO Get VAT Master List Success
2020-12-11 15:25:52.3333 INFO Get Pass List Success
2020-12-11 15:25:52.3333 INFO MIR GetDetails Sucess
2020-12-11 15:25:52.3333 INFO Get User Success :112-Riga Sugar Company Ltd
2020-12-11 15:25:52.6723 INFO Get Pass List Success
2020-12-11 15:25:53.6950 INFO MIR GetList Sucess
2020-12-11 15:25:53.6950 INFO Get User Success :112-Riga Sugar Company Ltd
2020-12-11 15:25:53.6950 INFO Get User Success :112-Riga Sugar Company Ltd
2020-12-11 15:25:54.3411 INFO Get User Success :112-Riga Sugar Company Ltd
2020-12-11 15:25:54.3491 INFO Get VAT Master List Success
2020-12-11 15:25:54.3491 INFO Get Pass List Success
2020-12-11 15:25:54.3491 INFO MIR GetDetails Sucess
2020-12-11 15:25:54.3491 INFO Get User Success :112-Riga Sugar Company Ltd
2020-12-11 15:25:54.6841 INFO Get Pass List Success
2020-12-11 15:25:56.0038 INFO MIR GetList Sucess
2020-12-11 15:25:56.0038 INFO Get User Success :112-Riga Sugar Company Ltd
2020-12-11 15:25:56.0038 INFO Get User Success :112-Riga Sugar Company Ltd
2020-12-11 15:36:13.7715 INFO Get User Success :44-Administrator
2020-12-11 16:50:43.1305 INFO Get User Success :112-Riga Sugar Company Ltd
2020-12-11 16:51:00.5959 INFO Get User Success :112-Riga Sugar Company Ltd
2020-12-11 16:51:00.6448 INFO Get User Success :112-Riga Sugar Company Ltd
2020-12-11 16:51:02.0005 INFO Get User Success :112-Riga Sugar Company Ltd
2020-12-11 16:51:02.0090 INFO Get Pass List Success
2020-12-11 16:51:53.2681 INFO Get Pass List Success
2020-12-11 16:51:55.8416 INFO Get User Success :112-Riga Sugar Company Ltd
2020-12-11 17:20:38.0065 INFO Get User Success :112-Riga Sugar Company Ltd
2020-12-11 17:20:56.8800 INFO Get User Success :112-Riga Sugar Company Ltd
2020-12-11 17:20:56.9364 INFO Get User Success :112-Riga Sugar Company Ltd
2020-12-11 17:21:00.0929 INFO Get User Success :112-Riga Sugar Company Ltd
2020-12-11 17:21:00.1057 INFO Get Pass List Success
2020-12-11 17:21:00.1177 INFO Get User Success :112-Riga Sugar Company Ltd
2020-12-11 17:26:58.3841 INFO Get User Success :112-Riga Sugar Company Ltd
2020-12-11 17:27:08.4161 INFO Get User Success :112-Riga Sugar Company Ltd
2020-12-11 17:27:08.4683 INFO Get User Success :112-Riga Sugar Company Ltd
2020-12-11 17:27:10.4154 INFO Get User Success :112-Riga Sugar Company Ltd
2020-12-11 17:27:10.4154 INFO Get Pass List Success
2020-12-11 17:27:10.4344 INFO Get User Success :112-Riga Sugar Company Ltd
2020-12-11 17:32:24.7198 INFO Get User Success :112-Riga Sugar Company Ltd
2020-12-11 17:32:24.7248 INFO Get Pass List Success
