2020-10-28 10:08:12.3413 INFO Get User Success :18-Harinagar Distillery
2020-10-28 10:08:16.6481 INFO Get User Success :18-Harinagar Distillery
2020-10-28 10:08:16.6481 INFO Get Indent List Success
2020-10-28 10:08:16.7177 INFO Get User Success :18-Harinagar Distillery
2020-10-28 10:08:19.0096 INFO Get User Success :18-Harinagar Distillery
2020-10-28 10:08:19.0096 INFO Get Indent List Success
2020-10-28 10:08:30.0870 INFO Get User Success :18-Harinagar Distillery
2020-10-28 10:08:30.0960 INFO Get Party Master List Success
2020-10-28 10:08:30.0960 INFO Get Product Master List Success
2020-10-28 10:08:30.1150 INFO Get Indent Details Success
2020-10-28 10:08:30.1439 INFO Get User Success :18-Harinagar Distillery
2020-10-28 10:08:33.2044 INFO Get User Success :18-Harinagar Distillery
2020-10-28 10:08:33.2044 INFO Get Indent List Success
2020-10-28 10:08:33.2044 INFO Get User Success :18-Harinagar Distillery
2020-10-28 10:08:47.3299 INFO Get User Success :18-Harinagar Distillery
2020-10-28 10:08:47.3299 INFO Get Indent List Success
2020-10-28 10:08:47.3518 INFO Get User Success :18-Harinagar Distillery
2020-10-28 10:08:47.3518 INFO Get Party Master List Success
2020-10-28 10:08:47.3518 INFO Get Product Master List Success
2020-10-28 10:08:47.3587 INFO Get Indent Details Success
2020-10-28 10:08:47.3587 INFO Get User Success :18-Harinagar Distillery
2020-10-28 10:09:49.0511 INFO Get User Success :18-Harinagar Distillery
2020-10-28 10:09:49.0511 INFO Get Indent List Success
2020-10-28 10:09:49.0511 INFO Get User Success :18-Harinagar Distillery
2020-10-28 10:09:50.0848 INFO Get User Success :18-Harinagar Distillery
2020-10-28 10:09:50.0848 INFO Get Indent List Success
2020-10-28 10:09:50.1098 INFO Get User Success :18-Harinagar Distillery
2020-10-28 10:09:50.1098 INFO Get Party Master List Success
2020-10-28 10:09:50.1098 INFO Get Product Master List Success
2020-10-28 10:09:50.1438 INFO Get Indent Details Success
2020-10-28 10:09:50.1438 INFO Get User Success :18-Harinagar Distillery
2020-10-28 10:10:26.2961 INFO Get User Success :18-Harinagar Distillery
2020-10-28 10:10:26.2961 INFO Get Party Master List Success
2020-10-28 10:10:26.2961 INFO Get Product Master List Success
2020-10-28 10:10:26.2961 INFO Get Indent Details Success
2020-10-28 10:10:33.9604 INFO Get User Success :18-Harinagar Distillery
2020-10-28 10:27:13.7436 INFO Get User Success :18-Harinagar Distillery
2020-10-28 10:27:21.0307 INFO Get User Success :18-Harinagar Distillery
2020-10-28 10:27:21.0307 INFO Get Indent List Success
2020-10-28 10:27:21.0727 INFO Get User Success :18-Harinagar Distillery
2020-10-28 10:28:01.7562 INFO Get User Success :18-Harinagar Distillery
2020-10-28 10:29:29.7610 INFO Get Indent List Success
2020-10-28 10:29:29.7641 INFO Get User Success :18-Harinagar Distillery
2020-10-28 10:29:37.8269 INFO Get User Success :18-Harinagar Distillery
2020-10-28 10:29:40.1180 INFO Get Indent List Success
2020-10-28 10:29:40.1978 INFO Get User Success :18-Harinagar Distillery
2020-10-28 10:29:40.2078 INFO Get Party Master List Success
2020-10-28 10:29:40.2078 INFO Get Product Master List Success
2020-10-28 10:29:40.2267 INFO Get Indent Details Success
2020-10-28 10:29:40.2477 INFO Get User Success :18-Harinagar Distillery
2020-10-28 10:29:50.0800 INFO Get User Success :18-Harinagar Distillery
2020-10-28 10:29:50.0800 INFO Get Indent List Success
2020-10-28 10:29:50.0800 INFO Get User Success :18-Harinagar Distillery
2020-10-28 10:30:09.0289 INFO Get User Success :18-Harinagar Distillery
2020-10-28 10:30:09.0323 INFO Get Indent List Success
2020-10-28 10:30:09.0552 INFO Get User Success :18-Harinagar Distillery
2020-10-28 10:30:09.0552 INFO Get Party Master List Success
2020-10-28 10:30:09.0552 INFO Get Product Master List Success
2020-10-28 10:30:09.0632 INFO Get Indent Details Success
2020-10-28 10:30:09.0632 INFO Get User Success :18-Harinagar Distillery
2020-10-28 10:30:40.6692 INFO Get User Success :18-Harinagar Distillery
2020-10-28 10:30:40.6730 INFO Get Party Master List Success
2020-10-28 10:30:40.6730 INFO Get Product Master List Success
2020-10-28 10:30:40.6730 INFO Get Indent Details Success
2020-10-28 10:30:40.6730 INFO Get User Success :18-Harinagar Distillery
2020-10-28 10:30:44.5674 INFO Get User Success :18-Harinagar Distillery
2020-10-28 10:30:44.5674 INFO Get Indent List Success
2020-10-28 10:30:44.5792 INFO Get User Success :18-Harinagar Distillery
2020-10-28 10:30:52.0484 INFO Get User Success :18-Harinagar Distillery
2020-10-28 10:30:52.0484 INFO Get Indent List Success
2020-10-28 10:30:52.0746 INFO Get User Success :18-Harinagar Distillery
2020-10-28 10:30:52.0766 INFO Get Party Master List Success
2020-10-28 10:30:52.0766 INFO Get Product Master List Success
2020-10-28 10:30:52.0766 INFO Get Indent Details Success
2020-10-28 10:30:52.0766 INFO Get User Success :18-Harinagar Distillery
2020-10-28 10:30:57.7203 INFO Get User Success :18-Harinagar Distillery
2020-10-28 10:30:57.7203 INFO Get Indent List Success
2020-10-28 10:30:57.7203 INFO Get User Success :18-Harinagar Distillery
2020-10-28 10:59:01.5107 INFO Get User Success :16-Harinagar Sugar
2020-10-28 11:00:02.2318 INFO Get User Success :16-Harinagar Sugar
2020-10-28 11:00:59.5892 INFO Get User Success :16-Harinagar Sugar
2020-10-28 11:02:02.4052 INFO Get User Success :16-Harinagar Sugar
2020-10-28 11:06:55.3077 INFO Get User Success :16-Harinagar Sugar
2020-10-28 11:07:49.6642 INFO Get User Success :16-Harinagar Sugar
2020-10-28 11:08:19.9450 INFO Get User Success :16-Harinagar Sugar
2020-10-28 11:08:55.9428 INFO Get User Success :16-Harinagar Sugar
2020-10-28 11:09:50.3117 INFO Get User Success :16-Harinagar Sugar
2020-10-28 11:10:34.0524 INFO Get User Success :16-Harinagar Sugar
2020-10-28 11:12:29.0359 INFO Get User Success :16-Harinagar Sugar
2020-10-28 11:12:50.0363 INFO Get User Success :16-Harinagar Sugar
2020-10-28 11:13:10.4261 INFO Get User Success :16-Harinagar Sugar
2020-10-28 11:14:21.7470 INFO Get User Success :16-Harinagar Sugar
2020-10-28 11:15:13.4008 INFO Get User Success :16-Harinagar Sugar
2020-10-28 11:15:23.0708 INFO Get User Success :16-Harinagar Sugar
2020-10-28 11:15:30.6698 INFO Get User Success :16-Harinagar Sugar
2020-10-28 11:15:38.8861 INFO Get User Success :16-Harinagar Sugar
2020-10-28 11:16:25.4945 INFO Get User Success :16-Harinagar Sugar
2020-10-28 11:17:42.0553 INFO Get User Success :16-Harinagar Sugar
2020-10-28 11:17:49.5865 INFO Get User Success :16-Harinagar Sugar
2020-10-28 11:19:18.4022 INFO Get User Success :16-Harinagar Sugar
2020-10-28 11:19:20.9563 INFO Get User Success :16-Harinagar Sugar
2020-10-28 11:19:22.8345 INFO Get User Success :16-Harinagar Sugar
2020-10-28 11:20:01.5207 INFO Get User Success :16-Harinagar Sugar
2020-10-28 11:20:33.8379 INFO Get User Success :16-Harinagar Sugar
2020-10-28 11:20:59.2705 INFO Get User Success :16-Harinagar Sugar
2020-10-28 11:21:13.4890 INFO Get User Success :16-Harinagar Sugar
2020-10-28 11:21:21.4284 INFO Get User Success :16-Harinagar Sugar
2020-10-28 11:21:22.3708 INFO Get User Success :16-Harinagar Sugar
2020-10-28 11:21:22.5855 INFO Get User Success :16-Harinagar Sugar
2020-10-28 11:21:22.8189 INFO Get User Success :16-Harinagar Sugar
2020-10-28 11:21:29.7086 INFO Get User Success :16-Harinagar Sugar
2020-10-28 11:21:51.2684 INFO Get User Success :16-Harinagar Sugar
2020-10-28 11:22:09.7126 INFO Get User Success :16-Harinagar Sugar
2020-10-28 11:22:18.0114 INFO Get User Success :16-Harinagar Sugar
2020-10-28 11:22:26.7531 INFO Get User Success :16-Harinagar Sugar
2020-10-28 11:22:38.2708 INFO Get User Success :16-Harinagar Sugar
2020-10-28 11:22:51.8649 INFO Get User Success :16-Harinagar Sugar
2020-10-28 11:23:02.9335 INFO Get User Success :16-Harinagar Sugar
2020-10-28 11:23:16.4123 INFO Get User Success :16-Harinagar Sugar
2020-10-28 11:23:30.6575 INFO Get User Success :16-Harinagar Sugar
2020-10-28 11:23:57.2497 INFO Get User Success :16-Harinagar Sugar
2020-10-28 11:24:00.1032 INFO Get User Success :16-Harinagar Sugar
2020-10-28 11:24:01.5861 INFO Get User Success :16-Harinagar Sugar
2020-10-28 11:24:20.1243 INFO Get User Success :16-Harinagar Sugar
2020-10-28 11:24:36.1392 INFO Get User Success :16-Harinagar Sugar
2020-10-28 11:24:58.3484 INFO Get User Success :16-Harinagar Sugar
2020-10-28 11:25:09.0338 INFO Get User Success :16-Harinagar Sugar
2020-10-28 11:25:21.3678 INFO Get User Success :16-Harinagar Sugar
2020-10-28 11:25:34.8645 INFO Get User Success :16-Harinagar Sugar
2020-10-28 11:26:01.2848 INFO Get User Success :16-Harinagar Sugar
2020-10-28 11:26:12.0542 INFO Get User Success :16-Harinagar Sugar
2020-10-28 11:26:20.0059 INFO Get User Success :16-Harinagar Sugar
2020-10-28 11:26:31.0700 INFO Get User Success :16-Harinagar Sugar
2020-10-28 11:27:18.8230 INFO Get User Success :16-Harinagar Sugar
2020-10-28 11:27:37.2740 INFO Get User Success :16-Harinagar Sugar
2020-10-28 11:27:49.1033 INFO Get User Success :16-Harinagar Sugar
2020-10-28 11:27:58.4558 INFO Get User Success :16-Harinagar Sugar
2020-10-28 11:28:23.4034 INFO Get User Success :16-Harinagar Sugar
2020-10-28 11:28:28.8916 INFO Get User Success :16-Harinagar Sugar
2020-10-28 11:28:30.3811 INFO Get User Success :16-Harinagar Sugar
2020-10-28 11:28:49.7549 INFO Get User Success :16-Harinagar Sugar
2020-10-28 11:29:01.5902 INFO Get User Success :16-Harinagar Sugar
2020-10-28 11:29:15.5867 INFO Get User Success :16-Harinagar Sugar
2020-10-28 11:29:23.4979 INFO Get User Success :16-Harinagar Sugar
2020-10-28 11:29:50.0297 INFO Get User Success :16-Harinagar Sugar
2020-10-28 11:30:06.8047 INFO Get User Success :16-Harinagar Sugar
2020-10-28 11:30:21.1483 INFO Get User Success :16-Harinagar Sugar
2020-10-28 11:30:30.8899 INFO Get User Success :16-Harinagar Sugar
2020-10-28 11:30:46.0489 INFO Get User Success :16-Harinagar Sugar
2020-10-28 11:30:54.5328 INFO Get User Success :16-Harinagar Sugar
2020-10-28 11:31:15.6404 INFO Get User Success :16-Harinagar Sugar
2020-10-28 11:31:36.9603 INFO Get User Success :16-Harinagar Sugar
2020-10-28 11:32:13.6592 INFO Get User Success :16-Harinagar Sugar
2020-10-28 11:32:27.0324 INFO Get User Success :16-Harinagar Sugar
2020-10-28 11:32:50.8980 INFO Get User Success :16-Harinagar Sugar
2020-10-28 11:32:53.4643 INFO Get User Success :16-Harinagar Sugar
2020-10-28 11:32:54.8616 INFO Get User Success :16-Harinagar Sugar
2020-10-28 11:43:17.5339 INFO Get User Success :16-Harinagar Sugar
2020-10-28 11:43:20.7339 INFO Get User Success :16-Harinagar Sugar
2020-10-28 11:43:22.5470 INFO Get User Success :16-Harinagar Sugar
2020-10-28 11:43:22.5470 INFO Get User Success :16-Harinagar Sugar
2020-10-28 11:43:46.8768 INFO Get User Success :16-Harinagar Sugar
2020-10-28 11:43:46.8768 INFO Get User Success :16-Harinagar Sugar
2020-10-28 11:50:26.3605 INFO Get User Success :16-Harinagar Sugar
2020-10-28 11:50:26.3605 INFO Get User Success :16-Harinagar Sugar
2020-10-28 11:51:29.5607 INFO Get User Success :16-Harinagar Sugar
2020-10-28 11:51:39.8404 INFO GetFinacListValues Success
2020-10-28 11:51:42.4586 INFO Get Party Type Master List Success
2020-10-28 11:54:44.2930 INFO Get Party Type Master List Success
2020-10-28 11:54:45.2651 INFO Get Party Type Master List Success
2020-10-28 11:55:31.1915 INFO Get Party Type Master List Success
2020-10-28 11:55:54.6188 INFO Get Party Type Master List Success
2020-10-28 11:55:59.0093 INFO Insert FinacListValues Success
2020-10-28 11:55:59.0284 INFO GetFinacListValues Success
2020-10-28 11:56:20.9416 INFO Get User Success :16-Harinagar Sugar
2020-10-28 11:56:22.9856 INFO Get User Success :16-Harinagar Sugar
2020-10-28 11:56:24.6015 INFO Get User Success :16-Harinagar Sugar
2020-10-28 11:56:24.6015 INFO Get User Success :16-Harinagar Sugar
2020-10-28 11:57:37.1668 INFO Get User Success :16-Harinagar Sugar
2020-10-28 12:03:11.5935 INFO Get User Success :16-Harinagar Sugar
2020-10-28 12:03:55.7343 INFO Get User Success :16-Harinagar Sugar
2020-10-28 12:03:55.7343 INFO Get User Success :16-Harinagar Sugar
2020-10-28 12:04:56.7034 INFO Get User Success :16-Harinagar Sugar
2020-10-28 12:05:16.2802 INFO Get User Success :16-Harinagar Sugar
2020-10-28 12:05:37.2372 INFO Get User Success :16-Harinagar Sugar
2020-10-28 12:07:42.0757 INFO Get User Success :16-Harinagar Sugar
2020-10-28 12:07:54.8688 INFO Get User Success :16-Harinagar Sugar
2020-10-28 12:07:54.8907 INFO Get User Success :16-Harinagar Sugar
2020-10-28 12:07:55.9073 INFO Get User Success :16-Harinagar Sugar
2020-10-28 12:07:55.9073 INFO Get User Success :16-Harinagar Sugar
2020-10-28 12:13:06.7918 INFO Get User Success :16-Harinagar Sugar
2020-10-28 12:13:42.5634 INFO Get User Success :16-Harinagar Sugar
2020-10-28 12:14:49.3842 INFO Get User Success :16-Harinagar Sugar
2020-10-28 12:15:12.9520 INFO Get Party Master List Success
2020-10-28 12:15:12.9520 INFO Get User Success :16-Harinagar Sugar
2020-10-28 12:15:27.3255 INFO Get User Success :16-Harinagar Sugar
2020-10-28 12:15:33.5174 INFO Get Party Master List Success
2020-10-28 12:16:14.6205 INFO Get User Success :16-Harinagar Sugar
2020-10-28 12:17:12.2292 INFO Get User Success :16-Harinagar Sugar
2020-10-28 12:17:31.7314 INFO Get Party Master List Success
2020-10-28 12:18:30.1131 INFO Get Party Master List Success
2020-10-28 12:19:01.0499 INFO Get User Success :16-Harinagar Sugar
2020-10-28 12:20:14.6241 INFO Get User Success :16-Harinagar Sugar
2020-10-28 12:20:14.6241 INFO Get Party Master List Success
2020-10-28 12:20:14.6514 INFO Get User Success :16-Harinagar Sugar
2020-10-28 12:20:15.3209 INFO Get User Success :16-Harinagar Sugar
2020-10-28 12:20:15.3209 INFO Get Party Master List Success
2020-10-28 12:20:15.3269 INFO Get User Success :16-Harinagar Sugar
2020-10-28 12:20:49.8530 INFO Get User Success :16-Harinagar Sugar
2020-10-28 12:20:49.8530 INFO Get Party Master List Success
2020-10-28 12:20:49.8587 INFO Get User Success :16-Harinagar Sugar
2020-10-28 12:20:52.4461 INFO Get User Success :16-Harinagar Sugar
2020-10-28 12:20:52.4461 INFO Get Party Master List Success
2020-10-28 12:20:52.4530 INFO Get User Success :16-Harinagar Sugar
2020-10-28 12:20:52.6872 INFO Get User Success :16-Harinagar Sugar
2020-10-28 12:20:52.6872 INFO Get Party Master List Success
2020-10-28 12:20:52.6872 INFO Get User Success :16-Harinagar Sugar
2020-10-28 12:20:52.8587 INFO Get User Success :16-Harinagar Sugar
2020-10-28 12:20:52.8587 INFO Get Party Master List Success
2020-10-28 12:20:52.8587 INFO Get User Success :16-Harinagar Sugar
2020-10-28 12:20:53.0582 INFO Get User Success :16-Harinagar Sugar
2020-10-28 12:20:53.0612 INFO Get Party Master List Success
2020-10-28 12:20:53.0612 INFO Get User Success :16-Harinagar Sugar
2020-10-28 12:20:59.9576 INFO Get User Success :16-Harinagar Sugar
2020-10-28 12:20:59.9576 INFO Get Party Master List Success
2020-10-28 12:20:59.9810 INFO Get User Success :16-Harinagar Sugar
2020-10-28 12:21:00.8420 INFO Get User Success :16-Harinagar Sugar
2020-10-28 12:21:00.8420 INFO Get Party Master List Success
2020-10-28 12:21:00.8420 INFO Get User Success :16-Harinagar Sugar
2020-10-28 12:21:11.0532 INFO Get User Success :16-Harinagar Sugar
2020-10-28 12:21:11.0532 INFO Get Party Master List Success
2020-10-28 12:21:11.0532 INFO Get User Success :16-Harinagar Sugar
2020-10-28 12:21:12.6757 INFO Get User Success :16-Harinagar Sugar
2020-10-28 12:21:12.6757 INFO Get Party Master List Success
2020-10-28 12:21:12.6996 INFO Get User Success :16-Harinagar Sugar
2020-10-28 12:21:13.5332 INFO Get User Success :16-Harinagar Sugar
2020-10-28 12:21:13.5332 INFO Get Party Master List Success
2020-10-28 12:21:13.5332 INFO Get User Success :16-Harinagar Sugar
2020-10-28 12:21:19.4183 INFO Get User Success :16-Harinagar Sugar
2020-10-28 12:21:19.4210 INFO Get Party Master List Success
2020-10-28 12:21:19.4424 INFO Get User Success :16-Harinagar Sugar
2020-10-28 12:21:21.7370 INFO Get User Success :16-Harinagar Sugar
2020-10-28 12:21:21.7370 INFO Get Party Master List Success
2020-10-28 12:21:21.7370 INFO Get User Success :16-Harinagar Sugar
2020-10-28 12:23:58.5003 INFO Get User Success :16-Harinagar Sugar
2020-10-28 12:24:03.8466 INFO Get User Success :16-Harinagar Sugar
2020-10-28 12:24:05.7556 INFO Get User Success :16-Harinagar Sugar
2020-10-28 12:24:05.9711 INFO Get Party Master List Success
2020-10-28 12:24:06.0718 INFO Get Product Master List Success
2020-10-28 12:24:06.0764 INFO Get User Success :16-Harinagar Sugar
2020-10-28 12:24:55.2212 INFO Get User Success :16-Harinagar Sugar
2020-10-28 12:24:55.2212 INFO Get Party Master List Success
2020-10-28 12:24:55.2212 INFO Get Product Master List Success
2020-10-28 12:24:55.2212 INFO Get User Success :16-Harinagar Sugar
2020-10-28 12:25:09.8905 INFO Get User Success :16-Harinagar Sugar
2020-10-28 12:25:09.8905 INFO Get Party Master List Success
2020-10-28 12:25:09.8905 INFO Get Product Master List Success
2020-10-28 12:25:09.8905 INFO Get User Success :16-Harinagar Sugar
2020-10-28 12:25:39.9026 INFO Get User Success :16-Harinagar Sugar
2020-10-28 12:25:39.9053 INFO Get Party Master List Success
2020-10-28 12:25:39.9053 INFO Get Product Master List Success
2020-10-28 12:25:39.9053 INFO Get User Success :16-Harinagar Sugar
2020-10-28 12:26:01.1901 INFO Get User Success :16-Harinagar Sugar
2020-10-28 12:26:01.1901 INFO Get Party Master List Success
2020-10-28 12:26:01.1901 INFO Get Product Master List Success
2020-10-28 12:26:01.1901 INFO Get User Success :16-Harinagar Sugar
2020-10-28 12:26:28.6810 INFO Get User Success :16-Harinagar Sugar
2020-10-28 12:26:28.6810 INFO Get Party Master List Success
2020-10-28 12:26:28.6810 INFO Get Product Master List Success
2020-10-28 12:26:28.6884 INFO Get User Success :16-Harinagar Sugar
2020-10-28 12:27:09.9718 INFO Get User Success :16-Harinagar Sugar
2020-10-28 12:27:09.9718 INFO Get Party Master List Success
2020-10-28 12:27:09.9718 INFO Get Product Master List Success
2020-10-28 12:27:09.9718 INFO Get User Success :16-Harinagar Sugar
2020-10-28 12:27:35.9881 INFO Get User Success :16-Harinagar Sugar
2020-10-28 12:27:35.9881 INFO Get Party Master List Success
2020-10-28 12:27:35.9881 INFO Get Product Master List Success
2020-10-28 12:27:35.9881 INFO Get User Success :16-Harinagar Sugar
2020-10-28 12:27:57.2821 INFO Get User Success :16-Harinagar Sugar
2020-10-28 12:27:57.2821 INFO Get Party Master List Success
2020-10-28 12:27:57.2821 INFO Get Product Master List Success
2020-10-28 12:27:57.2821 INFO Get User Success :16-Harinagar Sugar
2020-10-28 12:28:18.6695 INFO Get User Success :16-Harinagar Sugar
2020-10-28 12:28:18.6721 INFO Get Party Master List Success
2020-10-28 12:28:18.6721 INFO Get Product Master List Success
2020-10-28 12:28:18.6721 INFO Get User Success :16-Harinagar Sugar
2020-10-28 12:28:51.8863 INFO Get User Success :16-Harinagar Sugar
2020-10-28 12:28:51.8891 INFO Get Party Master List Success
2020-10-28 12:28:51.8891 INFO Get Product Master List Success
2020-10-28 12:28:51.8891 INFO Get User Success :16-Harinagar Sugar
2020-10-28 12:29:11.2582 INFO Get User Success :16-Harinagar Sugar
2020-10-28 12:29:11.2582 INFO Get Party Master List Success
2020-10-28 12:29:11.2582 INFO Get Product Master List Success
2020-10-28 12:29:11.2662 INFO Get User Success :16-Harinagar Sugar
2020-10-28 12:29:41.2041 INFO Get User Success :16-Harinagar Sugar
2020-10-28 12:29:41.2041 INFO Get Party Master List Success
2020-10-28 12:29:41.2041 INFO Get Product Master List Success
2020-10-28 12:29:41.2041 INFO Get User Success :16-Harinagar Sugar
2020-10-28 12:29:54.5224 INFO Get User Success :16-Harinagar Sugar
2020-10-28 12:29:54.5224 INFO Get Party Master List Success
2020-10-28 12:29:54.5224 INFO Get Product Master List Success
2020-10-28 12:29:54.5305 INFO Get User Success :16-Harinagar Sugar
2020-10-28 12:30:12.5737 INFO Get User Success :16-Harinagar Sugar
2020-10-28 12:30:12.5765 INFO Get Party Master List Success
2020-10-28 12:30:12.5765 INFO Get Product Master List Success
2020-10-28 12:30:12.5765 INFO Get User Success :16-Harinagar Sugar
2020-10-28 12:30:20.0790 INFO Get User Success :16-Harinagar Sugar
2020-10-28 12:30:20.0790 INFO Get Party Master List Success
2020-10-28 12:30:20.0790 INFO Get Product Master List Success
2020-10-28 12:30:20.0790 INFO Get User Success :16-Harinagar Sugar
2020-10-28 12:31:42.6447 INFO Get User Success :16-Harinagar Sugar
2020-10-28 12:31:44.6861 INFO Get User Success :16-Harinagar Sugar
2020-10-28 12:31:46.3376 INFO Get User Success :16-Harinagar Sugar
2020-10-28 12:31:46.3675 INFO Get Party Master List Success
2020-10-28 12:31:46.3775 INFO Get Product Master List Success
2020-10-28 12:31:46.3775 INFO Get User Success :16-Harinagar Sugar
2020-10-28 12:44:45.7414 INFO Get User Success :16-Harinagar Sugar
2020-10-28 12:44:48.2013 INFO Get User Success :16-Harinagar Sugar
2020-10-28 12:44:49.8126 INFO Get User Success :16-Harinagar Sugar
2020-10-28 12:44:49.8592 INFO Get Party Master List Success
2020-10-28 12:44:49.8758 INFO Get Product Master List Success
2020-10-28 12:44:49.8758 INFO Get VAT Master List Success
2020-10-28 12:44:49.9036 INFO Get User Success :16-Harinagar Sugar
2020-10-28 12:45:10.1359 INFO Get User Success :16-Harinagar Sugar
2020-10-28 12:45:10.1359 INFO Get Party Master List Success
2020-10-28 12:45:10.1400 INFO Get Product Master List Success
2020-10-28 12:45:10.1400 INFO Get VAT Master List Success
2020-10-28 12:45:10.1400 INFO Get User Success :16-Harinagar Sugar
2020-10-28 12:45:20.6877 INFO Get User Success :16-Harinagar Sugar
2020-10-28 12:45:20.6877 INFO Get Party Master List Success
2020-10-28 12:45:20.6877 INFO Get Product Master List Success
2020-10-28 12:45:20.6877 INFO Get VAT Master List Success
2020-10-28 12:45:20.6877 INFO Get User Success :16-Harinagar Sugar
2020-10-28 12:45:59.9302 INFO Get User Success :16-Harinagar Sugar
2020-10-28 12:45:59.9302 INFO Get Party Master List Success
2020-10-28 12:45:59.9302 INFO Get Product Master List Success
2020-10-28 12:45:59.9374 INFO Get VAT Master List Success
2020-10-28 12:45:59.9374 INFO Get User Success :16-Harinagar Sugar
2020-10-28 12:46:16.7649 INFO Get User Success :16-Harinagar Sugar
2020-10-28 12:46:16.7649 INFO Get Party Master List Success
2020-10-28 12:46:16.7649 INFO Get Product Master List Success
2020-10-28 12:46:16.7649 INFO Get VAT Master List Success
2020-10-28 12:46:16.7649 INFO Get User Success :16-Harinagar Sugar
2020-10-28 12:46:40.0014 INFO Get User Success :16-Harinagar Sugar
2020-10-28 12:46:40.0014 INFO Get Party Master List Success
2020-10-28 12:46:40.0014 INFO Get Product Master List Success
2020-10-28 12:46:40.0014 INFO Get VAT Master List Success
2020-10-28 12:46:40.0140 INFO Get User Success :16-Harinagar Sugar
2020-10-28 12:46:43.2066 INFO Get User Success :16-Harinagar Sugar
2020-10-28 12:46:43.2066 INFO Get Party Master List Success
2020-10-28 12:46:43.2066 INFO Get Product Master List Success
2020-10-28 12:46:43.2066 INFO Get VAT Master List Success
2020-10-28 12:46:43.2169 INFO Get User Success :16-Harinagar Sugar
2020-10-28 12:46:43.4088 INFO Get User Success :16-Harinagar Sugar
2020-10-28 12:46:43.4088 INFO Get Party Master List Success
2020-10-28 12:46:43.4088 INFO Get Product Master List Success
2020-10-28 12:46:43.4088 INFO Get VAT Master List Success
2020-10-28 12:46:43.4088 INFO Get User Success :16-Harinagar Sugar
2020-10-28 12:47:39.8234 INFO Get User Success :16-Harinagar Sugar
2020-10-28 12:47:39.8234 INFO Get Party Master List Success
2020-10-28 12:47:39.8280 INFO Get Product Master List Success
2020-10-28 12:47:39.8280 INFO Get VAT Master List Success
2020-10-28 12:47:39.8280 INFO Get User Success :16-Harinagar Sugar
2020-10-28 12:47:41.6442 INFO Get User Success :16-Harinagar Sugar
2020-10-28 12:47:41.6442 INFO Get Party Master List Success
2020-10-28 12:47:41.6442 INFO Get Product Master List Success
2020-10-28 12:47:41.6442 INFO Get VAT Master List Success
2020-10-28 12:47:41.6442 INFO Get User Success :16-Harinagar Sugar
2020-10-28 12:47:41.8563 INFO Get User Success :16-Harinagar Sugar
2020-10-28 12:47:41.8593 INFO Get Party Master List Success
2020-10-28 12:47:41.8593 INFO Get Product Master List Success
2020-10-28 12:47:41.8593 INFO Get VAT Master List Success
2020-10-28 12:47:41.8593 INFO Get User Success :16-Harinagar Sugar
2020-10-28 12:47:42.1880 INFO Get User Success :16-Harinagar Sugar
2020-10-28 12:47:42.1880 INFO Get Party Master List Success
2020-10-28 12:47:42.1880 INFO Get Product Master List Success
2020-10-28 12:47:42.1880 INFO Get VAT Master List Success
2020-10-28 12:47:42.1880 INFO Get User Success :16-Harinagar Sugar
2020-10-28 12:47:42.3684 INFO Get User Success :16-Harinagar Sugar
2020-10-28 12:47:42.3684 INFO Get Party Master List Success
2020-10-28 12:47:42.3684 INFO Get Product Master List Success
2020-10-28 12:47:42.3744 INFO Get VAT Master List Success
2020-10-28 12:47:42.3744 INFO Get User Success :16-Harinagar Sugar
2020-10-28 12:48:14.7451 INFO Get User Success :16-Harinagar Sugar
2020-10-28 12:48:14.7451 INFO Get Party Master List Success
2020-10-28 12:48:14.7491 INFO Get Product Master List Success
2020-10-28 12:48:14.7491 INFO Get VAT Master List Success
2020-10-28 12:48:14.7491 INFO Get User Success :16-Harinagar Sugar
2020-10-28 12:48:18.1961 INFO Get User Success :16-Harinagar Sugar
2020-10-28 12:48:18.1961 INFO Get Party Master List Success
2020-10-28 12:48:18.1961 INFO Get Product Master List Success
2020-10-28 12:48:18.2033 INFO Get VAT Master List Success
2020-10-28 12:48:18.2407 INFO Get User Success :16-Harinagar Sugar
2020-10-28 12:48:19.2750 INFO Get User Success :16-Harinagar Sugar
2020-10-28 12:48:19.2750 INFO Get Party Master List Success
2020-10-28 12:48:19.2750 INFO Get Product Master List Success
2020-10-28 12:48:19.2820 INFO Get VAT Master List Success
2020-10-28 12:48:19.2820 INFO Get User Success :16-Harinagar Sugar
2020-10-28 12:48:22.2362 INFO Get User Success :16-Harinagar Sugar
2020-10-28 12:48:22.2362 INFO Get Party Master List Success
2020-10-28 12:48:22.2362 INFO Get Product Master List Success
2020-10-28 12:48:22.2362 INFO Get VAT Master List Success
2020-10-28 12:48:22.2362 INFO Get User Success :16-Harinagar Sugar
2020-10-28 12:48:22.4422 INFO Get User Success :16-Harinagar Sugar
2020-10-28 12:48:22.4422 INFO Get Party Master List Success
2020-10-28 12:48:22.4422 INFO Get Product Master List Success
2020-10-28 12:48:22.4422 INFO Get VAT Master List Success
2020-10-28 12:48:22.4522 INFO Get User Success :16-Harinagar Sugar
2020-10-28 12:48:22.6357 INFO Get User Success :16-Harinagar Sugar
2020-10-28 12:48:22.6387 INFO Get Party Master List Success
2020-10-28 12:48:22.6387 INFO Get Product Master List Success
2020-10-28 12:48:22.6387 INFO Get VAT Master List Success
2020-10-28 12:48:22.6387 INFO Get User Success :16-Harinagar Sugar
2020-10-28 12:48:48.9911 INFO Get User Success :16-Harinagar Sugar
2020-10-28 12:48:48.9911 INFO Get Party Master List Success
2020-10-28 12:48:48.9911 INFO Get Product Master List Success
2020-10-28 12:48:48.9911 INFO Get VAT Master List Success
2020-10-28 12:48:49.0027 INFO Get User Success :16-Harinagar Sugar
2020-10-28 12:49:20.7031 INFO Get User Success :16-Harinagar Sugar
2020-10-28 12:49:20.7031 INFO Get Party Master List Success
2020-10-28 12:49:20.7031 INFO Get Product Master List Success
2020-10-28 12:49:20.7031 INFO Get VAT Master List Success
2020-10-28 12:49:20.7031 INFO Get User Success :16-Harinagar Sugar
2020-10-28 12:49:35.0208 INFO Get User Success :16-Harinagar Sugar
2020-10-28 12:49:35.0208 INFO Get Party Master List Success
2020-10-28 12:49:35.0208 INFO Get Product Master List Success
2020-10-28 12:49:35.0208 INFO Get VAT Master List Success
2020-10-28 12:49:37.7649 INFO Get User Success :16-Harinagar Sugar
2020-10-28 12:49:37.7649 INFO Get Party Master List Success
2020-10-28 12:49:37.7649 INFO Get Product Master List Success
2020-10-28 12:49:37.7649 INFO Get VAT Master List Success
2020-10-28 12:49:40.4992 INFO Get User Success :16-Harinagar Sugar
2020-10-28 12:49:40.4992 INFO Get Party Master List Success
2020-10-28 12:49:40.4992 INFO Get Product Master List Success
2020-10-28 12:49:40.4992 INFO Get VAT Master List Success
2020-10-28 12:50:16.8938 INFO Get User Success :16-Harinagar Sugar
2020-10-28 12:50:16.8938 INFO Get Party Master List Success
2020-10-28 12:50:16.8938 INFO Get Product Master List Success
2020-10-28 12:50:16.8938 INFO Get VAT Master List Success
2020-10-28 12:50:53.1092 INFO Get User Success :16-Harinagar Sugar
2020-10-28 12:50:53.1092 INFO Get Party Master List Success
2020-10-28 12:50:53.1092 INFO Get Product Master List Success
2020-10-28 12:50:53.1092 INFO Get VAT Master List Success
2020-10-28 12:54:33.9809 INFO Get User Success :16-Harinagar Sugar
2020-10-28 12:54:35.8239 INFO Get User Success :16-Harinagar Sugar
2020-10-28 12:54:37.2872 INFO Get User Success :16-Harinagar Sugar
2020-10-28 12:54:37.2972 INFO Get Party Master List Success
2020-10-28 12:54:37.2972 INFO Get Product Master List Success
2020-10-28 12:54:37.3137 INFO Get VAT Master List Success
2020-10-28 12:54:37.3627 INFO Get User Success :16-Harinagar Sugar
2020-10-28 12:54:41.4420 INFO Get User Success :16-Harinagar Sugar
2020-10-28 12:54:41.4420 INFO Get Party Master List Success
2020-10-28 12:54:41.4420 INFO Get Product Master List Success
2020-10-28 12:54:41.4420 INFO Get VAT Master List Success
2020-10-28 12:54:43.6282 INFO Get User Success :16-Harinagar Sugar
2020-10-28 12:54:43.6282 INFO Get Party Master List Success
2020-10-28 12:54:43.6282 INFO Get Product Master List Success
2020-10-28 12:54:43.6282 INFO Get VAT Master List Success
2020-10-28 12:55:00.1446 INFO Get User Success :16-Harinagar Sugar
2020-10-28 12:55:00.1446 INFO Get Party Master List Success
2020-10-28 12:55:00.1446 INFO Get Product Master List Success
2020-10-28 12:55:00.1446 INFO Get VAT Master List Success
2020-10-28 12:55:05.4068 INFO Get User Success :16-Harinagar Sugar
2020-10-28 12:55:05.4068 INFO Get Party Master List Success
2020-10-28 12:55:05.4068 INFO Get Product Master List Success
2020-10-28 12:55:05.4068 INFO Get VAT Master List Success
2020-10-28 12:55:05.4378 INFO Get User Success :16-Harinagar Sugar
2020-10-28 12:55:06.0970 INFO Get User Success :16-Harinagar Sugar
2020-10-28 12:55:06.0970 INFO Get Party Master List Success
2020-10-28 12:55:06.0970 INFO Get Product Master List Success
2020-10-28 12:55:06.0970 INFO Get VAT Master List Success
2020-10-28 12:55:06.0970 INFO Get User Success :16-Harinagar Sugar
2020-10-28 12:55:09.3795 INFO Get User Success :16-Harinagar Sugar
2020-10-28 12:55:09.3795 INFO Get Party Master List Success
2020-10-28 12:55:09.3795 INFO Get Product Master List Success
2020-10-28 12:55:09.3795 INFO Get VAT Master List Success
2020-10-28 12:55:57.4574 INFO Get User Success :16-Harinagar Sugar
2020-10-28 12:55:59.0562 INFO Get User Success :16-Harinagar Sugar
2020-10-28 12:55:59.0562 INFO Get Party Master List Success
2020-10-28 12:55:59.0562 INFO Get Product Master List Success
2020-10-28 12:55:59.0622 INFO Get VAT Master List Success
2020-10-28 12:55:59.0622 INFO Get User Success :16-Harinagar Sugar
2020-10-28 12:59:51.6994 INFO Get User Success :16-Harinagar Sugar
2020-10-28 12:59:52.6410 INFO Get User Success :16-Harinagar Sugar
2020-10-28 12:59:52.6410 INFO Get Party Master List Success
2020-10-28 12:59:52.6410 INFO Get Product Master List Success
2020-10-28 12:59:52.6410 INFO Get VAT Master List Success
2020-10-28 12:59:52.6410 INFO Get User Success :16-Harinagar Sugar
2020-10-28 13:14:49.0659 INFO Get User Success :16-Harinagar Sugar
2020-10-28 13:14:51.1643 INFO Get User Success :16-Harinagar Sugar
2020-10-28 13:14:54.0712 INFO Get User Success :16-Harinagar Sugar
2020-10-28 13:14:54.0800 INFO Get Party Master List Success
2020-10-28 13:14:54.0800 INFO Get Product Master List Success
2020-10-28 13:14:54.0952 INFO Get VAT Master List Success
2020-10-28 13:14:54.1387 INFO Get User Success :16-Harinagar Sugar
2020-10-28 13:19:41.3946 INFO Get User Success :16-Harinagar Sugar
2020-10-28 13:19:41.3946 INFO Get Party Master List Success
2020-10-28 13:19:41.3946 INFO Get Product Master List Success
2020-10-28 13:19:41.3946 INFO Get VAT Master List Success
2020-10-28 13:19:41.4079 INFO Get User Success :16-Harinagar Sugar
2020-10-28 13:20:32.0706 INFO Get User Success :16-Harinagar Sugar
2020-10-28 13:20:32.0706 INFO Get Party Master List Success
2020-10-28 13:20:32.0706 INFO Get Product Master List Success
2020-10-28 13:20:32.0779 INFO Get VAT Master List Success
2020-10-28 13:20:32.0779 INFO Get User Success :16-Harinagar Sugar
2020-10-28 13:20:56.8574 INFO Get User Success :16-Harinagar Sugar
2020-10-28 13:20:56.8597 INFO Get Party Master List Success
2020-10-28 13:20:56.8597 INFO Get Product Master List Success
2020-10-28 13:20:56.8597 INFO Get VAT Master List Success
2020-10-28 13:20:56.8787 INFO Get User Success :16-Harinagar Sugar
2020-10-28 13:21:06.6125 INFO Get User Success :16-Harinagar Sugar
2020-10-28 13:21:06.6125 INFO Get Party Master List Success
2020-10-28 13:21:06.6125 INFO Get Product Master List Success
2020-10-28 13:21:06.6125 INFO Get VAT Master List Success
2020-10-28 13:21:06.6258 INFO Get User Success :16-Harinagar Sugar
2020-10-28 13:22:17.4818 INFO Get User Success :16-Harinagar Sugar
2020-10-28 13:22:17.4849 INFO Get Party Master List Success
2020-10-28 13:22:17.4849 INFO Get Product Master List Success
2020-10-28 13:22:17.4849 INFO Get VAT Master List Success
2020-10-28 13:22:17.4849 INFO Get User Success :16-Harinagar Sugar
2020-10-28 13:27:29.3179 INFO Get User Success :16-Harinagar Sugar
2020-10-28 13:27:30.1072 INFO Get User Success :16-Harinagar Sugar
2020-10-28 13:27:30.1102 INFO Get Party Master List Success
2020-10-28 13:27:30.1102 INFO Get Product Master List Success
2020-10-28 13:27:30.1102 INFO Get VAT Master List Success
2020-10-28 13:27:30.1102 INFO Get User Success :16-Harinagar Sugar
2020-10-28 13:31:18.1858 INFO Get User Success :16-Harinagar Sugar
2020-10-28 13:31:19.5279 INFO Get User Success :16-Harinagar Sugar
2020-10-28 13:31:19.5301 INFO Get Party Master List Success
2020-10-28 13:31:19.5301 INFO Get Product Master List Success
2020-10-28 13:31:19.5301 INFO Get VAT Master List Success
2020-10-28 13:31:19.5301 INFO Get User Success :16-Harinagar Sugar
2020-10-28 13:31:49.5302 INFO Get User Success :16-Harinagar Sugar
2020-10-28 13:31:49.5302 INFO Get Party Master List Success
2020-10-28 13:32:53.1770 INFO Get Product Master List Success
2020-10-28 13:32:53.1770 INFO Get VAT Master List Success
2020-10-28 13:32:53.1770 INFO Get User Success :16-Harinagar Sugar
2020-10-28 13:33:18.1656 INFO Get User Success :16-Harinagar Sugar
2020-10-28 13:33:18.1656 INFO Get Party Master List Success
2020-10-28 14:28:15.6996 INFO Get User Success :16-Harinagar Sugar
2020-10-28 14:28:17.8238 INFO Get User Success :16-Harinagar Sugar
2020-10-28 14:28:19.4259 INFO Get User Success :16-Harinagar Sugar
2020-10-28 14:28:19.4259 INFO Get Party Master List Success
2020-10-28 14:28:28.7925 INFO Get Product Master List Success
2020-10-28 14:28:28.7975 INFO Get VAT Master List Success
2020-10-28 14:28:28.8400 INFO Get User Success :16-Harinagar Sugar
2020-10-28 14:46:48.4215 INFO Get User Success :18-Harinagar Distillery
2020-10-28 14:46:50.8536 INFO Get User Success :18-Harinagar Distillery
2020-10-28 14:47:03.8392 INFO Get Indent List Success
2020-10-28 14:47:03.8790 INFO Get User Success :18-Harinagar Distillery
2020-10-28 14:47:17.4434 INFO Get User Success :18-Harinagar Distillery
2020-10-28 14:47:22.6037 INFO Get Indent List Success
2020-10-28 14:47:22.6037 INFO Get User Success :18-Harinagar Distillery
2020-10-28 14:47:27.2883 INFO Get User Success :18-Harinagar Distillery
2020-10-28 14:47:27.2883 INFO Get Indent List Success
2020-10-28 14:47:27.3690 INFO Get User Success :18-Harinagar Distillery
2020-10-28 14:47:27.3940 INFO Get Party Master List Success
2020-10-28 14:47:27.3940 INFO Get Product Master List Success
2020-10-28 14:47:27.3940 INFO Get User Success :18-Harinagar Distillery
2020-10-28 14:48:36.2549 INFO Get User Success :18-Harinagar Distillery
2020-10-28 14:48:36.2549 INFO Get Party Master List Success
2020-10-28 14:48:36.2549 INFO Get Product Master List Success
2020-10-28 14:48:36.2549 INFO Get User Success :18-Harinagar Distillery
2020-10-28 14:49:26.9400 INFO Get User Success :18-Harinagar Distillery
2020-10-28 14:49:26.9400 INFO Get Party Master List Success
2020-10-28 14:49:26.9400 INFO Get Product Master List Success
2020-10-28 14:49:26.9400 INFO Get User Success :18-Harinagar Distillery
2020-10-28 14:55:35.0981 INFO Get User Success :16-Harinagar Sugar
2020-10-28 14:55:37.0549 INFO Get User Success :16-Harinagar Sugar
2020-10-28 14:55:38.7144 INFO Get User Success :16-Harinagar Sugar
2020-10-28 14:55:38.7246 INFO Get Party Master List Success
2020-10-28 14:55:38.7340 INFO Get Product Master List Success
2020-10-28 14:55:38.7340 INFO Get VAT Master List Success
2020-10-28 14:55:38.7851 INFO Get User Success :16-Harinagar Sugar
2020-10-28 15:08:20.8493 INFO Get User Success :16-Harinagar Sugar
2020-10-28 15:08:20.8493 INFO Get Party Master List Success
2020-10-28 15:08:20.8493 INFO Get Product Master List Success
2020-10-28 15:08:20.8493 INFO Get VAT Master List Success
2020-10-28 15:08:20.8643 INFO Get User Success :16-Harinagar Sugar
2020-10-28 15:09:21.4236 INFO Get User Success :16-Harinagar Sugar
2020-10-28 15:09:21.4236 INFO Get Party Master List Success
2020-10-28 15:09:21.4236 INFO Get Product Master List Success
2020-10-28 15:09:21.4236 INFO Get VAT Master List Success
2020-10-28 15:09:21.4518 INFO Get User Success :16-Harinagar Sugar
2020-10-28 15:09:26.8202 INFO Get User Success :16-Harinagar Sugar
2020-10-28 15:09:26.8202 INFO Get Party Master List Success
2020-10-28 15:09:26.8202 INFO Get Product Master List Success
2020-10-28 15:09:26.8280 INFO Get VAT Master List Success
2020-10-28 15:09:26.8280 INFO Get User Success :16-Harinagar Sugar
2020-10-28 15:09:27.9553 INFO Get User Success :16-Harinagar Sugar
2020-10-28 15:09:27.9553 INFO Get Party Master List Success
2020-10-28 15:09:27.9553 INFO Get Product Master List Success
2020-10-28 15:09:27.9553 INFO Get VAT Master List Success
2020-10-28 15:09:27.9669 INFO Get User Success :16-Harinagar Sugar
2020-10-28 15:09:28.3350 INFO Get User Success :16-Harinagar Sugar
2020-10-28 15:09:28.3350 INFO Get Party Master List Success
2020-10-28 15:09:28.3350 INFO Get Product Master List Success
2020-10-28 15:09:28.3430 INFO Get VAT Master List Success
2020-10-28 15:09:28.3430 INFO Get User Success :16-Harinagar Sugar
2020-10-28 15:09:52.5469 INFO Get User Success :16-Harinagar Sugar
2020-10-28 15:09:52.5469 INFO Get Party Master List Success
2020-10-28 15:09:52.5469 INFO Get Product Master List Success
2020-10-28 15:09:52.5469 INFO Get VAT Master List Success
2020-10-28 15:09:52.5469 INFO Get User Success :16-Harinagar Sugar
2020-10-28 15:10:37.2082 INFO Get User Success :16-Harinagar Sugar
2020-10-28 15:10:37.2082 INFO Get Party Master List Success
2020-10-28 15:10:37.2082 INFO Get Product Master List Success
2020-10-28 15:10:37.2082 INFO Get VAT Master List Success
2020-10-28 15:10:37.2220 INFO Get User Success :16-Harinagar Sugar
2020-10-28 15:10:47.6034 INFO Get User Success :16-Harinagar Sugar
2020-10-28 15:10:47.6034 INFO Get Party Master List Success
2020-10-28 15:10:47.6034 INFO Get Product Master List Success
2020-10-28 15:10:47.6093 INFO Get VAT Master List Success
2020-10-28 15:10:47.6093 INFO Get User Success :16-Harinagar Sugar
2020-10-28 15:13:48.0506 INFO Get User Success :16-Harinagar Sugar
2020-10-28 15:13:48.0506 INFO Get Party Master List Success
2020-10-28 15:13:48.0506 INFO Get Product Master List Success
2020-10-28 15:13:48.0506 INFO Get VAT Master List Success
2020-10-28 15:13:48.0650 INFO Get User Success :16-Harinagar Sugar
2020-10-28 15:14:36.3288 INFO Get User Success :16-Harinagar Sugar
2020-10-28 15:14:36.9519 INFO Get User Success :16-Harinagar Sugar
2020-10-28 15:14:36.9519 INFO Get Party Master List Success
2020-10-28 15:14:36.9519 INFO Get Product Master List Success
2020-10-28 15:14:36.9519 INFO Get VAT Master List Success
2020-10-28 15:14:36.9519 INFO Get User Success :16-Harinagar Sugar
2020-10-28 15:15:02.1394 INFO Get User Success :16-Harinagar Sugar
2020-10-28 15:15:02.1394 INFO Get Party Master List Success
2020-10-28 15:15:02.1394 INFO Get Product Master List Success
2020-10-28 15:15:02.1394 INFO Get VAT Master List Success
2020-10-28 15:15:02.1394 INFO Get User Success :16-Harinagar Sugar
2020-10-28 15:15:05.7038 INFO Get User Success :16-Harinagar Sugar
2020-10-28 15:15:05.7038 INFO Get Party Master List Success
2020-10-28 15:15:05.7038 INFO Get Product Master List Success
2020-10-28 15:15:05.7038 INFO Get VAT Master List Success
2020-10-28 15:15:05.7038 INFO Get User Success :16-Harinagar Sugar
2020-10-28 15:17:30.8186 INFO Get User Success :16-Harinagar Sugar
2020-10-28 15:17:30.8186 INFO Get Party Master List Success
2020-10-28 15:17:30.8186 INFO Get Product Master List Success
2020-10-28 15:17:30.8186 INFO Get VAT Master List Success
2020-10-28 15:17:30.8332 INFO Get User Success :16-Harinagar Sugar
2020-10-28 15:18:27.8235 INFO Get User Success :16-Harinagar Sugar
2020-10-28 15:18:27.8268 INFO Get Party Master List Success
2020-10-28 15:18:27.8268 INFO Get Product Master List Success
2020-10-28 15:18:27.8268 INFO Get VAT Master List Success
2020-10-28 15:18:27.8268 INFO Get User Success :16-Harinagar Sugar
2020-10-28 15:33:37.2801 INFO Get User Success :16-Harinagar Sugar
2020-10-28 15:33:39.7835 INFO Get User Success :16-Harinagar Sugar
2020-10-28 15:33:41.5257 INFO Get User Success :16-Harinagar Sugar
2020-10-28 15:33:41.5637 INFO Get Party Master List Success
2020-10-28 15:33:41.5637 INFO Get Product Master List Success
2020-10-28 15:33:41.5797 INFO Get VAT Master List Success
2020-10-28 15:33:41.6255 INFO Get User Success :16-Harinagar Sugar
2020-10-28 15:37:44.3845 INFO Get User Success :16-Harinagar Sugar
2020-10-28 15:37:46.6546 INFO Get User Success :16-Harinagar Sugar
2020-10-28 15:37:48.2656 INFO Get User Success :16-Harinagar Sugar
2020-10-28 15:37:48.2942 INFO Get Party Master List Success
2020-10-28 15:37:48.3038 INFO Get Product Master List Success
2020-10-28 15:37:48.3038 INFO Get VAT Master List Success
2020-10-28 15:37:48.3535 INFO Get User Success :16-Harinagar Sugar
2020-10-28 15:39:37.4009 INFO Get User Success :16-Harinagar Sugar
2020-10-28 15:39:39.3840 INFO Get User Success :16-Harinagar Sugar
2020-10-28 15:39:39.3840 INFO Get Party Master List Success
2020-10-28 15:39:39.3840 INFO Get Product Master List Success
2020-10-28 15:39:39.3901 INFO Get VAT Master List Success
2020-10-28 15:39:39.3901 INFO Get User Success :16-Harinagar Sugar
2020-10-28 15:46:03.1121 INFO Get User Success :16-Harinagar Sugar
2020-10-28 15:46:03.1121 INFO Get Party Master List Success
2020-10-28 15:46:03.1121 INFO Get Product Master List Success
2020-10-28 15:46:03.1250 INFO Get VAT Master List Success
2020-10-28 15:46:03.1449 INFO Get User Success :16-Harinagar Sugar
2020-10-28 15:47:25.8611 INFO Get User Success :16-Harinagar Sugar
2020-10-28 15:47:34.2560 INFO Get User Success :16-Harinagar Sugar
2020-10-28 15:47:34.2560 INFO Get Party Master List Success
2020-10-28 15:47:34.2560 INFO Get Product Master List Success
2020-10-28 15:47:34.2640 INFO Get VAT Master List Success
2020-10-28 15:47:34.2640 INFO Get User Success :16-Harinagar Sugar
2020-10-28 16:00:02.6132 INFO Get User Success :16-Harinagar Sugar
2020-10-28 16:00:02.6132 INFO Get Party Master List Success
2020-10-28 16:00:02.6132 INFO Get Product Master List Success
2020-10-28 16:00:02.6132 INFO Get VAT Master List Success
2020-10-28 16:00:02.6293 INFO Get User Success :16-Harinagar Sugar
2020-10-28 16:11:06.5987 INFO Get User Success :16-Harinagar Sugar
2020-10-28 16:11:09.0876 INFO Get User Success :16-Harinagar Sugar
2020-10-28 16:11:57.7745 INFO Get User Success :16-Harinagar Sugar
2020-10-28 16:11:57.7830 INFO Get Party Master List Success
2020-10-28 16:11:57.7830 INFO Get Product Master List Success
2020-10-28 16:11:57.7986 INFO Get VAT Master List Success
2020-10-28 16:11:57.8413 INFO Get User Success :16-Harinagar Sugar
2020-10-28 16:12:51.9002 INFO Get User Success :16-Harinagar Sugar
2020-10-28 16:12:52.4831 INFO Get User Success :16-Harinagar Sugar
2020-10-28 16:12:52.4831 INFO Get Party Master List Success
2020-10-28 16:12:52.4831 INFO Get Product Master List Success
2020-10-28 16:12:52.4831 INFO Get VAT Master List Success
2020-10-28 16:12:52.4831 INFO Get User Success :16-Harinagar Sugar
2020-10-28 16:13:20.1255 INFO Get User Success :16-Harinagar Sugar
2020-10-28 16:13:47.7638 INFO Get User Success :16-Harinagar Sugar
2020-10-28 16:13:49.2004 INFO Get User Success :16-Harinagar Sugar
2020-10-28 16:13:49.2033 INFO Get Party Master List Success
2020-10-28 16:13:49.2033 INFO Get Product Master List Success
2020-10-28 16:13:49.2033 INFO Get VAT Master List Success
2020-10-28 16:13:49.2033 INFO Get User Success :16-Harinagar Sugar
2020-10-28 16:14:32.2942 INFO Get User Success :16-Harinagar Sugar
2020-10-28 16:14:33.9980 INFO Get User Success :16-Harinagar Sugar
2020-10-28 16:14:34.0020 INFO Get Party Master List Success
2020-10-28 16:14:34.0020 INFO Get Product Master List Success
2020-10-28 16:14:34.0020 INFO Get VAT Master List Success
2020-10-28 16:14:34.0020 INFO Get User Success :16-Harinagar Sugar
2020-10-28 16:17:05.7410 INFO Get User Success :16-Harinagar Sugar
2020-10-28 16:17:07.6467 INFO Get User Success :16-Harinagar Sugar
2020-10-28 16:17:09.0526 INFO Get User Success :16-Harinagar Sugar
2020-10-28 16:17:09.1065 INFO Get Party Master List Success
2020-10-28 16:17:09.1175 INFO Get Product Master List Success
2020-10-28 16:17:09.1175 INFO Get VAT Master List Success
2020-10-28 16:17:09.1669 INFO Get User Success :16-Harinagar Sugar
2020-10-28 16:18:04.2757 INFO Get User Success :16-Harinagar Sugar
2020-10-28 16:18:06.4872 INFO Get User Success :16-Harinagar Sugar
2020-10-28 16:18:07.8669 INFO Get User Success :16-Harinagar Sugar
2020-10-28 16:18:07.9113 INFO Get Party Master List Success
2020-10-28 16:18:07.9224 INFO Get Product Master List Success
2020-10-28 16:18:07.9224 INFO Get VAT Master List Success
2020-10-28 16:18:07.9735 INFO Get User Success :16-Harinagar Sugar
2020-10-28 16:23:32.5284 INFO Get User Success :16-Harinagar Sugar
2020-10-28 16:23:33.1899 INFO Get User Success :16-Harinagar Sugar
2020-10-28 16:23:33.1899 INFO Get Party Master List Success
2020-10-28 16:23:33.1899 INFO Get Product Master List Success
2020-10-28 16:23:33.1899 INFO Get VAT Master List Success
2020-10-28 16:23:33.2023 INFO Get User Success :16-Harinagar Sugar
2020-10-28 16:25:12.0055 INFO Get User Success :16-Harinagar Sugar
2020-10-28 16:25:12.0055 INFO Get Party Master List Success
2020-10-28 16:25:12.0055 INFO Get Product Master List Success
2020-10-28 16:25:12.0055 INFO Get VAT Master List Success
2020-10-28 16:25:12.0208 INFO Get User Success :16-Harinagar Sugar
2020-10-28 16:25:18.9125 INFO Get User Success :16-Harinagar Sugar
2020-10-28 16:25:19.4862 INFO Get User Success :16-Harinagar Sugar
2020-10-28 16:25:19.4862 INFO Get Party Master List Success
2020-10-28 16:25:19.4862 INFO Get Product Master List Success
2020-10-28 16:25:19.4862 INFO Get VAT Master List Success
2020-10-28 16:25:19.4862 INFO Get User Success :16-Harinagar Sugar
2020-10-28 16:27:12.3254 INFO Get User Success :16-Harinagar Sugar
2020-10-28 16:27:12.3275 INFO Get Party Master List Success
2020-10-28 16:27:12.3275 INFO Get Product Master List Success
2020-10-28 16:27:12.3275 INFO Get VAT Master List Success
2020-10-28 16:27:12.3275 INFO Get User Success :16-Harinagar Sugar
2020-10-28 16:33:12.2506 INFO Get User Success :16-Harinagar Sugar
2020-10-28 16:33:14.1822 INFO Get User Success :16-Harinagar Sugar
2020-10-28 16:33:15.8032 INFO Get User Success :16-Harinagar Sugar
2020-10-28 16:33:15.8380 INFO Get Party Master List Success
2020-10-28 16:33:15.8469 INFO Get Product Master List Success
2020-10-28 16:33:15.8469 INFO Get VAT Master List Success
2020-10-28 16:33:15.8970 INFO Get User Success :16-Harinagar Sugar
2020-10-28 16:39:01.5576 INFO Get User Success :16-Harinagar Sugar
2020-10-28 16:39:01.5616 INFO Get Party Master List Success
2020-10-28 16:39:01.5616 INFO Get Product Master List Success
2020-10-28 16:39:01.5616 INFO Get VAT Master List Success
2020-10-28 16:39:01.5616 INFO Get User Success :16-Harinagar Sugar
2020-10-28 16:39:02.0379 INFO Get User Success :16-Harinagar Sugar
2020-10-28 16:39:02.0379 INFO Get Party Master List Success
2020-10-28 16:39:02.0379 INFO Get Product Master List Success
2020-10-28 16:39:02.0466 INFO Get VAT Master List Success
2020-10-28 16:39:02.0466 INFO Get User Success :16-Harinagar Sugar
2020-10-28 16:42:44.9459 INFO Get User Success :16-Harinagar Sugar
2020-10-28 16:42:44.9459 INFO Get Party Master List Success
2020-10-28 16:42:44.9530 INFO Get Product Master List Success
2020-10-28 16:42:44.9530 INFO Get VAT Master List Success
2020-10-28 16:42:44.9685 INFO Get User Success :16-Harinagar Sugar
2020-10-28 16:44:38.6086 INFO Get User Success :16-Harinagar Sugar
2020-10-28 16:44:38.6086 INFO Get Party Master List Success
2020-10-28 16:44:38.6086 INFO Get Product Master List Success
2020-10-28 16:44:38.6086 INFO Get VAT Master List Success
2020-10-28 16:44:38.6086 INFO Get User Success :16-Harinagar Sugar
2020-10-28 16:52:32.1196 INFO Get User Success :16-Harinagar Sugar
2020-10-28 16:52:36.4223 INFO Get User Success :16-Harinagar Sugar
2020-10-28 16:52:37.9540 INFO Get User Success :16-Harinagar Sugar
2020-10-28 16:52:37.9540 INFO Get Party Master List Success
2020-10-28 16:52:37.9728 INFO Get Product Master List Success
2020-10-28 16:52:37.9728 INFO Get VAT Master List Success
2020-10-28 16:52:38.0215 INFO Get User Success :16-Harinagar Sugar
2020-10-28 16:53:52.1021 INFO Get User Success :16-Harinagar Sugar
2020-10-28 16:53:52.1021 INFO Get Party Master List Success
2020-10-28 16:53:52.1021 INFO Get Product Master List Success
2020-10-28 16:53:52.1091 INFO Get VAT Master List Success
2020-10-28 16:53:52.1091 INFO Get User Success :16-Harinagar Sugar
2020-10-28 16:57:42.9554 INFO Get User Success :16-Harinagar Sugar
2020-10-28 16:57:42.9554 INFO Get Party Master List Success
2020-10-28 16:57:42.9554 INFO Get Product Master List Success
2020-10-28 16:57:42.9554 INFO Get VAT Master List Success
2020-10-28 16:57:42.9713 INFO Get User Success :16-Harinagar Sugar
2020-10-28 17:42:09.1365 INFO Get User Success :16-Harinagar Sugar
2020-10-28 17:42:11.5752 INFO Get User Success :16-Harinagar Sugar
2020-10-28 17:42:43.6864 INFO Get User Success :16-Harinagar Sugar
2020-10-28 17:42:43.7244 INFO Get Party Master List Success
2020-10-28 17:42:43.7413 INFO Get Product Master List Success
2020-10-28 17:42:43.7573 INFO Get VAT Master List Success
2020-10-28 17:42:43.8022 INFO Get User Success :16-Harinagar Sugar
2020-10-28 17:44:55.4163 INFO Get User Success :16-Harinagar Sugar
2020-10-28 17:44:55.4163 INFO Get Party Master List Success
2020-10-28 17:44:55.4205 INFO Get Product Master List Success
2020-10-28 17:44:55.4205 INFO Get VAT Master List Success
2020-10-28 17:44:55.4425 INFO Get User Success :16-Harinagar Sugar
2020-10-28 17:55:11.7345 INFO Get User Success :16-Harinagar Sugar
2020-10-28 17:55:11.7345 INFO Get Party Master List Success
2020-10-28 17:55:11.7345 INFO Get Product Master List Success
2020-10-28 17:55:11.7345 INFO Get VAT Master List Success
2020-10-28 17:55:11.7493 INFO Get User Success :16-Harinagar Sugar
2020-10-28 17:55:58.2940 INFO Get User Success :16-Harinagar Sugar
2020-10-28 17:55:58.2968 INFO Get Party Master List Success
2020-10-28 17:55:58.2968 INFO Get Product Master List Success
2020-10-28 17:55:58.2968 INFO Get VAT Master List Success
2020-10-28 17:55:58.2968 INFO Get User Success :16-Harinagar Sugar
