2020-09-30 11:07:38.9875 INFO Get User Success :6-Administrator
2020-09-30 11:07:48.0807 INFO Get Party Type Master List Success
2020-09-30 11:07:48.0876 INFO Get User Success :6-Administrator
2020-09-30 11:07:52.7015 INFO Get User Success :6-Administrator
2020-09-30 11:07:52.7409 INFO Get Product Type Master List Success
2020-09-30 11:07:52.7409 INFO Get User Success :6-Administrator
2020-09-30 11:07:53.8847 INFO Get User Success :6-Administrator
2020-09-30 11:07:53.9047 INFO Get Party Type Master List Success
2020-09-30 11:07:53.9047 INFO Get User Success :6-Administrator
2020-09-30 11:08:50.8367 INFO Get User Success :9-Administrator
2020-09-30 11:08:54.0938 INFO Get Party Type Master List Success
2020-09-30 11:08:54.0989 INFO Get User Success :9-Administrator
2020-09-30 11:09:00.5257 INFO Get User Success :9-Administrator
2020-09-30 11:09:00.5635 INFO Get User Success :9-Administrator
2020-09-30 11:09:07.0283 INFO Get Existing data Fail :party_type_master
2020-09-30 11:09:08.9857 INFO Get Existing data Fail :party_type_master
2020-09-30 11:09:10.9009 INFO Get User Success :9-Administrator
2020-09-30 11:09:10.9295 INFO Insert Party Type Master Success :d01-Distillery
2020-09-30 11:09:10.9532 INFO Get Party Type Master List Success
2020-09-30 11:09:10.9532 INFO Get User Success :9-Administrator
2020-09-30 11:13:14.5870 INFO Get User Success :9-Administrator
2020-09-30 11:13:24.7900 INFO Get User Success :9-Administrator
2020-09-30 11:13:24.8350 INFO Get Party Master List Success
2020-09-30 11:13:24.8350 INFO Get User Success :9-Administrator
2020-09-30 11:13:25.2783 INFO Get Party Type Master List Success
2020-09-30 11:13:25.2863 INFO Get User Success :9-Administrator
2020-09-30 11:13:28.5147 INFO Get User Success :9-Administrator
2020-09-30 11:13:28.5599 INFO Get Party Type Master List Success
2020-09-30 11:13:28.5599 INFO Get User Success :9-Administrator
2020-09-30 11:13:53.6919 INFO Get Existing data Fail :party_master
2020-09-30 11:14:31.1820 INFO Get Existing data Fail :party_master
2020-09-30 11:14:39.5496 INFO Get User Success :9-Administrator
2020-09-30 11:14:39.5710 INFO Get Party Type Master List Success
2020-09-30 11:14:39.5710 INFO Get User Success :9-Administrator
2020-09-30 11:14:41.7123 INFO Get User Success :9-Administrator
2020-09-30 11:14:41.7485 INFO Get User Success :9-Administrator
2020-09-30 11:14:46.0495 INFO Get Existing data Fail :party_type_master
2020-09-30 11:14:48.8824 INFO Get Existing data Fail :party_type_master
2020-09-30 11:14:51.9913 INFO Get User Success :9-Administrator
2020-09-30 11:14:52.0165 INFO Insert Party Type Master Success :All-All
2020-09-30 11:14:52.0480 INFO Get Party Type Master List Success
2020-09-30 11:14:52.0480 INFO Get User Success :9-Administrator
2020-09-30 11:14:54.6774 INFO Get User Success :9-Administrator
2020-09-30 11:14:54.6962 INFO Get Party Master List Success
2020-09-30 11:14:54.6962 INFO Get User Success :9-Administrator
2020-09-30 11:14:56.2551 INFO Get User Success :9-Administrator
2020-09-30 11:14:56.2729 INFO Get Party Type Master List Success
2020-09-30 11:14:56.2729 INFO Get User Success :9-Administrator
2020-09-30 11:15:04.2966 INFO Get Existing data Fail :party_master
2020-09-30 11:15:10.6824 INFO Get Existing data Fail :party_master
2020-09-30 11:15:32.4701 INFO Get Existing data Fail :party_master
2020-09-30 11:15:52.5286 INFO Get User Success :9-Administrator
2020-09-30 11:15:52.5496 INFO Insert Party Master Success :ALL-All
2020-09-30 11:15:52.5726 INFO Get Party Master List Success
2020-09-30 11:15:52.5726 INFO Get User Success :9-Administrator
2020-09-30 11:22:38.9967 INFO Get User Success :9-Administrator
2020-09-30 11:24:53.1759 INFO Get User Success :9-Administrator
2020-09-30 11:25:43.1980 INFO Get User Success :9-Administrator
2020-09-30 11:26:43.1786 INFO Get User Success :9-Administrator
2020-09-30 11:28:04.7379 INFO Get User Success :9-Administrator
2020-09-30 11:28:21.0791 INFO Get User Success :9-Administrator
2020-09-30 11:28:41.3052 INFO Get User Success :9-Administrator
2020-09-30 11:39:23.1090 INFO Get Party Type Master List Success
2020-09-30 11:40:10.0090 INFO Get User Success :9-Administrator
2020-09-30 11:40:18.3720 INFO Get User Success :9-Administrator
2020-09-30 11:44:42.1974 INFO Get User Success :9-Administrator
2020-09-30 11:44:45.4557 INFO Get User Success :9-Administrator
2020-09-30 11:45:13.2053 INFO Get User Success :9-Administrator
2020-09-30 11:46:03.7712 INFO Get User Success :9-Administrator
2020-09-30 11:46:03.7712 INFO Get User Success :9-Administrator
2020-09-30 11:46:33.5540 INFO Get User Success :9-Administrator
2020-09-30 11:46:33.5540 INFO Get User Success :9-Administrator
2020-09-30 11:47:02.9707 INFO Get User Success :9-Administrator
2020-09-30 11:47:02.9707 INFO Get User Success :9-Administrator
2020-09-30 11:47:03.6059 INFO Get User Success :9-Administrator
2020-09-30 11:47:03.6059 INFO Get User Success :9-Administrator
2020-09-30 11:47:04.0345 INFO Get User Success :9-Administrator
2020-09-30 11:47:04.0365 INFO Get User Success :9-Administrator
2020-09-30 11:47:04.4651 INFO Get User Success :9-Administrator
2020-09-30 11:47:04.4651 INFO Get User Success :9-Administrator
2020-09-30 11:47:05.1042 INFO Get User Success :9-Administrator
2020-09-30 11:47:05.1042 INFO Get User Success :9-Administrator
2020-09-30 11:47:06.4718 INFO Get User Success :9-Administrator
2020-09-30 11:47:06.4738 INFO Get User Success :9-Administrator
2020-09-30 11:47:06.9863 INFO Get User Success :9-Administrator
2020-09-30 11:47:06.9863 INFO Get User Success :9-Administrator
2020-09-30 11:47:07.3195 INFO Get User Success :9-Administrator
2020-09-30 11:47:07.3195 INFO Get User Success :9-Administrator
2020-09-30 11:47:08.0883 INFO Get User Success :9-Administrator
2020-09-30 11:47:08.0883 INFO Get User Success :9-Administrator
2020-09-30 11:47:08.6647 INFO Get User Success :9-Administrator
2020-09-30 11:47:08.6647 INFO Get User Success :9-Administrator
2020-09-30 11:47:32.2411 INFO Sugarcanepurchase Get List Success
2020-09-30 11:47:32.2411 INFO Get User Success :9-Administrator
2020-09-30 11:47:50.6756 INFO Get User Success :9-Administrator
2020-09-30 11:47:50.7180 INFO Get User Success :9-Administrator
2020-09-30 11:47:50.7328 INFO Get User Success :9-Administrator
2020-09-30 11:47:52.3632 INFO Get User Success :9-Administrator
2020-09-30 11:47:52.4154 INFO Get User Success :9-Administrator
2020-09-30 11:48:33.6316 INFO Get User Success :9-Administrator
2020-09-30 11:48:39.7317 INFO Get User Success :9-Administrator
2020-09-30 11:48:39.7317 INFO Get User Success :9-Administrator
2020-09-30 11:48:39.7586 INFO Get User Success :9-Administrator
2020-09-30 11:48:39.7586 INFO Get User Success :9-Administrator
2020-09-30 11:48:41.3633 INFO Get User Success :9-Administrator
2020-09-30 11:48:41.3827 INFO Get User Success :9-Administrator
2020-09-30 11:49:03.8871 INFO Get User Success :9-Administrator
2020-09-30 11:49:31.9331 INFO Get User Success :9-Administrator
2020-09-30 11:49:34.0685 INFO Get User Success :9-Administrator
2020-09-30 11:52:28.8458 INFO Get Party Type Master List Success
2020-09-30 11:52:28.8508 INFO Get User Success :9-Administrator
2020-09-30 11:52:30.1153 INFO Get User Success :9-Administrator
2020-09-30 11:52:30.1550 INFO Get Party Master List Success
2020-09-30 11:52:30.1623 INFO Get User Success :9-Administrator
2020-09-30 11:52:40.4462 INFO Get User Success :9-Administrator
2020-09-30 11:52:40.4662 INFO Get Party Type Master List Success
2020-09-30 11:52:40.4761 INFO Get User Success :9-Administrator
2020-09-30 11:52:53.8752 INFO Get User Success :9-Administrator
2020-09-30 11:52:53.8977 INFO Get Party Master List Success
2020-09-30 11:52:53.8977 INFO Get User Success :9-Administrator
2020-09-30 11:52:55.3708 INFO Get User Success :9-Administrator
2020-09-30 11:52:55.4131 INFO Get Party Type Master List Success
2020-09-30 11:52:55.4131 INFO Get User Success :9-Administrator
2020-09-30 11:52:57.3114 INFO Get Party Master List Success
2020-09-30 11:55:46.5340 INFO Sugarcanepurchase Get List Success
2020-09-30 11:55:46.5340 INFO Get User Success :9-Administrator
2020-09-30 11:56:16.2796 INFO Get Party Type Master List Success
2020-09-30 11:56:16.2796 INFO Get User Success :9-Administrator
2020-09-30 11:56:17.6832 INFO Get User Success :9-Administrator
2020-09-30 11:56:17.7034 INFO Get Party Master List Success
2020-09-30 11:56:17.7034 INFO Get User Success :9-Administrator
2020-09-30 11:56:24.5007 INFO Sugarcanepurchase Get List Success
2020-09-30 11:56:24.5007 INFO Get User Success :9-Administrator
2020-09-30 11:56:26.3655 INFO Get User Success :9-Administrator
2020-09-30 11:56:26.5048 INFO Get Party Master List Success
2020-09-30 11:56:26.5069 INFO Get User Success :9-Administrator
2020-09-30 11:56:30.7803 INFO Get User Success :9-Administrator
2020-09-30 11:56:34.2554 INFO Get User Success :9-Administrator
2020-09-30 11:56:36.2803 INFO Get User Success :9-Administrator
2020-09-30 11:56:45.0047 INFO Get User Success :9-Administrator
2020-09-30 11:56:45.0585 INFO Get User Success :9-Administrator
2020-09-30 11:56:47.7012 INFO Get User Success :9-Administrator
2020-09-30 11:56:47.7549 INFO Get User Success :9-Administrator
2020-09-30 11:56:50.5024 INFO Get User Success :9-Administrator
2020-09-30 11:56:50.5301 INFO Get User Success :9-Administrator
2020-09-30 11:56:59.0607 INFO Get User Success :9-Administrator
2020-09-30 11:56:59.0912 INFO Get User Success :9-Administrator
2020-09-30 11:58:22.5527 INFO Get User Success :9-Administrator
2020-09-30 11:58:22.5875 INFO Get User Success :9-Administrator
2020-09-30 11:58:24.0669 INFO Get User Success :9-Administrator
2020-09-30 11:58:24.1138 INFO Get User Success :9-Administrator
2020-09-30 12:00:14.5860 INFO Get User Success :9-Administrator
2020-09-30 12:00:14.6118 INFO Sugarcanepurchase Get List Success
2020-09-30 12:00:14.6118 INFO Get User Success :9-Administrator
2020-09-30 12:00:16.2260 INFO Get User Success :9-Administrator
2020-09-30 12:00:16.2477 INFO Get Party Master List Success
2020-09-30 12:00:16.2477 INFO Get User Success :9-Administrator
2020-09-30 12:01:18.0574 INFO Get User Success :9-Administrator
2020-09-30 12:01:18.0780 INFO Get User Success :9-Administrator
2020-09-30 12:01:18.0780 INFO Get User Success :9-Administrator
2020-09-30 12:01:21.3812 INFO Get User Success :9-Administrator
2020-09-30 12:01:21.4099 INFO Get User Success :9-Administrator
2020-09-30 12:01:21.4161 INFO Get User Success :9-Administrator
2020-09-30 12:01:23.7392 INFO Get User Success :9-Administrator
2020-09-30 12:01:23.7412 INFO Get User Success :9-Administrator
2020-09-30 12:01:23.7608 INFO Get User Success :9-Administrator
2020-09-30 12:01:23.7738 INFO Get User Success :9-Administrator
2020-09-30 12:01:52.7333 INFO Get User Success :9-Administrator
2020-09-30 12:01:52.7541 INFO Get User Success :9-Administrator
2020-09-30 12:01:52.7590 INFO Get User Success :9-Administrator
2020-09-30 12:01:59.4134 INFO Get User Success :9-Administrator
2020-09-30 12:01:59.4134 INFO Get User Success :9-Administrator
2020-09-30 12:01:59.4361 INFO Get User Success :9-Administrator
2020-09-30 12:01:59.4361 INFO Get User Success :9-Administrator
2020-09-30 12:02:04.5980 INFO Get User Success :9-Administrator
2020-09-30 12:02:04.6196 INFO Get User Success :9-Administrator
2020-09-30 12:02:04.6196 INFO Get User Success :9-Administrator
2020-09-30 12:02:29.0924 INFO Get User Success :9-Administrator
2020-09-30 12:02:29.0924 INFO Get User Success :9-Administrator
2020-09-30 12:02:29.1183 INFO Get User Success :9-Administrator
2020-09-30 12:02:29.1183 INFO Get User Success :9-Administrator
2020-09-30 12:02:41.4804 INFO Get User Success :9-Administrator
2020-09-30 12:02:41.4804 INFO Get User Success :9-Administrator
2020-09-30 12:04:11.8239 INFO Sugarcanepurchase Get List Success
2020-09-30 12:04:11.8239 INFO Get User Success :9-Administrator
2020-09-30 12:04:13.9898 INFO Get User Success :9-Administrator
2020-09-30 12:04:14.1424 INFO Get User Success :9-Administrator
2020-09-30 12:04:15.8270 INFO Get User Success :9-Administrator
2020-09-30 12:04:15.8481 INFO Get User Success :9-Administrator
2020-09-30 12:04:56.9373 INFO Get Users List Success
2020-09-30 12:04:56.9435 INFO Get User Success :9-Administrator
2020-09-30 12:04:58.8045 INFO Get Users List Success
2020-09-30 12:04:58.8045 INFO Get User Success :9-Administrator
2020-09-30 12:04:58.8540 INFO Org Get List Success
2020-09-30 12:04:58.8540 INFO Get Party Master List Success
2020-09-30 12:04:58.8540 INFO Get Role Level List Success
2020-09-30 12:04:58.8540 INFO Get access_type List Success
2020-09-30 12:04:58.9044 INFO Get view_Role_master List Success :Input string was not in a correct format.
2020-09-30 12:04:58.9044 INFO Get State List Success
2020-09-30 12:04:58.9223 INFO Get Dept List Success
2020-09-30 12:04:58.9223 INFO Get Users List Success
2020-09-30 12:04:58.9223 INFO Get User Success :9-Administrator
2020-09-30 12:08:18.6304 INFO Org Get List Success
2020-09-30 12:08:18.6304 INFO Get Party Master List Success
2020-09-30 12:08:18.6304 INFO Get Role Level List Success
2020-09-30 12:08:18.6304 INFO Get access_type List Success
2020-09-30 12:08:18.6519 INFO Get view_Role_master List Success :Input string was not in a correct format.
2020-09-30 12:08:18.6519 INFO Get State List Success
2020-09-30 12:08:18.6519 INFO Get Dept List Success
2020-09-30 12:08:18.6519 INFO Get Users List Success
2020-09-30 12:08:18.6519 INFO Get User Success :9-Administrator
2020-09-30 12:17:37.6884 INFO Org Get List Success
2020-09-30 12:17:37.6884 INFO Get Party Master List Success
2020-09-30 12:17:37.6943 INFO Get Role Level List Success
2020-09-30 12:17:37.6943 INFO Get access_type List Success
2020-09-30 12:17:37.7223 INFO Get view_Role_master List Success :Input string was not in a correct format.
2020-09-30 12:17:37.7253 INFO Get State List Success
2020-09-30 12:17:37.7253 INFO Get Dept List Success
2020-09-30 12:17:37.7253 INFO Get Users List Success
2020-09-30 12:17:37.7253 INFO Get User Success :9-Administrator
2020-09-30 12:18:02.7864 INFO Org Get List Success
2020-09-30 12:18:02.7864 INFO Get Party Master List Success
2020-09-30 12:18:02.7864 INFO Get Role Level List Success
2020-09-30 12:18:02.7864 INFO Get access_type List Success
2020-09-30 12:18:02.8094 INFO Get view_Role_master List Success :Input string was not in a correct format.
2020-09-30 12:18:02.8094 INFO Get State List Success
2020-09-30 12:18:02.8094 INFO Get Dept List Success
2020-09-30 12:18:02.8094 INFO Get Users List Success
2020-09-30 12:18:02.8094 INFO Get User Success :9-Administrator
2020-09-30 12:18:32.5522 INFO Org Get List Success
2020-09-30 12:18:32.5522 INFO Get Party Master List Success
2020-09-30 12:18:32.5522 INFO Get Role Level List Success
2020-09-30 12:18:32.5522 INFO Get access_type List Success
2020-09-30 12:18:32.5904 INFO Get view_Role_master List Success :Input string was not in a correct format.
2020-09-30 12:18:32.5904 INFO Get State List Success
2020-09-30 12:18:32.5904 INFO Get Dept List Success
2020-09-30 12:18:32.5904 INFO Get Users List Success
2020-09-30 12:18:32.5904 INFO Get User Success :9-Administrator
2020-09-30 12:18:59.1151 INFO Org Get List Success
2020-09-30 12:18:59.1151 INFO Get Party Master List Success
2020-09-30 12:18:59.1301 INFO Get Role Level List Success
2020-09-30 12:18:59.1301 INFO Get access_type List Success
2020-09-30 12:18:59.1471 INFO Get view_Role_master List Success :Input string was not in a correct format.
2020-09-30 12:18:59.1471 INFO Get State List Success
2020-09-30 12:18:59.1471 INFO Get Dept List Success
2020-09-30 12:18:59.1471 INFO Get Users List Success
2020-09-30 12:18:59.1471 INFO Get User Success :9-Administrator
2020-09-30 12:19:28.5067 INFO Org Get List Success
2020-09-30 12:19:28.5067 INFO Get Party Master List Success
2020-09-30 12:19:28.5067 INFO Get Role Level List Success
2020-09-30 12:19:28.5067 INFO Get access_type List Success
2020-09-30 12:19:28.5293 INFO Get view_Role_master List Success :Input string was not in a correct format.
2020-09-30 12:19:28.5293 INFO Get State List Success
2020-09-30 12:19:28.5293 INFO Get Dept List Success
2020-09-30 12:19:28.5293 INFO Get Users List Success
2020-09-30 12:19:28.5378 INFO Get User Success :9-Administrator
2020-09-30 12:22:20.2669 INFO Get User Success :9-Administrator
2020-09-30 12:22:20.2958 INFO Get Users List Success
2020-09-30 12:22:20.2958 INFO Get User Success :9-Administrator
2020-09-30 12:22:24.3517 INFO Get Users List Success
2020-09-30 12:22:24.3517 INFO Get User Success :9-Administrator
2020-09-30 12:22:24.3741 INFO Org Get List Success
2020-09-30 12:22:24.3741 INFO Get Party Master List Success
2020-09-30 12:22:24.3831 INFO Get Role Level List Success
2020-09-30 12:22:24.3831 INFO Get access_type List Success
2020-09-30 12:22:24.4016 INFO Get view_Role_master List Success :Input string was not in a correct format.
2020-09-30 12:22:24.4016 INFO Get State List Success
2020-09-30 12:22:24.4016 INFO Get Dept List Success
2020-09-30 12:22:24.4016 INFO Get Users List Success
2020-09-30 12:22:24.4016 INFO Get User Success :9-Administrator
2020-09-30 12:23:26.9359 INFO Get Existing data Fail :user_registration
2020-09-30 12:24:14.9777 INFO Get Existing data Fail :user_registration
2020-09-30 12:24:48.5561 INFO Get User Success :9-Administrator
2020-09-30 12:24:51.0856 INFO Get User Success :9-Administrator
2020-09-30 12:24:54.0201 INFO Get User Success :9-Administrator
2020-09-30 12:24:56.1262 INFO Get User Success :9-Administrator
2020-09-30 12:25:22.2943 INFO Get User Success :9-Administrator
2020-09-30 12:25:32.0924 INFO Get User Success :9-Administrator
2020-09-30 12:25:37.6830 INFO Get User Success :9-Administrator
2020-09-30 12:25:42.0994 INFO Get User Success :9-Administrator
2020-09-30 12:25:42.0994 INFO Get Division List Success
2020-09-30 12:25:47.1438 INFO Get User Success :9-Administrator
2020-09-30 12:25:49.4346 INFO Get User Success :9-Administrator
2020-09-30 12:26:06.1895 INFO Get User Success :9-Administrator
2020-09-30 12:26:06.2523 INFO Insert User Success :0-Sreekanth Reddy
2020-09-30 12:26:06.2989 INFO Get Users List Success
2020-09-30 12:26:06.3089 INFO Get User Success :9-Administrator
2020-09-30 12:26:15.1351 INFO Get State List Success
2020-09-30 12:26:15.1351 INFO Get User Success :9-Administrator
2020-09-30 12:26:18.6303 INFO Get User Success :9-Administrator
2020-09-30 12:26:18.6862 INFO Get view_Role_master List Success :Input string was not in a correct format.
2020-09-30 12:26:18.6952 INFO Get User Success :9-Administrator
2020-09-30 12:26:20.6865 INFO Get User Success :9-Administrator
2020-09-30 12:26:21.2319 INFO Get User Success :9-Administrator
2020-09-30 12:26:21.7625 INFO Get access_type List Success
2020-09-30 12:26:21.7625 INFO Get User Success :9-Administrator
2020-09-30 12:26:22.5528 INFO Get Role Level List Success
2020-09-30 12:26:22.5528 INFO Get User Success :9-Administrator
2020-09-30 12:26:25.7984 INFO Get User Success :9-Administrator
2020-09-30 12:26:25.8356 INFO Get view_Role_master List Success :Input string was not in a correct format.
2020-09-30 12:26:25.8356 INFO Get User Success :9-Administrator
2020-09-30 12:26:27.5338 INFO Get User Success :9-Administrator
2020-09-30 12:26:27.6186 INFO Org Get List Success
2020-09-30 12:26:27.6186 INFO Get Role Level List Success
2020-09-30 12:26:27.6186 INFO Get access_type List Success
2020-09-30 12:26:27.6435 INFO Get view_Role_master List Success :Input string was not in a correct format.
2020-09-30 12:26:27.6435 INFO Get User Success :9-Administrator
2020-09-30 12:26:36.8548 INFO Get Existing data Fail :role_master
2020-09-30 12:26:37.8563 INFO Get User Success :9-Administrator
2020-09-30 12:26:45.3996 INFO Get User Success :9-Administrator
2020-09-30 12:26:45.4204 INFO Get Role Level List Success
2020-09-30 12:26:45.4204 INFO Get User Success :9-Administrator
2020-09-30 12:26:46.8914 INFO Get User Success :9-Administrator
2020-09-30 12:26:46.9662 INFO Get User Success :9-Administrator
2020-09-30 12:26:54.5235 INFO Get Existing data Fail :Role_level_master
2020-09-30 12:27:01.5208 INFO Get User Success :9-Administrator
2020-09-30 12:27:01.5208 INFO Get MaxID Success :role_level_master
2020-09-30 12:27:01.5786 INFO Insert Role Level Success :-Level3
2020-09-30 12:27:01.6035 INFO Get Role Level List Success
2020-09-30 12:27:01.6035 INFO Get User Success :9-Administrator
2020-09-30 12:27:03.8705 INFO Get User Success :9-Administrator
2020-09-30 12:27:03.8996 INFO Get access_type List Success
2020-09-30 12:27:03.8996 INFO Get User Success :9-Administrator
2020-09-30 12:27:04.7952 INFO Get User Success :9-Administrator
2020-09-30 12:27:04.8301 INFO Get view_Role_master List Success :Input string was not in a correct format.
2020-09-30 12:27:04.8331 INFO Get User Success :9-Administrator
2020-09-30 12:27:06.0246 INFO Get User Success :9-Administrator
2020-09-30 12:27:06.0456 INFO Org Get List Success
2020-09-30 12:27:06.0456 INFO Get Role Level List Success
2020-09-30 12:27:06.0456 INFO Get access_type List Success
2020-09-30 12:27:06.0645 INFO Get view_Role_master List Success :Input string was not in a correct format.
2020-09-30 12:27:06.0645 INFO Get User Success :9-Administrator
2020-09-30 12:27:14.3226 INFO Get Existing data Fail :role_master
2020-09-30 12:27:15.6046 INFO Get User Success :9-Administrator
2020-09-30 12:27:28.6551 INFO Get User Success :9-Administrator
2020-09-30 12:27:45.2729 INFO Get User Success :9-Administrator
2020-09-30 12:27:47.2945 INFO Get User Success :9-Administrator
2020-09-30 12:27:54.6248 INFO Get User Success :9-Administrator
2020-09-30 12:27:54.6248 INFO Get MaxID Success :role_master
2020-09-30 12:27:54.6606 INFO Insert role_master Success :-Bond Officer
2020-09-30 12:27:54.7621 INFO Get view_Role_master List Success :Input string was not in a correct format.
2020-09-30 12:27:54.7621 INFO Get User Success :9-Administrator
2020-09-30 12:27:57.4312 INFO Get User Success :9-Administrator
2020-09-30 12:27:57.4543 INFO Org Get List Success
2020-09-30 12:27:57.4543 INFO Get Role Level List Success
2020-09-30 12:27:57.4543 INFO Get access_type List Success
2020-09-30 12:27:57.4732 INFO Get view_Role_master List Success :Input string was not in a correct format.
2020-09-30 12:27:57.4752 INFO Get User Success :9-Administrator
2020-09-30 12:27:58.9675 INFO Get User Success :9-Administrator
2020-09-30 12:27:59.0440 INFO Get access_type List Success
2020-09-30 12:27:59.0440 INFO Get User Success :9-Administrator
2020-09-30 12:27:59.6863 INFO Get User Success :9-Administrator
2020-09-30 12:27:59.7219 INFO Get view_Role_master List Success :Input string was not in a correct format.
2020-09-30 12:27:59.7242 INFO Get User Success :9-Administrator
2020-09-30 12:28:03.9994 INFO Get Party Type Master List Success
2020-09-30 12:28:03.9994 INFO Get User Success :9-Administrator
2020-09-30 12:28:17.5371 INFO Get Users List Success
2020-09-30 12:28:17.5371 INFO Get User Success :9-Administrator
2020-09-30 12:28:20.4587 INFO Get Users List Success
2020-09-30 12:28:20.4587 INFO Get User Success :9-Administrator
2020-09-30 12:28:20.4836 INFO Org Get List Success
2020-09-30 12:28:20.4836 INFO Get Party Master List Success
2020-09-30 12:28:20.4836 INFO Get Role Level List Success
2020-09-30 12:28:20.4836 INFO Get access_type List Success
2020-09-30 12:28:20.5055 INFO Get view_Role_master List Success :Input string was not in a correct format.
2020-09-30 12:28:20.5055 INFO Get State List Success
2020-09-30 12:28:20.5055 INFO Get Dept List Success
2020-09-30 12:28:20.5055 INFO Get Users List Success
2020-09-30 12:28:20.5055 INFO Get User Success :11-Sreekanth Reddy
2020-09-30 12:28:20.5055 INFO Get Division List Success
2020-09-30 12:28:20.5055 INFO Get User Success :9-Administrator
2020-09-30 12:28:31.1380 INFO Get Party Type Master List Success
2020-09-30 12:28:31.1380 INFO Get User Success :9-Administrator
2020-09-30 12:28:33.6775 INFO Get User Success :9-Administrator
2020-09-30 12:28:33.6995 INFO Get Party Master List Success
2020-09-30 12:28:33.6995 INFO Get User Success :9-Administrator
2020-09-30 12:28:36.0136 INFO Get User Success :9-Administrator
2020-09-30 12:28:36.0352 INFO Get Party Type Master List Success
2020-09-30 12:28:36.0372 INFO Get User Success :9-Administrator
2020-09-30 12:28:51.3366 INFO Get Existing data Fail :party_master
2020-09-30 12:29:04.1680 INFO Get Existing data Fail :party_master
2020-09-30 12:29:04.2950 INFO Get User Success :9-Administrator
2020-09-30 12:29:04.3178 INFO Get Party Type Master List Success
2020-09-30 12:29:04.3178 INFO Get User Success :9-Administrator
2020-09-30 12:29:08.4781 INFO Get User Success :9-Administrator
2020-09-30 12:29:08.4991 INFO Get Party Master List Success
2020-09-30 12:29:08.4991 INFO Get User Success :9-Administrator
2020-09-30 12:29:09.6871 INFO Get User Success :9-Administrator
2020-09-30 12:29:09.7071 INFO Get Party Type Master List Success
2020-09-30 12:29:09.7101 INFO Get User Success :9-Administrator
2020-09-30 12:29:11.2872 INFO Get User Success :9-Administrator
2020-09-30 12:29:11.3051 INFO Get Party Type Master List Success
2020-09-30 12:29:11.3051 INFO Get User Success :9-Administrator
2020-09-30 12:29:13.8067 INFO Get User Success :9-Administrator
2020-09-30 12:29:13.8339 INFO Get Party Master List Success
2020-09-30 12:29:13.8339 INFO Get User Success :9-Administrator
2020-09-30 12:29:25.5703 INFO Get User Success :9-Administrator
2020-09-30 12:29:25.5931 INFO Get Party Type Master List Success
2020-09-30 12:29:25.5931 INFO Get User Success :9-Administrator
2020-09-30 12:29:30.4556 INFO Get Existing data Fail :party_master
2020-09-30 12:29:36.3271 INFO Get Existing data Fail :party_master
2020-09-30 12:29:39.3082 INFO Get Existing data Success :party_master
2020-09-30 12:29:42.2526 INFO Get Existing data Fail :party_master
2020-09-30 12:29:47.0005 INFO Get Existing data Fail :party_master
2020-09-30 12:30:02.9563 INFO Get Party Master List Success
2020-09-30 12:30:05.5606 INFO Get User Success :9-Administrator
2020-09-30 12:30:05.5760 INFO Insert Party Master Success :D01-Harinagar Distillery
2020-09-30 12:30:05.6008 INFO Get Party Master List Success
2020-09-30 12:30:05.6008 INFO Get User Success :9-Administrator
2020-09-30 12:30:23.1135 INFO Get Users List Success
2020-09-30 12:30:23.1155 INFO Get User Success :9-Administrator
2020-09-30 12:30:25.9773 INFO Get Users List Success
2020-09-30 12:30:25.9773 INFO Get User Success :9-Administrator
2020-09-30 12:30:26.0001 INFO Org Get List Success
2020-09-30 12:30:26.0001 INFO Get Party Master List Success
2020-09-30 12:30:26.0001 INFO Get Role Level List Success
2020-09-30 12:30:26.0051 INFO Get access_type List Success
2020-09-30 12:30:26.0208 INFO Get view_Role_master List Success :Input string was not in a correct format.
2020-09-30 12:30:26.0208 INFO Get State List Success
2020-09-30 12:30:26.0208 INFO Get Dept List Success
2020-09-30 12:30:26.0208 INFO Get Users List Success
2020-09-30 12:30:26.0208 INFO Get User Success :9-Administrator
2020-09-30 12:30:56.2661 INFO Get Existing data Fail :user_registration
2020-09-30 12:31:18.4766 INFO Get Existing data Fail :user_registration
2020-09-30 12:31:21.9969 INFO Get User Success :9-Administrator
2020-09-30 12:31:23.1336 INFO Get User Success :9-Administrator
2020-09-30 12:31:27.2215 INFO Get User Success :9-Administrator
2020-09-30 12:31:31.7185 INFO Get User Success :9-Administrator
2020-09-30 12:31:35.0695 INFO Get User Success :9-Administrator
2020-09-30 12:31:37.1404 INFO Get User Success :9-Administrator
2020-09-30 12:31:39.5969 INFO Get User Success :9-Administrator
2020-09-30 12:31:39.5990 INFO Get Division List Success
2020-09-30 12:31:42.2777 INFO Get User Success :9-Administrator
2020-09-30 12:31:43.5265 INFO Get User Success :9-Administrator
2020-09-30 12:31:54.5291 INFO Get User Success :9-Administrator
2020-09-30 12:31:54.5947 INFO Insert User Success :0-Charan
2020-09-30 12:31:54.6174 INFO Get Users List Success
2020-09-30 12:31:54.6174 INFO Get User Success :9-Administrator
2020-09-30 12:32:20.4108 INFO Get Users List Success
2020-09-30 12:32:20.4134 INFO Get User Success :9-Administrator
2020-09-30 12:32:20.4364 INFO Org Get List Success
2020-09-30 12:32:20.4364 INFO Get Party Master List Success
2020-09-30 12:32:20.4364 INFO Get Role Level List Success
2020-09-30 12:32:20.4364 INFO Get access_type List Success
2020-09-30 12:32:20.4663 INFO Get view_Role_master List Success :Input string was not in a correct format.
2020-09-30 12:32:20.4663 INFO Get State List Success
2020-09-30 12:32:20.4663 INFO Get Dept List Success
2020-09-30 12:32:20.4663 INFO Get Users List Success
2020-09-30 12:32:20.4663 INFO Get User Success :12-Charan
2020-09-30 12:32:20.4752 INFO Get Division List Success
2020-09-30 12:32:20.4752 INFO Get User Success :9-Administrator
2020-09-30 12:32:23.5326 INFO Get User Success :9-Administrator
2020-09-30 12:32:23.5549 INFO Get Users List Success
2020-09-30 12:32:23.5549 INFO Get User Success :9-Administrator
2020-09-30 12:32:24.6182 INFO Get Users List Success
2020-09-30 12:32:24.6182 INFO Get User Success :9-Administrator
2020-09-30 12:32:24.6421 INFO Org Get List Success
2020-09-30 12:32:24.6481 INFO Get Party Master List Success
2020-09-30 12:32:24.6481 INFO Get Role Level List Success
2020-09-30 12:32:24.6481 INFO Get access_type List Success
2020-09-30 12:32:24.6680 INFO Get view_Role_master List Success :Input string was not in a correct format.
2020-09-30 12:32:24.6680 INFO Get State List Success
2020-09-30 12:32:24.6680 INFO Get Dept List Success
2020-09-30 12:32:24.6680 INFO Get Users List Success
2020-09-30 12:32:24.6680 INFO Get User Success :12-Charan
2020-09-30 12:32:24.6680 INFO Get Division List Success
2020-09-30 12:32:24.6790 INFO Get User Success :9-Administrator
2020-09-30 12:32:26.2353 INFO Get User Success :9-Administrator
2020-09-30 12:32:26.2553 INFO Get Users List Success
2020-09-30 12:32:26.2553 INFO Get User Success :9-Administrator
2020-09-30 12:32:27.2748 INFO Get Users List Success
2020-09-30 12:32:27.2748 INFO Get User Success :9-Administrator
2020-09-30 12:32:27.3007 INFO Org Get List Success
2020-09-30 12:32:27.3027 INFO Get Party Master List Success
2020-09-30 12:32:27.3027 INFO Get Role Level List Success
2020-09-30 12:32:27.3027 INFO Get access_type List Success
2020-09-30 12:32:27.3206 INFO Get view_Role_master List Success :Input string was not in a correct format.
2020-09-30 12:32:27.3206 INFO Get State List Success
2020-09-30 12:32:27.3206 INFO Get Dept List Success
2020-09-30 12:32:27.3206 INFO Get Users List Success
2020-09-30 12:32:27.3206 INFO Get User Success :12-Charan
2020-09-30 12:32:27.3206 INFO Get Division List Success
2020-09-30 12:32:27.3206 INFO Get User Success :9-Administrator
2020-09-30 12:32:32.3140 INFO Get User Success :9-Administrator
2020-09-30 12:32:32.3338 INFO Get Users List Success
2020-09-30 12:32:32.3338 INFO Get User Success :9-Administrator
2020-09-30 12:33:15.3565 INFO Get Users List Success
2020-09-30 12:33:15.3565 INFO Get User Success :9-Administrator
2020-09-30 12:33:15.3841 INFO Org Get List Success
2020-09-30 12:33:15.3841 INFO Get Party Master List Success
2020-09-30 12:33:15.3841 INFO Get Role Level List Success
2020-09-30 12:33:15.3841 INFO Get access_type List Success
2020-09-30 12:33:15.4048 INFO Get view_Role_master List Success :Input string was not in a correct format.
2020-09-30 12:33:15.4048 INFO Get State List Success
2020-09-30 12:33:15.4048 INFO Get Dept List Success
2020-09-30 12:33:15.4048 INFO Get Users List Success
2020-09-30 12:33:15.4114 INFO Get User Success :9-Administrator
2020-09-30 12:33:56.1946 INFO Get Existing data Fail :user_registration
2020-09-30 12:34:00.6103 INFO Get Existing data Fail :user_registration
2020-09-30 12:34:33.6448 INFO Get Existing data Fail :user_registration
2020-09-30 12:34:44.5984 INFO Get User Success :9-Administrator
2020-09-30 12:34:46.2390 INFO Get User Success :9-Administrator
2020-09-30 12:34:47.5398 INFO Get User Success :9-Administrator
2020-09-30 12:34:58.0191 INFO Get User Success :9-Administrator
2020-09-30 12:35:03.0234 INFO Get User Success :9-Administrator
2020-09-30 12:35:04.9404 INFO Get User Success :9-Administrator
2020-09-30 12:35:06.6390 INFO Get User Success :9-Administrator
2020-09-30 12:35:06.6390 INFO Get Division List Success
2020-09-30 12:35:09.8771 INFO Get User Success :9-Administrator
2020-09-30 12:35:11.1564 INFO Get User Success :9-Administrator
2020-09-30 12:35:20.0122 INFO Get User Success :9-Administrator
2020-09-30 12:35:20.0955 INFO Insert User Success :0-Prashan Kishore
2020-09-30 12:35:20.1177 INFO Get Users List Success
2020-09-30 12:35:20.1177 INFO Get User Success :9-Administrator
2020-09-30 12:35:49.7232 INFO Sugarcanepurchase Get List Success
2020-09-30 12:35:49.7252 INFO Get User Success :9-Administrator
2020-09-30 12:35:53.9054 INFO Get Party Type Master List Success
2020-09-30 12:35:53.9054 INFO Get User Success :9-Administrator
2020-09-30 12:36:00.7455 INFO Get Users List Success
2020-09-30 12:36:00.7455 INFO Get User Success :9-Administrator
2020-09-30 12:36:10.9794 INFO Get Users List Success
2020-09-30 12:36:10.9794 INFO Get User Success :9-Administrator
2020-09-30 12:36:11.0031 INFO Org Get List Success
2020-09-30 12:36:11.0051 INFO Get Party Master List Success
2020-09-30 12:36:11.0051 INFO Get Role Level List Success
2020-09-30 12:36:11.0051 INFO Get access_type List Success
2020-09-30 12:36:11.0235 INFO Get view_Role_master List Success :Input string was not in a correct format.
2020-09-30 12:36:11.0235 INFO Get State List Success
2020-09-30 12:36:11.0235 INFO Get Dept List Success
2020-09-30 12:36:11.0235 INFO Get Users List Success
2020-09-30 12:36:11.0235 INFO Get User Success :12-Charan
2020-09-30 12:36:11.0235 INFO Get Division List Success
2020-09-30 12:36:11.0235 INFO Get User Success :9-Administrator
2020-09-30 12:36:13.7113 INFO Get User Success :9-Administrator
2020-09-30 12:36:13.7324 INFO Get Users List Success
2020-09-30 12:36:13.7324 INFO Get User Success :9-Administrator
2020-09-30 12:36:19.5415 INFO Get Users List Success
2020-09-30 12:36:19.5415 INFO Get User Success :9-Administrator
2020-09-30 12:36:19.5645 INFO Org Get List Success
2020-09-30 12:36:19.5645 INFO Get Party Master List Success
2020-09-30 12:36:19.5685 INFO Get Role Level List Success
2020-09-30 12:36:19.5685 INFO Get access_type List Success
2020-09-30 12:36:19.5892 INFO Get view_Role_master List Success :Input string was not in a correct format.
2020-09-30 12:36:19.5892 INFO Get State List Success
2020-09-30 12:36:19.5892 INFO Get Dept List Success
2020-09-30 12:36:19.5892 INFO Get Users List Success
2020-09-30 12:36:19.5892 INFO Get User Success :12-Charan
2020-09-30 12:36:19.5892 INFO Get Division List Success
2020-09-30 12:36:19.6012 INFO Get User Success :9-Administrator
2020-09-30 12:36:26.3650 INFO Get User Success :9-Administrator
2020-09-30 12:36:26.3835 INFO Get Users List Success
2020-09-30 12:36:26.3835 INFO Get User Success :9-Administrator
2020-09-30 12:36:28.9704 INFO Get Users List Success
2020-09-30 12:36:28.9704 INFO Get User Success :9-Administrator
2020-09-30 12:36:28.9932 INFO Org Get List Success
2020-09-30 12:36:28.9932 INFO Get Party Master List Success
2020-09-30 12:36:28.9932 INFO Get Role Level List Success
2020-09-30 12:36:28.9932 INFO Get access_type List Success
2020-09-30 12:36:29.0131 INFO Get view_Role_master List Success :Input string was not in a correct format.
2020-09-30 12:36:29.0131 INFO Get State List Success
2020-09-30 12:36:29.0131 INFO Get Dept List Success
2020-09-30 12:36:29.0131 INFO Get Users List Success
2020-09-30 12:36:29.0210 INFO Get User Success :12-Charan
2020-09-30 12:36:29.0210 INFO Get Division List Success
2020-09-30 12:36:29.0210 INFO Get User Success :9-Administrator
2020-09-30 12:36:39.2630 INFO Get User Success :9-Administrator
2020-09-30 12:36:41.4446 INFO Get User Success :9-Administrator
2020-09-30 12:36:41.4620 INFO Update User Success :11-Charan
2020-09-30 12:36:41.4807 INFO Get Users List Success
2020-09-30 12:36:41.4807 INFO Get User Success :9-Administrator
2020-09-30 12:36:50.1627 INFO Get Users List Success
2020-09-30 12:36:50.1627 INFO Get User Success :9-Administrator
2020-09-30 12:36:50.1852 INFO Org Get List Success
2020-09-30 12:36:50.1852 INFO Get Party Master List Success
2020-09-30 12:36:50.1852 INFO Get Role Level List Success
2020-09-30 12:36:50.1852 INFO Get access_type List Success
2020-09-30 12:36:50.2059 INFO Get view_Role_master List Success :Input string was not in a correct format.
2020-09-30 12:36:50.2059 INFO Get State List Success
2020-09-30 12:36:50.2091 INFO Get Dept List Success
2020-09-30 12:36:50.2091 INFO Get Users List Success
2020-09-30 12:36:50.2091 INFO Get User Success :12-Charan
2020-09-30 12:36:50.2091 INFO Get Division List Success
2020-09-30 12:36:50.2091 INFO Get User Success :9-Administrator
2020-09-30 12:36:53.6847 INFO Get User Success :9-Administrator
2020-09-30 12:36:53.7052 INFO Get Users List Success
2020-09-30 12:36:53.7052 INFO Get User Success :9-Administrator
2020-09-30 12:36:56.7628 INFO Get Users List Success
2020-09-30 12:36:56.7628 INFO Get User Success :9-Administrator
2020-09-30 12:36:56.7848 INFO Org Get List Success
2020-09-30 12:36:56.7938 INFO Get Party Master List Success
2020-09-30 12:36:56.7938 INFO Get Role Level List Success
2020-09-30 12:36:56.7938 INFO Get access_type List Success
2020-09-30 12:36:56.8137 INFO Get view_Role_master List Success :Input string was not in a correct format.
2020-09-30 12:36:56.8137 INFO Get State List Success
2020-09-30 12:36:56.8137 INFO Get Dept List Success
2020-09-30 12:36:56.8188 INFO Get Users List Success
2020-09-30 12:36:56.8188 INFO Get User Success :12-Charan
2020-09-30 12:36:56.8188 INFO Get Division List Success
2020-09-30 12:36:56.8188 INFO Get User Success :9-Administrator
2020-09-30 12:37:32.2207 INFO Get User Success :9-Administrator
2020-09-30 12:37:32.2410 INFO Get Users List Success
2020-09-30 12:37:32.2410 INFO Get User Success :9-Administrator
2020-09-30 12:37:34.1801 INFO Get Users List Success
2020-09-30 12:37:34.1801 INFO Get User Success :9-Administrator
2020-09-30 12:37:34.2042 INFO Org Get List Success
2020-09-30 12:37:34.2042 INFO Get Party Master List Success
2020-09-30 12:37:34.2042 INFO Get Role Level List Success
2020-09-30 12:37:34.2092 INFO Get access_type List Success
2020-09-30 12:37:34.2261 INFO Get view_Role_master List Success :Input string was not in a correct format.
2020-09-30 12:37:34.2261 INFO Get State List Success
2020-09-30 12:37:34.2261 INFO Get Dept List Success
2020-09-30 12:37:34.2261 INFO Get Users List Success
2020-09-30 12:37:34.2261 INFO Get User Success :12-Charan
2020-09-30 12:37:34.2261 INFO Get Division List Success
2020-09-30 12:37:34.2261 INFO Get User Success :9-Administrator
2020-09-30 12:37:39.4461 INFO Get User Success :9-Administrator
2020-09-30 12:37:39.4687 INFO Get Users List Success
2020-09-30 12:37:39.4687 INFO Get User Success :9-Administrator
2020-09-30 12:37:46.0817 INFO Get Users List Success
2020-09-30 12:37:46.0847 INFO Get User Success :9-Administrator
2020-09-30 12:37:46.1134 INFO Org Get List Success
2020-09-30 12:37:46.1160 INFO Get Party Master List Success
2020-09-30 12:37:46.1160 INFO Get Role Level List Success
2020-09-30 12:37:46.1160 INFO Get access_type List Success
2020-09-30 12:37:46.1365 INFO Get view_Role_master List Success :Input string was not in a correct format.
2020-09-30 12:37:46.1365 INFO Get State List Success
2020-09-30 12:37:46.1365 INFO Get Dept List Success
2020-09-30 12:37:46.1365 INFO Get Users List Success
2020-09-30 12:37:46.1365 INFO Get User Success :12-Charan
2020-09-30 12:37:46.1365 INFO Get Division List Success
2020-09-30 12:37:46.1472 INFO Get User Success :9-Administrator
2020-09-30 12:37:49.5895 INFO Get User Success :9-Administrator
2020-09-30 12:37:49.6099 INFO Get Users List Success
2020-09-30 12:37:49.6099 INFO Get User Success :9-Administrator
2020-09-30 12:37:50.9546 INFO Get Users List Success
2020-09-30 12:37:50.9546 INFO Get User Success :9-Administrator
2020-09-30 12:37:50.9782 INFO Org Get List Success
2020-09-30 12:37:50.9782 INFO Get Party Master List Success
2020-09-30 12:37:50.9782 INFO Get Role Level List Success
2020-09-30 12:37:50.9782 INFO Get access_type List Success
2020-09-30 12:37:50.9992 INFO Get view_Role_master List Success :Input string was not in a correct format.
2020-09-30 12:37:50.9992 INFO Get State List Success
2020-09-30 12:37:50.9992 INFO Get Dept List Success
2020-09-30 12:37:51.0062 INFO Get Users List Success
2020-09-30 12:37:51.0062 INFO Get User Success :12-Charan
2020-09-30 12:37:51.0062 INFO Get Division List Success
2020-09-30 12:37:51.0062 INFO Get User Success :9-Administrator
2020-09-30 12:37:55.7074 INFO Get Users List Success
2020-09-30 12:37:55.7094 INFO Get User Success :9-Administrator
2020-09-30 12:39:43.8086 INFO Get Users List Success
2020-09-30 12:39:43.8086 INFO Get User Success :9-Administrator
2020-09-30 12:39:43.8328 INFO Org Get List Success
2020-09-30 12:39:43.8348 INFO Get Party Master List Success
2020-09-30 12:39:43.8348 INFO Get Role Level List Success
2020-09-30 12:39:43.8348 INFO Get access_type List Success
2020-09-30 12:39:43.8530 INFO Get view_Role_master List Success :Input string was not in a correct format.
2020-09-30 12:39:43.8530 INFO Get State List Success
2020-09-30 12:39:43.8530 INFO Get Dept List Success
2020-09-30 12:39:43.8530 INFO Get Users List Success
2020-09-30 12:39:43.8530 INFO Get User Success :12-Charan
2020-09-30 12:39:43.8530 INFO Get Division List Success
2020-09-30 12:39:43.8644 INFO Get User Success :9-Administrator
2020-09-30 12:39:47.1502 INFO Get User Success :9-Administrator
2020-09-30 12:39:47.1727 INFO Get Users List Success
2020-09-30 12:39:47.1727 INFO Get User Success :9-Administrator
2020-09-30 12:39:48.0974 INFO Get Users List Success
2020-09-30 12:39:48.0994 INFO Get User Success :9-Administrator
2020-09-30 12:39:48.1183 INFO Org Get List Success
2020-09-30 12:39:48.1183 INFO Get Party Master List Success
2020-09-30 12:39:48.1183 INFO Get Role Level List Success
2020-09-30 12:39:48.1183 INFO Get access_type List Success
2020-09-30 12:39:48.1403 INFO Get view_Role_master List Success :Input string was not in a correct format.
2020-09-30 12:39:48.1403 INFO Get State List Success
2020-09-30 12:39:48.1403 INFO Get Dept List Success
2020-09-30 12:39:48.1403 INFO Get Users List Success
2020-09-30 12:39:48.1483 INFO Get User Success :12-Charan
2020-09-30 12:39:48.1483 INFO Get Division List Success
2020-09-30 12:39:48.1483 INFO Get User Success :9-Administrator
2020-09-30 12:40:58.3863 INFO Get RolePermissions List Success
2020-09-30 12:41:00.1548 INFO Get User Success :9-Administrator
2020-09-30 12:41:03.8521 INFO Get Users List Success
2020-09-30 12:41:05.5703 INFO Get User Success :9-Administrator
2020-09-30 12:41:12.9152 INFO Get Users List Success
2020-09-30 12:41:27.2849 INFO Get User Success :9-Administrator
2020-09-30 12:41:27.3107 INFO Org Get List Success
2020-09-30 12:41:27.3107 INFO Get Party Master List Success
2020-09-30 12:41:27.3197 INFO Get Role Level List Success
2020-09-30 12:41:27.3197 INFO Get access_type List Success
2020-09-30 12:41:27.3375 INFO Get view_Role_master List Success :Input string was not in a correct format.
2020-09-30 12:41:27.3375 INFO Get State List Success
2020-09-30 12:41:27.3375 INFO Get Dept List Success
2020-09-30 12:41:27.3375 INFO Get Users List Success
2020-09-30 12:41:31.0911 INFO Get User Success :12-Charan
2020-09-30 12:41:31.0911 INFO Get Division List Success
2020-09-30 12:41:34.6769 INFO Get User Success :9-Administrator
2020-09-30 12:41:39.9227 INFO Get User Success :9-Administrator
2020-09-30 12:41:39.9505 INFO Get Users List Success
2020-09-30 12:41:40.8179 INFO Get User Success :9-Administrator
2020-09-30 12:41:43.7550 INFO Get Users List Success
2020-09-30 12:41:44.3960 INFO Get User Success :9-Administrator
2020-09-30 12:42:07.7188 INFO Org Get List Success
2020-09-30 12:42:07.7188 INFO Get Party Master List Success
2020-09-30 12:42:07.7188 INFO Get Role Level List Success
2020-09-30 12:42:07.7238 INFO Get access_type List Success
2020-09-30 12:42:07.7238 INFO Get view_Role_master List Success :Input string was not in a correct format.
2020-09-30 12:42:07.7412 INFO Get State List Success
2020-09-30 12:42:07.7412 INFO Get Dept List Success
2020-09-30 12:42:07.7412 INFO Get Users List Success
2020-09-30 12:42:09.5717 INFO Get User Success :12-Charan
2020-09-30 12:42:09.5717 INFO Get Division List Success
2020-09-30 12:42:10.3193 INFO Get User Success :9-Administrator
2020-09-30 12:43:42.5292 INFO Get User Success :9-Administrator
2020-09-30 12:43:42.5528 INFO Get Users List Success
2020-09-30 12:43:43.2926 INFO Get User Success :9-Administrator
2020-09-30 12:43:58.7441 INFO Get User Success :9-Administrator
2020-09-30 12:44:45.9000 INFO Org Get List Success
2020-09-30 12:44:50.9914 INFO Get Party Master List Success
2020-09-30 12:44:52.8156 INFO Get Role Level List Success
2020-09-30 12:44:54.5105 INFO Get access_type List Success
2020-09-30 12:44:56.6172 INFO Get view_Role_master List Success :Input string was not in a correct format.
2020-09-30 12:44:57.8796 INFO Get State List Success
2020-09-30 12:45:00.3744 INFO Get Dept List Success
2020-09-30 12:45:06.0461 INFO Get Users List Success
2020-09-30 12:46:24.9208 INFO Get User Fail :0--42702: column reference "user_id" is ambiguous
2020-09-30 12:47:38.8967 INFO Get User Success :12-Charan
2020-09-30 12:47:38.8967 INFO Get Division List Success
2020-09-30 12:47:43.1762 INFO Get User Fail :0--22P02: invalid input syntax for integer: "Admin"
2020-09-30 12:47:52.9768 INFO Get User Fail :0--22P02: invalid input syntax for integer: "Admin"
2020-09-30 12:47:53.0002 INFO Get Users List Success
2020-09-30 12:47:53.0192 INFO Get User Fail :0--22P02: invalid input syntax for integer: "Admin"
2020-09-30 12:47:56.6782 INFO Get User Fail :0--22P02: invalid input syntax for integer: "Admin"
2020-09-30 12:47:56.7024 INFO Org Get List Success
2020-09-30 12:47:56.7024 INFO Get Party Master List Success
2020-09-30 12:47:56.7024 INFO Get Role Level List Success
2020-09-30 12:47:56.7091 INFO Get access_type List Success
2020-09-30 12:47:56.7253 INFO Get view_Role_master List Success :Input string was not in a correct format.
2020-09-30 12:47:56.7253 INFO Get State List Success
2020-09-30 12:47:56.7253 INFO Get Dept List Success
2020-09-30 12:47:56.7253 INFO Get Users List Success
2020-09-30 12:47:56.7473 INFO Get User Fail :0--22P02: invalid input syntax for integer: "Admin"
2020-09-30 12:48:10.9284 INFO Get User Fail :0--22P02: invalid input syntax for integer: "Admin"
2020-09-30 12:48:10.9496 INFO Get Users List Success
2020-09-30 12:48:10.9665 INFO Get User Fail :0--22P02: invalid input syntax for integer: "Admin"
2020-09-30 12:48:15.9616 INFO Get User Fail :0--22P02: invalid input syntax for integer: "Admin"
2020-09-30 12:48:19.7486 INFO Org Get List Success
2020-09-30 12:48:19.7566 INFO Get Party Master List Success
2020-09-30 12:48:19.7566 INFO Get Role Level List Success
2020-09-30 12:48:19.7566 INFO Get access_type List Success
2020-09-30 12:48:19.7764 INFO Get view_Role_master List Success :Input string was not in a correct format.
2020-09-30 12:48:19.7764 INFO Get State List Success
2020-09-30 12:48:19.7764 INFO Get Dept List Success
2020-09-30 12:48:19.7764 INFO Get Users List Success
2020-09-30 12:48:21.9848 INFO Get User Success :12-Charan
2020-09-30 12:48:21.9848 INFO Get Division List Success
2020-09-30 12:48:22.0057 INFO Get User Fail :0--22P02: invalid input syntax for integer: "Admin"
2020-09-30 12:48:29.2023 INFO Get User Fail :0--22P02: invalid input syntax for integer: "Admin"
2020-09-30 12:48:29.2232 INFO Get Users List Success
2020-09-30 12:48:29.2391 INFO Get User Fail :0--22P02: invalid input syntax for integer: "Admin"
2020-09-30 12:48:30.9070 INFO Get User Fail :0--22P02: invalid input syntax for integer: "Admin"
2020-09-30 12:48:30.9272 INFO Org Get List Success
2020-09-30 12:48:30.9272 INFO Get Party Master List Success
2020-09-30 12:48:30.9272 INFO Get Role Level List Success
2020-09-30 12:48:30.9272 INFO Get access_type List Success
2020-09-30 12:48:30.9542 INFO Get view_Role_master List Success :Input string was not in a correct format.
2020-09-30 12:48:30.9542 INFO Get State List Success
2020-09-30 12:48:30.9581 INFO Get Dept List Success
2020-09-30 12:48:30.9581 INFO Get Users List Success
2020-09-30 12:48:30.9751 INFO Get User Fail :0--22P02: invalid input syntax for integer: "Admin"
2020-09-30 12:48:58.7555 INFO Get Existing data Fail :user_registration
2020-09-30 12:49:13.2450 INFO Get Existing data Fail :user_registration
2020-09-30 12:49:34.4750 INFO Get Existing data Fail :user_registration
2020-09-30 12:49:37.6025 INFO Get User Fail :0--22P02: invalid input syntax for integer: "Admin"
2020-09-30 12:49:38.8003 INFO Get User Fail :0--22P02: invalid input syntax for integer: "Admin"
2020-09-30 12:49:41.0840 INFO Get User Fail :0--22P02: invalid input syntax for integer: "Admin"
2020-09-30 12:49:51.4338 INFO Get User Fail :0--22P02: invalid input syntax for integer: "Admin"
2020-09-30 12:49:54.3208 INFO Get User Fail :0--22P02: invalid input syntax for integer: "Admin"
2020-09-30 12:49:56.3244 INFO Get User Fail :0--22P02: invalid input syntax for integer: "Admin"
2020-09-30 12:49:58.1639 INFO Get User Fail :0--22P02: invalid input syntax for integer: "Admin"
2020-09-30 12:49:58.1639 INFO Get Division List Success
2020-09-30 12:50:00.1859 INFO Get User Fail :0--22P02: invalid input syntax for integer: "Admin"
2020-09-30 12:50:01.3686 INFO Get User Fail :0--22P02: invalid input syntax for integer: "Admin"
2020-09-30 12:50:21.9664 INFO Get User Fail :0--22P02: invalid input syntax for integer: "Admin"
2020-09-30 12:50:21.9947 INFO Insert User Success :0-Sreekanth Reddy
2020-09-30 12:50:22.0211 INFO Get Users List Success
2020-09-30 12:50:22.0381 INFO Get User Fail :0--22P02: invalid input syntax for integer: "Admin"
2020-09-30 12:50:26.1630 INFO Get User Fail :0--22P02: invalid input syntax for integer: "Admin"
2020-09-30 12:50:26.1829 INFO Org Get List Success
2020-09-30 12:50:26.1829 INFO Get Party Master List Success
2020-09-30 12:50:26.1829 INFO Get Role Level List Success
2020-09-30 12:50:26.1829 INFO Get access_type List Success
2020-09-30 12:50:26.2019 INFO Get view_Role_master List Success :Input string was not in a correct format.
2020-09-30 12:50:26.2019 INFO Get State List Success
2020-09-30 12:50:26.2019 INFO Get Dept List Success
2020-09-30 12:50:26.2019 INFO Get Users List Success
2020-09-30 12:50:26.2095 INFO Get User Success :14-Sreekanth Reddy
2020-09-30 12:50:26.2095 INFO Get Division List Success
2020-09-30 12:50:26.2282 INFO Get User Fail :0--22P02: invalid input syntax for integer: "Admin"
2020-09-30 12:51:02.5173 INFO Get User Fail :0--22P02: invalid input syntax for integer: "Admin"
2020-09-30 12:51:02.5396 INFO Update User Success :14-Sreekanth Reddy
2020-09-30 12:51:02.5646 INFO Get Users List Success
2020-09-30 12:51:02.5803 INFO Get User Fail :0--22P02: invalid input syntax for integer: "Admin"
2020-09-30 12:51:05.4083 INFO Get User Fail :0--22P02: invalid input syntax for integer: "Admin"
2020-09-30 12:51:05.4372 INFO Org Get List Success
2020-09-30 12:51:05.4372 INFO Get Party Master List Success
2020-09-30 12:51:05.4372 INFO Get Role Level List Success
2020-09-30 12:51:05.4436 INFO Get access_type List Success
2020-09-30 12:51:05.4602 INFO Get view_Role_master List Success :Input string was not in a correct format.
2020-09-30 12:51:05.4602 INFO Get State List Success
2020-09-30 12:51:05.4602 INFO Get Dept List Success
2020-09-30 12:51:05.4602 INFO Get Users List Success
2020-09-30 12:51:05.4602 INFO Get User Success :14-Sreekanth Reddy
2020-09-30 12:51:05.4602 INFO Get Division List Success
2020-09-30 12:51:05.4885 INFO Get User Fail :0--22P02: invalid input syntax for integer: "Admin"
2020-09-30 12:51:12.5625 INFO Get User Fail :0--22P02: invalid input syntax for integer: "Admin"
2020-09-30 12:51:12.5883 INFO Get Users List Success
2020-09-30 12:51:12.6043 INFO Get User Fail :0--22P02: invalid input syntax for integer: "Admin"
2020-09-30 12:51:15.1987 INFO Get User Fail :0--22P02: invalid input syntax for integer: "Admin"
2020-09-30 12:51:15.2189 INFO Org Get List Success
2020-09-30 12:51:15.2189 INFO Get Party Master List Success
2020-09-30 12:51:15.2189 INFO Get Role Level List Success
2020-09-30 12:51:15.2239 INFO Get access_type List Success
2020-09-30 12:51:15.2239 INFO Get view_Role_master List Success :Input string was not in a correct format.
2020-09-30 12:51:15.2407 INFO Get State List Success
2020-09-30 12:51:15.2407 INFO Get Dept List Success
2020-09-30 12:51:15.2407 INFO Get Users List Success
2020-09-30 12:51:15.2407 INFO Get User Success :12-Charan
2020-09-30 12:51:15.2407 INFO Get Division List Success
2020-09-30 12:51:15.2636 INFO Get User Fail :0--22P02: invalid input syntax for integer: "Admin"
2020-09-30 12:51:17.9850 INFO Get User Fail :0--22P02: invalid input syntax for integer: "Admin"
2020-09-30 12:51:18.0039 INFO Get Users List Success
2020-09-30 12:51:18.0219 INFO Get User Fail :0--22P02: invalid input syntax for integer: "Admin"
2020-09-30 12:51:20.4012 INFO Get User Fail :0--22P02: invalid input syntax for integer: "Admin"
2020-09-30 12:51:20.4221 INFO Org Get List Success
2020-09-30 12:51:20.4271 INFO Get Party Master List Success
2020-09-30 12:51:20.4271 INFO Get Role Level List Success
2020-09-30 12:51:20.4271 INFO Get access_type List Success
2020-09-30 12:51:20.4481 INFO Get view_Role_master List Success :Input string was not in a correct format.
2020-09-30 12:51:20.4481 INFO Get State List Success
2020-09-30 12:51:20.4481 INFO Get Dept List Success
2020-09-30 12:51:20.4481 INFO Get Users List Success
2020-09-30 12:51:20.4481 INFO Get User Success :14-Sreekanth Reddy
2020-09-30 12:51:20.4481 INFO Get Division List Success
2020-09-30 12:51:20.4749 INFO Get User Fail :0--22P02: invalid input syntax for integer: "Admin"
2020-09-30 12:51:23.0585 INFO Get User Fail :0--22P02: invalid input syntax for integer: "Admin"
2020-09-30 12:51:23.0882 INFO Get Users List Success
2020-09-30 12:51:23.1033 INFO Get User Fail :0--22P02: invalid input syntax for integer: "Admin"
2020-09-30 12:51:25.2383 INFO Get User Fail :0--22P02: invalid input syntax for integer: "Admin"
2020-09-30 12:51:57.6058 INFO Get User Fail :0--22P02: invalid input syntax for integer: "Bondofficer"
2020-09-30 12:52:18.4860 INFO Get User Fail :0--22P02: invalid input syntax for integer: "Bondofficer"
2020-09-30 12:55:21.5913 INFO Get User Success :14-Sreekanth Reddy
2020-09-30 12:59:32.1926 INFO Get User Success :14-Sreekanth Reddy
2020-09-30 12:59:51.2415 INFO Get User Success :14-Sreekanth Reddy
2020-09-30 13:00:45.5409 INFO Get User Fail :0--22P02: invalid input syntax for integer: "Bondofficer"
2020-09-30 13:00:45.5409 INFO Get User Success :14-Sreekanth Reddy
2020-09-30 13:00:46.7543 INFO Sugarcanepurchase Get List Success
2020-09-30 13:00:46.7633 INFO Get User Success :14-Sreekanth Reddy
2020-09-30 13:00:54.5425 INFO Get User Success :14-Sreekanth Reddy
2020-09-30 13:01:34.7538 INFO Get Report  Success
2020-09-30 13:01:48.2306 INFO Get Report  Success
2020-09-30 13:02:25.7227 INFO Get RolePermissions List Success
2020-09-30 13:02:30.7286 INFO Get Users List Success
2020-09-30 13:02:34.9025 INFO Org Get List Success
2020-09-30 13:02:34.9114 INFO Get Party Master List Success
2020-09-30 13:02:34.9114 INFO Get Role Level List Success
2020-09-30 13:02:34.9114 INFO Get access_type List Success
2020-09-30 13:02:34.9505 INFO Get view_Role_master List Success :Input string was not in a correct format.
2020-09-30 13:02:34.9505 INFO Get State List Success
2020-09-30 13:02:34.9595 INFO Get Dept List Success
2020-09-30 13:02:34.9595 INFO Get Users List Success
2020-09-30 13:02:34.9595 INFO Get User Success :12-Charan
2020-09-30 13:02:34.9595 INFO Get Division List Success
2020-09-30 13:02:53.3734 INFO Get Users List Success
2020-09-30 13:04:52.0677 INFO Get User Success :12-Charan
2020-09-30 13:05:04.5130 INFO Get User Fail :0--22P02: invalid input syntax for integer: "Charan@123"
2020-09-30 13:05:04.5130 INFO Get User Success :12-Charan
2020-09-30 13:06:44.7028 INFO Get User Success :12-Charan
2020-09-30 13:09:42.3725 INFO Get User Fail :0--42P01: missing FROM-clause entry for table "e"
2020-09-30 13:11:29.9602 INFO Get User Success :12-Charan
2020-09-30 13:12:22.9214 INFO Get User Success :12-Charan
2020-09-30 13:12:42.6845 INFO Get User Success :12-Charan
2020-09-30 13:13:11.5370 INFO Get User Success :12-Charan
2020-09-30 13:13:26.6300 INFO Sugarcanepurchase Get List Success
2020-09-30 13:13:26.6300 INFO Get User Success :12-Charan
2020-09-30 13:13:45.0641 INFO Get User Success :12-Charan
2020-09-30 13:13:45.1420 INFO Get Party Master List Success
2020-09-30 13:13:45.1526 INFO Sugarcanepurchase Get List Success
2020-09-30 13:13:45.1526 INFO Get User Success :12-Charan
2020-09-30 13:19:41.3828 INFO Get User Success :12-Charan
2020-09-30 13:19:46.8848 INFO Sugarcanepurchase Get List Success
2020-09-30 13:19:46.8848 INFO Get User Success :12-Charan
2020-09-30 13:19:46.8975 INFO Get User Success :12-Charan
2020-09-30 13:19:59.7439 INFO Get User Success :12-Charan
2020-09-30 13:19:59.8195 INFO Get Party Master List Success
2020-09-30 13:19:59.8195 INFO Get User Success :12-Charan
2020-09-30 13:19:59.8195 INFO Sugarcanepurchase Get List Success
2020-09-30 13:19:59.8339 INFO Get User Success :12-Charan
2020-09-30 13:20:04.3491 INFO Get User Success :12-Charan
2020-09-30 13:20:04.3701 INFO Sugarcanepurchase Get List Success
2020-09-30 13:20:04.3701 INFO Get User Success :12-Charan
2020-09-30 13:20:04.3701 INFO Get User Success :12-Charan
2020-09-30 13:20:05.5600 INFO Get User Success :12-Charan
2020-09-30 13:20:05.5889 INFO Get Party Master List Success
2020-09-30 13:20:05.5889 INFO Get User Success :12-Charan
2020-09-30 13:20:05.5889 INFO Sugarcanepurchase Get List Success
2020-09-30 13:20:05.5889 INFO Get User Success :12-Charan
2020-09-30 13:20:15.5368 INFO Get User Success :12-Charan
2020-09-30 13:20:15.5564 INFO Sugarcanepurchase Get List Success
2020-09-30 13:20:15.5564 INFO Get User Success :12-Charan
2020-09-30 13:20:15.5564 INFO Get User Success :12-Charan
2020-09-30 13:20:16.5683 INFO Get User Success :12-Charan
2020-09-30 13:20:16.5941 INFO Get Party Master List Success
2020-09-30 13:20:16.5941 INFO Get User Success :12-Charan
2020-09-30 13:20:16.6019 INFO Sugarcanepurchase Get List Success
2020-09-30 13:20:16.6019 INFO Get User Success :12-Charan
2020-09-30 13:20:20.4246 INFO Get User Success :12-Charan
2020-09-30 13:20:20.4765 INFO Get User Success :12-Charan
2020-09-30 13:20:22.2158 INFO Get User Success :12-Charan
2020-09-30 13:20:22.2440 INFO Sugarcanepurchase Get List Success
2020-09-30 13:20:22.2440 INFO Get User Success :12-Charan
2020-09-30 13:20:22.2440 INFO Get User Success :12-Charan
2020-09-30 13:20:24.0809 INFO Get User Success :12-Charan
2020-09-30 13:20:24.1020 INFO Get Party Master List Success
2020-09-30 13:20:24.1020 INFO Get User Success :12-Charan
2020-09-30 13:20:24.1020 INFO Sugarcanepurchase Get List Success
2020-09-30 13:20:24.1020 INFO Get User Success :12-Charan
2020-09-30 14:32:12.8962 INFO Get User Success :14-Sreekanth Reddy
2020-09-30 14:32:15.2825 INFO Sugarcanepurchase Get List Success
2020-09-30 14:32:15.2825 INFO Get User Success :14-Sreekanth Reddy
2020-09-30 14:32:15.2957 INFO Get User Success :14-Sreekanth Reddy
2020-09-30 14:32:17.5679 INFO Get User Success :14-Sreekanth Reddy
2020-09-30 14:32:18.7493 INFO Get Party Master List Success
2020-09-30 14:32:18.7493 INFO Get User Success :14-Sreekanth Reddy
2020-09-30 14:32:18.7493 INFO Get User Success :14-Sreekanth Reddy
2020-09-30 14:32:23.5886 INFO Get User Success :14-Sreekanth Reddy
2020-09-30 14:32:23.6102 INFO Sugarcanepurchase Get List Success
2020-09-30 14:32:23.6102 INFO Get User Success :14-Sreekanth Reddy
2020-09-30 14:32:23.6102 INFO Get User Success :14-Sreekanth Reddy
2020-09-30 14:32:49.1152 INFO Sugarcanepurchase Get List Success
2020-09-30 14:32:49.1152 INFO Get User Success :14-Sreekanth Reddy
2020-09-30 14:33:11.1160 INFO Get User Success :14-Sreekanth Reddy
2020-09-30 14:33:24.1542 INFO Sugarcanepurchase Get List Success
2020-09-30 14:33:24.1542 INFO Get User Success :14-Sreekanth Reddy
2020-09-30 14:37:33.5241 INFO Get User Success :14-Sreekanth Reddy
2020-09-30 14:37:35.9161 INFO Sugarcanepurchase Get List Success
2020-09-30 14:37:35.9161 INFO Get User Success :14-Sreekanth Reddy
2020-09-30 14:37:35.9285 INFO Get User Success :14-Sreekanth Reddy
2020-09-30 14:37:47.7797 INFO Sugarcanepurchase Get List Success
2020-09-30 14:37:47.7797 INFO Get User Success :14-Sreekanth Reddy
2020-09-30 14:41:34.4892 INFO Get User Success :14-Sreekanth Reddy
2020-09-30 14:41:36.8869 INFO Sugarcanepurchase Get List Success
2020-09-30 14:41:36.8869 INFO Get User Success :14-Sreekanth Reddy
2020-09-30 14:42:09.5273 INFO Get User Success :14-Sreekanth Reddy
2020-09-30 14:42:18.4010 INFO Get User Success :14-Sreekanth Reddy
2020-09-30 14:42:27.3493 INFO Sugarcanepurchase Get List Success
2020-09-30 14:42:27.3493 INFO Get User Success :14-Sreekanth Reddy
2020-09-30 14:42:55.4964 INFO Get User Success :14-Sreekanth Reddy
2020-09-30 14:43:05.7273 INFO Get User Success :14-Sreekanth Reddy
2020-09-30 14:43:06.9929 INFO Get Party Master List Success
2020-09-30 14:43:06.9929 INFO Get User Success :14-Sreekanth Reddy
2020-09-30 14:43:06.9929 INFO Sugarcanepurchase Get List Success
2020-09-30 14:43:07.0068 INFO Get User Success :14-Sreekanth Reddy
2020-09-30 14:43:11.5832 INFO Get User Success :14-Sreekanth Reddy
2020-09-30 14:43:11.6036 INFO Sugarcanepurchase Get List Success
2020-09-30 14:43:11.6036 INFO Get User Success :14-Sreekanth Reddy
2020-09-30 14:43:11.6036 INFO Get User Success :14-Sreekanth Reddy
2020-09-30 14:43:12.6405 INFO Get User Success :14-Sreekanth Reddy
2020-09-30 14:43:12.6585 INFO Get Party Master List Success
2020-09-30 14:43:12.6615 INFO Get User Success :14-Sreekanth Reddy
2020-09-30 14:43:12.6615 INFO Sugarcanepurchase Get List Success
2020-09-30 14:43:12.6615 INFO Get User Success :14-Sreekanth Reddy
2020-09-30 14:43:16.2819 INFO Get User Success :14-Sreekanth Reddy
2020-09-30 14:43:16.3017 INFO Sugarcanepurchase Get List Success
2020-09-30 14:43:16.3037 INFO Get User Success :14-Sreekanth Reddy
2020-09-30 14:43:16.3037 INFO Get User Success :14-Sreekanth Reddy
2020-09-30 14:43:17.7885 INFO Get User Success :14-Sreekanth Reddy
2020-09-30 14:43:17.8085 INFO Get Party Master List Success
2020-09-30 14:43:17.8085 INFO Get User Success :14-Sreekanth Reddy
2020-09-30 14:43:17.8085 INFO Sugarcanepurchase Get List Success
2020-09-30 14:43:17.8085 INFO Get User Success :14-Sreekanth Reddy
2020-09-30 14:43:23.3373 INFO Get User Success :14-Sreekanth Reddy
2020-09-30 14:43:23.3578 INFO Sugarcanepurchase Get List Success
2020-09-30 14:43:23.3578 INFO Get User Success :14-Sreekanth Reddy
2020-09-30 14:43:23.3668 INFO Get User Success :14-Sreekanth Reddy
2020-09-30 14:44:30.3738 INFO Sugarcanepurchase Get List Success
2020-09-30 14:44:30.3738 INFO Get User Success :14-Sreekanth Reddy
2020-09-30 14:44:30.3738 INFO Get User Success :14-Sreekanth Reddy
2020-09-30 14:46:41.2294 INFO Get Party Master List Success
2020-09-30 14:46:45.9280 INFO Get User Success :14-Sreekanth Reddy
2020-09-30 14:46:45.9280 INFO Sugarcanepurchase Get List Success
2020-09-30 14:46:45.9280 INFO Get User Success :14-Sreekanth Reddy
2020-09-30 14:47:27.0567 INFO Get User Success :14-Sreekanth Reddy
2020-09-30 14:47:27.0774 INFO Sugarcanepurchase Get List Success
2020-09-30 14:47:27.0774 INFO Get User Success :14-Sreekanth Reddy
2020-09-30 14:47:27.0833 INFO Get User Success :14-Sreekanth Reddy
2020-09-30 14:47:29.2819 INFO Get User Success :14-Sreekanth Reddy
2020-09-30 14:47:29.3042 INFO Get Party Master List Success
2020-09-30 14:47:29.3042 INFO Get User Success :14-Sreekanth Reddy
2020-09-30 14:47:29.3042 INFO Sugarcanepurchase Get List Success
2020-09-30 14:47:29.3042 INFO Get User Success :14-Sreekanth Reddy
2020-09-30 14:47:33.8611 INFO Get User Success :14-Sreekanth Reddy
2020-09-30 14:47:33.8836 INFO Sugarcanepurchase Get List Success
2020-09-30 14:47:33.8836 INFO Get User Success :14-Sreekanth Reddy
2020-09-30 14:47:33.8836 INFO Get User Success :14-Sreekanth Reddy
2020-09-30 14:47:35.4336 INFO Get User Success :14-Sreekanth Reddy
2020-09-30 14:47:35.4803 INFO Get Party Master List Success
2020-09-30 14:47:35.4803 INFO Get User Success :14-Sreekanth Reddy
2020-09-30 14:47:35.4803 INFO Sugarcanepurchase Get List Success
2020-09-30 14:47:35.4803 INFO Get User Success :14-Sreekanth Reddy
2020-09-30 14:47:36.8824 INFO Get User Success :14-Sreekanth Reddy
2020-09-30 14:47:36.9025 INFO Sugarcanepurchase Get List Success
2020-09-30 14:47:36.9025 INFO Get User Success :14-Sreekanth Reddy
2020-09-30 14:47:36.9025 INFO Get User Success :14-Sreekanth Reddy
2020-09-30 14:47:37.6757 INFO Get User Success :14-Sreekanth Reddy
2020-09-30 14:47:37.7017 INFO Get Party Master List Success
2020-09-30 14:47:37.7017 INFO Get User Success :14-Sreekanth Reddy
2020-09-30 14:47:37.7017 INFO Sugarcanepurchase Get List Success
2020-09-30 14:47:37.7087 INFO Get User Success :14-Sreekanth Reddy
2020-09-30 14:47:41.2988 INFO Get User Success :14-Sreekanth Reddy
2020-09-30 14:47:41.3252 INFO Sugarcanepurchase Get List Success
2020-09-30 14:47:41.3252 INFO Get User Success :14-Sreekanth Reddy
2020-09-30 14:47:41.3252 INFO Get User Success :14-Sreekanth Reddy
2020-09-30 14:47:43.1636 INFO Get User Success :14-Sreekanth Reddy
2020-09-30 14:47:43.1855 INFO Get Party Master List Success
2020-09-30 14:47:43.1855 INFO Get User Success :14-Sreekanth Reddy
2020-09-30 14:47:43.1855 INFO Sugarcanepurchase Get List Success
2020-09-30 14:47:43.1855 INFO Get User Success :14-Sreekanth Reddy
2020-09-30 14:47:51.9276 INFO Get User Success :14-Sreekanth Reddy
2020-09-30 14:48:03.7357 INFO Get User Success :14-Sreekanth Reddy
2020-09-30 14:48:03.7458 INFO Sugarcanepurchase Insertion Sucess:2-H01
2020-09-30 14:48:03.7968 INFO Sugarcanepurchase Get List Success
2020-09-30 14:48:03.7968 INFO Get User Success :14-Sreekanth Reddy
2020-09-30 14:48:03.7968 INFO Get User Success :14-Sreekanth Reddy
2020-09-30 14:48:05.6024 INFO Get User Success :14-Sreekanth Reddy
2020-09-30 14:48:05.6282 INFO Get Party Master List Success
2020-09-30 14:48:05.6312 INFO Get User Success :14-Sreekanth Reddy
2020-09-30 14:48:05.6312 INFO Sugarcanepurchase Get List Success
2020-09-30 14:48:05.6312 INFO Get User Success :14-Sreekanth Reddy
2020-09-30 14:48:21.2515 INFO Get User Success :14-Sreekanth Reddy
2020-09-30 14:48:21.2728 INFO Sugarcanepurchase Get List Success
2020-09-30 14:48:21.2728 INFO Get User Success :14-Sreekanth Reddy
2020-09-30 14:48:21.2728 INFO Get User Success :14-Sreekanth Reddy
2020-09-30 14:48:22.5947 INFO Get User Success :14-Sreekanth Reddy
2020-09-30 14:48:22.6193 INFO Get Party Master List Success
2020-09-30 14:48:22.6193 INFO Get User Success :14-Sreekanth Reddy
2020-09-30 14:48:22.6193 INFO Sugarcanepurchase Get List Success
2020-09-30 14:48:22.6309 INFO Get User Success :14-Sreekanth Reddy
2020-09-30 14:48:30.8160 INFO Get User Success :14-Sreekanth Reddy
2020-09-30 14:48:34.0378 INFO Get User Success :14-Sreekanth Reddy
2020-09-30 14:48:34.0588 INFO Sugarcanepurchase Get List Success
2020-09-30 14:48:34.0588 INFO Get User Success :14-Sreekanth Reddy
2020-09-30 14:48:34.0588 INFO Get User Success :14-Sreekanth Reddy
2020-09-30 14:48:35.8575 INFO Get User Success :14-Sreekanth Reddy
2020-09-30 14:48:35.8775 INFO Get Party Master List Success
2020-09-30 14:48:35.8815 INFO Get User Success :14-Sreekanth Reddy
2020-09-30 14:48:35.8815 INFO Sugarcanepurchase Get List Success
2020-09-30 14:48:35.8815 INFO Get User Success :14-Sreekanth Reddy
2020-09-30 14:48:37.3401 INFO Get User Success :14-Sreekanth Reddy
2020-09-30 14:48:37.3580 INFO Sugarcanepurchase Get List Success
2020-09-30 14:48:37.3580 INFO Get User Success :14-Sreekanth Reddy
2020-09-30 14:48:37.3580 INFO Get User Success :14-Sreekanth Reddy
2020-09-30 14:48:38.1060 INFO Get User Success :14-Sreekanth Reddy
2020-09-30 14:48:38.1262 INFO Get Party Master List Success
2020-09-30 14:48:38.1262 INFO Get User Success :14-Sreekanth Reddy
2020-09-30 14:48:38.1313 INFO Sugarcanepurchase Get List Success
2020-09-30 14:48:38.1313 INFO Get User Success :14-Sreekanth Reddy
2020-09-30 14:48:39.9969 INFO Get User Success :14-Sreekanth Reddy
2020-09-30 14:48:40.0178 INFO Sugarcanepurchase Get List Success
2020-09-30 14:48:40.0178 INFO Get User Success :14-Sreekanth Reddy
2020-09-30 14:48:40.0228 INFO Get User Success :14-Sreekanth Reddy
2020-09-30 14:48:42.5169 INFO Get User Success :14-Sreekanth Reddy
2020-09-30 14:48:42.5421 INFO Get Party Master List Success
2020-09-30 14:48:42.5421 INFO Get User Success :14-Sreekanth Reddy
2020-09-30 14:48:42.5421 INFO Sugarcanepurchase Get List Success
2020-09-30 14:48:42.5421 INFO Get User Success :14-Sreekanth Reddy
2020-09-30 14:48:43.9956 INFO Get User Success :14-Sreekanth Reddy
2020-09-30 14:48:44.0122 INFO Sugarcanepurchase Get List Success
2020-09-30 14:48:44.0122 INFO Get User Success :14-Sreekanth Reddy
2020-09-30 14:48:44.0122 INFO Get User Success :14-Sreekanth Reddy
2020-09-30 14:48:45.2422 INFO Get User Success :14-Sreekanth Reddy
2020-09-30 14:48:45.2688 INFO Get Party Master List Success
2020-09-30 14:48:45.2708 INFO Get User Success :14-Sreekanth Reddy
2020-09-30 14:48:45.2708 INFO Sugarcanepurchase Get List Success
2020-09-30 14:48:45.2708 INFO Get User Success :14-Sreekanth Reddy
2020-09-30 14:54:10.8074 INFO Get User Success :14-Sreekanth Reddy
2020-09-30 14:54:13.9976 INFO Sugarcanepurchase Get List Success
2020-09-30 14:54:13.9976 INFO Get User Success :14-Sreekanth Reddy
2020-09-30 14:54:14.0086 INFO Get User Success :14-Sreekanth Reddy
2020-09-30 14:54:16.9954 INFO Get User Success :14-Sreekanth Reddy
2020-09-30 14:54:40.8410 INFO Get Party Master List Success
2020-09-30 14:54:40.8410 INFO Get User Success :14-Sreekanth Reddy
2020-09-30 14:54:40.8410 INFO Sugarcanepurchase Get List Success
2020-09-30 14:54:40.8550 INFO Get User Success :14-Sreekanth Reddy
2020-09-30 14:54:45.6531 INFO Get User Success :14-Sreekanth Reddy
2020-09-30 14:54:45.6640 INFO Sugarcanepurchase Insertion Sucess:1-H01
2020-09-30 14:54:45.7118 INFO Sugarcanepurchase Get List Success
2020-09-30 14:54:45.7118 INFO Get User Success :14-Sreekanth Reddy
2020-09-30 14:54:45.7118 INFO Get User Success :14-Sreekanth Reddy
2020-09-30 14:54:50.7175 INFO Get User Success :14-Sreekanth Reddy
2020-09-30 14:54:50.7390 INFO Get Party Master List Success
2020-09-30 14:54:50.7410 INFO Get User Success :14-Sreekanth Reddy
2020-09-30 14:54:50.7410 INFO Sugarcanepurchase Get List Success
2020-09-30 14:54:50.7410 INFO Get User Success :14-Sreekanth Reddy
2020-09-30 14:54:54.6511 INFO Get User Success :14-Sreekanth Reddy
2020-09-30 14:54:54.6716 INFO Sugarcanepurchase Get List Success
2020-09-30 14:54:54.6716 INFO Get User Success :14-Sreekanth Reddy
2020-09-30 14:54:54.6716 INFO Get User Success :14-Sreekanth Reddy
2020-09-30 14:54:55.7554 INFO Get User Success :14-Sreekanth Reddy
2020-09-30 14:54:55.7760 INFO Get Party Master List Success
2020-09-30 14:54:55.7760 INFO Get User Success :14-Sreekanth Reddy
2020-09-30 14:54:55.7760 INFO Sugarcanepurchase Get List Success
2020-09-30 14:54:55.7760 INFO Get User Success :14-Sreekanth Reddy
2020-09-30 14:54:57.3000 INFO Get User Success :14-Sreekanth Reddy
2020-09-30 14:54:57.3179 INFO Sugarcanepurchase Get List Success
2020-09-30 14:54:57.3179 INFO Get User Success :14-Sreekanth Reddy
2020-09-30 14:54:57.3179 INFO Get User Success :14-Sreekanth Reddy
2020-09-30 14:54:58.2104 INFO Get User Success :14-Sreekanth Reddy
2020-09-30 14:54:58.2318 INFO Get Party Master List Success
2020-09-30 14:54:58.2318 INFO Get User Success :14-Sreekanth Reddy
2020-09-30 14:54:58.2318 INFO Sugarcanepurchase Get List Success
2020-09-30 14:54:58.2318 INFO Get User Success :14-Sreekanth Reddy
2020-09-30 14:55:03.5639 INFO Get User Success :14-Sreekanth Reddy
2020-09-30 14:55:03.5841 INFO Sugarcanepurchase Get List Success
2020-09-30 14:55:03.5841 INFO Get User Success :14-Sreekanth Reddy
2020-09-30 14:55:03.5841 INFO Get User Success :14-Sreekanth Reddy
2020-09-30 14:55:13.7193 INFO Get User Success :14-Sreekanth Reddy
2020-09-30 14:55:23.5528 INFO Get RolePermissions List Success
2020-09-30 14:55:25.1795 INFO Get Users List Success
2020-09-30 14:55:32.0481 INFO Org Get List Success
2020-09-30 14:55:32.0481 INFO Get Party Master List Success
2020-09-30 14:55:32.0543 INFO Get Role Level List Success
2020-09-30 14:55:32.0543 INFO Get access_type List Success
2020-09-30 14:55:32.0897 INFO Get view_Role_master List Success :Input string was not in a correct format.
2020-09-30 14:55:32.0897 INFO Get State List Success
2020-09-30 14:55:32.0897 INFO Get Dept List Success
2020-09-30 14:55:32.1008 INFO Get Users List Success
2020-09-30 14:55:55.7694 INFO Get Existing data Fail :user_registration
2020-09-30 14:56:19.0777 INFO Get Existing data Fail :user_registration
2020-09-30 14:56:48.5000 INFO Get State List Success
2020-09-30 14:56:53.8935 INFO Get Role Level List Success
2020-09-30 14:56:55.4355 INFO Get view_Role_master List Success :Input string was not in a correct format.
2020-09-30 14:56:58.0255 INFO Org Get List Success
2020-09-30 14:56:58.0255 INFO Get Role Level List Success
2020-09-30 14:56:58.0255 INFO Get access_type List Success
2020-09-30 14:56:58.0578 INFO Get view_Role_master List Success :Input string was not in a correct format.
2020-09-30 14:57:03.1325 INFO Get Existing data Fail :role_master
2020-09-30 14:57:29.8167 INFO Get MaxID Success :role_master
2020-09-30 14:57:29.8379 INFO Insert role_master Success :-Applicant
2020-09-30 14:57:29.8766 INFO Get view_Role_master List Success :Input string was not in a correct format.
2020-09-30 14:57:43.6513 INFO Get Users List Success
2020-09-30 14:57:45.1566 INFO Org Get List Success
2020-09-30 14:57:45.1566 INFO Get Party Master List Success
2020-09-30 14:57:45.1566 INFO Get Role Level List Success
2020-09-30 14:57:45.1616 INFO Get access_type List Success
2020-09-30 14:57:45.1616 INFO Get view_Role_master List Success :Input string was not in a correct format.
2020-09-30 14:57:45.1786 INFO Get State List Success
2020-09-30 14:57:45.1786 INFO Get Dept List Success
2020-09-30 14:57:45.1786 INFO Get Users List Success
2020-09-30 14:58:12.9809 INFO Get Existing data Fail :user_registration
2020-09-30 14:58:31.5729 INFO Get Existing data Fail :user_registration
2020-09-30 14:58:49.2264 INFO Get Division List Success
2020-09-30 14:59:02.9080 INFO Insert User Success :0-Sivaiah
2020-09-30 14:59:02.9366 INFO Get Users List Success
2020-09-30 14:59:20.4505 INFO Get User Success :15-Sivaiah
2020-09-30 14:59:24.5076 INFO Sugarcanepurchase Get List Success
2020-09-30 14:59:24.5076 INFO Get User Success :15-Sivaiah
2020-09-30 14:59:24.5076 INFO Get User Success :15-Sivaiah
2020-09-30 14:59:27.3967 INFO Get User Success :15-Sivaiah
2020-09-30 14:59:27.4179 INFO Get Party Master List Success
2020-09-30 14:59:27.4179 INFO Get User Success :15-Sivaiah
2020-09-30 14:59:27.4179 INFO Sugarcanepurchase Get List Success
2020-09-30 14:59:27.4179 INFO Get User Success :15-Sivaiah
2020-09-30 14:59:29.3172 INFO Get User Success :15-Sivaiah
2020-09-30 14:59:29.3381 INFO Sugarcanepurchase Get List Success
2020-09-30 14:59:29.3381 INFO Get User Success :15-Sivaiah
2020-09-30 14:59:29.3381 INFO Get User Success :15-Sivaiah
2020-09-30 14:59:30.5791 INFO Get User Success :15-Sivaiah
2020-09-30 14:59:30.5991 INFO Get Party Master List Success
2020-09-30 14:59:30.5991 INFO Get User Success :15-Sivaiah
2020-09-30 14:59:30.5991 INFO Get User Success :15-Sivaiah
2020-09-30 14:59:46.0213 INFO Get Party Master List Success
2020-09-30 14:59:51.2765 INFO Get User Success :15-Sivaiah
2020-09-30 14:59:51.2765 INFO Get User Success :15-Sivaiah
2020-09-30 15:00:11.4062 INFO Get Party Master List Success
2020-09-30 15:00:42.5511 INFO Get Party Master List Success
2020-09-30 15:00:42.5541 INFO Get User Success :15-Sivaiah
2020-09-30 15:00:42.5541 INFO Get User Success :15-Sivaiah
2020-09-30 15:00:53.3674 INFO Get Party Master List Success
2020-09-30 15:00:58.6524 INFO Get User Success :15-Sivaiah
2020-09-30 15:00:58.6524 INFO Get User Success :15-Sivaiah
2020-09-30 15:01:03.5746 INFO Get Party Master List Success
2020-09-30 15:01:22.6071 INFO Get User Success :15-Sivaiah
2020-09-30 15:01:22.6071 INFO Get User Success :15-Sivaiah
2020-09-30 15:01:26.4455 INFO Get User Success :15-Sivaiah
2020-09-30 15:01:49.4850 INFO Get Party Master List Success
2020-09-30 15:05:02.0966 INFO Get User Success :15-Sivaiah
2020-09-30 15:05:02.0993 INFO Get User Success :15-Sivaiah
2020-09-30 15:08:14.3328 INFO Get User Success :15-Sivaiah
2020-09-30 15:08:16.3921 INFO Sugarcanepurchase Get List Success
2020-09-30 15:08:16.3921 INFO Get User Success :15-Sivaiah
2020-09-30 15:08:16.4038 INFO Get User Success :15-Sivaiah
2020-09-30 15:08:22.0258 INFO Get User Success :15-Sivaiah
2020-09-30 15:08:23.2003 INFO Get Party Master List Success
2020-09-30 15:08:23.2003 INFO Get User Success :15-Sivaiah
2020-09-30 15:08:23.2003 INFO Get User Success :15-Sivaiah
2020-09-30 15:08:29.3442 INFO Get User Success :15-Sivaiah
2020-09-30 15:08:32.2007 INFO Get Existing data Fail :sugarcanepurchase
2020-09-30 15:08:44.7057 INFO Get User Success :15-Sivaiah
2020-09-30 15:08:46.3518 INFO Get User Success :15-Sivaiah
2020-09-30 15:08:46.3779 INFO Get MaxID Success :sugarcanepurchase
2020-09-30 15:08:46.4062 INFO Sugarcanepurchase Insertion Success:0-H01
2020-09-30 15:08:46.4298 INFO Sugarcanepurchase Get List Success
2020-09-30 15:08:46.4298 INFO Get User Success :15-Sivaiah
2020-09-30 15:08:46.4298 INFO Get User Success :15-Sivaiah
2020-09-30 15:08:50.3356 INFO Get User Success :15-Sivaiah
2020-09-30 15:08:50.3579 INFO Get Party Master List Success
2020-09-30 15:08:50.3579 INFO Get User Success :15-Sivaiah
2020-09-30 15:08:50.3648 INFO Sugarcanepurchase Get List Success
2020-09-30 15:08:50.3648 INFO Get User Success :15-Sivaiah
2020-09-30 15:08:55.7980 INFO Get User Success :15-Sivaiah
2020-09-30 15:09:03.7056 INFO Get User Success :15-Sivaiah
2020-09-30 15:09:03.7122 INFO Sugarcanepurchase Insertion Sucess:6-H01
2020-09-30 15:09:03.7661 INFO Sugarcanepurchase Get List Success
2020-09-30 15:09:03.7661 INFO Get User Success :15-Sivaiah
2020-09-30 15:09:03.7711 INFO Get User Success :15-Sivaiah
2020-09-30 15:09:07.2296 INFO Get User Success :15-Sivaiah
2020-09-30 15:09:07.2505 INFO Get Party Master List Success
2020-09-30 15:09:07.2505 INFO Get User Success :15-Sivaiah
2020-09-30 15:09:07.2555 INFO Sugarcanepurchase Get List Success
2020-09-30 15:09:07.2555 INFO Get User Success :15-Sivaiah
2020-09-30 15:09:10.5484 INFO Get User Success :15-Sivaiah
2020-09-30 15:09:10.5698 INFO Sugarcanepurchase Get List Success
2020-09-30 15:09:10.5698 INFO Get User Success :15-Sivaiah
2020-09-30 15:09:10.5698 INFO Get User Success :15-Sivaiah
2020-09-30 15:09:11.6053 INFO Get User Success :15-Sivaiah
2020-09-30 15:09:11.6257 INFO Get Party Master List Success
2020-09-30 15:09:11.6257 INFO Get User Success :15-Sivaiah
2020-09-30 15:09:11.6316 INFO Sugarcanepurchase Get List Success
2020-09-30 15:09:11.6316 INFO Get User Success :15-Sivaiah
2020-09-30 15:09:22.9868 INFO Get User Success :15-Sivaiah
2020-09-30 15:09:27.0491 INFO Get User Success :15-Sivaiah
2020-09-30 15:09:27.0520 INFO Sugarcanepurchase Insertion Sucess:6-H01
2020-09-30 15:09:27.0853 INFO Sugarcanepurchase Get List Success
2020-09-30 15:09:27.0853 INFO Get User Success :15-Sivaiah
2020-09-30 15:09:27.0853 INFO Get User Success :15-Sivaiah
2020-09-30 15:09:28.7403 INFO Get User Success :15-Sivaiah
2020-09-30 15:09:28.7604 INFO Get Party Master List Success
2020-09-30 15:09:28.7604 INFO Get User Success :15-Sivaiah
2020-09-30 15:09:28.7604 INFO Sugarcanepurchase Get List Success
2020-09-30 15:09:28.7604 INFO Get User Success :15-Sivaiah
2020-09-30 15:09:34.1283 INFO Get User Success :15-Sivaiah
2020-09-30 15:09:41.8626 INFO Get User Success :15-Sivaiah
2020-09-30 15:09:43.3835 INFO Get User Success :15-Sivaiah
2020-09-30 15:09:43.3835 INFO Sugarcanepurchase Insertion Sucess:6-H01
2020-09-30 15:09:43.4199 INFO Sugarcanepurchase Get List Success
2020-09-30 15:09:43.4199 INFO Get User Success :15-Sivaiah
2020-09-30 15:09:43.4199 INFO Get User Success :15-Sivaiah
2020-09-30 15:09:45.0103 INFO Get User Success :15-Sivaiah
2020-09-30 15:09:45.0334 INFO Get Party Master List Success
2020-09-30 15:09:45.0364 INFO Get User Success :15-Sivaiah
2020-09-30 15:09:45.0364 INFO Sugarcanepurchase Get List Success
2020-09-30 15:09:45.0364 INFO Get User Success :15-Sivaiah
2020-09-30 15:10:07.1297 INFO Get User Success :15-Sivaiah
2020-09-30 15:10:07.1355 INFO Sugarcanepurchase Insertion Sucess:6-H01
2020-09-30 15:10:07.1810 INFO Sugarcanepurchase Get List Success
2020-09-30 15:10:07.1810 INFO Get User Success :15-Sivaiah
2020-09-30 15:10:07.1810 INFO Get User Success :15-Sivaiah
2020-09-30 15:10:09.3739 INFO Get User Success :15-Sivaiah
2020-09-30 15:10:09.3936 INFO Get Party Master List Success
2020-09-30 15:10:09.3956 INFO Get User Success :15-Sivaiah
2020-09-30 15:10:09.3956 INFO Sugarcanepurchase Get List Success
2020-09-30 15:10:09.3956 INFO Get User Success :15-Sivaiah
2020-09-30 15:10:13.2157 INFO Get User Success :15-Sivaiah
2020-09-30 15:10:13.2356 INFO Sugarcanepurchase Get List Success
2020-09-30 15:10:13.2356 INFO Get User Success :15-Sivaiah
2020-09-30 15:10:13.2406 INFO Get User Success :15-Sivaiah
2020-09-30 15:10:18.8289 INFO Get User Success :15-Sivaiah
2020-09-30 15:10:26.1459 INFO Get User Success :14-Sreekanth Reddy
2020-09-30 15:10:28.2114 INFO Sugarcanepurchase Get List Success
2020-09-30 15:10:28.2114 INFO Get User Success :14-Sreekanth Reddy
2020-09-30 15:10:28.2114 INFO Get User Success :14-Sreekanth Reddy
2020-09-30 15:10:31.4954 INFO Get User Success :14-Sreekanth Reddy
2020-09-30 15:10:31.5175 INFO Get Party Master List Success
2020-09-30 15:10:31.5175 INFO Get User Success :14-Sreekanth Reddy
2020-09-30 15:10:31.5265 INFO Sugarcanepurchase Get List Success
2020-09-30 15:10:31.5265 INFO Get User Success :14-Sreekanth Reddy
2020-09-30 15:10:41.3744 INFO Get User Success :14-Sreekanth Reddy
2020-09-30 15:10:41.3979 INFO Sugarcanepurchase Get List Success
2020-09-30 15:10:41.3979 INFO Get User Success :14-Sreekanth Reddy
2020-09-30 15:10:41.3979 INFO Get User Success :14-Sreekanth Reddy
2020-09-30 15:10:58.4953 INFO Get User Success :14-Sreekanth Reddy
2020-09-30 15:10:58.5153 INFO Get Party Master List Success
2020-09-30 15:10:58.5153 INFO Get User Success :14-Sreekanth Reddy
2020-09-30 15:10:58.5153 INFO Sugarcanepurchase Get List Success
2020-09-30 15:10:58.5223 INFO Get User Success :14-Sreekanth Reddy
2020-09-30 15:11:34.0239 INFO Get User Success :14-Sreekanth Reddy
2020-09-30 15:11:34.0239 INFO Sugarcanepurchase Insertion Sucess:6-H01
2020-09-30 15:11:34.0751 INFO Sugarcanepurchase Get List Success
2020-09-30 15:11:34.0751 INFO Get User Success :14-Sreekanth Reddy
2020-09-30 15:11:34.0751 INFO Get User Success :14-Sreekanth Reddy
2020-09-30 15:11:39.5122 INFO Get User Success :14-Sreekanth Reddy
2020-09-30 15:11:47.5393 INFO Get User Success :15-Sivaiah
2020-09-30 15:11:51.2046 INFO Sugarcanepurchase Get List Success
2020-09-30 15:11:51.2046 INFO Get User Success :15-Sivaiah
2020-09-30 15:11:51.2116 INFO Get User Success :15-Sivaiah
2020-09-30 15:11:55.4597 INFO Get User Success :15-Sivaiah
2020-09-30 15:11:55.4810 INFO Get Party Master List Success
2020-09-30 15:11:55.4810 INFO Get User Success :15-Sivaiah
2020-09-30 15:11:55.4979 INFO Sugarcanepurchase Get List Success
2020-09-30 15:11:55.4979 INFO Get User Success :15-Sivaiah
2020-09-30 15:12:30.8407 INFO Get User Success :15-Sivaiah
2020-09-30 15:12:30.8650 INFO Sugarcanepurchase Get List Success
2020-09-30 15:12:30.8650 INFO Get User Success :15-Sivaiah
2020-09-30 15:12:30.8650 INFO Get User Success :15-Sivaiah
2020-09-30 15:12:32.3224 INFO Get User Success :15-Sivaiah
2020-09-30 15:12:32.3494 INFO Get Party Master List Success
2020-09-30 15:12:32.3494 INFO Get User Success :15-Sivaiah
2020-09-30 15:12:32.3494 INFO Sugarcanepurchase Get List Success
2020-09-30 15:12:34.1215 INFO Get User Success :15-Sivaiah
2020-09-30 15:12:52.1831 INFO Get Party Master List Success
2020-09-30 15:12:52.1831 INFO Get User Success :15-Sivaiah
2020-09-30 15:12:52.1831 INFO Sugarcanepurchase Get List Success
2020-09-30 15:13:25.5286 INFO Get User Success :15-Sivaiah
2020-09-30 15:13:37.4156 INFO Get Party Master List Success
2020-09-30 15:13:37.4156 INFO Get User Success :15-Sivaiah
2020-09-30 15:13:37.4156 INFO Sugarcanepurchase Get List Success
2020-09-30 15:13:53.0277 INFO Get User Success :15-Sivaiah
2020-09-30 15:13:55.3293 INFO Get User Success :15-Sivaiah
2020-09-30 15:14:34.5209 INFO Get Party Master List Success
2020-09-30 15:14:34.5209 INFO Get User Success :15-Sivaiah
2020-09-30 15:14:34.5209 INFO Sugarcanepurchase Get List Success
2020-09-30 15:16:23.1422 INFO Get User Success :15-Sivaiah
2020-09-30 15:16:29.6262 INFO Get User Success :15-Sivaiah
2020-09-30 15:16:29.6467 INFO Sugarcanepurchase Get List Success
2020-09-30 15:16:29.6467 INFO Get User Success :15-Sivaiah
2020-09-30 15:16:29.6467 INFO Get User Success :15-Sivaiah
2020-09-30 15:16:30.8874 INFO Get User Success :15-Sivaiah
2020-09-30 15:16:30.9054 INFO Get Party Master List Success
2020-09-30 15:16:30.9054 INFO Get User Success :15-Sivaiah
2020-09-30 15:16:30.9054 INFO Sugarcanepurchase Get List Success
2020-09-30 15:16:30.9124 INFO Get User Success :15-Sivaiah
2020-09-30 15:16:33.0450 INFO Get User Success :15-Sivaiah
2020-09-30 15:16:33.0663 INFO Sugarcanepurchase Get List Success
2020-09-30 15:16:33.0683 INFO Get User Success :15-Sivaiah
2020-09-30 15:16:33.0683 INFO Get User Success :15-Sivaiah
2020-09-30 15:16:34.4861 INFO Get User Success :15-Sivaiah
2020-09-30 15:16:34.5061 INFO Get Party Master List Success
2020-09-30 15:16:34.5061 INFO Get User Success :15-Sivaiah
2020-09-30 15:16:34.5061 INFO Sugarcanepurchase Get List Success
2020-09-30 15:16:34.5061 INFO Get User Success :15-Sivaiah
2020-09-30 15:16:35.7900 INFO Get User Success :15-Sivaiah
2020-09-30 15:16:35.8105 INFO Sugarcanepurchase Get List Success
2020-09-30 15:16:35.8105 INFO Get User Success :15-Sivaiah
2020-09-30 15:16:35.8105 INFO Get User Success :15-Sivaiah
2020-09-30 15:16:36.8149 INFO Get User Success :15-Sivaiah
2020-09-30 15:16:36.8425 INFO Get Party Master List Success
2020-09-30 15:16:36.8425 INFO Get User Success :15-Sivaiah
2020-09-30 15:16:36.8425 INFO Sugarcanepurchase Get List Success
2020-09-30 15:16:36.8513 INFO Get User Success :15-Sivaiah
2020-09-30 15:16:38.5028 INFO Get User Success :15-Sivaiah
2020-09-30 15:16:38.5228 INFO Sugarcanepurchase Get List Success
2020-09-30 15:16:38.5228 INFO Get User Success :15-Sivaiah
2020-09-30 15:16:38.5228 INFO Get User Success :15-Sivaiah
2020-09-30 15:16:39.9331 INFO Get User Success :15-Sivaiah
2020-09-30 15:16:39.9530 INFO Get Party Master List Success
2020-09-30 15:16:39.9530 INFO Get User Success :15-Sivaiah
2020-09-30 15:16:39.9530 INFO Sugarcanepurchase Get List Success
2020-09-30 15:16:39.9600 INFO Get User Success :15-Sivaiah
2020-09-30 15:16:51.8956 INFO Get Party Master List Success
2020-09-30 15:16:51.8956 INFO Get User Success :15-Sivaiah
2020-09-30 15:16:51.8956 INFO Sugarcanepurchase Get List Success
2020-09-30 15:17:04.7513 INFO Get User Success :15-Sivaiah
2020-09-30 15:17:07.8128 INFO Get User Success :15-Sivaiah
2020-09-30 15:17:07.8330 INFO Sugarcanepurchase Get List Success
2020-09-30 15:17:07.8350 INFO Get User Success :15-Sivaiah
2020-09-30 15:17:07.8350 INFO Get User Success :15-Sivaiah
2020-09-30 15:17:08.6697 INFO Get User Success :15-Sivaiah
2020-09-30 15:17:08.6892 INFO Get Party Master List Success
2020-09-30 15:17:08.6892 INFO Get User Success :15-Sivaiah
2020-09-30 15:17:08.6942 INFO Sugarcanepurchase Get List Success
2020-09-30 15:17:08.6942 INFO Get User Success :15-Sivaiah
2020-09-30 15:17:12.1832 INFO Get User Success :15-Sivaiah
2020-09-30 15:17:12.2026 INFO Sugarcanepurchase Get List Success
2020-09-30 15:17:12.2026 INFO Get User Success :15-Sivaiah
2020-09-30 15:17:12.2026 INFO Get User Success :15-Sivaiah
2020-09-30 15:17:15.4268 INFO Get User Success :15-Sivaiah
2020-09-30 15:17:15.4750 INFO Get User Success :15-Sivaiah
2020-09-30 15:25:07.8225 INFO Get User Success :15-Sivaiah
2020-09-30 15:25:13.4145 INFO Sugarcanepurchase Get List Success
2020-09-30 15:25:13.4145 INFO Get User Success :15-Sivaiah
2020-09-30 15:25:13.4270 INFO Get User Success :15-Sivaiah
2020-09-30 15:25:14.4480 INFO Get User Success :15-Sivaiah
2020-09-30 15:25:17.5267 INFO Get User Success :15-Sivaiah
2020-09-30 15:25:17.5267 INFO Get User Success :15-Sivaiah
2020-09-30 15:25:24.1094 INFO Get User Success :15-Sivaiah
2020-09-30 15:36:26.1587 INFO Get User Success :14-Sreekanth Reddy
2020-09-30 15:36:28.0840 INFO Sugarcanepurchase Get List Success
2020-09-30 15:36:28.0840 INFO Get User Success :14-Sreekanth Reddy
2020-09-30 15:36:28.0840 INFO Get User Success :14-Sreekanth Reddy
2020-09-30 15:36:29.6465 INFO Get User Success :14-Sreekanth Reddy
2020-09-30 15:36:29.7039 INFO Get User Success :14-Sreekanth Reddy
2020-09-30 15:36:29.7039 INFO Get User Success :14-Sreekanth Reddy
2020-09-30 15:36:54.1318 INFO Get User Success :14-Sreekanth Reddy
2020-09-30 15:37:29.1917 INFO Get User Success :14-Sreekanth Reddy
2020-09-30 15:37:39.2759 INFO Get User Success :14-Sreekanth Reddy
2020-09-30 15:37:49.9255 INFO Get User Success :15-Sivaiah
2020-09-30 15:37:53.2948 INFO Sugarcanepurchase Get List Success
2020-09-30 15:37:53.2948 INFO Get User Success :15-Sivaiah
2020-09-30 15:37:53.2948 INFO Get User Success :15-Sivaiah
2020-09-30 15:37:54.7133 INFO Get User Success :15-Sivaiah
2020-09-30 15:37:54.7360 INFO Get User Success :15-Sivaiah
2020-09-30 15:38:32.3906 INFO Get User Success :15-Sivaiah
2020-09-30 15:38:37.4963 INFO Sugarcanepurchase Get List Success
2020-09-30 15:38:37.4963 INFO Get User Success :15-Sivaiah
2020-09-30 15:38:37.5077 INFO Get User Success :15-Sivaiah
2020-09-30 15:38:39.2957 INFO Get User Success :15-Sivaiah
2020-09-30 15:38:40.9536 INFO Get User Success :15-Sivaiah
2020-09-30 15:38:50.0401 INFO Get User Success :15-Sivaiah
2020-09-30 15:38:54.9769 INFO Get User Success :15-Sivaiah
2020-09-30 15:38:55.0539 INFO Get User Success :15-Sivaiah
2020-09-30 15:38:55.0539 INFO Get User Success :15-Sivaiah
2020-09-30 15:39:04.9820 INFO Get User Success :15-Sivaiah
2020-09-30 15:39:05.0065 INFO Get User Success :15-Sivaiah
2020-09-30 15:40:46.4720 INFO Get User Success :15-Sivaiah
2020-09-30 15:40:50.9919 INFO Get User Success :15-Sivaiah
2020-09-30 15:42:03.8912 INFO Get User Success :15-Sivaiah
2020-09-30 15:42:03.8912 INFO Get User Success :15-Sivaiah
2020-09-30 15:42:11.2906 INFO Get User Success :15-Sivaiah
2020-09-30 15:42:41.8336 INFO Get User Success :15-Sivaiah
2020-09-30 15:42:41.8568 INFO Get User Success :15-Sivaiah
2020-09-30 15:42:41.8568 INFO Get User Success :15-Sivaiah
2020-09-30 15:43:55.8250 INFO Sugarcanepurchase Get List Success
2020-09-30 15:51:25.6969 INFO Sugarcanepurchase Get List Success
2020-09-30 15:54:32.7634 INFO Sugarcanepurchase Get List Success
2020-09-30 15:54:33.3966 INFO Sugarcanepurchase Get List Success
2020-09-30 16:36:44.9758 INFO Sugarcanepurchase Get List Success
2020-09-30 17:27:39.3050 INFO Sugarcanepurchase Get List Success
2020-09-30 17:39:35.3793 INFO Sugarcanepurchase Get List Success
2020-09-30 17:52:59.9141 INFO Sugarcanepurchase Get List Success
2020-09-30 17:57:18.2717 INFO Sugarcanepurchase Get List Success
2020-09-30 18:00:23.8729 INFO Sugarcanepurchase Get List Success
2020-09-30 18:00:42.1545 INFO Sugarcanepurchase Insertion Sucess:1-H02
2020-09-30 18:13:51.2411 INFO Sugarcanepurchase Get List Success
2020-09-30 18:16:27.8423 INFO Sugarcanepurchase Get List Success
2020-09-30 18:16:29.4612 INFO Sugarcanepurchase Get List Success
2020-09-30 18:16:31.3952 INFO Sugarcanepurchase Get List Success
2020-09-30 18:19:25.2429 INFO Sugarcanepurchase Get List Success
2020-09-30 18:27:31.2787 INFO Sugarcanepurchase Insertion Sucess:6-H02
