2020-10-29 13:18:51.4675 INFO Get User Success :16-Harinagar Sugar
2020-10-29 13:18:59.4636 INFO Get User Success :16-Harinagar Sugar
2020-10-29 13:19:02.2295 INFO Get User Success :16-Harinagar Sugar
2020-10-29 13:19:02.2425 INFO Get Party Master List Success
2020-10-29 13:19:02.2544 INFO Get Product Master List Success
2020-10-29 13:19:02.2544 INFO Get VAT Master List Success
2020-10-29 13:19:02.4175 INFO Get User Success :16-Harinagar Sugar
2020-10-29 13:41:01.0421 INFO Get User Success :16-Harinagar Sugar
2020-10-29 13:41:05.5033 INFO Get User Success :16-Harinagar Sugar
2020-10-29 13:41:07.1945 INFO Get User Success :16-Harinagar Sugar
2020-10-29 13:41:07.2038 INFO Get Party Master List Success
2020-10-29 13:41:07.2038 INFO Get Product Master List Success
2020-10-29 13:41:07.2194 INFO Get VAT Master List Success
2020-10-29 13:41:07.2627 INFO Get User Success :16-Harinagar Sugar
2020-10-29 14:32:14.7610 INFO Get User Success :16-Harinagar Sugar
2020-10-29 14:32:16.7966 INFO Get User Success :16-Harinagar Sugar
2020-10-29 14:32:18.4961 INFO Get User Success :16-Harinagar Sugar
2020-10-29 14:32:18.5048 INFO Get Party Master List Success
2020-10-29 14:32:18.5144 INFO Get Product Master List Success
2020-10-29 14:32:18.5144 INFO Get VAT Master List Success
2020-10-29 14:32:18.5712 INFO Get User Success :16-Harinagar Sugar
2020-10-29 14:32:37.7212 INFO Get User Success :16-Harinagar Sugar
2020-10-29 14:32:37.7212 INFO Get Party Master List Success
2020-10-29 14:32:37.7212 INFO Get Product Master List Success
2020-10-29 14:32:37.7212 INFO Get VAT Master List Success
2020-10-29 14:32:37.7325 INFO Get User Success :16-Harinagar Sugar
2020-10-29 14:33:35.5875 INFO Get User Success :16-Harinagar Sugar
2020-10-29 14:33:35.5875 INFO Get Party Master List Success
2020-10-29 14:33:35.5924 INFO Get Product Master List Success
2020-10-29 14:33:35.5924 INFO Get VAT Master List Success
2020-10-29 14:33:35.5924 INFO Get User Success :16-Harinagar Sugar
2020-10-29 14:34:47.3345 INFO Get User Success :16-Harinagar Sugar
2020-10-29 14:34:47.3345 INFO Get Party Master List Success
2020-10-29 14:34:47.3345 INFO Get Product Master List Success
2020-10-29 14:34:47.3345 INFO Get VAT Master List Success
2020-10-29 14:34:47.3479 INFO Get User Success :16-Harinagar Sugar
2020-10-29 14:36:23.8506 INFO Get User Success :16-Harinagar Sugar
2020-10-29 14:36:23.8506 INFO Get Party Master List Success
2020-10-29 14:36:23.8506 INFO Get Product Master List Success
2020-10-29 14:36:23.8506 INFO Get VAT Master List Success
2020-10-29 14:36:23.8611 INFO Get User Success :16-Harinagar Sugar
2020-10-29 14:36:33.4008 INFO Get User Success :16-Harinagar Sugar
2020-10-29 14:36:33.4008 INFO Get Party Master List Success
2020-10-29 14:36:33.4054 INFO Get Product Master List Success
2020-10-29 14:36:33.4054 INFO Get VAT Master List Success
2020-10-29 14:36:33.4054 INFO Get User Success :16-Harinagar Sugar
2020-10-29 14:37:27.5738 INFO Get User Success :16-Harinagar Sugar
2020-10-29 14:37:27.5765 INFO Get Party Master List Success
2020-10-29 14:37:27.5765 INFO Get Product Master List Success
2020-10-29 14:37:27.5765 INFO Get VAT Master List Success
2020-10-29 14:37:27.5765 INFO Get User Success :16-Harinagar Sugar
2020-10-29 14:45:38.8011 INFO Get User Success :16-Harinagar Sugar
2020-10-29 14:45:40.3201 INFO Get User Success :16-Harinagar Sugar
2020-10-29 14:45:40.3201 INFO Get Party Master List Success
2020-10-29 14:45:40.3201 INFO Get Product Master List Success
2020-10-29 14:45:40.3294 INFO Get VAT Master List Success
2020-10-29 14:45:40.3294 INFO Get User Success :16-Harinagar Sugar
2020-10-29 14:57:52.8836 INFO Get User Success :16-Harinagar Sugar
2020-10-29 14:57:55.0037 INFO Get User Success :16-Harinagar Sugar
2020-10-29 14:57:56.4494 INFO Get User Success :16-Harinagar Sugar
2020-10-29 14:57:56.4585 INFO Get Party Master List Success
2020-10-29 14:57:56.4684 INFO Get Product Master List Success
2020-10-29 14:57:56.4684 INFO Get VAT Master List Success
2020-10-29 14:57:56.5191 INFO Get User Success :16-Harinagar Sugar
2020-10-29 15:12:06.9232 INFO Get User Success :16-Harinagar Sugar
2020-10-29 15:12:07.5905 INFO Get User Success :16-Harinagar Sugar
2020-10-29 15:12:07.5935 INFO Get Party Master List Success
2020-10-29 15:12:07.5935 INFO Get Product Master List Success
2020-10-29 15:12:07.5935 INFO Get VAT Master List Success
2020-10-29 15:12:07.5935 INFO Get User Success :16-Harinagar Sugar
2020-10-29 15:18:27.0170 INFO Get User Success :16-Harinagar Sugar
2020-10-29 15:18:29.7047 INFO Get User Success :16-Harinagar Sugar
2020-10-29 15:18:31.3739 INFO Get User Success :16-Harinagar Sugar
2020-10-29 15:18:31.3739 INFO Get Party Master List Success
2020-10-29 15:18:31.3926 INFO Get Product Master List Success
2020-10-29 15:18:31.3926 INFO Get VAT Master List Success
2020-10-29 15:18:31.4412 INFO Get User Success :16-Harinagar Sugar
2020-10-29 15:32:35.8689 INFO Get User Success :16-Harinagar Sugar
2020-10-29 15:32:37.7468 INFO Get User Success :16-Harinagar Sugar
2020-10-29 15:32:39.2279 INFO Get User Success :16-Harinagar Sugar
2020-10-29 15:32:39.2379 INFO Get Party Master List Success
2020-10-29 15:32:39.2379 INFO Get Product Master List Success
2020-10-29 15:32:39.2538 INFO Get VAT Master List Success
2020-10-29 15:32:39.2977 INFO Get User Success :16-Harinagar Sugar
2020-10-29 15:38:38.4461 INFO Get User Success :16-Harinagar Sugar
2020-10-29 15:38:40.4205 INFO Get User Success :16-Harinagar Sugar
2020-10-29 15:38:41.9375 INFO Get User Success :16-Harinagar Sugar
2020-10-29 15:38:41.9375 INFO Get Party Master List Success
2020-10-29 15:38:41.9571 INFO Get Product Master List Success
2020-10-29 15:38:41.9571 INFO Get VAT Master List Success
2020-10-29 15:38:42.0043 INFO Get User Success :16-Harinagar Sugar
2020-10-29 15:40:14.5624 INFO Get User Success :16-Harinagar Sugar
2020-10-29 15:40:14.5624 INFO Get Party Master List Success
2020-10-29 15:40:14.5624 INFO Get Product Master List Success
2020-10-29 15:40:14.5624 INFO Get VAT Master List Success
2020-10-29 15:40:14.5763 INFO Get User Success :16-Harinagar Sugar
2020-10-29 16:06:13.8519 INFO Get User Success :16-Harinagar Sugar
2020-10-29 16:06:15.6362 INFO Get User Success :16-Harinagar Sugar
2020-10-29 16:06:17.1744 INFO Get User Success :16-Harinagar Sugar
2020-10-29 16:06:17.1744 INFO Get Party Master List Success
2020-10-29 16:06:17.1935 INFO Get Product Master List Success
2020-10-29 16:06:17.1935 INFO Get VAT Master List Success
2020-10-29 16:06:17.2421 INFO Get User Success :16-Harinagar Sugar
2020-10-29 17:30:53.4290 INFO Get User Success :16-Harinagar Sugar
2020-10-29 17:30:56.7872 INFO Get User Success :16-Harinagar Sugar
2020-10-29 17:31:19.9901 INFO Get User Success :16-Harinagar Sugar
2020-10-29 17:31:19.9901 INFO Get Party Master List Success
2020-10-29 17:31:20.0073 INFO Get Product Master List Success
2020-10-29 17:31:20.0073 INFO Get VAT Master List Success
2020-10-29 17:31:20.0560 INFO Get User Success :16-Harinagar Sugar
2020-10-29 17:38:53.7080 INFO Insert MF2 Success :29-10-2020-H02
2020-10-29 17:39:04.9267 INFO Get User Success :16-Harinagar Sugar
2020-10-29 17:55:23.9201 INFO Get User Success :16-Harinagar Sugar
2020-10-29 17:55:25.7391 INFO Get User Success :16-Harinagar Sugar
2020-10-29 17:55:37.9418 INFO Get MF2 List Success
2020-10-29 17:55:44.4588 INFO Get User Success :16-Harinagar Sugar
2020-10-29 17:56:32.0126 INFO Get User Success :16-Harinagar Sugar
2020-10-29 17:56:35.7908 INFO Get MF2 List Success
2020-10-29 17:56:35.8087 INFO Get User Success :16-Harinagar Sugar
2020-10-29 17:56:51.6498 INFO Get User Success :16-Harinagar Sugar
2020-10-29 17:56:51.6498 INFO Get MF2 List Success
2020-10-29 17:56:51.6588 INFO Get User Success :16-Harinagar Sugar
2020-10-29 17:57:23.8810 INFO Get User Success :16-Harinagar Sugar
2020-10-29 17:57:23.8810 INFO Get MF2 List Success
2020-10-29 17:57:23.8910 INFO Get User Success :16-Harinagar Sugar
2020-10-29 17:57:44.8658 INFO Get User Success :16-Harinagar Sugar
2020-10-29 17:57:44.8658 INFO Get MF2 List Success
2020-10-29 17:57:44.8746 INFO Get User Success :16-Harinagar Sugar
2020-10-29 17:57:53.0193 INFO Get User Success :16-Harinagar Sugar
2020-10-29 17:57:53.0193 INFO Get MF2 List Success
2020-10-29 17:57:53.0422 INFO Get User Success :16-Harinagar Sugar
2020-10-29 17:58:22.3927 INFO Get User Success :16-Harinagar Sugar
2020-10-29 17:58:22.3927 INFO Get MF2 List Success
2020-10-29 17:58:22.3927 INFO Get User Success :16-Harinagar Sugar
2020-10-29 17:58:35.8246 INFO Get User Success :16-Harinagar Sugar
2020-10-29 17:58:54.3390 INFO Get MF2 List Success
2020-10-29 17:58:54.3421 INFO Get User Success :16-Harinagar Sugar
2020-10-29 17:59:06.4240 INFO Get User Success :16-Harinagar Sugar
2020-10-29 17:59:06.4240 INFO Get MF2 List Success
2020-10-29 17:59:06.4240 INFO Get User Success :16-Harinagar Sugar
2020-10-29 17:59:06.6434 INFO Get User Success :16-Harinagar Sugar
2020-10-29 17:59:06.6434 INFO Get MF2 List Success
2020-10-29 17:59:06.6434 INFO Get User Success :16-Harinagar Sugar
