2020-12-31 10:24:06.8807 INFO Get User Success :101-B Kartikey Dhanji
2020-12-31 10:24:11.1277 INFO Get User Success :101-B Kartikey Dhanji
2020-12-31 10:24:11.1333 INFO Check WorkFlow List Success
2020-12-31 10:24:11.1797 INFO Get User Success :101-B Kartikey Dhanji
2020-12-31 10:24:11.1797 INFO Check WorkFlow List Success
2020-12-31 10:24:11.1797 INFO Get Allotment List Success
2020-12-31 10:24:11.2297 INFO Get User Success :101-B Kartikey Dhanji
2020-12-31 10:24:13.5037 INFO Get User Success :101-B Kartikey Dhanji
2020-12-31 10:24:13.5037 INFO Check WorkFlow List Success
2020-12-31 10:24:13.5103 INFO Get Allotment List Success
2020-12-31 10:24:13.5103 INFO Get User Success :101-B Kartikey Dhanji
2020-12-31 10:24:13.5103 INFO Check WorkFlow List Success
2020-12-31 10:24:13.5247 INFO Get Allotment List Success
2020-12-31 10:24:15.9941 INFO Get User Success :101-B Kartikey Dhanji
2020-12-31 10:24:15.9941 INFO Check WorkFlow List Success
2020-12-31 10:24:15.9941 INFO Get Allotment List Success
2020-12-31 10:24:16.0766 INFO Get User Success :101-B Kartikey Dhanji
2020-12-31 10:24:24.8891 INFO Get Party Master List Success
2020-12-31 10:24:24.8891 INFO Get Indent List Success
2020-12-31 10:24:24.9034 INFO Get Allotment Details Success
2020-12-31 10:24:24.9034 INFO Get Party Master List Success
2020-12-31 10:24:24.9511 INFO Check WorkFlow List Success
2020-12-31 10:24:24.9612 INFO Get User Success :101-B Kartikey Dhanji
2020-12-31 10:32:52.4263 INFO Get User Success :101-B Kartikey Dhanji
2020-12-31 10:32:57.5734 INFO Get User Success :101-B Kartikey Dhanji
2020-12-31 10:32:57.5734 INFO Check WorkFlow List Success
2020-12-31 10:32:57.6273 INFO Get User Success :101-B Kartikey Dhanji
2020-12-31 10:32:57.6273 INFO Check WorkFlow List Success
2020-12-31 10:32:57.6362 INFO Get Allotment List Success
2020-12-31 10:32:57.6774 INFO Get User Success :101-B Kartikey Dhanji
2020-12-31 10:33:00.4067 INFO Get User Success :101-B Kartikey Dhanji
2020-12-31 10:33:00.4067 INFO Check WorkFlow List Success
2020-12-31 10:33:00.4067 INFO Get Allotment List Success
2020-12-31 10:33:00.4204 INFO Get User Success :101-B Kartikey Dhanji
2020-12-31 10:33:00.4204 INFO Check WorkFlow List Success
2020-12-31 10:33:00.4204 INFO Get Allotment List Success
2020-12-31 10:33:03.5286 INFO Get User Success :101-B Kartikey Dhanji
2020-12-31 10:33:03.5286 INFO Check WorkFlow List Success
2020-12-31 10:33:03.5286 INFO Get Allotment List Success
2020-12-31 10:33:03.6073 INFO Get User Success :101-B Kartikey Dhanji
2020-12-31 10:39:48.1357 INFO Get User Success :98-Harinagar Sugar Mills Limited(Distillery Division)
2020-12-31 10:39:52.1948 INFO Get User Success :98-Harinagar Sugar Mills Limited(Distillery Division)
2020-12-31 10:39:52.2041 INFO Get Indent List Success
2020-12-31 10:39:52.2450 INFO Get User Success :98-Harinagar Sugar Mills Limited(Distillery Division)
2020-12-31 10:39:56.4935 INFO Get User Success :98-Harinagar Sugar Mills Limited(Distillery Division)
2020-12-31 10:39:56.4935 INFO Get Indent List Success
2020-12-31 10:40:06.3511 INFO Get User Success :98-Harinagar Sugar Mills Limited(Distillery Division)
2020-12-31 10:40:06.3576 INFO Get Allotment List Success
2020-12-31 10:40:06.3724 INFO Get User Success :98-Harinagar Sugar Mills Limited(Distillery Division)
2020-12-31 10:40:09.9600 INFO Get User Success :98-Harinagar Sugar Mills Limited(Distillery Division)
2020-12-31 10:40:09.9637 INFO Get Allotment List Success
2020-12-31 10:40:17.6462 INFO Get User Success :100-Deputy Commissioner
2020-12-31 10:40:34.8116 INFO Get User Success :104-Riga Distillery Division
2020-12-31 10:40:37.1282 INFO Get User Success :104-Riga Distillery Division
2020-12-31 10:40:37.1282 INFO Get Indent List Success
2020-12-31 10:40:37.1361 INFO Get User Success :104-Riga Distillery Division
2020-12-31 10:40:38.5495 INFO Get User Success :104-Riga Distillery Division
2020-12-31 10:40:38.5495 INFO Get Indent List Success
2020-12-31 10:40:38.5803 INFO Get User Success :104-Riga Distillery Division
2020-12-31 10:40:38.5803 INFO Get Allotment List Success
2020-12-31 10:40:38.5948 INFO Get User Success :104-Riga Distillery Division
2020-12-31 10:40:39.9755 INFO Get User Success :104-Riga Distillery Division
2020-12-31 10:40:39.9795 INFO Get Allotment List Success
2020-12-31 10:40:47.5517 INFO Get User Success :105-Majhaulia Sugar Industry Ltd Distillery Division
2020-12-31 10:40:49.7690 INFO Get User Success :105-Majhaulia Sugar Industry Ltd Distillery Division
2020-12-31 10:40:49.7690 INFO Get Indent List Success
2020-12-31 10:40:49.7760 INFO Get User Success :105-Majhaulia Sugar Industry Ltd Distillery Division
2020-12-31 10:40:51.3436 INFO Get User Success :105-Majhaulia Sugar Industry Ltd Distillery Division
2020-12-31 10:40:51.3436 INFO Get Indent List Success
2020-12-31 10:40:51.3673 INFO Get User Success :105-Majhaulia Sugar Industry Ltd Distillery Division
2020-12-31 10:40:51.3673 INFO Get Allotment List Success
2020-12-31 10:40:51.3673 INFO Get User Success :105-Majhaulia Sugar Industry Ltd Distillery Division
2020-12-31 10:40:54.2709 INFO Get User Success :105-Majhaulia Sugar Industry Ltd Distillery Division
2020-12-31 10:40:54.2749 INFO Get Allotment List Success
2020-12-31 10:41:04.0165 INFO Get User Success :107-Hpcl Biofuels Limited, Distillery Division, Ec
2020-12-31 10:41:07.3940 INFO Get User Success :107-Hpcl Biofuels Limited, Distillery Division, Ec
2020-12-31 10:41:07.3940 INFO Get Indent List Success
2020-12-31 10:41:07.4013 INFO Get User Success :107-Hpcl Biofuels Limited, Distillery Division, Ec
2020-12-31 10:41:09.0707 INFO Get User Success :107-Hpcl Biofuels Limited, Distillery Division, Ec
2020-12-31 10:41:09.0707 INFO Get Indent List Success
2020-12-31 10:41:09.0966 INFO Get User Success :107-Hpcl Biofuels Limited, Distillery Division, Ec
2020-12-31 10:41:09.0966 INFO Get Allotment List Success
2020-12-31 10:41:09.1044 INFO Get User Success :107-Hpcl Biofuels Limited, Distillery Division, Ec
2020-12-31 10:41:11.4812 INFO Get User Success :107-Hpcl Biofuels Limited, Distillery Division, Ec
2020-12-31 10:41:11.4812 INFO Get Allotment List Success
2020-12-31 10:41:34.8881 INFO Get User Success :106-Hpcl Biofuels Limited, Distillery Division, Wc
2020-12-31 10:41:37.1215 INFO Get User Success :106-Hpcl Biofuels Limited, Distillery Division, Wc
2020-12-31 10:41:37.1215 INFO Get Indent List Success
2020-12-31 10:41:37.1215 INFO Get User Success :106-Hpcl Biofuels Limited, Distillery Division, Wc
2020-12-31 10:41:38.7340 INFO Get User Success :106-Hpcl Biofuels Limited, Distillery Division, Wc
2020-12-31 10:41:38.7340 INFO Get Indent List Success
2020-12-31 10:41:38.7653 INFO Get User Success :106-Hpcl Biofuels Limited, Distillery Division, Wc
2020-12-31 10:41:38.7653 INFO Get Allotment List Success
2020-12-31 10:41:38.7653 INFO Get User Success :106-Hpcl Biofuels Limited, Distillery Division, Wc
2020-12-31 10:41:45.3773 INFO Get User Success :106-Hpcl Biofuels Limited, Distillery Division, Wc
2020-12-31 10:41:45.3773 INFO Get Allotment List Success
2020-12-31 10:42:12.1609 INFO Get User Success :108-New Swadeshi Distillery Unit
2020-12-31 10:42:14.5457 INFO Get User Success :108-New Swadeshi Distillery Unit
2020-12-31 10:42:14.5457 INFO Get Indent List Success
2020-12-31 10:42:14.5457 INFO Get User Success :108-New Swadeshi Distillery Unit
2020-12-31 10:42:15.8866 INFO Get User Success :108-New Swadeshi Distillery Unit
2020-12-31 10:42:15.8866 INFO Get Indent List Success
2020-12-31 10:42:15.9115 INFO Get User Success :108-New Swadeshi Distillery Unit
2020-12-31 10:42:15.9155 INFO Get Allotment List Success
2020-12-31 10:42:15.9155 INFO Get User Success :108-New Swadeshi Distillery Unit
2020-12-31 10:42:18.1185 INFO Get User Success :108-New Swadeshi Distillery Unit
2020-12-31 10:42:18.1185 INFO Get Allotment List Success
2020-12-31 10:46:36.4801 INFO Get User Success :135-Assistant Commissioner
2020-12-31 10:46:45.0025 INFO Get User Success :135-Assistant Commissioner
2020-12-31 10:46:45.0136 INFO Get RR List Success
2020-12-31 10:46:45.0667 INFO Get User Success :135-Assistant Commissioner
2020-12-31 10:46:45.0718 INFO Get RR List Success
2020-12-31 10:46:45.1107 INFO Get User Success :135-Assistant Commissioner
2020-12-31 10:46:53.3670 INFO Get User Success :135-Assistant Commissioner
2020-12-31 10:46:53.3779 INFO Get RR Details Success
2020-12-31 10:46:53.3779 INFO Get RR List Success
2020-12-31 10:46:53.3960 INFO Get User Success :135-Assistant Commissioner
2020-12-31 10:47:37.1472 INFO Get User Success :135-Assistant Commissioner
2020-12-31 10:47:37.1532 INFO Get RR Details Success
2020-12-31 10:47:37.1532 INFO Get RR List Success
2020-12-31 10:47:37.1532 INFO Get User Success :135-Assistant Commissioner
2020-12-31 10:47:47.5222 INFO Get User Success :135-Assistant Commissioner
2020-12-31 10:47:56.8348 INFO Get RR Details Success
2020-12-31 10:49:25.6654 INFO Get RR List Success
2020-12-31 10:49:25.6654 INFO Get User Success :135-Assistant Commissioner
2020-12-31 10:49:34.7275 INFO Get User Success :135-Assistant Commissioner
2020-12-31 10:49:37.0911 INFO Get RR Details Success
2020-12-31 10:49:37.0911 INFO Get RR List Success
2020-12-31 10:49:37.1062 INFO Get User Success :135-Assistant Commissioner
2020-12-31 10:49:44.5668 INFO Get User Success :135-Assistant Commissioner
2020-12-31 10:49:44.5668 INFO Get RR List Success
2020-12-31 10:49:44.5728 INFO Get User Success :135-Assistant Commissioner
2020-12-31 10:49:48.5486 INFO Get User Success :135-Assistant Commissioner
2020-12-31 10:49:48.5486 INFO Get RR Details Success
2020-12-31 10:49:48.5586 INFO Get RR List Success
2020-12-31 10:49:48.5586 INFO Get User Success :135-Assistant Commissioner
2020-12-31 10:52:00.9224 INFO Get User Success :97-Harinagar Sugar Mills Ltd
2020-12-31 10:52:03.8148 INFO Sugarcanepurchase Get List Success
2020-12-31 10:52:03.8148 INFO Get User Success :97-Harinagar Sugar Mills Ltd
2020-12-31 10:52:03.8378 INFO Get User Success :97-Harinagar Sugar Mills Ltd
2020-12-31 10:52:09.4407 INFO Get User Success :97-Harinagar Sugar Mills Ltd
2020-12-31 10:52:09.4946 INFO Get User Success :97-Harinagar Sugar Mills Ltd
2020-12-31 10:52:21.5192 INFO Get User Success :97-Harinagar Sugar Mills Ltd
2020-12-31 10:52:24.2638 INFO Get RR List Success
2020-12-31 10:52:24.2638 INFO Get User Success :97-Harinagar Sugar Mills Ltd
2020-12-31 10:52:30.0728 INFO Get NOC Details Success
2020-12-31 10:52:32.8490 INFO Get NOC Details Success
2020-12-31 10:52:32.8538 INFO Get Balance Request Pass Success
2020-12-31 10:53:08.3342 INFO Insert Request Pass Success
2020-12-31 10:53:08.3584 INFO Get User Success :97-Harinagar Sugar Mills Ltd
2020-12-31 10:53:08.3584 INFO Get User Success :97-Harinagar Sugar Mills Ltd
2020-12-31 10:53:12.7468 INFO Get User Success :97-Harinagar Sugar Mills Ltd
2020-12-31 10:53:12.7468 INFO Get User Success :97-Harinagar Sugar Mills Ltd
2020-12-31 10:53:20.3881 INFO Get User Success :97-Harinagar Sugar Mills Ltd
2020-12-31 10:53:20.3881 INFO Get RR List Success
2020-12-31 10:53:20.3881 INFO Get NOC Details Success
2020-12-31 10:53:20.4020 INFO Get NOC Details Success
2020-12-31 10:53:20.4020 INFO Get Balance Request Pass Success
2020-12-31 10:53:20.4020 INFO Get User Success :97-Harinagar Sugar Mills Ltd
2020-12-31 10:53:57.7918 INFO Get User Success :97-Harinagar Sugar Mills Ltd
2020-12-31 10:53:57.7918 INFO Get Pass List Success
2020-12-31 10:53:57.8146 INFO Get User Success :97-Harinagar Sugar Mills Ltd
2020-12-31 10:54:00.1531 INFO Get User Success :97-Harinagar Sugar Mills Ltd
2020-12-31 10:54:00.1531 INFO Get User Success :97-Harinagar Sugar Mills Ltd
2020-12-31 10:54:04.1470 INFO Get User Success :97-Harinagar Sugar Mills Ltd
2020-12-31 10:54:04.1500 INFO Get RR List Success
2020-12-31 10:54:04.1500 INFO Get NOC Details Success
2020-12-31 10:54:04.1500 INFO Get NOC Details Success
2020-12-31 10:54:04.1500 INFO Get Balance Request Pass Success
2020-12-31 10:54:04.1500 INFO Get User Success :97-Harinagar Sugar Mills Ltd
2020-12-31 10:54:05.3110 INFO Update Request Pass Success
2020-12-31 10:54:05.3331 INFO Get User Success :97-Harinagar Sugar Mills Ltd
2020-12-31 10:54:05.3381 INFO Get User Success :97-Harinagar Sugar Mills Ltd
2020-12-31 10:54:17.6846 INFO Get User Success :102-Harinagar Sugar Mills Ltd, Bond Officer
2020-12-31 10:54:22.7519 INFO Get User Success :102-Harinagar Sugar Mills Ltd, Bond Officer
2020-12-31 10:54:22.7579 INFO Get User Success :102-Harinagar Sugar Mills Ltd, Bond Officer
2020-12-31 10:54:30.2541 INFO Get User Success :102-Harinagar Sugar Mills Ltd, Bond Officer
2020-12-31 10:54:30.2581 INFO Get RR List Success
2020-12-31 10:54:30.2581 INFO Get NOC Details Success
2020-12-31 10:54:30.2581 INFO Get NOC Details Success
2020-12-31 10:54:30.2581 INFO Get Balance Request Pass Success
2020-12-31 10:54:30.2581 INFO Get User Success :102-Harinagar Sugar Mills Ltd, Bond Officer
2020-12-31 10:54:57.8034 INFO Approve Request Pass Success
2020-12-31 10:54:57.8314 INFO Get User Success :102-Harinagar Sugar Mills Ltd, Bond Officer
2020-12-31 10:54:57.8375 INFO Get User Success :102-Harinagar Sugar Mills Ltd, Bond Officer
2020-12-31 10:55:00.4117 INFO Get User Success :102-Harinagar Sugar Mills Ltd, Bond Officer
2020-12-31 10:55:00.4167 INFO Get Pass List Success
2020-12-31 10:55:00.4167 INFO Get User Success :102-Harinagar Sugar Mills Ltd, Bond Officer
2020-12-31 10:55:02.1138 INFO Get User Success :102-Harinagar Sugar Mills Ltd, Bond Officer
2020-12-31 10:55:02.1199 INFO Get User Success :102-Harinagar Sugar Mills Ltd, Bond Officer
2020-12-31 10:55:15.3188 INFO Get User Success :97-Harinagar Sugar Mills Ltd
2020-12-31 10:55:18.7618 INFO Get User Success :97-Harinagar Sugar Mills Ltd
2020-12-31 10:55:18.7618 INFO Get User Success :97-Harinagar Sugar Mills Ltd
2020-12-31 10:55:19.9137 INFO Get User Success :97-Harinagar Sugar Mills Ltd
2020-12-31 10:55:19.9197 INFO Get Pass List Success
2020-12-31 10:55:19.9197 INFO Get User Success :97-Harinagar Sugar Mills Ltd
2020-12-31 10:55:22.1982 INFO Get User Success :97-Harinagar Sugar Mills Ltd
2020-12-31 10:55:22.1982 INFO Get User Success :97-Harinagar Sugar Mills Ltd
2020-12-31 10:55:25.2963 INFO Get User Success :97-Harinagar Sugar Mills Ltd
2020-12-31 10:55:25.2963 INFO Get Dispach Master List Success
2020-12-31 10:55:25.3142 INFO Get VAT Master List Success
2020-12-31 10:55:25.3142 INFO Get User Success :97-Harinagar Sugar Mills Ltd
2020-12-31 10:55:46.0671 INFO Get User Success :97-Harinagar Sugar Mills Ltd
2020-12-31 10:55:46.0721 INFO Get Pass List Success
2020-12-31 10:55:46.0721 INFO Get User Success :97-Harinagar Sugar Mills Ltd
2020-12-31 11:01:04.5479 INFO Get User Success :97-Harinagar Sugar Mills Ltd
2020-12-31 11:01:22.0195 INFO Get User Success :97-Harinagar Sugar Mills Ltd
2020-12-31 11:01:22.0732 INFO Get User Success :97-Harinagar Sugar Mills Ltd
2020-12-31 11:01:34.0015 INFO Get User Success :97-Harinagar Sugar Mills Ltd
2020-12-31 11:01:38.6315 INFO Get RR List Success
2020-12-31 11:01:47.4285 INFO Get User Success :97-Harinagar Sugar Mills Ltd
2020-12-31 11:01:51.2306 INFO Get NOC Details Success
2020-12-31 11:01:53.0501 INFO Get NOC Details Success
2020-12-31 11:01:53.0558 INFO Get Balance Request Pass Success
2020-12-31 11:02:28.5729 INFO Get NOC Details Success
2020-12-31 11:02:28.5729 INFO Get Balance Request Pass Success
2020-12-31 11:02:35.6857 INFO Get User Success :97-Harinagar Sugar Mills Ltd
2020-12-31 11:02:35.6857 INFO Get User Success :97-Harinagar Sugar Mills Ltd
2020-12-31 11:02:39.8255 INFO Get User Success :97-Harinagar Sugar Mills Ltd
2020-12-31 11:02:44.3800 INFO Get RR List Success
2020-12-31 11:02:44.3841 INFO Get User Success :97-Harinagar Sugar Mills Ltd
2020-12-31 11:02:59.0597 INFO Get User Success :97-Harinagar Sugar Mills Ltd
2020-12-31 11:03:04.8184 INFO Get RR List Success
2020-12-31 11:11:29.0030 INFO Get RR List Success
2020-12-31 11:11:29.0099 INFO Get User Success :97-Harinagar Sugar Mills Ltd
2020-12-31 11:14:25.9743 INFO Get User Success :97-Harinagar Sugar Mills Ltd
2020-12-31 11:14:30.6491 INFO Get User Success :97-Harinagar Sugar Mills Ltd
2020-12-31 11:14:30.6949 INFO Get User Success :97-Harinagar Sugar Mills Ltd
2020-12-31 11:14:36.7959 INFO Get User Success :97-Harinagar Sugar Mills Ltd
2020-12-31 11:15:04.5270 INFO Get RR List Success
2020-12-31 11:15:04.5270 INFO Get User Success :97-Harinagar Sugar Mills Ltd
2020-12-31 11:15:10.7127 INFO Get User Success :97-Harinagar Sugar Mills Ltd
2020-12-31 11:15:10.7127 INFO Get User Success :97-Harinagar Sugar Mills Ltd
2020-12-31 11:21:08.8024 INFO Get User Success :97-Harinagar Sugar Mills Ltd
2020-12-31 11:21:08.8058 INFO Get Dispach Master List Success
2020-12-31 11:21:08.8530 INFO Get VAT Master List Success
2020-12-31 11:21:08.8530 INFO Get User Success :97-Harinagar Sugar Mills Ltd
2020-12-31 11:21:19.8406 INFO Get User Success :97-Harinagar Sugar Mills Ltd
2020-12-31 11:21:19.8406 INFO Get Pass List Success
2020-12-31 11:21:19.8644 INFO Get User Success :97-Harinagar Sugar Mills Ltd
2020-12-31 11:21:22.5541 INFO Get User Success :97-Harinagar Sugar Mills Ltd
2020-12-31 11:21:22.5621 INFO Get User Success :97-Harinagar Sugar Mills Ltd
2020-12-31 11:21:26.0054 INFO Get User Success :97-Harinagar Sugar Mills Ltd
2020-12-31 11:21:31.7372 INFO Get RR List Success
2020-12-31 11:21:31.7372 INFO Get User Success :97-Harinagar Sugar Mills Ltd
2020-12-31 11:21:53.6511 INFO Get User Success :97-Harinagar Sugar Mills Ltd
2020-12-31 11:21:56.4318 INFO Get RR List Success
2020-12-31 11:25:57.7837 INFO Get User Success :97-Harinagar Sugar Mills Ltd
2020-12-31 11:26:01.5330 INFO Get User Success :97-Harinagar Sugar Mills Ltd
2020-12-31 11:26:01.5422 INFO Get RR List Success
2020-12-31 11:26:03.6739 INFO Get User Success :97-Harinagar Sugar Mills Ltd
2020-12-31 11:26:03.6798 INFO Get User Success :97-Harinagar Sugar Mills Ltd
2020-12-31 11:26:13.5473 INFO Get User Success :97-Harinagar Sugar Mills Ltd
2020-12-31 11:26:13.5473 INFO Get RR List Success
2020-12-31 11:26:13.5741 INFO Get User Success :97-Harinagar Sugar Mills Ltd
2020-12-31 11:26:13.5741 INFO Get User Success :97-Harinagar Sugar Mills Ltd
2020-12-31 11:26:18.5831 INFO Get User Success :97-Harinagar Sugar Mills Ltd
2020-12-31 11:26:18.5911 INFO Get RR List Success
2020-12-31 11:26:18.6117 INFO Get User Success :97-Harinagar Sugar Mills Ltd
2020-12-31 11:26:18.6117 INFO Get User Success :97-Harinagar Sugar Mills Ltd
2020-12-31 11:26:29.9685 INFO Get User Success :97-Harinagar Sugar Mills Ltd
2020-12-31 11:26:29.9685 INFO Get RR List Success
2020-12-31 11:26:37.6714 INFO Get User Success :97-Harinagar Sugar Mills Ltd
2020-12-31 11:31:59.0572 INFO Get User Success :97-Harinagar Sugar Mills Ltd
2020-12-31 11:31:59.0572 INFO Get User Success :97-Harinagar Sugar Mills Ltd
2020-12-31 11:32:03.2821 INFO Get User Success :97-Harinagar Sugar Mills Ltd
2020-12-31 11:32:03.2921 INFO Get RR List Success
2020-12-31 11:32:03.2921 INFO Get User Success :97-Harinagar Sugar Mills Ltd
2020-12-31 11:32:30.3691 INFO Get User Success :97-Harinagar Sugar Mills Ltd
2020-12-31 11:32:30.3691 INFO Get RR List Success
2020-12-31 11:34:44.1464 INFO Get User Success :97-Harinagar Sugar Mills Ltd
2020-12-31 11:34:53.6072 INFO Get User Success :97-Harinagar Sugar Mills Ltd
2020-12-31 11:34:53.6072 INFO Get RR List Success
2020-12-31 11:35:08.3483 INFO Get User Success :97-Harinagar Sugar Mills Ltd
2020-12-31 11:35:15.4923 INFO Get User Success :97-Harinagar Sugar Mills Ltd
2020-12-31 11:35:15.4923 INFO Get User Success :97-Harinagar Sugar Mills Ltd
2020-12-31 11:36:15.1293 INFO Get User Success :97-Harinagar Sugar Mills Ltd
2020-12-31 11:36:15.1373 INFO Get RR List Success
2020-12-31 11:36:45.2648 INFO Get User Success :97-Harinagar Sugar Mills Ltd
2020-12-31 11:36:56.4114 INFO Get User Success :98-Harinagar Sugar Mills Limited(Distillery Division)
2020-12-31 11:36:59.9045 INFO Get User Success :98-Harinagar Sugar Mills Limited(Distillery Division)
2020-12-31 11:36:59.9045 INFO Get User Success :98-Harinagar Sugar Mills Limited(Distillery Division)
2020-12-31 11:37:11.1233 INFO Get User Success :98-Harinagar Sugar Mills Limited(Distillery Division)
2020-12-31 11:37:11.1357 INFO Get RR List Success
2020-12-31 11:37:19.2918 INFO Get User Success :98-Harinagar Sugar Mills Limited(Distillery Division)
2020-12-31 11:37:23.0441 INFO Get NOC Details Success
2020-12-31 11:37:25.6722 INFO Get NOC Details Success
2020-12-31 11:37:25.6722 INFO Get Balance Request Pass Success
2020-12-31 11:39:05.3779 INFO Get User Success :98-Harinagar Sugar Mills Limited(Distillery Division)
2020-12-31 11:39:17.2816 INFO Get User Success :98-Harinagar Sugar Mills Limited(Distillery Division)
2020-12-31 11:39:17.3290 INFO Get User Success :98-Harinagar Sugar Mills Limited(Distillery Division)
2020-12-31 11:39:22.9443 INFO Get User Success :98-Harinagar Sugar Mills Limited(Distillery Division)
2020-12-31 11:39:22.9600 INFO Get RR List Success
2020-12-31 11:39:29.1199 INFO Get User Success :98-Harinagar Sugar Mills Limited(Distillery Division)
2020-12-31 11:39:33.7601 INFO Get NOC Details Success
2020-12-31 11:39:35.7763 INFO Get NOC Details Success
2020-12-31 11:39:35.7763 INFO Get Balance Request Pass Success
2020-12-31 11:40:06.4232 INFO Get NOC Details Success
2020-12-31 11:44:57.6100 INFO Get User Success :98-Harinagar Sugar Mills Limited(Distillery Division)
2020-12-31 11:45:01.4069 INFO Get User Success :98-Harinagar Sugar Mills Limited(Distillery Division)
2020-12-31 11:45:01.4543 INFO Get User Success :98-Harinagar Sugar Mills Limited(Distillery Division)
2020-12-31 11:45:05.0996 INFO Get User Success :98-Harinagar Sugar Mills Limited(Distillery Division)
2020-12-31 11:45:05.1155 INFO Get RR List Success
2020-12-31 11:45:08.5685 INFO Get User Success :98-Harinagar Sugar Mills Limited(Distillery Division)
2020-12-31 11:45:20.7210 INFO Get NOC Details Success
2020-12-31 11:47:04.6236 INFO Get NOC Details Success
2020-12-31 11:49:35.3651 INFO Get NOC Details Success
2020-12-31 11:49:35.3651 INFO Get Balance Request Pass Success
2020-12-31 11:50:02.2309 INFO Get NOC Details Success
2020-12-31 11:50:20.7376 INFO Get Balance Request Pass Success
2020-12-31 11:50:35.2146 INFO Get NOC Details Success
2020-12-31 11:50:56.9048 INFO Get Balance Request Pass Success
2020-12-31 11:52:22.6497 INFO Get Balance Request Pass fail :Connection is not open
2020-12-31 11:53:16.5999 INFO Get Balance Request Pass Success
2020-12-31 11:53:23.2235 INFO Get User Success :98-Harinagar Sugar Mills Limited(Distillery Division)
2020-12-31 11:53:23.2295 INFO Get User Success :98-Harinagar Sugar Mills Limited(Distillery Division)
2020-12-31 11:53:27.5088 INFO Get User Success :98-Harinagar Sugar Mills Limited(Distillery Division)
2020-12-31 11:53:27.5088 INFO Get RR List Success
2020-12-31 11:53:30.6404 INFO Get User Success :98-Harinagar Sugar Mills Limited(Distillery Division)
2020-12-31 11:53:33.5539 INFO Get NOC Details Success
2020-12-31 11:53:34.9459 INFO Get NOC Details Success
2020-12-31 11:54:23.4950 INFO Get Balance Request Pass Success
2020-12-31 11:54:31.3499 INFO Get NOC Details Success
2020-12-31 11:54:34.2343 INFO Get Balance Request Pass Success
2020-12-31 11:58:02.6479 INFO Get User Success :98-Harinagar Sugar Mills Limited(Distillery Division)
2020-12-31 11:58:08.6718 INFO Get User Success :98-Harinagar Sugar Mills Limited(Distillery Division)
2020-12-31 11:58:08.7349 INFO Get User Success :98-Harinagar Sugar Mills Limited(Distillery Division)
2020-12-31 11:58:18.7694 INFO Get User Success :98-Harinagar Sugar Mills Limited(Distillery Division)
2020-12-31 11:58:18.7852 INFO Get RR List Success
2020-12-31 11:58:25.2802 INFO Get User Success :98-Harinagar Sugar Mills Limited(Distillery Division)
2020-12-31 11:58:28.1528 INFO Get NOC Details Success
2020-12-31 11:58:29.7873 INFO Get NOC Details Success
2020-12-31 11:59:13.9948 INFO Get Balance Request Pass Success
2020-12-31 12:00:23.7632 INFO Get NOC Details Success
2020-12-31 12:00:23.7632 INFO Get Balance Request Pass Success
2020-12-31 12:00:37.9342 INFO Get NOC Details Success
2020-12-31 12:01:03.1858 INFO Get Balance Request Pass Success
2020-12-31 12:01:29.2973 INFO Insert Request Pass Success
2020-12-31 12:01:29.3261 INFO Get User Success :98-Harinagar Sugar Mills Limited(Distillery Division)
2020-12-31 12:01:29.3261 INFO Get User Success :98-Harinagar Sugar Mills Limited(Distillery Division)
2020-12-31 12:01:30.7759 INFO Get User Success :98-Harinagar Sugar Mills Limited(Distillery Division)
2020-12-31 12:01:30.7759 INFO Get RR List Success
2020-12-31 12:01:30.7893 INFO Get RR List Success
2020-12-31 12:01:30.7893 INFO Get Balance Request Pass Success
2020-12-31 12:01:30.7893 INFO Get User Success :98-Harinagar Sugar Mills Limited(Distillery Division)
2020-12-31 12:01:38.1594 INFO Get User Success :98-Harinagar Sugar Mills Limited(Distillery Division)
2020-12-31 12:01:38.1664 INFO Get User Success :98-Harinagar Sugar Mills Limited(Distillery Division)
2020-12-31 12:01:41.3433 INFO Get User Success :98-Harinagar Sugar Mills Limited(Distillery Division)
2020-12-31 12:01:41.3519 INFO Get RR List Success
2020-12-31 12:01:41.3519 INFO Get NOC Details Success
2020-12-31 12:01:41.3519 INFO Get NOC Details Success
2020-12-31 12:01:41.3519 INFO Get Balance Request Pass Success
2020-12-31 12:01:41.3519 INFO Get User Success :98-Harinagar Sugar Mills Limited(Distillery Division)
2020-12-31 12:01:49.6098 INFO Get User Success :98-Harinagar Sugar Mills Limited(Distillery Division)
2020-12-31 12:01:49.6098 INFO Get User Success :98-Harinagar Sugar Mills Limited(Distillery Division)
2020-12-31 12:01:54.6607 INFO Get User Success :98-Harinagar Sugar Mills Limited(Distillery Division)
2020-12-31 12:01:54.6656 INFO Get RR List Success
2020-12-31 12:01:54.6656 INFO Get User Success :98-Harinagar Sugar Mills Limited(Distillery Division)
2020-12-31 12:01:57.5628 INFO Get RR List Success
2020-12-31 12:01:57.5628 INFO Get Balance Request Pass Success
2020-12-31 12:02:07.0864 INFO Get User Success :98-Harinagar Sugar Mills Limited(Distillery Division)
2020-12-31 12:02:07.0864 INFO Get Pass List Success
2020-12-31 12:02:07.0864 INFO Get User Success :98-Harinagar Sugar Mills Limited(Distillery Division)
2020-12-31 12:02:10.8726 INFO Get User Success :98-Harinagar Sugar Mills Limited(Distillery Division)
2020-12-31 12:02:10.8726 INFO Get User Success :98-Harinagar Sugar Mills Limited(Distillery Division)
2020-12-31 12:02:21.0961 INFO Get User Success :98-Harinagar Sugar Mills Limited(Distillery Division)
2020-12-31 12:02:21.0961 INFO Get RR List Success
2020-12-31 12:02:21.1021 INFO Get User Success :98-Harinagar Sugar Mills Limited(Distillery Division)
2020-12-31 12:02:23.6255 INFO Get RR List Success
2020-12-31 12:02:23.6255 INFO Get Balance Request Pass Success
2020-12-31 12:02:50.5197 INFO Get RR List Success
2020-12-31 12:03:28.0094 INFO Get RR List Success
2020-12-31 12:03:59.9657 INFO Get Balance Request Pass Success
2020-12-31 12:05:11.6177 INFO Get RR List Success
2020-12-31 12:05:11.6177 INFO Get Balance Request Pass Success
2020-12-31 12:08:12.5810 INFO Get RR List Success
2020-12-31 12:08:22.3287 INFO Get RR List Success
2020-12-31 12:08:50.9029 INFO Get RR List Success
2020-12-31 12:09:34.4700 INFO Get User Success :98-Harinagar Sugar Mills Limited(Distillery Division)
2020-12-31 12:09:34.4770 INFO Get User Success :98-Harinagar Sugar Mills Limited(Distillery Division)
2020-12-31 12:09:36.8324 INFO Get User Success :98-Harinagar Sugar Mills Limited(Distillery Division)
2020-12-31 12:09:36.8419 INFO Get RR List Success
2020-12-31 12:09:36.8419 INFO Get User Success :98-Harinagar Sugar Mills Limited(Distillery Division)
2020-12-31 12:09:52.8878 INFO Get User Success :98-Harinagar Sugar Mills Limited(Distillery Division)
2020-12-31 12:09:52.8878 INFO Get RR List Success
2020-12-31 12:10:09.4856 INFO Get User Success :98-Harinagar Sugar Mills Limited(Distillery Division)
2020-12-31 12:10:31.3067 INFO Get User Success :98-Harinagar Sugar Mills Limited(Distillery Division)
2020-12-31 12:10:31.3067 INFO Get User Success :98-Harinagar Sugar Mills Limited(Distillery Division)
2020-12-31 12:10:32.4092 INFO Get User Success :98-Harinagar Sugar Mills Limited(Distillery Division)
2020-12-31 12:10:32.4172 INFO Get RR List Success
2020-12-31 12:10:32.4172 INFO Get RR List Success
2020-12-31 12:10:32.4172 INFO Get User Success :98-Harinagar Sugar Mills Limited(Distillery Division)
2020-12-31 12:10:47.5549 INFO Get User Success :98-Harinagar Sugar Mills Limited(Distillery Division)
2020-12-31 12:10:54.6001 INFO Get RR List Success
2020-12-31 12:10:54.6102 INFO Get RR List Success
2020-12-31 12:10:54.6102 INFO Get Balance Request Pass Success
2020-12-31 12:10:54.6102 INFO Get User Success :98-Harinagar Sugar Mills Limited(Distillery Division)
2020-12-31 12:11:01.5194 INFO Get User Success :98-Harinagar Sugar Mills Limited(Distillery Division)
2020-12-31 12:11:01.5258 INFO Get User Success :98-Harinagar Sugar Mills Limited(Distillery Division)
2020-12-31 12:11:05.3620 INFO Get User Success :98-Harinagar Sugar Mills Limited(Distillery Division)
2020-12-31 12:11:05.3690 INFO Get RR List Success
2020-12-31 12:11:05.3690 INFO Get User Success :98-Harinagar Sugar Mills Limited(Distillery Division)
2020-12-31 12:11:41.9950 INFO Get User Success :98-Harinagar Sugar Mills Limited(Distillery Division)
2020-12-31 12:11:46.3006 INFO Get RR List Success
2020-12-31 12:11:46.3006 INFO Get User Success :98-Harinagar Sugar Mills Limited(Distillery Division)
2020-12-31 12:11:50.0890 INFO Get NOC Details Success
2020-12-31 12:11:55.9080 INFO Get NOC Details Success
2020-12-31 12:11:55.9080 INFO Get Balance Request Pass Success
2020-12-31 12:12:18.5729 INFO Get NOC Details Success
2020-12-31 12:12:18.5729 INFO Get Balance Request Pass Success
2020-12-31 12:13:06.2103 INFO Get NOC Details Success
2020-12-31 12:13:06.2113 INFO Get Balance Request Pass Success
2020-12-31 12:13:09.4769 INFO Get NOC Details Success
2020-12-31 12:13:09.4769 INFO Get Balance Request Pass Success
2020-12-31 12:13:22.7088 INFO Get NOC Details Success
2020-12-31 12:13:22.7088 INFO Get Balance Request Pass Success
2020-12-31 12:13:24.2508 INFO Get User Success :98-Harinagar Sugar Mills Limited(Distillery Division)
2020-12-31 12:13:24.2508 INFO Get Pass List Success
2020-12-31 12:13:24.2616 INFO Get User Success :98-Harinagar Sugar Mills Limited(Distillery Division)
2020-12-31 12:13:24.9107 INFO Get User Success :98-Harinagar Sugar Mills Limited(Distillery Division)
2020-12-31 12:13:24.9157 INFO Get User Success :98-Harinagar Sugar Mills Limited(Distillery Division)
2020-12-31 12:13:31.0533 INFO Get User Success :98-Harinagar Sugar Mills Limited(Distillery Division)
2020-12-31 12:14:01.9310 INFO Get RR List Success
2020-12-31 12:15:05.3528 INFO Get User Success :98-Harinagar Sugar Mills Limited(Distillery Division)
2020-12-31 12:15:19.4605 INFO Get User Success :98-Harinagar Sugar Mills Limited(Distillery Division)
2020-12-31 12:15:19.4700 INFO Get RR List Success
2020-12-31 12:16:12.9666 INFO Get User Success :98-Harinagar Sugar Mills Limited(Distillery Division)
2020-12-31 12:17:41.7843 INFO Get User Success :98-Harinagar Sugar Mills Limited(Distillery Division)
2020-12-31 12:17:41.7892 INFO Get User Success :98-Harinagar Sugar Mills Limited(Distillery Division)
2020-12-31 12:17:47.7535 INFO Get User Success :98-Harinagar Sugar Mills Limited(Distillery Division)
2020-12-31 12:17:47.7649 INFO Get RR List Success
2020-12-31 12:19:31.1999 INFO Get RR List Success
2020-12-31 12:19:34.7118 INFO Get RR List Success
2020-12-31 12:19:34.7118 INFO Get Balance Request Pass Success
2020-12-31 12:19:34.7118 INFO Get User Success :98-Harinagar Sugar Mills Limited(Distillery Division)
2020-12-31 12:19:39.7342 INFO Get User Success :98-Harinagar Sugar Mills Limited(Distillery Division)
2020-12-31 12:19:39.7342 INFO Get User Success :98-Harinagar Sugar Mills Limited(Distillery Division)
2020-12-31 12:19:41.9682 INFO Get User Success :98-Harinagar Sugar Mills Limited(Distillery Division)
2020-12-31 12:19:41.9682 INFO Get RR List Success
2020-12-31 12:19:43.4016 INFO Get User Success :98-Harinagar Sugar Mills Limited(Distillery Division)
2020-12-31 12:19:47.4442 INFO Get RR List Success
2020-12-31 12:19:47.4462 INFO Get Balance Request Pass Success
2020-12-31 12:19:55.4590 INFO Get RR List Success
2020-12-31 12:19:55.4590 INFO Get Balance Request Pass Success
2020-12-31 12:19:59.4911 INFO Get User Success :98-Harinagar Sugar Mills Limited(Distillery Division)
2020-12-31 12:19:59.4960 INFO Get User Success :98-Harinagar Sugar Mills Limited(Distillery Division)
2020-12-31 12:20:00.8588 INFO Get User Success :98-Harinagar Sugar Mills Limited(Distillery Division)
2020-12-31 12:20:00.8683 INFO Get RR List Success
2020-12-31 12:20:11.9279 INFO Get RR List Success
2020-12-31 12:21:11.0848 INFO Get User Success :98-Harinagar Sugar Mills Limited(Distillery Division)
2020-12-31 12:21:27.1968 INFO Get User Success :98-Harinagar Sugar Mills Limited(Distillery Division)
2020-12-31 12:21:27.1968 INFO Get RR List Success
2020-12-31 12:21:42.4965 INFO Get User Success :98-Harinagar Sugar Mills Limited(Distillery Division)
2020-12-31 12:21:49.0103 INFO Get User Success :98-Harinagar Sugar Mills Limited(Distillery Division)
2020-12-31 12:21:49.0103 INFO Get User Success :98-Harinagar Sugar Mills Limited(Distillery Division)
2020-12-31 12:21:56.2484 INFO Get User Success :98-Harinagar Sugar Mills Limited(Distillery Division)
2020-12-31 12:21:56.2484 INFO Get RR List Success
2020-12-31 12:22:45.3972 INFO Get User Success :98-Harinagar Sugar Mills Limited(Distillery Division)
2020-12-31 12:22:49.0781 INFO Get User Success :98-Harinagar Sugar Mills Limited(Distillery Division)
2020-12-31 12:22:49.0781 INFO Get User Success :98-Harinagar Sugar Mills Limited(Distillery Division)
2020-12-31 12:22:51.5075 INFO Get User Success :98-Harinagar Sugar Mills Limited(Distillery Division)
2020-12-31 12:22:51.5155 INFO Get RR List Success
2020-12-31 12:22:53.7299 INFO Get RR List Success
2020-12-31 12:22:53.7299 INFO Get Balance Request Pass Success
2020-12-31 12:22:53.7299 INFO Get User Success :98-Harinagar Sugar Mills Limited(Distillery Division)
2020-12-31 12:22:56.6502 INFO Get User Success :98-Harinagar Sugar Mills Limited(Distillery Division)
2020-12-31 12:22:56.6502 INFO Get User Success :98-Harinagar Sugar Mills Limited(Distillery Division)
2020-12-31 12:23:01.4061 INFO Get User Success :98-Harinagar Sugar Mills Limited(Distillery Division)
2020-12-31 12:23:01.4162 INFO Get RR List Success
2020-12-31 12:23:01.4162 INFO Get NOC Details Success
2020-12-31 12:23:01.4162 INFO Get NOC Details Success
2020-12-31 12:23:01.4162 INFO Get Balance Request Pass Success
2020-12-31 12:23:01.4327 INFO Get User Success :98-Harinagar Sugar Mills Limited(Distillery Division)
2020-12-31 12:23:17.4667 INFO Update Request Pass Success
2020-12-31 12:23:17.4898 INFO Get User Success :98-Harinagar Sugar Mills Limited(Distillery Division)
2020-12-31 12:23:17.4948 INFO Get User Success :98-Harinagar Sugar Mills Limited(Distillery Division)
2020-12-31 12:23:26.3321 INFO Get User Success :98-Harinagar Sugar Mills Limited(Distillery Division)
2020-12-31 12:23:26.3402 INFO Get RR List Success
2020-12-31 12:23:26.3402 INFO Get NOC Details Success
2020-12-31 12:23:26.3402 INFO Get NOC Details Success
2020-12-31 12:23:26.3519 INFO Get Balance Request Pass Success
2020-12-31 12:23:26.3519 INFO Get User Success :98-Harinagar Sugar Mills Limited(Distillery Division)
2020-12-31 12:23:29.8954 INFO Update Request Pass Success
2020-12-31 12:23:29.9201 INFO Get User Success :98-Harinagar Sugar Mills Limited(Distillery Division)
2020-12-31 12:23:29.9201 INFO Get User Success :98-Harinagar Sugar Mills Limited(Distillery Division)
2020-12-31 12:23:37.7255 INFO Get User Success :98-Harinagar Sugar Mills Limited(Distillery Division)
2020-12-31 12:23:37.7335 INFO Get RR List Success
2020-12-31 12:23:37.7335 INFO Get User Success :98-Harinagar Sugar Mills Limited(Distillery Division)
2020-12-31 12:23:41.2348 INFO Get User Success :98-Harinagar Sugar Mills Limited(Distillery Division)
2020-12-31 12:23:41.2348 INFO Get User Success :98-Harinagar Sugar Mills Limited(Distillery Division)
2020-12-31 12:23:45.1735 INFO Get User Success :98-Harinagar Sugar Mills Limited(Distillery Division)
2020-12-31 12:23:45.1824 INFO Get RR List Success
2020-12-31 12:23:45.1824 INFO Get User Success :98-Harinagar Sugar Mills Limited(Distillery Division)
2020-12-31 12:23:48.9603 INFO Get User Success :98-Harinagar Sugar Mills Limited(Distillery Division)
2020-12-31 12:23:48.9653 INFO Get User Success :98-Harinagar Sugar Mills Limited(Distillery Division)
2020-12-31 12:23:55.8131 INFO Get User Success :98-Harinagar Sugar Mills Limited(Distillery Division)
2020-12-31 12:23:55.8131 INFO Get RR List Success
2020-12-31 12:23:55.8262 INFO Get NOC Details Success
2020-12-31 12:23:55.8262 INFO Get NOC Details Success
2020-12-31 12:23:55.8262 INFO Get Balance Request Pass Success
2020-12-31 12:23:55.8262 INFO Get User Success :98-Harinagar Sugar Mills Limited(Distillery Division)
2020-12-31 12:24:11.7174 INFO Get User Success :97-Harinagar Sugar Mills Ltd
2020-12-31 12:24:13.8246 INFO Get User Success :97-Harinagar Sugar Mills Ltd
2020-12-31 12:24:13.8246 INFO Get User Success :97-Harinagar Sugar Mills Ltd
2020-12-31 12:24:17.1452 INFO Get User Success :97-Harinagar Sugar Mills Ltd
2020-12-31 12:24:17.1540 INFO Get RR List Success
2020-12-31 12:24:17.1540 INFO Get RR List Success
2020-12-31 12:24:17.1653 INFO Get Balance Request Pass Success
2020-12-31 12:24:17.1653 INFO Get User Success :97-Harinagar Sugar Mills Ltd
2020-12-31 12:24:18.5942 INFO Get User Success :97-Harinagar Sugar Mills Ltd
2020-12-31 12:24:18.6032 INFO Get User Success :97-Harinagar Sugar Mills Ltd
2020-12-31 12:24:22.2697 INFO Get User Success :97-Harinagar Sugar Mills Ltd
2020-12-31 12:24:22.2768 INFO Get RR List Success
2020-12-31 12:24:22.2768 INFO Get User Success :97-Harinagar Sugar Mills Ltd
2020-12-31 12:24:24.8669 INFO Get User Success :97-Harinagar Sugar Mills Ltd
2020-12-31 12:24:24.8719 INFO Get User Success :97-Harinagar Sugar Mills Ltd
2020-12-31 12:24:25.7334 INFO Get User Success :97-Harinagar Sugar Mills Ltd
2020-12-31 12:24:25.7334 INFO Get RR List Success
2020-12-31 12:24:25.7515 INFO Get RR List Success
2020-12-31 12:24:25.7515 INFO Get Balance Request Pass Success
2020-12-31 12:24:25.7515 INFO Get User Success :97-Harinagar Sugar Mills Ltd
2020-12-31 12:25:36.7838 INFO Get User Success :97-Harinagar Sugar Mills Ltd
2020-12-31 12:25:36.7929 INFO Get RR List Success
2020-12-31 12:25:36.7929 INFO Get RR List Success
2020-12-31 12:25:36.7929 INFO Get Balance Request Pass Success
2020-12-31 12:25:54.7008 INFO Get User Success :97-Harinagar Sugar Mills Ltd
2020-12-31 12:26:11.6839 INFO Get User Success :97-Harinagar Sugar Mills Ltd
2020-12-31 12:26:11.6839 INFO Get RR List Success
2020-12-31 12:26:46.0495 INFO Get RR List Success
2020-12-31 12:26:46.0495 INFO Get Balance Request Pass Success
2020-12-31 12:26:46.0495 INFO Get User Success :97-Harinagar Sugar Mills Ltd
2020-12-31 12:26:50.3952 INFO Get User Success :97-Harinagar Sugar Mills Ltd
2020-12-31 12:26:50.4042 INFO Get RR List Success
2020-12-31 12:26:52.5257 INFO Get RR List Success
2020-12-31 12:26:52.5257 INFO Get Balance Request Pass Success
2020-12-31 12:26:52.5257 INFO Get User Success :97-Harinagar Sugar Mills Ltd
2020-12-31 12:27:23.1723 INFO Get User Success :97-Harinagar Sugar Mills Ltd
2020-12-31 12:27:23.1820 INFO Get RR List Success
2020-12-31 12:27:23.1820 INFO Get RR List Success
2020-12-31 12:27:23.1820 INFO Get Balance Request Pass Success
2020-12-31 12:27:47.6119 INFO Get User Success :97-Harinagar Sugar Mills Ltd
2020-12-31 12:28:09.3122 INFO Get User Success :97-Harinagar Sugar Mills Ltd
2020-12-31 12:28:09.3122 INFO Get User Success :97-Harinagar Sugar Mills Ltd
2020-12-31 12:28:10.4552 INFO Get User Success :97-Harinagar Sugar Mills Ltd
2020-12-31 12:28:10.4632 INFO Get RR List Success
2020-12-31 12:28:10.4632 INFO Get RR List Success
2020-12-31 12:28:10.4632 INFO Get Balance Request Pass Success
2020-12-31 12:28:10.4772 INFO Get User Success :97-Harinagar Sugar Mills Ltd
2020-12-31 12:28:12.1455 INFO Get User Success :97-Harinagar Sugar Mills Ltd
2020-12-31 12:28:12.1515 INFO Get Pass List Success
2020-12-31 12:28:12.1515 INFO Get User Success :97-Harinagar Sugar Mills Ltd
2020-12-31 12:28:13.9015 INFO Get User Success :97-Harinagar Sugar Mills Ltd
2020-12-31 12:28:13.9015 INFO Get Dispach Master List Success
2020-12-31 12:28:13.9187 INFO Get VAT Master List Success
2020-12-31 12:28:13.9305 INFO Get Pass List Success
2020-12-31 12:28:13.9305 INFO Get User Success :97-Harinagar Sugar Mills Ltd
2020-12-31 15:05:00.8008 INFO Get User Success :100-Deputy Commissioner
2020-12-31 15:05:15.9015 INFO Get User Success :100-Deputy Commissioner
2020-12-31 15:05:15.9325 INFO Check WorkFlow List Success
2020-12-31 15:05:16.0822 INFO Get User Success :100-Deputy Commissioner
2020-12-31 15:05:16.0822 INFO Check WorkFlow List Success
2020-12-31 15:05:16.1241 INFO Get Allotment List Success
2020-12-31 15:05:16.3234 INFO Get User Success :100-Deputy Commissioner
2020-12-31 15:05:17.9956 INFO Get User Success :100-Deputy Commissioner
2020-12-31 15:05:17.9956 INFO Check WorkFlow List Success
2020-12-31 15:05:17.9956 INFO Get Allotment List Success
2020-12-31 15:05:18.6926 INFO Get GetSeverList Success
2020-12-31 15:05:28.8878 INFO Get User Success :100-Deputy Commissioner
2020-12-31 15:05:28.8878 INFO Check WorkFlow List Success
2020-12-31 15:05:28.8878 INFO Get Allotment List Success
2020-12-31 15:05:29.1192 INFO Get GetSeverList Success
2020-12-31 15:05:57.2220 INFO Get User Success :100-Deputy Commissioner
2020-12-31 15:05:57.2220 INFO Check WorkFlow List Success
2020-12-31 15:05:57.2277 INFO Get Allotment List Success
2020-12-31 15:05:57.4236 INFO Get GetSeverList Success
2020-12-31 15:07:40.6122 INFO Get User Success :100-Deputy Commissioner
2020-12-31 15:07:40.6122 INFO Check WorkFlow List Success
2020-12-31 15:07:40.6195 INFO Get Allotment List Success
2020-12-31 15:07:40.8751 INFO Get GetSeverList Success
2020-12-31 15:07:46.3611 INFO Get User Success :100-Deputy Commissioner
2020-12-31 15:07:46.3611 INFO Check WorkFlow List Success
2020-12-31 15:07:46.3611 INFO Get Allotment List Success
2020-12-31 15:07:46.4492 INFO Get User Success :100-Deputy Commissioner
2020-12-31 15:07:57.8881 INFO Get Party Master List Success
2020-12-31 15:07:57.9071 INFO Get Indent List Success
2020-12-31 15:07:57.9159 INFO Get Allotment Details Success
2020-12-31 15:07:57.9159 INFO Get Party Master List Success
2020-12-31 15:07:58.0053 INFO Check WorkFlow List Success
2020-12-31 15:07:58.0158 INFO Get User Success :100-Deputy Commissioner
2020-12-31 15:09:19.8643 INFO Get User Success :100-Deputy Commissioner
2020-12-31 15:09:23.9463 INFO Get Party Master List Success
2020-12-31 15:09:23.9463 INFO Get Indent List Success
2020-12-31 15:09:23.9463 INFO Get Allotment Details Success
2020-12-31 15:09:23.9463 INFO Get Party Master List Success
2020-12-31 15:09:23.9463 INFO Check WorkFlow List Success
2020-12-31 15:09:23.9632 INFO Get User Success :100-Deputy Commissioner
2020-12-31 15:11:41.5998 INFO Get User Success :100-Deputy Commissioner
2020-12-31 15:11:46.0774 INFO Get Party Master List Success
2020-12-31 15:11:46.0774 INFO Get Indent List Success
2020-12-31 15:11:46.0774 INFO Get Allotment Details Success
2020-12-31 15:11:46.0883 INFO Get Party Master List Success
2020-12-31 15:11:46.0883 INFO Check WorkFlow List Success
2020-12-31 15:11:46.1058 INFO Get User Success :100-Deputy Commissioner
2020-12-31 15:12:48.1462 INFO Get User Success :100-Deputy Commissioner
2020-12-31 15:12:54.7945 INFO Get Party Master List Success
2020-12-31 15:12:54.7945 INFO Get Indent List Success
2020-12-31 15:12:54.7945 INFO Get Allotment Details Success
2020-12-31 15:12:54.8058 INFO Get Party Master List Success
2020-12-31 15:12:54.8058 INFO Check WorkFlow List Success
2020-12-31 15:12:54.8058 INFO Get User Success :100-Deputy Commissioner
2020-12-31 16:02:31.6775 INFO Get User Success :100-Deputy Commissioner
2020-12-31 16:02:42.6780 INFO Get User Success :100-Deputy Commissioner
2020-12-31 16:02:42.6822 INFO Check WorkFlow List Success
2020-12-31 16:02:42.6991 INFO Get RR List Success
2020-12-31 16:02:42.7349 INFO Get User Success :100-Deputy Commissioner
2020-12-31 16:02:45.3056 INFO NOC Approve Sucess:2
2020-12-31 16:02:45.3056 INFO Get RR List Success
2020-12-31 16:02:45.5056 INFO Get GetSeverList Success
2020-12-31 17:23:32.1018 INFO Get User Success :126-Hpcl Biofuels Limited, Ec, Bond Officer
2020-12-31 17:23:49.2840 INFO Get User Success :126-Hpcl Biofuels Limited, Ec, Bond Officer
2020-12-31 17:23:49.3882 INFO Get User Success :126-Hpcl Biofuels Limited, Ec, Bond Officer
2020-12-31 17:24:27.9476 INFO Get User Success :126-Hpcl Biofuels Limited, Ec, Bond Officer
2020-12-31 17:25:50.5389 INFO Get User Success :126-Hpcl Biofuels Limited, Ec, Bond Officer
2020-12-31 17:25:55.8964 INFO Get User Success :126-Hpcl Biofuels Limited, Ec, Bond Officer
2020-12-31 17:25:58.5388 INFO Get User Success :126-Hpcl Biofuels Limited, Ec, Bond Officer
2020-12-31 17:25:59.0530 INFO Get User Success :126-Hpcl Biofuels Limited, Ec, Bond Officer
2020-12-31 17:25:59.0629 INFO Get User Success :126-Hpcl Biofuels Limited, Ec, Bond Officer
2020-12-31 17:26:23.5594 INFO Get User Success :126-Hpcl Biofuels Limited, Ec, Bond Officer
2020-12-31 17:26:23.5799 INFO Get User Success :126-Hpcl Biofuels Limited, Ec, Bond Officer
2020-12-31 17:26:28.7217 INFO Get User Success :126-Hpcl Biofuels Limited, Ec, Bond Officer
2020-12-31 17:26:28.7325 INFO Get Pass List Success
2020-12-31 17:26:28.7457 INFO Get User Success :126-Hpcl Biofuels Limited, Ec, Bond Officer
2020-12-31 17:27:00.7050 INFO Get User Success :126-Hpcl Biofuels Limited, Ec, Bond Officer
2020-12-31 17:27:00.7050 INFO Get Pass List Success
2020-12-31 17:27:00.7234 INFO Get User Success :126-Hpcl Biofuels Limited, Ec, Bond Officer
2020-12-31 17:29:01.7922 INFO Get User Success :126-Hpcl Biofuels Limited, Ec, Bond Officer
2020-12-31 17:29:01.8283 INFO Get Dispach Master List Success
2020-12-31 17:29:01.8539 INFO Get VAT Master List Success
2020-12-31 17:29:01.8761 INFO Get Pass List Success
2020-12-31 17:29:01.9047 INFO Get User Success :126-Hpcl Biofuels Limited, Ec, Bond Officer
2020-12-31 17:29:04.0905 INFO Get User Success :126-Hpcl Biofuels Limited, Ec, Bond Officer
2020-12-31 17:29:04.0905 INFO Get Pass List Success
2020-12-31 17:29:04.0905 INFO Get User Success :126-Hpcl Biofuels Limited, Ec, Bond Officer
2020-12-31 17:29:04.9509 INFO Get User Success :126-Hpcl Biofuels Limited, Ec, Bond Officer
2020-12-31 17:29:04.9509 INFO Get User Success :126-Hpcl Biofuels Limited, Ec, Bond Officer
2020-12-31 17:29:06.2867 INFO Get User Success :126-Hpcl Biofuels Limited, Ec, Bond Officer
2020-12-31 17:29:06.3046 INFO Get RR List Success
2020-12-31 17:29:06.3186 INFO Get RR List Success
2020-12-31 17:29:06.3206 INFO Get Balance Request Pass Success
2020-12-31 17:29:06.3206 INFO Get User Success :126-Hpcl Biofuels Limited, Ec, Bond Officer
2020-12-31 17:29:15.5379 INFO Get User Success :126-Hpcl Biofuels Limited, Ec, Bond Officer
2020-12-31 17:29:15.5516 INFO Get User Success :126-Hpcl Biofuels Limited, Ec, Bond Officer
2020-12-31 17:29:48.2823 INFO Get User Success :126-Hpcl Biofuels Limited, Ec, Bond Officer
2020-12-31 17:29:48.2923 INFO Get RR List Success
2020-12-31 17:29:48.2923 INFO Get RR List Success
2020-12-31 17:29:48.2923 INFO Get Balance Request Pass Success
2020-12-31 17:29:48.3071 INFO Get User Success :126-Hpcl Biofuels Limited, Ec, Bond Officer
2020-12-31 17:29:52.2017 INFO Get User Success :126-Hpcl Biofuels Limited, Ec, Bond Officer
2020-12-31 17:29:52.2017 INFO Get User Success :126-Hpcl Biofuels Limited, Ec, Bond Officer
2020-12-31 17:32:03.5205 INFO Sugarcanepurchase Get List Success
2020-12-31 17:32:03.5245 INFO Get User Success :126-Hpcl Biofuels Limited, Ec, Bond Officer
2020-12-31 17:32:03.5245 INFO Get User Success :126-Hpcl Biofuels Limited, Ec, Bond Officer
2020-12-31 17:32:04.8820 INFO MIR GetList Sucess
2020-12-31 17:32:04.8856 INFO Get User Success :126-Hpcl Biofuels Limited, Ec, Bond Officer
2020-12-31 17:32:04.8856 INFO Get User Success :126-Hpcl Biofuels Limited, Ec, Bond Officer
2020-12-31 17:32:18.3528 INFO Get User Success :116-Hpcl Biofuels Ltd, Ec
2020-12-31 17:32:20.9677 INFO Sugarcanepurchase Get List Success
2020-12-31 17:32:20.9677 INFO Get User Success :116-Hpcl Biofuels Ltd, Ec
2020-12-31 17:32:20.9770 INFO Get User Success :116-Hpcl Biofuels Ltd, Ec
2020-12-31 17:32:23.6412 INFO MIR GetList Sucess
2020-12-31 17:32:23.6412 INFO Get User Success :116-Hpcl Biofuels Ltd, Ec
2020-12-31 17:32:23.6485 INFO Get User Success :116-Hpcl Biofuels Ltd, Ec
2020-12-31 17:32:32.4303 INFO Get User Success :116-Hpcl Biofuels Ltd, Ec
2020-12-31 17:32:32.4303 INFO Get VAT Master List Success
2020-12-31 17:32:32.4467 INFO Get Pass List Success
2020-12-31 17:32:32.4467 INFO Get User Success :116-Hpcl Biofuels Ltd, Ec
2020-12-31 17:32:37.2151 INFO MIR GetList Sucess
2020-12-31 17:32:37.2151 INFO Get User Success :116-Hpcl Biofuels Ltd, Ec
2020-12-31 17:32:37.2151 INFO Get User Success :116-Hpcl Biofuels Ltd, Ec
2020-12-31 17:32:40.3847 INFO Get User Success :116-Hpcl Biofuels Ltd, Ec
2020-12-31 17:32:40.3847 INFO Get VAT Master List Success
2020-12-31 17:32:40.4008 INFO Get Pass List Success
2020-12-31 17:32:40.4008 INFO MIR GetDetails Sucess
2020-12-31 17:32:40.4150 INFO Get Pass List Success
2020-12-31 17:32:40.4150 INFO Get User Success :116-Hpcl Biofuels Ltd, Ec
2020-12-31 17:32:43.3845 INFO MIR GetList Sucess
2020-12-31 17:32:43.3845 INFO Get User Success :116-Hpcl Biofuels Ltd, Ec
2020-12-31 17:32:43.3845 INFO Get User Success :116-Hpcl Biofuels Ltd, Ec
2020-12-31 17:32:44.6333 INFO Get User Success :116-Hpcl Biofuels Ltd, Ec
2020-12-31 17:32:44.6333 INFO Get VAT Master List Success
2020-12-31 17:32:44.6493 INFO Get Pass List Success
2020-12-31 17:32:44.6493 INFO Get User Success :116-Hpcl Biofuels Ltd, Ec
2020-12-31 17:32:46.5492 INFO Get Pass List Success
2020-12-31 17:33:36.1039 INFO Get Pass List Success
2020-12-31 17:33:38.8010 INFO MIR GetList Sucess
2020-12-31 17:33:38.8010 INFO Get User Success :116-Hpcl Biofuels Ltd, Ec
2020-12-31 17:33:38.8080 INFO Get User Success :116-Hpcl Biofuels Ltd, Ec
2020-12-31 17:33:40.5969 INFO Get User Success :116-Hpcl Biofuels Ltd, Ec
2020-12-31 17:33:40.6067 INFO Get VAT Master List Success
2020-12-31 17:33:40.6067 INFO Get Pass List Success
2020-12-31 17:34:37.2522 INFO Get Pass List Success
2020-12-31 17:35:42.0795 INFO Get User Success :116-Hpcl Biofuels Ltd, Ec
2020-12-31 17:35:50.1894 INFO Get Pass List Success
2020-12-31 17:39:42.9452 INFO Get User Success :116-Hpcl Biofuels Ltd, Ec
2020-12-31 17:39:45.8299 INFO Sugarcanepurchase Get List Success
2020-12-31 17:39:45.8299 INFO Get User Success :116-Hpcl Biofuels Ltd, Ec
2020-12-31 17:39:45.8710 INFO Get User Success :116-Hpcl Biofuels Ltd, Ec
2020-12-31 17:39:46.9783 INFO MIR GetList Sucess
2020-12-31 17:39:46.9783 INFO Get User Success :116-Hpcl Biofuels Ltd, Ec
2020-12-31 17:39:46.9950 INFO Get User Success :116-Hpcl Biofuels Ltd, Ec
2020-12-31 17:39:48.7891 INFO Get User Success :116-Hpcl Biofuels Ltd, Ec
2020-12-31 17:39:48.7891 INFO Get VAT Master List Success
2020-12-31 17:39:48.8163 INFO Get Pass List Success
2020-12-31 17:39:48.8213 INFO Get User Success :116-Hpcl Biofuels Ltd, Ec
2020-12-31 17:39:51.5937 INFO Get Pass List Success
2020-12-31 17:40:03.7316 INFO MIR Insertion Sucess:7-HSS
2020-12-31 17:40:03.7665 INFO MIR GetList Sucess
2020-12-31 17:40:03.7665 INFO Get User Success :116-Hpcl Biofuels Ltd, Ec
2020-12-31 17:40:03.7735 INFO Get User Success :116-Hpcl Biofuels Ltd, Ec
2020-12-31 17:40:05.1458 INFO Get User Success :116-Hpcl Biofuels Ltd, Ec
2020-12-31 17:40:05.1567 INFO Get VAT Master List Success
2020-12-31 17:40:05.1567 INFO Get Pass List Success
2020-12-31 17:40:05.2026 INFO MIR GetDetails Fail :Field not found in row: customer_id
2020-12-31 17:40:05.2136 INFO Get User Success :116-Hpcl Biofuels Ltd, Ec
2020-12-31 17:40:07.8410 INFO MIR GetList Sucess
2020-12-31 17:40:07.8410 INFO Get User Success :116-Hpcl Biofuels Ltd, Ec
2020-12-31 17:40:07.8410 INFO Get User Success :116-Hpcl Biofuels Ltd, Ec
2020-12-31 17:40:41.4543 INFO Get User Success :116-Hpcl Biofuels Ltd, Ec
2020-12-31 17:40:41.4633 INFO Get VAT Master List Success
2020-12-31 17:40:41.4633 INFO Get Pass List Success
2020-12-31 17:40:41.4633 INFO Get User Success :116-Hpcl Biofuels Ltd, Ec
2020-12-31 17:40:44.1296 INFO MIR GetList Sucess
2020-12-31 17:40:44.1336 INFO Get User Success :116-Hpcl Biofuels Ltd, Ec
2020-12-31 17:40:44.1336 INFO Get User Success :116-Hpcl Biofuels Ltd, Ec
2020-12-31 17:40:45.5107 INFO Get User Success :116-Hpcl Biofuels Ltd, Ec
2020-12-31 17:40:45.5107 INFO Get VAT Master List Success
2020-12-31 17:40:45.5258 INFO Get Pass List Success
2020-12-31 17:40:47.9301 INFO MIR GetDetails Fail :Field not found in row: customer_id
2020-12-31 17:41:58.5478 INFO MIR GetDetails Fail :Field not found in row: customer_id
2020-12-31 17:41:58.5478 INFO Get Pass List Success
2020-12-31 17:41:58.5558 INFO Get User Success :116-Hpcl Biofuels Ltd, Ec
2020-12-31 17:42:58.8911 INFO Get User Success :116-Hpcl Biofuels Ltd, Ec
2020-12-31 17:42:58.9009 INFO Get VAT Master List Success
2020-12-31 17:42:58.9009 INFO Get Pass List Success
2020-12-31 17:43:25.0695 INFO MIR GetDetails Fail :Field not found in row: customer_id
2020-12-31 17:43:25.0724 INFO Get Pass List Success
2020-12-31 17:43:25.0724 INFO Get User Success :116-Hpcl Biofuels Ltd, Ec
2020-12-31 17:46:19.2308 INFO Get User Success :116-Hpcl Biofuels Ltd, Ec
2020-12-31 17:46:26.7659 INFO Get User Success :116-Hpcl Biofuels Ltd, Ec
2020-12-31 17:46:26.8378 INFO Get RR List Success
2020-12-31 17:46:26.9036 INFO Get User Success :116-Hpcl Biofuels Ltd, Ec
2020-12-31 17:46:33.6777 INFO Sugarcanepurchase Get List Success
2020-12-31 17:46:33.6817 INFO Get User Success :116-Hpcl Biofuels Ltd, Ec
2020-12-31 17:46:33.6817 INFO Get User Success :116-Hpcl Biofuels Ltd, Ec
2020-12-31 17:48:46.2026 INFO Get User Success :116-Hpcl Biofuels Ltd, Ec
2020-12-31 17:48:46.2026 INFO Get Product Master List Success
2020-12-31 17:48:46.2124 INFO Get State List Success
2020-12-31 17:48:46.2124 INFO Get NOC Sucess:8
2020-12-31 17:48:46.2124 INFO Get NOC Sucess:4
2020-12-31 17:48:46.2283 INFO Get NOC Details Success
2020-12-31 17:48:46.2283 INFO Get Customer Details Success
2020-12-31 17:48:46.2677 INFO Check WorkFlow List Success
2020-12-31 17:48:46.2781 INFO Get User Success :116-Hpcl Biofuels Ltd, Ec
2020-12-31 17:50:45.7334 INFO Get User Success :116-Hpcl Biofuels Ltd, Ec
2020-12-31 17:50:45.7334 INFO Get RR List Success
2020-12-31 17:50:45.7440 INFO Get User Success :116-Hpcl Biofuels Ltd, Ec
2020-12-31 17:51:29.9659 INFO Get User Success :116-Hpcl Biofuels Ltd, Ec
2020-12-31 17:51:29.9995 INFO Get User Success :116-Hpcl Biofuels Ltd, Ec
2020-12-31 17:51:31.4326 INFO Get User Success :116-Hpcl Biofuels Ltd, Ec
2020-12-31 17:51:31.4326 INFO Get Pass List Success
2020-12-31 17:51:31.4549 INFO Get User Success :116-Hpcl Biofuels Ltd, Ec
2020-12-31 17:51:37.1590 INFO Get User Success :116-Hpcl Biofuels Ltd, Ec
2020-12-31 17:51:37.1780 INFO Get Dispach Master List Success
2020-12-31 17:51:37.1980 INFO Get VAT Master List Success
2020-12-31 17:51:37.1980 INFO Get Pass List Success
2020-12-31 17:51:37.2203 INFO Get User Success :116-Hpcl Biofuels Ltd, Ec
2020-12-31 17:51:46.6157 INFO Get User Success :116-Hpcl Biofuels Ltd, Ec
2020-12-31 17:51:46.6206 INFO Get Pass List Success
2020-12-31 17:51:46.6206 INFO Get User Success :116-Hpcl Biofuels Ltd, Ec
2020-12-31 17:51:48.5306 INFO Get User Success :116-Hpcl Biofuels Ltd, Ec
2020-12-31 17:51:48.5306 INFO Get User Success :116-Hpcl Biofuels Ltd, Ec
2020-12-31 17:51:49.8586 INFO Get User Success :116-Hpcl Biofuels Ltd, Ec
2020-12-31 17:51:49.8774 INFO Get RR List Success
2020-12-31 17:51:49.8904 INFO Get RR List Success
2020-12-31 17:51:49.8904 INFO Get Balance Request Pass Success
2020-12-31 17:51:49.8904 INFO Get User Success :116-Hpcl Biofuels Ltd, Ec
2020-12-31 17:57:08.3306 INFO Get User Success :44-Administrator
2020-12-31 17:57:16.2822 INFO Get User Success :44-Administrator
2020-12-31 17:57:20.2679 INFO Get State List Success
2020-12-31 17:57:20.2769 INFO Get User Success :44-Administrator
2020-12-31 17:57:22.7682 INFO Get User Success :44-Administrator
2020-12-31 17:57:31.8056 INFO Org Get List Success
2020-12-31 17:57:31.8056 INFO Get User Success :44-Administrator
2020-12-31 17:57:32.3048 INFO Org Get List Success
2020-12-31 17:57:32.3048 INFO Get User Success :44-Administrator
2020-12-31 17:57:32.8122 INFO Org Get List Success
2020-12-31 17:57:32.8122 INFO Get User Success :44-Administrator
2020-12-31 17:57:33.3177 INFO Org Get List Success
2020-12-31 17:57:33.3216 INFO Get User Success :44-Administrator
2020-12-31 17:57:34.3721 INFO Module Get List Success
2020-12-31 17:57:34.3891 INFO Org Get GetOrg_Details Success
2020-12-31 17:57:34.3891 INFO Get User Success :44-Administrator
2020-12-31 17:58:30.5524 INFO Get SubModule Sucess
2020-12-31 17:58:30.5625 INFO Get User Success :44-Administrator
2020-12-31 17:58:32.0375 INFO Org Get List Success
2020-12-31 17:58:32.0474 INFO Module Get List Success
2020-12-31 17:58:32.0554 INFO Get TabNames List Success
2020-12-31 17:58:32.0554 INFO Get User Success :44-Administrator
2020-12-31 17:58:35.4907 INFO Get SubModule Sucess
2020-12-31 17:58:35.4947 INFO Get User Success :44-Administrator
2020-12-31 17:58:36.7348 INFO Org Get List Success
2020-12-31 17:58:36.7348 INFO Module Get List Success
2020-12-31 17:58:36.7348 INFO Get TabNames List Success
2020-12-31 17:58:36.7448 INFO Get User Success :44-Administrator
2020-12-31 17:59:05.6480 INFO Get State List Success
2020-12-31 17:59:05.6523 INFO Get User Success :44-Administrator
2020-12-31 17:59:08.3302 INFO Get Division List Success
2020-12-31 17:59:08.3302 INFO Get User Success :44-Administrator
2020-12-31 17:59:09.6852 INFO Get State List Success
2020-12-31 17:59:09.6852 INFO Get User Success :44-Administrator
2020-12-31 17:59:12.1583 INFO Get Division List Success
2020-12-31 17:59:12.1583 INFO Get User Success :44-Administrator
2020-12-31 17:59:13.9076 INFO Get State List Success
2020-12-31 17:59:13.9076 INFO Get User Success :44-Administrator
2020-12-31 17:59:20.5663 INFO Get User Success :44-Administrator
2020-12-31 17:59:22.8917 INFO Get State List Success
2020-12-31 17:59:22.8917 INFO Get Division List Success
2020-12-31 17:59:22.9016 INFO Get User Success :44-Administrator
2020-12-31 17:59:26.0873 INFO Get User Success :44-Administrator
2020-12-31 17:59:31.5822 INFO Get State List Success
2020-12-31 17:59:31.5822 INFO Get Division List Success
2020-12-31 17:59:31.5892 INFO Get User Success :44-Administrator
2020-12-31 17:59:32.5480 INFO Get User Success :44-Administrator
2020-12-31 17:59:34.0045 INFO Get State List Success
2020-12-31 17:59:34.0045 INFO Get Division List Success
2020-12-31 17:59:34.0125 INFO Get User Success :44-Administrator
2020-12-31 18:02:57.6117 INFO Get User Success :44-Administrator
2020-12-31 18:03:01.9850 INFO Get User Success :44-Administrator
2020-12-31 18:03:05.5643 INFO Org Get List Success
2020-12-31 18:03:05.5742 INFO Get User Success :44-Administrator
2020-12-31 18:03:07.6052 INFO Get State List Success
2020-12-31 18:03:07.6052 INFO Get User Success :44-Administrator
2020-12-31 18:03:13.3697 INFO Get User Success :44-Administrator
2020-12-31 18:03:13.8809 INFO Get RolePermissions List Success
2020-12-31 18:03:13.8894 INFO Get User Success :44-Administrator
2020-12-31 18:04:22.7654 INFO Get Role Level List Success
2020-12-31 18:04:22.7654 INFO Get User Success :44-Administrator
2020-12-31 18:04:24.1873 INFO Get view_Role_master List Success
2020-12-31 18:04:24.1873 INFO Get User Success :44-Administrator
2020-12-31 18:04:25.7094 INFO Get Role Level List Success
2020-12-31 18:04:25.7134 INFO Get User Success :44-Administrator
2020-12-31 18:04:26.4140 INFO Get view_Role_master List Success
2020-12-31 18:04:26.4180 INFO Get User Success :44-Administrator
2020-12-31 18:04:27.8757 INFO Get Role Level List Success
2020-12-31 18:04:27.8757 INFO Get User Success :44-Administrator
2020-12-31 18:04:28.8417 INFO Get view_Role_master List Success
2020-12-31 18:04:28.8417 INFO Get User Success :44-Administrator
2020-12-31 18:04:30.2975 INFO Get Role Level List Success
2020-12-31 18:04:30.2975 INFO Get User Success :44-Administrator
2020-12-31 18:04:32.3372 INFO Get view_Role_master List Success
2020-12-31 18:04:32.3372 INFO Get User Success :44-Administrator
2020-12-31 18:04:47.2381 INFO Get Role Level List Success
2020-12-31 18:04:47.2431 INFO Get User Success :44-Administrator
2020-12-31 18:04:48.9916 INFO Get view_Role_master List Success
2020-12-31 18:04:48.9959 INFO Get User Success :44-Administrator
2020-12-31 18:04:50.7361 INFO Get Role Level List Success
2020-12-31 18:04:50.7361 INFO Get User Success :44-Administrator
2020-12-31 18:04:51.9191 INFO Get view_Role_master List Success
2020-12-31 18:04:51.9191 INFO Get User Success :44-Administrator
2020-12-31 18:04:54.5572 INFO Get Role Level List Success
2020-12-31 18:04:54.5572 INFO Get User Success :44-Administrator
2020-12-31 18:04:56.0796 INFO Get view_Role_master List Success
2020-12-31 18:04:56.0796 INFO Get User Success :44-Administrator
2020-12-31 18:04:58.0415 INFO Get Role Level List Success
2020-12-31 18:04:58.0415 INFO Get User Success :44-Administrator
2020-12-31 18:05:44.4084 INFO Get view_Role_master List Success
2020-12-31 18:05:44.4199 INFO Get User Success :44-Administrator
2020-12-31 18:07:03.5512 INFO Get Role Level List Success
2020-12-31 18:07:03.5552 INFO Get User Success :44-Administrator
2020-12-31 18:07:06.5181 INFO Get view_Role_master List Success
2020-12-31 18:07:06.5181 INFO Get User Success :44-Administrator
2020-12-31 18:07:14.0290 INFO Get Role Level List Success
2020-12-31 18:07:14.0290 INFO Get User Success :44-Administrator
2020-12-31 18:07:16.1581 INFO Get view_Role_master List Success
2020-12-31 18:07:16.1581 INFO Get User Success :44-Administrator
2020-12-31 18:07:21.3638 INFO Get access_type List Success
2020-12-31 18:07:21.3708 INFO Get User Success :44-Administrator
2020-12-31 18:07:23.2103 INFO Get User Success :44-Administrator
2020-12-31 18:07:30.0002 INFO Get State List Success
2020-12-31 18:07:30.0002 INFO Get User Success :44-Administrator
2020-12-31 18:07:31.3760 INFO Get Division List Success
2020-12-31 18:07:31.3910 INFO Get User Success :44-Administrator
2020-12-31 18:07:33.3590 INFO Get State List Success
2020-12-31 18:07:33.3590 INFO Get User Success :44-Administrator
2020-12-31 18:07:39.2489 INFO Get Division List Success
2020-12-31 18:07:39.2589 INFO Get User Success :44-Administrator
2020-12-31 18:07:43.3003 INFO Get User Success :44-Administrator
2020-12-31 18:07:45.5102 INFO Get State List Success
2020-12-31 18:07:45.5102 INFO Get Division List Success
2020-12-31 18:07:45.5102 INFO Get User Success :44-Administrator
2020-12-31 18:08:08.4012 INFO Get User Success :44-Administrator
2020-12-31 18:08:59.1314 INFO Get State List Success
2020-12-31 18:08:59.1334 INFO Get Division List Success
2020-12-31 18:08:59.1334 INFO Get User Success :44-Administrator
2020-12-31 18:10:54.6208 INFO Get User Success :44-Administrator
