2020-10-19 10:31:18.5338 INFO Sugarcanepurchase Get List Success
2020-10-19 10:31:20.9015 INFO MIR GetList Sucess
2020-10-19 10:31:22.4273 INFO Get Party Master List Success
2020-10-19 10:31:22.4273 INFO Get VAT Master List Success
2020-10-19 10:31:22.4273 INFO Get UOM List Success
2020-10-19 10:31:22.4273 INFO MIR GetPassDetails Sucess
2020-10-19 10:31:53.6514 INFO Get User Success :16-Harinagar Sugar
2020-10-19 10:31:56.6762 INFO Sugarcanepurchase Get List Success
2020-10-19 10:31:56.6762 INFO Get User Success :16-Harinagar Sugar
2020-10-19 10:31:56.6762 INFO Get User Success :16-Harinagar Sugar
2020-10-19 10:31:57.7472 INFO Get User Success :16-Harinagar Sugar
2020-10-19 10:32:03.4748 INFO MIR GetList Sucess
2020-10-19 10:32:03.4748 INFO Get User Success :16-Harinagar Sugar
2020-10-19 10:32:03.4748 INFO Get User Success :16-Harinagar Sugar
2020-10-19 10:32:06.4517 INFO Get User Success :16-Harinagar Sugar
2020-10-19 10:32:06.5183 INFO Get User Success :16-Harinagar Sugar
2020-10-19 10:32:06.5251 INFO Get Party Master List Success
2020-10-19 10:32:06.5251 INFO Get VAT Master List Success
2020-10-19 10:32:06.5251 INFO Get UOM List Success
2020-10-19 10:32:06.5251 INFO MIR GetPassDetails Sucess
2020-10-19 10:32:06.5380 INFO Get User Success :16-Harinagar Sugar
2020-10-19 10:36:31.3846 INFO Get User Success :16-Harinagar Sugar
2020-10-19 12:08:10.3669 INFO Get Party Type Master List Success
2020-10-19 12:08:12.3152 INFO Get Party Master List Success
2020-10-19 12:08:15.1579 INFO Get Party Type Master List Success
2020-10-19 12:08:55.0245 INFO Get Party Type Master List Success
2020-10-19 12:09:26.6334 INFO Get Party Type Master List Success
2020-10-19 12:09:39.4142 INFO Get Party Type Master List Success
2020-10-19 12:39:19.0680 INFO Get Party Type Master List Success
2020-10-19 12:39:34.0967 INFO Get Party Type Master List Success
2020-10-19 12:42:12.1904 INFO Get Party Type Master List Success
2020-10-19 12:42:13.3911 INFO Get Party Master List Success
2020-10-19 12:42:14.8381 INFO Get Party Type Master List Success
2020-10-19 12:43:22.4955 INFO Get User Success :44-Administrator
2020-10-19 12:43:32.7978 INFO Get Party Type Master List Success
2020-10-19 12:43:32.8049 INFO Get User Success :44-Administrator
2020-10-19 12:43:34.1009 INFO Get User Success :44-Administrator
2020-10-19 12:43:34.1468 INFO Get Party Master List Success
2020-10-19 12:43:34.1468 INFO Get User Success :44-Administrator
2020-10-19 12:43:37.3170 INFO Get User Success :44-Administrator
2020-10-19 12:43:37.3573 INFO Get Party Type Master List Success
2020-10-19 12:43:37.4286 INFO Get User Success :44-Administrator
2020-10-19 12:43:39.8474 INFO Get User Success :44-Administrator
2020-10-19 12:43:39.8693 INFO Get Party Master List Success
2020-10-19 12:43:39.8693 INFO Get User Success :44-Administrator
2020-10-19 12:43:42.1135 INFO Get User Success :44-Administrator
2020-10-19 12:43:42.1596 INFO Get Party Type Master List Success
2020-10-19 12:43:42.2064 INFO Get Party Master Details Success
2020-10-19 12:43:42.2096 INFO Get Party Master List Success
2020-10-19 12:43:42.2096 INFO Get User Success :44-Administrator
2020-10-19 12:43:48.7359 INFO Get User Success :44-Administrator
2020-10-19 12:44:16.4589 INFO Get User Success :44-Administrator
2020-10-19 12:44:20.7530 INFO Get User Success :44-Administrator
2020-10-19 12:44:20.7715 INFO Get Party Master List Success
2020-10-19 12:44:20.7715 INFO Get User Success :44-Administrator
2020-10-19 12:44:21.7994 INFO Get User Success :44-Administrator
2020-10-19 12:44:21.8263 INFO Get Party Type Master List Success
2020-10-19 12:44:21.8263 INFO Get Party Master Details Success
2020-10-19 12:45:28.4636 INFO Get Party Master List Success
2020-10-19 12:45:52.0501 INFO Get User Success :44-Administrator
2020-10-19 12:45:56.3729 INFO Get Party Type Master List Success
2020-10-19 12:45:56.3729 INFO Get Party Master Details Success
2020-10-19 12:45:58.8946 INFO Get Party Master List Success
2020-10-19 12:46:07.2690 INFO Get User Success :44-Administrator
2020-10-19 12:46:26.8883 INFO Get Party Type Master List Success
2020-10-19 12:46:26.8883 INFO Get Party Master Details Success
2020-10-19 12:46:26.8883 INFO Get Party Master List Success
2020-10-19 12:46:26.8965 INFO Get User Success :44-Administrator
2020-10-19 12:46:29.9114 INFO Get User Success :44-Administrator
2020-10-19 12:46:29.9404 INFO Get Party Master List Success
2020-10-19 12:46:29.9433 INFO Get User Success :44-Administrator
2020-10-19 12:46:31.6825 INFO Get User Success :44-Administrator
2020-10-19 12:46:31.7055 INFO Get Party Type Master List Success
2020-10-19 12:46:31.7105 INFO Get Party Master Details Success
2020-10-19 12:46:31.7105 INFO Get Party Master List Success
2020-10-19 12:46:31.7105 INFO Get User Success :44-Administrator
2020-10-19 12:46:37.5177 INFO Get User Success :44-Administrator
2020-10-19 12:46:38.6512 INFO Get User Success :44-Administrator
2020-10-19 12:46:44.9037 INFO Get User Success :44-Administrator
2020-10-19 12:46:46.2933 INFO Get User Success :44-Administrator
2020-10-19 12:46:48.3259 INFO Get User Success :44-Administrator
2020-10-19 12:46:50.8297 INFO Get User Success :44-Administrator
2020-10-19 12:46:50.8503 INFO Get Party Master List Success
2020-10-19 12:46:50.8503 INFO Get User Success :44-Administrator
2020-10-19 12:46:51.9282 INFO Get User Success :44-Administrator
2020-10-19 12:46:51.9531 INFO Get Party Type Master List Success
2020-10-19 12:46:51.9531 INFO Get Party Master Details Success
2020-10-19 12:46:51.9601 INFO Get Party Master List Success
2020-10-19 12:46:51.9601 INFO Get User Success :44-Administrator
2020-10-19 12:46:53.7173 INFO Get User Success :44-Administrator
2020-10-19 12:47:15.0338 INFO Get User Success :44-Administrator
2020-10-19 12:47:18.2591 INFO Get User Success :44-Administrator
2020-10-19 12:47:19.7810 INFO Get User Success :44-Administrator
2020-10-19 12:47:34.5344 INFO Get User Success :44-Administrator
2020-10-19 12:47:34.5537 INFO Get Party Master List Success
2020-10-19 12:47:34.5537 INFO Get User Success :44-Administrator
2020-10-19 12:47:36.9206 INFO Get User Success :44-Administrator
2020-10-19 12:47:36.9375 INFO Get Party Type Master List Success
2020-10-19 12:47:36.9422 INFO Get Party Master Details Success
2020-10-19 12:47:36.9422 INFO Get Party Master List Success
2020-10-19 12:47:36.9422 INFO Get User Success :44-Administrator
2020-10-19 12:47:40.6604 INFO Get User Success :44-Administrator
2020-10-19 12:47:41.8277 INFO Get User Success :44-Administrator
2020-10-19 12:51:53.3462 INFO Get User Success :44-Administrator
2020-10-19 12:52:03.8457 INFO Get Party Type Master List Success
2020-10-19 12:52:03.8529 INFO Get User Success :44-Administrator
2020-10-19 12:52:05.7560 INFO Get User Success :44-Administrator
2020-10-19 12:52:05.7954 INFO Get Party Master List Success
2020-10-19 12:52:05.8031 INFO Get User Success :44-Administrator
2020-10-19 12:52:14.6027 INFO Get User Success :44-Administrator
2020-10-19 12:52:14.6432 INFO Get Party Type Master List Success
2020-10-19 12:52:14.6530 INFO Get Party Master Details Success
2020-10-19 12:52:14.6530 INFO Get Party Master List Success
2020-10-19 12:52:14.6530 INFO Get User Success :44-Administrator
2020-10-19 12:52:23.9768 INFO Get Party Type Master List Success
2020-10-19 12:52:23.9768 INFO Get Party Master Details Success
2020-10-19 12:52:23.9768 INFO Get Party Master List Success
2020-10-19 12:53:23.4358 INFO Get User Success :44-Administrator
2020-10-19 12:53:37.5207 INFO Get Party Type Master List Success
2020-10-19 12:53:37.5207 INFO Get Party Master Details Success
2020-10-19 12:54:25.1556 INFO Get Party Master List Success
2020-10-19 12:54:27.2118 INFO Get User Success :44-Administrator
2020-10-19 13:07:20.3677 INFO Get Party Type Master List Success
2020-10-19 13:07:20.3677 INFO Get Party Master Details Success
2020-10-19 13:07:20.3677 INFO Get Party Master List Success
2020-10-19 13:07:20.3825 INFO Get User Success :44-Administrator
2020-10-19 13:11:41.9007 INFO Get Party Type Master List Success
2020-10-19 13:11:41.9007 INFO Get Party Master Details Success
2020-10-19 13:11:41.9007 INFO Get Party Master List Success
2020-10-19 13:11:41.9007 INFO Get User Success :44-Administrator
2020-10-19 13:14:18.2741 INFO Get Party Type Master List Success
2020-10-19 13:14:18.2741 INFO Get Party Master Details Success
2020-10-19 13:14:18.2741 INFO Get Party Master List Success
2020-10-19 13:14:18.2741 INFO Get User Success :44-Administrator
2020-10-19 13:19:38.8026 INFO Get User Success :44-Administrator
2020-10-19 13:19:46.7014 INFO Get User Success :44-Administrator
2020-10-19 13:19:46.7014 INFO Get User Success :44-Administrator
2020-10-19 13:19:55.8066 INFO Get User Success :44-Administrator
2020-10-19 13:25:31.4101 INFO Get Party Type Master List Success
2020-10-19 13:25:34.0263 INFO Get Party Master List Success
2020-10-19 13:25:36.8514 INFO Get Party Type Master List Success
2020-10-19 13:27:46.1951 INFO Get Party Type Master List Success
2020-10-19 13:36:39.5163 INFO Get Party Type Master List Success
2020-10-19 13:36:43.3195 INFO Get Party Master List Success
2020-10-19 13:36:45.7879 INFO Get Party Type Master List Success
2020-10-19 13:36:55.5777 INFO Get Existing data Fail :party_master
2020-10-19 13:37:00.5377 INFO Get Existing data Fail :party_master
2020-10-19 13:37:13.8161 INFO Get Existing data Fail :party_master
2020-10-19 13:42:48.0700 INFO Get Existing data Fail :party_master-42703: column "email_id" does not exist
2020-10-19 13:42:57.1587 INFO Insert Party Master Success :D10-Dist1-22003: value "11111111111" is out of range for type integer
2020-10-19 13:43:47.6360 INFO Insert Party Master Success :D10-Dist1-22003: value "11111111111" is out of range for type integer
2020-10-19 14:52:18.7903 INFO Get Party Type Master List Success
2020-10-19 14:52:21.4657 INFO Get Party Master List Success
2020-10-19 14:52:23.0229 INFO Get Party Type Master List Success
2020-10-19 14:52:45.6041 INFO Get Party Type Master List Success
2020-10-19 14:53:00.6518 INFO Get Party Type Master List Success
2020-10-19 14:53:16.0196 INFO Get Party Type Master List Success
2020-10-19 14:53:28.9345 INFO Get Party Type Master List Success
2020-10-19 14:54:01.1190 INFO Get Party Type Master List Success
2020-10-19 14:54:23.9120 INFO Get Party Type Master List Success
2020-10-19 14:54:48.2560 INFO Get Party Type Master List Success
2020-10-19 14:54:59.9081 INFO Get Party Type Master List Success
2020-10-19 14:55:08.4656 INFO Get Party Type Master List Success
2020-10-19 14:55:19.3385 INFO Get Party Type Master List Success
2020-10-19 14:57:32.5705 INFO Get Party Type Master List Success
2020-10-19 14:57:44.0101 INFO Get Party Type Master List Success
2020-10-19 14:57:56.9568 INFO Get Party Type Master List Success
2020-10-19 14:58:07.7276 INFO Get Party Type Master List Success
2020-10-19 14:58:48.8080 INFO Get Party Type Master List Success
2020-10-19 15:33:57.7531 INFO Get Party Type Master List Success
2020-10-19 15:34:04.4406 INFO Get Party Master List Success
2020-10-19 15:34:06.7053 INFO Get Party Type Master List Success
2020-10-19 15:34:06.7390 INFO Get Party Master Details Success
2020-10-19 15:34:20.8037 INFO Get Party Type Master List Success
2020-10-19 15:34:20.8037 INFO Get Party Master Details Success
2020-10-19 15:34:38.9719 INFO Get Party Type Master List Success
2020-10-19 15:34:38.9769 INFO Get Party Master Details Success
2020-10-19 15:35:11.9221 INFO Get Party Type Master List Success
2020-10-19 15:35:11.9271 INFO Get Party Master Details Success
2020-10-19 15:35:56.1983 INFO Get Party Type Master List Success
2020-10-19 15:35:56.1983 INFO Get Party Master Details Success
2020-10-19 15:36:19.5644 INFO Get Party Type Master List Success
2020-10-19 15:36:19.5693 INFO Get Party Master Details Success
2020-10-19 15:36:50.5553 INFO Get Party Type Master List Success
2020-10-19 15:36:50.5553 INFO Get Party Master Details Success
2020-10-19 15:36:50.7753 INFO Get Party Type Master List Success
2020-10-19 15:36:50.7753 INFO Get Party Master Details Success
2020-10-19 15:36:50.9467 INFO Get Party Type Master List Success
2020-10-19 15:36:50.9467 INFO Get Party Master Details Success
2020-10-19 15:36:51.1232 INFO Get Party Type Master List Success
2020-10-19 15:36:51.1232 INFO Get Party Master Details Success
2020-10-19 15:37:11.2753 INFO Get Party Type Master List Success
2020-10-19 15:37:11.2753 INFO Get Party Master Details Success
2020-10-19 15:38:24.5797 INFO Get Existing data Fail :party_master-42703: column "email_id" does not exist
2020-10-19 15:45:42.3520 INFO Get Party Type Master List Success
2020-10-19 15:45:51.7216 INFO Get Party Master List Success
2020-10-19 15:45:52.7651 INFO Get Party Type Master List Success
2020-10-19 15:45:59.5533 INFO Get Existing data Fail :party_master
2020-10-19 15:46:13.2057 INFO Get Existing data Fail :party_master
2020-10-19 15:46:24.9620 INFO Get Existing data Fail :party_master
2020-10-19 15:47:19.5303 INFO Get Existing data Fail :party_master-42703: column "email_id" does not exist
2020-10-19 15:48:03.6379 INFO Get Party Master List Success
2020-10-19 15:49:45.7781 INFO Insert Party Master Success :D10-Distillery-10
2020-10-19 15:50:15.7618 INFO Get Party Master List Success
2020-10-19 15:55:34.2914 INFO Get Party Type Master List Success
2020-10-19 15:55:35.8963 INFO Get Party Master List Success
2020-10-19 15:55:52.1840 INFO Get Party Type Master List Success
2020-10-19 15:55:52.2011 INFO Get Party Master Details Success
2020-10-19 15:55:59.4160 INFO Get Party Master List Success
2020-10-19 15:56:52.1855 INFO Get Party Type Master List Success
2020-10-19 15:58:00.6509 INFO Get Party Master Details Success
2020-10-19 15:58:04.8076 INFO Get Party Master List Success
2020-10-19 15:58:37.9341 INFO Get Party Type Master List Success
2020-10-19 16:00:51.5961 INFO Get Party Type Master List Success
2020-10-19 16:00:55.4070 INFO Get Party Master List Success
2020-10-19 16:00:57.5117 INFO Get Party Type Master List Success
2020-10-19 16:01:02.1642 INFO Get Party Master Details Success
2020-10-19 16:01:05.7554 INFO Get Party Master List Success
2020-10-19 16:01:31.7207 INFO Get Party Type Master List Success
2020-10-19 16:01:31.7252 INFO Get Party Master Details Success
2020-10-19 16:02:25.5144 INFO Get Party Master List Success
2020-10-19 16:02:36.8604 INFO Get Party Type Master List Success
2020-10-19 16:02:36.8670 INFO Get Party Master Details Success
2020-10-19 16:02:41.9504 INFO Get Party Master List Success
2020-10-19 16:03:14.0489 INFO Update Party Master Success :D10-Distillery-10
2020-10-19 16:03:14.0689 INFO Get Party Master List Success
2020-10-19 16:06:34.8043 INFO Get Party Type Master List Success
2020-10-19 16:06:41.8162 INFO Org Get List Success
2020-10-19 16:06:44.3134 INFO Get State List Success
2020-10-19 16:06:48.6014 INFO Get view_Role_master List Success :Input string was not in a correct format.
2020-10-19 16:06:53.0547 INFO Org Get List Success
2020-10-19 16:06:53.0547 INFO Get Role Level List Success
2020-10-19 16:06:53.0547 INFO Get access_type List Success
2020-10-19 16:06:53.0836 INFO Get view_Role_master List Success :Input string was not in a correct format.
2020-10-19 16:06:53.0836 INFO Get Users List Success
2020-10-19 16:07:09.4203 INFO Get view_Role_master List Success :Input string was not in a correct format.
2020-10-19 16:07:10.6438 INFO Org Get List Success
2020-10-19 16:07:10.6498 INFO Get Role Level List Success
2020-10-19 16:07:10.6498 INFO Get access_type List Success
2020-10-19 16:07:10.6667 INFO Get view_Role_master List Success :Input string was not in a correct format.
2020-10-19 16:07:10.6667 INFO Get Users List Success
2020-10-19 16:07:15.1090 INFO Get view_Role_master List Success :Input string was not in a correct format.
2020-10-19 16:07:17.0333 INFO Org Get List Success
2020-10-19 16:07:17.0333 INFO Get Role Level List Success
2020-10-19 16:07:17.0413 INFO Get access_type List Success
2020-10-19 16:07:17.0560 INFO Get view_Role_master List Success :Input string was not in a correct format.
2020-10-19 16:07:17.0560 INFO Get Users List Success
2020-10-19 16:07:19.9178 INFO Get view_Role_master List Success :Input string was not in a correct format.
2020-10-19 16:07:26.0814 INFO Org Get List Success
2020-10-19 16:07:26.0834 INFO Get Role Level List Success
2020-10-19 16:07:26.0834 INFO Get access_type List Success
2020-10-19 16:07:26.1009 INFO Get view_Role_master List Success :Input string was not in a correct format.
2020-10-19 16:07:26.1009 INFO Get Users List Success
2020-10-19 16:08:48.2503 INFO Org Get List Success
2020-10-19 16:08:48.2503 INFO Get Role Level List Success
2020-10-19 16:08:48.2503 INFO Get access_type List Success
2020-10-19 16:08:48.2693 INFO Get view_Role_master List Success :Input string was not in a correct format.
2020-10-19 16:08:48.2724 INFO Get Users List Success
2020-10-19 16:09:28.5262 INFO Get view_Role_master List Success :Input string was not in a correct format.
2020-10-19 16:09:32.3885 INFO Org Get List Success
2020-10-19 16:09:32.3885 INFO Get Role Level List Success
2020-10-19 16:09:32.3885 INFO Get access_type List Success
2020-10-19 16:09:32.4064 INFO Get view_Role_master List Success :Input string was not in a correct format.
2020-10-19 16:09:32.4064 INFO Get Users List Success
2020-10-19 16:13:51.8272 INFO Get Party Type Master List Success
2020-10-19 16:13:59.3127 INFO Get State List Success
2020-10-19 16:14:29.6350 INFO Get view_Role_master List Success :42601: syntax error at or near "order"
2020-10-19 16:14:33.6729 INFO Org Get List Success
2020-10-19 16:14:33.6770 INFO Get Role Level List Success
2020-10-19 16:14:33.6770 INFO Get access_type List Success
2020-10-19 16:14:33.7040 INFO Get view_Role_master List Success :42601: syntax error at or near "order"
2020-10-19 16:14:48.4098 INFO Get view_Role_master List Success :42601: syntax error at or near "order"
2020-10-19 16:17:46.7840 INFO Get view_Role_master List Success :Input string was not in a correct format.
2020-10-19 16:17:53.6401 INFO Org Get List Success
2020-10-19 16:17:53.6401 INFO Get Role Level List Success
2020-10-19 16:17:53.6401 INFO Get access_type List Success
2020-10-19 16:17:53.6581 INFO Get view_Role_master List Success :Input string was not in a correct format.
2020-10-19 16:17:53.6669 INFO Get Users List Success
2020-10-19 16:18:07.9300 INFO Get view_Role_master List Success :Input string was not in a correct format.
2020-10-19 16:18:11.0162 INFO Org Get List Success
2020-10-19 16:18:11.0162 INFO Get Role Level List Success
2020-10-19 16:18:11.0162 INFO Get access_type List Success
2020-10-19 16:18:11.0346 INFO Get view_Role_master List Success :Input string was not in a correct format.
2020-10-19 16:18:11.0376 INFO Get Users List Success
2020-10-19 16:18:17.5069 INFO Get view_Role_master List Success :Input string was not in a correct format.
2020-10-19 16:18:19.6431 INFO Org Get List Success
2020-10-19 16:18:19.6451 INFO Get Role Level List Success
2020-10-19 16:18:19.6451 INFO Get access_type List Success
2020-10-19 16:18:19.6621 INFO Get view_Role_master List Success :Input string was not in a correct format.
2020-10-19 16:18:19.6621 INFO Get Users List Success
2020-10-19 16:18:25.4801 INFO Org Get List Success
2020-10-19 16:18:25.4801 INFO Get Role Level List Success
2020-10-19 16:18:25.4801 INFO Get access_type List Success
2020-10-19 16:18:25.4997 INFO Get view_Role_master List Success :Input string was not in a correct format.
2020-10-19 16:18:25.4997 INFO Get Users List Success
2020-10-19 16:18:33.9249 INFO Get view_Role_master List Success :Input string was not in a correct format.
2020-10-19 16:18:35.8457 INFO Org Get List Success
2020-10-19 16:18:35.8457 INFO Get Role Level List Success
2020-10-19 16:18:35.8497 INFO Get access_type List Success
2020-10-19 16:18:35.8667 INFO Get view_Role_master List Success :Input string was not in a correct format.
2020-10-19 16:18:35.8667 INFO Get Users List Success
2020-10-19 16:18:52.1020 INFO Get view_Role_master List Success :Input string was not in a correct format.
2020-10-19 16:18:54.1001 INFO Org Get List Success
2020-10-19 16:18:54.1001 INFO Get Role Level List Success
2020-10-19 16:18:54.1001 INFO Get access_type List Success
2020-10-19 16:18:54.1200 INFO Get view_Role_master List Success :Input string was not in a correct format.
2020-10-19 16:18:54.1200 INFO Get Users List Success
2020-10-19 16:18:55.6047 INFO Get view_Role_master List Success :Input string was not in a correct format.
2020-10-19 16:18:56.8355 INFO Org Get List Success
2020-10-19 16:18:56.8355 INFO Get Role Level List Success
2020-10-19 16:18:56.8355 INFO Get access_type List Success
2020-10-19 16:18:56.8554 INFO Get view_Role_master List Success :Input string was not in a correct format.
2020-10-19 16:18:56.8554 INFO Get Users List Success
2020-10-19 16:18:58.2581 INFO Get view_Role_master List Success :Input string was not in a correct format.
2020-10-19 16:18:59.6905 INFO Org Get List Success
2020-10-19 16:18:59.6925 INFO Get Role Level List Success
2020-10-19 16:18:59.6925 INFO Get access_type List Success
2020-10-19 16:18:59.7104 INFO Get view_Role_master List Success :Input string was not in a correct format.
2020-10-19 16:18:59.7104 INFO Get Users List Success
2020-10-19 16:19:00.9076 INFO Get view_Role_master List Success :Input string was not in a correct format.
2020-10-19 16:19:12.1921 INFO Org Get List Success
2020-10-19 16:19:12.1921 INFO Get Role Level List Success
2020-10-19 16:19:12.1921 INFO Get access_type List Success
2020-10-19 16:19:12.2100 INFO Get view_Role_master List Success :Input string was not in a correct format.
2020-10-19 16:19:13.3551 INFO Get view_Role_master List Success :Input string was not in a correct format.
2020-10-19 16:19:14.9916 INFO Org Get List Success
2020-10-19 16:19:14.9916 INFO Get Role Level List Success
2020-10-19 16:19:14.9916 INFO Get access_type List Success
2020-10-19 16:19:15.0115 INFO Get view_Role_master List Success :Input string was not in a correct format.
2020-10-19 16:19:15.0115 INFO Get Users List Success
2020-10-19 16:19:16.3701 INFO Get view_Role_master List Success :Input string was not in a correct format.
2020-10-19 16:19:26.8984 INFO Get WorkFlow List Success
2020-10-19 16:19:31.9484 INFO Get SubModule In WorkFlow Success
2020-10-19 16:19:31.9484 INFO Get District In WorkFlow Success
2020-10-19 16:19:56.4307 INFO Get WorkFlow  Success
2020-10-19 16:19:56.4307 INFO Get TabName In WorkFlow Success
2020-10-19 16:19:56.4307 INFO Get RoleNames In WorkFlow Success
2020-10-19 16:19:56.4307 INFO Get Users List Success
2020-10-19 16:19:56.4813 INFO Get Users List Success
2020-10-19 16:20:10.7364 INFO Get SubModule In WorkFlow Success
2020-10-19 16:20:10.7364 INFO Get District In WorkFlow Success
2020-10-19 16:20:22.3964 INFO Get WorkFlow  Success
2020-10-19 16:20:22.3964 INFO Get TabName In WorkFlow Success
2020-10-19 16:20:22.3964 INFO Get RoleNames In WorkFlow Success
2020-10-19 16:20:22.3964 INFO Get Users List Success
2020-10-19 16:20:22.3964 INFO Get Users List Success
2020-10-19 16:20:37.0245 INFO Get SubModule In WorkFlow Success
2020-10-19 16:20:37.0245 INFO Get District In WorkFlow Success
2020-10-19 16:20:45.8508 INFO Get WorkFlow  Success
2020-10-19 16:20:45.8508 INFO Get TabName In WorkFlow Success
2020-10-19 16:20:45.8508 INFO Get RoleNames In WorkFlow Success
2020-10-19 16:20:45.8508 INFO Get Users List Success
2020-10-19 16:20:45.8508 INFO Get Users List Success
2020-10-19 16:20:54.9522 INFO Get SubModule In WorkFlow Success
2020-10-19 16:20:54.9522 INFO Get District In WorkFlow Success
2020-10-19 16:21:02.7920 INFO Get WorkFlow  Success
2020-10-19 16:21:02.7920 INFO Get TabName In WorkFlow Success
2020-10-19 16:21:02.7920 INFO Get RoleNames In WorkFlow Success
2020-10-19 16:21:02.7920 INFO Get Users List Success
2020-10-19 16:21:02.8030 INFO Get Users List Success
2020-10-19 16:21:16.7546 INFO Get SubModule In WorkFlow Success
2020-10-19 16:21:16.7546 INFO Get District In WorkFlow Success
2020-10-19 16:21:25.6964 INFO Get WorkFlow  Success
2020-10-19 16:21:25.6964 INFO Get TabName In WorkFlow Success
2020-10-19 16:21:25.6964 INFO Get RoleNames In WorkFlow Success
2020-10-19 16:21:25.6964 INFO Get Users List Success
2020-10-19 16:21:25.6964 INFO Get Users List Success
2020-10-19 16:21:42.6505 INFO Get SubModule In WorkFlow Success
2020-10-19 16:21:42.6505 INFO Get District In WorkFlow Success
2020-10-19 16:21:55.4206 INFO Get WorkFlow  Success
2020-10-19 16:21:55.4206 INFO Get TabName In WorkFlow Success
2020-10-19 16:21:55.4206 INFO Get RoleNames In WorkFlow Success
2020-10-19 16:21:55.4206 INFO Get Users List Success
2020-10-19 16:21:55.4285 INFO Get Users List Success
2020-10-19 16:22:03.5288 INFO Get SubModule In WorkFlow Success
2020-10-19 16:22:03.5288 INFO Get District In WorkFlow Success
2020-10-19 16:22:20.1304 INFO Get WorkFlow  Success
2020-10-19 16:22:20.1304 INFO Get TabName In WorkFlow Success
2020-10-19 16:22:20.1304 INFO Get RoleNames In WorkFlow Success
2020-10-19 16:22:20.1304 INFO Get Users List Success
2020-10-19 16:22:20.1304 INFO Get Users List Success
2020-10-19 16:22:28.1601 INFO Get WorkFlow List Success
2020-10-19 16:22:29.7687 INFO Get SubModule In WorkFlow Success
2020-10-19 16:22:29.7707 INFO Get District In WorkFlow Success
2020-10-19 16:22:29.7707 INFO Get WorkFlow  Success
2020-10-19 16:22:29.7707 INFO Get TabName In WorkFlow Success
2020-10-19 16:22:29.7707 INFO Get RoleNames In WorkFlow Success
2020-10-19 16:22:29.7707 INFO Get Users List Success
2020-10-19 16:22:29.7707 INFO Get Users List Success
2020-10-19 16:22:31.3896 INFO Get WorkFlow List Success
2020-10-19 16:22:32.4703 INFO Get SubModule In WorkFlow Success
2020-10-19 16:22:32.4703 INFO Get District In WorkFlow Success
2020-10-19 16:22:32.4733 INFO Get WorkFlow  Success
2020-10-19 16:22:32.4733 INFO Get TabName In WorkFlow Success
2020-10-19 16:22:32.4733 INFO Get RoleNames In WorkFlow Success
2020-10-19 16:22:32.4733 INFO Get Users List Success
2020-10-19 16:22:34.1592 INFO Get WorkFlow List Success
2020-10-19 16:22:35.0950 INFO Get SubModule In WorkFlow Success
2020-10-19 16:22:35.0950 INFO Get District In WorkFlow Success
2020-10-19 16:25:17.5482 INFO Get WorkFlow  Success
2020-10-19 16:25:17.5482 INFO Get TabName In WorkFlow Success
2020-10-19 16:25:17.5512 INFO Get RoleNames In WorkFlow Success
2020-10-19 16:25:17.5512 INFO Get Users List Success
2020-10-19 16:25:18.0888 INFO Get SubModule In WorkFlow Success
2020-10-19 16:25:18.0888 INFO Get District In WorkFlow Success
2020-10-19 16:25:18.0888 INFO Get WorkFlow  Success
2020-10-19 16:25:18.0888 INFO Get TabName In WorkFlow Success
2020-10-19 16:25:18.0888 INFO Get RoleNames In WorkFlow Success
2020-10-19 16:25:18.0982 INFO Get Users List Success
2020-10-19 16:25:18.0982 INFO Get Users List Success
2020-10-19 16:25:25.9785 INFO Get WorkFlow List Success
2020-10-19 16:25:27.2818 INFO Get SubModule In WorkFlow Success
2020-10-19 16:25:27.2818 INFO Get District In WorkFlow Success
2020-10-19 16:25:29.8252 INFO Get WorkFlow  Success
2020-10-19 16:25:29.8252 INFO Get TabName In WorkFlow Success
2020-10-19 16:25:29.8252 INFO Get RoleNames In WorkFlow Success
2020-10-19 16:25:29.8252 INFO Get Users List Success
2020-10-19 16:25:29.8342 INFO Get Users List Success
2020-10-19 16:25:38.1913 INFO Get SubModule In WorkFlow Success
2020-10-19 16:25:38.1933 INFO Get District In WorkFlow Success
2020-10-19 16:25:51.8537 INFO Get WorkFlow  Success
2020-10-19 16:25:51.8537 INFO Get TabName In WorkFlow Success
2020-10-19 16:25:51.8537 INFO Get RoleNames In WorkFlow Success
2020-10-19 16:25:51.8537 INFO Get Users List Success
2020-10-19 16:25:51.8537 INFO Get Users List Success
2020-10-19 16:25:54.9592 INFO Get SubModule In WorkFlow Success
2020-10-19 16:25:54.9592 INFO Get District In WorkFlow Success
2020-10-19 16:25:54.9592 INFO Get WorkFlow  Success
2020-10-19 16:25:54.9592 INFO Get TabName In WorkFlow Success
2020-10-19 16:25:54.9592 INFO Get RoleNames In WorkFlow Success
2020-10-19 16:25:54.9592 INFO Get Users List Success
2020-10-19 16:25:54.9592 INFO Get Users List Success
2020-10-19 16:26:09.3319 INFO Get WorkFlow List Success
2020-10-19 16:26:12.7701 INFO Get RolePermissions List Success
2020-10-19 16:26:14.6985 INFO Get State List Success
2020-10-19 16:26:15.8486 INFO Get WorkFlow List Success
2020-10-19 16:26:17.2422 INFO Get SubModule In WorkFlow Success
2020-10-19 16:26:17.2422 INFO Get District In WorkFlow Success
2020-10-19 16:26:17.2422 INFO Get GetMaxID Success : workflow
2020-10-19 16:26:21.0666 INFO Get Report List Success
2020-10-19 16:26:22.6104 INFO Get Module_master In ViewModel Success 
2020-10-19 16:26:22.6201 INFO Get SubModule_master In ViewModel Success 
2020-10-19 16:26:22.6477 INFO Get TabName Master In ViewModel Success 
2020-10-19 16:26:22.6477 INFO Get TabName Master In ViewModel Success 
2020-10-19 16:26:22.6477 INFO Get TabName Master In ViewModel Success 
2020-10-19 16:26:22.6477 INFO Get SubModule_master In ViewModel Success 
2020-10-19 16:26:22.6477 INFO Get SubModule_master In ViewModel Success 
2020-10-19 16:26:22.6477 INFO Get TabName Master In ViewModel Success 
2020-10-19 16:26:22.6477 INFO Get TabName Master In ViewModel Success 
2020-10-19 16:26:22.6477 INFO Get TabName Master In ViewModel Success 
2020-10-19 16:26:22.6477 INFO Get TabName Master In ViewModel Success 
2020-10-19 16:26:22.6477 INFO Get TabName Master In ViewModel Success 
2020-10-19 16:26:22.6477 INFO Get TabName Master In ViewModel Success 
2020-10-19 16:26:22.6477 INFO Get TabName Master In ViewModel Success 
2020-10-19 16:26:22.6477 INFO Get Module_master In ViewModel Success 
2020-10-19 16:26:22.6477 INFO Get SubModule_master In ViewModel Success 
2020-10-19 16:26:22.6477 INFO Get TabName Master In ViewModel Success 
2020-10-19 16:26:22.6477 INFO Get SubModule_master In ViewModel Success 
2020-10-19 16:26:22.6611 INFO Get SubModule_master In ViewModel Success 
2020-10-19 16:26:22.6611 INFO Get TabName Master In ViewModel Success 
2020-10-19 16:26:22.6611 INFO Get Module_master In ViewModel Success 
2020-10-19 16:26:22.6611 INFO Get Module_master In ViewModel Success 
2020-10-19 16:26:22.6611 INFO Get ViewModel Success 
2020-10-19 16:26:22.6611 INFO Get GetMaxID Success : Report_master
2020-10-19 16:26:24.6399 INFO Get Report List Success
2020-10-19 16:26:28.9606 INFO Get WorkFlow List Success
2020-10-19 16:26:37.5267 INFO Get SubModule In WorkFlow Success
2020-10-19 16:26:37.5267 INFO Get District In WorkFlow Success
2020-10-19 16:26:37.5267 INFO Get WorkFlow  Success
2020-10-19 16:26:37.5267 INFO Get TabName In WorkFlow Success
2020-10-19 16:26:37.5267 INFO Get RoleNames In WorkFlow Success
2020-10-19 16:26:37.5366 INFO Get Users List Success
2020-10-19 16:26:37.5366 INFO Get Users List Success
2020-10-19 16:26:39.7087 INFO Get WorkFlow List Success
2020-10-19 16:26:40.9068 INFO Get SubModule In WorkFlow Success
2020-10-19 16:26:40.9068 INFO Get District In WorkFlow Success
2020-10-19 16:26:40.9107 INFO Get WorkFlow  Success
2020-10-19 16:26:40.9107 INFO Get TabName In WorkFlow Success
2020-10-19 16:26:40.9107 INFO Get RoleNames In WorkFlow Success
2020-10-19 16:26:40.9107 INFO Get Users List Success
2020-10-19 16:26:41.9603 INFO Get WorkFlow List Success
2020-10-19 16:26:44.1226 INFO Get WorkFlow List Success
2020-10-19 16:26:46.0810 INFO Org Get List Success
2020-10-19 17:27:10.4727 INFO GetFinacListValues Success :42703: column b.party_type_code does not exist
2020-10-19 17:27:30.3691 INFO GetFinacListValues Success :42703: column b.party_type_code does not exist
2020-10-19 17:28:08.0556 INFO GetFinacListValues Success :42703: column b.party_type_code does not exist
2020-10-19 17:28:20.6704 INFO Get Party Type Master List Success
2020-10-19 17:28:47.1587 INFO GetFinacListValues Success :42703: column b.party_type_code does not exist
2020-10-19 17:54:21.4388 INFO GetFinacListValues Success :42703: column b.party_type_code does not exist
2020-10-19 17:54:25.9785 INFO Get Party Type Master List Success
2020-10-19 17:55:08.0476 INFO GetFinacListValues Success :42703: column b.party_type_code does not exist
2020-10-19 17:55:10.5538 INFO Get Party Type Master List Success
2020-10-19 17:55:13.7815 INFO Get Party Type Master List Success
2020-10-19 17:55:16.9474 INFO Get Party Type Master List Success
2020-10-19 17:56:25.9208 INFO Get Party Type Master List Success
2020-10-19 17:56:44.6448 INFO Get Party Type Master List Success
2020-10-19 17:56:52.9246 INFO Get Party Type Master List Success
2020-10-19 17:56:54.0405 INFO Get Party Type Master List Success
2020-10-19 17:56:54.7274 INFO Get Party Type Master List Success
2020-10-19 17:56:55.2039 INFO Get Party Type Master List Success
2020-10-19 17:56:55.4113 INFO Get Party Type Master List Success
2020-10-19 17:56:55.7548 INFO Get Party Type Master List Success
2020-10-19 17:56:56.1398 INFO Get Party Type Master List Success
2020-10-19 17:56:56.7810 INFO Get Party Type Master List Success
2020-10-19 17:56:57.1225 INFO Get Party Type Master List Success
2020-10-19 17:56:57.5235 INFO Get Party Type Master List Success
2020-10-19 17:56:57.8270 INFO Get Party Type Master List Success
2020-10-19 17:57:00.4749 INFO Get Party Type Master List Success
2020-10-19 17:58:10.5316 INFO Get Party Type Master List Success
2020-10-19 17:58:40.3830 INFO Get Party Type Master List Success
2020-10-19 18:01:13.4522 INFO Get Party Type Master List Success
2020-10-19 18:01:49.0587 INFO Get Party Type Master List Success
2020-10-19 18:02:23.9799 INFO Get Party Type Master List Success
2020-10-19 18:03:22.8745 INFO Get Party Type Master List Success
2020-10-19 18:11:15.9465 INFO Get Party Type Master List Success
2020-10-19 18:12:04.7592 INFO Get Party Type Master List Success
2020-10-19 18:12:54.5963 INFO Get Party Type Master List Success
2020-10-19 18:13:10.7065 INFO Get Party Type Master List Success
2020-10-19 18:13:35.4051 INFO Get Party Type Master List Success
2020-10-19 18:13:42.6314 INFO Get Party Type Master List Success
2020-10-19 18:16:49.1326 INFO Get Party Type Master List Success
2020-10-19 18:16:57.3913 INFO Get Party Type Master List Success
2020-10-19 18:18:50.2622 INFO Insert FinacListValues Success :22001: value too long for type character varying(3)
2020-10-19 18:18:50.2622 INFO GetFinacListValues Success
2020-10-19 18:18:50.7423 INFO GetFinacListValues Success
2020-10-19 18:18:51.2717 INFO Get Party Type Master List Success
2020-10-19 18:18:52.8688 INFO Get Party Type Master List Success
2020-10-19 18:19:15.6459 INFO Get Party Type Master List Success
2020-10-19 18:19:15.6642 INFO Insert FinacListValues Success :22001: value too long for type character varying(3)
2020-10-19 18:19:23.2880 INFO Get Party Type Master List Success
2020-10-19 18:19:23.3115 INFO GetFinacListValues Success
2020-10-19 18:19:24.6283 INFO Get Party Type Master List Success
2020-10-19 18:19:46.5696 INFO Get Party Type Master List Success
2020-10-19 18:21:09.8154 INFO GetFinacListValues Success
2020-10-19 18:21:13.7025 INFO Get Party Type Master List Success
2020-10-19 18:21:26.2945 INFO Get Party Type Master List Success
2020-10-19 18:23:02.1719 INFO Insert FinacListValues Success
2020-10-19 18:24:03.6939 INFO GetFinacListValues Success
2020-10-19 18:25:14.7560 INFO Get GetSeverList Success
2020-10-19 18:25:17.1392 INFO GetFinacListValues Success
2020-10-19 18:26:01.2869 INFO GetFinacListValues Success
2020-10-19 18:26:16.3489 INFO GetFinacListValues Success
2020-10-19 18:27:04.1214 INFO GetFinacListValues Success
