2020-11-14 11:13:38.9118 INFO Get User Success :18-Harinagar Distillery
2020-11-14 11:13:41.9832 INFO Get User Success :18-Harinagar Distillery
2020-11-14 11:13:41.9832 INFO Get User Success :18-Harinagar Distillery
2020-11-14 11:13:47.4384 INFO Get User Success :18-Harinagar Distillery
2020-11-14 11:15:26.8008 INFO Get User Success :18-Harinagar Distillery
2020-11-14 11:15:38.7801 INFO Get User Success :18-Harinagar Distillery
2020-11-14 11:16:24.6674 INFO Get User Success :18-Harinagar Distillery
2020-11-14 11:16:58.5853 INFO Get User Success :18-Harinagar Distillery
2020-11-14 11:17:04.8542 INFO Get User Success :18-Harinagar Distillery
2020-11-14 11:17:26.3179 INFO Get User Success :18-Harinagar Distillery
2020-11-14 11:21:32.3463 INFO Get User Success :18-Harinagar Distillery
2020-11-14 11:21:35.7824 INFO Get User Success :18-Harinagar Distillery
2020-11-14 11:21:35.7824 INFO Get User Success :18-Harinagar Distillery
2020-11-14 11:21:41.7811 INFO Get User Success :18-Harinagar Distillery
2020-11-14 11:21:56.9770 INFO Get User Success :18-Harinagar Distillery
2020-11-14 11:22:02.0576 INFO Get User Success :18-Harinagar Distillery
2020-11-14 11:26:56.3337 INFO Get User Success :18-Harinagar Distillery
2020-11-14 11:32:36.3821 INFO Get User Success :18-Harinagar Distillery
2020-11-14 11:32:39.1828 INFO Get User Success :18-Harinagar Distillery
2020-11-14 11:32:39.1828 INFO Get User Success :18-Harinagar Distillery
2020-11-14 11:33:21.7587 INFO Get User Success :18-Harinagar Distillery
2020-11-14 11:43:03.7103 INFO Get User Success :18-Harinagar Distillery
2020-11-14 11:43:05.9653 INFO Get User Success :18-Harinagar Distillery
2020-11-14 11:43:05.9653 INFO Get User Success :18-Harinagar Distillery
2020-11-14 11:43:09.8643 INFO Get User Success :18-Harinagar Distillery
2020-11-14 11:43:11.2111 INFO Get User Success :18-Harinagar Distillery
2020-11-14 11:44:17.3061 INFO Get User Success :18-Harinagar Distillery
2020-11-14 11:59:14.0035 INFO Get User Success :18-Harinagar Distillery
2020-11-14 11:59:17.7034 INFO Get User Success :18-Harinagar Distillery
2020-11-14 11:59:17.7034 INFO Get User Success :18-Harinagar Distillery
2020-11-14 11:59:22.4306 INFO Get User Success :18-Harinagar Distillery
2020-11-14 12:05:12.2275 INFO Get User Success :18-Harinagar Distillery
2020-11-14 12:05:14.7963 INFO Get User Success :18-Harinagar Distillery
2020-11-14 12:05:14.7963 INFO Get User Success :18-Harinagar Distillery
2020-11-14 12:05:17.9705 INFO Get User Success :18-Harinagar Distillery
2020-11-14 12:05:25.5277 INFO Get User Success :18-Harinagar Distillery
2020-11-14 12:07:33.2099 INFO Get User Success :18-Harinagar Distillery
2020-11-14 12:07:38.2133 INFO Get User Success :18-Harinagar Distillery
2020-11-14 12:08:33.8009 INFO Get User Success :18-Harinagar Distillery
2020-11-14 12:16:42.5893 INFO Get User Success :18-Harinagar Distillery
2020-11-14 12:17:02.2148 INFO Get User Success :18-Harinagar Distillery
2020-11-14 12:22:15.0189 INFO Get User Success :18-Harinagar Distillery
2020-11-14 12:22:18.7885 INFO Get User Success :18-Harinagar Distillery
2020-11-14 12:22:18.7934 INFO Get User Success :18-Harinagar Distillery
2020-11-14 12:22:22.3668 INFO Get User Success :18-Harinagar Distillery
2020-11-14 12:22:22.3736 INFO Get User Success :18-Harinagar Distillery
2020-11-14 12:23:44.2068 INFO Get User Success :18-Harinagar Distillery
2020-11-14 12:23:50.4924 INFO Get User Success :18-Harinagar Distillery
2020-11-14 12:24:13.1215 INFO Get User Success :18-Harinagar Distillery
2020-11-14 12:24:13.1215 INFO Get User Success :18-Harinagar Distillery
2020-11-14 12:25:16.5087 INFO Get User Success :18-Harinagar Distillery
2020-11-14 12:46:05.2423 INFO Get User Success :18-Harinagar Distillery
2020-11-14 12:46:22.9281 INFO Get User Success :18-Harinagar Distillery
2020-11-14 12:46:22.9319 INFO Get User Success :18-Harinagar Distillery
2020-11-14 12:46:26.1650 INFO Get User Success :18-Harinagar Distillery
2020-11-14 12:46:32.9147 INFO Get User Success :18-Harinagar Distillery
2020-11-14 12:46:59.7339 INFO Get User Success :18-Harinagar Distillery
2020-11-14 12:47:41.8994 INFO Get User Success :18-Harinagar Distillery
2020-11-14 12:57:25.6745 INFO Get User Success :18-Harinagar Distillery
2020-11-14 12:57:28.1164 INFO Get User Success :18-Harinagar Distillery
2020-11-14 12:57:28.1196 INFO Get User Success :18-Harinagar Distillery
2020-11-14 12:57:31.4793 INFO Get User Success :18-Harinagar Distillery
2020-11-14 12:57:31.4793 INFO Get UOM List Success
2020-11-14 12:57:31.4947 INFO Get User Success :18-Harinagar Distillery
2020-11-14 12:57:59.3732 INFO Get User Success :18-Harinagar Distillery
2020-11-14 12:57:59.3732 INFO Get UOM List Success
2020-11-14 12:58:17.7824 INFO Get User Success :18-Harinagar Distillery
2020-11-14 13:21:08.7558 INFO Get User Success :18-Harinagar Distillery
2020-11-14 13:21:12.1823 INFO Get User Success :18-Harinagar Distillery
2020-11-14 13:21:12.1823 INFO Get Indent List Success
2020-11-14 13:21:12.2511 INFO Get User Success :18-Harinagar Distillery
2020-11-14 13:21:13.3423 INFO Get User Success :18-Harinagar Distillery
2020-11-14 13:21:13.3423 INFO Get Indent List Success
2020-11-14 13:21:13.4181 INFO Get User Success :18-Harinagar Distillery
2020-11-14 13:21:13.4181 INFO Get Allotment List Success
2020-11-14 13:21:13.4341 INFO Get User Success :18-Harinagar Distillery
2020-11-14 13:21:16.5354 INFO Get User Success :18-Harinagar Distillery
2020-11-14 13:21:16.5354 INFO Get Allotment List Success
2020-11-14 13:21:16.6111 INFO Get User Success :18-Harinagar Distillery
2020-11-14 13:21:16.6401 INFO Get Party Master List Success
2020-11-14 13:21:16.6401 INFO Get Indent List Success
2020-11-14 13:21:16.6401 INFO Get User Success :18-Harinagar Distillery
2020-11-14 13:22:04.3418 INFO Get User Success :18-Harinagar Distillery
2020-11-14 13:22:04.3418 INFO Get Party Master List Success
2020-11-14 13:22:04.3418 INFO Get Indent List Success
2020-11-14 13:22:04.3418 INFO Get User Success :18-Harinagar Distillery
2020-11-14 13:22:45.8511 INFO Get User Success :18-Harinagar Distillery
2020-11-14 13:22:45.8531 INFO Get Party Master List Success
2020-11-14 13:22:45.8531 INFO Get Indent List Success
2020-11-14 13:22:45.8531 INFO Get User Success :18-Harinagar Distillery
2020-11-14 13:24:27.6866 INFO Get User Success :18-Harinagar Distillery
2020-11-14 13:24:27.6866 INFO Get Party Master List Success
2020-11-14 13:24:27.6866 INFO Get Indent List Success
2020-11-14 13:24:27.6866 INFO Get User Success :18-Harinagar Distillery
2020-11-14 13:24:40.9240 INFO Get User Success :18-Harinagar Distillery
2020-11-14 13:24:40.9240 INFO Get Party Master List Success
2020-11-14 13:24:40.9240 INFO Get Indent List Success
2020-11-14 13:24:40.9330 INFO Get User Success :18-Harinagar Distillery
2020-11-14 13:24:42.3783 INFO Get User Success :18-Harinagar Distillery
2020-11-14 13:24:42.3783 INFO Get Party Master List Success
2020-11-14 13:24:42.3783 INFO Get Indent List Success
2020-11-14 13:24:42.3863 INFO Get User Success :18-Harinagar Distillery
2020-11-14 13:24:43.4178 INFO Get User Success :18-Harinagar Distillery
2020-11-14 13:24:43.4178 INFO Get Party Master List Success
2020-11-14 13:24:43.4178 INFO Get Indent List Success
2020-11-14 13:24:43.4178 INFO Get User Success :18-Harinagar Distillery
2020-11-14 13:24:48.9381 INFO Get User Success :18-Harinagar Distillery
2020-11-14 13:24:48.9381 INFO Get Party Master List Success
2020-11-14 13:24:48.9381 INFO Get Indent List Success
2020-11-14 13:24:48.9490 INFO Get User Success :18-Harinagar Distillery
2020-11-14 13:25:01.4684 INFO Get User Success :18-Harinagar Distillery
2020-11-14 13:25:01.4684 INFO Get Party Master List Success
2020-11-14 13:25:01.4684 INFO Get Indent List Success
2020-11-14 13:25:01.4684 INFO Get User Success :18-Harinagar Distillery
2020-11-14 13:25:27.6346 INFO Get User Success :18-Harinagar Distillery
2020-11-14 13:25:27.6346 INFO Get Party Master List Success
2020-11-14 13:25:27.6346 INFO Get Indent List Success
2020-11-14 13:25:27.6346 INFO Get User Success :18-Harinagar Distillery
2020-11-14 13:26:05.2232 INFO Get User Success :18-Harinagar Distillery
2020-11-14 13:26:05.2232 INFO Get Party Master List Success
2020-11-14 13:26:05.2292 INFO Get Indent List Success
2020-11-14 13:26:05.2292 INFO Get User Success :18-Harinagar Distillery
2020-11-14 13:26:46.5861 INFO Get User Success :18-Harinagar Distillery
2020-11-14 13:26:46.5881 INFO Get Allotment List Success
2020-11-14 13:26:46.5881 INFO Get User Success :18-Harinagar Distillery
2020-11-14 13:26:53.7292 INFO Get User Success :18-Harinagar Distillery
2020-11-14 13:26:53.7292 INFO Get Allotment List Success
2020-11-14 13:26:53.7529 INFO Get User Success :18-Harinagar Distillery
2020-11-14 13:26:53.7529 INFO Get Party Master List Success
2020-11-14 13:26:53.7529 INFO Get Indent List Success
2020-11-14 13:26:53.7609 INFO Get User Success :18-Harinagar Distillery
2020-11-14 13:27:06.0614 INFO Get User Success :18-Harinagar Distillery
2020-11-14 13:27:06.0614 INFO Get Allotment List Success
2020-11-14 13:27:06.0614 INFO Get User Success :18-Harinagar Distillery
2020-11-14 13:27:13.2568 INFO Get User Success :18-Harinagar Distillery
2020-11-14 13:27:13.2606 INFO Get Allotment List Success
2020-11-14 13:27:13.2810 INFO Get User Success :18-Harinagar Distillery
2020-11-14 13:27:13.2810 INFO Get Party Master List Success
2020-11-14 13:27:13.2810 INFO Get Indent List Success
2020-11-14 13:27:13.2810 INFO Get User Success :18-Harinagar Distillery
2020-11-14 13:36:34.9324 INFO Get User Success :87-Majhaulia Sugar Industry Pvt Ltd Distillery Div
2020-11-14 13:36:37.6607 INFO Get User Success :87-Majhaulia Sugar Industry Pvt Ltd Distillery Div
2020-11-14 13:36:37.6828 INFO Get Indent List Success
2020-11-14 13:36:37.7402 INFO Get User Success :87-Majhaulia Sugar Industry Pvt Ltd Distillery Div
2020-11-14 13:36:39.1020 INFO Get User Success :87-Majhaulia Sugar Industry Pvt Ltd Distillery Div
2020-11-14 13:36:39.1049 INFO Get Indent List Success
2020-11-14 13:36:39.1494 INFO Get User Success :87-Majhaulia Sugar Industry Pvt Ltd Distillery Div
2020-11-14 13:36:39.1542 INFO Get Allotment List Success
2020-11-14 13:36:39.1666 INFO Get User Success :87-Majhaulia Sugar Industry Pvt Ltd Distillery Div
2020-11-14 13:36:40.2796 INFO Get User Success :87-Majhaulia Sugar Industry Pvt Ltd Distillery Div
2020-11-14 13:36:40.2796 INFO Get Allotment List Success
2020-11-14 13:36:40.3968 INFO Get User Success :87-Majhaulia Sugar Industry Pvt Ltd Distillery Div
2020-11-14 13:36:40.4310 INFO Get Party Master List Success
2020-11-14 13:36:40.4310 INFO Get Indent List Success
2020-11-14 13:36:40.4489 INFO Get User Success :87-Majhaulia Sugar Industry Pvt Ltd Distillery Div
2020-11-14 13:37:21.9135 INFO Insert Allotment Success :-017
2020-11-14 13:37:21.9434 INFO Get User Success :87-Majhaulia Sugar Industry Pvt Ltd Distillery Div
2020-11-14 13:37:21.9604 INFO Get Allotment List Success
2020-11-14 13:37:21.9639 INFO Get User Success :87-Majhaulia Sugar Industry Pvt Ltd Distillery Div
2020-11-14 13:37:27.0894 INFO Get User Success :87-Majhaulia Sugar Industry Pvt Ltd Distillery Div
2020-11-14 13:37:27.0894 INFO Get Allotment List Success
2020-11-14 15:05:05.7338 INFO Get User Success :18-Harinagar Distillery
2020-11-14 15:05:07.9414 INFO Get User Success :18-Harinagar Distillery
2020-11-14 15:05:07.9414 INFO Get User Success :18-Harinagar Distillery
2020-11-14 15:05:11.8170 INFO Get User Success :18-Harinagar Distillery
2020-11-14 15:05:11.8170 INFO Get UOM List Success
2020-11-14 15:05:11.8301 INFO Get User Success :18-Harinagar Distillery
2020-11-14 15:05:30.9499 INFO Get User Success :18-Harinagar Distillery
2020-11-14 15:05:30.9499 INFO Get UOM List Success
2020-11-14 15:08:13.8091 INFO Get User Success :18-Harinagar Distillery
2020-11-14 15:08:16.6274 INFO Get User Success :18-Harinagar Distillery
2020-11-14 15:08:16.6274 INFO Get User Success :18-Harinagar Distillery
2020-11-14 15:08:19.6747 INFO Get User Success :18-Harinagar Distillery
2020-11-14 15:08:19.6747 INFO Get UOM List Success
2020-11-14 15:08:24.3234 INFO Get User Success :18-Harinagar Distillery
2020-11-14 15:08:46.8611 INFO Get User Success :18-Harinagar Distillery
2020-11-14 15:08:46.8611 INFO Get UOM List Success
2020-11-14 15:25:05.5867 INFO Get User Success :18-Harinagar Distillery
2020-11-14 15:25:08.0540 INFO Get User Success :18-Harinagar Distillery
2020-11-14 15:25:08.0573 INFO Get User Success :18-Harinagar Distillery
2020-11-14 15:25:11.9942 INFO Get User Success :18-Harinagar Distillery
2020-11-14 15:25:11.9942 INFO Get UOM List Success
2020-11-14 15:25:11.9942 INFO Get User Success :18-Harinagar Distillery
2020-11-14 15:25:22.6765 INFO Get User Success :18-Harinagar Distillery
2020-11-14 15:25:22.6765 INFO Get UOM List Success
2020-11-14 15:26:50.2630 INFO Get User Success :18-Harinagar Distillery
2020-11-14 15:26:50.2630 INFO Get UOM List Success
2020-11-14 15:27:55.1230 INFO Get User Success :18-Harinagar Distillery
2020-11-14 15:27:55.1230 INFO Get UOM List Success
2020-11-14 15:29:11.6628 INFO Get User Success :18-Harinagar Distillery
2020-11-14 15:29:11.6784 INFO Get UOM List Success
2020-11-14 15:29:22.4724 INFO Get User Success :18-Harinagar Distillery
2020-11-14 15:29:34.3423 INFO Get User Success :18-Harinagar Distillery
2020-11-14 15:29:34.3423 INFO Get UOM List Success
2020-11-14 15:30:23.5569 INFO Get User Success :18-Harinagar Distillery
2020-11-14 15:30:23.5569 INFO Get UOM List Success
2020-11-14 15:31:23.3481 INFO Pass Insertion Fail:1- - 22P02: invalid input syntax for integer: ""
2020-11-14 15:31:40.6382 INFO Get User Success :18-Harinagar Distillery
2020-11-14 15:31:40.6382 INFO Get UOM List Success
2020-11-14 15:31:40.6382 INFO Get User Success :18-Harinagar Distillery
2020-11-14 15:31:52.8124 INFO Get User Success :18-Harinagar Distillery
2020-11-14 15:31:52.8124 INFO Get UOM List Success
2020-11-14 15:35:15.5962 INFO Get User Success :18-Harinagar Distillery
2020-11-14 15:35:20.9263 INFO Get User Success :18-Harinagar Distillery
2020-11-14 15:35:20.9323 INFO Get RR List Success
2020-11-14 15:35:20.9718 INFO Get User Success :18-Harinagar Distillery
2020-11-14 15:35:22.3417 INFO Get User Success :18-Harinagar Distillery
2020-11-14 15:35:22.3417 INFO Get User Success :18-Harinagar Distillery
2020-11-14 15:35:25.5516 INFO Get User Success :18-Harinagar Distillery
2020-11-14 15:35:25.5576 INFO Get UOM List Success
2020-11-14 15:35:25.5576 INFO Get User Success :18-Harinagar Distillery
2020-11-14 15:35:38.3043 INFO Get User Success :18-Harinagar Distillery
2020-11-14 15:35:38.3063 INFO Get UOM List Success
2020-11-14 15:39:59.5883 INFO Get User Success :18-Harinagar Distillery
2020-11-14 15:40:02.1782 INFO Get User Success :18-Harinagar Distillery
2020-11-14 15:40:02.1821 INFO Get User Success :18-Harinagar Distillery
2020-11-14 15:40:05.2752 INFO Get User Success :18-Harinagar Distillery
2020-11-14 15:40:05.2752 INFO Get UOM List Success
2020-11-14 15:40:05.2752 INFO Get User Success :18-Harinagar Distillery
2020-11-14 15:40:16.1961 INFO Get User Success :18-Harinagar Distillery
2020-11-14 15:40:16.1978 INFO Get UOM List Success
2020-11-14 15:44:53.0834 INFO Pass Insertion Fail:1- - 22P02: invalid input syntax for integer: ""
2020-11-14 15:45:00.1053 INFO Get User Success :18-Harinagar Distillery
2020-11-14 15:45:00.1053 INFO Get UOM List Success
2020-11-14 15:47:01.3730 INFO Get User Success :18-Harinagar Distillery
2020-11-14 15:47:04.4251 INFO Get User Success :18-Harinagar Distillery
2020-11-14 15:47:04.4251 INFO Get User Success :18-Harinagar Distillery
2020-11-14 15:47:07.2754 INFO Get User Success :18-Harinagar Distillery
2020-11-14 15:47:07.2754 INFO Get UOM List Success
2020-11-14 15:47:07.2754 INFO Get User Success :18-Harinagar Distillery
2020-11-14 15:47:20.2275 INFO Get User Success :18-Harinagar Distillery
2020-11-14 15:47:20.2291 INFO Get UOM List Success
2020-11-14 15:48:34.7025 INFO Pass Insertion Sucess:1-
2020-11-14 16:16:45.8759 INFO Get User Success :18-Harinagar Distillery
2020-11-14 16:16:48.2010 INFO Get User Success :18-Harinagar Distillery
2020-11-14 16:16:48.2010 INFO Get User Success :18-Harinagar Distillery
2020-11-14 16:16:49.3531 INFO Get User Success :18-Harinagar Distillery
2020-11-14 16:16:49.3531 INFO Get Pass List Success
2020-11-14 16:16:49.3701 INFO Get User Success :18-Harinagar Distillery
2020-11-14 16:17:07.1015 INFO Get User Success :18-Harinagar Distillery
2020-11-14 16:17:07.1038 INFO Get Pass List Success
2020-11-14 16:17:07.1038 INFO Get User Success :18-Harinagar Distillery
2020-11-14 16:17:17.0397 INFO Get User Success :18-Harinagar Distillery
2020-11-14 16:17:38.4347 INFO Get Pass List Success
2020-11-14 16:17:38.4656 INFO Get User Success :18-Harinagar Distillery
2020-11-14 16:17:53.4896 INFO Get User Success :18-Harinagar Distillery
2020-11-14 16:17:53.4896 INFO Get Pass List Success
2020-11-14 16:17:53.5005 INFO Get User Success :18-Harinagar Distillery
2020-11-14 16:32:06.6252 INFO Get User Success :18-Harinagar Distillery
2020-11-14 16:32:09.1075 INFO Get User Success :18-Harinagar Distillery
2020-11-14 16:32:09.1075 INFO Get User Success :18-Harinagar Distillery
2020-11-14 16:32:10.5235 INFO Get User Success :18-Harinagar Distillery
2020-11-14 16:32:10.5285 INFO Get Pass List Success
2020-11-14 16:32:10.5614 INFO Get User Success :18-Harinagar Distillery
2020-11-14 16:32:12.1123 INFO Get User Success :18-Harinagar Distillery
2020-11-14 16:32:12.1123 INFO Get UOM List Success
2020-11-14 16:32:41.9525 INFO Get User Success :18-Harinagar Distillery
2020-11-14 16:32:41.9525 INFO Get Pass List Success
2020-11-14 16:32:41.9525 INFO Get User Success :18-Harinagar Distillery
2020-11-14 16:32:45.7799 INFO Get User Success :18-Harinagar Distillery
2020-11-14 16:32:45.7799 INFO Get UOM List Success
2020-11-14 16:38:23.2567 INFO Get User Success :18-Harinagar Distillery
2020-11-14 16:38:26.2886 INFO Get User Success :18-Harinagar Distillery
2020-11-14 16:38:26.2925 INFO Get User Success :18-Harinagar Distillery
2020-11-14 16:38:27.2639 INFO Get User Success :18-Harinagar Distillery
2020-11-14 16:38:27.2639 INFO Get Pass List Success
2020-11-14 16:38:27.2976 INFO Get User Success :18-Harinagar Distillery
2020-11-14 16:38:28.6749 INFO Get User Success :18-Harinagar Distillery
2020-11-14 16:38:28.6749 INFO Get UOM List Success
2020-11-14 16:38:30.4318 INFO Get Pass List Fail :Field not found in row: party_name
2020-11-14 16:38:30.4318 INFO Get User Success :18-Harinagar Distillery
2020-11-14 16:38:37.0080 INFO Get User Success :18-Harinagar Distillery
2020-11-14 16:38:37.0101 INFO Get UOM List Success
2020-11-14 16:38:50.1161 INFO Get Pass List Success
2020-11-14 16:38:50.1311 INFO Get User Success :18-Harinagar Distillery
2020-11-14 16:39:04.5143 INFO Get User Success :18-Harinagar Distillery
2020-11-14 16:39:04.5143 INFO Get UOM List Success
2020-11-14 16:39:24.5422 INFO Get Pass List Success
2020-11-14 16:39:24.5422 INFO Get User Success :18-Harinagar Distillery
2020-11-14 16:39:38.3401 INFO Get User Success :18-Harinagar Distillery
2020-11-14 16:39:38.3401 INFO Get UOM List Success
2020-11-14 16:40:24.8532 INFO Get Pass List Success
2020-11-14 16:40:24.8532 INFO Get User Success :18-Harinagar Distillery
2020-11-14 16:40:38.4763 INFO Get User Success :18-Harinagar Distillery
2020-11-14 16:40:38.4781 INFO Get UOM List Success
2020-11-14 16:40:59.4857 INFO Get Pass List Success
2020-11-14 16:40:59.4857 INFO Get User Success :18-Harinagar Distillery
2020-11-14 16:41:17.4988 INFO Get User Success :18-Harinagar Distillery
2020-11-14 16:41:17.4988 INFO Get UOM List Success
2020-11-14 16:41:17.4988 INFO Get Pass List Success
2020-11-14 16:41:39.2641 INFO Get User Success :18-Harinagar Distillery
2020-11-14 16:41:57.0335 INFO Get User Success :18-Harinagar Distillery
2020-11-14 16:41:57.0335 INFO Get UOM List Success
2020-11-14 16:41:57.0335 INFO Get Pass List Success
2020-11-14 16:41:57.0417 INFO Get User Success :18-Harinagar Distillery
2020-11-14 16:41:57.9220 INFO Get User Success :18-Harinagar Distillery
2020-11-14 16:41:57.9220 INFO Get UOM List Success
2020-11-14 16:41:57.9220 INFO Get Pass List Success
2020-11-14 16:41:57.9220 INFO Get User Success :18-Harinagar Distillery
2020-11-14 16:42:05.5619 INFO Get User Success :18-Harinagar Distillery
2020-11-14 16:42:05.5619 INFO Get UOM List Success
2020-11-14 16:42:05.5619 INFO Get Pass List Success
2020-11-14 16:42:57.6199 INFO Get User Success :18-Harinagar Distillery
2020-11-14 16:43:11.1780 INFO Get User Success :18-Harinagar Distillery
2020-11-14 16:43:11.1780 INFO Get UOM List Success
2020-11-14 16:43:11.1834 INFO Get Pass List Success
2020-11-14 16:44:09.7324 INFO Get User Success :18-Harinagar Distillery
2020-11-14 16:46:01.3007 INFO Get User Success :18-Harinagar Distillery
2020-11-14 16:46:01.3007 INFO Get UOM List Success
2020-11-14 16:46:01.3007 INFO Get Pass List Success
2020-11-14 17:17:16.6154 INFO Get User Success :18-Harinagar Distillery
2020-11-14 17:17:18.8286 INFO Get User Success :18-Harinagar Distillery
2020-11-14 17:17:18.8286 INFO Get User Success :18-Harinagar Distillery
2020-11-14 17:17:22.0947 INFO Get User Success :18-Harinagar Distillery
2020-11-14 17:17:22.0947 INFO Get UOM List Success
2020-11-14 17:19:26.2323 INFO Get User Success :18-Harinagar Distillery
2020-11-14 17:19:26.2323 INFO Get UOM List Success
2020-11-14 17:28:54.5487 INFO Get User Success :18-Harinagar Distillery
2020-11-14 17:28:56.7511 INFO Get User Success :18-Harinagar Distillery
2020-11-14 17:28:56.7511 INFO Get User Success :18-Harinagar Distillery
2020-11-14 17:29:02.4307 INFO Get User Success :18-Harinagar Distillery
2020-11-14 17:29:02.4363 INFO Get RR List Success
2020-11-14 17:29:02.4600 INFO Get RR List Success
2020-11-14 17:29:02.4637 INFO Get User Success :18-Harinagar Distillery
2020-11-14 17:34:53.1189 INFO Get User Success :18-Harinagar Distillery
2020-11-14 17:34:55.2781 INFO Get User Success :18-Harinagar Distillery
2020-11-14 17:34:55.2781 INFO Get User Success :18-Harinagar Distillery
2020-11-14 17:34:56.3817 INFO Get User Success :18-Harinagar Distillery
2020-11-14 17:34:56.3883 INFO Get Pass List Success
2020-11-14 17:34:56.4199 INFO Get User Success :18-Harinagar Distillery
2020-11-14 17:34:58.3438 INFO Get User Success :18-Harinagar Distillery
2020-11-14 17:34:58.3438 INFO Get UOM List Success
2020-11-14 17:34:58.3585 INFO Get Pass List Success
2020-11-14 17:34:58.3585 INFO Get User Success :18-Harinagar Distillery
2020-11-14 17:35:01.3049 INFO Get User Success :18-Harinagar Distillery
2020-11-14 17:35:01.3069 INFO Get Pass List Success
2020-11-14 17:35:01.3069 INFO Get User Success :18-Harinagar Distillery
2020-11-14 17:35:04.0825 INFO Get User Success :18-Harinagar Distillery
2020-11-14 17:35:04.0825 INFO Get User Success :18-Harinagar Distillery
2020-11-14 17:35:07.4295 INFO Get User Success :18-Harinagar Distillery
2020-11-14 17:35:07.4315 INFO Get UOM List Success
2020-11-14 17:37:11.4043 INFO Get User Success :18-Harinagar Distillery
2020-11-14 17:37:33.0050 INFO Get User Success :18-Harinagar Distillery
2020-11-14 17:37:33.0050 INFO Get UOM List Success
2020-11-14 17:44:05.3157 INFO Get User Success :18-Harinagar Distillery
2020-11-14 17:44:07.7572 INFO Get User Success :18-Harinagar Distillery
2020-11-14 17:44:07.7612 INFO Get User Success :18-Harinagar Distillery
2020-11-14 17:44:12.0412 INFO Get User Success :18-Harinagar Distillery
2020-11-14 17:44:12.0412 INFO Get UOM List Success
2020-11-14 17:44:12.0412 INFO Get User Success :18-Harinagar Distillery
2020-11-14 17:44:35.7871 INFO Get User Success :18-Harinagar Distillery
2020-11-14 17:44:35.7871 INFO Get UOM List Success
2020-11-14 17:44:35.7928 INFO Get User Success :18-Harinagar Distillery
2020-11-14 17:45:05.4280 INFO Get User Success :18-Harinagar Distillery
2020-11-14 17:45:05.4280 INFO Get UOM List Success
2020-11-14 17:45:05.4346 INFO Get User Success :18-Harinagar Distillery
2020-11-14 17:45:42.8309 INFO Get User Success :18-Harinagar Distillery
2020-11-14 17:45:42.8309 INFO Get UOM List Success
2020-11-14 17:45:57.4920 INFO Get User Success :18-Harinagar Distillery
2020-11-14 17:46:19.1353 INFO Get User Success :18-Harinagar Distillery
2020-11-14 17:46:19.1353 INFO Get UOM List Success
2020-11-14 17:46:35.3108 INFO Get User Success :18-Harinagar Distillery
2020-11-14 17:46:57.4305 INFO Get User Success :18-Harinagar Distillery
2020-11-14 17:46:57.4321 INFO Get UOM List Success
2020-11-14 17:47:25.7977 INFO Get User Success :18-Harinagar Distillery
2020-11-14 17:47:37.3356 INFO Get User Success :18-Harinagar Distillery
2020-11-14 17:47:37.3374 INFO Get UOM List Success
2020-11-14 17:47:54.4104 INFO Get User Success :18-Harinagar Distillery
2020-11-14 17:51:15.5720 INFO Get User Success :18-Harinagar Distillery
2020-11-14 17:51:15.5720 INFO Get Pass List Success
2020-11-14 17:51:15.5720 INFO Get User Success :18-Harinagar Distillery
2020-11-14 17:51:17.9449 INFO Get User Success :18-Harinagar Distillery
2020-11-14 17:51:17.9449 INFO Get UOM List Success
2020-11-14 17:51:17.9538 INFO Get Pass List Success
2020-11-14 17:51:17.9538 INFO Get User Success :18-Harinagar Distillery
2020-11-14 17:51:43.7171 INFO Get User Success :18-Harinagar Distillery
2020-11-14 17:51:43.7171 INFO Get Pass List Success
2020-11-14 17:51:43.7171 INFO Get User Success :18-Harinagar Distillery
2020-11-14 17:51:47.5575 INFO Get User Success :18-Harinagar Distillery
2020-11-14 17:51:47.5575 INFO Get User Success :18-Harinagar Distillery
2020-11-14 17:51:51.0513 INFO Get User Success :18-Harinagar Distillery
2020-11-14 17:51:51.0513 INFO Get UOM List Success
2020-11-14 17:51:53.6975 INFO Get User Success :18-Harinagar Distillery
2020-11-14 18:03:35.0557 INFO Get User Success :18-Harinagar Distillery
2020-11-14 18:03:37.1800 INFO Get User Success :18-Harinagar Distillery
2020-11-14 18:03:37.1840 INFO Get User Success :18-Harinagar Distillery
2020-11-14 18:03:40.6605 INFO Get User Success :18-Harinagar Distillery
2020-11-14 18:03:40.6605 INFO Get UOM List Success
2020-11-14 18:03:40.7005 INFO Get VAT Master List Success
2020-11-14 18:05:21.2836 INFO Get User Success :18-Harinagar Distillery
