2020-12-26 10:45:03.8145 INFO Get User Success :100-Deputy Commissioner
2020-12-26 10:45:06.9550 INFO Get User Success :100-Deputy Commissioner
2020-12-26 10:45:06.9610 INFO Check WorkFlow List Success
2020-12-26 10:45:06.9610 INFO Get RR List Success
2020-12-26 10:45:06.9869 INFO Get User Success :100-Deputy Commissioner
2020-12-26 10:45:13.1470 INFO Get User Success :100-Deputy Commissioner
2020-12-26 10:45:13.1862 INFO Get User Success :100-Deputy Commissioner
2020-12-26 11:43:22.0263 INFO Get User Success :100-Deputy Commissioner
2020-12-26 11:43:30.0178 INFO Get User Success :100-Deputy Commissioner
2020-12-26 11:43:30.0178 INFO Check WorkFlow List Success
2020-12-26 11:43:30.0650 INFO Get User Success :100-Deputy Commissioner
2020-12-26 11:43:30.0650 INFO Check WorkFlow List Success
2020-12-26 11:43:30.0738 INFO Get Allotment List Success
2020-12-26 11:43:30.0988 INFO Get User Success :100-Deputy Commissioner
2020-12-26 11:43:39.7566 INFO Get User Success :100-Deputy Commissioner
2020-12-26 11:43:39.7566 INFO Check WorkFlow List Success
2020-12-26 11:43:39.7566 INFO Get RR List Success
2020-12-26 11:43:39.7566 INFO Get User Success :100-Deputy Commissioner
2020-12-26 11:43:41.4547 INFO Get User Success :100-Deputy Commissioner
2020-12-26 11:43:41.4547 INFO Check WorkFlow List Success
2020-12-26 11:43:41.4866 INFO Get User Success :100-Deputy Commissioner
2020-12-26 11:43:41.4866 INFO Check WorkFlow List Success
2020-12-26 11:43:41.4926 INFO Get Allotment List Success
2020-12-26 11:43:41.4926 INFO Get User Success :100-Deputy Commissioner
2020-12-26 11:43:44.2661 INFO Get User Success :100-Deputy Commissioner
2020-12-26 11:43:44.2661 INFO Check WorkFlow List Success
2020-12-26 11:43:44.2712 INFO Get Allotment List Success
2020-12-26 11:43:44.4129 INFO Get GetSeverList Success
2020-12-26 11:44:13.8463 INFO Get User Success :100-Deputy Commissioner
2020-12-26 11:44:13.8463 INFO Check WorkFlow List Success
2020-12-26 11:44:13.8558 INFO Get Allotment List Success
2020-12-26 11:44:13.9493 INFO Get GetSeverList Success
2020-12-26 11:49:12.8393 INFO Get User Success :100-Deputy Commissioner
2020-12-26 11:49:23.9677 INFO Get User Success :100-Deputy Commissioner
2020-12-26 11:49:23.9677 INFO Check WorkFlow List Success
2020-12-26 11:49:26.7269 INFO Get User Success :100-Deputy Commissioner
2020-12-26 11:49:26.7269 INFO Check WorkFlow List Success
2020-12-26 11:49:26.7690 INFO Get User Success :100-Deputy Commissioner
2020-12-26 11:49:26.7710 INFO Check WorkFlow List Success
2020-12-26 11:49:26.7710 INFO Get Allotment List Success
2020-12-26 11:49:26.8218 INFO Get User Success :100-Deputy Commissioner
2020-12-26 11:49:27.3813 INFO Get User Success :100-Deputy Commissioner
2020-12-26 11:49:27.3813 INFO Check WorkFlow List Success
2020-12-26 11:49:27.3813 INFO Get Allotment List Success
2020-12-26 11:49:27.3813 INFO Get User Success :100-Deputy Commissioner
2020-12-26 11:49:28.5443 INFO Get User Success :100-Deputy Commissioner
2020-12-26 11:49:28.5443 INFO Check WorkFlow List Success
2020-12-26 11:49:28.5443 INFO Get Allotment List Success
2020-12-26 11:49:28.7033 INFO Get GetSeverList Success
2020-12-26 11:50:55.6988 INFO Get User Success :100-Deputy Commissioner
2020-12-26 11:50:55.6988 INFO Check WorkFlow List Success
2020-12-26 11:50:55.6988 INFO Get Allotment List Success
2020-12-26 11:50:55.7972 INFO Get GetSeverList Success
2020-12-26 11:52:05.0233 INFO Get User Success :100-Deputy Commissioner
2020-12-26 11:52:05.0233 INFO Check WorkFlow List Success
2020-12-26 11:52:05.0233 INFO Get Allotment List Success
2020-12-26 11:52:05.1134 INFO Get GetSeverList Success
2020-12-26 11:52:31.3658 INFO Get User Success :100-Deputy Commissioner
2020-12-26 11:52:31.3658 INFO Check WorkFlow List Success
2020-12-26 11:52:31.3658 INFO Get Allotment List Success
2020-12-26 11:52:31.4603 INFO Get GetSeverList Success
2020-12-26 11:53:14.3330 INFO Get User Success :100-Deputy Commissioner
2020-12-26 11:53:14.3350 INFO Check WorkFlow List Success
2020-12-26 11:53:14.3350 INFO Get Allotment List Success
2020-12-26 11:53:25.6219 INFO Get GetSeverList Success
2020-12-26 11:54:02.3814 INFO Get User Success :100-Deputy Commissioner
2020-12-26 11:54:02.3814 INFO Check WorkFlow List Success
2020-12-26 11:54:02.3814 INFO Get Allotment List Success
2020-12-26 11:54:02.4763 INFO Get GetSeverList Success
2020-12-26 11:54:17.8583 INFO Get User Success :100-Deputy Commissioner
2020-12-26 11:54:17.8583 INFO Check WorkFlow List Success
2020-12-26 11:54:17.8583 INFO Get Allotment List Success
2020-12-26 11:54:17.9482 INFO Get GetSeverList Success
2020-12-26 11:55:47.5196 INFO Get User Success :100-Deputy Commissioner
2020-12-26 11:55:47.5216 INFO Check WorkFlow List Success
2020-12-26 11:55:47.5216 INFO Get Allotment List Success
2020-12-26 11:55:47.6137 INFO Get GetSeverList Success
2020-12-26 11:55:59.6904 INFO Get User Success :100-Deputy Commissioner
2020-12-26 11:55:59.6934 INFO Check WorkFlow List Success
2020-12-26 11:55:59.6934 INFO Get Allotment List Success
2020-12-26 11:55:59.8001 INFO Get GetSeverList Success
2020-12-26 11:56:55.4579 INFO Get User Success :100-Deputy Commissioner
2020-12-26 11:56:55.4599 INFO Check WorkFlow List Success
2020-12-26 11:56:55.4599 INFO Get Allotment List Success
2020-12-26 11:56:55.5517 INFO Get GetSeverList Success
2020-12-26 11:57:36.0792 INFO Get GetSeverList Success
2020-12-26 11:58:41.9883 INFO Get GetSeverList Success
2020-12-26 11:59:01.2200 INFO Get GetSeverList Success
2020-12-26 11:59:43.7094 INFO Get GetSeverList Success
2020-12-26 12:02:14.8896 INFO Get User Success :100-Deputy Commissioner
2020-12-26 12:02:14.8896 INFO Check WorkFlow List Success
2020-12-26 12:02:14.8896 INFO Get Allotment List Success
2020-12-26 12:02:15.0265 INFO Get GetSeverList Success
2020-12-26 12:03:06.0215 INFO Get User Success :100-Deputy Commissioner
2020-12-26 12:03:06.0215 INFO Check WorkFlow List Success
2020-12-26 12:03:06.0215 INFO Get Allotment List Success
2020-12-26 12:03:21.4613 INFO Get GetSeverList Success
2020-12-26 12:03:57.1367 INFO Get User Success :100-Deputy Commissioner
2020-12-26 12:03:57.1367 INFO Check WorkFlow List Success
2020-12-26 12:03:57.1367 INFO Get Allotment List Success
2020-12-26 12:03:59.7255 INFO Get GetSeverList Success
2020-12-26 12:07:25.2885 INFO Get User Success :100-Deputy Commissioner
2020-12-26 12:07:25.2885 INFO Check WorkFlow List Success
2020-12-26 12:07:25.2885 INFO Get Allotment List Success
2020-12-26 12:07:25.4123 INFO Get GetSeverList Success
2020-12-26 12:09:26.0392 INFO Get User Success :100-Deputy Commissioner
2020-12-26 12:09:26.0392 INFO Check WorkFlow List Success
2020-12-26 12:09:26.0392 INFO Get Allotment List Success
2020-12-26 12:09:26.1985 INFO Get GetSeverList Success
2020-12-26 12:09:45.9085 INFO Get User Success :100-Deputy Commissioner
2020-12-26 12:09:45.9085 INFO Check WorkFlow List Success
2020-12-26 12:09:45.9131 INFO Get Allotment List Success
2020-12-26 12:09:46.0606 INFO Get GetSeverList Success
2020-12-26 12:09:50.3498 INFO Get User Success :100-Deputy Commissioner
2020-12-26 12:09:50.3498 INFO Check WorkFlow List Success
2020-12-26 12:09:50.3498 INFO Get Allotment List Success
2020-12-26 12:09:50.4665 INFO Get GetSeverList Success
2020-12-26 12:10:23.3190 INFO Get User Success :100-Deputy Commissioner
2020-12-26 12:10:23.3190 INFO Get RR List Success
2020-12-26 12:10:23.3190 INFO Get User Success :100-Deputy Commissioner
2020-12-26 12:10:25.0154 INFO Get User Success :100-Deputy Commissioner
2020-12-26 12:10:25.1340 INFO Get User Success :100-Deputy Commissioner
2020-12-26 12:10:28.0476 INFO Get User Success :100-Deputy Commissioner
2020-12-26 12:10:28.0476 INFO Check WorkFlow List Success
2020-12-26 12:10:28.0722 INFO Get User Success :100-Deputy Commissioner
2020-12-26 12:10:28.0852 INFO Check WorkFlow List Success
2020-12-26 12:10:28.0852 INFO Get Allotment List Success
2020-12-26 12:10:28.0852 INFO Get User Success :100-Deputy Commissioner
2020-12-26 12:10:36.7378 INFO Get User Success :100-Deputy Commissioner
2020-12-26 12:10:36.7398 INFO Check WorkFlow List Success
2020-12-26 12:10:36.7398 INFO Get Allotment List Success
2020-12-26 12:10:36.8536 INFO Get GetSeverList Success
2020-12-26 12:10:48.6826 INFO Get User Success :100-Deputy Commissioner
2020-12-26 12:10:48.6826 INFO Check WorkFlow List Success
2020-12-26 12:10:48.6826 INFO Get Allotment List Success
2020-12-26 12:10:48.7991 INFO Get GetSeverList Success
2020-12-26 12:11:12.5630 INFO Get User Success :100-Deputy Commissioner
2020-12-26 12:11:12.5630 INFO Check WorkFlow List Success
2020-12-26 12:11:12.5681 INFO Get Allotment List Success
2020-12-26 12:11:12.6902 INFO Get GetSeverList Success
2020-12-26 12:11:47.7725 INFO Get User Success :100-Deputy Commissioner
2020-12-26 12:11:47.7725 INFO Check WorkFlow List Success
2020-12-26 12:11:47.7725 INFO Get Allotment List Success
2020-12-26 12:11:47.8963 INFO Get GetSeverList Success
2020-12-26 12:17:23.5601 INFO Get User Success :100-Deputy Commissioner
2020-12-26 12:17:23.5601 INFO Check WorkFlow List Success
2020-12-26 12:17:23.5601 INFO Get Allotment List Success
2020-12-26 12:17:23.7201 INFO Get GetSeverList Success
2020-12-26 12:17:39.3010 INFO Get User Success :100-Deputy Commissioner
2020-12-26 12:17:39.3030 INFO Check WorkFlow List Success
2020-12-26 12:17:39.3030 INFO Get Allotment List Success
2020-12-26 12:17:39.4534 INFO Get GetSeverList Success
2020-12-26 12:18:52.0559 INFO Get User Success :100-Deputy Commissioner
2020-12-26 12:18:52.0559 INFO Check WorkFlow List Success
2020-12-26 12:18:52.0559 INFO Get Allotment List Success
2020-12-26 12:18:52.1843 INFO Get GetSeverList Success
2020-12-26 12:20:46.8498 INFO Get User Success :100-Deputy Commissioner
2020-12-26 12:20:48.0011 INFO Check WorkFlow List Success
2020-12-26 12:20:48.0011 INFO Get Allotment List Success
2020-12-26 12:20:48.1485 INFO Get GetSeverList Success
2020-12-26 12:21:29.9995 INFO Get User Success :100-Deputy Commissioner
2020-12-26 12:21:29.9995 INFO Check WorkFlow List Success
2020-12-26 12:21:29.9995 INFO Get Allotment List Success
2020-12-26 12:21:30.1194 INFO Get GetSeverList Success
2020-12-26 12:21:35.6528 INFO Get User Success :100-Deputy Commissioner
2020-12-26 12:21:35.6528 INFO Get RR List Success
2020-12-26 12:21:35.6630 INFO Get User Success :100-Deputy Commissioner
2020-12-26 12:21:37.1140 INFO Get User Success :100-Deputy Commissioner
2020-12-26 12:21:37.1188 INFO Get RR List Success
2020-12-26 12:21:37.1188 INFO Get User Success :100-Deputy Commissioner
2020-12-26 12:21:39.8864 INFO Get User Success :100-Deputy Commissioner
2020-12-26 12:21:39.8864 INFO Check WorkFlow List Success
2020-12-26 12:21:39.8864 INFO Get RR List Success
2020-12-26 12:21:39.8974 INFO Get User Success :100-Deputy Commissioner
2020-12-26 12:21:41.0616 INFO Get User Success :100-Deputy Commissioner
2020-12-26 12:21:41.1852 INFO Get User Success :100-Deputy Commissioner
2020-12-26 12:21:44.0322 INFO Get User Success :100-Deputy Commissioner
2020-12-26 12:21:44.0322 INFO Check WorkFlow List Success
2020-12-26 12:21:44.0571 INFO Get User Success :100-Deputy Commissioner
2020-12-26 12:21:44.0571 INFO Check WorkFlow List Success
2020-12-26 12:21:44.0571 INFO Get Allotment List Success
2020-12-26 12:21:44.0571 INFO Get User Success :100-Deputy Commissioner
2020-12-26 12:21:49.2448 INFO Get User Success :100-Deputy Commissioner
2020-12-26 12:21:49.2448 INFO Check WorkFlow List Success
2020-12-26 12:21:49.2448 INFO Get Allotment List Success
2020-12-26 12:21:49.2448 INFO Get User Success :100-Deputy Commissioner
2020-12-26 12:21:49.2792 INFO Allotement Issued Sucess:2
2020-12-26 12:21:49.3070 INFO Get User Success :100-Deputy Commissioner
2020-12-26 12:21:49.3070 INFO Check WorkFlow List Success
2020-12-26 12:21:49.3070 INFO Get Allotment List Success
2020-12-26 12:21:49.3070 INFO Get User Success :100-Deputy Commissioner
2020-12-26 12:21:51.5470 INFO Get User Success :100-Deputy Commissioner
2020-12-26 12:21:51.5470 INFO Check WorkFlow List Success
2020-12-26 12:21:51.5470 INFO Get Allotment List Success
2020-12-26 12:21:51.6329 INFO Get GetSeverList Success
2020-12-26 12:36:52.0118 INFO Get User Success :44-Administrator
2020-12-26 12:36:57.9347 INFO Get Report  Success
2020-12-26 12:36:57.9467 INFO Get User Success :44-Administrator
2020-12-26 12:36:57.9467 INFO Get Party Master List Success
2020-12-26 12:36:57.9467 INFO Get User Success :44-Administrator
2020-12-26 12:37:21.6838 INFO Get GetSeverList Success
2020-12-26 12:38:06.4139 INFO Get GetSeverList Success
2020-12-26 12:38:11.3257 INFO Get Report  Success
2020-12-26 12:38:11.3257 INFO Get User Success :44-Administrator
2020-12-26 12:38:35.0753 INFO Get Party Master List Success
2020-12-26 12:38:35.0753 INFO Get User Success :44-Administrator
2020-12-26 15:00:05.7584 INFO Get User Success :100-Deputy Commissioner
2020-12-26 15:00:11.8980 INFO Get User Success :100-Deputy Commissioner
2020-12-26 15:00:11.8980 INFO Check WorkFlow List Success
2020-12-26 15:00:11.9508 INFO Get User Success :100-Deputy Commissioner
2020-12-26 15:00:11.9508 INFO Check WorkFlow List Success
2020-12-26 15:00:11.9595 INFO Get Allotment List Success
2020-12-26 15:00:11.9996 INFO Get User Success :100-Deputy Commissioner
2020-12-26 15:00:14.2360 INFO Get User Success :100-Deputy Commissioner
2020-12-26 15:00:14.2360 INFO Check WorkFlow List Success
2020-12-26 15:00:14.2414 INFO Get Allotment List Success
2020-12-26 15:00:14.4036 INFO Get GetSeverList Success
2020-12-26 15:00:42.1672 INFO Get User Success :100-Deputy Commissioner
2020-12-26 15:00:42.1672 INFO Check WorkFlow List Success
2020-12-26 15:00:42.1672 INFO Get Allotment List Success
2020-12-26 15:00:42.2787 INFO Get GetSeverList Success
