2020-10-08 10:16:51.9431 INFO Get User Success :18-Harinagar Distillery
2020-10-08 10:16:59.6651 INFO Get User Success :18-Harinagar Distillery
2020-10-08 10:17:01.7418 INFO Get User Success :18-Harinagar Distillery
2020-10-08 10:17:05.2739 INFO Get User Success :18-Harinagar Distillery
2020-10-08 10:17:05.2739 INFO Get VAT Master List Success
2020-10-08 10:17:05.3185 INFO Get User Success :18-Harinagar Distillery
2020-10-08 10:17:07.4133 INFO Get User Success :18-Harinagar Distillery
2020-10-08 10:17:07.4955 INFO Get User Success :18-Harinagar Distillery
2020-10-08 10:17:07.4955 INFO Get VAT Master List Success
2020-10-08 10:17:07.5112 INFO Get VAT Master List Success
2020-10-08 10:17:07.5207 INFO Get User Success :18-Harinagar Distillery
2020-10-08 10:17:07.9705 INFO Get VAT Master List Success
2020-10-08 10:17:12.3880 INFO Get User Success :18-Harinagar Distillery
2020-10-08 10:17:12.4268 INFO Get User Success :18-Harinagar Distillery
2020-10-08 10:17:13.6410 INFO Get User Success :18-Harinagar Distillery
2020-10-08 10:17:14.7232 INFO Get User Success :18-Harinagar Distillery
2020-10-08 10:17:14.7252 INFO Get VAT Master List Success
2020-10-08 10:17:14.7252 INFO Get VAT Master List Success
2020-10-08 10:17:14.7252 INFO Get User Success :18-Harinagar Distillery
2020-10-08 10:17:19.6263 INFO Get VAT Master List Success
2020-10-08 10:18:41.8478 INFO Get User Success :18-Harinagar Distillery
2020-10-08 10:18:41.8499 INFO Get VAT Master List Success
2020-10-08 10:18:41.8499 INFO Get VAT Master List Success
2020-10-08 10:18:41.8499 INFO Get User Success :18-Harinagar Distillery
2020-10-08 10:18:45.9391 INFO Get VAT Master List Success
2020-10-08 10:22:05.7086 INFO Get User Success :18-Harinagar Distillery
2020-10-08 10:22:05.7086 INFO Get VAT Master List Success
2020-10-08 10:22:05.7086 INFO Get VAT Master List Success
2020-10-08 10:22:05.7086 INFO Get User Success :18-Harinagar Distillery
2020-10-08 10:22:08.4832 INFO Get VAT Master List Success
2020-10-08 11:42:50.1437 INFO Get User Success :18-Harinagar Distillery
2020-10-08 11:42:53.2891 INFO Get User Success :18-Harinagar Distillery
2020-10-08 11:42:54.8671 INFO Get User Success :18-Harinagar Distillery
2020-10-08 11:42:54.9047 INFO Get User Success :18-Harinagar Distillery
2020-10-08 11:42:56.5875 INFO Get User Success :18-Harinagar Distillery
2020-10-08 11:42:56.6576 INFO Get User Success :18-Harinagar Distillery
2020-10-08 11:42:56.6622 INFO Get VAT Master List Success
2020-10-08 11:42:56.6622 INFO Get VAT Master List Success
2020-10-08 11:42:56.6622 INFO Get User Success :18-Harinagar Distillery
2020-10-08 11:43:14.8245 INFO Get VAT Master List Success
2020-10-08 11:43:49.7073 INFO Get User Success :18-Harinagar Distillery
2020-10-08 11:43:49.7428 INFO Get form84 Insert fail: -D01-8
2020-10-08 11:44:41.0316 INFO Get VAT Master List Success
2020-10-08 11:44:59.4011 INFO Get User Success :18-Harinagar Distillery
2020-10-08 11:45:40.2291 INFO Get form84 Insert Success: 1-D01-8
2020-10-08 11:45:40.2530 INFO Get User Success :18-Harinagar Distillery
2020-10-08 11:45:43.9554 INFO Get User Success :18-Harinagar Distillery
2020-10-08 11:45:43.9799 INFO Get User Success :18-Harinagar Distillery
2020-10-08 11:45:43.9799 INFO Get VAT Master List Success
2020-10-08 11:45:43.9799 INFO Get VAT Master List Success
2020-10-08 11:45:43.9799 INFO Get User Success :18-Harinagar Distillery
2020-10-08 11:57:41.8879 INFO Get User Success :18-Harinagar Distillery
2020-10-08 11:57:50.4320 INFO Get User Success :18-Harinagar Distillery
2020-10-08 11:57:52.1609 INFO Get User Success :18-Harinagar Distillery
2020-10-08 11:57:52.2018 INFO Get User Success :18-Harinagar Distillery
2020-10-08 12:00:32.6065 INFO Get User Success :18-Harinagar Distillery
2020-10-08 12:00:38.1115 INFO Get User Success :18-Harinagar Distillery
2020-10-08 12:00:39.8088 INFO Get User Success :18-Harinagar Distillery
2020-10-08 12:00:39.8482 INFO Get User Success :18-Harinagar Distillery
2020-10-08 12:01:05.5647 INFO Get Form84 List Success
2020-10-08 12:01:05.5966 INFO Get User Success :18-Harinagar Distillery
2020-10-08 12:14:25.9579 INFO Get User Success :18-Harinagar Distillery
2020-10-08 12:14:36.6961 INFO Get User Success :18-Harinagar Distillery
2020-10-08 12:14:38.1372 INFO Get User Success :18-Harinagar Distillery
2020-10-08 12:14:38.1820 INFO Get User Success :18-Harinagar Distillery
2020-10-08 12:14:38.1820 INFO Get Form84 List Success
2020-10-08 12:14:38.2166 INFO Get User Success :18-Harinagar Distillery
2020-10-08 12:14:42.1561 INFO Get User Success :18-Harinagar Distillery
2020-10-08 12:14:42.1982 INFO Get User Success :18-Harinagar Distillery
2020-10-08 12:14:42.1982 INFO Get VAT Master List Success
2020-10-08 12:14:42.2146 INFO Get User Success :18-Harinagar Distillery
2020-10-08 12:27:36.0045 INFO Get User Success :18-Harinagar Distillery
2020-10-08 12:27:44.2908 INFO Get User Success :18-Harinagar Distillery
2020-10-08 12:27:45.8405 INFO Get User Success :18-Harinagar Distillery
2020-10-08 12:27:45.8797 INFO Get User Success :18-Harinagar Distillery
2020-10-08 12:27:45.8847 INFO Get Form84 List Success
2020-10-08 12:27:45.9156 INFO Get User Success :18-Harinagar Distillery
2020-10-08 12:27:47.1239 INFO Get User Success :18-Harinagar Distillery
2020-10-08 12:27:47.1747 INFO Get User Success :18-Harinagar Distillery
2020-10-08 12:27:47.1787 INFO Get VAT Master List Success
2020-10-08 12:28:39.9805 INFO Get User Success :18-Harinagar Distillery
2020-10-08 12:28:42.5123 INFO Get User Success :18-Harinagar Distillery
2020-10-08 12:28:44.3044 INFO Get User Success :18-Harinagar Distillery
2020-10-08 12:28:45.2848 INFO Get User Success :18-Harinagar Distillery
2020-10-08 12:28:45.2898 INFO Get VAT Master List Success
2020-10-08 12:28:45.3207 INFO Get User Success :18-Harinagar Distillery
2020-10-08 12:28:49.8370 INFO Get User Success :18-Harinagar Distillery
2020-10-08 12:28:49.9048 INFO Get User Success :18-Harinagar Distillery
2020-10-08 12:28:49.9048 INFO Get VAT Master List Success
2020-10-08 12:29:13.8369 INFO Get VAT Master List Success
2020-10-08 12:29:19.8694 INFO Get User Success :18-Harinagar Distillery
2020-10-08 12:29:20.2709 INFO Get VAT Master List Success
2020-10-08 12:29:24.9490 INFO Get User Success :18-Harinagar Distillery
2020-10-08 12:29:24.9870 INFO Get User Success :18-Harinagar Distillery
2020-10-08 12:29:24.9908 INFO Get Form84 List Success
2020-10-08 12:29:24.9908 INFO Get User Success :18-Harinagar Distillery
2020-10-08 12:29:26.3873 INFO Get User Success :18-Harinagar Distillery
2020-10-08 12:29:26.4101 INFO Get User Success :18-Harinagar Distillery
2020-10-08 12:29:26.4121 INFO Get VAT Master List Success
2020-10-08 12:29:26.4121 INFO Get User Success :18-Harinagar Distillery
2020-10-08 12:29:28.4984 INFO Get User Success :18-Harinagar Distillery
2020-10-08 12:29:28.5272 INFO Get User Success :18-Harinagar Distillery
2020-10-08 12:29:28.5272 INFO Get VAT Master List Success
2020-10-08 12:29:28.5272 INFO Get User Success :18-Harinagar Distillery
2020-10-08 12:29:31.4292 INFO Get User Success :18-Harinagar Distillery
2020-10-08 12:29:31.4494 INFO Get User Success :18-Harinagar Distillery
2020-10-08 12:29:31.4494 INFO Get Form84 List Success
2020-10-08 12:29:31.4494 INFO Get User Success :18-Harinagar Distillery
2020-10-08 12:29:34.0684 INFO Get User Success :18-Harinagar Distillery
2020-10-08 12:30:02.5181 INFO Get User Success :18-Harinagar Distillery
2020-10-08 12:30:02.5210 INFO Get Form84 List Success
2020-10-08 12:30:02.5210 INFO Get User Success :18-Harinagar Distillery
2020-10-08 12:30:05.1464 INFO Get User Success :18-Harinagar Distillery
2020-10-08 12:30:14.8116 INFO Get User Success :18-Harinagar Distillery
2020-10-08 12:30:17.9903 INFO Get User Success :18-Harinagar Distillery
2020-10-08 12:30:20.5022 INFO Get User Success :18-Harinagar Distillery
2020-10-08 12:30:20.5022 INFO Get VAT Master List Success
2020-10-08 12:30:20.5073 INFO Get User Success :18-Harinagar Distillery
2020-10-08 12:30:21.5240 INFO Get User Success :18-Harinagar Distillery
2020-10-08 12:30:21.5465 INFO Get User Success :18-Harinagar Distillery
2020-10-08 12:30:21.5465 INFO Get Form84 List Success
2020-10-08 12:30:21.5465 INFO Get User Success :18-Harinagar Distillery
2020-10-08 12:30:23.4823 INFO Get User Success :18-Harinagar Distillery
2020-10-08 12:31:51.7035 INFO Get User Success :18-Harinagar Distillery
2020-10-08 12:31:58.8274 INFO Get User Success :18-Harinagar Distillery
2020-10-08 12:32:01.4080 INFO Get User Success :18-Harinagar Distillery
2020-10-08 12:32:01.4492 INFO Get User Success :18-Harinagar Distillery
2020-10-08 12:32:01.4492 INFO Get Form84 List Success
2020-10-08 12:32:01.4830 INFO Get User Success :18-Harinagar Distillery
2020-10-08 12:32:02.8295 INFO Get User Success :18-Harinagar Distillery
2020-10-08 12:33:35.6184 INFO Get User Success :18-Harinagar Distillery
2020-10-08 12:33:38.9060 INFO Get User Success :18-Harinagar Distillery
2020-10-08 12:33:40.4632 INFO Get User Success :18-Harinagar Distillery
2020-10-08 12:33:40.5039 INFO Get User Success :18-Harinagar Distillery
2020-10-08 12:33:40.5083 INFO Get Form84 List Success
2020-10-08 12:33:40.5391 INFO Get User Success :18-Harinagar Distillery
2020-10-08 12:33:42.2278 INFO Get User Success :18-Harinagar Distillery
2020-10-08 12:34:05.2284 INFO Get User Success :18-Harinagar Distillery
2020-10-08 12:34:08.4556 INFO Get User Success :18-Harinagar Distillery
2020-10-08 12:34:08.4596 INFO Get VAT Master List Success
2020-10-08 12:34:08.4596 INFO Get VAT Master List Success
2020-10-08 12:34:37.8930 INFO Get User Success :18-Harinagar Distillery
2020-10-08 12:34:37.8930 INFO Get Form84 List Success
2020-10-08 12:34:37.8993 INFO Get User Success :18-Harinagar Distillery
2020-10-08 12:34:40.6858 INFO Get User Success :18-Harinagar Distillery
2020-10-08 12:34:40.6858 INFO Get Form84 List Success
2020-10-08 12:34:40.6858 INFO Get User Success :18-Harinagar Distillery
2020-10-08 12:34:42.9162 INFO Get User Success :18-Harinagar Distillery
2020-10-08 12:34:42.9392 INFO Get User Success :18-Harinagar Distillery
2020-10-08 12:34:42.9392 INFO Get VAT Master List Success
2020-10-08 12:34:42.9431 INFO Get VAT Master List Success
2020-10-08 12:34:48.1730 INFO Get User Success :18-Harinagar Distillery
2020-10-08 12:34:48.1730 INFO Get Form84 List Success
2020-10-08 12:34:48.1780 INFO Get User Success :18-Harinagar Distillery
2020-10-08 12:34:49.0934 INFO Get User Success :18-Harinagar Distillery
2020-10-08 12:34:49.0934 INFO Get Form84 List Success
2020-10-08 12:34:49.0934 INFO Get User Success :18-Harinagar Distillery
2020-10-08 12:34:49.3109 INFO Get User Success :18-Harinagar Distillery
2020-10-08 12:34:49.3109 INFO Get Form84 List Success
2020-10-08 12:34:49.3109 INFO Get User Success :18-Harinagar Distillery
2020-10-08 12:34:49.4854 INFO Get User Success :18-Harinagar Distillery
2020-10-08 12:34:49.4854 INFO Get Form84 List Success
2020-10-08 12:34:49.4984 INFO Get User Success :18-Harinagar Distillery
2020-10-08 12:34:50.9726 INFO Get User Success :18-Harinagar Distillery
2020-10-08 12:34:58.7501 INFO Get User Success :18-Harinagar Distillery
2020-10-08 12:34:58.7501 INFO Get VAT Master List Success
2020-10-08 12:34:58.7561 INFO Get VAT Master List Success
2020-10-08 12:34:58.7780 INFO Get VAT Master List Fail :22P02: invalid input syntax for integer: "D01"
2020-10-08 12:34:58.7780 INFO Get User Success :18-Harinagar Distillery
2020-10-08 12:35:24.4530 INFO Get User Success :18-Harinagar Distillery
2020-10-08 12:35:24.4530 INFO Get VAT Master List Success
2020-10-08 12:35:24.4587 INFO Get VAT Master List Success
2020-10-08 12:36:03.4736 INFO Get VAT Master List Fail :22P02: invalid input syntax for integer: "D01"
2020-10-08 12:36:23.1790 INFO Get VAT Master List Fail :Field not found in row: form83_id
2020-10-08 12:37:11.2991 INFO Get VAT Master List Success
2020-10-08 12:37:11.3021 INFO Get User Success :18-Harinagar Distillery
2020-10-08 12:38:35.0289 INFO Get User Success :18-Harinagar Distillery
2020-10-08 12:38:35.0289 INFO Get VAT Master List Success
2020-10-08 12:38:35.0289 INFO Get VAT Master List Success
2020-10-08 12:38:37.3017 INFO Get VAT Master List Success
2020-10-08 12:38:37.3047 INFO Get User Success :18-Harinagar Distillery
2020-10-08 12:38:37.4859 INFO Get VAT Master List Success
2020-10-08 12:39:14.1579 INFO Get User Success :18-Harinagar Distillery
2020-10-08 12:39:14.1579 INFO Get VAT Master List Success
2020-10-08 12:39:14.1633 INFO Get VAT Master List Success
2020-10-08 12:39:14.1633 INFO Get VAT Master List Success
2020-10-08 12:39:14.1633 INFO Get User Success :18-Harinagar Distillery
2020-10-08 12:40:04.1377 INFO Get VAT Master List Success
2020-10-08 12:40:16.0457 INFO Get User Success :18-Harinagar Distillery
2020-10-08 12:40:16.0457 INFO Get VAT Master List Success
2020-10-08 12:40:16.0457 INFO Get VAT Master List Success
2020-10-08 12:40:16.0544 INFO Get VAT Master List Success
2020-10-08 12:40:16.0544 INFO Get User Success :18-Harinagar Distillery
2020-10-08 12:40:18.6069 INFO Get VAT Master List Success
2020-10-08 13:04:34.2018 INFO Get User Success :18-Harinagar Distillery
2020-10-08 13:04:37.7748 INFO Get User Success :18-Harinagar Distillery
2020-10-08 13:04:40.7934 INFO Get User Success :18-Harinagar Distillery
2020-10-08 13:04:40.8346 INFO Get User Success :18-Harinagar Distillery
2020-10-08 13:04:40.8346 INFO Get VAT Master List Success
2020-10-08 13:04:40.8488 INFO Get User Success :18-Harinagar Distillery
2020-10-08 13:04:44.3037 INFO Get User Success :18-Harinagar Distillery
2020-10-08 13:04:45.4376 INFO Get User Success :18-Harinagar Distillery
2020-10-08 13:04:45.4429 INFO Get VAT Master List Success
2020-10-08 13:04:45.4429 INFO Get User Success :18-Harinagar Distillery
2020-10-08 13:04:54.7345 INFO Get VAT Master List Fail :Field not found in row: transferqty
2020-10-08 13:06:29.8551 INFO Get VAT Master List Success
2020-10-08 13:17:03.4887 INFO Get VAT Master List Success
2020-10-08 13:17:46.8078 INFO Get User Success :18-Harinagar Distillery
2020-10-08 13:17:46.8479 INFO Get User Success :18-Harinagar Distillery
2020-10-08 13:17:46.8524 INFO Get Form84 List Success
2020-10-08 13:17:46.8524 INFO Get User Success :18-Harinagar Distillery
2020-10-08 13:17:52.6334 INFO Get User Success :18-Harinagar Distillery
2020-10-08 13:17:54.7264 INFO Get User Success :18-Harinagar Distillery
2020-10-08 13:17:54.7264 INFO Get VAT Master List Success
2020-10-08 13:17:54.7264 INFO Get VAT Master List Success
2020-10-08 13:17:54.7414 INFO Get User Success :18-Harinagar Distillery
2020-10-08 13:18:01.5382 INFO Get User Success :18-Harinagar Distillery
2020-10-08 13:18:01.5609 INFO Get User Success :18-Harinagar Distillery
2020-10-08 13:18:01.5609 INFO Get Form84 List Success
2020-10-08 13:18:01.5609 INFO Get User Success :18-Harinagar Distillery
2020-10-08 13:18:02.3087 INFO Get User Success :18-Harinagar Distillery
2020-10-08 13:18:02.3382 INFO Get User Success :18-Harinagar Distillery
2020-10-08 13:18:02.3382 INFO Get VAT Master List Success
2020-10-08 13:18:02.3382 INFO Get VAT Master List Success
2020-10-08 13:18:02.3382 INFO Get User Success :18-Harinagar Distillery
2020-10-08 13:18:11.6595 INFO Get VAT Master List Success
2020-10-08 13:18:35.7242 INFO Get User Success :18-Harinagar Distillery
2020-10-08 13:18:35.7242 INFO Get VAT Master List Success
2020-10-08 13:18:35.7242 INFO Get VAT Master List Success
2020-10-08 13:18:35.7242 INFO Get User Success :18-Harinagar Distillery
2020-10-08 13:29:15.8490 INFO Get User Success :18-Harinagar Distillery
2020-10-08 13:29:19.5835 INFO Get User Success :18-Harinagar Distillery
2020-10-08 13:29:20.7591 INFO Get User Success :18-Harinagar Distillery
2020-10-08 13:29:20.7957 INFO Get User Success :18-Harinagar Distillery
2020-10-08 13:29:20.7957 INFO Get VAT Master List Success
2020-10-08 13:29:20.8117 INFO Get User Success :18-Harinagar Distillery
2020-10-08 13:29:24.1879 INFO Get User Success :18-Harinagar Distillery
2020-10-08 13:29:24.2551 INFO Get User Success :18-Harinagar Distillery
2020-10-08 13:29:24.2551 INFO Get VAT Master List Success
2020-10-08 13:29:24.2551 INFO Get VAT Master List Success
2020-10-08 13:29:24.2726 INFO Get User Success :18-Harinagar Distillery
2020-10-08 13:29:24.6596 INFO Get VAT Master List Success
2020-10-08 13:30:04.2120 INFO Get User Success :18-Harinagar Distillery
2020-10-08 13:30:04.2319 INFO Get User Success :18-Harinagar Distillery
2020-10-08 13:30:04.2319 INFO Get VAT Master List Success
2020-10-08 13:30:04.2319 INFO Get User Success :18-Harinagar Distillery
2020-10-08 13:30:05.4575 INFO Get User Success :18-Harinagar Distillery
2020-10-08 13:30:05.4795 INFO Get User Success :18-Harinagar Distillery
2020-10-08 13:30:05.4795 INFO Get VAT Master List Success
2020-10-08 13:30:05.4795 INFO Get VAT Master List Success
2020-10-08 13:30:05.4795 INFO Get User Success :18-Harinagar Distillery
2020-10-08 13:30:05.6069 INFO Get VAT Master List Success
2020-10-08 13:30:38.4645 INFO Get User Success :18-Harinagar Distillery
2020-10-08 13:30:38.5025 INFO Get User Success :18-Harinagar Distillery
2020-10-08 13:30:38.5070 INFO Get Form84 List Success
2020-10-08 13:30:38.5070 INFO Get User Success :18-Harinagar Distillery
2020-10-08 13:30:39.8645 INFO Get User Success :18-Harinagar Distillery
2020-10-08 13:30:39.9089 INFO Get User Success :18-Harinagar Distillery
2020-10-08 13:30:39.9113 INFO Get VAT Master List Success
2020-10-08 13:30:39.9113 INFO Get VAT Master List Success
2020-10-08 13:30:39.9113 INFO Get VAT Master List Success
2020-10-08 13:30:39.9113 INFO Get User Success :18-Harinagar Distillery
2020-10-08 13:30:40.1295 INFO Get GetVatData84 Fail :Field not found in row: available
2020-10-08 13:30:44.3509 INFO Get User Success :18-Harinagar Distillery
2020-10-08 13:30:44.3813 INFO Get User Success :18-Harinagar Distillery
2020-10-08 13:30:44.3813 INFO Get Form84 List Success
2020-10-08 13:30:44.3813 INFO Get User Success :18-Harinagar Distillery
2020-10-08 13:30:45.1797 INFO Get User Success :18-Harinagar Distillery
2020-10-08 13:30:45.2057 INFO Get User Success :18-Harinagar Distillery
2020-10-08 13:30:45.2117 INFO Get VAT Master List Success
2020-10-08 13:30:45.2117 INFO Get VAT Master List Success
2020-10-08 13:30:45.2117 INFO Get User Success :18-Harinagar Distillery
2020-10-08 13:30:50.5115 INFO Get GetVatData84 Fail :Field not found in row: available
2020-10-08 13:31:02.1495 INFO Get GetVatData84 Fail :Field not found in row: available
2020-10-08 13:31:04.6515 INFO Get User Success :18-Harinagar Distillery
2020-10-08 13:31:04.6515 INFO Get VAT Master List Success
2020-10-08 13:31:04.6515 INFO Get VAT Master List Success
2020-10-08 13:31:04.6515 INFO Get User Success :18-Harinagar Distillery
2020-10-08 13:31:10.0863 INFO Get GetVatData84 Fail :Field not found in row: available
2020-10-08 13:34:08.0665 INFO Get GetVatData84 Success
2020-10-08 13:37:01.0110 INFO Get User Success :18-Harinagar Distillery
2020-10-08 13:41:00.1385 INFO Get Users List Success
2020-10-08 13:41:03.9962 INFO Get Users List Success
2020-10-08 13:41:13.9135 INFO Org Get List Success
2020-10-08 13:41:13.9135 INFO Get Party Master List Success
2020-10-08 13:41:13.9135 INFO Get Role Level List Success
2020-10-08 13:41:13.9275 INFO Get access_type List Success
2020-10-08 13:41:13.9801 INFO Get view_Role_master List Success :Input string was not in a correct format.
2020-10-08 13:41:13.9801 INFO Get State List Success
2020-10-08 13:41:13.9801 INFO Get Dept List Success
2020-10-08 13:41:13.9801 INFO Get Users List Success
2020-10-08 13:41:13.9980 INFO Get User Success :34-Harinagar Sugar Mills Ltd
2020-10-08 13:41:13.9980 INFO Get Division List Success
2020-10-08 13:41:56.4630 INFO Get User Success :34-Harinagar Sugar Mills Ltd
2020-10-08 13:42:00.1853 INFO Sugarcanepurchase Get List Success
2020-10-08 13:42:00.1853 INFO Get User Success :34-Harinagar Sugar Mills Ltd
2020-10-08 13:42:00.1968 INFO Get User Success :34-Harinagar Sugar Mills Ltd
2020-10-08 13:42:04.8723 INFO Get User Success :34-Harinagar Sugar Mills Ltd
2020-10-08 13:42:04.9197 INFO Get Party Master List Success
2020-10-08 13:42:04.9197 INFO Get User Success :34-Harinagar Sugar Mills Ltd
2020-10-08 13:42:04.9197 INFO Sugarcanepurchase Get List Success
2020-10-08 13:42:04.9322 INFO Get User Success :34-Harinagar Sugar Mills Ltd
2020-10-08 13:42:24.7404 INFO Get User Success :34-Harinagar Sugar Mills Ltd
2020-10-08 13:42:24.7612 INFO Sugarcanepurchase Get List Success
2020-10-08 13:42:24.7612 INFO Get User Success :34-Harinagar Sugar Mills Ltd
2020-10-08 13:42:24.7612 INFO Get User Success :34-Harinagar Sugar Mills Ltd
2020-10-08 13:42:26.6155 INFO Get User Success :34-Harinagar Sugar Mills Ltd
2020-10-08 13:42:26.6390 INFO Get Party Master List Success
2020-10-08 13:42:26.6390 INFO Get User Success :34-Harinagar Sugar Mills Ltd
2020-10-08 13:42:26.6390 INFO Sugarcanepurchase Get List Success
2020-10-08 13:42:26.6460 INFO Get User Success :34-Harinagar Sugar Mills Ltd
2020-10-08 13:42:30.6031 INFO Get User Success :34-Harinagar Sugar Mills Ltd
2020-10-08 13:44:57.7267 INFO Get User Success :34-Harinagar Sugar Mills Ltd
2020-10-08 13:45:06.2818 INFO Get Party Master List Success
2020-10-08 13:45:06.2818 INFO Get User Success :34-Harinagar Sugar Mills Ltd
2020-10-08 13:45:06.2886 INFO Sugarcanepurchase Get List Success
2020-10-08 13:45:06.2886 INFO Get User Success :34-Harinagar Sugar Mills Ltd
2020-10-08 13:45:09.5073 INFO Get User Success :34-Harinagar Sugar Mills Ltd
2020-10-08 13:45:09.5524 INFO Get User Success :34-Harinagar Sugar Mills Ltd
2020-10-08 13:45:09.5524 INFO Get User Success :34-Harinagar Sugar Mills Ltd
2020-10-08 13:45:10.2945 INFO Get User Success :34-Harinagar Sugar Mills Ltd
2020-10-08 13:45:10.3174 INFO Sugarcanepurchase Get List Success
2020-10-08 13:45:10.3233 INFO Get User Success :34-Harinagar Sugar Mills Ltd
2020-10-08 13:45:10.3233 INFO Get User Success :34-Harinagar Sugar Mills Ltd
2020-10-08 13:45:11.8088 INFO Get User Success :34-Harinagar Sugar Mills Ltd
2020-10-08 13:45:11.8277 INFO Get Party Master List Success
2020-10-08 13:45:11.8277 INFO Get User Success :34-Harinagar Sugar Mills Ltd
2020-10-08 13:45:11.8277 INFO Sugarcanepurchase Get List Success
2020-10-08 13:45:11.8357 INFO Get User Success :34-Harinagar Sugar Mills Ltd
2020-10-08 13:45:14.9279 INFO Get User Success :34-Harinagar Sugar Mills Ltd
2020-10-08 13:45:14.9469 INFO Sugarcanepurchase Get List Success
2020-10-08 13:45:14.9469 INFO Get User Success :34-Harinagar Sugar Mills Ltd
2020-10-08 13:45:14.9469 INFO Get User Success :34-Harinagar Sugar Mills Ltd
2020-10-08 13:45:15.9346 INFO Get User Success :34-Harinagar Sugar Mills Ltd
2020-10-08 13:45:15.9620 INFO Get Party Master List Success
2020-10-08 13:45:15.9620 INFO Get User Success :34-Harinagar Sugar Mills Ltd
2020-10-08 13:45:15.9620 INFO Sugarcanepurchase Get List Success
2020-10-08 13:45:15.9620 INFO Get User Success :34-Harinagar Sugar Mills Ltd
2020-10-08 13:45:17.9133 INFO Get User Success :34-Harinagar Sugar Mills Ltd
2020-10-08 13:45:17.9133 INFO Sugarcanepurchase Insertion Sucess:1-H01
2020-10-08 13:45:17.9646 INFO Sugarcanepurchase Get List Success
2020-10-08 13:45:17.9646 INFO Get User Success :34-Harinagar Sugar Mills Ltd
2020-10-08 13:45:17.9646 INFO Get User Success :34-Harinagar Sugar Mills Ltd
2020-10-08 13:45:20.6695 INFO Get User Success :34-Harinagar Sugar Mills Ltd
2020-10-08 13:45:20.6912 INFO Get User Success :34-Harinagar Sugar Mills Ltd
2020-10-08 13:45:20.6935 INFO Get User Success :34-Harinagar Sugar Mills Ltd
2020-10-08 13:45:22.0861 INFO Get User Success :34-Harinagar Sugar Mills Ltd
2020-10-08 13:45:22.1356 INFO Get User Success :34-Harinagar Sugar Mills Ltd
2020-10-08 13:45:22.1356 INFO Get User Success :34-Harinagar Sugar Mills Ltd
2020-10-08 13:49:14.2119 INFO Get User Success :34-Harinagar Sugar Mills Ltd
2020-10-08 13:49:14.2119 INFO Get User Success :34-Harinagar Sugar Mills Ltd
2020-10-08 13:49:16.0869 INFO Get User Success :34-Harinagar Sugar Mills Ltd
2020-10-08 13:49:17.9591 INFO Get User Success :34-Harinagar Sugar Mills Ltd
2020-10-08 13:49:17.9591 INFO Get User Success :34-Harinagar Sugar Mills Ltd
2020-10-08 13:53:09.3079 INFO Get User Success :34-Harinagar Sugar Mills Ltd
2020-10-08 13:53:16.1247 INFO Sugarcanepurchase Get List Success
2020-10-08 13:53:16.1247 INFO Get User Success :34-Harinagar Sugar Mills Ltd
2020-10-08 13:53:16.1367 INFO Get User Success :34-Harinagar Sugar Mills Ltd
2020-10-08 13:53:18.7107 INFO Get User Success :34-Harinagar Sugar Mills Ltd
2020-10-08 13:53:18.7544 INFO Get User Success :34-Harinagar Sugar Mills Ltd
2020-10-08 13:53:18.7571 INFO Get User Success :34-Harinagar Sugar Mills Ltd
2020-10-08 13:53:20.1267 INFO Get User Success :34-Harinagar Sugar Mills Ltd
2020-10-08 14:00:12.4354 INFO Get User Success :34-Harinagar Sugar Mills Ltd
2020-10-08 14:00:21.2974 INFO Sugarcanepurchase Get List Success
2020-10-08 14:00:21.2974 INFO Get User Success :34-Harinagar Sugar Mills Ltd
2020-10-08 14:00:21.3146 INFO Get User Success :34-Harinagar Sugar Mills Ltd
2020-10-08 14:00:23.2324 INFO Get User Success :34-Harinagar Sugar Mills Ltd
2020-10-08 14:00:23.2779 INFO Get User Success :34-Harinagar Sugar Mills Ltd
2020-10-08 14:00:23.2779 INFO Get User Success :34-Harinagar Sugar Mills Ltd
2020-10-08 14:00:24.3387 INFO Get User Success :34-Harinagar Sugar Mills Ltd
2020-10-08 14:00:24.4064 INFO Get User Success :34-Harinagar Sugar Mills Ltd
2020-10-08 14:00:24.4124 INFO Get Party Master List Success
2020-10-08 14:00:24.4124 INFO Get User Success :34-Harinagar Sugar Mills Ltd
2020-10-08 14:00:27.1666 INFO Get User Success :34-Harinagar Sugar Mills Ltd
2020-10-08 14:00:27.1666 INFO Get User Success :34-Harinagar Sugar Mills Ltd
2020-10-08 14:01:44.4798 INFO Get User Success :34-Harinagar Sugar Mills Ltd
2020-10-08 14:01:52.3181 INFO Sugarcanepurchase Get List Success
2020-10-08 14:01:52.3181 INFO Get User Success :34-Harinagar Sugar Mills Ltd
2020-10-08 14:01:52.3181 INFO Get User Success :34-Harinagar Sugar Mills Ltd
2020-10-08 14:01:53.5054 INFO Get User Success :34-Harinagar Sugar Mills Ltd
2020-10-08 14:01:53.6114 INFO Get User Success :34-Harinagar Sugar Mills Ltd
2020-10-08 14:01:53.6144 INFO Get User Success :34-Harinagar Sugar Mills Ltd
2020-10-08 14:01:54.6455 INFO Get User Success :34-Harinagar Sugar Mills Ltd
2020-10-08 14:01:54.7178 INFO Get User Success :34-Harinagar Sugar Mills Ltd
2020-10-08 14:01:54.7252 INFO Get Party Master List Success
2020-10-08 14:01:54.7252 INFO Get User Success :34-Harinagar Sugar Mills Ltd
2020-10-08 14:01:56.8649 INFO Get User Success :34-Harinagar Sugar Mills Ltd
2020-10-08 14:01:56.8649 INFO Get User Success :34-Harinagar Sugar Mills Ltd
2020-10-08 14:02:18.8994 INFO Get User Success :34-Harinagar Sugar Mills Ltd
2020-10-08 14:02:18.9212 INFO Get User Success :34-Harinagar Sugar Mills Ltd
2020-10-08 14:02:18.9212 INFO Get User Success :34-Harinagar Sugar Mills Ltd
2020-10-08 14:02:20.1101 INFO Get User Success :34-Harinagar Sugar Mills Ltd
2020-10-08 14:02:20.1290 INFO Get User Success :34-Harinagar Sugar Mills Ltd
2020-10-08 14:02:20.1309 INFO Get Party Master List Success
2020-10-08 14:02:20.1309 INFO Get User Success :34-Harinagar Sugar Mills Ltd
2020-10-08 14:02:29.6330 INFO Get User Success :34-Harinagar Sugar Mills Ltd
2020-10-08 14:02:29.6539 INFO Get User Success :34-Harinagar Sugar Mills Ltd
2020-10-08 14:02:29.6539 INFO Get User Success :34-Harinagar Sugar Mills Ltd
2020-10-08 14:02:30.3994 INFO Get User Success :34-Harinagar Sugar Mills Ltd
2020-10-08 14:02:30.4209 INFO Get User Success :34-Harinagar Sugar Mills Ltd
2020-10-08 14:02:30.4209 INFO Get Party Master List Success
2020-10-08 14:02:30.4209 INFO Get User Success :34-Harinagar Sugar Mills Ltd
2020-10-08 14:03:00.3680 INFO Get User Success :34-Harinagar Sugar Mills Ltd
2020-10-08 14:03:00.3899 INFO Get User Success :34-Harinagar Sugar Mills Ltd
2020-10-08 14:03:00.3899 INFO Get User Success :34-Harinagar Sugar Mills Ltd
2020-10-08 14:03:01.1095 INFO Get User Success :34-Harinagar Sugar Mills Ltd
2020-10-08 14:03:01.1283 INFO Get User Success :34-Harinagar Sugar Mills Ltd
2020-10-08 14:03:01.1303 INFO Get Party Master List Success
2020-10-08 14:03:40.4401 INFO Get User Success :34-Harinagar Sugar Mills Ltd
2020-10-08 14:03:40.4441 INFO Get User Success :34-Harinagar Sugar Mills Ltd
2020-10-08 14:03:46.2589 INFO Get User Success :34-Harinagar Sugar Mills Ltd
2020-10-08 14:03:46.2809 INFO Get User Success :34-Harinagar Sugar Mills Ltd
2020-10-08 14:03:46.2809 INFO Get User Success :34-Harinagar Sugar Mills Ltd
2020-10-08 14:03:47.0216 INFO Get User Success :34-Harinagar Sugar Mills Ltd
2020-10-08 14:03:47.0508 INFO Get User Success :34-Harinagar Sugar Mills Ltd
2020-10-08 14:03:47.0528 INFO Get Party Master List Success
2020-10-08 14:03:47.0528 INFO Get User Success :34-Harinagar Sugar Mills Ltd
2020-10-08 14:03:47.0528 INFO Get User Success :34-Harinagar Sugar Mills Ltd
2020-10-08 14:49:26.9517 INFO Get User Success :18-Harinagar Distillery
2020-10-08 14:49:29.4281 INFO Get User Success :18-Harinagar Distillery
2020-10-08 14:49:32.5882 INFO Get User Success :18-Harinagar Distillery
2020-10-08 14:49:32.6511 INFO Get User Success :18-Harinagar Distillery
2020-10-08 14:49:32.6724 INFO Get VAT Master List Success
2020-10-08 14:49:32.6836 INFO Get User Success :18-Harinagar Distillery
2020-10-08 14:49:34.8361 INFO Get User Success :18-Harinagar Distillery
2020-10-08 14:49:35.0996 INFO Get User Success :18-Harinagar Distillery
2020-10-08 14:49:35.0996 INFO Get VAT Master List Success
2020-10-08 14:49:35.0996 INFO Get User Success :18-Harinagar Distillery
2020-10-08 14:49:44.2135 INFO Get VAT Master List Success
2020-10-08 14:50:34.3670 INFO Get User Success :18-Harinagar Distillery
2020-10-08 14:50:34.4288 INFO Get User Success :18-Harinagar Distillery
2020-10-08 14:50:34.4288 INFO Get VAT Master List Success
2020-10-08 14:50:34.4288 INFO Get User Success :18-Harinagar Distillery
2020-10-08 14:50:37.1722 INFO Get User Success :18-Harinagar Distillery
2020-10-08 14:50:37.1930 INFO Get User Success :18-Harinagar Distillery
2020-10-08 14:50:37.1930 INFO Get VAT Master List Success
2020-10-08 14:50:37.1930 INFO Get User Success :18-Harinagar Distillery
2020-10-08 14:50:41.6072 INFO Get VAT Master List Success
2020-10-08 14:52:09.1453 INFO Get VAT Master List Success
2020-10-08 14:52:28.4480 INFO Get VAT Master List Success
2020-10-08 14:52:37.5693 INFO Get User Success :18-Harinagar Distillery
2020-10-08 14:52:37.5932 INFO Get User Success :18-Harinagar Distillery
2020-10-08 14:52:37.5932 INFO Get VAT Master List Success
2020-10-08 14:52:37.5932 INFO Get User Success :18-Harinagar Distillery
2020-10-08 14:52:43.4395 INFO Get User Success :18-Harinagar Distillery
2020-10-08 14:52:45.1819 INFO Get User Success :18-Harinagar Distillery
2020-10-08 14:52:45.1974 INFO Get Form84 List Success
2020-10-08 14:52:45.2213 INFO Get User Success :18-Harinagar Distillery
2020-10-08 14:52:47.3391 INFO Get User Success :18-Harinagar Distillery
2020-10-08 14:52:47.3853 INFO Get User Success :18-Harinagar Distillery
2020-10-08 14:52:47.3853 INFO Get VAT Master List Success
2020-10-08 14:52:47.3853 INFO Get VAT Master List Success
2020-10-08 14:52:47.3967 INFO Get User Success :18-Harinagar Distillery
2020-10-08 14:52:52.8478 INFO Get GetVatData84 Success
2020-10-08 14:53:11.4784 INFO Get User Success :18-Harinagar Distillery
2020-10-08 14:53:11.5035 INFO Get User Success :18-Harinagar Distillery
2020-10-08 14:53:11.5055 INFO Get Form84 List Success
2020-10-08 14:53:11.5055 INFO Get User Success :18-Harinagar Distillery
2020-10-08 14:53:12.9261 INFO Get User Success :18-Harinagar Distillery
2020-10-08 14:53:12.9480 INFO Get User Success :18-Harinagar Distillery
2020-10-08 14:53:12.9480 INFO Get VAT Master List Success
2020-10-08 14:53:12.9480 INFO Get VAT Master List Success
2020-10-08 14:53:12.9480 INFO Get User Success :18-Harinagar Distillery
2020-10-08 14:59:15.1618 INFO Get GetVatData84 Success
2020-10-08 14:59:15.3473 INFO Get User Success :18-Harinagar Distillery
2020-10-08 14:59:15.3782 INFO Get User Success :18-Harinagar Distillery
2020-10-08 14:59:15.3822 INFO Get VAT Master List Success
2020-10-08 14:59:15.3822 INFO Get User Success :18-Harinagar Distillery
2020-10-08 14:59:25.3588 INFO Get User Success :18-Harinagar Distillery
2020-10-08 14:59:25.3832 INFO Get User Success :18-Harinagar Distillery
2020-10-08 14:59:25.3832 INFO Get Form84 List Success
2020-10-08 14:59:25.3832 INFO Get User Success :18-Harinagar Distillery
2020-10-08 14:59:30.2372 INFO Get User Success :18-Harinagar Distillery
2020-10-08 14:59:30.2592 INFO Get User Success :18-Harinagar Distillery
2020-10-08 14:59:30.2592 INFO Get VAT Master List Success
2020-10-08 14:59:30.2592 INFO Get User Success :18-Harinagar Distillery
2020-10-08 14:59:35.5266 INFO Get User Success :18-Harinagar Distillery
2020-10-08 14:59:35.5492 INFO Get User Success :18-Harinagar Distillery
2020-10-08 14:59:35.5522 INFO Get VAT Master List Success
2020-10-08 14:59:35.5522 INFO Get VAT Master List Success
2020-10-08 14:59:35.5522 INFO Get User Success :18-Harinagar Distillery
2020-10-08 14:59:35.7103 INFO Get VAT Master List Success
2020-10-08 15:09:52.3794 INFO Get User Success :18-Harinagar Distillery
2020-10-08 15:09:56.2332 INFO Get User Success :18-Harinagar Distillery
2020-10-08 15:09:57.9627 INFO Get User Success :18-Harinagar Distillery
2020-10-08 15:10:04.5190 INFO Get User Success :18-Harinagar Distillery
2020-10-08 15:10:04.5237 INFO Get Form84 List Success
2020-10-08 15:10:04.5237 INFO Get User Success :18-Harinagar Distillery
2020-10-08 15:10:07.5423 INFO Get User Success :18-Harinagar Distillery
2020-10-08 15:10:07.6220 INFO Get User Success :18-Harinagar Distillery
2020-10-08 15:10:07.6220 INFO Get VAT Master List Success
2020-10-08 15:10:07.6334 INFO Get VAT Master List Success
2020-10-08 15:10:07.6334 INFO Get VAT Master List Success
2020-10-08 15:10:07.6334 INFO Get User Success :18-Harinagar Distillery
2020-10-08 15:10:08.0349 INFO Get GetVatData84 Success
2020-10-08 15:11:15.7487 INFO Get User Success :18-Harinagar Distillery
2020-10-08 15:11:15.7487 INFO Get VAT Master List Success
2020-10-08 15:11:15.7487 INFO Get VAT Master List Success
2020-10-08 15:11:15.7564 INFO Get VAT Master List Success
2020-10-08 15:11:15.7564 INFO Get User Success :18-Harinagar Distillery
2020-10-08 15:11:19.4785 INFO Get GetVatData84 Success
2020-10-08 15:12:12.3660 INFO Get User Success :18-Harinagar Distillery
2020-10-08 15:12:12.3660 INFO Get VAT Master List Success
2020-10-08 15:12:12.3660 INFO Get VAT Master List Success
2020-10-08 15:12:12.3660 INFO Get VAT Master List Success
2020-10-08 15:12:12.3660 INFO Get User Success :18-Harinagar Distillery
2020-10-08 15:12:13.9643 INFO Get GetVatData84 Success
2020-10-08 15:14:02.4057 INFO Get User Success :18-Harinagar Distillery
2020-10-08 15:14:02.4057 INFO Get VAT Master List Success
2020-10-08 15:14:02.4057 INFO Get VAT Master List Success
2020-10-08 15:14:02.4136 INFO Get VAT Master List Success
2020-10-08 15:14:02.4136 INFO Get User Success :18-Harinagar Distillery
2020-10-08 15:14:05.1811 INFO Get GetVatData84 Success
2020-10-08 15:14:14.2479 INFO Get User Success :18-Harinagar Distillery
2020-10-08 15:14:14.2479 INFO Get VAT Master List Success
2020-10-08 15:14:14.2479 INFO Get VAT Master List Success
2020-10-08 15:14:14.2479 INFO Get VAT Master List Success
2020-10-08 15:14:14.2579 INFO Get User Success :18-Harinagar Distillery
2020-10-08 15:14:16.3996 INFO Get GetVatData84 Success
2020-10-08 15:17:03.3993 INFO Get User Success :18-Harinagar Distillery
2020-10-08 15:17:03.3993 INFO Get VAT Master List Success
2020-10-08 15:17:03.3993 INFO Get VAT Master List Success
2020-10-08 15:17:03.3993 INFO Get VAT Master List Success
2020-10-08 15:17:03.3993 INFO Get User Success :18-Harinagar Distillery
2020-10-08 15:17:05.8874 INFO Get GetVatData84 Success
2020-10-08 15:17:12.3870 INFO Get User Success :18-Harinagar Distillery
2020-10-08 15:17:12.3870 INFO Get VAT Master List Success
2020-10-08 15:17:12.3967 INFO Get VAT Master List Success
2020-10-08 15:17:12.3967 INFO Get VAT Master List Success
2020-10-08 15:17:12.3967 INFO Get User Success :18-Harinagar Distillery
2020-10-08 15:17:14.9961 INFO Get GetVatData84 Success
2020-10-08 15:18:43.6693 INFO Get User Success :18-Harinagar Distillery
2020-10-08 15:18:50.6901 INFO Get User Success :18-Harinagar Distillery
2020-10-08 15:18:55.7305 INFO Get User Success :18-Harinagar Distillery
2020-10-08 15:18:55.7830 INFO Get User Success :18-Harinagar Distillery
2020-10-08 15:18:55.7889 INFO Get Form84 List Success
2020-10-08 15:18:55.7889 INFO Get User Success :18-Harinagar Distillery
2020-10-08 15:18:57.7080 INFO Get User Success :18-Harinagar Distillery
2020-10-08 15:18:57.7759 INFO Get User Success :18-Harinagar Distillery
2020-10-08 15:18:57.7759 INFO Get VAT Master List Success
2020-10-08 15:18:57.7867 INFO Get VAT Master List Success
2020-10-08 15:18:57.7867 INFO Get VAT Master List Success
2020-10-08 15:18:57.7867 INFO Get User Success :18-Harinagar Distillery
2020-10-08 15:18:58.1815 INFO Get GetVatData84 Success
2020-10-08 15:20:41.3138 INFO Get User Success :18-Harinagar Distillery
2020-10-08 15:20:41.3138 INFO Get VAT Master List Success
2020-10-08 15:20:41.3189 INFO Get VAT Master List Success
2020-10-08 15:20:41.3189 INFO Get VAT Master List Success
2020-10-08 15:20:41.3189 INFO Get User Success :18-Harinagar Distillery
2020-10-08 15:20:41.4700 INFO Get GetVatData84 Success
2020-10-08 15:21:01.4924 INFO Get User Success :18-Harinagar Distillery
2020-10-08 15:21:01.4924 INFO Get VAT Master List Success
2020-10-08 15:21:01.4924 INFO Get VAT Master List Success
2020-10-08 15:21:01.4924 INFO Get VAT Master List Success
2020-10-08 15:21:01.4924 INFO Get User Success :18-Harinagar Distillery
2020-10-08 15:21:04.9348 INFO Get GetVatData84 Success
2020-10-08 15:22:16.6665 INFO Get User Success :18-Harinagar Distillery
2020-10-08 15:22:16.6665 INFO Get VAT Master List Success
2020-10-08 15:22:16.6665 INFO Get VAT Master List Success
2020-10-08 15:22:16.6665 INFO Get VAT Master List Success
2020-10-08 15:22:16.6665 INFO Get User Success :18-Harinagar Distillery
2020-10-08 15:22:18.7748 INFO Get GetVatData84 Success
2020-10-08 15:22:24.9188 INFO Get User Success :18-Harinagar Distillery
2020-10-08 15:22:24.9307 INFO Get VAT Master List Success
2020-10-08 15:22:24.9307 INFO Get VAT Master List Success
2020-10-08 15:22:24.9307 INFO Get VAT Master List Success
2020-10-08 15:22:24.9307 INFO Get User Success :18-Harinagar Distillery
2020-10-08 15:22:27.4388 INFO Get GetVatData84 Success
2020-10-08 15:23:39.0565 INFO Get User Success :18-Harinagar Distillery
2020-10-08 15:23:39.0565 INFO Get VAT Master List Success
2020-10-08 15:23:39.0565 INFO Get VAT Master List Success
2020-10-08 15:23:39.0565 INFO Get VAT Master List Success
2020-10-08 15:23:39.0565 INFO Get User Success :18-Harinagar Distillery
2020-10-08 15:26:34.9027 INFO Get GetVatData84 Success
2020-10-08 15:28:01.2699 INFO Get GetVatData84 Success
2020-10-08 15:32:17.6860 INFO Get User Success :18-Harinagar Distillery
2020-10-08 15:32:25.6975 INFO Get User Success :18-Harinagar Distillery
2020-10-08 15:32:30.2424 INFO Get User Success :18-Harinagar Distillery
2020-10-08 15:32:31.3074 INFO Get User Success :18-Harinagar Distillery
2020-10-08 15:32:31.3074 INFO Get VAT Master List Success
2020-10-08 15:32:31.3224 INFO Get User Success :18-Harinagar Distillery
2020-10-08 15:32:32.7943 INFO Get User Success :18-Harinagar Distillery
2020-10-08 15:32:39.2934 INFO Get User Success :18-Harinagar Distillery
2020-10-08 15:32:39.2934 INFO Get VAT Master List Success
2020-10-08 15:32:39.2934 INFO Get User Success :18-Harinagar Distillery
2020-10-08 15:32:44.9029 INFO Get GetVatData83 Success
2020-10-08 15:32:47.3406 INFO Get User Success :18-Harinagar Distillery
2020-10-08 15:32:47.3802 INFO Get User Success :18-Harinagar Distillery
2020-10-08 15:32:47.3802 INFO Get VAT Master List Success
2020-10-08 15:32:47.3802 INFO Get User Success :18-Harinagar Distillery
2020-10-08 15:32:48.6746 INFO Get User Success :18-Harinagar Distillery
2020-10-08 15:32:48.7287 INFO Get User Success :18-Harinagar Distillery
2020-10-08 15:32:48.7422 INFO Get Form84 List Success
2020-10-08 15:32:48.7422 INFO Get User Success :18-Harinagar Distillery
2020-10-08 15:32:51.4430 INFO Get User Success :18-Harinagar Distillery
2020-10-08 15:32:51.4875 INFO Get User Success :18-Harinagar Distillery
2020-10-08 15:32:51.4895 INFO Get VAT Master List Success
2020-10-08 15:32:51.4895 INFO Get VAT Master List Success
2020-10-08 15:32:51.4895 INFO Get User Success :18-Harinagar Distillery
2020-10-08 15:32:55.2627 INFO Get GetVatData84 Success
2020-10-08 15:33:33.3267 INFO Get User Success :18-Harinagar Distillery
2020-10-08 15:33:33.3267 INFO Get VAT Master List Success
2020-10-08 15:33:33.3267 INFO Get VAT Master List Success
2020-10-08 15:33:33.3339 INFO Get User Success :18-Harinagar Distillery
2020-10-08 15:33:43.5737 INFO Get GetVatData84 Success
2020-10-08 15:33:58.2839 INFO Get User Success :18-Harinagar Distillery
2020-10-08 15:33:58.3069 INFO Get User Success :18-Harinagar Distillery
2020-10-08 15:33:58.3069 INFO Get Form84 List Success
2020-10-08 15:33:58.3069 INFO Get User Success :18-Harinagar Distillery
2020-10-08 15:33:59.5632 INFO Get User Success :18-Harinagar Distillery
2020-10-08 15:33:59.5851 INFO Get User Success :18-Harinagar Distillery
2020-10-08 15:33:59.5851 INFO Get VAT Master List Success
2020-10-08 15:33:59.5851 INFO Get VAT Master List Success
2020-10-08 15:33:59.6001 INFO Get VAT Master List Success
2020-10-08 15:33:59.6001 INFO Get User Success :18-Harinagar Distillery
2020-10-08 15:33:59.7507 INFO Get GetVatData84 Success
2020-10-08 15:34:46.0647 INFO Get User Success :18-Harinagar Distillery
2020-10-08 15:34:50.8773 INFO Get User Success :18-Harinagar Distillery
2020-10-08 15:34:53.2215 INFO Get User Success :18-Harinagar Distillery
2020-10-08 15:34:58.8928 INFO Get User Success :18-Harinagar Distillery
2020-10-08 15:34:58.8979 INFO Get Form84 List Success
2020-10-08 15:34:58.8979 INFO Get User Success :18-Harinagar Distillery
2020-10-08 15:35:00.6670 INFO Get User Success :18-Harinagar Distillery
2020-10-08 15:35:00.7342 INFO Get User Success :18-Harinagar Distillery
2020-10-08 15:35:00.7342 INFO Get VAT Master List Success
2020-10-08 15:35:00.7463 INFO Get VAT Master List Success
2020-10-08 15:35:00.7463 INFO Get VAT Master List Success
2020-10-08 15:35:00.7463 INFO Get User Success :18-Harinagar Distillery
2020-10-08 15:35:01.1430 INFO Get GetVatData84 Success
2020-10-08 15:35:07.5333 INFO Get User Success :18-Harinagar Distillery
2020-10-08 15:35:07.5551 INFO Get User Success :18-Harinagar Distillery
2020-10-08 15:35:07.5551 INFO Get Form84 List Success
2020-10-08 15:35:07.5551 INFO Get User Success :18-Harinagar Distillery
2020-10-08 15:35:10.6795 INFO Get User Success :18-Harinagar Distillery
2020-10-08 15:35:10.6984 INFO Get User Success :18-Harinagar Distillery
2020-10-08 15:35:10.6984 INFO Get VAT Master List Success
2020-10-08 15:35:10.6984 INFO Get VAT Master List Success
2020-10-08 15:35:10.6984 INFO Get VAT Master List Success
2020-10-08 15:35:10.7097 INFO Get User Success :18-Harinagar Distillery
2020-10-08 15:35:14.7012 INFO Get GetVatData84 Success
2020-10-08 15:36:22.8708 INFO Get User Success :18-Harinagar Distillery
2020-10-08 15:36:22.8708 INFO Get VAT Master List Success
2020-10-08 15:36:22.8708 INFO Get VAT Master List Success
2020-10-08 15:36:22.8708 INFO Get VAT Master List Success
2020-10-08 15:36:22.8812 INFO Get User Success :18-Harinagar Distillery
2020-10-08 15:36:23.0182 INFO Get GetVatData84 Success
2020-10-08 15:36:29.5877 INFO Get User Success :18-Harinagar Distillery
2020-10-08 15:36:29.6074 INFO Get User Success :18-Harinagar Distillery
2020-10-08 15:36:29.6074 INFO Get Form84 List Success
2020-10-08 15:36:29.6074 INFO Get User Success :18-Harinagar Distillery
2020-10-08 15:36:51.9158 INFO Get User Success :18-Harinagar Distillery
2020-10-08 15:36:51.9381 INFO Get User Success :18-Harinagar Distillery
2020-10-08 15:36:51.9381 INFO Get VAT Master List Success
2020-10-08 15:36:51.9431 INFO Get VAT Master List Success
2020-10-08 15:36:51.9431 INFO Get VAT Master List Success
2020-10-08 15:36:51.9431 INFO Get User Success :18-Harinagar Distillery
2020-10-08 15:36:52.0983 INFO Get GetVatData84 Success
2020-10-08 15:40:00.4213 INFO Get User Success :18-Harinagar Distillery
2020-10-08 15:40:00.4723 INFO Get User Success :18-Harinagar Distillery
2020-10-08 15:40:00.4749 INFO Get VAT Master List Success
2020-10-08 15:40:00.4749 INFO Get User Success :18-Harinagar Distillery
2020-10-08 15:40:04.4990 INFO Get User Success :18-Harinagar Distillery
2020-10-08 15:40:04.5473 INFO Get User Success :18-Harinagar Distillery
2020-10-08 15:40:04.5473 INFO Get VAT Master List Success
2020-10-08 15:40:04.5537 INFO Get VAT Master List Success
2020-10-08 15:40:04.5537 INFO Get User Success :18-Harinagar Distillery
2020-10-08 15:40:04.7109 INFO Get GetVatData83 Success
2020-10-08 15:40:10.3032 INFO Get User Success :18-Harinagar Distillery
2020-10-08 15:40:10.3262 INFO Get User Success :18-Harinagar Distillery
2020-10-08 15:40:10.3262 INFO Get VAT Master List Success
2020-10-08 15:40:10.3262 INFO Get User Success :18-Harinagar Distillery
2020-10-08 15:40:11.3575 INFO Get User Success :18-Harinagar Distillery
2020-10-08 15:40:11.3815 INFO Get User Success :18-Harinagar Distillery
2020-10-08 15:40:11.3815 INFO Get VAT Master List Success
2020-10-08 15:40:11.3815 INFO Get VAT Master List Success
2020-10-08 15:40:11.3974 INFO Get User Success :18-Harinagar Distillery
2020-10-08 15:40:11.5291 INFO Get GetVatData83 Success
2020-10-08 15:40:24.1165 INFO Get User Success :18-Harinagar Distillery
2020-10-08 15:40:24.1376 INFO Get User Success :18-Harinagar Distillery
2020-10-08 15:40:24.1376 INFO Get Form84 List Success
2020-10-08 15:40:24.1376 INFO Get User Success :18-Harinagar Distillery
2020-10-08 15:41:14.5249 INFO Get User Success :18-Harinagar Distillery
2020-10-08 15:41:14.5450 INFO Get User Success :18-Harinagar Distillery
2020-10-08 15:41:14.5450 INFO Get VAT Master List Success
2020-10-08 15:41:14.5450 INFO Get VAT Master List Success
2020-10-08 15:41:14.5520 INFO Get VAT Master List Success
2020-10-08 15:41:14.5520 INFO Get User Success :18-Harinagar Distillery
2020-10-08 15:41:14.7101 INFO Get GetVatData84 Success
2020-10-08 15:41:29.5404 INFO Get User Success :18-Harinagar Distillery
2020-10-08 15:41:29.5603 INFO Get User Success :18-Harinagar Distillery
2020-10-08 15:41:29.5603 INFO Get Form84 List Success
2020-10-08 15:41:29.5603 INFO Get User Success :18-Harinagar Distillery
2020-10-08 15:42:19.6969 INFO Get User Success :18-Harinagar Distillery
2020-10-08 15:42:19.7257 INFO Get User Success :18-Harinagar Distillery
2020-10-08 15:42:19.7257 INFO Get VAT Master List Success
2020-10-08 15:42:19.7257 INFO Get User Success :18-Harinagar Distillery
2020-10-08 15:42:45.3624 INFO Get User Success :18-Harinagar Distillery
2020-10-08 15:42:45.3843 INFO Get User Success :18-Harinagar Distillery
2020-10-08 15:42:45.3843 INFO Get Form84 List Success
2020-10-08 15:42:45.3843 INFO Get User Success :18-Harinagar Distillery
2020-10-08 15:43:22.0045 INFO Get User Success :18-Harinagar Distillery
2020-10-08 15:43:22.0304 INFO Get User Success :18-Harinagar Distillery
2020-10-08 15:43:22.0304 INFO Get VAT Master List Success
2020-10-08 15:43:22.0304 INFO Get VAT Master List Success
2020-10-08 15:43:22.0372 INFO Get VAT Master List Success
2020-10-08 15:43:22.0372 INFO Get User Success :18-Harinagar Distillery
2020-10-08 15:43:22.2079 INFO Get GetVatData84 Success
2020-10-08 15:46:13.5979 INFO Get User Success :18-Harinagar Distillery
2020-10-08 15:46:13.6224 INFO Get User Success :18-Harinagar Distillery
2020-10-08 15:46:13.6224 INFO Get VAT Master List Success
2020-10-08 15:46:13.6314 INFO Get User Success :18-Harinagar Distillery
2020-10-08 15:48:04.1971 INFO Get User Success :18-Harinagar Distillery
2020-10-08 15:48:04.2175 INFO Get User Success :18-Harinagar Distillery
2020-10-08 15:48:04.2175 INFO Get Form84 List Success
2020-10-08 15:48:04.2175 INFO Get User Success :18-Harinagar Distillery
2020-10-08 15:48:05.8105 INFO Get User Success :18-Harinagar Distillery
2020-10-08 15:48:05.8295 INFO Get User Success :18-Harinagar Distillery
2020-10-08 15:48:05.8295 INFO Get VAT Master List Success
2020-10-08 15:48:05.8345 INFO Get User Success :18-Harinagar Distillery
2020-10-08 15:48:07.4643 INFO Get User Success :18-Harinagar Distillery
2020-10-08 15:48:07.4874 INFO Get User Success :18-Harinagar Distillery
2020-10-08 15:48:07.4894 INFO Get Form84 List Success
2020-10-08 15:48:07.4894 INFO Get User Success :18-Harinagar Distillery
2020-10-08 15:48:09.4747 INFO Get User Success :18-Harinagar Distillery
2020-10-08 15:48:09.5016 INFO Get User Success :18-Harinagar Distillery
2020-10-08 15:48:09.5016 INFO Get VAT Master List Success
2020-10-08 15:48:09.5066 INFO Get VAT Master List Success
2020-10-08 15:48:09.5066 INFO Get VAT Master List Success
2020-10-08 15:48:09.5066 INFO Get User Success :18-Harinagar Distillery
2020-10-08 15:48:09.6526 INFO Get GetVatData84 Success
2020-10-08 15:52:12.3339 INFO Get User Success :18-Harinagar Distillery
2020-10-08 15:52:12.3339 INFO Get VAT Master List Success
2020-10-08 15:52:12.3339 INFO Get VAT Master List Success
2020-10-08 15:52:12.3339 INFO Get VAT Master List Success
2020-10-08 15:52:12.3339 INFO Get User Success :18-Harinagar Distillery
2020-10-08 15:52:12.5004 INFO Get GetVatData84 Success
2020-10-08 15:52:40.6833 INFO Get User Success :18-Harinagar Distillery
2020-10-08 15:52:40.7042 INFO Get User Success :18-Harinagar Distillery
2020-10-08 15:52:40.7042 INFO Get VAT Master List Success
2020-10-08 15:52:40.7091 INFO Get User Success :18-Harinagar Distillery
2020-10-08 15:52:42.5328 INFO Get User Success :18-Harinagar Distillery
2020-10-08 15:52:43.7999 INFO Get User Success :18-Harinagar Distillery
2020-10-08 15:52:43.8030 INFO Get VAT Master List Success
2020-10-08 15:52:43.8030 INFO Get VAT Master List Success
2020-10-08 15:52:43.8030 INFO Get User Success :18-Harinagar Distillery
2020-10-08 15:52:43.9728 INFO Get GetVatData83 Success
2020-10-08 15:52:47.7941 INFO Get User Success :18-Harinagar Distillery
2020-10-08 15:52:47.8181 INFO Get User Success :18-Harinagar Distillery
2020-10-08 15:52:47.8181 INFO Get VAT Master List Success
2020-10-08 15:52:47.8181 INFO Get User Success :18-Harinagar Distillery
2020-10-08 16:20:32.1123 INFO Get User Success :18-Harinagar Distillery
2020-10-08 16:20:36.3767 INFO Get User Success :18-Harinagar Distillery
2020-10-08 16:20:36.3805 INFO Get VAT Master List Success
2020-10-08 16:20:36.3805 INFO Get VAT Master List Success
2020-10-08 16:20:36.3805 INFO Get User Success :18-Harinagar Distillery
2020-10-08 16:20:36.6243 INFO Get GetVatData83 Success
2020-10-08 16:20:55.2291 INFO Get User Success :18-Harinagar Distillery
2020-10-08 16:20:55.2501 INFO Get User Success :18-Harinagar Distillery
2020-10-08 16:20:55.2501 INFO Get Form84 List Success
2020-10-08 16:20:55.2561 INFO Get User Success :18-Harinagar Distillery
2020-10-08 16:20:56.9056 INFO Get User Success :18-Harinagar Distillery
2020-10-08 16:20:56.9263 INFO Get User Success :18-Harinagar Distillery
2020-10-08 16:20:56.9283 INFO Get VAT Master List Success
2020-10-08 16:20:56.9283 INFO Get VAT Master List Success
2020-10-08 16:20:56.9283 INFO Get VAT Master List Success
2020-10-08 16:20:56.9283 INFO Get User Success :18-Harinagar Distillery
2020-10-08 16:20:57.1091 INFO Get GetVatData84 Success
2020-10-08 16:21:55.6334 INFO Get User Success :18-Harinagar Distillery
2020-10-08 16:21:55.6543 INFO Get User Success :18-Harinagar Distillery
2020-10-08 16:21:55.6543 INFO Get Form84 List Success
2020-10-08 16:21:55.6543 INFO Get User Success :18-Harinagar Distillery
2020-10-08 16:21:56.7765 INFO Get User Success :18-Harinagar Distillery
2020-10-08 16:21:56.7978 INFO Get User Success :18-Harinagar Distillery
2020-10-08 16:21:56.7978 INFO Get VAT Master List Success
2020-10-08 16:21:56.8028 INFO Get VAT Master List Success
2020-10-08 16:21:56.8028 INFO Get User Success :18-Harinagar Distillery
2020-10-08 16:22:16.4995 INFO Get GetVatData84 Success
2020-10-08 16:24:02.8041 INFO Get User Success :18-Harinagar Distillery
2020-10-08 16:24:02.8270 INFO Get User Success :18-Harinagar Distillery
2020-10-08 16:24:02.8270 INFO Get VAT Master List Success
2020-10-08 16:24:02.8270 INFO Get User Success :18-Harinagar Distillery
2020-10-08 16:24:04.9783 INFO Get User Success :18-Harinagar Distillery
2020-10-08 16:24:05.0015 INFO Get User Success :18-Harinagar Distillery
2020-10-08 16:24:05.0015 INFO Get VAT Master List Success
2020-10-08 16:24:05.0064 INFO Get VAT Master List Success
2020-10-08 16:24:05.0064 INFO Get User Success :18-Harinagar Distillery
2020-10-08 16:24:37.6427 INFO Get GetVatData83 Success
2020-10-08 16:24:49.8258 INFO Get User Success :18-Harinagar Distillery
2020-10-08 16:24:49.8482 INFO Get User Success :18-Harinagar Distillery
2020-10-08 16:24:49.8502 INFO Get VAT Master List Success
2020-10-08 16:24:49.8502 INFO Get User Success :18-Harinagar Distillery
2020-10-08 16:24:51.5122 INFO Get User Success :18-Harinagar Distillery
2020-10-08 16:24:51.5331 INFO Get User Success :18-Harinagar Distillery
2020-10-08 16:24:51.5331 INFO Get VAT Master List Success
2020-10-08 16:24:51.5374 INFO Get VAT Master List Success
2020-10-08 16:24:51.5374 INFO Get User Success :18-Harinagar Distillery
2020-10-08 16:24:59.9447 INFO Get GetVatData83 Success
2020-10-08 16:25:05.4974 INFO Get User Success :18-Harinagar Distillery
2020-10-08 16:25:05.5165 INFO Get User Success :18-Harinagar Distillery
2020-10-08 16:25:05.5165 INFO Get VAT Master List Success
2020-10-08 16:25:05.5224 INFO Get User Success :18-Harinagar Distillery
2020-10-08 16:25:06.6182 INFO Get User Success :18-Harinagar Distillery
2020-10-08 16:25:06.6382 INFO Get User Success :18-Harinagar Distillery
2020-10-08 16:25:06.6382 INFO Get VAT Master List Success
2020-10-08 16:25:06.6382 INFO Get VAT Master List Success
2020-10-08 16:25:06.6471 INFO Get User Success :18-Harinagar Distillery
2020-10-08 16:25:06.8027 INFO Get GetVatData83 Success
2020-10-08 16:25:09.0096 INFO Get User Success :18-Harinagar Distillery
2020-10-08 16:25:09.0369 INFO Get User Success :18-Harinagar Distillery
2020-10-08 16:25:09.0369 INFO Get VAT Master List Success
2020-10-08 16:25:09.0369 INFO Get User Success :18-Harinagar Distillery
2020-10-08 16:25:09.9208 INFO Get User Success :18-Harinagar Distillery
2020-10-08 16:25:09.9503 INFO Get User Success :18-Harinagar Distillery
2020-10-08 16:25:09.9503 INFO Get VAT Master List Success
2020-10-08 16:25:09.9503 INFO Get VAT Master List Success
2020-10-08 16:25:09.9583 INFO Get User Success :18-Harinagar Distillery
2020-10-08 16:25:10.0849 INFO Get GetVatData83 Success
2020-10-08 16:25:21.6097 INFO Get User Success :18-Harinagar Distillery
2020-10-08 16:25:21.6308 INFO Get User Success :18-Harinagar Distillery
2020-10-08 16:25:21.6308 INFO Get Form84 List Success
2020-10-08 16:25:21.6308 INFO Get User Success :18-Harinagar Distillery
2020-10-08 16:25:23.4014 INFO Get User Success :18-Harinagar Distillery
2020-10-08 16:25:23.4224 INFO Get User Success :18-Harinagar Distillery
2020-10-08 16:25:23.4224 INFO Get VAT Master List Success
2020-10-08 16:25:23.4274 INFO Get VAT Master List Success
2020-10-08 16:25:23.4274 INFO Get VAT Master List Success
2020-10-08 16:25:23.4274 INFO Get User Success :18-Harinagar Distillery
2020-10-08 16:25:23.5550 INFO Get GetVatData84 Success
2020-10-08 16:25:39.7796 INFO Get User Success :18-Harinagar Distillery
2020-10-08 16:25:39.7796 INFO Get VAT Master List Success
2020-10-08 16:25:39.7796 INFO Get VAT Master List Success
2020-10-08 16:25:39.7870 INFO Get VAT Master List Success
2020-10-08 16:25:39.7870 INFO Get User Success :18-Harinagar Distillery
2020-10-08 16:26:46.6065 INFO Get GetVatData84 Success
2020-10-08 16:26:53.4616 INFO Get User Success :18-Harinagar Distillery
2020-10-08 16:26:53.4832 INFO Get User Success :18-Harinagar Distillery
2020-10-08 16:26:53.4832 INFO Get Form84 List Success
2020-10-08 16:26:53.4832 INFO Get User Success :18-Harinagar Distillery
2020-10-08 16:26:54.4665 INFO Get User Success :18-Harinagar Distillery
2020-10-08 16:26:54.4865 INFO Get User Success :18-Harinagar Distillery
2020-10-08 16:26:54.4865 INFO Get VAT Master List Success
2020-10-08 16:26:54.4955 INFO Get VAT Master List Success
2020-10-08 16:26:54.4955 INFO Get VAT Master List Success
2020-10-08 16:26:54.4955 INFO Get User Success :18-Harinagar Distillery
2020-10-08 16:26:57.2436 INFO Get GetVatData84 Success
2020-10-08 16:27:06.4099 INFO Get User Success :18-Harinagar Distillery
2020-10-08 16:27:06.4360 INFO Get User Success :18-Harinagar Distillery
2020-10-08 16:27:06.4360 INFO Get Form84 List Success
2020-10-08 16:27:06.4360 INFO Get User Success :18-Harinagar Distillery
2020-10-08 16:27:09.3859 INFO Get User Success :18-Harinagar Distillery
2020-10-08 16:27:09.4137 INFO Get User Success :18-Harinagar Distillery
2020-10-08 16:27:09.4137 INFO Get VAT Master List Success
2020-10-08 16:27:09.4137 INFO Get VAT Master List Success
2020-10-08 16:27:09.4137 INFO Get VAT Master List Success
2020-10-08 16:27:09.4137 INFO Get User Success :18-Harinagar Distillery
2020-10-08 16:27:09.5438 INFO Get GetVatData84 Success
2020-10-08 16:30:37.2780 INFO Get User Success :18-Harinagar Distillery
2020-10-08 16:30:40.6359 INFO Get User Success :18-Harinagar Distillery
2020-10-08 16:30:42.5908 INFO Get User Success :18-Harinagar Distillery
2020-10-08 16:30:46.4130 INFO Get User Success :18-Harinagar Distillery
2020-10-08 16:30:46.4130 INFO Get Form84 List Success
2020-10-08 16:30:46.4319 INFO Get User Success :18-Harinagar Distillery
2020-10-08 16:30:49.7215 INFO Get User Success :18-Harinagar Distillery
2020-10-08 16:30:49.7863 INFO Get User Success :18-Harinagar Distillery
2020-10-08 16:30:49.8063 INFO Get VAT Master List Success
2020-10-08 16:30:49.8222 INFO Get VAT Master List Success
2020-10-08 16:30:49.8222 INFO Get User Success :18-Harinagar Distillery
2020-10-08 16:31:32.6933 INFO Get User Success :18-Harinagar Distillery
2020-10-08 16:31:32.6933 INFO Get VAT Master List Success
2020-10-08 16:31:32.6933 INFO Get VAT Master List Success
2020-10-08 16:31:32.6933 INFO Get User Success :18-Harinagar Distillery
2020-10-08 16:32:30.2696 INFO Get User Success :18-Harinagar Distillery
2020-10-08 16:32:30.2724 INFO Get VAT Master List Success
2020-10-08 16:32:30.2724 INFO Get VAT Master List Success
2020-10-08 16:32:30.2724 INFO Get User Success :18-Harinagar Distillery
2020-10-08 16:33:10.2167 INFO Get User Success :18-Harinagar Distillery
2020-10-08 16:33:10.2167 INFO Get VAT Master List Success
2020-10-08 16:33:10.2167 INFO Get VAT Master List Success
2020-10-08 16:33:10.2167 INFO Get User Success :18-Harinagar Distillery
2020-10-08 16:34:28.0528 INFO Get User Success :18-Harinagar Distillery
2020-10-08 16:34:28.0528 INFO Get VAT Master List Success
2020-10-08 16:34:28.0528 INFO Get VAT Master List Success
2020-10-08 16:34:28.0528 INFO Get User Success :18-Harinagar Distillery
2020-10-08 16:35:20.9967 INFO Get User Success :18-Harinagar Distillery
2020-10-08 16:35:21.0433 INFO Get User Success :18-Harinagar Distillery
2020-10-08 16:35:21.0433 INFO Get VAT Master List Success
2020-10-08 16:35:21.0546 INFO Get User Success :18-Harinagar Distillery
2020-10-08 16:35:22.4975 INFO Get User Success :18-Harinagar Distillery
2020-10-08 16:35:22.5437 INFO Get User Success :18-Harinagar Distillery
2020-10-08 16:35:22.5437 INFO Get VAT Master List Success
2020-10-08 16:35:22.5437 INFO Get VAT Master List Success
2020-10-08 16:35:22.5554 INFO Get User Success :18-Harinagar Distillery
2020-10-08 16:35:22.7761 INFO Get GetVatData83 Success
2020-10-08 16:35:28.5724 INFO Get User Success :18-Harinagar Distillery
2020-10-08 16:35:28.5944 INFO Get User Success :18-Harinagar Distillery
2020-10-08 16:35:28.5944 INFO Get VAT Master List Success
2020-10-08 16:35:28.5944 INFO Get User Success :18-Harinagar Distillery
2020-10-08 16:35:29.5794 INFO Get User Success :18-Harinagar Distillery
2020-10-08 16:35:29.6023 INFO Get User Success :18-Harinagar Distillery
2020-10-08 16:35:29.6023 INFO Get VAT Master List Success
2020-10-08 16:35:29.6023 INFO Get VAT Master List Success
2020-10-08 16:35:29.6023 INFO Get User Success :18-Harinagar Distillery
2020-10-08 16:35:29.7359 INFO Get GetVatData83 Success
2020-10-08 16:36:45.0303 INFO Get User Success :18-Harinagar Distillery
2020-10-08 16:36:45.0303 INFO Get VAT Master List Success
2020-10-08 16:36:45.0303 INFO Get VAT Master List Success
2020-10-08 16:36:45.0394 INFO Get User Success :18-Harinagar Distillery
2020-10-08 16:36:45.2112 INFO Get GetVatData83 Success
2020-10-08 16:36:54.7873 INFO Get User Success :18-Harinagar Distillery
2020-10-08 16:36:54.8084 INFO Get User Success :18-Harinagar Distillery
2020-10-08 16:36:54.8084 INFO Get VAT Master List Success
2020-10-08 16:36:54.8084 INFO Get User Success :18-Harinagar Distillery
2020-10-08 16:36:57.0096 INFO Get User Success :18-Harinagar Distillery
2020-10-08 16:36:57.0309 INFO Get User Success :18-Harinagar Distillery
2020-10-08 16:36:57.0309 INFO Get VAT Master List Success
2020-10-08 16:36:57.0309 INFO Get VAT Master List Success
2020-10-08 16:36:57.0389 INFO Get User Success :18-Harinagar Distillery
2020-10-08 16:36:57.1707 INFO Get GetVatData83 Success
2020-10-08 16:37:10.2830 INFO Get User Success :18-Harinagar Distillery
2020-10-08 16:37:10.3051 INFO Get User Success :18-Harinagar Distillery
2020-10-08 16:37:10.3051 INFO Get VAT Master List Success
2020-10-08 16:37:10.3051 INFO Get User Success :18-Harinagar Distillery
2020-10-08 16:37:11.7937 INFO Get User Success :18-Harinagar Distillery
2020-10-08 16:37:11.8150 INFO Get User Success :18-Harinagar Distillery
2020-10-08 16:37:11.8150 INFO Get VAT Master List Success
2020-10-08 16:37:11.8193 INFO Get VAT Master List Success
2020-10-08 16:37:11.8193 INFO Get User Success :18-Harinagar Distillery
2020-10-08 16:37:11.9536 INFO Get GetVatData83 Success
2020-10-08 16:38:17.6361 INFO Get User Success :18-Harinagar Distillery
2020-10-08 16:38:17.6361 INFO Get VAT Master List Success
2020-10-08 16:38:17.6361 INFO Get VAT Master List Success
2020-10-08 16:38:17.6361 INFO Get User Success :18-Harinagar Distillery
2020-10-08 16:38:17.8039 INFO Get GetVatData83 Success
2020-10-08 16:38:32.9537 INFO Get User Success :18-Harinagar Distillery
2020-10-08 16:38:32.9748 INFO Get User Success :18-Harinagar Distillery
2020-10-08 16:38:32.9748 INFO Get VAT Master List Success
2020-10-08 16:38:32.9748 INFO Get User Success :18-Harinagar Distillery
2020-10-08 16:38:34.7754 INFO Get User Success :18-Harinagar Distillery
2020-10-08 16:38:34.8044 INFO Get User Success :18-Harinagar Distillery
2020-10-08 16:38:34.8044 INFO Get Form84 List Success
2020-10-08 16:38:34.8044 INFO Get User Success :18-Harinagar Distillery
2020-10-08 16:38:36.1448 INFO Get User Success :18-Harinagar Distillery
2020-10-08 16:38:36.1658 INFO Get User Success :18-Harinagar Distillery
2020-10-08 16:38:36.1658 INFO Get VAT Master List Success
2020-10-08 16:38:36.1658 INFO Get VAT Master List Success
2020-10-08 16:38:36.1777 INFO Get VAT Master List Success
2020-10-08 16:38:36.1777 INFO Get User Success :18-Harinagar Distillery
2020-10-08 16:38:36.3330 INFO Get GetVatData84 Success
2020-10-08 16:39:04.4756 INFO Get User Success :18-Harinagar Distillery
2020-10-08 16:39:04.4756 INFO Get VAT Master List Success
2020-10-08 16:39:04.4756 INFO Get VAT Master List Success
2020-10-08 16:39:04.4756 INFO Get VAT Master List Success
2020-10-08 16:39:04.4756 INFO Get User Success :18-Harinagar Distillery
2020-10-08 16:39:53.3457 INFO Get GetVatData84 Success
2020-10-08 16:40:18.2392 INFO Get User Success :18-Harinagar Distillery
2020-10-08 16:40:18.2589 INFO Get User Success :18-Harinagar Distillery
2020-10-08 16:40:18.2589 INFO Get VAT Master List Success
2020-10-08 16:40:18.2589 INFO Get User Success :18-Harinagar Distillery
2020-10-08 16:40:19.7698 INFO Get User Success :18-Harinagar Distillery
2020-10-08 16:40:19.7975 INFO Get User Success :18-Harinagar Distillery
2020-10-08 16:40:19.7975 INFO Get VAT Master List Success
2020-10-08 16:40:19.8028 INFO Get VAT Master List Success
2020-10-08 16:40:19.8028 INFO Get User Success :18-Harinagar Distillery
2020-10-08 16:40:19.9305 INFO Get GetVatData83 Success
2020-10-08 16:40:22.3030 INFO Get User Success :18-Harinagar Distillery
2020-10-08 16:40:22.3228 INFO Get User Success :18-Harinagar Distillery
2020-10-08 16:40:22.3228 INFO Get VAT Master List Success
2020-10-08 16:40:22.3228 INFO Get User Success :18-Harinagar Distillery
2020-10-08 16:40:24.2504 INFO Get User Success :18-Harinagar Distillery
2020-10-08 16:40:24.2711 INFO Get User Success :18-Harinagar Distillery
2020-10-08 16:40:24.2711 INFO Get VAT Master List Success
2020-10-08 16:40:24.2711 INFO Get VAT Master List Success
2020-10-08 16:40:24.2711 INFO Get User Success :18-Harinagar Distillery
2020-10-08 16:40:24.4192 INFO Get GetVatData83 Success
2020-10-08 16:40:34.4263 INFO Get User Success :18-Harinagar Distillery
2020-10-08 16:40:34.4488 INFO Get User Success :18-Harinagar Distillery
2020-10-08 16:40:34.4488 INFO Get Form84 List Success
2020-10-08 16:40:34.4488 INFO Get User Success :18-Harinagar Distillery
2020-10-08 16:40:36.0485 INFO Get User Success :18-Harinagar Distillery
2020-10-08 16:40:36.0698 INFO Get User Success :18-Harinagar Distillery
2020-10-08 16:40:36.0698 INFO Get VAT Master List Success
2020-10-08 16:40:36.0698 INFO Get VAT Master List Success
2020-10-08 16:40:36.0698 INFO Get VAT Master List Success
2020-10-08 16:40:36.0698 INFO Get User Success :18-Harinagar Distillery
2020-10-08 16:40:38.5061 INFO Get GetVatData84 Success
2020-10-08 16:40:44.4253 INFO Get User Success :18-Harinagar Distillery
2020-10-08 16:40:44.4491 INFO Get User Success :18-Harinagar Distillery
2020-10-08 16:40:44.4491 INFO Get Form84 List Success
2020-10-08 16:40:44.4491 INFO Get User Success :18-Harinagar Distillery
2020-10-08 16:40:45.1193 INFO Get User Success :18-Harinagar Distillery
2020-10-08 16:40:45.1401 INFO Get User Success :18-Harinagar Distillery
2020-10-08 16:40:45.1401 INFO Get VAT Master List Success
2020-10-08 16:40:45.1401 INFO Get VAT Master List Success
2020-10-08 16:40:45.1461 INFO Get User Success :18-Harinagar Distillery
2020-10-08 16:40:51.3861 INFO Get GetVatData84 Success
2020-10-08 16:41:03.4265 INFO Get User Success :18-Harinagar Distillery
2020-10-08 16:41:03.4555 INFO Get User Success :18-Harinagar Distillery
2020-10-08 16:41:03.4585 INFO Get Form84 List Success
2020-10-08 16:41:03.4585 INFO Get User Success :18-Harinagar Distillery
2020-10-08 16:41:24.1784 INFO Get User Success :18-Harinagar Distillery
2020-10-08 16:42:27.4573 INFO Get User Success :36-Harinagar_sgr_bo
2020-10-08 16:42:31.5945 INFO Sugarcanepurchase Get List Success
2020-10-08 16:42:31.5945 INFO Get User Success :36-Harinagar_sgr_bo
2020-10-08 16:42:31.6065 INFO Get User Success :36-Harinagar_sgr_bo
2020-10-08 16:42:33.2396 INFO Get User Success :36-Harinagar_sgr_bo
2020-10-08 16:42:33.3046 INFO Get User Success :36-Harinagar_sgr_bo
2020-10-08 16:42:33.4204 INFO Get User Success :36-Harinagar_sgr_bo
2020-10-08 16:42:35.0088 INFO Get User Success :36-Harinagar_sgr_bo
2020-10-08 16:42:35.2082 INFO Get User Success :36-Harinagar_sgr_bo
2020-10-08 16:44:06.8674 INFO Get User Success :36-Harinagar_sgr_bo
2020-10-08 16:44:08.9253 INFO Sugarcanepurchase Get List Success
2020-10-08 16:44:08.9285 INFO Get User Success :36-Harinagar_sgr_bo
2020-10-08 16:44:08.9285 INFO Get User Success :36-Harinagar_sgr_bo
2020-10-08 16:44:10.8383 INFO Get User Success :36-Harinagar_sgr_bo
2020-10-08 16:44:10.9893 INFO Get User Success :36-Harinagar_sgr_bo
2020-10-08 16:44:11.0270 INFO Get User Success :36-Harinagar_sgr_bo
2020-10-08 16:44:12.9586 INFO Get User Success :36-Harinagar_sgr_bo
2020-10-08 16:44:13.0066 INFO Get User Success :36-Harinagar_sgr_bo
2020-10-08 16:44:41.4315 INFO Get User Success :36-Harinagar_sgr_bo
2020-10-08 16:45:08.2791 INFO Get User Success :36-Harinagar_sgr_bo
2020-10-08 16:47:41.2172 INFO Get User Success :36-Harinagar_sgr_bo
2020-10-08 16:47:44.6102 INFO Get User Success :36-Harinagar_sgr_bo
2020-10-08 16:47:44.6333 INFO Get User Success :36-Harinagar_sgr_bo
2020-10-08 16:47:44.6333 INFO Get User Success :36-Harinagar_sgr_bo
2020-10-08 16:47:47.2629 INFO Get User Success :36-Harinagar_sgr_bo
2020-10-08 16:47:47.2834 INFO Get User Success :36-Harinagar_sgr_bo
2020-10-08 16:47:47.2883 INFO Get User Success :36-Harinagar_sgr_bo
2020-10-08 16:47:48.7171 INFO Get User Success :36-Harinagar_sgr_bo
2020-10-08 16:47:48.7393 INFO Get User Success :36-Harinagar_sgr_bo
2020-10-08 16:47:48.7433 INFO Get User Success :36-Harinagar_sgr_bo
2020-10-08 16:47:49.7909 INFO Get User Success :36-Harinagar_sgr_bo
2020-10-08 16:47:49.8109 INFO Get User Success :36-Harinagar_sgr_bo
2020-10-08 16:47:49.8109 INFO Get User Success :36-Harinagar_sgr_bo
2020-10-08 16:47:51.7990 INFO Get User Success :36-Harinagar_sgr_bo
2020-10-08 16:47:51.8205 INFO Get User Success :36-Harinagar_sgr_bo
2020-10-08 16:47:51.8205 INFO Get User Success :36-Harinagar_sgr_bo
2020-10-08 16:47:53.5590 INFO Get User Success :36-Harinagar_sgr_bo
2020-10-08 16:47:53.5791 INFO Get User Success :36-Harinagar_sgr_bo
2020-10-08 16:47:53.5791 INFO Get User Success :36-Harinagar_sgr_bo
2020-10-08 16:47:57.8252 INFO Get User Success :36-Harinagar_sgr_bo
2020-10-08 16:48:14.8948 INFO Get Party Type Master List Success
2020-10-08 16:48:17.4022 INFO Sugarcanepurchase Get List Success
2020-10-08 16:48:28.9599 INFO Get Party Type Master List Success
2020-10-08 16:48:30.2211 INFO Get VAT Master List Success
2020-10-08 16:48:37.3669 INFO Get Party Type Master List Success
2020-10-08 16:48:37.3669 INFO Get UOM List Success
2020-10-08 16:48:37.3844 INFO Get Product Type Master List Success
2020-10-08 16:48:37.3962 INFO Get VAT Type Master List Success
2020-10-08 16:48:37.3962 INFO Get VAT Master List Success
2020-10-08 16:48:37.4393 INFO Get VAT Details Fail :Field not found in row: party_name
2020-10-08 16:48:37.4426 INFO Get Party Master List Success
2020-10-08 16:48:37.4426 INFO Get Product Master List Success
2020-10-08 16:48:39.6121 INFO Get VAT Master List Success
2020-10-08 16:49:01.8550 INFO Get Party Type Master List Success
2020-10-08 16:49:04.0091 INFO Sugarcanepurchase Get List Success
2020-10-08 16:56:15.2936 INFO Get User Success :36-Harinagar_sgr_bo
2020-10-08 16:56:18.6398 INFO Sugarcanepurchase Get List Success
2020-10-08 16:56:18.6398 INFO Get User Success :36-Harinagar_sgr_bo
2020-10-08 16:56:18.6515 INFO Get User Success :36-Harinagar_sgr_bo
2020-10-08 16:56:19.8067 INFO Get User Success :36-Harinagar_sgr_bo
2020-10-08 16:56:26.5127 INFO Get User Success :36-Harinagar_sgr_bo
2020-10-08 16:56:26.5479 INFO Get User Success :36-Harinagar_sgr_bo
2020-10-08 16:56:28.6703 INFO Get User Success :36-Harinagar_sgr_bo
2020-10-08 16:56:28.7134 INFO Get User Success :36-Harinagar_sgr_bo
2020-10-08 16:56:28.7134 INFO Get User Success :36-Harinagar_sgr_bo
2020-10-08 16:58:47.7001 INFO Get User Success :36-Harinagar_sgr_bo
2020-10-08 16:58:47.7001 INFO Get User Success :36-Harinagar_sgr_bo
2020-10-08 16:58:51.1981 INFO Get User Success :36-Harinagar_sgr_bo
2020-10-08 16:58:51.2206 INFO Get User Success :36-Harinagar_sgr_bo
2020-10-08 16:58:51.2296 INFO Get User Success :36-Harinagar_sgr_bo
2020-10-08 16:58:53.1886 INFO Get User Success :36-Harinagar_sgr_bo
2020-10-08 16:58:53.2195 INFO Get User Success :36-Harinagar_sgr_bo
2020-10-08 16:58:53.2195 INFO Get User Success :36-Harinagar_sgr_bo
2020-10-08 16:59:00.2942 INFO Get User Success :36-Harinagar_sgr_bo
2020-10-08 16:59:00.3150 INFO Get User Success :36-Harinagar_sgr_bo
2020-10-08 16:59:00.3190 INFO Get User Success :36-Harinagar_sgr_bo
2020-10-08 16:59:01.1905 INFO Get User Success :36-Harinagar_sgr_bo
2020-10-08 16:59:01.2279 INFO Get User Success :36-Harinagar_sgr_bo
2020-10-08 17:00:12.7803 INFO Get User Success :36-Harinagar_sgr_bo
2020-10-08 17:00:16.4424 INFO Sugarcanepurchase Get List Success
2020-10-08 17:00:16.4461 INFO Get User Success :36-Harinagar_sgr_bo
2020-10-08 17:00:16.4461 INFO Get User Success :36-Harinagar_sgr_bo
2020-10-08 17:00:19.5014 INFO Get User Success :36-Harinagar_sgr_bo
2020-10-08 17:00:26.4291 INFO Get User Success :36-Harinagar_sgr_bo
2020-10-08 17:00:26.4545 INFO Get User Success :36-Harinagar_sgr_bo
2020-10-08 17:00:28.3653 INFO Get User Success :36-Harinagar_sgr_bo
2020-10-08 17:00:28.4071 INFO Get User Success :36-Harinagar_sgr_bo
2020-10-08 17:00:33.9973 INFO Get User Success :36-Harinagar_sgr_bo
2020-10-08 17:00:38.8376 INFO Get User Success :36-Harinagar_sgr_bo
2020-10-08 17:00:38.8593 INFO Get User Success :36-Harinagar_sgr_bo
2020-10-08 17:00:38.8593 INFO Get User Success :36-Harinagar_sgr_bo
2020-10-08 17:00:40.3593 INFO Get User Success :36-Harinagar_sgr_bo
2020-10-08 17:00:40.3956 INFO Get User Success :36-Harinagar_sgr_bo
2020-10-08 17:00:41.4309 INFO Get User Success :36-Harinagar_sgr_bo
2020-10-08 17:00:41.5027 INFO Get User Success :36-Harinagar_sgr_bo
2020-10-08 17:00:41.5117 INFO Get User Success :36-Harinagar_sgr_bo
2020-10-08 17:00:48.1264 INFO Get User Success :36-Harinagar_sgr_bo
2020-10-08 17:00:48.1487 INFO Get User Success :36-Harinagar_sgr_bo
2020-10-08 17:00:48.1487 INFO Get User Success :36-Harinagar_sgr_bo
2020-10-08 17:00:57.8260 INFO Get User Success :36-Harinagar_sgr_bo
2020-10-08 17:01:35.0055 INFO Get User Success :36-Harinagar_sgr_bo
2020-10-08 17:01:52.0952 INFO Get User Success :36-Harinagar_sgr_bo
2020-10-08 17:06:34.8035 INFO Get Party Type Master List Success
2020-10-08 17:06:38.3212 INFO Sugarcanepurchase Get List Success
2020-10-08 17:06:42.5247 INFO Get Party Master List Success
2020-10-08 17:06:42.5823 INFO Sugarcanepurchase Get List Success
2020-10-08 17:06:49.9378 INFO Sugarcanepurchase Get List Success
2020-10-08 17:06:53.7399 INFO Get Party Master List Success
2020-10-08 17:06:53.7399 INFO Sugarcanepurchase Get List Success
2020-10-08 17:07:03.4463 INFO Sugarcanepurchase Approved By Bond Officer Sucess:1-H01
2020-10-08 17:07:03.4846 INFO Sugarcanepurchase Get List Success
2020-10-08 17:07:09.8499 INFO Get Party Master List Success
2020-10-08 17:07:46.0365 INFO Get Party Master List Success
2020-10-08 17:08:32.3312 INFO Get Party Master List Success
