2020-10-22 10:43:34.2934 INFO Get User Success :18-Harinagar Distillery
2020-10-22 10:43:45.6264 INFO Get Indent List Success
2020-10-22 10:43:45.6637 INFO Get User Success :18-Harinagar Distillery
2020-10-22 10:43:53.5054 INFO Get Indent List Success
2020-10-22 10:43:53.5830 INFO Get User Success :18-Harinagar Distillery
2020-10-22 10:43:53.5920 INFO Get Party Master List Success
2020-10-22 10:43:53.5920 INFO Get Product Master List Success
2020-10-22 10:43:53.6119 INFO Get Indent Details Success
2020-10-22 10:43:53.6338 INFO Get User Success :18-Harinagar Distillery
2020-10-22 10:44:09.1632 INFO Get User Success :18-Harinagar Distillery
2020-10-22 10:44:09.1632 INFO Get Party Master List Success
2020-10-22 10:44:09.1632 INFO Get Product Master List Success
2020-10-22 10:44:09.1717 INFO Get Indent Details Success
2020-10-22 10:44:33.0428 INFO Get User Success :18-Harinagar Distillery
2020-10-22 10:44:36.6353 INFO Get User Success :18-Harinagar Distillery
2020-10-22 10:44:36.6353 INFO Get Party Master List Success
2020-10-22 10:44:36.6395 INFO Get Product Master List Success
2020-10-22 10:44:36.6395 INFO Get Indent Details Success
2020-10-22 10:44:36.6395 INFO Get User Success :18-Harinagar Distillery
2020-10-22 10:44:37.5239 INFO Get User Success :18-Harinagar Distillery
2020-10-22 10:44:37.5239 INFO Get Party Master List Success
2020-10-22 10:44:37.5239 INFO Get Product Master List Success
2020-10-22 10:44:37.5330 INFO Get Indent Details Success
2020-10-22 10:44:37.5330 INFO Get User Success :18-Harinagar Distillery
2020-10-22 10:44:37.7415 INFO Get User Success :18-Harinagar Distillery
2020-10-22 10:44:37.7415 INFO Get Party Master List Success
2020-10-22 10:44:37.7415 INFO Get Product Master List Success
2020-10-22 10:44:37.7495 INFO Get Indent Details Success
2020-10-22 10:44:37.7495 INFO Get User Success :18-Harinagar Distillery
2020-10-22 10:44:37.9479 INFO Get User Success :18-Harinagar Distillery
2020-10-22 10:44:37.9529 INFO Get Party Master List Success
2020-10-22 10:44:37.9529 INFO Get Product Master List Success
2020-10-22 10:44:37.9529 INFO Get Indent Details Success
2020-10-22 10:44:37.9529 INFO Get User Success :18-Harinagar Distillery
2020-10-22 10:44:38.1424 INFO Get User Success :18-Harinagar Distillery
2020-10-22 10:44:38.1424 INFO Get Party Master List Success
2020-10-22 10:44:38.1424 INFO Get Product Master List Success
2020-10-22 10:44:38.1604 INFO Get Indent Details Success
2020-10-22 10:44:38.1604 INFO Get User Success :18-Harinagar Distillery
2020-10-22 10:44:44.7882 INFO Get User Success :18-Harinagar Distillery
2020-10-22 10:44:44.7882 INFO Get Party Master List Success
2020-10-22 10:44:44.7882 INFO Get Product Master List Success
2020-10-22 10:44:44.7953 INFO Get Indent Details Success
2020-10-22 10:44:57.7101 INFO Get User Success :18-Harinagar Distillery
2020-10-22 10:45:12.7839 INFO Get Indent List Success
2020-10-22 10:45:12.7839 INFO Get User Success :18-Harinagar Distillery
2020-10-22 10:45:14.2090 INFO Get Indent List Success
2020-10-22 10:45:14.2269 INFO Get User Success :18-Harinagar Distillery
2020-10-22 10:45:14.2269 INFO Get Party Master List Success
2020-10-22 10:45:14.2339 INFO Get Product Master List Success
2020-10-22 10:45:14.2339 INFO Get Indent Details Success
2020-10-22 10:45:14.2339 INFO Get User Success :18-Harinagar Distillery
2020-10-22 11:07:06.7619 INFO Update Indent Success :21-10-2020-D01
2020-10-22 11:09:22.9910 INFO Update Indent Success :21-10-2020-D01
2020-10-22 11:09:24.7245 INFO Get Indent List Success
2020-10-22 11:09:24.7245 INFO Get User Success :18-Harinagar Distillery
2020-10-22 11:09:33.7781 INFO Get Indent List Success
2020-10-22 11:09:33.7988 INFO Get User Success :18-Harinagar Distillery
2020-10-22 11:09:33.7988 INFO Get Party Master List Success
2020-10-22 11:09:33.7988 INFO Get Product Master List Success
2020-10-22 11:09:33.7988 INFO Get Indent Details Success
2020-10-22 11:09:33.7988 INFO Get User Success :18-Harinagar Distillery
2020-10-22 11:11:00.0930 INFO Update Indent Success :21-10-2020-D01
2020-10-22 11:11:05.0834 INFO Get Indent List Success
2020-10-22 11:11:05.0834 INFO Get User Success :18-Harinagar Distillery
2020-10-22 11:11:08.0800 INFO Get Indent List Success
2020-10-22 11:11:08.0998 INFO Get User Success :18-Harinagar Distillery
2020-10-22 11:11:08.0998 INFO Get Party Master List Success
2020-10-22 11:11:08.0998 INFO Get Product Master List Success
2020-10-22 11:11:08.0998 INFO Get Indent Details Success
2020-10-22 11:11:08.1100 INFO Get User Success :18-Harinagar Distillery
2020-10-22 11:12:33.9479 INFO Get User Success :18-Harinagar Distillery
2020-10-22 11:12:33.9479 INFO Get Party Master List Success
2020-10-22 11:12:33.9579 INFO Get Product Master List Success
2020-10-22 11:12:33.9579 INFO Get Indent Details Success
2020-10-22 11:12:33.9579 INFO Get User Success :18-Harinagar Distillery
2020-10-22 11:12:36.3362 INFO Get Indent List Success
2020-10-22 11:12:36.3362 INFO Get User Success :18-Harinagar Distillery
2020-10-22 11:12:37.4567 INFO Get Indent List Success
2020-10-22 11:12:37.4756 INFO Get User Success :18-Harinagar Distillery
2020-10-22 11:12:37.4756 INFO Get Party Master List Success
2020-10-22 11:12:37.4756 INFO Get Product Master List Success
2020-10-22 11:12:37.4756 INFO Get Indent Details Success
2020-10-22 11:12:37.4846 INFO Get User Success :18-Harinagar Distillery
2020-10-22 11:21:39.2386 INFO Get User Success :18-Harinagar Distillery
2020-10-22 11:21:47.1671 INFO Get Indent List Success
2020-10-22 11:21:47.2030 INFO Get User Success :18-Harinagar Distillery
2020-10-22 11:21:49.8785 INFO Get Indent List Success
2020-10-22 11:21:51.6964 INFO Get User Success :18-Harinagar Distillery
2020-10-22 11:21:51.7054 INFO Get Party Master List Success
2020-10-22 11:21:51.7054 INFO Get Product Master List Success
2020-10-22 11:22:07.1788 INFO Get Indent Details Success
2020-10-22 11:22:07.1997 INFO Get User Success :18-Harinagar Distillery
2020-10-22 11:23:03.0660 INFO Get User Success :18-Harinagar Distillery
2020-10-22 11:23:03.0660 INFO Get Party Master List Success
2020-10-22 11:23:03.0660 INFO Get Product Master List Success
2020-10-22 11:24:07.1061 INFO Get Indent Details Success
2020-10-22 11:24:07.1081 INFO Get User Success :18-Harinagar Distillery
2020-10-22 11:24:33.7968 INFO Get User Success :18-Harinagar Distillery
2020-10-22 11:24:33.7968 INFO Get Party Master List Success
2020-10-22 11:24:33.7968 INFO Get Product Master List Success
2020-10-22 11:24:55.4326 INFO Get Indent Details Success
2020-10-22 11:24:55.4326 INFO Get User Success :18-Harinagar Distillery
2020-10-22 11:25:50.4717 INFO Update Indent Success :21-10-2020-D01
2020-10-22 11:25:50.4910 INFO Get Indent List Success
2020-10-22 11:25:50.4910 INFO Get User Success :18-Harinagar Distillery
2020-10-22 11:25:53.0070 INFO Get Indent List Success
2020-10-22 11:25:53.0271 INFO Get User Success :18-Harinagar Distillery
2020-10-22 11:25:53.0271 INFO Get Party Master List Success
2020-10-22 11:25:53.0301 INFO Get Product Master List Success
2020-10-22 11:25:53.0301 INFO Get Indent Details Success
2020-10-22 11:25:53.0301 INFO Get User Success :18-Harinagar Distillery
2020-10-22 11:28:21.0558 INFO Update Indent Success :21-10-2020-D01
2020-10-22 11:28:21.0817 INFO Get Indent List Success
2020-10-22 11:28:21.0817 INFO Get User Success :18-Harinagar Distillery
2020-10-22 11:28:23.7610 INFO Get Indent List Success
2020-10-22 11:28:23.7809 INFO Get User Success :18-Harinagar Distillery
2020-10-22 11:28:23.7809 INFO Get Party Master List Success
2020-10-22 11:28:23.7809 INFO Get Product Master List Success
2020-10-22 11:28:23.7809 INFO Get Indent Details Success
2020-10-22 11:28:23.7809 INFO Get User Success :18-Harinagar Distillery
2020-10-22 11:28:55.2841 INFO Get User Success :18-Harinagar Distillery
2020-10-22 11:28:55.2841 INFO Get Party Master List Success
2020-10-22 11:28:55.2841 INFO Get Product Master List Success
2020-10-22 11:28:55.2841 INFO Get Indent Details Success
2020-10-22 11:29:10.5727 INFO Get User Success :18-Harinagar Distillery
2020-10-22 11:29:20.5080 INFO Get User Success :18-Harinagar Distillery
2020-10-22 11:29:20.5080 INFO Get Party Master List Success
2020-10-22 11:29:20.5080 INFO Get Product Master List Success
2020-10-22 11:29:20.5187 INFO Get Indent Details Success
2020-10-22 11:31:55.2283 INFO Get Indent Details Success
2020-10-22 11:33:47.7451 INFO Get User Success :18-Harinagar Distillery
2020-10-22 11:38:12.7667 INFO Update Indent Success :21-10-2020-D01
2020-10-22 11:38:12.7878 INFO Get Indent List Success
2020-10-22 11:38:12.7878 INFO Get User Success :18-Harinagar Distillery
2020-10-22 11:38:16.3520 INFO Get Indent List Success
2020-10-22 11:38:16.3749 INFO Get User Success :18-Harinagar Distillery
2020-10-22 11:38:16.3749 INFO Get Party Master List Success
2020-10-22 11:38:16.3749 INFO Get Product Master List Success
2020-10-22 11:38:18.6535 INFO Get Indent Details Success
2020-10-22 11:38:20.9189 INFO Get User Success :18-Harinagar Distillery
2020-10-22 11:38:51.4527 INFO Get User Success :18-Harinagar Distillery
2020-10-22 11:38:51.4527 INFO Get Party Master List Success
2020-10-22 11:38:51.4527 INFO Get Product Master List Success
2020-10-22 11:38:51.4527 INFO Get Indent Details Success
2020-10-22 11:39:04.7498 INFO Get User Success :18-Harinagar Distillery
2020-10-22 11:40:19.3285 INFO Update Indent Success :21-10-2020-D01
2020-10-22 11:40:19.3489 INFO Get Indent List Success
2020-10-22 11:40:19.3489 INFO Get User Success :18-Harinagar Distillery
2020-10-22 11:40:21.2003 INFO Get Indent List Success
2020-10-22 11:40:21.2239 INFO Get User Success :18-Harinagar Distillery
2020-10-22 11:40:21.2239 INFO Get Party Master List Success
2020-10-22 11:40:21.2239 INFO Get Product Master List Success
2020-10-22 11:40:21.2328 INFO Get Indent Details Success
2020-10-22 11:40:21.2328 INFO Get User Success :18-Harinagar Distillery
2020-10-22 11:42:15.7649 INFO Get User Success :18-Harinagar Distillery
2020-10-22 11:42:15.7649 INFO Get Party Master List Success
2020-10-22 11:42:15.7649 INFO Get Product Master List Success
2020-10-22 11:42:15.7649 INFO Get Indent Details Success
2020-10-22 11:42:15.7649 INFO Get User Success :18-Harinagar Distillery
2020-10-22 11:42:17.9778 INFO Get Indent List Success
2020-10-22 11:42:17.9778 INFO Get User Success :18-Harinagar Distillery
2020-10-22 11:42:18.7984 INFO Get Indent List Success
2020-10-22 11:42:18.8301 INFO Get User Success :18-Harinagar Distillery
2020-10-22 11:42:18.8301 INFO Get Party Master List Success
2020-10-22 11:42:18.8301 INFO Get Product Master List Success
2020-10-22 11:42:18.8301 INFO Get Indent Details Success
2020-10-22 11:42:18.8301 INFO Get User Success :18-Harinagar Distillery
2020-10-22 11:43:15.4851 INFO Update Indent Success :21-10-2020-D01
2020-10-22 11:43:15.5040 INFO Get Indent List Success
2020-10-22 11:43:15.5040 INFO Get User Success :18-Harinagar Distillery
2020-10-22 11:43:17.5157 INFO Get Indent List Success
2020-10-22 11:43:17.5348 INFO Get User Success :18-Harinagar Distillery
2020-10-22 11:43:17.5348 INFO Get Party Master List Success
2020-10-22 11:43:17.5348 INFO Get Product Master List Success
2020-10-22 11:43:31.8332 INFO Get Indent Details Success
2020-10-22 11:43:31.8332 INFO Get User Success :18-Harinagar Distillery
2020-10-22 11:43:47.6871 INFO Get Indent List Success
2020-10-22 11:43:47.6871 INFO Get User Success :18-Harinagar Distillery
2020-10-22 11:44:10.6975 INFO Get Indent List Success
2020-10-22 11:44:10.7167 INFO Get User Success :18-Harinagar Distillery
2020-10-22 11:44:10.7247 INFO Get Party Master List Success
2020-10-22 11:44:10.7247 INFO Get Product Master List Success
2020-10-22 11:44:10.7247 INFO Get Indent Details Success
2020-10-22 11:44:10.7328 INFO Get User Success :18-Harinagar Distillery
2020-10-22 11:44:17.7125 INFO Get Indent List Success
2020-10-22 11:44:17.7125 INFO Get User Success :18-Harinagar Distillery
2020-10-22 11:44:27.9127 INFO Get Indent List Success
2020-10-22 11:44:27.9321 INFO Get User Success :18-Harinagar Distillery
2020-10-22 11:44:27.9321 INFO Get Party Master List Success
2020-10-22 11:44:27.9361 INFO Get Product Master List Success
2020-10-22 11:44:27.9361 INFO Get Indent Details Success
2020-10-22 11:44:27.9361 INFO Get User Success :18-Harinagar Distillery
2020-10-22 11:44:53.5133 INFO Get Indent List Success
2020-10-22 11:44:53.5153 INFO Get User Success :18-Harinagar Distillery
2020-10-22 11:44:56.2800 INFO Get Indent List Success
2020-10-22 11:47:13.1073 INFO Get User Success :18-Harinagar Distillery
2020-10-22 11:47:17.4180 INFO Get Indent List Success
2020-10-22 11:47:17.4529 INFO Get User Success :18-Harinagar Distillery
2020-10-22 11:47:18.4852 INFO Get Indent List Success
2020-10-22 11:47:18.5221 INFO Get User Success :18-Harinagar Distillery
2020-10-22 11:47:26.0937 INFO Get User Success :18-Harinagar Distillery
2020-10-22 11:47:51.5881 INFO Get User Success :18-Harinagar Distillery
2020-10-22 11:47:57.9100 INFO Get Indent List Success
2020-10-22 11:47:57.9100 INFO Get User Success :18-Harinagar Distillery
2020-10-22 11:48:00.9200 INFO Get Indent List Success
2020-10-22 11:48:00.9803 INFO Get User Success :18-Harinagar Distillery
2020-10-22 11:48:00.9883 INFO Get Party Master List Success
2020-10-22 11:48:00.9883 INFO Get Product Master List Success
2020-10-22 11:48:01.0083 INFO Get Indent Details Success
2020-10-22 11:48:01.0257 INFO Get User Success :18-Harinagar Distillery
2020-10-22 11:48:05.0159 INFO Get Indent List Success
2020-10-22 11:48:05.0159 INFO Get User Success :18-Harinagar Distillery
2020-10-22 11:51:18.0549 INFO Get Indent List Success
2020-10-22 11:51:18.0829 INFO Get User Success :18-Harinagar Distillery
2020-10-22 11:51:19.7920 INFO Get User Success :18-Harinagar Distillery
2020-10-22 11:53:20.4931 INFO Get User Success :18-Harinagar Distillery
2020-10-22 11:54:30.3237 INFO Get User Success :18-Harinagar Distillery
2020-10-22 12:01:58.7100 INFO Get Party Type Master List Success
2020-10-22 12:02:03.7590 INFO Get Party Master List Success
2020-10-22 12:02:07.3531 INFO Get Party Type Master List Success
2020-10-22 12:02:10.2456 INFO GetFinacListValues Success
2020-10-22 12:02:18.5538 INFO GetFinacListValues Success
2020-10-22 12:04:35.3350 INFO Get Party Type Master List Success
2020-10-22 12:04:40.9496 INFO Get Party Master List Success
2020-10-22 12:04:46.1322 INFO Get Party Type Master List Success
2020-10-22 12:04:51.4262 INFO GetFinacListValues Success
2020-10-22 12:05:01.0812 INFO GetFinacListValues Success
2020-10-22 12:05:07.5280 INFO GetFinacListValues Success
2020-10-22 12:05:10.4161 INFO GetFinacListValues Success
2020-10-22 12:05:12.3033 INFO GetFinacListValues Success
2020-10-22 12:05:28.2805 INFO GetFinacListValues Success
2020-10-22 12:05:30.4478 INFO GetFinacListValues Success
2020-10-22 12:06:09.2985 INFO GetFinacListValues Success
2020-10-22 12:06:14.4578 INFO GetFinacListValues Success
2020-10-22 12:06:40.6348 INFO Get Party Master List Success
2020-10-22 12:06:40.6388 INFO GetFinacListValues Success
2020-10-22 12:08:07.2738 INFO Get Party Master List Success
2020-10-22 12:08:07.8962 INFO Get Party Type Master List Success
2020-10-22 12:08:09.7467 INFO GetFinacListValues Success
2020-10-22 12:08:12.3358 INFO Get Party Master List Success
2020-10-22 12:08:12.3358 INFO GetFinacListValues Success
2020-10-22 12:08:29.3478 INFO Get User Success :18-Harinagar Distillery
2020-10-22 12:08:31.9459 INFO Get Indent List Success
2020-10-22 12:08:31.9549 INFO Get User Success :18-Harinagar Distillery
2020-10-22 12:08:33.1993 INFO Get Indent List Success
2020-10-22 12:08:33.2340 INFO Get User Success :18-Harinagar Distillery
2020-10-22 12:09:05.8653 INFO Get User Success :18-Harinagar Distillery
2020-10-22 12:23:09.1265 INFO Get User Fail :0--42703: column d.party_type_code does not exist
2020-10-22 12:24:14.2140 INFO Get User Success :18-Harinagar Distillery
2020-10-22 12:24:18.6503 INFO Get Indent List Success
2020-10-22 12:24:18.6866 INFO Get User Success :18-Harinagar Distillery
2020-10-22 12:24:19.9896 INFO Get Indent List Success
2020-10-22 12:24:20.0271 INFO Get User Success :18-Harinagar Distillery
2020-10-22 12:24:21.5550 INFO Get User Success :18-Harinagar Distillery
2020-10-22 12:24:21.5631 INFO Get Party Master List Success
2020-10-22 12:24:21.5631 INFO Get User Success :18-Harinagar Distillery
2020-10-22 12:24:47.0523 INFO Get User Success :18-Harinagar Distillery
2020-10-22 12:24:47.0523 INFO Get Party Master List Success
2020-10-22 12:24:47.0523 INFO Get User Success :18-Harinagar Distillery
2020-10-22 12:25:53.6474 INFO Get User Success :18-Harinagar Distillery
2020-10-22 12:26:04.1868 INFO Get Party Master List Success
2020-10-22 12:27:08.7269 INFO Get Party Master List Success
2020-10-22 12:27:08.7269 INFO Get User Success :18-Harinagar Distillery
2020-10-22 12:28:53.3891 INFO Get User Success :18-Harinagar Distillery
2020-10-22 12:28:59.6119 INFO Get Indent List Success
2020-10-22 12:28:59.6472 INFO Get User Success :18-Harinagar Distillery
2020-10-22 12:29:01.9252 INFO Get Indent List Success
2020-10-22 12:29:07.0763 INFO Get User Success :18-Harinagar Distillery
2020-10-22 12:29:07.8280 INFO Get User Success :18-Harinagar Distillery
2020-10-22 12:29:10.0318 INFO Get Party Master List Success
2020-10-22 12:29:21.4339 INFO Get User Success :18-Harinagar Distillery
2020-10-22 12:29:37.7715 INFO Get User Success :18-Harinagar Distillery
2020-10-22 12:29:37.7715 INFO Get Party Master List Success
2020-10-22 12:30:10.6490 INFO Get User Success :18-Harinagar Distillery
2020-10-22 12:30:29.5399 INFO Get User Success :18-Harinagar Distillery
2020-10-22 12:30:29.5399 INFO Get Party Master List Success
2020-10-22 12:31:16.2398 INFO Get User Success :18-Harinagar Distillery
2020-10-22 12:37:50.0295 INFO Get User Success :18-Harinagar Distillery
2020-10-22 12:38:08.5460 INFO Get User Success :18-Harinagar Distillery
2020-10-22 12:38:08.5460 INFO Get Party Master List Success
2020-10-22 12:38:08.5460 INFO Get Product Master List Success
2020-10-22 12:38:08.5460 INFO Get User Success :18-Harinagar Distillery
2020-10-22 13:16:47.0511 INFO Get User Success :18-Harinagar Distillery
2020-10-22 13:16:51.0513 INFO Get Indent List Success
2020-10-22 13:16:51.0871 INFO Get User Success :18-Harinagar Distillery
2020-10-22 13:16:53.3092 INFO Get Indent List Success
2020-10-22 13:16:59.9851 INFO Get User Success :18-Harinagar Distillery
2020-10-22 13:16:59.9851 INFO Get Party Master List Success
2020-10-22 13:16:59.9994 INFO Get Product Master List Success
2020-10-22 13:16:59.9994 INFO Get User Success :18-Harinagar Distillery
2020-10-22 13:17:05.1771 INFO Get Indent List Success
2020-10-22 13:17:05.1771 INFO Get User Success :18-Harinagar Distillery
2020-10-22 13:17:05.9908 INFO Get Indent List Success
2020-10-22 13:17:06.0247 INFO Get User Success :18-Harinagar Distillery
2020-10-22 13:17:07.0253 INFO Get User Success :18-Harinagar Distillery
2020-10-22 13:17:07.0253 INFO Get Party Master List Success
2020-10-22 13:17:07.0303 INFO Get Product Master List Success
2020-10-22 13:17:07.0303 INFO Get User Success :18-Harinagar Distillery
2020-10-22 13:17:08.6998 INFO Get Indent List Success
2020-10-22 13:17:08.7018 INFO Get User Success :18-Harinagar Distillery
2020-10-22 13:17:09.9027 INFO Get Indent List Success
2020-10-22 13:17:09.9213 INFO Get User Success :18-Harinagar Distillery
2020-10-22 13:17:09.9213 INFO Get Party Master List Success
2020-10-22 13:17:09.9213 INFO Get Product Master List Success
2020-10-22 13:17:09.9213 INFO Get User Success :18-Harinagar Distillery
2020-10-22 13:17:33.5069 INFO Get User Success :18-Harinagar Distillery
2020-10-22 13:17:33.5069 INFO Get Party Master List Success
2020-10-22 13:17:54.5409 INFO Get Party Master List Success
2020-10-22 13:17:54.5478 INFO Get Product Master List Success
2020-10-22 13:17:54.5478 INFO Get User Success :18-Harinagar Distillery
2020-10-22 13:18:00.2160 INFO Get Indent List Success
2020-10-22 13:18:00.2190 INFO Get User Success :18-Harinagar Distillery
2020-10-22 13:18:02.0702 INFO Get Indent List Success
2020-10-22 13:18:02.0892 INFO Get User Success :18-Harinagar Distillery
2020-10-22 13:18:03.0964 INFO Get User Success :18-Harinagar Distillery
2020-10-22 13:18:03.0964 INFO Get Party Master List Success
2020-10-22 13:18:03.0964 INFO Get Product Master List Success
2020-10-22 13:18:03.0964 INFO Get User Success :18-Harinagar Distillery
2020-10-22 14:55:30.2123 INFO Get User Success :18-Harinagar Distillery
2020-10-22 14:55:36.6751 INFO Get Indent List Success
2020-10-22 14:55:36.7102 INFO Get User Success :18-Harinagar Distillery
2020-10-22 14:55:38.7277 INFO Get Indent List Success
2020-10-22 14:55:38.7651 INFO Get Allotment List Success
2020-10-22 14:55:38.7651 INFO Get User Success :18-Harinagar Distillery
2020-10-22 14:56:02.3107 INFO Get Allotment List Success
2020-10-22 14:56:02.3107 INFO Get User Success :18-Harinagar Distillery
2020-10-22 14:56:15.6340 INFO Get Allotment List Success
2020-10-22 14:56:15.6989 INFO Get User Success :18-Harinagar Distillery
2020-10-22 14:56:15.7068 INFO Get Party Master List Success
2020-10-22 14:56:15.7068 INFO Get Product Master List Success
2020-10-22 14:56:15.7068 INFO Get User Success :18-Harinagar Distillery
2020-10-22 14:59:58.6113 INFO Get Allotment List Success
2020-10-22 14:59:58.6113 INFO Get User Success :18-Harinagar Distillery
2020-10-22 15:00:00.0079 INFO Get Allotment List Success
2020-10-22 15:00:00.0269 INFO Get User Success :18-Harinagar Distillery
2020-10-22 15:04:44.8096 INFO Get Party Master List Success
2020-10-22 15:04:44.8116 INFO Get Product Master List Success
2020-10-22 15:04:44.8116 INFO Get User Success :18-Harinagar Distillery
2020-10-22 15:05:58.5797 INFO Get User Success :18-Harinagar Distillery
2020-10-22 15:06:01.3243 INFO Get Indent List Success
2020-10-22 15:06:01.3629 INFO Get User Success :18-Harinagar Distillery
2020-10-22 15:06:03.1654 INFO Get Indent List Success
2020-10-22 15:06:05.5144 INFO Get Allotment List Success
2020-10-22 15:06:05.5144 INFO Get User Success :18-Harinagar Distillery
2020-10-22 15:06:07.1261 INFO Get Allotment List Success
2020-10-22 15:06:07.1925 INFO Get User Success :18-Harinagar Distillery
2020-10-22 15:06:07.1925 INFO Get Party Master List Success
2020-10-22 15:06:07.2065 INFO Get Product Master List Success
2020-10-22 15:06:10.7453 INFO Get User Success :18-Harinagar Distillery
2020-10-22 15:16:32.3571 INFO Get User Success :18-Harinagar Distillery
2020-10-22 15:16:35.2326 INFO Get Indent List Success :42703: column a.paroduct_code does not exist
2020-10-22 15:16:35.2563 INFO Get User Success :18-Harinagar Distillery
2020-10-22 15:17:53.9576 INFO Get Indent List Success
2020-10-22 15:17:58.0082 INFO Get User Success :18-Harinagar Distillery
2020-10-22 15:18:04.4970 INFO Get Indent List Success
2020-10-22 15:18:04.5361 INFO Get Allotment List Success
2020-10-22 15:18:04.5361 INFO Get User Success :18-Harinagar Distillery
2020-10-22 15:18:07.4457 INFO Get Allotment List Success
2020-10-22 15:18:07.5223 INFO Get User Success :18-Harinagar Distillery
2020-10-22 15:18:07.5299 INFO Get Party Master List Success
2020-10-22 15:18:07.5299 INFO Get Indent List Success
2020-10-22 15:18:07.5299 INFO Get User Success :18-Harinagar Distillery
2020-10-22 15:19:56.3254 INFO Get User Success :18-Harinagar Distillery
2020-10-22 15:19:58.4617 INFO Get Indent List Success
2020-10-22 15:19:58.5016 INFO Get User Success :18-Harinagar Distillery
2020-10-22 15:20:23.4614 INFO Get Indent List Success
2020-10-22 15:20:23.4684 INFO Get User Success :18-Harinagar Distillery
2020-10-22 15:20:53.8088 INFO Get Indent List Success
2020-10-22 15:20:53.8118 INFO Get User Success :18-Harinagar Distillery
2020-10-22 15:21:38.5171 INFO Get Indent List Success
2020-10-22 15:21:41.4213 INFO Get User Success :18-Harinagar Distillery
2020-10-22 15:21:48.6160 INFO Get Indent List Success
2020-10-22 15:21:48.6270 INFO Get User Success :18-Harinagar Distillery
2020-10-22 15:21:56.1382 INFO Get Indent List Success
2020-10-22 15:21:56.1766 INFO Get Allotment List Success
2020-10-22 15:21:56.1766 INFO Get User Success :18-Harinagar Distillery
2020-10-22 15:21:57.1771 INFO Get Allotment List Success
2020-10-22 15:21:57.2507 INFO Get User Success :18-Harinagar Distillery
2020-10-22 15:21:57.2507 INFO Get Party Master List Success
2020-10-22 15:21:57.2507 INFO Get Indent List Success
2020-10-22 15:21:57.2662 INFO Get User Success :18-Harinagar Distillery
2020-10-22 15:22:18.8690 INFO Get User Success :18-Harinagar Distillery
2020-10-22 15:22:18.8690 INFO Get Party Master List Success
2020-10-22 15:22:18.8690 INFO Get Indent List Success
2020-10-22 15:22:30.8781 INFO Get User Success :18-Harinagar Distillery
2020-10-22 15:24:42.1516 INFO Get User Success :18-Harinagar Distillery
2020-10-22 15:24:42.2409 INFO Get Party Master List Success
2020-10-22 15:24:42.2409 INFO Get Indent List Success
2020-10-22 15:24:42.2409 INFO Get User Success :18-Harinagar Distillery
2020-10-22 15:26:41.5291 INFO Get User Success :18-Harinagar Distillery
2020-10-22 15:26:41.5627 INFO Get Party Master List Success
2020-10-22 15:26:41.5627 INFO Get Indent List Success
2020-10-22 15:26:41.5627 INFO Get User Success :18-Harinagar Distillery
2020-10-22 15:26:55.5474 INFO Get User Success :18-Harinagar Distillery
2020-10-22 15:26:55.5474 INFO Get Party Master List Success
2020-10-22 15:26:55.5474 INFO Get Indent List Success
2020-10-22 15:26:55.5474 INFO Get User Success :18-Harinagar Distillery
2020-10-22 15:27:20.5607 INFO Get User Success :18-Harinagar Distillery
2020-10-22 15:27:20.5607 INFO Get Party Master List Success
2020-10-22 15:27:20.5607 INFO Get Indent List Success
2020-10-22 15:27:20.5607 INFO Get User Success :18-Harinagar Distillery
2020-10-22 15:27:31.6914 INFO Get User Success :18-Harinagar Distillery
2020-10-22 15:27:31.6914 INFO Get Party Master List Success
2020-10-22 15:27:31.6914 INFO Get Indent List Success
2020-10-22 15:27:31.6914 INFO Get User Success :18-Harinagar Distillery
2020-10-22 15:27:41.2053 INFO Get User Success :18-Harinagar Distillery
2020-10-22 15:27:41.2053 INFO Get Party Master List Success
2020-10-22 15:27:41.2053 INFO Get Indent List Success
2020-10-22 15:27:41.2053 INFO Get User Success :18-Harinagar Distillery
2020-10-22 15:39:45.0227 INFO Get User Success :18-Harinagar Distillery
2020-10-22 15:39:45.0227 INFO Get Party Master List Success
2020-10-22 15:39:45.0227 INFO Get Indent List Success
2020-10-22 15:39:45.0317 INFO Get User Success :18-Harinagar Distillery
2020-10-22 15:39:55.8640 INFO Get Allotment List Success
2020-10-22 15:39:55.8640 INFO Get User Success :18-Harinagar Distillery
2020-10-22 15:39:57.8461 INFO Get Allotment List Success
2020-10-22 15:39:57.8659 INFO Get User Success :18-Harinagar Distillery
2020-10-22 15:39:57.8659 INFO Get Party Master List Success
2020-10-22 15:39:57.8659 INFO Get Indent List Success
2020-10-22 15:39:57.8659 INFO Get User Success :18-Harinagar Distillery
2020-10-22 15:40:12.4514 INFO Get User Success :18-Harinagar Distillery
2020-10-22 15:40:12.4514 INFO Get Party Master List Success
2020-10-22 15:40:12.4514 INFO Get Indent List Success
2020-10-22 15:40:12.4514 INFO Get User Success :18-Harinagar Distillery
2020-10-22 15:40:13.4356 INFO Get User Success :18-Harinagar Distillery
2020-10-22 15:40:13.4356 INFO Get Party Master List Success
2020-10-22 15:40:13.4356 INFO Get Indent List Success
2020-10-22 15:40:13.4356 INFO Get User Success :18-Harinagar Distillery
2020-10-22 15:40:13.6438 INFO Get User Success :18-Harinagar Distillery
2020-10-22 15:40:13.6438 INFO Get Party Master List Success
2020-10-22 15:40:13.6438 INFO Get Indent List Success
2020-10-22 15:40:13.6438 INFO Get User Success :18-Harinagar Distillery
2020-10-22 15:40:13.8273 INFO Get User Success :18-Harinagar Distillery
2020-10-22 15:40:13.8273 INFO Get Party Master List Success
2020-10-22 15:40:13.8273 INFO Get Indent List Success
2020-10-22 15:40:13.8273 INFO Get User Success :18-Harinagar Distillery
2020-10-22 15:40:14.0128 INFO Get User Success :18-Harinagar Distillery
2020-10-22 15:40:14.0148 INFO Get Party Master List Success
2020-10-22 15:40:14.0148 INFO Get Indent List Success
2020-10-22 15:40:14.0148 INFO Get User Success :18-Harinagar Distillery
2020-10-22 15:40:14.2033 INFO Get User Success :18-Harinagar Distillery
2020-10-22 15:40:14.2033 INFO Get Party Master List Success
2020-10-22 15:40:14.2033 INFO Get Indent List Success
2020-10-22 15:40:14.2033 INFO Get User Success :18-Harinagar Distillery
2020-10-22 15:42:51.2623 INFO Get User Success :18-Harinagar Distillery
2020-10-22 15:42:51.2647 INFO Get Party Master List Success
2020-10-22 15:42:51.2647 INFO Get Indent List Success
2020-10-22 15:42:51.2647 INFO Get User Success :18-Harinagar Distillery
2020-10-22 15:43:30.5675 INFO Get User Success :18-Harinagar Distillery
2020-10-22 15:43:58.5847 INFO Get User Success :18-Harinagar Distillery
2020-10-22 15:44:06.1527 INFO Get Party Master List Success
2020-10-22 15:44:06.1557 INFO Get Indent List Success
2020-10-22 15:44:06.1557 INFO Get User Success :18-Harinagar Distillery
2020-10-22 15:44:20.7572 INFO Get User Success :18-Harinagar Distillery
2020-10-22 15:52:20.8568 INFO Get User Success :18-Harinagar Distillery
2020-10-22 15:52:33.2574 INFO Get Indent List Success
2020-10-22 15:52:33.2937 INFO Get User Success :18-Harinagar Distillery
2020-10-22 15:52:35.0050 INFO Get Indent List Success
2020-10-22 15:52:39.2368 INFO Get Allotment List Success
2020-10-22 15:52:39.2368 INFO Get User Success :18-Harinagar Distillery
2020-10-22 15:52:40.5757 INFO Get Allotment List Success
2020-10-22 15:52:40.6425 INFO Get User Success :18-Harinagar Distillery
2020-10-22 15:52:44.6686 INFO Get Party Master List Success
2020-10-22 15:52:44.6745 INFO Get Indent List Success
2020-10-22 15:52:44.6745 INFO Get User Success :18-Harinagar Distillery
2020-10-22 16:50:18.5416 INFO Get User Success :18-Harinagar Distillery
2020-10-22 16:50:20.9608 INFO Get Indent List Success
2020-10-22 16:50:21.0003 INFO Get User Success :18-Harinagar Distillery
2020-10-22 16:50:23.8468 INFO Get Indent List Success
2020-10-22 16:50:23.8842 INFO Get Allotment List Success
2020-10-22 16:50:23.8842 INFO Get User Success :18-Harinagar Distillery
2020-10-22 16:50:25.7138 INFO Get Allotment List Success
2020-10-22 16:50:26.7665 INFO Get User Success :18-Harinagar Distillery
2020-10-22 16:50:26.7665 INFO Get Party Master List Success
2020-10-22 16:50:26.7826 INFO Get Indent List Success
2020-10-22 16:50:26.7826 INFO Get User Success :18-Harinagar Distillery
2020-10-22 16:53:51.2038 INFO Get User Success :18-Harinagar Distillery
2020-10-22 16:53:58.7058 INFO Get Indent List Success
2020-10-22 16:53:58.7417 INFO Get User Success :18-Harinagar Distillery
2020-10-22 16:53:59.8244 INFO Get Indent List Success
2020-10-22 16:53:59.8732 INFO Get Allotment List Success
2020-10-22 16:53:59.8732 INFO Get User Success :18-Harinagar Distillery
2020-10-22 16:54:01.1586 INFO Get Allotment List Success
2020-10-22 16:54:01.2234 INFO Get User Success :18-Harinagar Distillery
2020-10-22 16:54:01.2234 INFO Get Party Master List Success
2020-10-22 16:54:01.2377 INFO Get Indent List Success
2020-10-22 16:54:01.2377 INFO Get User Success :18-Harinagar Distillery
2020-10-22 17:17:13.1743 INFO Get User Success :18-Harinagar Distillery
2020-10-22 17:18:31.0672 INFO Get Indent List Success
2020-10-22 17:18:32.2395 INFO Get User Success :18-Harinagar Distillery
2020-10-22 17:19:26.2526 INFO Get Indent List Success
2020-10-22 17:19:26.2526 INFO Get User Success :18-Harinagar Distillery
2020-10-22 17:20:15.8503 INFO Get Indent List Success
2020-10-22 17:20:15.8503 INFO Get User Success :18-Harinagar Distillery
2020-10-22 17:20:20.1998 INFO Get Indent List Success
2020-10-22 17:20:20.2077 INFO Get User Success :18-Harinagar Distillery
2020-10-22 17:23:07.2071 INFO Get User Success :18-Harinagar Distillery
2020-10-22 17:23:15.1351 INFO Get Indent List Success
2020-10-22 17:23:15.1763 INFO Get User Success :18-Harinagar Distillery
2020-10-22 17:24:07.0961 INFO Get Indent List Success
2020-10-22 17:24:07.0961 INFO Get User Success :18-Harinagar Distillery
2020-10-22 17:24:09.7442 INFO Get Indent List Success
2020-10-22 17:24:11.6841 INFO Get Allotment List Success
2020-10-22 17:24:11.6877 INFO Get User Success :18-Harinagar Distillery
2020-10-22 17:24:12.9419 INFO Get Allotment List Success
2020-10-22 17:24:17.7118 INFO Get User Success :18-Harinagar Distillery
2020-10-22 17:24:17.7201 INFO Get Party Master List Success
2020-10-22 17:24:17.7201 INFO Get Indent List Success
2020-10-22 17:24:17.7331 INFO Get User Success :18-Harinagar Distillery
2020-10-22 17:35:14.2801 INFO Get User Success :18-Harinagar Distillery
2020-10-22 17:35:18.8875 INFO Get Indent List Success
2020-10-22 17:35:18.9236 INFO Get User Success :18-Harinagar Distillery
2020-10-22 17:35:20.7267 INFO Get Indent List Success
2020-10-22 17:35:24.7710 INFO Get Allotment List Success
2020-10-22 17:35:24.7710 INFO Get User Success :18-Harinagar Distillery
2020-10-22 17:35:26.5833 INFO Get Allotment List Success
2020-10-22 17:35:26.6504 INFO Get User Success :18-Harinagar Distillery
2020-10-22 17:35:26.6706 INFO Get Party Master List Success
2020-10-22 17:35:26.6706 INFO Get Indent List Success
2020-10-22 17:35:26.6706 INFO Get User Success :18-Harinagar Distillery
2020-10-22 17:37:58.6583 INFO Get User Success :18-Harinagar Distillery
2020-10-22 17:37:58.6583 INFO Get Party Master List Success
2020-10-22 17:37:58.6583 INFO Get Indent List Success
2020-10-22 17:37:58.6583 INFO Get User Success :18-Harinagar Distillery
2020-10-22 17:38:26.7112 INFO Get User Success :18-Harinagar Distillery
2020-10-22 17:38:26.7112 INFO Get Party Master List Success
2020-10-22 17:38:26.7112 INFO Get Indent List Success
2020-10-22 17:38:26.7195 INFO Get User Success :18-Harinagar Distillery
2020-10-22 17:43:37.0773 INFO Get User Success :18-Harinagar Distillery
2020-10-22 17:43:43.6160 INFO Get Indent List Success
2020-10-22 17:43:43.6525 INFO Get User Success :18-Harinagar Distillery
2020-10-22 17:43:45.8069 INFO Get Indent List Success
2020-10-22 17:43:45.8540 INFO Get Allotment List Success
2020-10-22 17:43:45.8582 INFO Get User Success :18-Harinagar Distillery
2020-10-22 17:43:47.8216 INFO Get Allotment List Success
2020-10-22 17:43:52.7833 INFO Get User Success :18-Harinagar Distillery
2020-10-22 17:43:52.7833 INFO Get Party Master List Success
2020-10-22 17:43:52.7956 INFO Get Indent List Success
2020-10-22 17:43:52.7956 INFO Get User Success :18-Harinagar Distillery
2020-10-22 17:55:21.9710 INFO Insert Allotment Success :-D01
2020-10-22 17:55:22.8318 INFO Get Indent List Success
2020-10-22 17:55:22.8318 INFO Get User Success :18-Harinagar Distillery
2020-10-22 17:55:37.7997 INFO Get Indent List Success
2020-10-22 17:55:37.8188 INFO Get Allotment List Success
2020-10-22 17:55:37.8300 INFO Get User Success :18-Harinagar Distillery
2020-10-22 17:57:17.8724 INFO Get Allotment List Success
2020-10-22 17:57:17.8825 INFO Get User Success :18-Harinagar Distillery
2020-10-22 17:57:45.3184 INFO Get Allotment List Success
2020-10-22 17:57:45.3282 INFO Get User Success :18-Harinagar Distillery
2020-10-22 17:57:55.9054 INFO Get Allotment List Success
2020-10-22 17:57:55.9054 INFO Get User Success :18-Harinagar Distillery
2020-10-22 17:58:11.9859 INFO Get Allotment List Success
2020-10-22 17:58:11.9859 INFO Get User Success :18-Harinagar Distillery
2020-10-22 17:58:30.0105 INFO Get Allotment List Success
2020-10-22 17:58:30.0229 INFO Get User Success :18-Harinagar Distillery
2020-10-22 18:04:51.2541 INFO Get Users List Success
2020-10-22 18:04:54.5226 INFO Get WorkFlow List Success
2020-10-22 18:04:59.9153 INFO Get SubModule In WorkFlow Success
2020-10-22 18:04:59.9229 INFO Get District In WorkFlow Success
2020-10-22 18:04:59.9502 INFO Get GetMaxID Success : workflow
2020-10-22 18:05:03.9204 INFO Get TabName In WorkFlow Success
2020-10-22 18:05:05.5766 INFO Get RoleNames In WorkFlow Success
2020-10-22 18:05:07.1041 INFO Get Users List Success
2020-10-22 18:06:35.5102 INFO Get User Success :44-Administrator
2020-10-22 18:06:42.4669 INFO Get WorkFlow List Success
2020-10-22 18:06:42.5009 INFO Get User Success :44-Administrator
2020-10-22 18:06:47.7214 INFO Get SubModule In WorkFlow Success
2020-10-22 18:06:47.7214 INFO Get District In WorkFlow Success
2020-10-22 18:06:47.7332 INFO Get GetMaxID Success : workflow
2020-10-22 18:06:47.7332 INFO Get User Success :44-Administrator
2020-10-22 18:06:50.5770 INFO Get TabName In WorkFlow Success
2020-10-22 18:06:52.4342 INFO Get RoleNames In WorkFlow Success
2020-10-22 18:06:53.9562 INFO Get Users List Success
2020-10-22 18:07:16.6867 INFO Get WorkFlow List Success
2020-10-22 18:07:16.6867 INFO Get User Success :44-Administrator
2020-10-22 18:08:49.0617 INFO Get WorkFlow List Success
2020-10-22 18:08:51.7164 INFO Get WorkFlow List Success
2020-10-22 18:08:53.7539 INFO Get WorkFlow List Success
2020-10-22 18:08:57.7140 INFO Get WorkFlow List Success
2020-10-22 18:09:02.2412 INFO Get WorkFlow List Success
2020-10-22 18:09:04.6932 INFO Get WorkFlow List Success
2020-10-22 18:09:17.4437 INFO Get WorkFlow List Success
2020-10-22 18:15:33.4678 INFO Get User Success :18-Harinagar Distillery
2020-10-22 18:15:44.6150 INFO Get Indent List Success
2020-10-22 18:15:44.6745 INFO Get User Success :18-Harinagar Distillery
2020-10-22 18:15:56.7133 INFO Get Indent List Success
2020-10-22 18:15:56.7645 INFO Get Allotment List Success
2020-10-22 18:15:56.7645 INFO Get User Success :18-Harinagar Distillery
2020-10-22 18:16:01.1464 INFO Get Allotment List Success
2020-10-22 18:16:02.4845 INFO Get User Success :18-Harinagar Distillery
2020-10-22 18:16:02.5348 INFO Get Party Master List Success
2020-10-22 18:16:02.5348 INFO Get Indent List Success
2020-10-22 18:16:02.6206 INFO Get Allotment Details Success :22P02: invalid input syntax for integer: ""
