2020-10-21 10:45:19.5972 INFO Get User Success :18-Harinagar Distillery
2020-10-21 10:45:24.6596 INFO Get User Success :18-Harinagar Distillery
2020-10-21 10:45:26.8752 INFO Get User Success :18-Harinagar Distillery
2020-10-21 10:45:32.7579 INFO Get User Success :18-Harinagar Distillery
2020-10-21 10:46:56.4998 INFO Get User Success :18-Harinagar Distillery
2020-10-21 10:47:08.6144 INFO Get User Success :18-Harinagar Distillery
2020-10-21 10:50:19.5315 INFO Get User Success :18-Harinagar Distillery
2020-10-21 10:50:24.6861 INFO Get User Success :18-Harinagar Distillery
2020-10-21 10:50:26.4801 INFO Get User Success :18-Harinagar Distillery
2020-10-21 10:50:32.1632 INFO Get User Success :18-Harinagar Distillery
2020-10-21 11:07:23.5134 INFO Get User Success :18-Harinagar Distillery
2020-10-21 11:07:33.5128 INFO Get User Success :18-Harinagar Distillery
2020-10-21 11:07:41.7299 INFO Get User Success :18-Harinagar Distillery
2020-10-21 11:07:41.7584 INFO Get Party Master List Success :42703: column c.financial_year does not exist
2020-10-21 11:09:56.0962 INFO Get User Success :18-Harinagar Distillery
2020-10-21 11:10:03.9388 INFO Get User Success :18-Harinagar Distillery
2020-10-21 11:10:05.6627 INFO Get User Success :18-Harinagar Distillery
2020-10-21 11:10:05.6627 INFO Get Party Master List Success
2020-10-21 11:11:58.1934 INFO Get Party Master List Success
2020-10-21 11:12:42.5954 INFO Get User Success :18-Harinagar Distillery
2020-10-21 11:14:03.6078 INFO Get User Success :18-Harinagar Distillery
2020-10-21 11:14:03.6078 INFO Get Party Master List Success
2020-10-21 11:14:03.6078 INFO Get User Success :18-Harinagar Distillery
2020-10-21 11:19:36.9371 INFO Get User Success :18-Harinagar Distillery
2020-10-21 11:19:36.9371 INFO Get Party Master List Success
2020-10-21 11:19:36.9441 INFO Get User Success :18-Harinagar Distillery
2020-10-21 11:19:58.4880 INFO Get User Success :18-Harinagar Distillery
2020-10-21 11:19:58.4910 INFO Get Party Master List Success
2020-10-21 11:19:58.4910 INFO Get User Success :18-Harinagar Distillery
2020-10-21 11:19:58.8448 INFO Get User Success :18-Harinagar Distillery
2020-10-21 11:19:58.8448 INFO Get Party Master List Success
2020-10-21 11:19:58.8488 INFO Get User Success :18-Harinagar Distillery
2020-10-21 11:19:59.0483 INFO Get User Success :18-Harinagar Distillery
2020-10-21 11:19:59.0522 INFO Get Party Master List Success
2020-10-21 11:19:59.0522 INFO Get User Success :18-Harinagar Distillery
2020-10-21 11:20:21.3579 INFO Get User Success :18-Harinagar Distillery
2020-10-21 11:20:21.3579 INFO Get Party Master List Success
2020-10-21 11:20:21.3579 INFO Get User Success :18-Harinagar Distillery
2020-10-21 11:21:27.6099 INFO Get User Success :18-Harinagar Distillery
2020-10-21 11:21:27.6099 INFO Get Party Master List Success
2020-10-21 11:21:27.6149 INFO Get User Success :18-Harinagar Distillery
2020-10-21 11:23:50.0771 INFO Get User Success :18-Harinagar Distillery
2020-10-21 11:23:50.0771 INFO Get Party Master List Success
2020-10-21 11:23:50.0771 INFO Get User Success :18-Harinagar Distillery
2020-10-21 11:24:05.0083 INFO Get User Success :18-Harinagar Distillery
2020-10-21 11:24:05.0083 INFO Get Party Master List Success
2020-10-21 11:24:05.0083 INFO Get User Success :18-Harinagar Distillery
2020-10-21 11:24:06.7384 INFO Get User Success :18-Harinagar Distillery
2020-10-21 11:24:06.7404 INFO Get Party Master List Success
2020-10-21 11:24:06.7404 INFO Get User Success :18-Harinagar Distillery
2020-10-21 11:24:14.5016 INFO Get User Success :18-Harinagar Distillery
2020-10-21 11:24:14.5046 INFO Get Party Master List Success
2020-10-21 11:24:14.5046 INFO Get User Success :18-Harinagar Distillery
2020-10-21 11:24:14.8108 INFO Get User Success :18-Harinagar Distillery
2020-10-21 11:24:14.8108 INFO Get Party Master List Success
2020-10-21 11:24:14.8108 INFO Get User Success :18-Harinagar Distillery
2020-10-21 11:24:21.0825 INFO Get User Success :18-Harinagar Distillery
2020-10-21 11:24:21.0845 INFO Get Party Master List Success
2020-10-21 11:24:21.0845 INFO Get User Success :18-Harinagar Distillery
2020-10-21 11:25:04.8273 INFO Get User Success :18-Harinagar Distillery
2020-10-21 11:25:09.3289 INFO Get User Success :18-Harinagar Distillery
2020-10-21 11:25:17.3351 INFO Get User Success :18-Harinagar Distillery
2020-10-21 11:25:17.3351 INFO Get Party Master List Success
2020-10-21 11:25:17.3521 INFO Get User Success :18-Harinagar Distillery
2020-10-21 11:27:45.0934 INFO Get User Success :18-Harinagar Distillery
2020-10-21 11:27:45.0934 INFO Get Party Master List Success
2020-10-21 11:27:45.0986 INFO Get User Success :18-Harinagar Distillery
2020-10-21 11:29:06.4016 INFO Get User Success :18-Harinagar Distillery
2020-10-21 11:29:06.4016 INFO Get Party Master List Success
2020-10-21 11:29:06.4016 INFO Get User Success :18-Harinagar Distillery
2020-10-21 11:29:55.1291 INFO Get User Success :18-Harinagar Distillery
2020-10-21 11:29:55.1312 INFO Get Party Master List Success
2020-10-21 11:29:55.1312 INFO Get User Success :18-Harinagar Distillery
2020-10-21 11:30:10.7246 INFO Get User Success :18-Harinagar Distillery
2020-10-21 11:30:10.7246 INFO Get Party Master List Success
2020-10-21 11:30:10.7246 INFO Get User Success :18-Harinagar Distillery
2020-10-21 11:30:40.9441 INFO Get User Success :18-Harinagar Distillery
2020-10-21 11:30:40.9441 INFO Get Party Master List Success
2020-10-21 11:30:40.9441 INFO Get User Success :18-Harinagar Distillery
2020-10-21 11:31:02.2148 INFO Get User Success :18-Harinagar Distillery
2020-10-21 11:31:02.2148 INFO Get Party Master List Success
2020-10-21 11:31:02.2148 INFO Get User Success :18-Harinagar Distillery
2020-10-21 11:31:05.8500 INFO Get User Success :18-Harinagar Distillery
2020-10-21 11:31:05.8500 INFO Get Party Master List Success
2020-10-21 11:31:05.8500 INFO Get User Success :18-Harinagar Distillery
2020-10-21 11:31:10.1878 INFO Get User Success :18-Harinagar Distillery
2020-10-21 11:31:10.1878 INFO Get Party Master List Success
2020-10-21 11:31:10.1928 INFO Get User Success :18-Harinagar Distillery
2020-10-21 11:31:36.9306 INFO Get User Success :18-Harinagar Distillery
2020-10-21 11:31:36.9306 INFO Get Party Master List Success
2020-10-21 11:31:36.9306 INFO Get User Success :18-Harinagar Distillery
2020-10-21 11:32:25.5172 INFO Get User Success :18-Harinagar Distillery
2020-10-21 11:32:25.5172 INFO Get Party Master List Success
2020-10-21 11:32:25.5272 INFO Get User Success :18-Harinagar Distillery
2020-10-21 11:33:15.0891 INFO Get User Success :18-Harinagar Distillery
2020-10-21 11:33:15.0891 INFO Get Party Master List Success
2020-10-21 11:33:15.0891 INFO Get User Success :18-Harinagar Distillery
2020-10-21 11:34:44.5477 INFO Get User Success :18-Harinagar Distillery
2020-10-21 11:34:44.5477 INFO Get Party Master List Success
2020-10-21 11:34:44.5527 INFO Get User Success :18-Harinagar Distillery
2020-10-21 11:34:44.9237 INFO Get User Success :18-Harinagar Distillery
2020-10-21 11:34:44.9287 INFO Get Party Master List Success
2020-10-21 11:34:44.9287 INFO Get User Success :18-Harinagar Distillery
2020-10-21 11:36:49.2506 INFO Get User Success :18-Harinagar Distillery
2020-10-21 11:36:49.2506 INFO Get Party Master List Success
2020-10-21 11:36:49.2556 INFO Get User Success :18-Harinagar Distillery
2020-10-21 11:37:48.2974 INFO Get User Success :18-Harinagar Distillery
2020-10-21 11:37:48.2974 INFO Get Party Master List Success
2020-10-21 11:37:48.3026 INFO Get User Success :18-Harinagar Distillery
2020-10-21 11:38:38.4152 INFO Get User Success :18-Harinagar Distillery
2020-10-21 11:38:38.4152 INFO Get Party Master List Success
2020-10-21 11:39:00.8309 INFO Get User Success :18-Harinagar Distillery
2020-10-21 11:39:35.6763 INFO Get User Success :18-Harinagar Distillery
2020-10-21 11:39:35.6763 INFO Get Party Master List Success
2020-10-21 11:39:38.0601 INFO Get User Success :18-Harinagar Distillery
2020-10-21 11:40:39.0514 INFO Get User Success :18-Harinagar Distillery
2020-10-21 11:40:39.0514 INFO Get Party Master List Success
2020-10-21 11:40:39.0514 INFO Get User Success :18-Harinagar Distillery
2020-10-21 11:41:23.2752 INFO Get User Success :18-Harinagar Distillery
2020-10-21 11:41:23.2752 INFO Get Party Master List Success
2020-10-21 11:41:30.3324 INFO Get User Success :18-Harinagar Distillery
2020-10-21 11:41:49.9749 INFO Get User Success :18-Harinagar Distillery
2020-10-21 11:41:49.9749 INFO Get Party Master List Success
2020-10-21 11:41:58.0029 INFO Get User Success :18-Harinagar Distillery
2020-10-21 12:35:41.8590 INFO Get User Success :18-Harinagar Distillery
2020-10-21 12:35:46.8147 INFO Get User Success :18-Harinagar Distillery
2020-10-21 12:35:49.0704 INFO Get User Success :18-Harinagar Distillery
2020-10-21 12:35:49.0704 INFO Get Party Master List Success
2020-10-21 12:35:49.1034 INFO Get Product Master List Success
2020-10-21 12:35:49.1034 INFO Get User Success :18-Harinagar Distillery
2020-10-21 12:36:20.5277 INFO Get User Success :18-Harinagar Distillery
2020-10-21 12:36:20.5277 INFO Get Party Master List Success
2020-10-21 12:36:39.4729 INFO Get Product Master List Success
2020-10-21 12:36:39.4768 INFO Get User Success :18-Harinagar Distillery
2020-10-21 12:50:12.2688 INFO Get User Fail :0--42703: column c.party_captive_unit_name does not exist
2020-10-21 12:50:25.8644 INFO Get User Fail :0--42703: column c.party_captive_unit_name does not exist
2020-10-21 12:50:41.7573 INFO Get User Fail :0--42703: column c.party_captive_unit_name does not exist
2020-10-21 12:51:38.1516 INFO Get User Success :18-Harinagar Distillery
2020-10-21 12:51:45.9869 INFO Get User Success :18-Harinagar Distillery
2020-10-21 12:51:50.9908 INFO Get User Success :18-Harinagar Distillery
2020-10-21 12:52:12.8376 INFO Get Party Master List Success
2020-10-21 12:52:12.8483 INFO Get Product Master List Success
2020-10-21 12:52:15.6487 INFO Get User Success :18-Harinagar Distillery
2020-10-21 12:52:47.9272 INFO Get User Success :18-Harinagar Distillery
2020-10-21 12:55:10.8852 INFO Get Party Master List Success
2020-10-21 12:55:10.8852 INFO Get Product Master List Success
2020-10-21 12:55:10.8852 INFO Get User Success :18-Harinagar Distillery
2020-10-21 12:55:29.6288 INFO Get User Success :18-Harinagar Distillery
2020-10-21 12:55:54.2355 INFO Get Party Master List Success
2020-10-21 12:55:54.2355 INFO Get Product Master List Success
2020-10-21 12:55:54.2396 INFO Get User Success :18-Harinagar Distillery
2020-10-21 13:31:45.1059 INFO Get User Success :18-Harinagar Distillery
2020-10-21 13:31:51.4391 INFO Get User Success :18-Harinagar Distillery
2020-10-21 13:31:51.4908 INFO Get User Success :18-Harinagar Distillery
2020-10-21 13:31:59.8819 INFO Get User Success :18-Harinagar Distillery
2020-10-21 13:31:59.9081 INFO Get User Success :18-Harinagar Distillery
2020-10-21 14:35:20.8177 INFO Get User Success :18-Harinagar Distillery
2020-10-21 14:35:23.3455 INFO Get User Success :18-Harinagar Distillery
2020-10-21 14:35:25.9740 INFO Get User Success :18-Harinagar Distillery
2020-10-21 14:35:25.9888 INFO Get Party Master List Success
2020-10-21 14:35:26.0071 INFO Get Product Master List Success
2020-10-21 14:35:26.0071 INFO Get User Success :18-Harinagar Distillery
2020-10-21 14:48:52.6119 INFO Get User Success :18-Harinagar Distillery
2020-10-21 14:48:57.0399 INFO Get User Success :18-Harinagar Distillery
2020-10-21 14:48:59.2060 INFO Get User Success :18-Harinagar Distillery
2020-10-21 14:48:59.2141 INFO Get Party Master List Success
2020-10-21 14:48:59.2242 INFO Get Product Master List Success
2020-10-21 14:48:59.2242 INFO Get User Success :18-Harinagar Distillery
2020-10-21 14:50:04.9845 INFO Get User Success :18-Harinagar Distillery
2020-10-21 14:50:04.9845 INFO Get Party Master List Success
2020-10-21 14:50:04.9845 INFO Get Product Master List Success
2020-10-21 14:50:04.9902 INFO Get User Success :18-Harinagar Distillery
2020-10-21 14:51:06.8064 INFO Get User Success :18-Harinagar Distillery
2020-10-21 14:51:06.8064 INFO Get Party Master List Success
2020-10-21 14:51:06.8064 INFO Get Product Master List Success
2020-10-21 14:51:06.8064 INFO Get User Success :18-Harinagar Distillery
2020-10-21 14:51:33.1180 INFO Get User Success :18-Harinagar Distillery
2020-10-21 14:51:33.1180 INFO Get Party Master List Success
2020-10-21 14:51:33.1180 INFO Get Product Master List Success
2020-10-21 14:51:33.1180 INFO Get User Success :18-Harinagar Distillery
2020-10-21 14:54:54.4969 INFO Get User Success :18-Harinagar Distillery
2020-10-21 14:54:54.4969 INFO Get Party Master List Success
2020-10-21 14:54:54.4969 INFO Get Product Master List Success
2020-10-21 14:54:54.4969 INFO Get User Success :18-Harinagar Distillery
2020-10-21 14:56:19.4025 INFO Get User Success :18-Harinagar Distillery
2020-10-21 14:56:19.4025 INFO Get Party Master List Success
2020-10-21 14:56:19.4025 INFO Get Product Master List Success
2020-10-21 14:56:19.4025 INFO Get User Success :18-Harinagar Distillery
2020-10-21 14:57:24.6665 INFO Get User Success :18-Harinagar Distillery
2020-10-21 14:57:24.6665 INFO Get Party Master List Success
2020-10-21 14:57:24.6665 INFO Get Product Master List Success
2020-10-21 14:57:24.6665 INFO Get User Success :18-Harinagar Distillery
2020-10-21 14:58:23.1773 INFO Get User Success :18-Harinagar Distillery
2020-10-21 14:58:23.1773 INFO Get Party Master List Success
2020-10-21 14:58:23.1773 INFO Get Product Master List Success
2020-10-21 14:58:23.1773 INFO Get User Success :18-Harinagar Distillery
2020-10-21 14:58:41.4332 INFO Get User Success :18-Harinagar Distillery
2020-10-21 14:58:41.4332 INFO Get Party Master List Success
2020-10-21 14:58:41.4332 INFO Get Product Master List Success
2020-10-21 14:58:41.4332 INFO Get User Success :18-Harinagar Distillery
2020-10-21 15:00:00.7136 INFO Get User Success :18-Harinagar Distillery
2020-10-21 15:00:00.7136 INFO Get Party Master List Success
2020-10-21 15:00:00.7136 INFO Get Product Master List Success
2020-10-21 15:00:00.7136 INFO Get User Success :18-Harinagar Distillery
2020-10-21 15:00:20.7902 INFO Get User Success :18-Harinagar Distillery
2020-10-21 15:00:20.7902 INFO Get Party Master List Success
2020-10-21 15:00:20.7902 INFO Get Product Master List Success
2020-10-21 15:00:20.7902 INFO Get User Success :18-Harinagar Distillery
2020-10-21 15:24:54.8006 INFO Get User Success :18-Harinagar Distillery
2020-10-21 15:25:02.1664 INFO Get User Success :18-Harinagar Distillery
2020-10-21 15:25:04.3095 INFO Get User Success :18-Harinagar Distillery
2020-10-21 15:25:04.3175 INFO Get Party Master List Success
2020-10-21 15:25:04.3175 INFO Get Product Master List Success
2020-10-21 15:25:04.3175 INFO Get User Success :18-Harinagar Distillery
2020-10-21 15:27:05.4951 INFO Get User Success :18-Harinagar Distillery
2020-10-21 15:27:05.4951 INFO Get Party Master List Success
2020-10-21 15:27:05.4951 INFO Get Product Master List Success
2020-10-21 15:27:05.4951 INFO Get User Success :18-Harinagar Distillery
2020-10-21 15:28:02.4300 INFO Get User Success :18-Harinagar Distillery
2020-10-21 15:28:02.4300 INFO Get Party Master List Success
2020-10-21 15:28:02.4300 INFO Get Product Master List Success
2020-10-21 15:28:02.4300 INFO Get User Success :18-Harinagar Distillery
2020-10-21 15:28:59.0235 INFO Get User Success :18-Harinagar Distillery
2020-10-21 15:28:59.0235 INFO Get Party Master List Success
2020-10-21 15:28:59.0235 INFO Get Product Master List Success
2020-10-21 15:28:59.0235 INFO Get User Success :18-Harinagar Distillery
2020-10-21 15:33:29.8569 INFO Get User Success :18-Harinagar Distillery
2020-10-21 15:33:37.2526 INFO Get User Success :18-Harinagar Distillery
2020-10-21 15:33:39.3141 INFO Get User Success :18-Harinagar Distillery
2020-10-21 15:33:39.3228 INFO Get Party Master List Success
2020-10-21 15:33:39.3327 INFO Get Product Master List Success
2020-10-21 15:33:39.3327 INFO Get User Success :18-Harinagar Distillery
2020-10-21 15:41:53.8582 INFO Get User Success :18-Harinagar Distillery
2020-10-21 15:41:53.8582 INFO Get Party Master List Success
2020-10-21 15:41:53.8582 INFO Get Product Master List Success
2020-10-21 15:41:53.8655 INFO Get User Success :18-Harinagar Distillery
2020-10-21 15:58:29.6812 INFO Get User Success :18-Harinagar Distillery
2020-10-21 15:58:31.9753 INFO Get User Success :18-Harinagar Distillery
2020-10-21 15:58:33.6129 INFO Get User Success :18-Harinagar Distillery
2020-10-21 15:58:33.6219 INFO Get Party Master List Success
2020-10-21 15:58:33.6388 INFO Get Product Master List Success
2020-10-21 15:58:33.6388 INFO Get User Success :18-Harinagar Distillery
2020-10-21 16:28:24.6482 INFO Get User Success :18-Harinagar Distillery
2020-10-21 16:28:26.8876 INFO Get User Success :18-Harinagar Distillery
2020-10-21 16:28:29.5855 INFO Get User Success :18-Harinagar Distillery
2020-10-21 16:28:29.5855 INFO Get Party Master List Success
2020-10-21 16:28:29.6050 INFO Get Product Master List Success
2020-10-21 16:28:29.6050 INFO Get User Success :18-Harinagar Distillery
2020-10-21 16:28:57.5561 INFO Get User Success :18-Harinagar Distillery
2020-10-21 16:28:57.5561 INFO Get Party Master List Success
2020-10-21 16:28:57.5561 INFO Get Product Master List Success
2020-10-21 16:28:57.5561 INFO Get User Success :18-Harinagar Distillery
2020-10-21 16:36:23.6614 INFO Get User Success :18-Harinagar Distillery
2020-10-21 16:36:31.1056 INFO Get User Success :18-Harinagar Distillery
2020-10-21 16:36:37.1444 INFO Get User Success :18-Harinagar Distillery
2020-10-21 16:36:37.1521 INFO Get Party Master List Success
2020-10-21 16:36:37.1625 INFO Get Product Master List Success
2020-10-21 16:36:37.1625 INFO Get User Success :18-Harinagar Distillery
2020-10-21 16:40:04.9376 INFO Get User Success :18-Harinagar Distillery
2020-10-21 16:40:04.9376 INFO Get Party Master List Success
2020-10-21 16:40:04.9420 INFO Get Product Master List Success
2020-10-21 16:40:04.9420 INFO Get User Success :18-Harinagar Distillery
2020-10-21 17:16:49.5675 INFO Get User Success :18-Harinagar Distillery
2020-10-21 17:16:55.2631 INFO Get User Success :18-Harinagar Distillery
2020-10-21 17:16:57.9395 INFO Get User Success :18-Harinagar Distillery
2020-10-21 17:16:57.9500 INFO Get Party Master List Success
2020-10-21 17:16:57.9593 INFO Get Product Master List Success
2020-10-21 17:16:57.9593 INFO Get User Success :18-Harinagar Distillery
2020-10-21 17:21:38.5804 INFO Get User Success :18-Harinagar Distillery
2020-10-21 17:21:53.0219 INFO Get User Success :18-Harinagar Distillery
2020-10-21 17:21:55.9955 INFO Get User Success :18-Harinagar Distillery
2020-10-21 17:21:55.9955 INFO Get Party Master List Success
2020-10-21 17:21:56.0150 INFO Get Product Master List Success
2020-10-21 17:21:56.0150 INFO Get User Success :18-Harinagar Distillery
2020-10-21 17:25:13.6768 INFO Get User Success :18-Harinagar Distillery
2020-10-21 17:25:19.9992 INFO Get User Success :18-Harinagar Distillery
2020-10-21 17:25:26.8817 INFO Get User Success :18-Harinagar Distillery
2020-10-21 17:25:26.8817 INFO Get Party Master List Success
2020-10-21 17:25:26.8997 INFO Get Product Master List Success
2020-10-21 17:25:26.8997 INFO Get User Success :18-Harinagar Distillery
2020-10-21 17:29:48.0474 INFO Insert Indent Success :21-10-2020-D01-22P02: invalid input syntax for integer: ""
2020-10-21 17:31:15.9489 INFO Insert Indent Success :21-10-2020-D01
2020-10-21 17:31:19.4706 INFO Get User Success :18-Harinagar Distillery
2020-10-21 17:37:46.6545 INFO Get User Success :18-Harinagar Distillery
2020-10-21 17:37:53.1225 INFO Get Indent List Success :Index and length must refer to a location within the string.
Parameter name: length
2020-10-21 17:37:53.1430 INFO Get User Success :18-Harinagar Distillery
2020-10-21 17:38:37.8253 INFO Get Indent List Success
2020-10-21 17:39:39.4110 INFO Get Indent List Success
2020-10-21 17:39:39.4110 INFO Get User Success :18-Harinagar Distillery
2020-10-21 18:02:49.1337 INFO Get User Success :18-Harinagar Distillery
2020-10-21 18:02:56.7824 INFO Get Indent List Success
2020-10-21 18:02:56.8172 INFO Get User Success :18-Harinagar Distillery
2020-10-21 18:03:19.8506 INFO Get Indent List Success
2020-10-21 18:03:26.4284 INFO Get Indent List Success
2020-10-21 18:03:26.5086 INFO Get User Success :18-Harinagar Distillery
2020-10-21 18:03:26.5086 INFO Get Party Master List Success
2020-10-21 18:03:26.5242 INFO Get Product Master List Success
2020-10-21 18:03:26.5585 INFO Get Indent Details Success :22P02: invalid input syntax for integer: ""
2020-10-21 18:03:28.8496 INFO Get User Success :18-Harinagar Distillery
2020-10-21 18:03:34.6467 INFO Get User Success :18-Harinagar Distillery
2020-10-21 18:03:34.6467 INFO Get Party Master List Success
2020-10-21 18:03:34.6467 INFO Get Product Master List Success
2020-10-21 18:03:34.6637 INFO Get Indent Details Success :22P02: invalid input syntax for integer: ""
2020-10-21 18:06:29.5530 INFO Get User Success :18-Harinagar Distillery
2020-10-21 18:06:42.9134 INFO Get Indent List Success
2020-10-21 18:06:42.9502 INFO Get User Success :18-Harinagar Distillery
2020-10-21 18:06:45.0440 INFO Get Indent List Success
2020-10-21 18:06:48.6077 INFO Get User Success :18-Harinagar Distillery
2020-10-21 18:06:48.6166 INFO Get Party Master List Success
2020-10-21 18:06:48.6166 INFO Get Product Master List Success
2020-10-21 18:06:48.6526 INFO Get Indent Details Success :name cannot be empty
Parameter name: name
2020-10-21 18:07:04.9100 INFO Get User Success :18-Harinagar Distillery
2020-10-21 18:07:18.7755 INFO Get User Success :18-Harinagar Distillery
2020-10-21 18:07:18.7755 INFO Get Party Master List Success
2020-10-21 18:07:18.7755 INFO Get Product Master List Success
2020-10-21 18:09:24.3370 INFO Get Indent Details Success
2020-10-21 18:09:24.3370 INFO Get User Success :18-Harinagar Distillery
2020-10-21 18:17:44.6954 INFO Get User Success :18-Harinagar Distillery
2020-10-21 18:17:47.4886 INFO Get Indent List Success
2020-10-21 18:17:47.5267 INFO Get User Success :18-Harinagar Distillery
2020-10-21 18:17:50.0588 INFO Get Indent List Success
2020-10-21 18:17:50.1381 INFO Get User Success :18-Harinagar Distillery
2020-10-21 18:17:50.1466 INFO Get Party Master List Success
2020-10-21 18:17:50.1466 INFO Get Product Master List Success
2020-10-21 18:17:50.1657 INFO Get Indent Details Success
2020-10-21 18:17:50.1867 INFO Get User Success :18-Harinagar Distillery
2020-10-21 18:21:47.3284 INFO Get User Success :18-Harinagar Distillery
2020-10-21 18:21:56.8761 INFO Get Indent List Success
2020-10-21 18:21:56.9192 INFO Get User Success :18-Harinagar Distillery
2020-10-21 18:21:59.2270 INFO Get Indent List Success
2020-10-21 18:22:01.8805 INFO Get User Success :18-Harinagar Distillery
2020-10-21 18:22:01.8805 INFO Get Party Master List Success
2020-10-21 18:22:01.8805 INFO Get Product Master List Success
2020-10-21 18:22:01.9072 INFO Get Indent Details Success
2020-10-21 18:22:01.9277 INFO Get User Success :18-Harinagar Distillery
2020-10-21 18:23:24.3724 INFO Get Indent List Success
2020-10-21 18:23:24.3724 INFO Get User Success :18-Harinagar Distillery
2020-10-21 18:23:27.8596 INFO Get Indent List Success
2020-10-21 18:23:27.8789 INFO Get User Success :18-Harinagar Distillery
2020-10-21 18:23:27.8799 INFO Get Party Master List Success
2020-10-21 18:23:27.8799 INFO Get Product Master List Success
2020-10-21 18:23:27.8799 INFO Get Indent Details Success
2020-10-21 18:23:27.8799 INFO Get User Success :18-Harinagar Distillery
2020-10-21 18:23:40.5420 INFO Get User Success :18-Harinagar Distillery
2020-10-21 18:23:41.5399 INFO Get User Success :18-Harinagar Distillery
2020-10-21 18:23:43.7982 INFO Get User Success :18-Harinagar Distillery
2020-10-21 18:23:44.9984 INFO Get Indent List Success
2020-10-21 18:23:45.0064 INFO Get User Success :18-Harinagar Distillery
2020-10-21 18:23:46.4440 INFO Get Indent List Success
2020-10-21 18:23:46.4620 INFO Get User Success :18-Harinagar Distillery
2020-10-21 18:23:46.4620 INFO Get Party Master List Success
2020-10-21 18:23:46.4620 INFO Get Product Master List Success
2020-10-21 18:23:46.4620 INFO Get Indent Details Success
2020-10-21 18:23:46.4749 INFO Get User Success :18-Harinagar Distillery
2020-10-21 18:24:20.3126 INFO Get User Success :18-Harinagar Distillery
2020-10-21 18:24:20.3126 INFO Get Party Master List Success
2020-10-21 18:24:20.3126 INFO Get Product Master List Success
2020-10-21 18:24:20.3212 INFO Get Indent Details Success
2020-10-21 18:24:25.0004 INFO Get User Success :18-Harinagar Distillery
