2020-11-13 10:11:57.8369 INFO Get User Success :49-Harinagar Sugar Mills Limited
2020-11-13 10:13:38.9439 INFO Sugarcanepurchase Get List Success
2020-11-13 10:13:38.9439 INFO Get User Success :49-Harinagar Sugar Mills Limited
2020-11-13 10:13:38.9956 INFO Get User Success :49-Harinagar Sugar Mills Limited
2020-11-13 10:13:40.7094 INFO Get User Success :49-Harinagar Sugar Mills Limited
2020-11-13 10:13:40.7094 INFO Get User Success :49-Harinagar Sugar Mills Limited
2020-11-13 10:13:42.1224 INFO Get User Success :49-Harinagar Sugar Mills Limited
2020-11-13 10:13:42.1224 INFO Get Party Master List Success
2020-11-13 10:13:42.1413 INFO Get User Success :49-Harinagar Sugar Mills Limited
2020-11-13 10:14:25.0290 INFO Get User Success :45-Riga Sugar Company Limited
2020-11-13 10:15:36.8011 INFO Sugarcanepurchase Get List Success
2020-11-13 10:15:36.8041 INFO Get User Success :45-Riga Sugar Company Limited
2020-11-13 10:15:36.8041 INFO Get User Success :45-Riga Sugar Company Limited
2020-11-13 10:15:50.5149 INFO Get User Success :45-Riga Sugar Company Limited
2020-11-13 10:15:50.5234 INFO Get User Success :45-Riga Sugar Company Limited
2020-11-13 10:15:53.6083 INFO Get User Success :45-Riga Sugar Company Limited
2020-11-13 10:15:53.6083 INFO Get Party Master List Success
2020-11-13 10:15:53.6314 INFO Get User Success :45-Riga Sugar Company Limited
2020-11-13 10:17:29.3439 INFO Get User Success :45-Riga Sugar Company Limited
2020-11-13 10:17:29.3497 INFO Get MF2 List Success
2020-11-13 10:17:29.3497 INFO Get User Success :45-Riga Sugar Company Limited
2020-11-13 10:19:30.4970 INFO Sugarcanepurchase Get List Success
2020-11-13 10:19:30.4970 INFO Get User Success :45-Riga Sugar Company Limited
2020-11-13 10:19:30.4970 INFO Get User Success :45-Riga Sugar Company Limited
2020-11-13 10:19:31.5797 INFO Get User Success :45-Riga Sugar Company Limited
2020-11-13 10:19:31.5837 INFO Get User Success :45-Riga Sugar Company Limited
2020-11-13 10:19:32.7887 INFO Get User Success :45-Riga Sugar Company Limited
2020-11-13 10:19:32.7887 INFO Get Party Master List Success
2020-11-13 10:19:32.7887 INFO Get User Success :45-Riga Sugar Company Limited
2020-11-13 10:19:56.8595 INFO Get User Success :45-Riga Sugar Company Limited
2020-11-13 10:21:29.2141 INFO Get User Success :45-Riga Sugar Company Limited
2020-11-13 10:21:32.4447 INFO Sugarcanepurchase Get List Success
2020-11-13 10:21:32.4447 INFO Get User Success :45-Riga Sugar Company Limited
2020-11-13 10:21:32.4868 INFO Get User Success :45-Riga Sugar Company Limited
2020-11-13 10:21:33.7872 INFO Get User Success :45-Riga Sugar Company Limited
2020-11-13 10:21:33.7872 INFO Get User Success :45-Riga Sugar Company Limited
2020-11-13 10:21:35.1022 INFO Get User Success :45-Riga Sugar Company Limited
2020-11-13 10:21:35.1022 INFO Get Party Master List Success
2020-11-13 10:21:35.1161 INFO Get User Success :45-Riga Sugar Company Limited
2020-11-13 10:21:38.7070 INFO Get User Success :45-Riga Sugar Company Limited
2020-11-13 10:21:48.7719 INFO Get User Success :45-Riga Sugar Company Limited
2020-11-13 10:21:48.8278 INFO Get User Success :45-Riga Sugar Company Limited
2020-11-13 10:21:48.8278 INFO Get User Success :45-Riga Sugar Company Limited
2020-11-13 10:22:26.3121 INFO Get User Success :45-Riga Sugar Company Limited
2020-11-13 10:22:26.3121 INFO Get Party Master List Success
2020-11-13 10:22:26.3304 INFO Get User Success :45-Riga Sugar Company Limited
2020-11-13 10:24:15.6823 INFO Get User Success :45-Riga Sugar Company Limited
2020-11-13 10:24:15.6823 INFO Get Party Master List Success
2020-11-13 10:24:15.6823 INFO Get User Success :45-Riga Sugar Company Limited
2020-11-13 10:24:27.4487 INFO Get User Success :45-Riga Sugar Company Limited
2020-11-13 10:24:27.4487 INFO Get Party Master List Success
2020-11-13 10:24:27.4487 INFO Get User Success :45-Riga Sugar Company Limited
2020-11-13 10:24:37.6845 INFO Get User Success :45-Riga Sugar Company Limited
2020-11-13 10:24:37.6845 INFO Get User Success :45-Riga Sugar Company Limited
2020-11-13 10:24:39.2065 INFO Get User Success :45-Riga Sugar Company Limited
2020-11-13 10:24:39.2095 INFO Get Party Master List Success
2020-11-13 10:24:39.2095 INFO Get User Success :45-Riga Sugar Company Limited
2020-11-13 10:26:27.7225 INFO Get User Success :45-Riga Sugar Company Limited
2020-11-13 10:26:27.7256 INFO Get Party Master List Success
2020-11-13 10:26:27.7256 INFO Get User Success :45-Riga Sugar Company Limited
2020-11-13 10:26:31.5448 INFO Get User Success :45-Riga Sugar Company Limited
2020-11-13 10:26:31.5448 INFO Get User Success :45-Riga Sugar Company Limited
2020-11-13 10:26:32.9393 INFO Get User Success :45-Riga Sugar Company Limited
2020-11-13 10:26:32.9393 INFO Get Party Master List Success
2020-11-13 10:26:32.9483 INFO Get User Success :45-Riga Sugar Company Limited
2020-11-13 10:29:25.6988 INFO Get User Success :45-Riga Sugar Company Limited
2020-11-13 10:29:28.4431 INFO Sugarcanepurchase Get List Success
2020-11-13 10:29:28.4431 INFO Get User Success :45-Riga Sugar Company Limited
2020-11-13 10:29:28.4873 INFO Get User Success :45-Riga Sugar Company Limited
2020-11-13 10:29:29.7813 INFO Get User Success :45-Riga Sugar Company Limited
2020-11-13 10:29:29.7902 INFO Get User Success :45-Riga Sugar Company Limited
2020-11-13 10:29:31.4564 INFO Get User Success :45-Riga Sugar Company Limited
2020-11-13 10:29:31.4614 INFO Get Party Master List Success
2020-11-13 10:29:31.4901 INFO Get User Success :45-Riga Sugar Company Limited
2020-11-13 10:31:50.7864 INFO Get User Success :45-Riga Sugar Company Limited
2020-11-13 10:31:50.7864 INFO Get Party Master List Success
2020-11-13 10:31:50.7864 INFO Get User Success :45-Riga Sugar Company Limited
2020-11-13 10:31:52.8538 INFO Get User Success :45-Riga Sugar Company Limited
2020-11-13 10:31:52.8538 INFO Get User Success :45-Riga Sugar Company Limited
2020-11-13 10:31:55.2541 INFO Get User Success :45-Riga Sugar Company Limited
2020-11-13 10:31:55.2578 INFO Get Party Master List Success
2020-11-13 10:31:55.2578 INFO Get User Success :45-Riga Sugar Company Limited
2020-11-13 10:31:58.4008 INFO Get User Success :45-Riga Sugar Company Limited
2020-11-13 10:31:58.4008 INFO Get User Success :45-Riga Sugar Company Limited
2020-11-13 10:31:59.4317 INFO Get User Success :45-Riga Sugar Company Limited
2020-11-13 10:31:59.4317 INFO Get Party Master List Success
2020-11-13 10:31:59.4317 INFO Get User Success :45-Riga Sugar Company Limited
2020-11-13 10:32:25.2315 INFO Get User Success :45-Riga Sugar Company Limited
2020-11-13 10:32:25.2315 INFO Get Party Master List Success
2020-11-13 10:32:25.2411 INFO Get User Success :45-Riga Sugar Company Limited
2020-11-13 10:32:26.6476 INFO Get User Success :45-Riga Sugar Company Limited
2020-11-13 10:32:26.6476 INFO Get User Success :45-Riga Sugar Company Limited
2020-11-13 10:32:28.5578 INFO Get User Success :45-Riga Sugar Company Limited
2020-11-13 10:32:28.5578 INFO Get Party Master List Success
2020-11-13 10:32:28.5693 INFO Get User Success :45-Riga Sugar Company Limited
2020-11-13 10:32:48.2785 INFO Get User Success :45-Riga Sugar Company Limited
2020-11-13 10:32:48.2785 INFO Get Party Master List Success
2020-11-13 10:32:48.2881 INFO Get User Success :45-Riga Sugar Company Limited
2020-11-13 10:32:49.7211 INFO Get User Success :45-Riga Sugar Company Limited
2020-11-13 10:32:49.7241 INFO Get User Success :45-Riga Sugar Company Limited
2020-11-13 10:32:50.5228 INFO Get User Success :45-Riga Sugar Company Limited
2020-11-13 10:32:50.5228 INFO Get Party Master List Success
2020-11-13 10:32:50.5228 INFO Get User Success :45-Riga Sugar Company Limited
2020-11-13 10:32:51.2627 INFO Get User Success :45-Riga Sugar Company Limited
2020-11-13 10:32:51.2627 INFO Get User Success :45-Riga Sugar Company Limited
2020-11-13 10:34:04.3897 INFO Get User Success :45-Riga Sugar Company Limited
2020-11-13 10:34:07.5900 INFO Sugarcanepurchase Get List Success
2020-11-13 10:34:07.5900 INFO Get User Success :45-Riga Sugar Company Limited
2020-11-13 10:34:07.6323 INFO Get User Success :45-Riga Sugar Company Limited
2020-11-13 10:34:09.0435 INFO Get User Success :45-Riga Sugar Company Limited
2020-11-13 10:34:09.0524 INFO Get User Success :45-Riga Sugar Company Limited
2020-11-13 10:34:10.5364 INFO Get User Success :45-Riga Sugar Company Limited
2020-11-13 10:34:10.5364 INFO Get Party Master List Success
2020-11-13 10:34:10.5664 INFO Get User Success :45-Riga Sugar Company Limited
2020-11-13 10:34:51.0799 INFO Get User Success :45-Riga Sugar Company Limited
2020-11-13 10:34:51.0839 INFO Get Party Master List Success
2020-11-13 10:35:58.1851 INFO Get User Success :45-Riga Sugar Company Limited
2020-11-13 10:38:06.0431 INFO Get User Success :45-Riga Sugar Company Limited
2020-11-13 10:38:06.0431 INFO Get User Success :45-Riga Sugar Company Limited
2020-11-13 10:38:08.1113 INFO Get User Success :45-Riga Sugar Company Limited
2020-11-13 10:38:08.1153 INFO Get Party Master List Success
2020-11-13 10:38:09.6953 INFO Get User Success :45-Riga Sugar Company Limited
2020-11-13 10:38:13.9959 INFO Get User Success :45-Riga Sugar Company Limited
2020-11-13 10:38:18.1684 INFO Get User Success :45-Riga Sugar Company Limited
2020-11-13 10:38:20.3600 INFO Get User Success :45-Riga Sugar Company Limited
2020-11-13 10:38:40.5877 INFO Get User Success :45-Riga Sugar Company Limited
2020-11-13 10:38:40.6567 INFO Sugarcanepurchase Insertion Fail:-001
2020-11-13 10:39:19.7238 INFO Get User Success :45-Riga Sugar Company Limited
2020-11-13 10:40:40.0190 INFO Get User Success :45-Riga Sugar Company Limited
2020-11-13 10:40:40.0227 INFO Get User Success :45-Riga Sugar Company Limited
2020-11-13 10:40:41.2790 INFO Get User Success :45-Riga Sugar Company Limited
2020-11-13 10:40:41.2790 INFO Get Party Master List Success
2020-11-13 10:40:41.2897 INFO Get User Success :45-Riga Sugar Company Limited
2020-11-13 10:41:21.2908 INFO Get User Success :45-Riga Sugar Company Limited
2020-11-13 10:41:21.2908 INFO Get User Success :45-Riga Sugar Company Limited
2020-11-13 10:41:21.8544 INFO Get User Success :45-Riga Sugar Company Limited
2020-11-13 10:41:21.8544 INFO Get Party Master List Success
2020-11-13 10:41:21.8544 INFO Get User Success :45-Riga Sugar Company Limited
2020-11-13 10:41:24.4861 INFO Get User Success :45-Riga Sugar Company Limited
2020-11-13 10:41:28.5216 INFO Get User Success :45-Riga Sugar Company Limited
2020-11-13 10:41:30.6072 INFO Get User Success :45-Riga Sugar Company Limited
2020-11-13 10:41:36.1140 INFO Get User Success :45-Riga Sugar Company Limited
2020-11-13 10:41:36.1170 INFO Get User Success :45-Riga Sugar Company Limited
2020-11-13 10:41:37.1529 INFO Get User Success :45-Riga Sugar Company Limited
2020-11-13 10:41:37.1529 INFO Get Party Master List Success
2020-11-13 10:41:37.1639 INFO Get User Success :45-Riga Sugar Company Limited
2020-11-13 10:41:40.6033 INFO Get User Success :45-Riga Sugar Company Limited
2020-11-13 10:41:43.9869 INFO Get User Success :45-Riga Sugar Company Limited
2020-11-13 10:41:43.9899 INFO Get User Success :45-Riga Sugar Company Limited
2020-11-13 10:41:46.1154 INFO Get User Success :45-Riga Sugar Company Limited
2020-11-13 10:41:46.1154 INFO Get Party Master List Success
2020-11-13 10:41:46.1154 INFO Get User Success :45-Riga Sugar Company Limited
2020-11-13 10:41:47.9108 INFO Get User Success :45-Riga Sugar Company Limited
2020-11-13 10:41:47.9137 INFO Get User Success :45-Riga Sugar Company Limited
2020-11-13 10:41:48.8983 INFO Get User Success :45-Riga Sugar Company Limited
2020-11-13 10:41:48.8983 INFO Get Party Master List Success
2020-11-13 10:41:48.8983 INFO Get User Success :45-Riga Sugar Company Limited
2020-11-13 10:41:52.1256 INFO Get User Success :45-Riga Sugar Company Limited
2020-11-13 10:42:07.0887 INFO Get User Success :45-Riga Sugar Company Limited
2020-11-13 10:43:24.6262 INFO Get User Success :45-Riga Sugar Company Limited
2020-11-13 10:43:29.1989 INFO Sugarcanepurchase Get List Success
2020-11-13 10:43:29.1989 INFO Get User Success :45-Riga Sugar Company Limited
2020-11-13 10:43:29.2400 INFO Get User Success :45-Riga Sugar Company Limited
2020-11-13 10:43:30.2716 INFO Get User Success :45-Riga Sugar Company Limited
2020-11-13 10:43:30.2716 INFO Get User Success :45-Riga Sugar Company Limited
2020-11-13 10:43:32.0744 INFO Get User Success :45-Riga Sugar Company Limited
2020-11-13 10:43:32.0744 INFO Get Party Master List Success
2020-11-13 10:43:32.0878 INFO Get User Success :45-Riga Sugar Company Limited
2020-11-13 10:43:34.6832 INFO Get User Success :45-Riga Sugar Company Limited
2020-11-13 10:43:36.5013 INFO Get User Success :45-Riga Sugar Company Limited
2020-11-13 10:43:36.5013 INFO Get User Success :45-Riga Sugar Company Limited
2020-11-13 10:43:37.4056 INFO Get User Success :45-Riga Sugar Company Limited
2020-11-13 10:43:37.4056 INFO Get Party Master List Success
2020-11-13 10:43:37.4156 INFO Get User Success :45-Riga Sugar Company Limited
2020-11-13 10:44:11.1518 INFO Get User Success :45-Riga Sugar Company Limited
2020-11-13 10:44:11.1518 INFO Get Party Master List Success
2020-11-13 10:45:10.0825 INFO Get User Success :45-Riga Sugar Company Limited
2020-11-13 10:45:13.5272 INFO Get User Success :45-Riga Sugar Company Limited
2020-11-13 10:45:13.5272 INFO Get Party Master List Success
2020-11-13 10:45:13.5378 INFO Get User Success :45-Riga Sugar Company Limited
2020-11-13 10:45:25.6311 INFO Get User Success :45-Riga Sugar Company Limited
2020-11-13 10:45:25.6311 INFO Get Party Master List Success
2020-11-13 10:49:08.8357 INFO Get User Success :45-Riga Sugar Company Limited
2020-11-13 10:55:20.2530 INFO Get User Success :44-Administrator
2020-11-13 10:55:23.4318 INFO Org Get List Success
2020-11-13 10:55:23.4707 INFO Get User Success :44-Administrator
2020-11-13 10:55:25.8714 INFO Module Get List Success
2020-11-13 10:55:25.8714 INFO Org Get GetOrg_Details Success
2020-11-13 10:55:25.8714 INFO Get User Success :44-Administrator
2020-11-13 10:55:29.0097 INFO Org Get List Success
2020-11-13 10:55:29.0097 INFO Get User Success :44-Administrator
2020-11-13 10:55:30.0718 INFO Module Get List Success
2020-11-13 10:55:30.0718 INFO Org Get GetOrg_Details Success
2020-11-13 10:55:30.0718 INFO Get User Success :44-Administrator
2020-11-13 10:55:33.0276 INFO Org Get List Success
2020-11-13 10:55:33.0276 INFO Get User Success :44-Administrator
2020-11-13 10:55:33.8287 INFO Get User Success :44-Administrator
2020-11-13 10:55:41.1909 INFO Get Existing data Fail :org_master
2020-11-13 10:55:41.2881 INFO Org Get List Success
2020-11-13 10:55:41.2881 INFO Get User Success :44-Administrator
2020-11-13 10:56:30.9651 INFO Get User Success :49-Harinagar Sugar Mills Limited
2020-11-13 10:56:33.8068 INFO Get User Success :49-Harinagar Sugar Mills Limited
2020-11-13 10:56:33.8068 INFO Get MF2 List Success
2020-11-13 10:56:33.8515 INFO Get User Success :49-Harinagar Sugar Mills Limited
2020-11-13 10:56:35.4887 INFO Get User Success :49-Harinagar Sugar Mills Limited
2020-11-13 10:56:35.4937 INFO Get Party Master List Success
2020-11-13 10:56:35.4937 INFO Get Party Master List Success
2020-11-13 10:56:35.4937 INFO Get Product Master List Success
2020-11-13 10:56:35.5081 INFO Get VAT Master List Success
2020-11-13 10:56:35.5263 INFO Get User Success :49-Harinagar Sugar Mills Limited
2020-11-13 10:58:43.9577 INFO Get User Success :49-Harinagar Sugar Mills Limited
2020-11-13 10:58:43.9622 INFO Get MF3 List Success
2020-11-13 10:58:43.9622 INFO Get User Success :49-Harinagar Sugar Mills Limited
2020-11-13 10:58:45.6826 INFO Get User Success :49-Harinagar Sugar Mills Limited
2020-11-13 10:58:45.6826 INFO Get VAT Master List Success
2020-11-13 10:58:45.6826 INFO Get Product Master List Success
2020-11-13 10:58:45.6965 INFO Get MF3  Details Success
2020-11-13 10:58:45.6965 INFO Get User Success :49-Harinagar Sugar Mills Limited
2020-11-13 10:58:52.4550 INFO Get User Success :49-Harinagar Sugar Mills Limited
2020-11-13 10:58:52.4550 INFO Get MF3 List Success
2020-11-13 10:58:52.4599 INFO Get User Success :49-Harinagar Sugar Mills Limited
2020-11-13 10:58:54.8441 INFO Get User Success :49-Harinagar Sugar Mills Limited
2020-11-13 10:58:54.8441 INFO Get VAT Master List Success
2020-11-13 10:58:54.8441 INFO Get Product Master List Success
2020-11-13 10:58:54.8511 INFO Get MF3  Details Success
2020-11-13 10:58:54.8511 INFO Get User Success :49-Harinagar Sugar Mills Limited
2020-11-13 10:59:10.8515 INFO Get User Success :51-Harinagar Sugar Mills Limited, Distillery Division
2020-11-13 10:59:15.5405 INFO Get User Success :51-Harinagar Sugar Mills Limited, Distillery Division
2020-11-13 10:59:15.5405 INFO Get Indent List Success
2020-11-13 10:59:15.5405 INFO Get User Success :51-Harinagar Sugar Mills Limited, Distillery Division
2020-11-13 10:59:17.2826 INFO Get User Success :51-Harinagar Sugar Mills Limited, Distillery Division
2020-11-13 10:59:17.2826 INFO Get Indent List Success
2020-11-13 10:59:17.3355 INFO Get User Success :51-Harinagar Sugar Mills Limited, Distillery Division
2020-11-13 10:59:17.3355 INFO Get Party Master List Success
2020-11-13 10:59:17.3355 INFO Get Product Master List Success
2020-11-13 10:59:17.3355 INFO Get User Success :51-Harinagar Sugar Mills Limited, Distillery Division
2020-11-13 11:25:24.2079 INFO Get User Success :18-Harinagar Distillery
2020-11-13 11:25:32.7545 INFO Get User Success :18-Harinagar Distillery
2020-11-13 11:25:32.8003 INFO Get RR List Success
2020-11-13 11:25:32.8541 INFO Get User Success :18-Harinagar Distillery
2020-11-13 11:25:36.3713 INFO Get User Success :18-Harinagar Distillery
2020-11-13 11:25:36.3713 INFO Get Product Type Master List Success
2020-11-13 11:25:36.3823 INFO Get NOC Sucess:2
2020-11-13 11:25:36.3823 INFO Get State List Success
2020-11-13 11:25:36.3823 INFO Get User Success :18-Harinagar Distillery
2020-11-13 11:28:18.1864 INFO Get User Success :18-Harinagar Distillery
2020-11-13 11:28:18.1864 INFO Get Product Type Master List Success
2020-11-13 11:28:18.1864 INFO Get NOC Sucess:2
2020-11-13 11:28:18.1864 INFO Get State List Success
2020-11-13 11:28:18.1942 INFO Get User Success :18-Harinagar Distillery
2020-11-13 11:28:37.1505 INFO Get User Success :18-Harinagar Distillery
2020-11-13 11:28:37.1505 INFO Get Product Type Master List Success
2020-11-13 11:28:37.1505 INFO Get NOC Sucess:2
2020-11-13 11:28:37.1505 INFO Get State List Success
2020-11-13 11:28:37.1505 INFO Get User Success :18-Harinagar Distillery
2020-11-13 11:28:56.7899 INFO Get User Success :18-Harinagar Distillery
2020-11-13 11:28:56.7899 INFO Get Product Type Master List Success
2020-11-13 11:28:56.7899 INFO Get NOC Sucess:2
2020-11-13 11:28:56.7899 INFO Get State List Success
2020-11-13 11:28:56.7899 INFO Get User Success :18-Harinagar Distillery
2020-11-13 11:29:33.6126 INFO Get User Success :18-Harinagar Distillery
2020-11-13 11:29:33.6175 INFO Get Product Type Master List Success
2020-11-13 11:29:33.6175 INFO Get NOC Sucess:2
2020-11-13 11:29:33.6175 INFO Get State List Success
2020-11-13 11:29:33.6175 INFO Get User Success :18-Harinagar Distillery
2020-11-13 11:29:56.1754 INFO Get User Success :18-Harinagar Distillery
2020-11-13 11:29:56.1769 INFO Get Product Type Master List Success
2020-11-13 11:29:56.1769 INFO Get NOC Sucess:2
2020-11-13 11:29:56.1769 INFO Get State List Success
2020-11-13 11:29:56.1769 INFO Get User Success :18-Harinagar Distillery
2020-11-13 11:30:04.6411 INFO Get User Success :18-Harinagar Distillery
2020-11-13 11:30:04.6411 INFO Get Product Type Master List Success
2020-11-13 11:30:04.6411 INFO Get NOC Sucess:2
2020-11-13 11:30:04.6460 INFO Get State List Success
2020-11-13 11:30:04.6460 INFO Get User Success :18-Harinagar Distillery
2020-11-13 11:30:11.9316 INFO Get User Success :18-Harinagar Distillery
2020-11-13 11:30:11.9316 INFO Get Product Type Master List Success
2020-11-13 11:30:11.9316 INFO Get NOC Sucess:2
2020-11-13 11:30:11.9316 INFO Get State List Success
2020-11-13 11:30:11.9316 INFO Get User Success :18-Harinagar Distillery
2020-11-13 11:30:20.7603 INFO Get User Success :18-Harinagar Distillery
2020-11-13 11:30:20.7603 INFO Get Product Type Master List Success
2020-11-13 11:30:20.7603 INFO Get NOC Sucess:2
2020-11-13 11:30:20.7603 INFO Get State List Success
2020-11-13 11:30:20.7603 INFO Get User Success :18-Harinagar Distillery
2020-11-13 11:30:40.5059 INFO Get User Success :18-Harinagar Distillery
2020-11-13 11:30:40.5059 INFO Get Product Type Master List Success
2020-11-13 11:30:40.5059 INFO Get NOC Sucess:2
2020-11-13 11:30:40.5059 INFO Get State List Success
2020-11-13 11:30:40.5059 INFO Get User Success :18-Harinagar Distillery
2020-11-13 11:30:52.2859 INFO Get User Success :18-Harinagar Distillery
2020-11-13 11:30:52.2879 INFO Get Product Type Master List Success
2020-11-13 11:30:52.2879 INFO Get NOC Sucess:2
2020-11-13 11:30:52.2879 INFO Get State List Success
2020-11-13 11:30:52.2879 INFO Get User Success :18-Harinagar Distillery
2020-11-13 11:31:02.2154 INFO Get User Success :18-Harinagar Distillery
2020-11-13 11:31:02.2154 INFO Get Product Type Master List Success
2020-11-13 11:31:02.2154 INFO Get NOC Sucess:2
2020-11-13 11:31:02.2154 INFO Get State List Success
2020-11-13 11:31:02.2154 INFO Get User Success :18-Harinagar Distillery
2020-11-13 11:31:14.2946 INFO Get User Success :18-Harinagar Distillery
2020-11-13 11:31:14.2946 INFO Get Product Type Master List Success
2020-11-13 11:31:14.2946 INFO Get NOC Sucess:2
2020-11-13 11:31:14.2946 INFO Get State List Success
2020-11-13 11:31:14.2946 INFO Get User Success :18-Harinagar Distillery
2020-11-13 11:31:21.9892 INFO Get User Success :18-Harinagar Distillery
2020-11-13 11:31:21.9912 INFO Get Product Type Master List Success
2020-11-13 11:31:21.9912 INFO Get NOC Sucess:2
2020-11-13 11:31:21.9912 INFO Get State List Success
2020-11-13 11:31:21.9912 INFO Get User Success :18-Harinagar Distillery
2020-11-13 11:31:47.8028 INFO Get User Success :18-Harinagar Distillery
2020-11-13 11:31:47.8028 INFO Get Product Type Master List Success
2020-11-13 11:31:47.8028 INFO Get NOC Sucess:2
2020-11-13 11:31:47.8028 INFO Get State List Success
2020-11-13 11:31:47.8028 INFO Get User Success :18-Harinagar Distillery
2020-11-13 11:33:31.6418 INFO Get User Success :18-Harinagar Distillery
2020-11-13 11:33:36.0152 INFO Get User Success :18-Harinagar Distillery
2020-11-13 11:33:36.0325 INFO Get RR List Success
2020-11-13 11:33:36.1201 INFO Get User Success :18-Harinagar Distillery
2020-11-13 11:33:37.7635 INFO Get User Success :18-Harinagar Distillery
2020-11-13 11:33:37.8240 INFO Get Product Type Master List Success
2020-11-13 11:33:37.8240 INFO Get NOC Sucess:2
2020-11-13 11:33:37.9319 INFO Get State List Success
2020-11-13 11:33:37.9319 INFO Get User Success :18-Harinagar Distillery
2020-11-13 11:34:09.6565 INFO Get User Success :18-Harinagar Distillery
2020-11-13 11:34:09.6565 INFO Get Product Type Master List Success
2020-11-13 11:34:09.6565 INFO Get NOC Sucess:2
2020-11-13 11:34:09.6655 INFO Get State List Success
2020-11-13 11:34:09.6655 INFO Get User Success :18-Harinagar Distillery
2020-11-13 11:34:16.9768 INFO Get User Success :18-Harinagar Distillery
2020-11-13 11:34:16.9768 INFO Get Product Type Master List Success
2020-11-13 11:34:16.9768 INFO Get NOC Sucess:2
2020-11-13 11:34:16.9768 INFO Get State List Success
2020-11-13 11:34:16.9768 INFO Get User Success :18-Harinagar Distillery
2020-11-13 11:34:28.8190 INFO Get User Success :18-Harinagar Distillery
2020-11-13 11:34:28.8190 INFO Get Product Type Master List Success
2020-11-13 11:34:28.8190 INFO Get NOC Sucess:2
2020-11-13 11:34:28.8190 INFO Get State List Success
2020-11-13 11:34:28.8190 INFO Get User Success :18-Harinagar Distillery
2020-11-13 11:34:36.3639 INFO Get User Success :18-Harinagar Distillery
2020-11-13 11:34:36.3649 INFO Get Product Type Master List Success
2020-11-13 11:34:36.3649 INFO Get NOC Sucess:2
2020-11-13 11:34:36.3649 INFO Get State List Success
2020-11-13 11:34:36.3649 INFO Get User Success :18-Harinagar Distillery
2020-11-13 11:34:55.8981 INFO Get User Success :18-Harinagar Distillery
2020-11-13 11:34:55.8981 INFO Get Product Type Master List Success
2020-11-13 11:34:55.8981 INFO Get NOC Sucess:2
2020-11-13 11:34:55.8981 INFO Get State List Success
2020-11-13 11:34:55.8981 INFO Get User Success :18-Harinagar Distillery
2020-11-13 11:35:11.4432 INFO Get User Success :18-Harinagar Distillery
2020-11-13 11:35:11.4432 INFO Get Product Type Master List Success
2020-11-13 11:35:11.4432 INFO Get NOC Sucess:2
2020-11-13 11:35:11.4432 INFO Get State List Success
2020-11-13 11:35:11.4432 INFO Get User Success :18-Harinagar Distillery
2020-11-13 11:35:38.4614 INFO Get User Success :18-Harinagar Distillery
2020-11-13 11:35:38.4614 INFO Get Product Type Master List Success
2020-11-13 11:35:38.4614 INFO Get NOC Sucess:2
2020-11-13 11:35:38.4614 INFO Get State List Success
2020-11-13 11:35:38.4614 INFO Get User Success :18-Harinagar Distillery
2020-11-13 11:35:54.2333 INFO Get Customer Details Success
2020-11-13 11:40:39.0116 INFO Get User Success :18-Harinagar Distillery
2020-11-13 11:40:39.0116 INFO Get Product Type Master List Success
2020-11-13 11:40:39.0116 INFO Get NOC Sucess:2
2020-11-13 11:40:39.0116 INFO Get State List Success
2020-11-13 11:40:39.0116 INFO Get User Success :18-Harinagar Distillery
2020-11-13 11:41:03.1176 INFO Get User Success :18-Harinagar Distillery
2020-11-13 11:41:03.1176 INFO Get Product Type Master List Success
2020-11-13 11:41:03.1176 INFO Get NOC Sucess:2
2020-11-13 11:41:03.1176 INFO Get State List Success
2020-11-13 11:41:03.1176 INFO Get User Success :18-Harinagar Distillery
2020-11-13 11:41:26.2979 INFO Get User Success :18-Harinagar Distillery
2020-11-13 11:41:26.2979 INFO Get Product Type Master List Success
2020-11-13 11:41:26.3019 INFO Get NOC Sucess:2
2020-11-13 11:41:26.3019 INFO Get State List Success
2020-11-13 11:41:26.3019 INFO Get User Success :18-Harinagar Distillery
2020-11-13 11:41:42.0088 INFO Get User Success :18-Harinagar Distillery
2020-11-13 11:41:42.0088 INFO Get Product Type Master List Success
2020-11-13 11:41:42.0088 INFO Get NOC Sucess:2
2020-11-13 11:41:42.0088 INFO Get State List Success
2020-11-13 11:41:42.0088 INFO Get User Success :18-Harinagar Distillery
2020-11-13 11:42:12.9828 INFO Get User Success :18-Harinagar Distillery
2020-11-13 11:42:12.9828 INFO Get Product Type Master List Success
2020-11-13 11:42:12.9828 INFO Get NOC Sucess:2
2020-11-13 11:42:12.9828 INFO Get State List Success
2020-11-13 11:42:12.9895 INFO Get User Success :18-Harinagar Distillery
2020-11-13 11:42:28.6669 INFO Get User Success :18-Harinagar Distillery
2020-11-13 11:42:28.6669 INFO Get Product Type Master List Success
2020-11-13 11:42:28.6669 INFO Get NOC Sucess:2
2020-11-13 11:42:28.6669 INFO Get State List Success
2020-11-13 11:42:28.6669 INFO Get User Success :18-Harinagar Distillery
2020-11-13 11:42:54.5140 INFO Get User Success :18-Harinagar Distillery
2020-11-13 11:42:54.5140 INFO Get Product Type Master List Success
2020-11-13 11:42:54.5140 INFO Get NOC Sucess:2
2020-11-13 11:42:54.5140 INFO Get State List Success
2020-11-13 11:42:54.5223 INFO Get User Success :18-Harinagar Distillery
2020-11-13 11:43:41.0262 INFO Get User Success :18-Harinagar Distillery
2020-11-13 11:43:41.0262 INFO Get Product Type Master List Success
2020-11-13 11:43:41.0262 INFO Get NOC Sucess:2
2020-11-13 11:43:41.0262 INFO Get State List Success
2020-11-13 11:43:41.0461 INFO Get User Success :18-Harinagar Distillery
2020-11-13 11:44:57.4461 INFO Get User Success :18-Harinagar Distillery
2020-11-13 11:45:01.2309 INFO Get User Success :18-Harinagar Distillery
2020-11-13 11:45:01.2309 INFO Get RR List Success
2020-11-13 11:45:01.2744 INFO Get User Success :18-Harinagar Distillery
2020-11-13 11:45:02.7285 INFO Get User Success :18-Harinagar Distillery
2020-11-13 11:45:02.7285 INFO Get Product Type Master List Success
2020-11-13 11:45:02.7285 INFO Get NOC Sucess:2
2020-11-13 11:45:02.7461 INFO Get State List Success
2020-11-13 11:45:02.7461 INFO Get User Success :18-Harinagar Distillery
2020-11-13 11:45:14.8613 INFO Get User Success :18-Harinagar Distillery
2020-11-13 11:45:14.8613 INFO Get Product Type Master List Success
2020-11-13 11:45:14.8613 INFO Get NOC Sucess:2
2020-11-13 11:45:14.8673 INFO Get State List Success
2020-11-13 11:45:14.8673 INFO Get User Success :18-Harinagar Distillery
2020-11-13 11:45:22.4515 INFO Get User Success :18-Harinagar Distillery
2020-11-13 11:45:22.4515 INFO Get Product Type Master List Success
2020-11-13 11:45:22.4515 INFO Get NOC Sucess:2
2020-11-13 11:45:22.4515 INFO Get State List Success
2020-11-13 11:45:22.4585 INFO Get User Success :18-Harinagar Distillery
2020-11-13 11:45:31.0612 INFO Get User Success :18-Harinagar Distillery
2020-11-13 11:45:31.0612 INFO Get Product Type Master List Success
2020-11-13 11:45:31.0612 INFO Get NOC Sucess:2
2020-11-13 11:45:31.0612 INFO Get State List Success
2020-11-13 11:45:31.0692 INFO Get User Success :18-Harinagar Distillery
2020-11-13 11:45:55.8684 INFO Get User Success :18-Harinagar Distillery
2020-11-13 11:45:55.8684 INFO Get Product Type Master List Success
2020-11-13 11:45:55.8684 INFO Get NOC Sucess:2
2020-11-13 11:45:55.8684 INFO Get State List Success
2020-11-13 11:45:55.8684 INFO Get User Success :18-Harinagar Distillery
2020-11-13 11:46:08.6946 INFO Get User Success :18-Harinagar Distillery
2020-11-13 11:46:08.6946 INFO Get Product Type Master List Success
2020-11-13 11:46:08.6946 INFO Get NOC Sucess:2
2020-11-13 11:46:08.6946 INFO Get State List Success
2020-11-13 11:46:08.6946 INFO Get User Success :18-Harinagar Distillery
2020-11-13 11:47:51.6162 INFO Get User Success :18-Harinagar Distillery
2020-11-13 11:47:51.6162 INFO Get User Success :18-Harinagar Distillery
2020-11-13 11:48:03.8147 INFO Get User Success :18-Harinagar Distillery
2020-11-13 11:48:03.8147 INFO Get RR List Success
2020-11-13 11:48:03.8203 INFO Get User Success :18-Harinagar Distillery
2020-11-13 11:48:12.1274 INFO Get RR List Success
2020-11-13 11:48:15.2723 INFO Get RR List Success
2020-11-13 11:48:15.2723 INFO Get Balance Request Pass Success
2020-11-13 12:19:56.8522 INFO Get User Success :18-Harinagar Distillery
2020-11-13 12:20:00.0552 INFO Get User Success :18-Harinagar Distillery
2020-11-13 12:20:00.0552 INFO Get User Success :18-Harinagar Distillery
2020-11-13 12:20:03.9238 INFO Get User Success :18-Harinagar Distillery
2020-11-13 12:20:03.9285 INFO Get RR List Success
2020-11-13 12:20:03.9285 INFO Get User Success :18-Harinagar Distillery
2020-11-13 12:20:06.0768 INFO Get RR List Success
2020-11-13 12:20:06.0851 INFO Get Balance Request Pass Success
2020-11-13 12:20:09.6014 INFO Insert Request Pass Success
2020-11-13 12:20:09.6256 INFO Get User Success :18-Harinagar Distillery
2020-11-13 12:20:09.6256 INFO Get User Success :18-Harinagar Distillery
2020-11-13 12:21:45.4954 INFO Get User Success :18-Harinagar Distillery
2020-11-13 12:21:45.5237 INFO Get RR List Success
2020-11-13 12:21:45.5237 INFO Get User Success :18-Harinagar Distillery
2020-11-13 12:21:47.3947 INFO Get RR List Success
2020-11-13 12:21:49.7442 INFO Get RR List Success
2020-11-13 12:21:49.7442 INFO Get Balance Request Pass Success
2020-11-13 12:21:55.8367 INFO Insert Request Pass Success
2020-11-13 12:21:55.8562 INFO Get User Success :18-Harinagar Distillery
2020-11-13 12:21:55.8562 INFO Get User Success :18-Harinagar Distillery
2020-11-13 12:22:03.7397 INFO Get User Success :18-Harinagar Distillery
2020-11-13 12:22:03.7397 INFO Get RR List Success
2020-11-13 12:23:14.2170 INFO Get RR List Success
2020-11-13 12:23:14.2170 INFO Get Balance Request Pass Success
2020-11-13 12:23:14.2170 INFO Get User Success :18-Harinagar Distillery
2020-11-13 12:23:20.0218 INFO Get User Success :18-Harinagar Distillery
2020-11-13 12:23:20.0218 INFO Get User Success :18-Harinagar Distillery
2020-11-13 12:23:23.5257 INFO Get User Success :18-Harinagar Distillery
2020-11-13 12:23:23.5257 INFO Get RR List Success
2020-11-13 12:23:23.5257 INFO Get RR List Success
2020-11-13 12:23:23.5364 INFO Get User Success :18-Harinagar Distillery
2020-11-13 12:23:43.0675 INFO Get User Success :18-Harinagar Distillery
2020-11-13 12:23:43.0675 INFO Get User Success :18-Harinagar Distillery
2020-11-13 12:23:47.6894 INFO Get User Success :18-Harinagar Distillery
2020-11-13 12:23:47.6894 INFO Get RR List Success
2020-11-13 12:26:06.9292 INFO Get User Success :18-Harinagar Distillery
2020-11-13 12:26:09.5314 INFO Get User Success :18-Harinagar Distillery
2020-11-13 12:26:09.5314 INFO Get User Success :18-Harinagar Distillery
2020-11-13 12:26:15.1564 INFO Get User Success :18-Harinagar Distillery
2020-11-13 12:26:15.1564 INFO Get RR List Success
2020-11-13 12:26:46.7541 INFO Get RR List Fail:22P02: invalid input syntax for integer: "Select"
2020-11-13 12:26:56.5419 INFO Get User Success :18-Harinagar Distillery
2020-11-13 12:27:12.6441 INFO Get User Success :18-Harinagar Distillery
2020-11-13 12:27:12.6461 INFO Get RR List Success
2020-11-13 12:28:51.5908 INFO Get RR List Success
2020-11-13 12:28:51.5908 INFO Get User Success :18-Harinagar Distillery
2020-11-13 12:30:00.9612 INFO Get User Success :18-Harinagar Distillery
2020-11-13 12:30:00.9612 INFO Get User Success :18-Harinagar Distillery
2020-11-13 12:30:05.2624 INFO Get User Success :18-Harinagar Distillery
2020-11-13 12:30:05.2624 INFO Get RR List Success
2020-11-13 12:30:47.8598 INFO Get RR List Success
2020-11-13 12:31:10.4952 INFO Get User Success :18-Harinagar Distillery
2020-11-13 12:31:19.0653 INFO Update Request Pass Success
2020-11-13 12:31:19.0872 INFO Get User Success :18-Harinagar Distillery
2020-11-13 12:31:19.0872 INFO Get User Success :18-Harinagar Distillery
2020-11-13 12:31:24.2649 INFO Get User Success :18-Harinagar Distillery
2020-11-13 12:31:24.2649 INFO Get RR List Success
2020-11-13 12:31:37.8920 INFO Get RR List Success
2020-11-13 12:31:37.8920 INFO Get User Success :18-Harinagar Distillery
2020-11-13 12:31:43.6740 INFO Get RR List Success
2020-11-13 12:31:43.6828 INFO Get Balance Request Pass Success
2020-11-13 12:31:54.1429 INFO Get RR List Success
2020-11-13 12:31:54.1429 INFO Get Balance Request Pass Success
2020-11-13 12:41:20.1248 INFO Get User Success :18-Harinagar Distillery
2020-11-13 12:41:23.0757 INFO Get User Success :18-Harinagar Distillery
2020-11-13 12:41:23.0757 INFO Get User Success :18-Harinagar Distillery
2020-11-13 12:41:35.5389 INFO Get User Success :18-Harinagar Distillery
2020-11-13 12:41:35.5389 INFO Get RR List Success
2020-11-13 12:41:35.5630 INFO Get RR List Success
2020-11-13 12:41:35.5630 INFO Get User Success :18-Harinagar Distillery
2020-11-13 12:42:49.3785 INFO Get User Success :18-Harinagar Distillery
2020-11-13 12:42:49.3813 INFO Get RR List Success
2020-11-13 12:44:32.8874 INFO Get RR List Success
2020-11-13 12:44:32.8874 INFO Get User Success :18-Harinagar Distillery
2020-11-13 12:44:36.4411 INFO Get RR List Success
2020-11-13 12:44:36.4499 INFO Get Balance Request Pass Success
2020-11-13 12:45:08.9863 INFO Update Request Pass Success
2020-11-13 12:45:09.0065 INFO Get User Success :18-Harinagar Distillery
2020-11-13 12:45:09.0065 INFO Get User Success :18-Harinagar Distillery
2020-11-13 12:45:13.3726 INFO Get User Success :18-Harinagar Distillery
2020-11-13 12:45:13.3726 INFO Get RR List Success
2020-11-13 12:45:20.6800 INFO Get RR List Success
2020-11-13 12:45:26.7862 INFO Get User Success :18-Harinagar Distillery
2020-11-13 12:45:34.0144 INFO Get User Success :18-Harinagar Distillery
2020-11-13 12:45:34.0214 INFO Get User Success :18-Harinagar Distillery
2020-11-13 12:45:39.0561 INFO Get User Success :18-Harinagar Distillery
2020-11-13 12:45:39.0561 INFO Get RR List Success
2020-11-13 12:45:42.1460 INFO Get RR List Success
2020-11-13 12:45:42.1460 INFO Get Balance Request Pass Success
2020-11-13 12:45:44.2144 INFO Get User Success :18-Harinagar Distillery
2020-11-13 12:45:50.4179 INFO Get User Success :18-Harinagar Distillery
2020-11-13 12:45:50.4179 INFO Get User Success :18-Harinagar Distillery
2020-11-13 12:45:55.5686 INFO Get User Success :18-Harinagar Distillery
2020-11-13 12:45:55.5686 INFO Get RR List Success
2020-11-13 12:45:58.4113 INFO Get RR List Success
2020-11-13 12:45:58.4113 INFO Get User Success :18-Harinagar Distillery
2020-11-13 12:46:07.2114 INFO Get User Success :18-Harinagar Distillery
2020-11-13 12:46:07.2114 INFO Get User Success :18-Harinagar Distillery
2020-11-13 12:46:12.1184 INFO Get User Success :18-Harinagar Distillery
2020-11-13 12:46:12.1184 INFO Get RR List Success
2020-11-13 12:46:12.1184 INFO Get RR List Success
2020-11-13 12:46:12.1184 INFO Get Balance Request Pass Success
2020-11-13 12:46:12.1184 INFO Get User Success :18-Harinagar Distillery
2020-11-13 12:46:24.7508 INFO Get User Success :18-Harinagar Distillery
2020-11-13 12:46:24.7508 INFO Get User Success :18-Harinagar Distillery
2020-11-13 12:46:28.6075 INFO Get User Success :18-Harinagar Distillery
2020-11-13 12:46:28.6075 INFO Get RR List Success
2020-11-13 12:46:28.6145 INFO Get RR List Success
2020-11-13 12:46:28.6145 INFO Get User Success :18-Harinagar Distillery
2020-11-13 12:46:33.2871 INFO Get User Success :18-Harinagar Distillery
2020-11-13 12:46:33.2871 INFO Get User Success :18-Harinagar Distillery
2020-11-13 12:46:46.7525 INFO Get User Success :18-Harinagar Distillery
2020-11-13 12:46:46.7525 INFO Get RR List Success
2020-11-13 12:48:43.4065 INFO Get RR List Success
2020-11-13 12:48:43.4065 INFO Get User Success :18-Harinagar Distillery
2020-11-13 13:31:46.3558 INFO Get State List Success
2020-11-13 13:31:49.8071 INFO Get Division List Success
2020-11-13 13:31:51.1785 INFO Get Role Level List Success
2020-11-13 13:31:52.2222 INFO Get access_type List Success
2020-11-13 13:33:29.1108 INFO Get State List Success
2020-11-13 13:33:35.4265 INFO Get Division List Success
2020-11-13 13:33:37.4972 INFO Get Division List Success
2020-11-13 13:33:42.6189 INFO Get State List Success
2020-11-13 13:34:43.6671 INFO Get Division List Success
2020-11-13 13:34:44.0091 INFO Get Role Level List Success
2020-11-13 13:34:44.7495 INFO Get access_type List Success
2020-11-13 13:35:25.4384 INFO Org Get List Success
2020-11-13 13:35:33.0089 INFO Get State List Success
2020-11-13 13:35:45.7919 INFO Get Report List Success
2020-11-13 13:35:47.3100 INFO Get Report  Success
2020-11-13 13:35:52.9549 INFO Get Party Type Master List Success
2020-11-13 14:49:36.9168 INFO Get User Success :18-Harinagar Distillery
2020-11-13 14:49:39.0298 INFO Get User Success :18-Harinagar Distillery
2020-11-13 14:49:39.0298 INFO Get User Success :18-Harinagar Distillery
2020-11-13 14:49:44.2441 INFO Get User Success :18-Harinagar Distillery
2020-11-13 14:49:44.2441 INFO Get RR List Success
2020-11-13 14:49:50.8176 INFO Get RR List Success
2020-11-13 14:49:50.8176 INFO Get Balance Request Pass Success
2020-11-13 14:49:50.8176 INFO Get User Success :18-Harinagar Distillery
2020-11-13 14:50:21.5956 INFO Update Request Pass Success
2020-11-13 14:50:21.6155 INFO Get User Success :18-Harinagar Distillery
2020-11-13 14:50:21.6155 INFO Get User Success :18-Harinagar Distillery
2020-11-13 14:50:25.9792 INFO Get User Success :18-Harinagar Distillery
2020-11-13 14:50:25.9792 INFO Get RR List Success
2020-11-13 14:50:37.9525 INFO Get RR List Success
2020-11-13 14:50:37.9525 INFO Get User Success :18-Harinagar Distillery
2020-11-13 14:50:45.2400 INFO Get RR List Success
2020-11-13 14:50:45.2400 INFO Get Balance Request Pass Success
2020-11-13 14:50:50.0786 INFO Get RR List Success
2020-11-13 14:50:50.0786 INFO Get Balance Request Pass Success
2020-11-13 14:50:52.3859 INFO Get User Success :18-Harinagar Distillery
2020-11-13 14:50:52.3859 INFO Get User Success :18-Harinagar Distillery
2020-11-13 14:51:00.9047 INFO Get User Success :18-Harinagar Distillery
2020-11-13 14:51:00.9047 INFO Get RR List Success
2020-11-13 14:51:00.9047 INFO Get User Success :18-Harinagar Distillery
2020-11-13 14:51:04.0888 INFO Get RR List Success
2020-11-13 14:51:05.6458 INFO Get RR List Success
2020-11-13 14:51:05.6458 INFO Get Balance Request Pass Success
2020-11-13 14:51:09.4315 INFO Get RR List Success
2020-11-13 14:51:09.4315 INFO Get Balance Request Pass Success
2020-11-13 14:51:22.3668 INFO Get RR List Success
2020-11-13 14:51:22.3668 INFO Get Balance Request Pass Success
2020-11-13 14:51:25.7112 INFO Get User Success :18-Harinagar Distillery
2020-11-13 14:51:25.7112 INFO Get User Success :18-Harinagar Distillery
2020-11-13 14:51:30.7990 INFO Get User Success :18-Harinagar Distillery
2020-11-13 14:51:30.7990 INFO Get RR List Success
2020-11-13 14:51:30.8040 INFO Get User Success :18-Harinagar Distillery
2020-11-13 14:51:33.2858 INFO Get RR List Success
2020-11-13 14:51:35.1405 INFO Get RR List Success
2020-11-13 14:51:35.1405 INFO Get Balance Request Pass Success
2020-11-13 14:51:39.1995 INFO Insert Request Pass Success
2020-11-13 14:51:39.2195 INFO Get User Success :18-Harinagar Distillery
2020-11-13 14:51:39.2195 INFO Get User Success :18-Harinagar Distillery
2020-11-13 14:51:45.2337 INFO Get User Success :18-Harinagar Distillery
2020-11-13 14:51:45.2337 INFO Get RR List Success
2020-11-13 14:51:48.3711 INFO Get RR List Success
2020-11-13 14:51:48.3711 INFO Get User Success :18-Harinagar Distillery
2020-11-13 14:51:51.7827 INFO Get User Success :18-Harinagar Distillery
2020-11-13 14:51:51.7862 INFO Get User Success :18-Harinagar Distillery
2020-11-13 14:51:57.6483 INFO Get User Success :18-Harinagar Distillery
2020-11-13 14:51:57.6483 INFO Get RR List Success
2020-11-13 14:51:57.6483 INFO Get RR List Success
2020-11-13 14:51:57.6483 INFO Get User Success :18-Harinagar Distillery
2020-11-13 14:52:02.9449 INFO Update Request Pass fail :22P02: invalid input syntax for integer: ""
2020-11-13 14:52:44.0751 INFO Update Request Pass Success
2020-11-13 14:52:48.1687 INFO Get User Success :18-Harinagar Distillery
2020-11-13 14:52:48.1687 INFO Get User Success :18-Harinagar Distillery
2020-11-13 14:52:52.3936 INFO Get User Success :18-Harinagar Distillery
2020-11-13 14:52:52.3956 INFO Get RR List Success
2020-11-13 14:52:52.3956 INFO Get RR List Success
2020-11-13 14:52:52.3956 INFO Get User Success :18-Harinagar Distillery
2020-11-13 14:53:03.4432 INFO Get User Success :18-Harinagar Distillery
2020-11-13 14:53:03.4432 INFO Get RR List Success
2020-11-13 14:53:19.3696 INFO Get RR List Success
2020-11-13 14:53:19.3696 INFO Get User Success :18-Harinagar Distillery
2020-11-13 14:53:24.1697 INFO Get User Success :18-Harinagar Distillery
2020-11-13 14:53:24.1697 INFO Get User Success :18-Harinagar Distillery
2020-11-13 14:53:27.8519 INFO Get User Success :18-Harinagar Distillery
2020-11-13 14:53:27.8519 INFO Get RR List Success
2020-11-13 14:53:31.5052 INFO Get RR List Success
2020-11-13 14:53:31.5052 INFO Get User Success :18-Harinagar Distillery
2020-11-13 14:53:47.2975 INFO Get User Success :18-Harinagar Distillery
2020-11-13 14:53:47.2975 INFO Get User Success :18-Harinagar Distillery
2020-11-13 14:53:59.0182 INFO Get User Success :18-Harinagar Distillery
2020-11-13 14:58:01.6213 INFO Get User Success :19-Harinagar Bond Officer
2020-11-13 14:58:08.3442 INFO Get User Success :19-Harinagar Bond Officer
2020-11-13 14:58:08.3442 INFO Get User Success :19-Harinagar Bond Officer
2020-11-13 15:02:11.7655 INFO Get User Success :17-Bond Officer
2020-11-13 15:02:25.0002 INFO Get User Success :17-Bond Officer
2020-11-13 15:02:25.0002 INFO Get User Success :17-Bond Officer
2020-11-13 15:05:26.8827 INFO Get User Success :17-Bond Officer
2020-11-13 15:05:26.9167 INFO Get User Success :17-Bond Officer
2020-11-13 15:05:38.8820 INFO Get User Success :18-Harinagar Distillery
2020-11-13 15:05:42.4871 INFO Get User Success :18-Harinagar Distillery
2020-11-13 15:05:42.4973 INFO Get RR List Success
2020-11-13 15:05:42.5125 INFO Get User Success :18-Harinagar Distillery
2020-11-13 15:05:44.1383 INFO Get User Success :18-Harinagar Distillery
2020-11-13 15:05:44.1383 INFO Get Product Type Master List Success
2020-11-13 15:05:44.1477 INFO Get NOC Sucess:2
2020-11-13 15:05:44.1477 INFO Get State List Success
2020-11-13 15:05:44.1705 INFO Get RR List Success
2020-11-13 15:05:44.1705 INFO Get Customer Details Success
2020-11-13 15:05:44.2213 INFO Check WorkFlow List Success
2020-11-13 15:05:44.2310 INFO Get User Success :18-Harinagar Distillery
2020-11-13 15:05:48.6806 INFO Get User Success :18-Harinagar Distillery
2020-11-13 15:05:48.6806 INFO Get RR List Success
2020-11-13 15:05:48.6806 INFO Get User Success :18-Harinagar Distillery
2020-11-13 15:05:50.6506 INFO Get User Success :18-Harinagar Distillery
2020-11-13 15:05:50.6506 INFO Get Product Type Master List Success
2020-11-13 15:05:50.6506 INFO Get NOC Sucess:2
2020-11-13 15:05:50.6506 INFO Get State List Success
2020-11-13 15:05:50.6506 INFO Get RR List Success
2020-11-13 15:05:50.6616 INFO Get Customer Details Success
2020-11-13 15:05:50.6616 INFO Check WorkFlow List Success
2020-11-13 15:05:50.6616 INFO Get User Success :18-Harinagar Distillery
2020-11-13 15:07:04.3630 INFO Get User Success :18-Harinagar Distillery
2020-11-13 15:07:04.3650 INFO Get Product Type Master List Success
2020-11-13 15:07:04.3650 INFO Get NOC Sucess:2
2020-11-13 15:07:04.3650 INFO Get State List Success
2020-11-13 15:07:04.3650 INFO Get RR List Success
2020-11-13 15:07:04.3650 INFO Get Customer Details Success
2020-11-13 15:07:04.3650 INFO Check WorkFlow List Success
2020-11-13 15:07:04.3804 INFO Get User Success :18-Harinagar Distillery
2020-11-13 15:09:56.0753 INFO Get Users List Success
2020-11-13 15:10:08.8891 INFO Org Get List Success
2020-11-13 15:10:08.9022 INFO Get Party Master List Success
2020-11-13 15:10:08.9022 INFO Get Role Level List Success
2020-11-13 15:10:08.9022 INFO Get access_type List Success
2020-11-13 15:10:08.9962 INFO Get view_Role_master List Success :Input string was not in a correct format.
2020-11-13 15:10:08.9962 INFO Get State List Success
2020-11-13 15:10:08.9962 INFO Get Dept List Success
2020-11-13 15:10:09.0068 INFO Get Users List Success
2020-11-13 15:10:09.0068 INFO Get User Success :15-Sivaiah
2020-11-13 15:10:09.0219 INFO Get Division List Success
2020-11-13 15:15:22.5344 INFO Get User Success :44-Administrator
2020-11-13 15:15:25.1143 INFO Get Users List Success
2020-11-13 15:15:25.1533 INFO Get User Success :44-Administrator
2020-11-13 15:15:26.9605 INFO Org Get List Success
2020-11-13 15:15:26.9605 INFO Get Party Master List Success
2020-11-13 15:15:26.9605 INFO Get Role Level List Success
2020-11-13 15:15:26.9747 INFO Get access_type List Success
2020-11-13 15:15:26.9747 INFO Get view_Role_master List Success
2020-11-13 15:15:26.9747 INFO Get State List Success
2020-11-13 15:15:26.9907 INFO Get Dept List Success
2020-11-13 15:15:26.9907 INFO Get Users List Success
2020-11-13 15:15:26.9907 INFO Get User Success :44-Administrator
2020-11-13 15:15:30.1846 INFO Get Division List Success
2020-11-13 15:17:25.5503 INFO Get User Success :44-Administrator
2020-11-13 15:17:32.9606 INFO Get Users List Success
2020-11-13 15:17:33.0016 INFO Get User Success :44-Administrator
2020-11-13 15:17:34.4338 INFO Org Get List Success
2020-11-13 15:17:34.4338 INFO Get Party Master List Success
2020-11-13 15:17:34.4458 INFO Get Role Level List Success
2020-11-13 15:17:34.4458 INFO Get access_type List Success
2020-11-13 15:17:34.4458 INFO Get view_Role_master List Success
2020-11-13 15:17:34.4657 INFO Get State List Success
2020-11-13 15:17:34.4657 INFO Get Dept List Success
2020-11-13 15:17:34.4657 INFO Get Users List Success
2020-11-13 15:17:34.4737 INFO Get User Success :44-Administrator
2020-11-13 15:17:44.9204 INFO Get Division List Success
2020-11-13 15:17:59.6783 INFO Get Party Type Master List Success
2020-11-13 15:17:59.6783 INFO Get User Success :44-Administrator
2020-11-13 15:18:00.6798 INFO Get VAT Type Master List Success
2020-11-13 15:18:00.6798 INFO Get User Success :44-Administrator
2020-11-13 15:18:03.1155 INFO Get User Success :44-Administrator
2020-11-13 15:18:06.1740 INFO Get VAT Master List Success
2020-11-13 15:18:06.1830 INFO Get User Success :44-Administrator
2020-11-13 15:18:07.6140 INFO Get Party Type Master List Success
2020-11-13 15:18:07.6163 INFO Get UOM List Success
2020-11-13 15:18:07.6163 INFO Get Product Type Master List Success
2020-11-13 15:18:07.6163 INFO Get VAT Type Master List Success
2020-11-13 15:18:07.6535 INFO Get VAT Details Fail :Field not found in row: party_name
2020-11-13 15:18:07.6535 INFO Get Party Master List Success
2020-11-13 15:18:07.6615 INFO Get Product Master List Success
2020-11-13 15:18:07.6615 INFO Get User Success :44-Administrator
2020-11-13 15:18:29.1699 INFO Get Existing data Fail :VAT_Master
2020-11-13 15:18:29.3739 INFO Update VAT Master Fail :001mst0001-Molasses Storage Tank -11-23503: insert or update on table "vat_master" violates foreign key constraint "fk_vat_type_master"
2020-11-13 15:19:18.3401 INFO Update VAT Master Success :001mst0001-Molasses Storage Tank -11
2020-11-13 15:19:19.3687 INFO Get VAT Master List Success
2020-11-13 15:19:19.3687 INFO Get User Success :44-Administrator
2020-11-13 15:20:34.6210 INFO Get Party Type Master List Success
2020-11-13 15:20:34.6210 INFO Get User Success :44-Administrator
2020-11-13 15:20:48.2580 INFO Get VAT Type Master List Success
2020-11-13 15:20:48.2580 INFO Get User Success :44-Administrator
2020-11-13 15:20:49.3843 INFO Get User Success :44-Administrator
2020-11-13 15:20:54.0473 INFO Get Existing data Fail :VAT_Type_Master
2020-11-13 15:20:54.2201 INFO Update VAT Type Master Success :STO-Storage Vat1
2020-11-13 15:21:23.6666 INFO Get Existing data Fail :VAT_Type_Master
2020-11-13 15:21:46.4204 INFO Update VAT Type Master Success :Sto-Storage Vat11
2020-11-13 15:21:46.4424 INFO Get VAT Type Master List Success
2020-11-13 15:21:46.4463 INFO Get User Success :44-Administrator
2020-11-13 15:21:49.4179 INFO Get User Success :44-Administrator
2020-11-13 15:21:53.1103 INFO Get Existing data Fail :VAT_Type_Master
2020-11-13 15:21:56.2587 INFO Update VAT Type Master Success :mst-Molasses Storage Tank1
2020-11-13 15:21:56.2774 INFO Get VAT Type Master List Success
2020-11-13 15:21:56.2774 INFO Get User Success :44-Administrator
2020-11-13 15:22:59.4405 INFO Get User Success :45-Riga Sugar Company Limited
2020-11-13 15:23:05.4367 INFO Sugarcanepurchase Get List Success
2020-11-13 15:23:05.4367 INFO Get User Success :45-Riga Sugar Company Limited
2020-11-13 15:23:05.4500 INFO Get User Success :45-Riga Sugar Company Limited
2020-11-13 15:23:06.9887 INFO Get User Success :45-Riga Sugar Company Limited
2020-11-13 15:23:06.9968 INFO Get User Success :45-Riga Sugar Company Limited
2020-11-13 15:23:08.3939 INFO Get User Success :45-Riga Sugar Company Limited
2020-11-13 15:23:08.3969 INFO Get Party Master List Success
2020-11-13 15:23:11.3060 INFO Get User Success :45-Riga Sugar Company Limited
2020-11-13 15:23:45.6607 INFO Get User Success :45-Riga Sugar Company Limited
2020-11-13 15:23:45.6908 INFO Sugarcanepurchase Insertion Sucess:4-001
2020-11-13 15:23:45.7191 INFO Get User Success :45-Riga Sugar Company Limited
2020-11-13 15:23:45.7191 INFO Get User Success :45-Riga Sugar Company Limited
2020-11-13 15:24:08.7910 INFO Get User Success :45-Riga Sugar Company Limited
2020-11-13 15:24:08.7910 INFO Get MF2 List Success
2020-11-13 15:24:08.8052 INFO Get User Success :45-Riga Sugar Company Limited
2020-11-13 15:24:28.5731 INFO Get User Success :45-Riga Sugar Company Limited
2020-11-13 15:24:28.5731 INFO Get Party Master List Success
2020-11-13 15:24:28.5731 INFO Get Party Master List Success
2020-11-13 15:24:28.5731 INFO Get Product Master List Success
2020-11-13 15:24:28.5852 INFO Get VAT Master List Success
2020-11-13 15:24:28.5852 INFO Get User Success :45-Riga Sugar Company Limited
2020-11-13 15:25:43.2688 INFO Insert MF2 Fail :13-11-2020-001-22007: invalid input syntax for type timestamp: ""
2020-11-13 15:26:45.6853 INFO Insert MF2 Success :13-11-2020-001
2020-11-13 15:26:45.7061 INFO Get User Success :45-Riga Sugar Company Limited
2020-11-13 15:26:45.7082 INFO Get MF2 List Success
2020-11-13 15:26:45.7082 INFO Get User Success :45-Riga Sugar Company Limited
2020-11-13 15:27:04.6323 INFO Get User Success :45-Riga Sugar Company Limited
2020-11-13 15:27:04.6323 INFO Get MF3 List Success
2020-11-13 15:27:04.6458 INFO Get User Success :45-Riga Sugar Company Limited
2020-11-13 15:27:05.7635 INFO Get User Success :45-Riga Sugar Company Limited
2020-11-13 15:27:05.7635 INFO Get VAT Master List Success
2020-11-13 15:27:05.7635 INFO Get Product Master List Success
2020-11-13 15:27:05.7715 INFO Get User Success :45-Riga Sugar Company Limited
2020-11-13 15:27:45.0886 INFO Insert MF3 Fail :11-11-2020-001-42703: column "product_codesugar_produced_total" of relation "molasses_actual_prod" does not exist
2020-11-13 15:27:54.1859 INFO Insert MF3 Fail :11-11-2020-001-42703: column "product_codesugar_produced_total" of relation "molasses_actual_prod" does not exist
2020-11-13 15:28:07.3270 INFO Insert MF3 Fail :11-11-2020-001-42703: column "product_codesugar_produced_total" of relation "molasses_actual_prod" does not exist
2020-11-13 15:28:45.4639 INFO Insert MF3 Fail :11-11-2020-001-42703: column "product_codesugar_produced_total" of relation "molasses_actual_prod" does not exist
2020-11-13 15:29:43.4681 INFO Insert MF3 Fail :11-11-2020-001-42601: INSERT has more target columns than expressions
2020-11-13 15:30:17.3742 INFO Insert MF3 Success :11-11-2020-001
2020-11-13 15:30:17.3981 INFO Get User Success :45-Riga Sugar Company Limited
2020-11-13 15:30:17.3981 INFO Get MF3 List Success
2020-11-13 15:30:17.3981 INFO Get User Success :45-Riga Sugar Company Limited
2020-11-13 15:30:57.0768 INFO Get User Success :51-Harinagar Sugar Mills Limited, Distillery Division
2020-11-13 15:31:01.0963 INFO Get User Success :51-Harinagar Sugar Mills Limited, Distillery Division
2020-11-13 15:31:01.1023 INFO Get Indent List Success
2020-11-13 15:31:01.1023 INFO Get User Success :51-Harinagar Sugar Mills Limited, Distillery Division
2020-11-13 15:31:02.4147 INFO Get User Success :51-Harinagar Sugar Mills Limited, Distillery Division
2020-11-13 15:31:02.4147 INFO Get Indent List Success
2020-11-13 15:31:02.4665 INFO Get User Success :51-Harinagar Sugar Mills Limited, Distillery Division
2020-11-13 15:31:02.4665 INFO Get Party Master List Success
2020-11-13 15:31:02.4665 INFO Get Product Master List Success
2020-11-13 15:31:02.4755 INFO Get User Success :51-Harinagar Sugar Mills Limited, Distillery Division
2020-11-13 15:37:52.7687 INFO Get User Success :51-Harinagar Sugar Mills Limited, Distillery Division
2020-11-13 15:37:52.7735 INFO Get Party Master List Success
2020-11-13 15:37:52.7735 INFO Get Product Master List Success
2020-11-13 15:37:52.7735 INFO Get User Success :51-Harinagar Sugar Mills Limited, Distillery Division
2020-11-13 15:38:09.7605 INFO Get User Success :51-Harinagar Sugar Mills Limited, Distillery Division
2020-11-13 15:38:09.7605 INFO Get Party Master List Success
2020-11-13 15:38:09.7605 INFO Get Product Master List Success
2020-11-13 15:38:09.7605 INFO Get User Success :51-Harinagar Sugar Mills Limited, Distillery Division
2020-11-13 15:39:33.5613 INFO Get User Success :51-Harinagar Sugar Mills Limited, Distillery Division
2020-11-13 15:39:33.5613 INFO Get Party Master List Success
2020-11-13 15:39:33.5613 INFO Get Product Master List Success
2020-11-13 15:39:33.5696 INFO Get User Success :51-Harinagar Sugar Mills Limited, Distillery Division
2020-11-13 15:45:50.6193 INFO Insert Indent Success :11-11-2020-004
2020-11-13 15:45:50.6501 INFO Get User Success :51-Harinagar Sugar Mills Limited, Distillery Division
2020-11-13 15:45:50.6501 INFO Get Indent List Success
2020-11-13 15:45:50.6501 INFO Get User Success :51-Harinagar Sugar Mills Limited, Distillery Division
2020-11-13 15:45:52.9791 INFO Get User Success :51-Harinagar Sugar Mills Limited, Distillery Division
2020-11-13 15:45:52.9791 INFO Get Indent List Success
2020-11-13 15:45:53.0047 INFO Get User Success :51-Harinagar Sugar Mills Limited, Distillery Division
2020-11-13 15:45:53.0047 INFO Get Party Master List Success
2020-11-13 15:45:53.0107 INFO Get Product Master List Success
2020-11-13 15:45:53.0107 INFO Get Indent Details Success
2020-11-13 15:45:53.0107 INFO Get User Success :51-Harinagar Sugar Mills Limited, Distillery Division
2020-11-13 15:47:01.9048 INFO Get User Success :51-Harinagar Sugar Mills Limited, Distillery Division
2020-11-13 15:47:01.9048 INFO Get Allotment List Success
2020-11-13 15:47:01.9252 INFO Get User Success :51-Harinagar Sugar Mills Limited, Distillery Division
2020-11-13 15:47:03.4913 INFO Get User Success :51-Harinagar Sugar Mills Limited, Distillery Division
2020-11-13 15:47:03.4913 INFO Get Allotment List Success
2020-11-13 15:47:03.5632 INFO Get User Success :51-Harinagar Sugar Mills Limited, Distillery Division
2020-11-13 15:47:03.5632 INFO Get Party Master List Success
2020-11-13 15:47:03.5632 INFO Get Indent List Success
2020-11-13 15:47:03.5731 INFO Get User Success :51-Harinagar Sugar Mills Limited, Distillery Division
2020-11-13 15:47:26.6649 INFO Get User Success :51-Harinagar Sugar Mills Limited, Distillery Division
2020-11-13 15:47:26.6669 INFO Get Allotment List Success
2020-11-13 15:47:26.6669 INFO Get User Success :51-Harinagar Sugar Mills Limited, Distillery Division
2020-11-13 15:47:31.5652 INFO Get User Success :51-Harinagar Sugar Mills Limited, Distillery Division
2020-11-13 15:47:31.5652 INFO Get Allotment List Success
2020-11-13 15:47:31.5912 INFO Get User Success :51-Harinagar Sugar Mills Limited, Distillery Division
2020-11-13 15:47:31.5912 INFO Get Party Master List Success
2020-11-13 15:47:31.5912 INFO Get Indent List Success
2020-11-13 15:47:31.6072 INFO Get Allotment Details Success
2020-11-13 15:47:31.6274 INFO Get User Success :51-Harinagar Sugar Mills Limited, Distillery Division
2020-11-13 15:58:03.6535 INFO Get User Success :51-Harinagar Sugar Mills Limited, Distillery Division
2020-11-13 15:58:08.0171 INFO Get User Success :51-Harinagar Sugar Mills Limited, Distillery Division
2020-11-13 15:58:08.0171 INFO Get RR List Success
2020-11-13 15:58:08.0461 INFO Get User Success :51-Harinagar Sugar Mills Limited, Distillery Division
2020-11-13 15:58:09.4905 INFO Get User Success :51-Harinagar Sugar Mills Limited, Distillery Division
2020-11-13 15:58:09.5165 INFO Get User Success :51-Harinagar Sugar Mills Limited, Distillery Division
2020-11-13 15:58:27.1757 INFO Get User Success :44-Administrator
2020-11-13 15:58:30.9110 INFO Get Users List Success
2020-11-13 15:58:30.9324 INFO Get User Success :44-Administrator
2020-11-13 15:58:33.9065 INFO Get Users List Success
2020-11-13 15:58:37.1304 INFO Get Users List Success
2020-11-13 15:58:40.3960 INFO Get Users List Success
2020-11-13 15:58:44.5024 INFO Org Get List Success
2020-11-13 15:58:44.5123 INFO Get Party Master List Success
2020-11-13 15:58:44.5123 INFO Get Role Level List Success
2020-11-13 15:58:44.5123 INFO Get access_type List Success
2020-11-13 15:58:44.5281 INFO Get view_Role_master List Success
2020-11-13 15:58:44.5281 INFO Get State List Success
2020-11-13 15:58:44.5281 INFO Get Dept List Success
2020-11-13 15:58:44.5281 INFO Get Users List Success
2020-11-13 15:58:44.5421 INFO Get User Success :44-Administrator
2020-11-13 15:59:08.5447 INFO Get Existing data Fail :user_registration
2020-11-13 15:59:36.8478 INFO Get Existing data Fail :user_registration
2020-11-13 15:59:44.6108 INFO Get Existing data Fail :user_registration
2020-11-13 16:00:02.9103 INFO Get Division List Success
2020-11-13 16:00:23.6037 INFO Insert User Success :0-Deputy
2020-11-13 16:00:23.6351 INFO Get Users List Success
2020-11-13 16:00:23.6351 INFO Get User Success :44-Administrator
2020-11-13 16:00:55.8500 INFO Get User Success :51-Harinagar Sugar Mills Limited, Distillery Division
2020-11-13 16:00:59.9865 INFO Get User Success :51-Harinagar Sugar Mills Limited, Distillery Division
2020-11-13 16:01:00.0028 INFO Get Indent List Success
2020-11-13 16:01:00.0134 INFO Get User Success :51-Harinagar Sugar Mills Limited, Distillery Division
2020-11-13 16:01:01.4015 INFO Get User Success :51-Harinagar Sugar Mills Limited, Distillery Division
2020-11-13 16:01:01.4015 INFO Get Indent List Success
2020-11-13 16:01:01.4399 INFO Get User Success :51-Harinagar Sugar Mills Limited, Distillery Division
2020-11-13 16:01:01.4399 INFO Get Allotment List Success
2020-11-13 16:01:01.4559 INFO Get User Success :51-Harinagar Sugar Mills Limited, Distillery Division
2020-11-13 16:01:04.1528 INFO Get User Success :51-Harinagar Sugar Mills Limited, Distillery Division
2020-11-13 16:01:04.1528 INFO Get Allotment List Success
2020-11-13 16:01:04.2084 INFO Get User Success :51-Harinagar Sugar Mills Limited, Distillery Division
2020-11-13 16:01:04.2122 INFO Get Party Master List Success
2020-11-13 16:01:04.2122 INFO Get Indent List Success
2020-11-13 16:01:04.2122 INFO Get User Success :51-Harinagar Sugar Mills Limited, Distillery Division
2020-11-13 16:01:28.6130 INFO Get User Success :51-Harinagar Sugar Mills Limited, Distillery Division
2020-11-13 16:01:32.0929 INFO Get Party Master List Success
2020-11-13 16:01:43.2387 INFO Get Indent List Success
2020-11-13 16:04:32.0224 INFO Get User Success :51-Harinagar Sugar Mills Limited, Distillery Division
2020-11-13 16:04:34.5624 INFO Get User Success :51-Harinagar Sugar Mills Limited, Distillery Division
2020-11-13 16:04:34.5624 INFO Get Allotment List Success
2020-11-13 16:04:34.5624 INFO Get User Success :51-Harinagar Sugar Mills Limited, Distillery Division
2020-11-13 16:04:35.7458 INFO Get User Success :51-Harinagar Sugar Mills Limited, Distillery Division
2020-11-13 16:04:35.7458 INFO Get Allotment List Success
2020-11-13 16:04:35.7678 INFO Get User Success :51-Harinagar Sugar Mills Limited, Distillery Division
2020-11-13 16:04:35.7678 INFO Get Indent List Success
2020-11-13 16:04:35.7678 INFO Get User Success :51-Harinagar Sugar Mills Limited, Distillery Division
2020-11-13 16:04:38.2594 INFO Get User Success :51-Harinagar Sugar Mills Limited, Distillery Division
2020-11-13 16:04:38.2594 INFO Get Indent List Success
2020-11-13 16:04:38.3162 INFO Get User Success :51-Harinagar Sugar Mills Limited, Distillery Division
2020-11-13 16:04:38.3162 INFO Get Party Master List Success
2020-11-13 16:04:38.3236 INFO Get Product Master List Success
2020-11-13 16:04:38.3236 INFO Get Indent Details Success
2020-11-13 16:04:38.3592 INFO Get User Success :51-Harinagar Sugar Mills Limited, Distillery Division
2020-11-13 16:04:40.8653 INFO Update Indent Success :11-11-2020-004-23503: insert or update on table "molasses_indent" violates foreign key constraint "fk_from_unit"
2020-11-13 16:08:52.7188 INFO Update Indent Success :11-11-2020-004
2020-11-13 16:08:59.3684 INFO Get User Success :51-Harinagar Sugar Mills Limited, Distillery Division
2020-11-13 16:08:59.3723 INFO Get Indent List Success
2020-11-13 16:08:59.3723 INFO Get User Success :51-Harinagar Sugar Mills Limited, Distillery Division
2020-11-13 16:09:02.2738 INFO Get User Success :51-Harinagar Sugar Mills Limited, Distillery Division
2020-11-13 16:09:02.2769 INFO Get Indent List Success
2020-11-13 16:09:02.2987 INFO Get User Success :51-Harinagar Sugar Mills Limited, Distillery Division
2020-11-13 16:09:02.2987 INFO Get Party Master List Success
2020-11-13 16:09:02.2987 INFO Get Product Master List Success
2020-11-13 16:09:02.3103 INFO Get Indent Details Success
2020-11-13 16:09:02.3103 INFO Get User Success :51-Harinagar Sugar Mills Limited, Distillery Division
2020-11-13 16:09:05.8108 INFO Get User Success :51-Harinagar Sugar Mills Limited, Distillery Division
2020-11-13 16:09:05.8108 INFO Get Allotment List Success
2020-11-13 16:09:05.8108 INFO Get User Success :51-Harinagar Sugar Mills Limited, Distillery Division
2020-11-13 16:09:07.2001 INFO Get User Success :51-Harinagar Sugar Mills Limited, Distillery Division
2020-11-13 16:09:07.2001 INFO Get Allotment List Success
2020-11-13 16:09:09.7315 INFO Get User Success :51-Harinagar Sugar Mills Limited, Distillery Division
2020-11-13 16:09:09.7315 INFO Get Party Master List Success
2020-11-13 16:09:09.7315 INFO Get Indent List Success
2020-11-13 16:09:09.7315 INFO Get User Success :51-Harinagar Sugar Mills Limited, Distillery Division
2020-11-13 16:10:16.5306 INFO Get User Success :51-Harinagar Sugar Mills Limited, Distillery Division
2020-11-13 16:10:16.5306 INFO Get Allotment List Success
2020-11-13 16:10:16.5306 INFO Get User Success :51-Harinagar Sugar Mills Limited, Distillery Division
2020-11-13 16:10:18.4354 INFO Get User Success :51-Harinagar Sugar Mills Limited, Distillery Division
2020-11-13 16:10:18.4354 INFO Get Allotment List Success
2020-11-13 16:10:18.4753 INFO Get User Success :51-Harinagar Sugar Mills Limited, Distillery Division
2020-11-13 16:10:18.4783 INFO Get Party Master List Success
2020-11-13 16:10:18.4783 INFO Get Indent List Success
2020-11-13 16:10:18.4783 INFO Get Allotment Details Success
2020-11-13 16:10:18.4783 INFO Get User Success :51-Harinagar Sugar Mills Limited, Distillery Division
2020-11-13 16:10:27.3418 INFO Update Allotment Success :1-010
2020-11-13 16:10:27.3658 INFO Get User Success :51-Harinagar Sugar Mills Limited, Distillery Division
2020-11-13 16:10:27.3658 INFO Get Allotment List Success
2020-11-13 16:10:27.3708 INFO Get User Success :51-Harinagar Sugar Mills Limited, Distillery Division
2020-11-13 16:10:29.3620 INFO Get User Success :51-Harinagar Sugar Mills Limited, Distillery Division
2020-11-13 16:10:29.3620 INFO Get Allotment List Success
2020-11-13 16:10:29.4049 INFO Get User Success :51-Harinagar Sugar Mills Limited, Distillery Division
2020-11-13 16:10:29.4049 INFO Get Party Master List Success
2020-11-13 16:10:29.4049 INFO Get Indent List Success
2020-11-13 16:10:29.4049 INFO Get Allotment Details Success
2020-11-13 16:10:29.4349 INFO Get User Success :51-Harinagar Sugar Mills Limited, Distillery Division
2020-11-13 16:10:37.4054 INFO Get User Success :51-Harinagar Sugar Mills Limited, Distillery Division
2020-11-13 16:10:37.4054 INFO Get Allotment List Success
2020-11-13 16:10:37.4054 INFO Get User Success :51-Harinagar Sugar Mills Limited, Distillery Division
2020-11-13 16:10:39.9141 INFO Get User Success :51-Harinagar Sugar Mills Limited, Distillery Division
2020-11-13 16:10:39.9169 INFO Get Allotment List Success
2020-11-13 16:10:39.9371 INFO Get User Success :51-Harinagar Sugar Mills Limited, Distillery Division
2020-11-13 16:10:39.9371 INFO Get Party Master List Success
2020-11-13 16:10:39.9490 INFO Get Indent List Success
2020-11-13 16:10:39.9490 INFO Get Allotment Details Success
2020-11-13 16:10:39.9490 INFO Get User Success :51-Harinagar Sugar Mills Limited, Distillery Division
2020-11-13 16:10:41.6492 INFO Get User Success :51-Harinagar Sugar Mills Limited, Distillery Division
2020-11-13 16:10:41.6512 INFO Get Allotment List Success
2020-11-13 16:10:41.6512 INFO Get User Success :51-Harinagar Sugar Mills Limited, Distillery Division
2020-11-13 16:10:42.4339 INFO Get User Success :51-Harinagar Sugar Mills Limited, Distillery Division
2020-11-13 16:10:42.4339 INFO Get Allotment List Success
2020-11-13 16:10:42.4549 INFO Get User Success :51-Harinagar Sugar Mills Limited, Distillery Division
2020-11-13 16:10:42.4549 INFO Get Party Master List Success
2020-11-13 16:10:42.4629 INFO Get Indent List Success
2020-11-13 16:10:42.4629 INFO Get Allotment Details Success
2020-11-13 16:10:42.4629 INFO Get User Success :51-Harinagar Sugar Mills Limited, Distillery Division
2020-11-13 16:10:47.1886 INFO Get User Success :51-Harinagar Sugar Mills Limited, Distillery Division
2020-11-13 16:10:47.1886 INFO Get Allotment List Success
2020-11-13 16:10:47.1886 INFO Get User Success :51-Harinagar Sugar Mills Limited, Distillery Division
2020-11-13 16:10:48.4260 INFO Get User Success :51-Harinagar Sugar Mills Limited, Distillery Division
2020-11-13 16:10:48.4260 INFO Get Allotment List Success
2020-11-13 16:10:48.4476 INFO Get User Success :51-Harinagar Sugar Mills Limited, Distillery Division
2020-11-13 16:10:48.4476 INFO Get Party Master List Success
2020-11-13 16:10:48.4476 INFO Get Indent List Success
2020-11-13 16:10:48.4476 INFO Get Allotment Details Success
2020-11-13 16:10:48.4476 INFO Get User Success :51-Harinagar Sugar Mills Limited, Distillery Division
2020-11-13 16:11:15.0919 INFO Get User Success :51-Harinagar Sugar Mills Limited, Distillery Division
2020-11-13 16:11:15.0919 INFO Get Party Master List Success
2020-11-13 16:11:15.0919 INFO Get Indent List Success
2020-11-13 16:11:15.0919 INFO Get Allotment Details Success
2020-11-13 16:11:59.4540 INFO Get User Success :51-Harinagar Sugar Mills Limited, Distillery Division
2020-11-13 16:12:03.4299 INFO Get User Success :51-Harinagar Sugar Mills Limited, Distillery Division
2020-11-13 16:12:03.4331 INFO Get Party Master List Success
2020-11-13 16:12:03.4331 INFO Get Indent List Success
2020-11-13 16:12:03.4331 INFO Get Allotment Details Success
2020-11-13 16:12:37.2228 INFO Get User Success :51-Harinagar Sugar Mills Limited, Distillery Division
2020-11-13 16:13:13.0112 INFO Get User Success :51-Harinagar Sugar Mills Limited, Distillery Division
2020-11-13 16:13:13.0112 INFO Get Party Master List Success
2020-11-13 16:13:13.0112 INFO Get Indent List Success
2020-11-13 16:13:14.9231 INFO Get Allotment Details Success
2020-11-13 16:13:51.3555 INFO Get Party Master List Success
2020-11-13 16:14:08.9468 INFO Get Indent List Success
2020-11-13 16:14:12.1645 INFO Get Allotment Details Success
2020-11-13 16:15:17.6548 INFO Get User Success :51-Harinagar Sugar Mills Limited, Distillery Division
2020-11-13 16:15:25.7010 INFO Get User Success :51-Harinagar Sugar Mills Limited, Distillery Division
2020-11-13 16:15:25.7010 INFO Get Party Master List Success
2020-11-13 16:15:25.7010 INFO Get Indent List Success
2020-11-13 16:15:47.1099 INFO Get Allotment Details Success
2020-11-13 16:15:50.2400 INFO Get User Success :51-Harinagar Sugar Mills Limited, Distillery Division
2020-11-13 16:15:55.4033 INFO Get User Success :51-Harinagar Sugar Mills Limited, Distillery Division
2020-11-13 16:15:55.4033 INFO Get Party Master List Success
2020-11-13 16:15:55.4033 INFO Get Indent List Success
2020-11-13 16:15:55.4164 INFO Get Allotment Details Success
2020-11-13 16:15:55.4164 INFO Get User Success :51-Harinagar Sugar Mills Limited, Distillery Division
2020-11-13 16:15:56.2701 INFO Get User Success :51-Harinagar Sugar Mills Limited, Distillery Division
2020-11-13 16:15:56.2767 INFO Get Party Master List Success
2020-11-13 16:15:56.2767 INFO Get Indent List Success
2020-11-13 16:15:56.2767 INFO Get Allotment Details Success
2020-11-13 16:15:56.2767 INFO Get User Success :51-Harinagar Sugar Mills Limited, Distillery Division
2020-11-13 16:15:56.5676 INFO Get User Success :51-Harinagar Sugar Mills Limited, Distillery Division
2020-11-13 16:15:56.5716 INFO Get Party Master List Success
2020-11-13 16:15:56.5716 INFO Get Indent List Success
2020-11-13 16:15:56.5716 INFO Get Allotment Details Success
2020-11-13 16:15:56.5885 INFO Get User Success :51-Harinagar Sugar Mills Limited, Distillery Division
2020-11-13 16:15:56.7750 INFO Get User Success :51-Harinagar Sugar Mills Limited, Distillery Division
2020-11-13 16:15:56.7750 INFO Get Party Master List Success
2020-11-13 16:15:56.7750 INFO Get Indent List Success
2020-11-13 16:15:56.7750 INFO Get Allotment Details Success
2020-11-13 16:15:56.7950 INFO Get User Success :51-Harinagar Sugar Mills Limited, Distillery Division
2020-11-13 16:15:56.9795 INFO Get User Success :51-Harinagar Sugar Mills Limited, Distillery Division
2020-11-13 16:15:56.9795 INFO Get Party Master List Success
2020-11-13 16:15:56.9795 INFO Get Indent List Success
2020-11-13 16:15:56.9795 INFO Get Allotment Details Success
2020-11-13 16:15:56.9954 INFO Get User Success :51-Harinagar Sugar Mills Limited, Distillery Division
2020-11-13 16:16:32.7410 INFO Get User Success :51-Harinagar Sugar Mills Limited, Distillery Division
2020-11-13 16:16:32.7440 INFO Get Party Master List Success
2020-11-13 16:16:32.7440 INFO Get Indent List Success
2020-11-13 16:16:32.7440 INFO Get Allotment Details Success
2020-11-13 16:16:32.7440 INFO Get User Success :51-Harinagar Sugar Mills Limited, Distillery Division
2020-11-13 16:16:37.9769 INFO Get User Success :51-Harinagar Sugar Mills Limited, Distillery Division
2020-11-13 16:16:37.9794 INFO Get Allotment List Success
2020-11-13 16:16:37.9794 INFO Get User Success :51-Harinagar Sugar Mills Limited, Distillery Division
2020-11-13 16:16:40.4575 INFO Get User Success :51-Harinagar Sugar Mills Limited, Distillery Division
2020-11-13 16:16:40.4575 INFO Get Allotment List Success
2020-11-13 16:16:40.4933 INFO Get User Success :51-Harinagar Sugar Mills Limited, Distillery Division
2020-11-13 16:16:40.4963 INFO Get Party Master List Success
2020-11-13 16:16:40.4963 INFO Get Indent List Success
2020-11-13 16:16:40.4963 INFO Get Allotment Details Success
2020-11-13 16:16:40.5098 INFO Get User Success :51-Harinagar Sugar Mills Limited, Distillery Division
2020-11-13 16:24:03.8862 INFO Get User Success :18-Harinagar Distillery
2020-11-13 16:24:08.3342 INFO Get User Success :18-Harinagar Distillery
2020-11-13 16:24:08.3634 INFO Get User Success :18-Harinagar Distillery
2020-11-13 16:24:17.6731 INFO Get User Success :18-Harinagar Distillery
2020-11-13 16:24:17.6970 INFO Get User Success :18-Harinagar Distillery
2020-11-13 16:24:24.6016 INFO Get User Success :18-Harinagar Distillery
2020-11-13 16:24:24.6273 INFO Get User Success :18-Harinagar Distillery
2020-11-13 16:24:31.2100 INFO Get User Success :18-Harinagar Distillery
2020-11-13 16:24:31.2142 INFO Get RR List Success
2020-11-13 16:24:31.2536 INFO Get User Success :18-Harinagar Distillery
2020-11-13 16:24:32.7790 INFO Get User Success :18-Harinagar Distillery
2020-11-13 16:24:32.8013 INFO Get User Success :18-Harinagar Distillery
2020-11-13 16:26:40.7702 INFO Get User Success :18-Harinagar Distillery
2020-11-13 16:26:40.7931 INFO Get User Success :18-Harinagar Distillery
2020-11-13 16:27:13.9551 INFO Get User Success :18-Harinagar Distillery
2020-11-13 16:27:17.4430 INFO Get User Success :18-Harinagar Distillery
2020-11-13 16:27:24.4595 INFO Get User Success :18-Harinagar Distillery
2020-11-13 16:27:51.5730 INFO Get User Success :19-Harinagar Bond Officer
2020-11-13 16:27:54.8780 INFO Get User Success :19-Harinagar Bond Officer
2020-11-13 16:27:57.6494 INFO Get User Success :19-Harinagar Bond Officer
2020-11-13 16:28:09.5154 INFO Get User Success :19-Harinagar Bond Officer
2020-11-13 16:28:09.5154 INFO Get User Success :19-Harinagar Bond Officer
2020-11-13 16:28:42.2964 INFO Get User Success :19-Harinagar Bond Officer
2020-11-13 16:28:42.2964 INFO Get User Success :19-Harinagar Bond Officer
2020-11-13 16:30:59.2337 INFO Get User Success :19-Harinagar Bond Officer
2020-11-13 16:31:02.4697 INFO Get User Success :19-Harinagar Bond Officer
2020-11-13 16:31:04.4510 INFO Get User Success :19-Harinagar Bond Officer
2020-11-13 16:31:04.4510 INFO Get User Success :19-Harinagar Bond Officer
2020-11-13 16:32:59.0281 INFO Get User Success :17-Bond Officer
2020-11-13 16:33:02.2132 INFO Get User Success :17-Bond Officer
2020-11-13 16:33:02.2132 INFO Get User Success :17-Bond Officer
2020-11-13 16:33:10.4983 INFO Get User Success :17-Bond Officer
2020-11-13 16:33:10.4983 INFO Get User Success :17-Bond Officer
2020-11-13 16:33:56.4503 INFO Get User Success :17-Bond Officer
2020-11-13 16:33:56.4503 INFO Get User Success :17-Bond Officer
2020-11-13 16:36:00.4049 INFO Get User Success :17-Bond Officer
2020-11-13 16:36:03.5005 INFO Get User Success :17-Bond Officer
2020-11-13 16:36:03.5005 INFO Get User Success :17-Bond Officer
2020-11-13 16:37:17.7455 INFO Get User Success :17-Bond Officer
2020-11-13 16:37:17.7455 INFO Get User Success :17-Bond Officer
2020-11-13 16:37:23.1409 INFO Get User Success :17-Bond Officer
2020-11-13 16:37:23.1409 INFO Get RR List Success
2020-11-13 16:37:23.1519 INFO Get User Success :17-Bond Officer
2020-11-13 16:37:27.1900 INFO Get User Success :17-Bond Officer
2020-11-13 16:37:27.1900 INFO Get User Success :17-Bond Officer
2020-11-13 16:39:35.7553 INFO Get User Success :19-Harinagar Bond Officer
2020-11-13 16:39:38.8403 INFO Get User Success :19-Harinagar Bond Officer
2020-11-13 16:39:38.8403 INFO Get User Success :19-Harinagar Bond Officer
2020-11-13 16:40:48.9926 INFO Get User Success :19-Harinagar Bond Officer
2020-11-13 16:40:48.9935 INFO Get RR List Success
2020-11-13 16:42:42.8797 INFO Get RR List Success
2020-11-13 16:42:55.8653 INFO Get RR List Success
2020-11-13 16:42:55.8692 INFO Get User Success :19-Harinagar Bond Officer
2020-11-13 16:43:03.6733 INFO Approve Request Pass Success
2020-11-13 16:43:03.6975 INFO Get User Success :19-Harinagar Bond Officer
2020-11-13 16:43:03.6975 INFO Get User Success :19-Harinagar Bond Officer
2020-11-13 16:43:11.1377 INFO Get User Success :19-Harinagar Bond Officer
2020-11-13 16:43:11.1377 INFO Get RR List Success
2020-11-13 16:43:11.1377 INFO Get RR List Success
2020-11-13 16:43:11.1377 INFO Get User Success :19-Harinagar Bond Officer
2020-11-13 16:43:19.3565 INFO Get User Success :18-Harinagar Distillery
2020-11-13 16:43:22.3379 INFO Get User Success :18-Harinagar Distillery
2020-11-13 16:43:22.3379 INFO Get User Success :18-Harinagar Distillery
2020-11-13 16:43:46.7420 INFO Get User Success :18-Harinagar Distillery
2020-11-13 16:43:46.7461 INFO Get RR List Success
2020-11-13 16:43:46.7461 INFO Get RR List Success
2020-11-13 16:43:46.7610 INFO Get Balance Request Pass Success
2020-11-13 16:43:46.7610 INFO Get User Success :18-Harinagar Distillery
2020-11-13 16:43:48.9917 INFO Update Request Pass Success
2020-11-13 16:43:49.0136 INFO Get User Success :18-Harinagar Distillery
2020-11-13 16:43:49.0136 INFO Get User Success :18-Harinagar Distillery
2020-11-13 16:43:53.9310 INFO Get User Success :18-Harinagar Distillery
2020-11-13 16:43:53.9310 INFO Get RR List Success
2020-11-13 16:43:53.9310 INFO Get RR List Success
2020-11-13 16:43:53.9310 INFO Get Balance Request Pass Success
2020-11-13 16:43:53.9310 INFO Get User Success :18-Harinagar Distillery
2020-11-13 16:44:02.9815 INFO Get User Success :17-Bond Officer
2020-11-13 16:44:06.0221 INFO Get User Success :17-Bond Officer
2020-11-13 16:44:06.0261 INFO Get User Success :17-Bond Officer
2020-11-13 16:44:09.2608 INFO Get User Success :17-Bond Officer
2020-11-13 16:44:09.2608 INFO Get RR List Success
2020-11-13 16:44:09.2608 INFO Get RR List Success
2020-11-13 16:44:09.2608 INFO Get Balance Request Pass Success
2020-11-13 16:44:09.2608 INFO Get User Success :17-Bond Officer
2020-11-13 16:44:14.2673 INFO Approve Request Pass Success
2020-11-13 16:44:14.2867 INFO Get User Success :17-Bond Officer
2020-11-13 16:44:14.2867 INFO Get User Success :17-Bond Officer
2020-11-13 16:44:17.7476 INFO Get User Success :17-Bond Officer
2020-11-13 16:44:17.7476 INFO Get RR List Success
2020-11-13 16:44:17.7476 INFO Get RR List Success
2020-11-13 16:44:17.7476 INFO Get Balance Request Pass Success
2020-11-13 16:44:17.7476 INFO Get User Success :17-Bond Officer
2020-11-13 16:44:21.9118 INFO Get User Success :17-Bond Officer
2020-11-13 16:44:21.9118 INFO Get User Success :17-Bond Officer
2020-11-13 16:44:34.2295 INFO Get User Success :18-Harinagar Distillery
2020-11-13 16:44:38.2259 INFO Get User Success :18-Harinagar Distillery
2020-11-13 16:44:38.2289 INFO Get User Success :18-Harinagar Distillery
2020-11-13 17:00:57.4517 INFO Get User Success :18-Harinagar Distillery
2020-11-13 17:00:59.9995 INFO Get User Success :18-Harinagar Distillery
2020-11-13 17:01:00.0125 INFO Get User Success :18-Harinagar Distillery
2020-11-13 17:01:08.4908 INFO Get User Success :18-Harinagar Distillery
2020-11-13 17:01:08.4942 INFO Get User Success :18-Harinagar Distillery
2020-11-13 17:02:09.6115 INFO Get User Success :18-Harinagar Distillery
2020-11-13 17:02:18.1301 INFO Get User Success :18-Harinagar Distillery
2020-11-13 17:03:12.8648 INFO Get User Success :18-Harinagar Distillery
2020-11-13 17:03:12.8648 INFO Get User Success :18-Harinagar Distillery
2020-11-13 17:06:28.3834 INFO Get User Success :18-Harinagar Distillery
2020-11-13 17:06:28.3864 INFO Get User Success :18-Harinagar Distillery
2020-11-13 17:07:40.4388 INFO Get User Success :18-Harinagar Distillery
2020-11-13 17:07:40.4388 INFO Get User Success :18-Harinagar Distillery
2020-11-13 17:08:00.8654 INFO Get User Success :18-Harinagar Distillery
2020-11-13 17:08:00.8684 INFO Get User Success :18-Harinagar Distillery
2020-11-13 17:08:16.6896 INFO Get User Success :18-Harinagar Distillery
2020-11-13 17:09:03.4150 INFO Get User Success :18-Harinagar Distillery
2020-11-13 17:09:14.0585 INFO Get User Success :18-Harinagar Distillery
2020-11-13 17:09:46.8160 INFO Get User Success :18-Harinagar Distillery
2020-11-13 17:10:19.4527 INFO Get User Success :18-Harinagar Distillery
2020-11-13 17:10:20.8932 INFO Get User Success :18-Harinagar Distillery
2020-11-13 17:10:46.6845 INFO Get User Success :18-Harinagar Distillery
2020-11-13 17:10:48.1276 INFO Get User Success :18-Harinagar Distillery
2020-11-13 17:11:02.8719 INFO Get User Success :18-Harinagar Distillery
2020-11-13 17:11:04.2372 INFO Get User Success :18-Harinagar Distillery
2020-11-13 17:11:17.5804 INFO Get User Success :18-Harinagar Distillery
2020-11-13 17:11:20.6400 INFO Get User Success :18-Harinagar Distillery
2020-11-13 17:11:40.9135 INFO Get User Success :18-Harinagar Distillery
2020-11-13 17:11:40.9166 INFO Get User Success :18-Harinagar Distillery
2020-11-13 17:11:57.0167 INFO Get User Success :18-Harinagar Distillery
2020-11-13 17:11:57.0167 INFO Get User Success :18-Harinagar Distillery
2020-11-13 17:12:04.1098 INFO Get User Success :18-Harinagar Distillery
2020-11-13 17:12:04.1098 INFO Get User Success :18-Harinagar Distillery
2020-11-13 17:12:19.4077 INFO Get User Success :18-Harinagar Distillery
2020-11-13 17:12:26.2056 INFO Get User Success :18-Harinagar Distillery
2020-11-13 17:12:42.2317 INFO Get User Success :18-Harinagar Distillery
2020-11-13 17:12:42.2317 INFO Get User Success :18-Harinagar Distillery
2020-11-13 17:13:20.2395 INFO Get User Success :18-Harinagar Distillery
2020-11-13 17:13:20.2445 INFO Get User Success :18-Harinagar Distillery
2020-11-13 17:13:20.7944 INFO Get User Success :18-Harinagar Distillery
2020-11-13 17:13:20.7944 INFO Get User Success :18-Harinagar Distillery
2020-11-13 17:16:15.2782 INFO Get User Success :18-Harinagar Distillery
2020-11-13 17:18:31.7138 INFO Get Party Type Master List Success
2020-11-13 17:21:05.7546 INFO Get User Success :18-Harinagar Distillery
2020-11-13 17:21:11.0895 INFO Get User Success :18-Harinagar Distillery
2020-11-13 17:21:11.0895 INFO Get User Success :18-Harinagar Distillery
2020-11-13 17:22:35.0532 INFO Get User Success :18-Harinagar Distillery
2020-11-13 17:22:35.0653 INFO Get User Success :18-Harinagar Distillery
2020-11-13 17:22:46.5791 INFO Get User Success :18-Harinagar Distillery
2020-11-13 17:23:50.9661 INFO Get User Success :18-Harinagar Distillery
2020-11-13 17:23:50.9661 INFO Get State List Success
2020-11-13 17:23:50.9792 INFO Get User Success :18-Harinagar Distillery
2020-11-13 17:24:22.6190 INFO Get User Success :18-Harinagar Distillery
2020-11-13 17:24:22.6190 INFO Get Indent List Success
2020-11-13 17:24:22.6351 INFO Get User Success :18-Harinagar Distillery
2020-11-13 17:24:59.9759 INFO Get User Success :18-Harinagar Distillery
2020-11-13 17:24:59.9789 INFO Get User Success :18-Harinagar Distillery
2020-11-13 17:25:28.3984 INFO Get User Success :18-Harinagar Distillery
2020-11-13 17:25:28.4014 INFO Get User Success :18-Harinagar Distillery
2020-11-13 17:25:33.7272 INFO Get User Success :18-Harinagar Distillery
2020-11-13 17:25:33.7642 INFO Get User Success :18-Harinagar Distillery
2020-11-13 17:25:38.7558 INFO Get User Success :18-Harinagar Distillery
2020-11-13 17:25:38.7558 INFO Get User Success :18-Harinagar Distillery
2020-11-13 17:25:42.0172 INFO Get User Success :18-Harinagar Distillery
2020-11-13 17:25:42.0172 INFO Get User Success :18-Harinagar Distillery
2020-11-13 17:25:53.0130 INFO Get User Success :18-Harinagar Distillery
2020-11-13 17:25:53.0329 INFO Get User Success :18-Harinagar Distillery
2020-11-13 17:26:35.4347 INFO Get User Success :18-Harinagar Distillery
2020-11-13 17:26:35.4347 INFO Get User Success :18-Harinagar Distillery
2020-11-13 17:27:33.4242 INFO Get User Success :18-Harinagar Distillery
2020-11-13 17:27:33.4242 INFO Get User Success :18-Harinagar Distillery
2020-11-13 17:29:47.2274 INFO Get User Success :18-Harinagar Distillery
2020-11-13 17:29:47.2548 INFO Get User Success :18-Harinagar Distillery
2020-11-13 17:29:52.2367 INFO Get User Success :18-Harinagar Distillery
2020-11-13 17:29:52.2367 INFO Get User Success :18-Harinagar Distillery
2020-11-13 17:30:09.8691 INFO Get User Success :18-Harinagar Distillery
2020-11-13 17:30:09.8691 INFO Get RR List Success
2020-11-13 17:30:09.8914 INFO Get RR List Success
2020-11-13 17:30:09.8914 INFO Get User Success :18-Harinagar Distillery
2020-11-13 17:32:10.2014 INFO Get User Success :18-Harinagar Distillery
2020-11-13 17:32:10.2014 INFO Get Indent List Success
2020-11-13 17:32:10.2014 INFO Get User Success :18-Harinagar Distillery
2020-11-13 17:32:21.0032 INFO Get User Success :18-Harinagar Distillery
2020-11-13 17:32:21.0092 INFO Get RR List Success
2020-11-13 17:32:21.0092 INFO Get User Success :18-Harinagar Distillery
2020-11-13 17:57:25.4534 INFO Get User Success :18-Harinagar Distillery
2020-11-13 17:57:25.4534 INFO Get User Success :18-Harinagar Distillery
2020-11-13 17:57:28.9328 INFO Get User Success :18-Harinagar Distillery
2020-11-13 17:57:28.9328 INFO Get User Success :18-Harinagar Distillery
2020-11-13 17:59:29.9107 INFO Get User Success :18-Harinagar Distillery
2020-11-13 17:59:29.9107 INFO Get User Success :18-Harinagar Distillery
2020-11-13 18:00:01.5194 INFO Get User Success :18-Harinagar Distillery
2020-11-13 18:00:01.5194 INFO Get User Success :18-Harinagar Distillery
2020-11-13 18:02:33.2761 INFO Get User Success :18-Harinagar Distillery
2020-11-13 18:02:33.2761 INFO Get User Success :18-Harinagar Distillery
2020-11-13 18:06:50.2068 INFO Get User Success :18-Harinagar Distillery
2020-11-13 18:06:50.2458 INFO Get User Success :18-Harinagar Distillery
