2020-09-14 12:29:08.3186 INFO Org Get List Success
2020-09-14 12:29:09.9267 INFO Module Get List Success
2020-09-14 12:29:12.4431 INFO Org Get List Success
2020-09-14 12:29:23.7434 INFO Get SubModule Sucess
2020-09-14 12:29:24.7893 INFO Org Get List Success
2020-09-14 12:29:24.7893 INFO Module Get List Success
2020-09-14 12:29:31.2418 INFO Get TabNames List Success
2020-09-14 12:29:32.2920 INFO Org Get List Success
2020-09-14 12:29:32.2920 INFO Module Get List Success
2020-09-14 12:29:42.3086 INFO Get Party Type Master List Success
2020-09-14 12:29:45.2660 INFO Get VAT Master List Success
2020-09-14 12:29:46.5120 INFO Get VAT Master List Success
2020-09-14 12:29:46.5479 INFO Get Party Type Master List Success
2020-09-14 12:29:46.5509 INFO Get UOM List Success
2020-09-14 12:29:46.5509 INFO Get Product Type Master List Success
2020-09-14 12:29:46.5509 INFO Get VAT Type Master List Success
2020-09-14 12:29:46.5509 INFO Get MaxID Success :vat_master
2020-09-14 12:30:03.5029 INFO Get UOM List Success
2020-09-14 12:42:25.4169 INFO Get Party Type Master List Success
2020-09-14 12:42:27.2447 INFO Get VAT Type Master List Success
2020-09-14 12:43:18.6165 INFO Get VAT Type Master List Success
2020-09-14 12:43:22.0171 INFO Get VAT Type Master List Success
2020-09-14 12:43:24.8324 INFO Get VAT Type Master List Success
2020-09-14 12:43:25.9117 INFO Get VAT Type Master List Success
2020-09-14 13:02:05.2407 INFO Get Party Type Master List Success
2020-09-14 13:02:07.5415 INFO Get VAT Type Master List Success
2020-09-14 13:02:11.2005 INFO Get Existing data Fail :VAT_Type_Master
2020-09-14 13:02:37.2202 INFO Get Existing data Fail :VAT_Type_Master
2020-09-14 13:02:48.9335 INFO Get Existing data Success :VAT_Type_Master
2020-09-14 13:03:46.9911 INFO Get Existing data Success :VAT_Type_Master
2020-09-14 13:04:01.4407 INFO Get Existing data Success :VAT_Type_Master
2020-09-14 13:04:14.6428 INFO Get Existing data Success :VAT_Type_Master
2020-09-14 13:05:42.2335 INFO Get Existing data Fail :VAT_Type_Master
2020-09-14 13:05:48.2019 INFO Get Existing data Fail :VAT_Type_Master
2020-09-14 13:06:00.4971 INFO Get Existing data Success :VAT_Type_Master
2020-09-14 13:07:27.6361 INFO Get Party Type Master List Success
2020-09-14 13:07:35.5822 INFO Get Existing data Fail :party_type_master
2020-09-14 13:07:37.7764 INFO Get Existing data Success :party_type_master
2020-09-14 13:10:25.4921 INFO Get Party Type Master List Success
2020-09-14 13:10:29.9962 INFO Get Existing data Fail :party_type_master
2020-09-14 13:10:34.5624 INFO Get Party Master List Success
2020-09-14 13:10:36.0278 INFO Get Party Type Master List Success
2020-09-14 13:10:36.0418 INFO Get Party Master Details Success
2020-09-14 13:10:39.0705 INFO Get Product Type Master List Success
2020-09-14 13:10:39.7751 INFO Get Product Master List Success
2020-09-14 13:10:40.9395 INFO Get Product Type Master List Success
2020-09-14 13:10:42.1340 INFO Get UOM List Success
2020-09-14 13:10:44.8549 INFO Get VAT Type Master List Success
2020-09-14 13:10:48.0384 INFO Get UOM List Success
2020-09-14 13:11:17.5262 INFO Get Product Master List Success
2020-09-14 13:11:18.9272 INFO Get Product Type Master List Success
2020-09-14 13:11:58.6277 INFO Get Product Type Master List Success
2020-09-14 13:12:03.1823 INFO Get Product Type Master List Success
2020-09-14 13:13:33.3204 INFO Get Party Master List Success
2020-09-14 13:13:34.8763 INFO Get Party Type Master List Success
2020-09-14 13:13:34.8793 INFO Get Party Master Details Success
2020-09-14 13:14:15.5199 INFO Get Party Type Master List Success
2020-09-14 13:14:15.5199 INFO Get Party Master Details Success
2020-09-14 13:14:33.8323 INFO Get Party Type Master List Success
2020-09-14 13:14:37.1900 INFO Get Party Type Master List Success
2020-09-14 13:14:38.0337 INFO Get Party Master List Success
2020-09-14 13:14:39.2029 INFO Get Party Type Master List Success
2020-09-14 13:14:39.2119 INFO Get Party Master Details Success
2020-09-14 13:14:40.2325 INFO Get Product Type Master List Success
2020-09-14 13:14:42.3350 INFO Get Product Master List Success
2020-09-14 13:14:44.5318 INFO Get Product Type Master List Success
2020-09-14 13:14:45.5428 INFO Get UOM List Success
2020-09-14 13:14:47.4160 INFO Get VAT Type Master List Success
2020-09-14 13:14:49.8674 INFO Get VAT Master List Success
2020-09-14 13:14:50.9937 INFO Get VAT Master List Success
2020-09-14 13:14:51.0316 INFO Get Party Type Master List Success
2020-09-14 13:14:51.0316 INFO Get UOM List Success
2020-09-14 13:14:51.0316 INFO Get Product Type Master List Success
2020-09-14 13:14:51.0346 INFO Get VAT Type Master List Success
2020-09-14 13:14:51.0595 INFO Get VAT Details Fail :Field not found in row: party_name
2020-09-14 13:14:51.0595 INFO Get Party Master List Success
2020-09-14 13:14:51.0595 INFO Get Product Master List Success
2020-09-14 13:15:06.0499 INFO Get Party Type Master List Success
2020-09-14 13:15:06.0499 INFO Get UOM List Success
2020-09-14 13:15:06.0499 INFO Get Product Type Master List Success
2020-09-14 13:15:06.0499 INFO Get VAT Type Master List Success
2020-09-14 13:15:06.0692 INFO Get VAT Details Fail :Field not found in row: party_name
2020-09-14 13:15:06.0692 INFO Get Party Master List Success
2020-09-14 13:15:06.0692 INFO Get Product Master List Success
2020-09-14 13:15:14.4413 INFO Get VAT Master List Success
2020-09-14 13:15:16.0788 INFO Get VAT Master List Success
2020-09-14 13:15:16.0957 INFO Get VAT Type Master List Success
2020-09-14 13:15:34.3185 INFO Get Party Type Master List Success
2020-09-14 13:15:34.9296 INFO Get Party Master List Success
2020-09-14 13:15:35.5635 INFO Get Product Type Master List Success
2020-09-14 13:15:36.0238 INFO Get Product Master List Success
2020-09-14 13:15:36.3988 INFO Get UOM List Success
2020-09-14 13:15:36.8061 INFO Get VAT Type Master List Success
2020-09-14 13:15:42.5527 INFO Get UOM List Success
2020-09-14 13:15:43.0469 INFO Get Product Master List Success
2020-09-14 13:15:45.1106 INFO Get GetSeverList Success
2020-09-14 13:15:50.6542 INFO Get GetSeverList Success
2020-09-14 13:15:53.1242 INFO Org Get List Success
2020-09-14 13:15:55.5404 INFO Org Get GetOrg_Details Success
2020-09-14 13:16:00.3109 INFO GetFinacListValues Success
2020-09-14 13:16:05.5854 INFO Module Get List Success
2020-09-14 13:16:08.1766 INFO Org Get List Success
2020-09-14 13:16:10.1056 INFO Get SubModule Sucess
2020-09-14 13:16:11.2271 INFO Org Get List Success
2020-09-14 13:16:11.2271 INFO Module Get List Success
2020-09-14 13:16:12.4904 INFO Get TabNames List Success
2020-09-14 13:16:13.4433 INFO Org Get List Success
2020-09-14 13:16:13.4433 INFO Module Get List Success
2020-09-14 13:16:13.4433 INFO Get SubModule Sucess
2020-09-14 13:16:17.2627 INFO Get TabNames List Success
2020-09-14 13:17:10.2491 INFO Get Party Type Master List Success
2020-09-14 13:17:12.3592 INFO Get Product Type Master List Success
2020-09-14 13:17:16.8374 INFO Get Existing data Fail :product_type_master
2020-09-14 13:17:18.6652 INFO Get Existing data Fail :product_type_master
2020-09-14 13:17:20.7776 INFO Get Existing data Fail :product_type_master
2020-09-14 13:17:23.6756 INFO Get Existing data Fail :product_type_master
2020-09-14 13:18:05.0546 INFO Get Existing data Fail :product_type_master
2020-09-14 13:18:26.7854 INFO Get Existing data Fail :product_type_master
2020-09-14 13:18:41.1860 INFO Get Existing data Fail :product_type_master
2020-09-14 13:19:15.2565 INFO Get Existing data Fail :product_type_master
2020-09-14 13:19:30.4017 INFO Get Existing data Fail :product_type_master
2020-09-14 13:19:37.4883 INFO Get Existing data Success :product_type_master
2020-09-14 13:19:43.7409 INFO Get Product Master List Success
2020-09-14 13:19:45.1922 INFO Get Product Type Master List Success
2020-09-14 13:19:49.1075 INFO Get Existing data Fail :product_type_master
2020-09-14 13:20:03.9971 INFO Get Existing data Fail :product_type_master
2020-09-14 13:21:01.9317 INFO Get Product Type Master List Success
2020-09-14 13:22:25.0932 INFO Get Party Type Master List Success
2020-09-14 13:22:28.0194 INFO Get Product Type Master List Success
2020-09-14 13:22:33.1965 INFO Get Product Type Master List Success
2020-09-14 13:22:46.7615 INFO Get Existing data Success :product_type_master
2020-09-14 13:22:59.0806 INFO Get Product Type Master List Success
2020-09-14 13:23:00.2589 INFO Get Product Master List Success
2020-09-14 13:23:02.4582 INFO Get Product Type Master List Success
2020-09-14 13:23:04.8578 INFO Get Existing data Fail :product_type_master
2020-09-14 13:23:09.9419 INFO Get Product Master List Success
2020-09-14 13:23:10.8769 INFO Get UOM List Success
2020-09-14 13:23:15.0904 INFO Get Existing data Fail :UOM_Master
2020-09-14 13:23:16.9302 INFO Get Existing data Success :UOM_Master
2020-09-14 13:29:32.5131 INFO Org Get List Success
2020-09-14 13:29:33.7228 INFO Module Get List Success
2020-09-14 13:29:35.0704 INFO Org Get List Success
2020-09-14 13:29:37.0072 INFO Module Get List Success
2020-09-14 13:29:37.8090 INFO Org Get List Success
2020-09-14 13:29:39.6900 INFO Get Existing data Success :module_master
2020-09-14 13:29:45.5090 INFO Get Existing data Fail :module_master
2020-09-14 13:29:46.6226 INFO Get Existing data Success :module_master
2020-09-14 13:29:49.8590 INFO Get Existing data Fail :module_master
2020-09-14 13:29:57.8813 INFO Get Existing data Fail :module_master
2020-09-14 13:30:01.7026 INFO Module Insertion Fail:uom-user Management1-42703: column "module_code" of relation "party_master" does not exist
2020-09-14 13:42:20.1035 INFO Org Get List Success
2020-09-14 13:42:21.2812 INFO Module Get List Success
2020-09-14 13:42:22.4548 INFO Org Get List Success
2020-09-14 13:42:22.4847 INFO Get MaxID Success :Module_master
2020-09-14 13:43:32.2544 INFO Get MaxID Success :Module_master
2020-09-14 13:43:37.4809 INFO Get Existing data Success :module_master
2020-09-14 13:43:45.1485 INFO Get Existing data Fail :module_master
2020-09-14 13:43:46.0619 INFO Get Existing data Fail :module_master
2020-09-14 13:43:51.6687 INFO Get Existing data Fail :module_master
2020-09-14 13:43:54.2520 INFO Module Insertion Fail:uoo-uomManagement1-42703: column "msn_no" of relation "module_master" does not exist
2020-09-14 13:45:14.4233 INFO Module Insertion Sucess:uoo-uomManagement1
2020-09-14 13:45:14.4403 INFO Module Get List Success
2020-09-14 13:46:13.6941 INFO Org Get List Success
2020-09-14 13:46:14.5377 INFO Get SubModule Sucess
2020-09-14 13:46:17.0054 INFO Org Get List Success
2020-09-14 13:46:17.0054 INFO Module Get List Success
2020-09-14 13:46:19.8678 INFO Get Existing data Fail :Submodule_master
2020-09-14 13:46:21.5148 INFO Get Existing data Fail :Submodule_master
2020-09-14 13:46:25.6722 INFO Insert SubModule Fail :111-1111-42703: column "submodule_code" of relation "party_master" does not exist
2020-09-14 13:48:40.0477 INFO Insert SubModule Success :111-1111
2020-09-14 13:48:40.0727 INFO Get SubModule Sucess
2020-09-14 13:48:43.9838 INFO Get TabNames List Success
2020-09-14 13:48:47.5109 INFO Org Get List Success
2020-09-14 13:48:47.5109 INFO Module Get List Success
2020-09-14 13:50:03.4411 INFO Org Get List Success
2020-09-14 13:50:03.4411 INFO Module Get List Success
2020-09-14 13:50:13.6725 INFO Get SubModule Sucess
2020-09-14 13:51:25.6058 INFO Insert TabNames Success :0-view_division_report1
2020-09-14 13:51:25.6397 INFO Get TabNames List Success
2020-09-14 14:56:35.6993 INFO Org Get List Success
2020-09-14 14:56:36.7524 INFO Module Get List Success
2020-09-14 14:56:38.0406 INFO Org Get List Success
2020-09-14 14:56:38.0556 INFO Get MaxID Success :Module_master
2020-09-14 14:56:39.6147 INFO Get SubModule Sucess
2020-09-14 14:56:40.8810 INFO Org Get List Success
2020-09-14 14:56:40.8810 INFO Module Get List Success
2020-09-14 14:56:42.5538 INFO Get TabNames List Success
2020-09-14 15:00:49.6933 INFO Get Module_master In ViewModel Success 
2020-09-14 15:00:49.7221 INFO Get ViewModel Success 
2020-09-14 15:00:49.7221 INFO Get GetMaxID Success : Report_master
2020-09-14 15:00:56.6138 INFO Org Get List Success
2020-09-14 15:00:58.8096 INFO Module Get List Success
2020-09-14 15:00:59.8889 INFO Org Get List Success
2020-09-14 15:00:59.8889 INFO Get MaxID Success :Module_master
2020-09-14 15:06:45.0707 INFO Get Module_master In ViewModel Success 
2020-09-14 15:06:45.0996 INFO Get SubModule_master In ViewModel Success 
2020-09-14 15:06:45.0996 INFO Get TabName Master In ViewModel Success 
2020-09-14 15:06:45.0996 INFO Get SubModule_master In ViewModel Success 
2020-09-14 15:06:45.0996 INFO Get TabName Master In ViewModel Success 
2020-09-14 15:06:45.0996 INFO Get ViewModel Success 
2020-09-14 15:06:45.1186 INFO Get GetMaxID Success : Report_master
2020-09-14 15:07:56.2423 INFO Insert Report Success :1-view_state_report
2020-09-14 15:09:01.7657 INFO Insert Report Success :1-view_state_report
2020-09-14 15:37:31.8551 INFO Get Party Type Master List Success
2020-09-14 15:37:35.0701 INFO Get Party Master List Success
2020-09-14 15:37:35.6617 INFO Get Product Type Master List Success
2020-09-14 15:37:36.1973 INFO Get Product Master List Success
2020-09-14 15:37:36.6052 INFO Get UOM List Success
2020-09-14 15:37:37.0897 INFO Get VAT Type Master List Success
2020-09-14 15:37:42.1761 INFO Get Product Type Master List Success
2020-09-14 15:37:42.7405 INFO Get Product Master List Success
2020-09-14 15:37:43.5997 INFO Get Product Type Master List Success
2020-09-14 15:37:46.9180 INFO Get Party Type Master List Success
2020-09-14 15:37:58.3290 INFO Get VAT Type Master List Success
2020-09-14 15:38:43.3213 INFO Get VAT Type Master List Success
2020-09-14 15:38:51.2390 INFO Get VAT Type Master List Success
2020-09-14 15:38:51.7972 INFO Get UOM List Success
2020-09-14 15:39:13.0887 INFO Get UOM List Success
2020-09-14 15:39:43.6681 INFO Get UOM List Success
2020-09-14 15:39:44.9708 INFO Get Product Master List Success
2020-09-14 15:39:45.7261 INFO Get Product Type Master List Success
2020-09-14 15:39:46.4900 INFO Get Party Master List Success
2020-09-14 15:39:47.3375 INFO Get Party Type Master List Success
2020-09-14 15:39:48.2081 INFO Get Party Master List Success
2020-09-14 15:39:48.8458 INFO Get Product Type Master List Success
2020-09-14 15:39:49.6096 INFO Get Product Master List Success
2020-09-14 15:39:50.3964 INFO Get UOM List Success
2020-09-14 15:39:51.1343 INFO Get VAT Type Master List Success
2020-09-14 15:39:52.9385 INFO Get VAT Type Master List Success
2020-09-14 15:39:53.4322 INFO Get UOM List Success
2020-09-14 15:39:53.9091 INFO Get Product Master List Success
2020-09-14 15:39:54.6542 INFO Get Product Type Master List Success
2020-09-14 15:39:55.1358 INFO Get Party Master List Success
2020-09-14 15:39:55.5645 INFO Get Party Type Master List Success
2020-09-14 15:39:56.0596 INFO Get Party Master List Success
2020-09-14 15:39:56.4764 INFO Get Product Type Master List Success
2020-09-14 15:39:56.8875 INFO Get Product Master List Success
2020-09-14 15:39:57.2780 INFO Get UOM List Success
2020-09-14 15:39:57.6623 INFO Get VAT Type Master List Success
2020-09-14 15:39:58.4962 INFO Get VAT Type Master List Success
2020-09-14 15:39:58.8823 INFO Get UOM List Success
2020-09-14 15:39:59.2380 INFO Get Product Master List Success
2020-09-14 15:39:59.6388 INFO Get Product Type Master List Success
2020-09-14 15:40:00.0627 INFO Get Party Master List Success
2020-09-14 15:40:00.4059 INFO Get Party Type Master List Success
2020-09-14 15:40:05.8334 INFO Get Party Master List Success
2020-09-14 15:40:06.3829 INFO Get Product Type Master List Success
2020-09-14 15:40:06.7917 INFO Get Product Master List Success
2020-09-14 15:40:07.1896 INFO Get UOM List Success
2020-09-14 15:40:07.5577 INFO Get VAT Type Master List Success
2020-09-14 15:40:08.3824 INFO Get VAT Type Master List Success
2020-09-14 15:40:08.9906 INFO Get UOM List Success
2020-09-14 15:40:09.3417 INFO Get Product Master List Success
2020-09-14 15:40:09.7325 INFO Get Product Type Master List Success
2020-09-14 15:40:10.1092 INFO Get Party Type Master List Success
2020-09-14 15:40:10.9191 INFO Get Party Master List Success
2020-09-14 15:40:11.4313 INFO Get Product Type Master List Success
2020-09-14 15:40:11.8302 INFO Get Product Master List Success
2020-09-14 15:40:12.1980 INFO Get UOM List Success
2020-09-14 15:40:12.6127 INFO Get VAT Type Master List Success
2020-09-14 15:40:14.7114 INFO Get VAT Type Master List Success
2020-09-14 15:40:15.2378 INFO Get UOM List Success
2020-09-14 15:40:15.6159 INFO Get Product Master List Success
2020-09-14 15:40:15.9889 INFO Get Product Type Master List Success
2020-09-14 15:40:16.3422 INFO Get Party Master List Success
2020-09-14 15:40:16.7205 INFO Get Party Type Master List Success
2020-09-14 15:40:24.5852 INFO Get Party Master List Success
2020-09-14 15:40:25.0283 INFO Get Product Type Master List Success
2020-09-14 15:40:25.4001 INFO Get Product Master List Success
2020-09-14 15:40:25.8130 INFO Get UOM List Success
2020-09-14 15:40:26.2018 INFO Get VAT Type Master List Success
2020-09-14 15:40:27.7601 INFO Get VAT Type Master List Success
2020-09-14 15:40:28.2304 INFO Get UOM List Success
2020-09-14 15:40:28.6782 INFO Get Product Master List Success
2020-09-14 15:40:29.1603 INFO Get Product Type Master List Success
2020-09-14 15:40:29.6070 INFO Get Party Master List Success
2020-09-14 15:40:29.9750 INFO Get Party Type Master List Success
2020-09-14 15:40:32.4520 INFO Org Get List Success
2020-09-14 15:40:33.3495 INFO GetFinacListValues Success
2020-09-14 15:40:33.9241 INFO Module Get List Success
2020-09-14 15:40:34.4428 INFO Get SubModule Sucess
2020-09-14 15:40:34.8175 INFO Get TabNames List Success
2020-09-14 15:40:36.1870 INFO Get SubModule Sucess
2020-09-14 15:40:57.4118 INFO Get SubModule Sucess
2020-09-14 15:40:59.3362 INFO Get SubModule Sucess
2020-09-14 15:41:05.0941 INFO Get SubModule Sucess
2020-09-14 15:41:06.7897 INFO Org Get List Success
2020-09-14 15:41:06.8221 INFO Module Get List Success
2020-09-14 15:41:08.2714 INFO Module Get List Success
2020-09-14 15:41:09.1241 INFO GetFinacListValues Success
2020-09-14 15:41:09.7226 INFO Org Get List Success
2020-09-14 15:41:10.3094 INFO GetFinacListValues Success
2020-09-14 15:41:10.8000 INFO Module Get List Success
2020-09-14 15:41:11.2508 INFO Get SubModule Sucess
2020-09-14 15:41:11.7119 INFO Get TabNames List Success
2020-09-14 15:41:13.0661 INFO Get SubModule Sucess
2020-09-14 15:41:13.6880 INFO Module Get List Success
2020-09-14 15:41:14.2707 INFO GetFinacListValues Success
2020-09-14 15:41:15.0472 INFO Org Get List Success
2020-09-14 15:41:16.1823 INFO Module Get List Success
2020-09-14 15:41:16.5333 INFO Get SubModule Sucess
2020-09-14 15:41:16.9513 INFO Get TabNames List Success
2020-09-14 15:42:08.3704 INFO Get SubModule Sucess
2020-09-14 15:42:08.8971 INFO Module Get List Success
2020-09-14 15:42:09.2288 INFO GetFinacListValues Success
2020-09-14 15:42:09.7657 INFO Org Get List Success
2020-09-14 15:42:11.1938 INFO Get State List Success
2020-09-14 15:42:12.0355 INFO Get Division List Success
2020-09-14 15:42:13.0392 INFO Get Role Level List Success
2020-09-14 15:42:13.5220 INFO Get access_type List Success
2020-09-14 15:42:14.0599 INFO Get view_Role_master List Success
2020-09-14 15:42:18.8742 INFO Get Report List Success
2020-09-14 17:18:44.2127 INFO Org Get List Success
2020-09-14 17:18:46.8265 INFO Get MaxID Success :org_master
2020-09-14 17:20:57.5792 INFO Get MaxID Success :org_master
2020-09-14 17:33:09.3224 INFO Get MaxID Success :org_master
2020-09-14 17:34:58.7213 INFO Org Get List Success
2020-09-14 17:35:03.4181 INFO Get MaxID Success :org_master
2020-09-14 17:49:23.3138 INFO Org Get List Success
2020-09-14 17:50:46.9323 INFO Get MaxID Success :org_master
2020-09-14 17:51:32.1858 INFO Get MaxID Success :org_master
2020-09-14 17:52:11.0518 INFO Get MaxID Success :org_master
2020-09-14 17:52:58.7215 INFO Get MaxID Success :org_master
2020-09-14 18:01:44.9538 INFO Org Get List Success
2020-09-14 18:01:46.9377 INFO Get MaxID Success :org_master
2020-09-14 18:01:48.8094 INFO Get Existing data Fail :org_master
2020-09-14 18:01:55.1823 INFO Get Existing data Fail :org_master
2020-09-14 18:08:15.4500 INFO Org Get List Success
2020-09-14 18:08:17.0952 INFO Get MaxID Success :org_master
2020-09-14 18:08:18.8438 INFO Get Existing data Fail :org_master
2020-09-14 18:08:22.2952 INFO Get Existing data Fail :org_master
2020-09-14 18:08:37.6420 INFO Insertion Org_Details Success :3
2020-09-14 18:08:37.6609 INFO Org Get List Success
2020-09-14 18:08:42.6758 INFO Org Get GetOrg_Details Success:String was not recognized as a valid DateTime.
2020-09-14 18:08:45.6734 INFO Org Get List Success
2020-09-14 18:08:47.6739 INFO Org Get GetOrg_Details Success:String was not recognized as a valid DateTime.
2020-09-14 18:09:57.9725 INFO Org Get GetOrg_Details Success
2020-09-14 18:10:03.3815 INFO Org Get List Success
2020-09-14 18:10:07.1070 INFO Org Get GetOrg_Details Success
2020-09-14 18:10:11.2231 INFO Org Get List Success
2020-09-14 18:13:37.4368 INFO Org Get List Success
2020-09-14 18:13:38.8942 INFO Get MaxID Success :org_master
2020-09-14 18:13:46.8265 INFO Org Get List Success
2020-09-14 18:13:54.4943 INFO Get MaxID Success :org_master
