2020-12-08 10:27:58.0736 INFO Get User Success :98-Harinagar Sugar Mills Limited(Distillery Division)
2020-12-08 10:28:03.9459 INFO Get User Success :98-Harinagar Sugar Mills Limited(Distillery Division)
2020-12-08 10:28:03.9528 INFO Get RR List Success
2020-12-08 10:28:03.9917 INFO Get User Success :98-Harinagar Sugar Mills Limited(Distillery Division)
2020-12-08 10:28:10.1960 INFO Get User Success :98-Harinagar Sugar Mills Limited(Distillery Division)
2020-12-08 10:28:10.2000 INFO Get Product Type Master List Success
2020-12-08 10:28:10.2000 INFO Get State List Success
2020-12-08 10:28:10.2000 INFO Get NOC Sucess:9
2020-12-08 10:28:10.2346 INFO Get RR List Success
2020-12-08 10:28:10.2346 INFO Get Customer Details Success
2020-12-08 10:28:25.3736 INFO Get RR List Success
2020-12-08 10:28:35.9885 INFO Get Customer Details Success
2020-12-08 10:29:01.1564 INFO Get RR List Success
2020-12-08 10:29:01.1564 INFO Get Customer Details Success
2020-12-08 10:31:40.0726 INFO Get User Success :98-Harinagar Sugar Mills Limited(Distillery Division)
2020-12-08 10:31:40.0726 INFO Get Product Type Master List Success
2020-12-08 10:31:40.3237 INFO Get State List Success
2020-12-08 10:31:40.3237 INFO Get NOC Sucess:9
2020-12-08 10:31:43.8847 INFO Get RR List Success
2020-12-08 10:31:44.2667 INFO Get Customer Details Success
2020-12-08 10:31:47.0293 INFO Get RR List Success
2020-12-08 10:32:16.7743 INFO Get Customer Details Success
2020-12-08 10:33:39.9677 INFO Get User Success :98-Harinagar Sugar Mills Limited(Distillery Division)
2020-12-08 10:33:39.9677 INFO Get RR List Success
2020-12-08 10:33:39.9677 INFO Get User Success :98-Harinagar Sugar Mills Limited(Distillery Division)
2020-12-08 10:33:42.0780 INFO Get User Success :98-Harinagar Sugar Mills Limited(Distillery Division)
2020-12-08 10:33:42.0780 INFO Get Product Type Master List Success
2020-12-08 10:33:42.0780 INFO Get State List Success
2020-12-08 10:33:42.0780 INFO Get NOC Sucess:9
2020-12-08 10:33:42.0878 INFO Get NOC Details Success
2020-12-08 10:33:42.0878 INFO Get Customer Details Success
2020-12-08 10:34:29.4089 INFO Check WorkFlow List Success
2020-12-08 10:34:29.4169 INFO Get User Success :98-Harinagar Sugar Mills Limited(Distillery Division)
2020-12-08 10:35:12.0319 INFO Get User Success :98-Harinagar Sugar Mills Limited(Distillery Division)
2020-12-08 10:35:12.0319 INFO Get Product Type Master List Success
2020-12-08 10:35:12.0319 INFO Get State List Success
2020-12-08 10:35:12.0319 INFO Get NOC Sucess:9
2020-12-08 10:35:12.0421 INFO Get NOC Details Success
2020-12-08 10:35:26.0524 INFO Get Customer Details Success
2020-12-08 10:35:26.0564 INFO Check WorkFlow List Success
2020-12-08 10:35:26.0564 INFO Get User Success :98-Harinagar Sugar Mills Limited(Distillery Division)
2020-12-08 10:35:31.4909 INFO Get User Success :98-Harinagar Sugar Mills Limited(Distillery Division)
2020-12-08 10:35:31.4909 INFO Get Product Type Master List Success
2020-12-08 10:35:31.4949 INFO Get State List Success
2020-12-08 10:35:31.4949 INFO Get NOC Sucess:9
2020-12-08 10:35:31.4949 INFO Get NOC Details Success
2020-12-08 10:35:31.4949 INFO Get Customer Details Success
2020-12-08 10:35:31.4949 INFO Check WorkFlow List Success
2020-12-08 10:35:31.4949 INFO Get User Success :98-Harinagar Sugar Mills Limited(Distillery Division)
2020-12-08 10:35:44.3919 INFO Get User Success :98-Harinagar Sugar Mills Limited(Distillery Division)
2020-12-08 10:35:44.3919 INFO Get Product Type Master List Success
2020-12-08 10:35:44.3919 INFO Get State List Success
2020-12-08 10:35:44.3919 INFO Get NOC Sucess:9
2020-12-08 10:35:44.4028 INFO Get NOC Details Success
2020-12-08 10:36:10.9920 INFO Get Customer Details Success
2020-12-08 10:36:10.9969 INFO Check WorkFlow List Success
2020-12-08 10:36:10.9969 INFO Get User Success :98-Harinagar Sugar Mills Limited(Distillery Division)
2020-12-08 10:36:26.6624 INFO Get User Success :98-Harinagar Sugar Mills Limited(Distillery Division)
2020-12-08 10:36:26.6654 INFO Get RR List Success
2020-12-08 10:36:26.6654 INFO Get User Success :98-Harinagar Sugar Mills Limited(Distillery Division)
2020-12-08 10:36:28.7064 INFO Get User Success :98-Harinagar Sugar Mills Limited(Distillery Division)
2020-12-08 10:36:28.7064 INFO Get Product Type Master List Success
2020-12-08 10:36:28.7064 INFO Get State List Success
2020-12-08 10:36:28.7064 INFO Get NOC Sucess:9
2020-12-08 10:36:28.7164 INFO Get NOC Details Success
2020-12-08 10:36:32.4328 INFO Get Customer Details Success
2020-12-08 10:36:32.4328 INFO Check WorkFlow List Success
2020-12-08 10:36:32.4328 INFO Get User Success :98-Harinagar Sugar Mills Limited(Distillery Division)
2020-12-08 10:36:40.3779 INFO Get User Success :98-Harinagar Sugar Mills Limited(Distillery Division)
2020-12-08 10:36:40.3779 INFO Get RR List Success
2020-12-08 10:36:40.3849 INFO Get User Success :98-Harinagar Sugar Mills Limited(Distillery Division)
2020-12-08 10:36:42.5737 INFO Get User Success :98-Harinagar Sugar Mills Limited(Distillery Division)
2020-12-08 10:36:42.5737 INFO Get Product Type Master List Success
2020-12-08 10:36:42.5737 INFO Get State List Success
2020-12-08 10:36:42.5737 INFO Get NOC Sucess:9
2020-12-08 10:36:42.5737 INFO Get NOC Details Success
2020-12-08 10:36:42.5737 INFO Get Customer Details Success
2020-12-08 10:36:42.5737 INFO Get User Success :98-Harinagar Sugar Mills Limited(Distillery Division)
2020-12-08 10:36:46.2107 INFO Get User Success :98-Harinagar Sugar Mills Limited(Distillery Division)
2020-12-08 10:36:46.2137 INFO Get RR List Success
2020-12-08 10:36:46.2137 INFO Get User Success :98-Harinagar Sugar Mills Limited(Distillery Division)
2020-12-08 10:36:48.2952 INFO Get User Success :98-Harinagar Sugar Mills Limited(Distillery Division)
2020-12-08 10:36:48.2952 INFO Get Product Type Master List Success
2020-12-08 10:36:48.2952 INFO Get State List Success
2020-12-08 10:36:48.2952 INFO Get NOC Sucess:9
2020-12-08 10:36:48.2952 INFO Get NOC Details Success
2020-12-08 10:36:48.2952 INFO Get Customer Details Success
2020-12-08 10:36:48.3086 INFO Get User Success :98-Harinagar Sugar Mills Limited(Distillery Division)
2020-12-08 10:36:53.4071 INFO Get User Success :98-Harinagar Sugar Mills Limited(Distillery Division)
2020-12-08 10:36:53.4071 INFO Get RR List Success
2020-12-08 10:36:53.4071 INFO Get User Success :98-Harinagar Sugar Mills Limited(Distillery Division)
2020-12-08 10:36:55.0175 INFO Get User Success :98-Harinagar Sugar Mills Limited(Distillery Division)
2020-12-08 10:36:55.0175 INFO Get Product Type Master List Success
2020-12-08 10:36:55.0175 INFO Get State List Success
2020-12-08 10:36:55.0175 INFO Get NOC Sucess:9
2020-12-08 10:36:55.0264 INFO Get NOC Details Success
2020-12-08 10:36:55.0264 INFO Get Customer Details Success
2020-12-08 10:36:55.0264 INFO Check WorkFlow List Success
2020-12-08 10:36:55.0264 INFO Get User Success :98-Harinagar Sugar Mills Limited(Distillery Division)
2020-12-08 10:36:58.9506 INFO Get User Success :98-Harinagar Sugar Mills Limited(Distillery Division)
2020-12-08 10:36:58.9506 INFO Get RR List Success
2020-12-08 10:36:58.9506 INFO Get User Success :98-Harinagar Sugar Mills Limited(Distillery Division)
2020-12-08 10:49:29.3038 INFO Get User Success :98-Harinagar Sugar Mills Limited(Distillery Division)
2020-12-08 10:49:42.1892 INFO Get User Success :98-Harinagar Sugar Mills Limited(Distillery Division)
2020-12-08 10:49:42.2001 INFO Get RR List Success
2020-12-08 10:49:42.2400 INFO Get User Success :98-Harinagar Sugar Mills Limited(Distillery Division)
2020-12-08 10:49:45.0901 INFO Get User Success :98-Harinagar Sugar Mills Limited(Distillery Division)
2020-12-08 10:49:45.0901 INFO Get Product Type Master List Success
2020-12-08 10:49:45.0901 INFO Get State List Success
2020-12-08 10:49:45.0901 INFO Get NOC Sucess:9
2020-12-08 10:49:45.1030 INFO Get NOC Sucess:3
2020-12-08 10:49:45.1030 INFO Get NOC Details Success
2020-12-08 10:49:45.1230 INFO Get Customer Details Success
2020-12-08 10:49:45.1429 INFO Get User Success :98-Harinagar Sugar Mills Limited(Distillery Division)
2020-12-08 10:49:47.5587 INFO Get User Success :98-Harinagar Sugar Mills Limited(Distillery Division)
2020-12-08 10:49:47.5587 INFO Get RR List Success
2020-12-08 10:49:47.5587 INFO Get User Success :98-Harinagar Sugar Mills Limited(Distillery Division)
2020-12-08 10:50:26.7224 INFO Get User Success :98-Harinagar Sugar Mills Limited(Distillery Division)
2020-12-08 10:50:26.7224 INFO Get RR List Success
2020-12-08 10:50:26.7284 INFO Get User Success :98-Harinagar Sugar Mills Limited(Distillery Division)
2020-12-08 10:50:29.3552 INFO Get User Success :98-Harinagar Sugar Mills Limited(Distillery Division)
2020-12-08 10:50:29.3552 INFO Get Product Type Master List Success
2020-12-08 10:50:29.3552 INFO Get State List Success
2020-12-08 10:50:29.3552 INFO Get NOC Sucess:9
2020-12-08 10:50:29.3552 INFO Get NOC Sucess:3
2020-12-08 10:50:29.3552 INFO Get NOC Details Success
2020-12-08 10:50:29.3552 INFO Get Customer Details Success
2020-12-08 10:50:29.3709 INFO Get User Success :98-Harinagar Sugar Mills Limited(Distillery Division)
2020-12-08 10:59:54.0963 INFO Get User Success :98-Harinagar Sugar Mills Limited(Distillery Division)
2020-12-08 10:59:57.7128 INFO Get User Success :98-Harinagar Sugar Mills Limited(Distillery Division)
2020-12-08 10:59:57.7128 INFO Get RR List Success
2020-12-08 10:59:57.7557 INFO Get User Success :98-Harinagar Sugar Mills Limited(Distillery Division)
2020-12-08 10:59:59.1482 INFO Get User Success :98-Harinagar Sugar Mills Limited(Distillery Division)
2020-12-08 10:59:59.1541 INFO Get Product Type Master List Success
2020-12-08 10:59:59.1541 INFO Get State List Success
2020-12-08 10:59:59.1691 INFO Get NOC Sucess:9
2020-12-08 10:59:59.1691 INFO Get NOC Sucess:3
2020-12-08 10:59:59.1691 INFO Get User Success :98-Harinagar Sugar Mills Limited(Distillery Division)
2020-12-08 11:00:12.4479 INFO Get User Success :98-Harinagar Sugar Mills Limited(Distillery Division)
2020-12-08 11:00:12.4479 INFO Get RR List Success
2020-12-08 11:00:12.4479 INFO Get User Success :98-Harinagar Sugar Mills Limited(Distillery Division)
2020-12-08 11:00:14.2707 INFO Get User Success :98-Harinagar Sugar Mills Limited(Distillery Division)
2020-12-08 11:00:14.2707 INFO Get Product Type Master List Success
2020-12-08 11:00:14.2707 INFO Get State List Success
2020-12-08 11:00:14.2757 INFO Get NOC Sucess:9
2020-12-08 11:00:14.2757 INFO Get NOC Sucess:3
2020-12-08 11:00:14.2757 INFO Get NOC Details Success
2020-12-08 11:00:14.2936 INFO Get Customer Details Success
2020-12-08 11:00:14.3116 INFO Get User Success :98-Harinagar Sugar Mills Limited(Distillery Division)
2020-12-08 11:00:16.2003 INFO Get User Success :98-Harinagar Sugar Mills Limited(Distillery Division)
2020-12-08 11:00:16.2003 INFO Get RR List Success
2020-12-08 11:00:16.2003 INFO Get User Success :98-Harinagar Sugar Mills Limited(Distillery Division)
2020-12-08 11:00:17.0316 INFO Get User Success :98-Harinagar Sugar Mills Limited(Distillery Division)
2020-12-08 11:00:17.0316 INFO Get Product Type Master List Success
2020-12-08 11:00:17.0316 INFO Get State List Success
2020-12-08 11:00:17.0316 INFO Get NOC Sucess:9
2020-12-08 11:00:17.0316 INFO Get NOC Sucess:3
2020-12-08 11:00:17.0414 INFO Get User Success :98-Harinagar Sugar Mills Limited(Distillery Division)
2020-12-08 11:37:17.1308 INFO Get User Success :100-Deputy Commissioner
2020-12-08 11:37:33.8498 INFO Get User Success :100-Deputy Commissioner
2020-12-08 11:37:33.8659 INFO Check WorkFlow List Success
2020-12-08 11:37:34.0037 INFO Get User Success :100-Deputy Commissioner
2020-12-08 11:37:34.0037 INFO Check WorkFlow List Success
2020-12-08 11:37:34.0204 INFO Get Allotment List Success
2020-12-08 11:37:34.0648 INFO Get User Success :100-Deputy Commissioner
2020-12-08 11:37:36.0864 INFO Get User Success :100-Deputy Commissioner
2020-12-08 11:37:36.0886 INFO Check WorkFlow List Success
2020-12-08 11:37:36.0886 INFO Get Allotment List Success
2020-12-08 11:37:38.2149 INFO Get User Success :100-Deputy Commissioner
2020-12-08 11:37:38.2149 INFO Get Party Master List Success
2020-12-08 11:37:38.2602 INFO Get Indent List Success
2020-12-08 11:37:38.2602 INFO Get Allotment Details Success
2020-12-08 11:37:38.2972 INFO Check WorkFlow List Success
2020-12-08 11:37:38.2972 INFO Get User Success :100-Deputy Commissioner
2020-12-08 11:40:20.2980 INFO Get User Success :100-Deputy Commissioner
2020-12-08 11:40:20.2980 INFO Get Party Master List Success
2020-12-08 11:40:20.2980 INFO Get Indent List Success
2020-12-08 11:40:20.3075 INFO Get Allotment Details Success
2020-12-08 11:40:20.3075 INFO Check WorkFlow List Success
2020-12-08 11:40:20.3075 INFO Get User Success :100-Deputy Commissioner
2020-12-08 11:46:35.8844 INFO Get User Success :100-Deputy Commissioner
2020-12-08 11:46:58.7543 INFO Get User Success :100-Deputy Commissioner
2020-12-08 11:46:58.7939 INFO Get RR List Success
2020-12-08 11:46:59.3007 INFO Get User Success :100-Deputy Commissioner
2020-12-08 11:46:59.3007 INFO Check WorkFlow List Success
2020-12-08 11:46:59.7689 INFO Get User Success :100-Deputy Commissioner
2020-12-08 11:46:59.7689 INFO Check WorkFlow List Success
2020-12-08 11:46:59.8356 INFO Get User Success :100-Deputy Commissioner
2020-12-08 11:46:59.8377 INFO Check WorkFlow List Success
2020-12-08 11:46:59.8560 INFO Get Allotment List Success
2020-12-08 11:46:59.8940 INFO Get User Success :100-Deputy Commissioner
2020-12-08 11:47:54.7758 INFO Get User Success :100-Deputy Commissioner
2020-12-08 11:47:54.7758 INFO Check WorkFlow List Success
2020-12-08 11:47:54.7758 INFO Get Allotment List Success
2020-12-08 11:47:54.8516 INFO Get User Success :100-Deputy Commissioner
2020-12-08 11:47:54.8808 INFO Get Party Master List Success
2020-12-08 11:47:54.8891 INFO Get Indent List Success
2020-12-08 11:47:54.9006 INFO Get Allotment Details Success
2020-12-08 11:47:54.9282 INFO Check WorkFlow List Success
2020-12-08 11:47:54.9348 INFO Get User Success :100-Deputy Commissioner
2020-12-08 12:08:30.1673 INFO Get User Success :98-Harinagar Sugar Mills Limited(Distillery Division)
2020-12-08 12:08:33.4890 INFO Get User Success :98-Harinagar Sugar Mills Limited(Distillery Division)
2020-12-08 12:08:33.4890 INFO Get User Success :98-Harinagar Sugar Mills Limited(Distillery Division)
2020-12-08 12:08:40.7917 INFO Get User Success :98-Harinagar Sugar Mills Limited(Distillery Division)
2020-12-08 12:08:40.8120 INFO Get User Success :98-Harinagar Sugar Mills Limited(Distillery Division)
2020-12-08 12:08:42.2056 INFO Get User Success :98-Harinagar Sugar Mills Limited(Distillery Division)
2020-12-08 12:08:42.2567 INFO Get User Success :98-Harinagar Sugar Mills Limited(Distillery Division)
2020-12-08 12:09:45.0307 INFO Get User Success :98-Harinagar Sugar Mills Limited(Distillery Division)
2020-12-08 12:09:45.0436 INFO Get User Success :98-Harinagar Sugar Mills Limited(Distillery Division)
2020-12-08 12:09:46.5085 INFO Get User Success :98-Harinagar Sugar Mills Limited(Distillery Division)
2020-12-08 12:09:46.5532 INFO Get User Success :98-Harinagar Sugar Mills Limited(Distillery Division)
2020-12-08 12:10:52.9395 INFO Get User Success :98-Harinagar Sugar Mills Limited(Distillery Division)
2020-12-08 12:10:52.9549 INFO Get User Success :98-Harinagar Sugar Mills Limited(Distillery Division)
2020-12-08 12:10:54.0619 INFO Get User Success :98-Harinagar Sugar Mills Limited(Distillery Division)
2020-12-08 12:10:54.0908 INFO Get User Success :98-Harinagar Sugar Mills Limited(Distillery Division)
2020-12-08 12:11:28.5694 INFO Get MaxID Success :openingbalance
2020-12-08 12:11:28.6559 INFO Get User Success :98-Harinagar Sugar Mills Limited(Distillery Division)
2020-12-08 12:11:28.6687 INFO Get User Success :98-Harinagar Sugar Mills Limited(Distillery Division)
2020-12-08 12:11:30.0259 INFO Get User Success :98-Harinagar Sugar Mills Limited(Distillery Division)
2020-12-08 12:11:30.0523 INFO Get User Success :98-Harinagar Sugar Mills Limited(Distillery Division)
2020-12-08 12:11:51.8790 INFO Get MaxID Success :openingbalance
2020-12-08 12:11:51.9730 INFO Get User Success :98-Harinagar Sugar Mills Limited(Distillery Division)
2020-12-08 12:11:51.9868 INFO Get User Success :98-Harinagar Sugar Mills Limited(Distillery Division)
2020-12-08 12:11:53.2312 INFO Get User Success :98-Harinagar Sugar Mills Limited(Distillery Division)
2020-12-08 12:11:53.2711 INFO Get User Success :98-Harinagar Sugar Mills Limited(Distillery Division)
2020-12-08 12:12:48.4347 INFO Get User Success :103-Harinagar Sugar Mills Limited(Distillery Division)
2020-12-08 12:12:51.9354 INFO Get User Success :103-Harinagar Sugar Mills Limited(Distillery Division)
2020-12-08 12:12:51.9354 INFO Get User Success :103-Harinagar Sugar Mills Limited(Distillery Division)
2020-12-08 12:12:53.1530 INFO Get User Success :103-Harinagar Sugar Mills Limited(Distillery Division)
2020-12-08 12:12:53.1730 INFO Get User Success :103-Harinagar Sugar Mills Limited(Distillery Division)
2020-12-08 12:12:54.4949 INFO Get User Success :103-Harinagar Sugar Mills Limited(Distillery Division)
2020-12-08 12:12:54.5258 INFO Get User Success :103-Harinagar Sugar Mills Limited(Distillery Division)
2020-12-08 12:15:01.3110 INFO Get User Success :103-Harinagar Sugar Mills Limited(Distillery Division)
2020-12-08 12:15:01.3234 INFO Get User Success :103-Harinagar Sugar Mills Limited(Distillery Division)
2020-12-08 12:15:03.4151 INFO Get User Success :103-Harinagar Sugar Mills Limited(Distillery Division)
2020-12-08 12:15:03.4442 INFO Get User Success :103-Harinagar Sugar Mills Limited(Distillery Division)
2020-12-08 12:15:06.6810 INFO Get User Success :103-Harinagar Sugar Mills Limited(Distillery Division)
2020-12-08 12:15:06.6810 INFO Get User Success :103-Harinagar Sugar Mills Limited(Distillery Division)
2020-12-08 12:15:07.9435 INFO Get User Success :103-Harinagar Sugar Mills Limited(Distillery Division)
2020-12-08 12:15:36.6451 INFO Get User Success :103-Harinagar Sugar Mills Limited(Distillery Division)
2020-12-08 12:15:36.6451 INFO Get RR List Success
2020-12-08 12:15:36.6536 INFO Get User Success :103-Harinagar Sugar Mills Limited(Distillery Division)
2020-12-08 12:15:39.2492 INFO Get User Success :103-Harinagar Sugar Mills Limited(Distillery Division)
2020-12-08 12:15:39.2492 INFO Get RR List Success
2020-12-08 12:15:39.2492 INFO Get User Success :103-Harinagar Sugar Mills Limited(Distillery Division)
2020-12-08 12:15:40.9423 INFO Get User Success :103-Harinagar Sugar Mills Limited(Distillery Division)
2020-12-08 12:15:40.9423 INFO Get RR List Success
2020-12-08 12:15:40.9473 INFO Get User Success :103-Harinagar Sugar Mills Limited(Distillery Division)
2020-12-08 12:15:43.8378 INFO Get User Success :103-Harinagar Sugar Mills Limited(Distillery Division)
2020-12-08 12:15:43.8659 INFO Get User Success :103-Harinagar Sugar Mills Limited(Distillery Division)
2020-12-08 12:15:46.4721 INFO Get User Success :103-Harinagar Sugar Mills Limited(Distillery Division)
2020-12-08 12:15:46.5008 INFO Get User Success :103-Harinagar Sugar Mills Limited(Distillery Division)
2020-12-08 12:15:52.2896 INFO Get User Success :103-Harinagar Sugar Mills Limited(Distillery Division)
2020-12-08 12:15:52.2926 INFO Get User Success :103-Harinagar Sugar Mills Limited(Distillery Division)
2020-12-08 12:23:28.8232 INFO Get User Success :115-Vishnu Sugar Mills Ltd
2020-12-08 12:23:46.7113 INFO Sugarcanepurchase Get List Success
2020-12-08 12:23:46.7154 INFO Get User Success :115-Vishnu Sugar Mills Ltd
2020-12-08 12:23:46.7538 INFO Get User Success :115-Vishnu Sugar Mills Ltd
2020-12-08 12:23:56.6087 INFO Get Party Master List Success
2020-12-08 12:23:56.6255 INFO Get User Success :115-Vishnu Sugar Mills Ltd
2020-12-08 12:23:56.6624 INFO Get User Success :115-Vishnu Sugar Mills Ltd
2020-12-08 12:24:39.1994 INFO Get Party Master List Success
2020-12-08 12:24:39.1994 INFO Get User Success :115-Vishnu Sugar Mills Ltd
2020-12-08 12:25:28.4156 INFO Get User Success :115-Vishnu Sugar Mills Ltd
2020-12-08 12:25:56.7746 INFO Get Party Master List Success
2020-12-08 12:25:56.7789 INFO Get User Success :115-Vishnu Sugar Mills Ltd
2020-12-08 12:25:58.3074 INFO Get User Success :115-Vishnu Sugar Mills Ltd
2020-12-08 12:27:37.7608 INFO Get Party Master List Success
2020-12-08 12:27:37.7608 INFO Get User Success :115-Vishnu Sugar Mills Ltd
2020-12-08 12:27:40.7847 INFO Get User Success :115-Vishnu Sugar Mills Ltd
2020-12-08 12:30:37.5145 INFO Sugarcanepurchase Get List Success
2020-12-08 12:30:37.5145 INFO Get User Success :115-Vishnu Sugar Mills Ltd
2020-12-08 12:30:37.5145 INFO Get User Success :115-Vishnu Sugar Mills Ltd
2020-12-08 12:30:40.0386 INFO Get Party Master List Success
2020-12-08 12:30:40.0416 INFO Get User Success :115-Vishnu Sugar Mills Ltd
2020-12-08 12:30:40.0416 INFO Sugarcanepurchase Get List Success
2020-12-08 12:30:40.0710 INFO Get User Success :115-Vishnu Sugar Mills Ltd
2020-12-08 12:30:58.0079 INFO Sugarcanepurchase Get List Success
2020-12-08 12:30:58.0110 INFO Get User Success :115-Vishnu Sugar Mills Ltd
2020-12-08 12:30:58.0110 INFO Get User Success :115-Vishnu Sugar Mills Ltd
2020-12-08 12:30:59.8274 INFO Get Party Master List Success
2020-12-08 12:30:59.8274 INFO Get User Success :115-Vishnu Sugar Mills Ltd
2020-12-08 12:30:59.8274 INFO Sugarcanepurchase Get List Success
2020-12-08 12:30:59.8384 INFO Get User Success :115-Vishnu Sugar Mills Ltd
2020-12-08 12:31:12.4598 INFO Sugarcanepurchase Get List Success
2020-12-08 12:31:12.4638 INFO Get User Success :115-Vishnu Sugar Mills Ltd
2020-12-08 12:31:12.4638 INFO Get User Success :115-Vishnu Sugar Mills Ltd
2020-12-08 12:31:14.5888 INFO Get Party Master List Success
2020-12-08 12:31:14.5888 INFO Get User Success :115-Vishnu Sugar Mills Ltd
2020-12-08 12:31:14.5888 INFO Sugarcanepurchase Get List Success
2020-12-08 12:31:14.6036 INFO Get User Success :115-Vishnu Sugar Mills Ltd
2020-12-08 12:31:17.5690 INFO Sugarcanepurchase Get List Success
2020-12-08 12:31:17.5720 INFO Get User Success :115-Vishnu Sugar Mills Ltd
2020-12-08 12:31:17.5720 INFO Get User Success :115-Vishnu Sugar Mills Ltd
2020-12-08 12:31:18.5534 INFO Get Party Master List Success
2020-12-08 12:31:18.5564 INFO Get User Success :115-Vishnu Sugar Mills Ltd
2020-12-08 12:31:18.5564 INFO Sugarcanepurchase Get List Success
2020-12-08 12:31:18.5564 INFO Get User Success :115-Vishnu Sugar Mills Ltd
2020-12-08 12:31:27.9249 INFO Sugarcanepurchase Get List Success
2020-12-08 12:31:27.9249 INFO Get User Success :115-Vishnu Sugar Mills Ltd
2020-12-08 12:31:27.9249 INFO Get User Success :115-Vishnu Sugar Mills Ltd
2020-12-08 12:31:36.7980 INFO Get Party Master List Success
2020-12-08 12:31:36.7980 INFO Get User Success :115-Vishnu Sugar Mills Ltd
2020-12-08 12:31:36.7980 INFO Sugarcanepurchase Get List Success
2020-12-08 12:31:36.8090 INFO Get User Success :115-Vishnu Sugar Mills Ltd
2020-12-08 12:31:40.9113 INFO Sugarcanepurchase Get List Success
2020-12-08 12:31:40.9113 INFO Get User Success :115-Vishnu Sugar Mills Ltd
2020-12-08 12:31:40.9185 INFO Get User Success :115-Vishnu Sugar Mills Ltd
2020-12-08 12:31:41.7577 INFO Get Party Master List Success
2020-12-08 12:31:41.7607 INFO Get User Success :115-Vishnu Sugar Mills Ltd
2020-12-08 12:31:41.7607 INFO Sugarcanepurchase Get List Success
2020-12-08 12:31:41.7607 INFO Get User Success :115-Vishnu Sugar Mills Ltd
2020-12-08 12:31:43.1790 INFO Sugarcanepurchase Get List Success
2020-12-08 12:31:43.1830 INFO Get User Success :115-Vishnu Sugar Mills Ltd
2020-12-08 12:31:43.1830 INFO Get User Success :115-Vishnu Sugar Mills Ltd
2020-12-08 12:31:43.9902 INFO Get Party Master List Success
2020-12-08 12:31:43.9902 INFO Get User Success :115-Vishnu Sugar Mills Ltd
2020-12-08 12:31:43.9972 INFO Sugarcanepurchase Get List Success
2020-12-08 12:31:43.9972 INFO Get User Success :115-Vishnu Sugar Mills Ltd
2020-12-08 12:31:45.2285 INFO Sugarcanepurchase Get List Success
2020-12-08 12:31:45.2285 INFO Get User Success :115-Vishnu Sugar Mills Ltd
2020-12-08 12:31:45.2285 INFO Get User Success :115-Vishnu Sugar Mills Ltd
2020-12-08 12:31:45.9903 INFO Get Party Master List Success
2020-12-08 12:31:45.9903 INFO Get User Success :115-Vishnu Sugar Mills Ltd
2020-12-08 12:31:45.9973 INFO Sugarcanepurchase Get List Success
2020-12-08 12:31:45.9973 INFO Get User Success :115-Vishnu Sugar Mills Ltd
2020-12-08 12:31:48.9781 INFO Sugarcanepurchase Get List Success
2020-12-08 12:31:48.9781 INFO Get User Success :115-Vishnu Sugar Mills Ltd
2020-12-08 12:31:48.9781 INFO Get User Success :115-Vishnu Sugar Mills Ltd
2020-12-08 12:31:50.0470 INFO Get Party Master List Success
2020-12-08 12:31:50.0470 INFO Get User Success :115-Vishnu Sugar Mills Ltd
2020-12-08 12:31:50.0470 INFO Sugarcanepurchase Get List Success
2020-12-08 12:31:50.0590 INFO Get User Success :115-Vishnu Sugar Mills Ltd
2020-12-08 12:31:53.2223 INFO Sugarcanepurchase Get List Success
2020-12-08 12:31:53.2223 INFO Get User Success :115-Vishnu Sugar Mills Ltd
2020-12-08 12:31:53.2283 INFO Get User Success :115-Vishnu Sugar Mills Ltd
2020-12-08 12:31:54.0361 INFO Get Party Master List Success
2020-12-08 12:31:54.0361 INFO Get User Success :115-Vishnu Sugar Mills Ltd
2020-12-08 12:31:54.0420 INFO Sugarcanepurchase Get List Success
2020-12-08 12:31:54.0420 INFO Get User Success :115-Vishnu Sugar Mills Ltd
2020-12-08 12:31:57.0862 INFO Sugarcanepurchase Get List Success
2020-12-08 12:31:57.0892 INFO Get User Success :115-Vishnu Sugar Mills Ltd
2020-12-08 12:31:57.0892 INFO Get User Success :115-Vishnu Sugar Mills Ltd
2020-12-08 12:31:57.8594 INFO Get Party Master List Success
2020-12-08 12:31:57.8594 INFO Get User Success :115-Vishnu Sugar Mills Ltd
2020-12-08 12:31:57.8594 INFO Sugarcanepurchase Get List Success
2020-12-08 12:31:57.8719 INFO Get User Success :115-Vishnu Sugar Mills Ltd
2020-12-08 12:31:59.7648 INFO Sugarcanepurchase Get List Success
2020-12-08 12:31:59.7648 INFO Get User Success :115-Vishnu Sugar Mills Ltd
2020-12-08 12:31:59.7648 INFO Get User Success :115-Vishnu Sugar Mills Ltd
2020-12-08 12:32:00.8415 INFO Get Party Master List Success
2020-12-08 12:32:00.8415 INFO Get User Success :115-Vishnu Sugar Mills Ltd
2020-12-08 12:32:00.8415 INFO Sugarcanepurchase Get List Success
2020-12-08 12:32:00.8532 INFO Get User Success :115-Vishnu Sugar Mills Ltd
2020-12-08 12:32:03.6917 INFO Sugarcanepurchase Get List Success
2020-12-08 12:32:03.6997 INFO Get User Success :115-Vishnu Sugar Mills Ltd
2020-12-08 12:32:03.6997 INFO Get User Success :115-Vishnu Sugar Mills Ltd
2020-12-08 12:32:05.0459 INFO Get Party Master List Success
2020-12-08 12:32:05.0459 INFO Get User Success :115-Vishnu Sugar Mills Ltd
2020-12-08 12:32:05.0459 INFO Sugarcanepurchase Get List Success
2020-12-08 12:32:05.0561 INFO Get User Success :115-Vishnu Sugar Mills Ltd
2020-12-08 12:32:10.8542 INFO Sugarcanepurchase Get List Success
2020-12-08 12:32:10.8542 INFO Get User Success :115-Vishnu Sugar Mills Ltd
2020-12-08 12:32:10.8542 INFO Get User Success :115-Vishnu Sugar Mills Ltd
2020-12-08 12:32:11.9697 INFO Get Party Master List Success
2020-12-08 12:32:11.9697 INFO Get User Success :115-Vishnu Sugar Mills Ltd
2020-12-08 12:32:11.9697 INFO Sugarcanepurchase Get List Success
2020-12-08 12:32:11.9805 INFO Get User Success :115-Vishnu Sugar Mills Ltd
2020-12-08 12:36:26.3981 INFO Sugarcanepurchase Get List Success
2020-12-08 12:36:26.4011 INFO Get User Success :115-Vishnu Sugar Mills Ltd
2020-12-08 12:36:26.4011 INFO Get User Success :115-Vishnu Sugar Mills Ltd
2020-12-08 12:36:27.7029 INFO Get Party Master List Success
2020-12-08 12:36:27.7029 INFO Get User Success :115-Vishnu Sugar Mills Ltd
2020-12-08 12:36:27.7029 INFO Get User Success :115-Vishnu Sugar Mills Ltd
2020-12-08 12:37:08.8917 INFO Get Existing data Fail :sugarcanepurchase
2020-12-08 12:38:16.4697 INFO Get MaxID Success :sugarcanepurchase
2020-12-08 12:38:16.4877 INFO Sugarcanepurchase Insertion Success:0-VSM
2020-12-08 12:38:16.5104 INFO Sugarcanepurchase Get List Success
2020-12-08 12:38:16.5104 INFO Get User Success :115-Vishnu Sugar Mills Ltd
2020-12-08 12:38:16.5104 INFO Get User Success :115-Vishnu Sugar Mills Ltd
2020-12-08 12:38:20.3178 INFO Get Party Master List Success
2020-12-08 12:38:20.3178 INFO Get User Success :115-Vishnu Sugar Mills Ltd
2020-12-08 12:38:20.3248 INFO Sugarcanepurchase Get List Success
2020-12-08 12:38:20.3248 INFO Get User Success :115-Vishnu Sugar Mills Ltd
2020-12-08 12:38:22.9335 INFO Sugarcanepurchase Get List Success
2020-12-08 12:38:22.9335 INFO Get User Success :115-Vishnu Sugar Mills Ltd
2020-12-08 12:38:22.9335 INFO Get User Success :115-Vishnu Sugar Mills Ltd
2020-12-08 12:38:23.8343 INFO Get Party Master List Success
2020-12-08 12:38:23.8373 INFO Get User Success :115-Vishnu Sugar Mills Ltd
2020-12-08 12:38:23.8373 INFO Sugarcanepurchase Get List Success
2020-12-08 12:38:23.8373 INFO Get User Success :115-Vishnu Sugar Mills Ltd
2020-12-08 12:38:26.5279 INFO Sugarcanepurchase Insertion Sucess:17-VSM
2020-12-08 12:38:26.5657 INFO Sugarcanepurchase Get List Success
2020-12-08 12:38:26.5727 INFO Get User Success :115-Vishnu Sugar Mills Ltd
2020-12-08 12:38:26.5727 INFO Get User Success :115-Vishnu Sugar Mills Ltd
2020-12-08 12:38:28.0819 INFO Get Party Master List Success
2020-12-08 12:38:28.0819 INFO Get User Success :115-Vishnu Sugar Mills Ltd
2020-12-08 12:38:28.0889 INFO Sugarcanepurchase Get List Success
2020-12-08 12:38:28.0889 INFO Get User Success :115-Vishnu Sugar Mills Ltd
2020-12-08 12:50:09.1908 INFO Get User Success :118-Riga Sugar Company Ltd, Bond Officer
2020-12-08 12:50:25.7737 INFO Sugarcanepurchase Get List Success
2020-12-08 12:50:25.7782 INFO Get User Success :118-Riga Sugar Company Ltd, Bond Officer
2020-12-08 12:50:25.8111 INFO Get User Success :118-Riga Sugar Company Ltd, Bond Officer
2020-12-08 12:50:34.1225 INFO Get Party Master List Success
2020-12-08 12:50:34.1225 INFO Get User Success :118-Riga Sugar Company Ltd, Bond Officer
2020-12-08 12:50:34.1479 INFO Sugarcanepurchase Get List Success
2020-12-08 12:50:34.1588 INFO Get User Success :118-Riga Sugar Company Ltd, Bond Officer
2020-12-08 12:50:39.8358 INFO Sugarcanepurchase Get List Success
2020-12-08 12:50:39.8390 INFO Get User Success :118-Riga Sugar Company Ltd, Bond Officer
2020-12-08 12:50:39.8390 INFO Get User Success :118-Riga Sugar Company Ltd, Bond Officer
2020-12-08 12:50:50.1924 INFO Get User Success :118-Riga Sugar Company Ltd, Bond Officer
2020-12-08 12:50:50.2122 INFO Get User Success :118-Riga Sugar Company Ltd, Bond Officer
2020-12-08 12:50:51.8112 INFO Get User Success :118-Riga Sugar Company Ltd, Bond Officer
2020-12-08 12:50:51.8440 INFO Get User Success :118-Riga Sugar Company Ltd, Bond Officer
2020-12-08 12:51:01.9732 INFO Get User Success :118-Riga Sugar Company Ltd, Bond Officer
2020-12-08 12:51:02.0016 INFO Get User Success :118-Riga Sugar Company Ltd, Bond Officer
2020-12-08 12:51:06.8717 INFO Get User Success :118-Riga Sugar Company Ltd, Bond Officer
2020-12-08 12:51:06.8894 INFO Get User Success :118-Riga Sugar Company Ltd, Bond Officer
2020-12-08 12:57:56.9331 INFO Get User Success :118-Riga Sugar Company Ltd, Bond Officer
2020-12-08 12:57:56.9331 INFO Get Pass List Success
2020-12-08 12:57:56.9804 INFO Get User Success :118-Riga Sugar Company Ltd, Bond Officer
2020-12-08 12:57:59.3584 INFO Get User Success :118-Riga Sugar Company Ltd, Bond Officer
2020-12-08 12:57:59.3584 INFO Get Dispach Master List Success
2020-12-08 12:57:59.3940 INFO Get VAT Master List Success
2020-12-08 12:57:59.4031 INFO Get Pass List Success
2020-12-08 12:57:59.4031 INFO Get User Success :118-Riga Sugar Company Ltd, Bond Officer
2020-12-08 12:58:06.9750 INFO Get User Success :118-Riga Sugar Company Ltd, Bond Officer
2020-12-08 12:58:06.9750 INFO Get Pass List Success
2020-12-08 12:58:06.9810 INFO Get User Success :118-Riga Sugar Company Ltd, Bond Officer
2020-12-08 12:58:08.0456 INFO Get User Success :118-Riga Sugar Company Ltd, Bond Officer
2020-12-08 12:58:08.0456 INFO Get Dispach Master List Success
2020-12-08 12:58:08.0456 INFO Get VAT Master List Success
2020-12-08 12:58:08.0580 INFO Get Pass List Success
2020-12-08 12:58:08.0580 INFO Get User Success :118-Riga Sugar Company Ltd, Bond Officer
2020-12-08 12:58:13.0042 INFO Get User Success :118-Riga Sugar Company Ltd, Bond Officer
2020-12-08 12:58:13.0042 INFO Get Pass List Success
2020-12-08 12:58:13.0097 INFO Get User Success :118-Riga Sugar Company Ltd, Bond Officer
2020-12-08 12:58:14.5760 INFO Get User Success :118-Riga Sugar Company Ltd, Bond Officer
2020-12-08 12:58:14.5760 INFO Get Dispach Master List Success
2020-12-08 12:58:14.5760 INFO Get VAT Master List Success
2020-12-08 12:58:14.5760 INFO Get Pass List Success
2020-12-08 12:58:14.5919 INFO Get User Success :118-Riga Sugar Company Ltd, Bond Officer
2020-12-08 12:58:42.4765 INFO Get User Success :118-Riga Sugar Company Ltd, Bond Officer
2020-12-08 12:58:42.4805 INFO Get User Success :118-Riga Sugar Company Ltd, Bond Officer
2020-12-08 12:58:43.7485 INFO Get User Success :118-Riga Sugar Company Ltd, Bond Officer
2020-12-08 12:58:43.7485 INFO Get RR List Success
2020-12-08 12:58:43.7627 INFO Get RR List Success
2020-12-08 12:58:43.7627 INFO Get Balance Request Pass Success
2020-12-08 12:58:43.7627 INFO Get User Success :118-Riga Sugar Company Ltd, Bond Officer
2020-12-08 12:59:12.2922 INFO Sugarcanepurchase Get List Success
2020-12-08 12:59:12.2922 INFO Get User Success :118-Riga Sugar Company Ltd, Bond Officer
2020-12-08 12:59:12.2922 INFO Get User Success :118-Riga Sugar Company Ltd, Bond Officer
2020-12-08 12:59:13.3804 INFO Get User Success :118-Riga Sugar Company Ltd, Bond Officer
2020-12-08 12:59:13.3952 INFO Get User Success :118-Riga Sugar Company Ltd, Bond Officer
2020-12-08 12:59:14.6145 INFO Get User Success :118-Riga Sugar Company Ltd, Bond Officer
2020-12-08 12:59:14.6245 INFO Get User Success :118-Riga Sugar Company Ltd, Bond Officer
2020-12-08 12:59:27.3034 INFO MIR GetList Sucess
2020-12-08 12:59:27.3064 INFO Get User Success :118-Riga Sugar Company Ltd, Bond Officer
2020-12-08 12:59:27.3064 INFO Get User Success :118-Riga Sugar Company Ltd, Bond Officer
2020-12-08 12:59:28.4392 INFO Get User Success :118-Riga Sugar Company Ltd, Bond Officer
2020-12-08 12:59:28.4472 INFO Get User Success :118-Riga Sugar Company Ltd, Bond Officer
2020-12-08 12:59:30.1460 INFO Sugarcanepurchase Get List Success
2020-12-08 12:59:30.1460 INFO Get User Success :118-Riga Sugar Company Ltd, Bond Officer
2020-12-08 12:59:30.1520 INFO Get User Success :118-Riga Sugar Company Ltd, Bond Officer
2020-12-08 12:59:32.0336 INFO MIR GetList Sucess
2020-12-08 12:59:32.0336 INFO Get User Success :118-Riga Sugar Company Ltd, Bond Officer
2020-12-08 12:59:32.0336 INFO Get User Success :118-Riga Sugar Company Ltd, Bond Officer
2020-12-08 12:59:32.7191 INFO Get User Success :118-Riga Sugar Company Ltd, Bond Officer
2020-12-08 12:59:32.7331 INFO Get User Success :118-Riga Sugar Company Ltd, Bond Officer
2020-12-08 12:59:34.1983 INFO Get User Success :118-Riga Sugar Company Ltd, Bond Officer
2020-12-08 12:59:34.1983 INFO Get User Success :118-Riga Sugar Company Ltd, Bond Officer
2020-12-08 13:01:43.5631 INFO Get User Success :118-Riga Sugar Company Ltd, Bond Officer
2020-12-08 13:01:43.5631 INFO Get User Success :118-Riga Sugar Company Ltd, Bond Officer
2020-12-08 13:01:44.8390 INFO Get User Success :118-Riga Sugar Company Ltd, Bond Officer
2020-12-08 13:01:44.8390 INFO Get Pass List Success
2020-12-08 13:01:44.8390 INFO Get User Success :118-Riga Sugar Company Ltd, Bond Officer
2020-12-08 13:01:48.8200 INFO Get User Success :118-Riga Sugar Company Ltd, Bond Officer
2020-12-08 13:01:48.8250 INFO Get Dispach Master List Success
2020-12-08 13:01:48.8250 INFO Get VAT Master List Success
2020-12-08 13:01:48.8250 INFO Get Pass List Success
2020-12-08 13:01:48.8386 INFO Get User Success :118-Riga Sugar Company Ltd, Bond Officer
2020-12-08 13:04:35.2791 INFO Get User Success :118-Riga Sugar Company Ltd, Bond Officer
2020-12-08 13:04:35.2791 INFO Get User Success :118-Riga Sugar Company Ltd, Bond Officer
2020-12-08 13:04:37.5203 INFO Get User Success :118-Riga Sugar Company Ltd, Bond Officer
2020-12-08 13:04:37.5203 INFO Get RR List Success
2020-12-08 13:04:37.5263 INFO Get RR List Success
2020-12-08 13:04:37.5263 INFO Get Balance Request Pass Success
2020-12-08 13:04:37.5263 INFO Get User Success :118-Riga Sugar Company Ltd, Bond Officer
2020-12-08 13:06:09.7850 INFO Approve Request Pass Success
2020-12-08 13:06:09.8057 INFO Get User Success :118-Riga Sugar Company Ltd, Bond Officer
2020-12-08 13:06:09.8104 INFO Get User Success :118-Riga Sugar Company Ltd, Bond Officer
2020-12-08 13:06:12.5019 INFO Get User Success :118-Riga Sugar Company Ltd, Bond Officer
2020-12-08 13:06:12.5019 INFO Get RR List Success
2020-12-08 13:06:12.5019 INFO Get RR List Success
2020-12-08 13:06:12.5101 INFO Get Balance Request Pass Success
2020-12-08 13:06:12.5101 INFO Get User Success :118-Riga Sugar Company Ltd, Bond Officer
2020-12-08 13:06:19.5009 INFO Get User Success :118-Riga Sugar Company Ltd, Bond Officer
2020-12-08 13:06:19.5009 INFO Get Pass List Success
2020-12-08 13:06:19.5009 INFO Get User Success :118-Riga Sugar Company Ltd, Bond Officer
2020-12-08 13:06:21.3036 INFO Get User Success :118-Riga Sugar Company Ltd, Bond Officer
2020-12-08 13:06:21.3036 INFO Get Dispach Master List Success
2020-12-08 13:06:21.3095 INFO Get VAT Master List Success
2020-12-08 13:06:21.3095 INFO Get Pass List Success
2020-12-08 13:06:21.3095 INFO Get User Success :118-Riga Sugar Company Ltd, Bond Officer
2020-12-08 13:07:47.6469 INFO Get User Success :118-Riga Sugar Company Ltd, Bond Officer
2020-12-08 13:07:47.6519 INFO Get User Success :118-Riga Sugar Company Ltd, Bond Officer
2020-12-08 13:07:58.1159 INFO Get User Success :118-Riga Sugar Company Ltd, Bond Officer
2020-12-08 13:07:58.1189 INFO Get Pass List Success
2020-12-08 13:07:58.1189 INFO Get User Success :118-Riga Sugar Company Ltd, Bond Officer
2020-12-08 13:07:59.9164 INFO Get User Success :118-Riga Sugar Company Ltd, Bond Officer
2020-12-08 13:07:59.9324 INFO Get User Success :118-Riga Sugar Company Ltd, Bond Officer
2020-12-08 13:08:04.6405 INFO Get User Success :118-Riga Sugar Company Ltd, Bond Officer
2020-12-08 13:08:08.3301 INFO Get RR List Success
2020-12-08 13:14:43.4745 INFO Get User Success :107-Hpcl Biofuels Limited, Distillery Division, Ec
2020-12-08 13:16:25.9338 INFO Get User Success :107-Hpcl Biofuels Limited, Distillery Division, Ec
2020-12-08 13:16:25.9716 INFO Get User Success :107-Hpcl Biofuels Limited, Distillery Division, Ec
2020-12-08 13:16:27.4076 INFO Get User Success :107-Hpcl Biofuels Limited, Distillery Division, Ec
2020-12-08 13:16:27.4306 INFO Get User Success :107-Hpcl Biofuels Limited, Distillery Division, Ec
2020-12-08 13:16:29.0729 INFO Get User Success :107-Hpcl Biofuels Limited, Distillery Division, Ec
2020-12-08 13:16:29.1170 INFO Get User Success :107-Hpcl Biofuels Limited, Distillery Division, Ec
2020-12-08 13:16:41.2453 INFO Get User Success :107-Hpcl Biofuels Limited, Distillery Division, Ec
2020-12-08 13:23:46.4909 INFO Get User Success :107-Hpcl Biofuels Limited, Distillery Division, Ec
2020-12-08 13:23:57.5778 INFO Get User Success :107-Hpcl Biofuels Limited, Distillery Division, Ec
2020-12-08 13:23:57.5902 INFO Get User Success :107-Hpcl Biofuels Limited, Distillery Division, Ec
2020-12-08 13:24:51.1700 INFO Get User Success :107-Hpcl Biofuels Limited, Distillery Division, Ec
2020-12-08 13:24:54.4699 INFO Get User Success :107-Hpcl Biofuels Limited, Distillery Division, Ec
2020-12-08 13:24:54.4699 INFO Get User Success :107-Hpcl Biofuels Limited, Distillery Division, Ec
2020-12-08 13:24:55.5735 INFO Get User Success :107-Hpcl Biofuels Limited, Distillery Division, Ec
2020-12-08 13:24:55.5874 INFO Get User Success :107-Hpcl Biofuels Limited, Distillery Division, Ec
2020-12-08 13:24:56.6832 INFO Get User Success :107-Hpcl Biofuels Limited, Distillery Division, Ec
2020-12-08 13:25:23.8245 INFO Get User Success :107-Hpcl Biofuels Limited, Distillery Division, Ec
