2021-02-07 18:51:03.8623 INFO Get User Success :138-Majhaulia Sugar Industries Pvt Ltd.
2021-02-07 18:51:04.6618 INFO Get User Success :majhaulia_sgr
2021-02-07 18:51:12.4480 INFO Sugarcanepurchase Get List Success
2021-02-07 18:51:12.5230 INFO Get User Success :138-Majhaulia Sugar Industries Pvt Ltd.
2021-02-07 18:51:12.6709 INFO Get User Success :majhaulia_sgr
2021-02-07 18:51:16.3298 INFO Get User Success :138-Majhaulia Sugar Industries Pvt Ltd.
2021-02-07 18:51:16.6569 INFO MIR GetList Sucess
2021-02-07 18:51:16.7528 INFO Get User Success :majhaulia_sgr
2021-02-07 18:51:32.9925 INFO MIR GetList Sucess
2021-02-07 18:51:47.0738 INFO Get User Success :138-Majhaulia Sugar Industries Pvt Ltd.
2021-02-07 18:51:47.3139 INFO Get VAT Master List Success
2021-02-07 18:51:47.8428 INFO Get Pass List Success
2021-02-07 18:51:47.9213 INFO MIR GetDetails Sucess
2021-02-07 18:51:48.0051 INFO Get Pass List Success
2021-02-07 18:51:48.1664 INFO Get User Success :majhaulia_sgr
2021-02-07 18:55:30.2408 INFO Get User Success :119-Majhaulia Sugar Industries Pvt Ltd, Bond Officer
2021-02-07 18:55:30.5264 INFO Get User Success :majhaulia_sgrbo
2021-02-07 18:55:35.6942 INFO Sugarcanepurchase Get List Success
2021-02-07 18:55:35.7669 INFO Get User Success :119-Majhaulia Sugar Industries Pvt Ltd, Bond Officer
2021-02-07 18:55:35.8488 INFO Get User Success :majhaulia_sgrbo
2021-02-07 18:55:38.2934 INFO Get User Success :119-Majhaulia Sugar Industries Pvt Ltd, Bond Officer
2021-02-07 18:55:38.6194 INFO MIR GetList Sucess
2021-02-07 18:55:38.7017 INFO Get User Success :majhaulia_sgrbo
2021-02-07 18:55:45.4890 INFO MIR GetList Sucess
2021-02-07 18:56:08.6388 INFO Get User Success :119-Majhaulia Sugar Industries Pvt Ltd, Bond Officer
2021-02-07 18:56:08.9654 INFO MIR GetList Sucess
2021-02-07 18:58:58.0140 INFO Get User Success :119-Majhaulia Sugar Industries Pvt Ltd, Bond Officer
2021-02-07 18:58:58.7952 INFO Get User Success :majhaulia_sgrbo
2021-02-07 18:59:10.4262 INFO Sugarcanepurchase Get List Success
2021-02-07 18:59:10.5017 INFO Get User Success :119-Majhaulia Sugar Industries Pvt Ltd, Bond Officer
2021-02-07 18:59:10.6193 INFO Get User Success :majhaulia_sgrbo
2021-02-07 18:59:14.7500 INFO Get User Success :119-Majhaulia Sugar Industries Pvt Ltd, Bond Officer
2021-02-07 18:59:15.0785 INFO MIR GetList Sucess
2021-02-07 18:59:25.8920 INFO Get User Success :majhaulia_sgrbo
2021-02-07 18:59:32.4367 INFO MIR GetList Sucess
2021-02-07 19:00:05.4706 INFO Get User Success :119-Majhaulia Sugar Industries Pvt Ltd, Bond Officer
2021-02-07 19:00:05.7969 INFO MIR GetList Sucess
2021-02-07 19:00:05.8782 INFO Get User Success :majhaulia_sgrbo
2021-02-07 19:00:40.3446 INFO MIR GetList Sucess
2021-02-07 19:02:28.3654 INFO Get User Success :105-Majhaulia Sugar Industry Ltd Distillery Division
2021-02-07 19:02:28.7476 INFO Get User Success :majhaulia_dis
2021-02-07 19:02:32.8248 INFO Get User Success :105-Majhaulia Sugar Industry Ltd Distillery Division
2021-02-07 19:02:33.3152 INFO Get User Success :majhaulia_dis
2021-02-07 19:02:36.2166 INFO Get User Success :105-Majhaulia Sugar Industry Ltd Distillery Division
2021-02-07 19:02:36.4700 INFO Get User Success :majhaulia_dis
2021-02-07 19:02:52.8522 INFO Get User Success :105-Majhaulia Sugar Industry Ltd Distillery Division
2021-02-07 19:02:53.4290 INFO Get User Success :majhaulia_dis
2021-02-07 19:02:59.9848 INFO Get User Success :105-Majhaulia Sugar Industry Ltd Distillery Division
2021-02-07 19:03:00.2149 INFO Get User Success :majhaulia_dis
