2021-02-25 09:53:48.0591 INFO Get User Success :108-New Swadeshi Distillery Unit
2021-02-25 09:53:48.2822 INFO Get User Success :108-New Swadeshi Distillery Unit
2021-02-25 09:53:48.3541 INFO Get User Success :newswadeshi_dis
2021-02-25 09:54:17.4102 INFO Get User Success :108-New Swadeshi Distillery Unit
2021-02-25 09:54:17.5565 INFO Get User Success :newswadeshi_dis
2021-02-25 09:54:21.5050 INFO Get User Success :108-New Swadeshi Distillery Unit
2021-02-25 09:54:21.5259 INFO Get User Success :newswadeshi_dis
2021-02-25 09:54:31.2866 INFO Get User Success :108-New Swadeshi Distillery Unit
2021-02-25 09:54:31.3335 INFO Get User Success :newswadeshi_dis
2021-02-25 09:54:39.6708 INFO Get User Success :98-Harinagar Sugar Mills Limited(Distillery Division)
2021-02-25 09:54:39.7067 INFO Get User Success :98-Harinagar Sugar Mills Limited(Distillery Division)
2021-02-25 09:54:39.7796 INFO Get User Success :harinagar_dis
2021-02-25 09:54:41.8914 INFO Get User Success :98-Harinagar Sugar Mills Limited(Distillery Division)
2021-02-25 09:54:41.9164 INFO Get User Success :harinagar_dis
2021-02-25 09:54:43.1042 INFO Get User Success :98-Harinagar Sugar Mills Limited(Distillery Division)
2021-02-25 09:54:43.1042 INFO Get User Success :harinagar_dis
2021-02-25 09:54:46.2790 INFO Get User Success :98-Harinagar Sugar Mills Limited(Distillery Division)
2021-02-25 09:54:46.3027 INFO Get User Success :harinagar_dis
2021-02-25 10:06:46.4372 INFO Get User Success :44-Administrator
2021-02-25 10:06:46.5399 INFO Get User Success :44-Administrator
2021-02-25 10:08:25.4832 INFO Get User Success :44-Administrator
2021-02-25 10:08:33.0332 INFO Get User Success :44-Administrator
2021-02-25 10:08:33.0504 INFO Get Users List Success
2021-02-25 10:08:51.0170 INFO Get User Success :44-Administrator
2021-02-25 10:08:54.9185 INFO Get User Success :44-Administrator
2021-02-25 10:08:54.9185 INFO Get Users List Success
2021-02-25 10:21:52.0086 INFO Get User Success :44-Administrator
2021-02-25 10:21:52.0864 INFO Get User Success :44-Administrator
2021-02-25 10:21:57.4695 INFO Get User Success :44-Administrator
2021-02-25 10:22:00.1029 INFO Get User Success :44-Administrator
2021-02-25 10:22:00.1245 INFO Get Users List Success
2021-02-25 10:25:52.5497 INFO Get User Success :44-Administrator
2021-02-25 10:28:32.0690 INFO Get User Success :338-Testengineer
2021-02-25 10:28:32.0949 INFO Get User Success :338-Testengineer
2021-02-25 10:28:37.9299 INFO Get User Success :338-Testengineer
2021-02-25 10:28:48.1623 INFO Get User Success :338-Testengineer
2021-02-25 10:28:48.1742 INFO Get Users List Success
2021-02-25 10:30:05.4752 INFO Get User Success :338-Testengineer
2021-02-25 10:34:00.3219 INFO Get User Success :338-Testengineer
2021-02-25 10:34:00.3329 INFO Get Users List Success
2021-02-25 10:34:11.1313 INFO Get User Success :338-Testengineer
2021-02-25 10:35:10.3059 INFO Get User Success :338-Testengineer
2021-02-25 10:35:10.3169 INFO Get Users List Success
2021-02-25 10:45:54.4596 INFO Get User Success :338-Testengineer
2021-02-25 10:46:02.4219 INFO Get User Success :44-Administrator
2021-02-25 10:46:02.4448 INFO Get User Success :44-Administrator
2021-02-25 10:47:19.5404 INFO Get Existing data Fail :priority_master
2021-02-25 10:49:19.0365 INFO Get User Success :44-Administrator
2021-02-25 10:49:19.1148 INFO Get User Success :44-Administrator
2021-02-25 10:55:08.1134 INFO Get User Success :44-Administrator
2021-02-25 10:55:08.1284 INFO Get Users List Success
2021-02-25 11:16:13.5858 INFO Get User Success :98-Harinagar Sugar Mills Limited(Distillery Division)
2021-02-25 11:16:13.6635 INFO Get User Success :98-Harinagar Sugar Mills Limited(Distillery Division)
2021-02-25 11:16:13.7901 INFO Get User Success :harinagar_dis
2021-02-25 11:16:15.8469 INFO Get User Success :98-Harinagar Sugar Mills Limited(Distillery Division)
2021-02-25 11:16:15.9098 INFO Get User Success :harinagar_dis
2021-02-25 11:17:16.1028 INFO Get User Success :98-Harinagar Sugar Mills Limited(Distillery Division)
2021-02-25 11:17:22.6477 INFO Get User Success :harinagar_dis
2021-02-25 11:17:58.8864 INFO Get User Success :98-Harinagar Sugar Mills Limited(Distillery Division)
2021-02-25 11:17:58.8864 INFO Get User Success :harinagar_dis
2021-02-25 11:18:29.2230 INFO Get Party Master List Success
2021-02-25 11:20:19.3314 INFO Get Party Master List Success
2021-02-25 11:20:28.1049 INFO Get User Success :98-Harinagar Sugar Mills Limited(Distillery Division)
2021-02-25 11:20:28.1292 INFO Get User Success :harinagar_dis
2021-02-25 11:20:32.6847 INFO Get User Success :98-Harinagar Sugar Mills Limited(Distillery Division)
2021-02-25 11:20:34.2995 INFO Get User Success :harinagar_dis
2021-02-25 11:20:39.8061 INFO Get User Success :98-Harinagar Sugar Mills Limited(Distillery Division)
2021-02-25 11:20:41.8752 INFO Get User Success :harinagar_dis
2021-02-25 11:22:02.6989 INFO Get User Success :98-Harinagar Sugar Mills Limited(Distillery Division)
2021-02-25 11:22:04.0232 INFO Get User Success :harinagar_dis
2021-02-25 11:22:08.2711 INFO Get User Success :98-Harinagar Sugar Mills Limited(Distillery Division)
2021-02-25 11:22:10.1376 INFO Get User Success :harinagar_dis
2021-02-25 11:25:38.9850 INFO Get User Success :98-Harinagar Sugar Mills Limited(Distillery Division)
2021-02-25 11:25:41.4297 INFO Get User Success :harinagar_dis
2021-02-25 11:29:38.1039 INFO Get User Success :98-Harinagar Sugar Mills Limited(Distillery Division)
2021-02-25 11:29:39.5213 INFO Get User Success :harinagar_dis
2021-02-25 11:30:33.4771 INFO Get User Success :98-Harinagar Sugar Mills Limited(Distillery Division)
2021-02-25 11:30:37.0696 INFO Get User Success :harinagar_dis
2021-02-25 11:30:41.0119 INFO Get User Success :98-Harinagar Sugar Mills Limited(Distillery Division)
2021-02-25 11:30:41.0119 INFO Get User Success :harinagar_dis
2021-02-25 11:30:51.7944 INFO Get Party Master List Success
2021-02-25 11:36:42.8636 INFO Get User Success :98-Harinagar Sugar Mills Limited(Distillery Division)
2021-02-25 11:38:27.0607 INFO Get User Success :harinagar_dis
2021-02-25 11:38:32.1636 INFO Get User Success :98-Harinagar Sugar Mills Limited(Distillery Division)
2021-02-25 11:38:32.1696 INFO Get User Success :harinagar_dis
2021-02-25 11:40:25.9005 INFO Get User Success :98-Harinagar Sugar Mills Limited(Distillery Division)
2021-02-25 11:40:39.1361 INFO Get User Success :harinagar_dis
2021-02-25 11:40:45.1437 INFO Get User Success :98-Harinagar Sugar Mills Limited(Distillery Division)
2021-02-25 11:40:45.1437 INFO Get User Success :harinagar_dis
2021-02-25 11:41:31.1016 INFO Get User Success :98-Harinagar Sugar Mills Limited(Distillery Division)
2021-02-25 11:42:18.9675 INFO Get User Success :harinagar_dis
2021-02-25 11:42:23.0664 INFO Get User Success :98-Harinagar Sugar Mills Limited(Distillery Division)
2021-02-25 11:42:23.0723 INFO Get User Success :harinagar_dis
2021-02-25 11:42:31.5651 INFO Get User Success :98-Harinagar Sugar Mills Limited(Distillery Division)
2021-02-25 11:43:05.3330 INFO Get User Success :harinagar_dis
2021-02-25 11:43:09.6920 INFO Get User Success :98-Harinagar Sugar Mills Limited(Distillery Division)
2021-02-25 11:43:09.6920 INFO Get User Success :harinagar_dis
2021-02-25 11:43:37.5663 INFO Get User Success :98-Harinagar Sugar Mills Limited(Distillery Division)
2021-02-25 11:43:37.5800 INFO Get User Success :harinagar_dis
2021-02-25 11:43:38.8822 INFO Get User Success :98-Harinagar Sugar Mills Limited(Distillery Division)
2021-02-25 11:43:38.9241 INFO Get User Success :98-Harinagar Sugar Mills Limited(Distillery Division)
2021-02-25 11:43:38.9351 INFO Get VAT Master List Success
2021-02-25 11:43:38.9491 INFO Get User Success :harinagar_dis
2021-02-25 11:43:39.6737 INFO Get User Success :98-Harinagar Sugar Mills Limited(Distillery Division)
2021-02-25 11:43:39.6847 INFO Get Form84 List Success
2021-02-25 11:43:39.7016 INFO Get User Success :harinagar_dis
2021-02-25 11:43:41.1877 INFO Get User Success :98-Harinagar Sugar Mills Limited(Distillery Division)
2021-02-25 11:43:41.1877 INFO Get User Success :harinagar_dis
2021-02-25 11:43:42.2748 INFO Get User Success :98-Harinagar Sugar Mills Limited(Distillery Division)
2021-02-25 11:43:42.3276 INFO Get User Success :98-Harinagar Sugar Mills Limited(Distillery Division)
2021-02-25 11:43:42.3516 INFO Get User Success :harinagar_dis
2021-02-25 11:43:45.2817 INFO Get User Success :98-Harinagar Sugar Mills Limited(Distillery Division)
2021-02-25 11:43:45.3148 INFO Get User Success :98-Harinagar Sugar Mills Limited(Distillery Division)
2021-02-25 11:43:45.3408 INFO Get User Success :harinagar_dis
2021-02-25 11:43:46.7395 INFO Get User Success :98-Harinagar Sugar Mills Limited(Distillery Division)
2021-02-25 11:43:48.0986 INFO Get User Success :harinagar_dis
2021-02-25 11:43:53.2196 INFO Get User Success :98-Harinagar Sugar Mills Limited(Distillery Division)
2021-02-25 11:43:53.2299 INFO Get User Success :harinagar_dis
2021-02-25 11:44:17.1561 INFO Get User Success :44-Administrator
2021-02-25 11:44:17.1790 INFO Get User Success :44-Administrator
2021-02-25 11:44:24.2617 INFO Get User Success :44-Administrator
2021-02-25 11:44:51.1860 INFO Get User Success :337-Developer
2021-02-25 11:44:51.2119 INFO Get User Success :337-Developer
2021-02-25 11:44:57.1956 INFO Get User Success :337-Developer
2021-02-25 11:48:28.3093 INFO Get User Success :337-Developer
2021-02-25 11:57:06.9510 INFO Get User Success :338-Testengineer
2021-02-25 11:57:06.9780 INFO Get User Success :338-Testengineer
2021-02-25 11:57:11.7197 INFO Get User Success :338-Testengineer
2021-02-25 12:00:17.4662 INFO Get User Success :98-Harinagar Sugar Mills Limited(Distillery Division)
2021-02-25 12:00:17.4891 INFO Get User Success :98-Harinagar Sugar Mills Limited(Distillery Division)
2021-02-25 12:00:17.5759 INFO Get User Success :harinagar_dis
2021-02-25 12:00:19.2852 INFO Get User Success :98-Harinagar Sugar Mills Limited(Distillery Division)
2021-02-25 12:00:19.3123 INFO Get User Success :harinagar_dis
2021-02-25 12:00:20.5404 INFO Get User Success :98-Harinagar Sugar Mills Limited(Distillery Division)
2021-02-25 12:02:45.9095 INFO Get User Success :harinagar_dis
2021-02-25 12:02:52.5392 INFO Get User Success :98-Harinagar Sugar Mills Limited(Distillery Division)
2021-02-25 12:03:02.9502 INFO Get User Success :harinagar_dis
2021-02-25 12:06:20.7531 INFO Get User Success :98-Harinagar Sugar Mills Limited(Distillery Division)
2021-02-25 12:34:47.8599 INFO Get User Success :98-Harinagar Sugar Mills Limited(Distillery Division)
2021-02-25 12:34:47.9373 INFO Get User Success :98-Harinagar Sugar Mills Limited(Distillery Division)
2021-02-25 12:34:48.0761 INFO Get User Success :harinagar_dis
2021-02-25 12:34:50.2504 INFO Get User Success :98-Harinagar Sugar Mills Limited(Distillery Division)
2021-02-25 12:34:50.3130 INFO Get User Success :harinagar_dis
2021-02-25 12:35:32.2716 INFO Get User Success :98-Harinagar Sugar Mills Limited(Distillery Division)
2021-02-25 12:35:33.8133 INFO Get User Success :harinagar_dis
2021-02-25 12:35:54.4199 INFO Get UOM List Success
2021-02-25 12:35:54.4199 INFO Get User Success :98-Harinagar Sugar Mills Limited(Distillery Division)
2021-02-25 12:35:54.5971 INFO Get User Success :harinagar_dis
2021-02-25 12:37:52.2873 INFO Get Party Master List Success
2021-02-25 12:40:01.0310 INFO Get User Success :107-HPCL Biofuels Limited, Distillery Division, EC
2021-02-25 12:40:01.0674 INFO Get User Success :107-HPCL Biofuels Limited, Distillery Division, EC
2021-02-25 12:40:01.0965 INFO Get User Success :hpcl_ec
2021-02-25 12:40:05.0001 INFO Get User Success :107-HPCL Biofuels Limited, Distillery Division, EC
2021-02-25 12:40:05.0292 INFO Get User Success :hpcl_ec
2021-02-25 12:40:08.0469 INFO Get User Success :107-HPCL Biofuels Limited, Distillery Division, EC
2021-02-25 12:40:09.2930 INFO Get User Success :hpcl_ec
2021-02-25 12:40:13.6463 INFO Get UOM List Success
2021-02-25 12:40:13.6502 INFO Get User Success :107-HPCL Biofuels Limited, Distillery Division, EC
2021-02-25 12:40:13.8797 INFO Get Party Master List Success
2021-02-25 12:40:13.8877 INFO Get User Success :hpcl_ec
2021-02-25 12:43:42.7716 INFO Get User Success :107-HPCL Biofuels Limited, Distillery Division, EC
2021-02-25 13:30:25.7903 INFO Get User Success :107-HPCL Biofuels Limited, Distillery Division, EC
2021-02-25 13:30:25.8678 INFO Get User Success :107-HPCL Biofuels Limited, Distillery Division, EC
2021-02-25 13:30:25.9222 INFO Get User Success :hpcl_ec
2021-02-25 13:30:31.5818 INFO Get User Success :107-HPCL Biofuels Limited, Distillery Division, EC
2021-02-25 13:30:31.6492 INFO Get User Success :hpcl_ec
2021-02-25 13:31:33.6155 INFO Get User Success :107-HPCL Biofuels Limited, Distillery Division, EC
2021-02-25 13:31:33.6466 INFO Get User Success :hpcl_ec
2021-02-25 13:32:41.4361 INFO Get User Success :107-HPCL Biofuels Limited, Distillery Division, EC
2021-02-25 13:32:41.4670 INFO Get User Success :hpcl_ec
2021-02-25 13:58:24.6042 INFO Get User Success :107-HPCL Biofuels Limited, Distillery Division, EC
2021-02-25 13:58:24.6832 INFO Get User Success :107-HPCL Biofuels Limited, Distillery Division, EC
2021-02-25 13:58:24.7611 INFO Get User Success :hpcl_ec
2021-02-25 13:58:27.8194 INFO Get User Success :107-HPCL Biofuels Limited, Distillery Division, EC
2021-02-25 13:58:27.8844 INFO Get User Success :hpcl_ec
2021-02-25 13:58:35.9601 INFO Get User Success :107-HPCL Biofuels Limited, Distillery Division, EC
2021-02-25 13:58:37.9438 INFO Get User Success :hpcl_ec
2021-02-25 13:58:51.9186 INFO Get UOM List Success
2021-02-25 13:58:51.9186 INFO Get User Success :107-HPCL Biofuels Limited, Distillery Division, EC
2021-02-25 13:58:52.6357 INFO Get Party Master List Success
2021-02-25 13:58:52.6357 INFO Get User Success :hpcl_ec
2021-02-25 14:50:17.6259 INFO Get User Success :107-HPCL Biofuels Limited, Distillery Division, EC
2021-02-25 14:50:17.7047 INFO Get User Success :107-HPCL Biofuels Limited, Distillery Division, EC
2021-02-25 14:50:17.8153 INFO Get User Success :hpcl_ec
2021-02-25 14:50:32.4114 INFO Get User Success :107-HPCL Biofuels Limited, Distillery Division, EC
2021-02-25 14:50:32.4706 INFO Get User Success :hpcl_ec
2021-02-25 14:50:34.5390 INFO Get User Success :107-HPCL Biofuels Limited, Distillery Division, EC
2021-02-25 14:50:36.2396 INFO Get User Success :hpcl_ec
2021-02-25 14:50:41.6966 INFO Get UOM List Success
2021-02-25 14:50:41.7005 INFO Get User Success :107-HPCL Biofuels Limited, Distillery Division, EC
2021-02-25 14:50:41.9364 INFO Get Party Master List Success
2021-02-25 14:50:41.9364 INFO Get User Success :hpcl_ec
2021-02-25 15:08:29.8907 INFO Get User Success :107-HPCL Biofuels Limited, Distillery Division, EC
2021-02-25 15:08:29.9717 INFO Get User Success :107-HPCL Biofuels Limited, Distillery Division, EC
2021-02-25 15:08:30.0486 INFO Get User Success :hpcl_ec
2021-02-25 15:08:33.8934 INFO Get User Success :107-HPCL Biofuels Limited, Distillery Division, EC
2021-02-25 15:08:33.9572 INFO Get User Success :hpcl_ec
2021-02-25 15:08:35.6646 INFO Get User Success :107-HPCL Biofuels Limited, Distillery Division, EC
2021-02-25 15:08:37.0620 INFO Get User Success :hpcl_ec
2021-02-25 15:08:42.2177 INFO Get UOM List Success
2021-02-25 15:08:42.2177 INFO Get User Success :107-HPCL Biofuels Limited, Distillery Division, EC
2021-02-25 15:08:42.9033 INFO Get Party Master List Success
2021-02-25 15:08:42.9033 INFO Get User Success :hpcl_ec
2021-02-25 15:13:20.5267 INFO Get User Success :107-HPCL Biofuels Limited, Distillery Division, EC
2021-02-25 15:13:21.7216 INFO Get User Success :hpcl_ec
2021-02-25 15:13:29.0043 INFO Get UOM List Success
2021-02-25 15:13:29.0043 INFO Get User Success :107-HPCL Biofuels Limited, Distillery Division, EC
2021-02-25 15:13:29.9802 INFO Get Party Master List Success
2021-02-25 15:13:29.9802 INFO Get User Success :hpcl_ec
2021-02-25 15:14:37.2883 INFO Get User Success :107-HPCL Biofuels Limited, Distillery Division, EC
2021-02-25 15:14:37.8591 INFO Get User Success :hpcl_ec
2021-02-25 15:18:07.1064 INFO Get UOM List Success
2021-02-25 15:18:07.1224 INFO Get User Success :107-HPCL Biofuels Limited, Distillery Division, EC
2021-02-25 15:18:08.1156 INFO Get Party Master List Success
2021-02-25 15:18:08.1286 INFO Get User Success :hpcl_ec
2021-02-25 15:18:12.2032 INFO Get User Success :107-HPCL Biofuels Limited, Distillery Division, EC
2021-02-25 15:18:14.3795 INFO Get User Success :hpcl_ec
2021-02-25 15:18:29.2923 INFO Get User Success :44-Administrator
2021-02-25 15:18:29.3162 INFO Get User Success :44-Administrator
2021-02-25 15:18:31.2875 INFO Get Party Type Master List Success
2021-02-25 15:18:33.7462 INFO Get Product Type Master List Success
2021-02-25 15:18:36.0834 INFO Get Product Master List Success
2021-02-25 15:18:55.3371 INFO Get Product Type Master List Success
2021-02-25 15:19:05.0940 INFO Get Product Type Master List Success
2021-02-25 15:19:45.5869 INFO Get User Success :107-HPCL Biofuels Limited, Distillery Division, EC
2021-02-25 15:19:45.6139 INFO Get User Success :107-HPCL Biofuels Limited, Distillery Division, EC
2021-02-25 15:19:45.6500 INFO Get User Success :hpcl_ec
2021-02-25 15:19:47.6497 INFO Get User Success :107-HPCL Biofuels Limited, Distillery Division, EC
2021-02-25 15:19:47.6837 INFO Get User Success :hpcl_ec
2021-02-25 15:19:51.1409 INFO Get User Success :107-HPCL Biofuels Limited, Distillery Division, EC
2021-02-25 15:19:53.1870 INFO Get User Success :hpcl_ec
2021-02-25 15:19:59.6767 INFO Get UOM List Success
2021-02-25 15:19:59.6767 INFO Get User Success :107-HPCL Biofuels Limited, Distillery Division, EC
2021-02-25 15:20:00.3616 INFO Get Party Master List Success
2021-02-25 15:20:00.3706 INFO Get User Success :hpcl_ec
2021-02-25 15:22:20.5906 INFO Get User Success :107-HPCL Biofuels Limited, Distillery Division, EC
2021-02-25 15:23:19.8362 INFO Get User Success :hpcl_ec
2021-02-25 15:23:25.1820 INFO Get UOM List Success
2021-02-25 15:23:25.1820 INFO Get User Success :107-HPCL Biofuels Limited, Distillery Division, EC
2021-02-25 15:23:26.1577 INFO Get Party Master List Success
2021-02-25 15:23:26.1666 INFO Get User Success :hpcl_ec
2021-02-25 15:52:37.3342 INFO Get User Success :107-HPCL Biofuels Limited, Distillery Division, EC
2021-02-25 15:53:14.3629 INFO Get User Success :hpcl_ec
2021-02-25 15:53:19.5461 INFO Get UOM List Success
2021-02-25 15:53:19.5461 INFO Get User Success :107-HPCL Biofuels Limited, Distillery Division, EC
2021-02-25 15:53:19.8167 INFO Get Party Master List Success
2021-02-25 15:53:19.8247 INFO Get User Success :hpcl_ec
2021-02-25 16:06:49.2998 INFO Get User Success :107-HPCL Biofuels Limited, Distillery Division, EC
2021-02-25 16:06:50.6490 INFO Get User Success :hpcl_ec
2021-02-25 16:07:09.4357 INFO Get UOM List Success
2021-02-25 16:07:09.4357 INFO Get User Success :107-HPCL Biofuels Limited, Distillery Division, EC
2021-02-25 16:07:09.6924 INFO Get Party Master List Success
2021-02-25 16:07:09.7006 INFO Get User Success :hpcl_ec
2021-02-25 16:31:39.9471 INFO Get User Success :107-HPCL Biofuels Limited, Distillery Division, EC
2021-02-25 16:31:40.0468 INFO Get User Success :107-HPCL Biofuels Limited, Distillery Division, EC
2021-02-25 16:31:40.1226 INFO Get User Success :hpcl_ec
2021-02-25 16:31:43.0614 INFO Get User Success :107-HPCL Biofuels Limited, Distillery Division, EC
2021-02-25 16:31:43.1362 INFO Get User Success :hpcl_ec
2021-02-25 16:31:44.6670 INFO Get User Success :107-HPCL Biofuels Limited, Distillery Division, EC
2021-02-25 16:31:45.9122 INFO Get User Success :hpcl_ec
2021-02-25 16:31:54.9230 INFO Get UOM List Success
2021-02-25 16:31:54.9230 INFO Get User Success :107-HPCL Biofuels Limited, Distillery Division, EC
2021-02-25 16:31:58.1372 INFO Get Party Master List Success
2021-02-25 16:31:58.1372 INFO Get User Success :hpcl_ec
2021-02-25 16:38:36.7985 INFO Get User Success :107-HPCL Biofuels Limited, Distillery Division, EC
2021-02-25 16:38:41.2293 INFO Get User Success :hpcl_ec
2021-02-25 16:38:43.4027 INFO Get UOM List Success
2021-02-25 16:38:43.4027 INFO Get User Success :107-HPCL Biofuels Limited, Distillery Division, EC
2021-02-25 16:38:43.4027 INFO Get Party Master List Success
2021-02-25 16:38:43.4197 INFO Get User Success :hpcl_ec
2021-02-25 16:53:06.0256 INFO Get User Success :109-Sona Sati Organics Pvt Ltd
2021-02-25 16:53:06.1122 INFO Get User Success :109-Sona Sati Organics Pvt Ltd
2021-02-25 16:53:06.4664 INFO Get User Success :sonasati_dis
2021-02-25 16:53:08.6154 INFO Get User Success :109-Sona Sati Organics Pvt Ltd
2021-02-25 16:53:08.6816 INFO Get User Success :sonasati_dis
2021-02-25 16:53:10.6309 INFO Get User Success :109-Sona Sati Organics Pvt Ltd
2021-02-25 16:53:10.6452 INFO Get User Success :sonasati_dis
2021-02-25 16:53:13.6630 INFO Get User Success :109-Sona Sati Organics Pvt Ltd
2021-02-25 16:53:13.6800 INFO Get User Success :sonasati_dis
2021-02-25 16:54:55.5332 INFO Get User Success :109-Sona Sati Organics Pvt Ltd
2021-02-25 16:54:55.5722 INFO Get User Success :sonasati_dis
2021-02-25 16:55:00.3278 INFO Get User Success :109-Sona Sati Organics Pvt Ltd
2021-02-25 16:55:00.3779 INFO Get Pass List Success
2021-02-25 16:55:00.3969 INFO Get User Success :sonasati_dis
2021-02-25 16:55:11.9808 INFO Get User Success :109-Sona Sati Organics Pvt Ltd
2021-02-25 16:55:11.9808 INFO Get Dispach Master List Success
2021-02-25 16:55:12.0021 INFO Get VAT Master List Success
2021-02-25 16:55:12.0021 INFO Get Pass List Success
2021-02-25 16:55:12.0264 INFO Get User Success :sonasati_dis
2021-02-25 16:55:27.1121 INFO Get User Success :109-Sona Sati Organics Pvt Ltd
2021-02-25 16:55:27.1610 INFO Get Pass List Success
2021-02-25 16:55:27.1702 INFO Get User Success :sonasati_dis
2021-02-25 16:55:36.4730 INFO Get User Success :108-New Swadeshi Distillery Unit
2021-02-25 16:55:36.4979 INFO Get User Success :108-New Swadeshi Distillery Unit
2021-02-25 16:55:36.5242 INFO Get User Success :newswadeshi_dis
2021-02-25 16:55:38.4265 INFO Get User Success :108-New Swadeshi Distillery Unit
2021-02-25 16:55:38.4535 INFO Get User Success :newswadeshi_dis
2021-02-25 16:55:40.1859 INFO Get User Success :108-New Swadeshi Distillery Unit
2021-02-25 16:55:40.1859 INFO Get User Success :newswadeshi_dis
2021-02-25 16:55:41.8208 INFO Get User Success :108-New Swadeshi Distillery Unit
2021-02-25 16:55:41.8288 INFO Get User Success :newswadeshi_dis
2021-02-25 16:56:19.5520 INFO Get User Success :98-Harinagar Sugar Mills Limited(Distillery Division)
2021-02-25 16:56:19.5770 INFO Get User Success :98-Harinagar Sugar Mills Limited(Distillery Division)
2021-02-25 16:56:19.6585 INFO Get User Success :harinagar_dis
2021-02-25 16:56:21.4084 INFO Get User Success :98-Harinagar Sugar Mills Limited(Distillery Division)
2021-02-25 16:56:21.4356 INFO Get User Success :harinagar_dis
2021-02-25 16:56:24.2004 INFO Get User Success :98-Harinagar Sugar Mills Limited(Distillery Division)
2021-02-25 16:56:24.2184 INFO Get User Success :harinagar_dis
2021-02-25 16:56:30.0184 INFO Get User Success :98-Harinagar Sugar Mills Limited(Distillery Division)
2021-02-25 16:56:30.0253 INFO Get User Success :harinagar_dis
2021-02-25 16:57:07.4973 INFO Get User Success :98-Harinagar Sugar Mills Limited(Distillery Division)
2021-02-25 16:57:07.5148 INFO Get User Success :harinagar_dis
2021-02-25 16:57:08.6507 INFO Get User Success :98-Harinagar Sugar Mills Limited(Distillery Division)
2021-02-25 16:57:08.7023 INFO Get Pass List Success
2021-02-25 16:57:08.7023 INFO Get User Success :harinagar_dis
2021-02-25 16:57:15.2530 INFO Get Pass List Success
2021-02-25 16:57:17.6332 INFO Get Pass List Success
2021-02-25 16:57:24.9138 INFO Get Pass List Success
2021-02-25 16:57:28.4710 INFO Get Pass List Success
2021-02-25 16:57:30.3413 INFO Get Pass List Success
2021-02-25 16:57:34.4963 INFO Get Pass List Success
2021-02-25 16:57:39.0911 INFO Get User Success :98-Harinagar Sugar Mills Limited(Distillery Division)
2021-02-25 16:57:39.1160 INFO Get User Success :harinagar_dis
2021-02-25 16:57:41.2037 INFO Get User Success :98-Harinagar Sugar Mills Limited(Distillery Division)
2021-02-25 16:57:41.2037 INFO Get User Success :harinagar_dis
2021-02-25 16:57:47.7770 INFO Get User Success :98-Harinagar Sugar Mills Limited(Distillery Division)
2021-02-25 16:57:47.7961 INFO Get User Success :harinagar_dis
2021-02-25 16:58:05.3425 INFO Get User Success :98-Harinagar Sugar Mills Limited(Distillery Division)
2021-02-25 16:58:05.3934 INFO Get Pass List Success
2021-02-25 16:58:05.4014 INFO Get User Success :harinagar_dis
2021-02-25 16:58:08.1622 INFO Get Pass List Success
2021-02-25 16:58:10.2860 INFO Get Pass List Success
2021-02-25 16:58:11.8856 INFO Get Pass List Success
2021-02-25 16:58:16.0765 INFO Get Pass List Success
2021-02-25 16:58:19.9661 INFO Get Pass List Success
2021-02-25 16:58:22.7266 INFO Get Pass List Success
2021-02-25 16:58:23.9417 INFO Get Pass List Success
2021-02-25 16:58:29.1600 INFO Get User Success :98-Harinagar Sugar Mills Limited(Distillery Division)
2021-02-25 16:58:29.1792 INFO Get User Success :harinagar_dis
2021-02-25 16:58:31.8910 INFO Get User Success :98-Harinagar Sugar Mills Limited(Distillery Division)
2021-02-25 16:58:31.9189 INFO Get User Success :harinagar_dis
2021-02-25 16:58:33.2439 INFO Get User Success :98-Harinagar Sugar Mills Limited(Distillery Division)
2021-02-25 16:58:33.2439 INFO Get User Success :harinagar_dis
2021-02-25 16:58:53.1982 INFO Get User Success :107-HPCL Biofuels Limited, Distillery Division, EC
2021-02-25 16:58:53.2251 INFO Get User Success :107-HPCL Biofuels Limited, Distillery Division, EC
2021-02-25 16:58:53.2419 INFO Get User Success :hpcl_ec
2021-02-25 16:58:55.7995 INFO Get User Success :107-HPCL Biofuels Limited, Distillery Division, EC
2021-02-25 16:58:55.8264 INFO Get User Success :hpcl_ec
2021-02-25 16:58:57.1130 INFO Get User Success :107-HPCL Biofuels Limited, Distillery Division, EC
2021-02-25 16:58:57.1240 INFO Get User Success :hpcl_ec
2021-02-25 16:59:02.7271 INFO Get User Success :107-HPCL Biofuels Limited, Distillery Division, EC
2021-02-25 16:59:02.7474 INFO Get User Success :hpcl_ec
2021-02-25 16:59:03.9047 INFO Get User Success :107-HPCL Biofuels Limited, Distillery Division, EC
2021-02-25 16:59:03.9555 INFO Get Pass List Success
2021-02-25 16:59:03.9645 INFO Get User Success :hpcl_ec
2021-02-25 16:59:05.8216 INFO Get Pass List Success
2021-02-25 16:59:14.6881 INFO Get Pass List Success
2021-02-25 16:59:18.1903 INFO Get Pass List Success
2021-02-25 16:59:24.2869 INFO Get User Success :107-HPCL Biofuels Limited, Distillery Division, EC
2021-02-25 16:59:24.3142 INFO Get User Success :hpcl_ec
2021-02-25 16:59:25.8015 INFO Get User Success :107-HPCL Biofuels Limited, Distillery Division, EC
2021-02-25 16:59:25.8115 INFO Get User Success :hpcl_ec
2021-02-25 16:59:54.1226 INFO Get User Success :129-Sona Sati Organics Pvt Ltd,Bond Officer
2021-02-25 16:59:54.1500 INFO Get User Success :129-Sona Sati Organics Pvt Ltd,Bond Officer
2021-02-25 16:59:54.1639 INFO Get User Success :sonasati_disbo
2021-02-25 16:59:56.1371 INFO Get User Success :129-Sona Sati Organics Pvt Ltd,Bond Officer
2021-02-25 16:59:56.1640 INFO Get User Success :129-Sona Sati Organics Pvt Ltd,Bond Officer
2021-02-25 16:59:56.2159 INFO Get Pass List Success
2021-02-25 16:59:56.2159 INFO Get User Success :sonasati_disbo
2021-02-25 16:59:58.7996 INFO Get Pass List Success
2021-02-25 17:00:02.6191 INFO Get Pass List Success
2021-02-25 17:00:05.6547 INFO Get Pass List Success
2021-02-25 17:00:06.7418 INFO Get Pass List Success
2021-02-25 17:00:08.8734 INFO Get Pass List Success
2021-02-25 17:00:09.9994 INFO Get Pass List Success
2021-02-25 17:00:13.8313 INFO Get Pass List Success
2021-02-25 17:00:15.2213 INFO Get Pass List Success
2021-02-25 17:00:23.3026 INFO Get Pass List Success
2021-02-25 17:00:26.4567 INFO Get Pass List Success
2021-02-25 17:00:30.1079 INFO Get Pass List Success
2021-02-25 17:00:44.5806 INFO Get User Success :109-Sona Sati Organics Pvt Ltd
2021-02-25 17:00:44.6035 INFO Get User Success :109-Sona Sati Organics Pvt Ltd
2021-02-25 17:00:44.8917 INFO Get User Success :sonasati_dis
2021-02-25 17:00:49.9127 INFO Get User Success :109-Sona Sati Organics Pvt Ltd
2021-02-25 17:00:49.9404 INFO Get User Success :sonasati_dis
2021-02-25 17:00:52.0026 INFO Get User Success :109-Sona Sati Organics Pvt Ltd
2021-02-25 17:00:52.0126 INFO Get User Success :sonasati_dis
2021-02-25 17:00:53.7539 INFO Get User Success :109-Sona Sati Organics Pvt Ltd
2021-02-25 17:00:53.7639 INFO Get User Success :sonasati_dis
2021-02-25 17:01:25.5268 INFO Get User Success :109-Sona Sati Organics Pvt Ltd
2021-02-25 17:01:25.5268 INFO Get User Success :sonasati_dis
2021-02-25 17:01:26.8736 INFO Get User Success :109-Sona Sati Organics Pvt Ltd
2021-02-25 17:01:26.8736 INFO Get User Success :sonasati_dis
2021-02-25 17:13:34.5548 INFO Get User Success :107-HPCL Biofuels Limited, Distillery Division, EC
2021-02-25 17:13:34.6300 INFO Get User Success :107-HPCL Biofuels Limited, Distillery Division, EC
2021-02-25 17:13:34.7065 INFO Get User Success :hpcl_ec
2021-02-25 17:13:48.9846 INFO Get User Success :107-HPCL Biofuels Limited, Distillery Division, EC
2021-02-25 17:13:49.0448 INFO Get User Success :hpcl_ec
2021-02-25 17:13:51.4071 INFO Get User Success :107-HPCL Biofuels Limited, Distillery Division, EC
2021-02-25 17:13:51.4192 INFO Get User Success :hpcl_ec
2021-02-25 17:13:53.0463 INFO Get UOM List Success
2021-02-25 17:13:53.0463 INFO Get User Success :107-HPCL Biofuels Limited, Distillery Division, EC
2021-02-25 17:13:53.0463 INFO Get Party Master List Success
2021-02-25 17:13:53.0633 INFO Get User Success :hpcl_ec
2021-02-25 17:19:17.8155 INFO Get User Success :107-HPCL Biofuels Limited, Distillery Division, EC
2021-02-25 17:19:17.8314 INFO Get User Success :hpcl_ec
2021-02-25 17:19:21.2013 INFO Get UOM List Success
2021-02-25 17:19:21.2013 INFO Get User Success :107-HPCL Biofuels Limited, Distillery Division, EC
2021-02-25 17:19:21.2013 INFO Get Party Master List Success
2021-02-25 17:21:35.5903 INFO Get User Success :hpcl_ec
2021-02-25 17:22:04.3511 INFO Get User Success :107-HPCL Biofuels Limited, Distillery Division, EC
2021-02-25 17:22:04.3601 INFO Get User Success :hpcl_ec
2021-02-25 17:22:06.4784 INFO Get UOM List Success
2021-02-25 17:22:06.4784 INFO Get User Success :107-HPCL Biofuels Limited, Distillery Division, EC
2021-02-25 17:22:06.4784 INFO Get Party Master List Success
2021-02-25 17:23:21.1331 INFO Get User Success :hpcl_ec
2021-02-25 17:23:41.5022 INFO Get User Success :107-HPCL Biofuels Limited, Distillery Division, EC
2021-02-25 17:23:41.5183 INFO Get User Success :hpcl_ec
2021-02-25 17:23:43.1211 INFO Get UOM List Success
2021-02-25 17:23:43.1211 INFO Get User Success :107-HPCL Biofuels Limited, Distillery Division, EC
2021-02-25 17:23:43.1211 INFO Get Party Master List Success
2021-02-25 17:24:56.8185 INFO Get User Success :hpcl_ec
2021-02-25 17:26:02.9858 INFO Get User Success :107-HPCL Biofuels Limited, Distillery Division, EC
2021-02-25 17:26:02.9948 INFO Get User Success :hpcl_ec
2021-02-25 17:26:04.4585 INFO Get UOM List Success
2021-02-25 17:26:04.4585 INFO Get User Success :107-HPCL Biofuels Limited, Distillery Division, EC
2021-02-25 17:26:04.4645 INFO Get Party Master List Success
2021-02-25 17:26:43.6329 INFO Get User Success :hpcl_ec
2021-02-25 17:27:45.4423 INFO Get User Success :107-HPCL Biofuels Limited, Distillery Division, EC
2021-02-25 17:27:45.4513 INFO Get User Success :hpcl_ec
2021-02-25 17:27:47.8664 INFO Get UOM List Success
2021-02-25 17:27:47.8704 INFO Get User Success :107-HPCL Biofuels Limited, Distillery Division, EC
2021-02-25 17:27:47.8704 INFO Get Party Master List Success
2021-02-25 17:28:15.3305 INFO Get User Success :hpcl_ec
2021-02-25 17:32:04.4337 INFO Get User Success :107-HPCL Biofuels Limited, Distillery Division, EC
2021-02-25 17:32:04.4337 INFO Get User Success :hpcl_ec
2021-02-25 17:32:06.5955 INFO Get UOM List Success
2021-02-25 17:32:06.5955 INFO Get User Success :107-HPCL Biofuels Limited, Distillery Division, EC
2021-02-25 17:32:06.5955 INFO Get Party Master List Success
2021-02-25 17:32:19.0162 INFO Get User Success :hpcl_ec
2021-02-25 17:44:48.6948 INFO Get User Success :107-HPCL Biofuels Limited, Distillery Division, EC
2021-02-25 17:44:48.7846 INFO Get User Success :107-HPCL Biofuels Limited, Distillery Division, EC
2021-02-25 17:44:48.8449 INFO Get User Success :hpcl_ec
2021-02-25 17:44:50.9389 INFO Get User Success :107-HPCL Biofuels Limited, Distillery Division, EC
2021-02-25 17:44:51.0078 INFO Get User Success :hpcl_ec
2021-02-25 17:44:54.4204 INFO Get User Success :107-HPCL Biofuels Limited, Distillery Division, EC
2021-02-25 17:44:54.4373 INFO Get User Success :hpcl_ec
2021-02-25 17:44:56.7173 INFO Get UOM List Success
2021-02-25 17:44:56.7173 INFO Get User Success :107-HPCL Biofuels Limited, Distillery Division, EC
2021-02-25 17:44:56.7173 INFO Get Party Master List Success
2021-02-25 17:44:59.0181 INFO Get User Success :hpcl_ec
2021-02-25 17:46:02.6969 INFO Get User Success :107-HPCL Biofuels Limited, Distillery Division, EC
2021-02-25 17:46:02.7108 INFO Get User Success :hpcl_ec
2021-02-25 17:46:06.0277 INFO Get UOM List Success
2021-02-25 17:46:06.0277 INFO Get User Success :107-HPCL Biofuels Limited, Distillery Division, EC
2021-02-25 17:46:06.0277 INFO Get Party Master List Success
2021-02-25 17:46:10.0571 INFO Get User Success :hpcl_ec
2021-02-25 17:46:33.3852 INFO Get User Success :107-HPCL Biofuels Limited, Distillery Division, EC
2021-02-25 17:46:33.3852 INFO Get User Success :hpcl_ec
2021-02-25 17:46:35.5190 INFO Get UOM List Success
2021-02-25 17:46:35.5190 INFO Get User Success :107-HPCL Biofuels Limited, Distillery Division, EC
2021-02-25 17:46:35.5260 INFO Get Party Master List Success
2021-02-25 17:47:49.2900 INFO Get User Success :hpcl_ec
2021-02-25 17:48:56.7252 INFO Get User Success :107-HPCL Biofuels Limited, Distillery Division, EC
2021-02-25 17:48:56.7352 INFO Get User Success :hpcl_ec
