2021-02-22 10:03:47.5149 INFO Get User Success :110-Hasanpur Sugar Mills
2021-02-22 10:03:47.6800 INFO Get User Success :110-Hasanpur Sugar Mills
2021-02-22 10:03:48.5479 INFO Get User Success :hasanpur_sgr
2021-02-22 10:03:57.6664 INFO Sugarcanepurchase Get List Success
2021-02-22 10:03:57.7482 INFO Get User Success :110-Hasanpur Sugar Mills
2021-02-22 10:03:57.9389 INFO Get User Success :hasanpur_sgr
2021-02-22 10:04:00.6519 INFO Get User Success :110-Hasanpur Sugar Mills
2021-02-22 10:04:01.0261 INFO Get User Success :hasanpur_sgr
2021-02-22 10:04:02.1555 INFO Get User Success :110-Hasanpur Sugar Mills
2021-02-22 10:04:02.5405 INFO MIR GetList Sucess
2021-02-22 10:04:02.6590 INFO Get User Success :hasanpur_sgr
2021-02-22 10:04:04.2952 INFO Get User Success :110-Hasanpur Sugar Mills
2021-02-22 10:04:04.5369 INFO Get VAT Master List Success
2021-02-22 10:04:05.1779 INFO Get Pass List Success
2021-02-22 10:04:05.2638 INFO MIR GetDetails Sucess
2021-02-22 10:04:05.3741 INFO Get Pass List Success
2021-02-22 10:04:05.5670 INFO Get User Success :hasanpur_sgr
2021-02-22 10:05:26.5938 INFO Get User Success :110-Hasanpur Sugar Mills
2021-02-22 10:05:26.8306 INFO Get VAT Master List Success
2021-02-22 10:05:27.4603 INFO Get Pass List Success
2021-02-22 10:05:27.5423 INFO MIR GetDetails Sucess
2021-02-22 10:08:25.7523 INFO Get Pass List Success
2021-02-22 10:08:26.0491 INFO Get User Success :hasanpur_sgr
2021-02-22 10:09:25.1342 INFO Get User Success :110-Hasanpur Sugar Mills
2021-02-22 10:09:25.6821 INFO Get VAT Master List Success
2021-02-22 10:09:27.1226 INFO Get Pass List Success
2021-02-22 10:09:27.2565 INFO MIR GetDetails Sucess
2021-02-22 10:09:56.5163 INFO Get Pass List Success
2021-02-22 10:10:22.3669 INFO Get User Success :hasanpur_sgr
2021-02-22 10:11:15.3278 INFO Get User Success :110-Hasanpur Sugar Mills
2021-02-22 10:11:15.8509 INFO Get VAT Master List Success
2021-02-22 10:11:20.2994 INFO Get Pass List Success
2021-02-22 10:11:20.4258 INFO MIR GetDetails Sucess
2021-02-22 10:11:23.8908 INFO Get Pass List Success
2021-02-22 10:11:30.4451 INFO Get User Success :hasanpur_sgr
2021-02-22 10:12:54.7117 INFO Get User Success :106-HPCL Biofuels Limited, Distillery Division, WC
2021-02-22 10:12:54.9017 INFO Get User Success :106-HPCL Biofuels Limited, Distillery Division, WC
2021-02-22 10:12:56.7824 INFO Get User Success :hpcl_wc
2021-02-22 10:13:01.0958 INFO Get User Success :106-HPCL Biofuels Limited, Distillery Division, WC
2021-02-22 10:13:02.9528 INFO Get User Success :hpcl_wc
2021-02-22 10:13:44.0723 INFO Get User Success :117-HPCL Biofuels Limited, WC
2021-02-22 10:13:44.2340 INFO Get User Success :117-HPCL Biofuels Limited, WC
2021-02-22 10:13:44.7363 INFO Get User Success :hpcl_wc_sgr
2021-02-22 10:13:48.4741 INFO Sugarcanepurchase Get List Success
2021-02-22 10:13:48.5714 INFO Get User Success :117-HPCL Biofuels Limited, WC
2021-02-22 10:13:48.6906 INFO Get User Success :hpcl_wc_sgr
2021-02-22 10:13:50.4114 INFO Get User Success :117-HPCL Biofuels Limited, WC
2021-02-22 10:13:50.9966 INFO Get User Success :hpcl_wc_sgr
2021-02-22 10:13:51.3284 INFO Get User Success :117-HPCL Biofuels Limited, WC
2021-02-22 10:13:52.2626 INFO MIR GetList Sucess
2021-02-22 10:13:52.4038 INFO Get User Success :hpcl_wc_sgr
2021-02-22 10:13:55.9139 INFO Get User Success :117-HPCL Biofuels Limited, WC
2021-02-22 10:13:56.1569 INFO Get VAT Master List Success
2021-02-22 10:13:57.2181 INFO Get Pass List Success
2021-02-22 10:13:57.3124 INFO Get User Success :hpcl_wc_sgr
2021-02-22 10:15:46.8223 INFO Get User Success :117-HPCL Biofuels Limited, WC
2021-02-22 10:15:47.4749 INFO Get VAT Master List Success
2021-02-22 10:15:51.1269 INFO Get Pass List Success
2021-02-22 10:17:02.7309 INFO Get User Success :hpcl_wc_sgr
2021-02-22 10:18:35.6108 INFO Get User Success :117-HPCL Biofuels Limited, WC
2021-02-22 10:18:37.7254 INFO MIR GetList Sucess
2021-02-22 10:18:37.9644 INFO Get User Success :hpcl_wc_sgr
2021-02-22 10:18:44.3203 INFO MIR GetList Sucess
2021-02-22 10:18:49.6736 INFO MIR GetList Sucess
2021-02-22 10:24:06.9642 INFO Get User Success :117-HPCL Biofuels Limited, WC
2021-02-22 10:24:07.3118 INFO Get VAT Master List Success
2021-02-22 10:24:10.1559 INFO Get Pass List Success
2021-02-22 10:24:10.7326 INFO Get User Success :hpcl_wc_sgr
2021-02-22 10:30:26.4119 INFO Get User Success :121-Hasanpur Sugar Mills, Bond Officer
2021-02-22 10:30:26.6036 INFO Get User Success :121-Hasanpur Sugar Mills, Bond Officer
2021-02-22 10:30:27.7793 INFO Get User Success :hasanpur_sgrbo
2021-02-22 10:30:30.9859 INFO Sugarcanepurchase Get List Success
2021-02-22 10:30:31.0699 INFO Get User Success :121-Hasanpur Sugar Mills, Bond Officer
2021-02-22 10:30:31.2209 INFO Get User Success :hasanpur_sgrbo
2021-02-22 10:30:34.7535 INFO Get User Success :121-Hasanpur Sugar Mills, Bond Officer
2021-02-22 10:30:35.4503 INFO MIR GetList Sucess
2021-02-22 10:30:35.5772 INFO Get User Success :hasanpur_sgrbo
2021-02-22 10:30:39.4549 INFO MIR GetList Sucess
2021-02-22 10:30:59.5305 INFO Get User Success :121-Hasanpur Sugar Mills, Bond Officer
2021-02-22 10:30:59.8986 INFO Get VAT Master List Success
2021-02-22 10:31:02.2649 INFO Get Pass List Success
2021-02-22 10:31:02.3971 INFO MIR GetDetails Sucess
2021-02-22 10:31:02.6810 INFO Get User Success :hasanpur_sgrbo
2021-02-22 10:41:44.3122 INFO Get User Fail :-The operation has timed out.
2021-02-22 10:43:07.3162 INFO Get User Success :121-Hasanpur Sugar Mills, Bond Officer
2021-02-22 10:43:07.5033 INFO Get User Success :121-Hasanpur Sugar Mills, Bond Officer
2021-02-22 10:43:08.7874 INFO Get User Success :hasanpur_sgrbo
2021-02-22 10:43:12.2112 INFO Sugarcanepurchase Get List Success
2021-02-22 10:43:12.3123 INFO Get User Success :121-Hasanpur Sugar Mills, Bond Officer
2021-02-22 10:43:12.4584 INFO Get User Success :hasanpur_sgrbo
2021-02-22 10:43:28.4905 INFO Get User Success :121-Hasanpur Sugar Mills, Bond Officer
2021-02-22 10:43:29.4927 INFO MIR GetList Sucess
2021-02-22 10:43:29.6143 INFO Get User Success :hasanpur_sgrbo
2021-02-22 10:43:32.9611 INFO MIR GetList Sucess
2021-02-22 10:43:37.1891 INFO Get User Success :121-Hasanpur Sugar Mills, Bond Officer
2021-02-22 10:43:59.1329 INFO Get VAT Master List Success
2021-02-22 10:44:00.5855 INFO Get Pass List Success
2021-02-22 10:44:00.6920 INFO MIR GetDetails Sucess
2021-02-22 10:44:42.0107 INFO Get Pass List Success
2021-02-22 10:44:42.1863 INFO Get User Success :hasanpur_sgrbo
2021-02-22 13:21:30.4184 INFO Get User Success :97-Harinagar Sugar Mills Ltd
2021-02-22 13:21:31.7401 INFO Get User Success :97-Harinagar Sugar Mills Ltd
2021-02-22 13:21:32.7138 INFO Get User Success :harinagar_sgr
2021-02-22 13:21:36.9837 INFO Sugarcanepurchase Get List Success
2021-02-22 13:21:37.1043 INFO Get User Success :97-Harinagar Sugar Mills Ltd
2021-02-22 13:21:37.2732 INFO Get User Success :harinagar_sgr
2021-02-22 13:21:44.4456 INFO Get User Success :97-Harinagar Sugar Mills Ltd
2021-02-22 13:21:45.6193 INFO Get User Success :harinagar_sgr
2021-02-22 13:21:47.2054 INFO Get User Success :97-Harinagar Sugar Mills Ltd
2021-02-22 13:21:48.5626 INFO MIR GetList Sucess
2021-02-22 13:21:48.6827 INFO Get User Success :harinagar_sgr
2021-02-22 13:21:50.0704 INFO Get User Success :97-Harinagar Sugar Mills Ltd
2021-02-22 13:21:50.4081 INFO Get VAT Master List Success
2021-02-22 13:21:52.7223 INFO Get Pass List Success
2021-02-22 13:21:52.8535 INFO MIR GetDetails Sucess
2021-02-22 13:21:52.9631 INFO Get Pass List Success
2021-02-22 13:21:53.1575 INFO Get User Success :harinagar_sgr
2021-02-22 13:22:34.6202 INFO Get User Success :97-Harinagar Sugar Mills Ltd
2021-02-22 13:22:35.1990 INFO Get User Success :harinagar_sgr
2021-02-22 13:22:39.1558 INFO Get User Success :97-Harinagar Sugar Mills Ltd
2021-02-22 13:22:40.1656 INFO MIR GetList Sucess
2021-02-22 13:22:40.2613 INFO Get User Success :harinagar_sgr
2021-02-22 13:22:44.6932 INFO MIR GetList Sucess
2021-02-22 13:22:46.9016 INFO Get User Success :97-Harinagar Sugar Mills Ltd
2021-02-22 13:22:47.1640 INFO Get VAT Master List Success
2021-02-22 13:22:49.6668 INFO Get Pass List Success
2021-02-22 13:22:49.7589 INFO MIR GetDetails Sucess
2021-02-22 13:22:49.8506 INFO Get Pass List Success
2021-02-22 13:22:50.0370 INFO Get User Success :harinagar_sgr
2021-02-22 13:23:38.4508 INFO Get User Success :97-Harinagar Sugar Mills Ltd
2021-02-22 13:23:38.9805 INFO Get User Success :harinagar_sgr
2021-02-22 13:23:40.5282 INFO Sugarcanepurchase Get List Success
2021-02-22 13:23:40.6403 INFO Get User Success :97-Harinagar Sugar Mills Ltd
2021-02-22 13:23:40.7346 INFO Get User Success :harinagar_sgr
2021-02-22 13:23:47.3854 INFO Get Party Master List Success
2021-02-22 13:23:47.4770 INFO Get User Success :97-Harinagar Sugar Mills Ltd
2021-02-22 13:23:47.8511 INFO Sugarcanepurchase Get List Success
2021-02-22 13:23:48.0369 INFO Get User Success :harinagar_sgr
2021-02-22 13:24:19.8763 INFO Sugarcanepurchase Get List Success
2021-02-22 13:24:19.9640 INFO Get User Success :97-Harinagar Sugar Mills Ltd
2021-02-22 13:24:20.0622 INFO Get User Success :harinagar_sgr
2021-02-22 13:31:36.3790 INFO Get User Success :121-Hasanpur Sugar Mills, Bond Officer
2021-02-22 13:31:36.5710 INFO Get User Success :121-Hasanpur Sugar Mills, Bond Officer
2021-02-22 13:31:37.5095 INFO Get User Success :hasanpur_sgrbo
2021-02-22 13:32:05.6195 INFO Get User Success :121-Hasanpur Sugar Mills, Bond Officer
2021-02-22 13:32:05.7682 INFO Get User Success :121-Hasanpur Sugar Mills, Bond Officer
2021-02-22 13:32:41.3612 INFO Get Pass List Success
2021-02-22 13:34:06.7296 INFO Get User Success :hasanpur_sgrbo
2021-02-22 13:35:08.2992 INFO Get User Success :121-Hasanpur Sugar Mills, Bond Officer
2021-02-22 13:35:19.3288 INFO Get Pass List Success
2021-02-22 13:36:32.4823 INFO Get User Success :hasanpur_sgrbo
2021-02-22 13:36:49.2943 INFO Get User Success :97-Harinagar Sugar Mills Ltd
2021-02-22 13:36:49.4300 INFO Get User Success :97-Harinagar Sugar Mills Ltd
2021-02-22 13:36:50.4949 INFO Get User Success :harinagar_sgr
2021-02-22 13:36:58.2159 INFO Get User Success :97-Harinagar Sugar Mills Ltd
2021-02-22 13:36:58.7749 INFO Get User Success :harinagar_sgr
2021-02-22 13:37:03.1478 INFO Get User Success :97-Harinagar Sugar Mills Ltd
2021-02-22 13:37:07.3854 INFO Get Pass List Success
2021-02-22 13:37:07.5274 INFO Get User Success :harinagar_sgr
2021-02-22 13:37:35.6838 INFO Get Pass List Success
2021-02-22 13:37:40.0954 INFO Get Pass List Success
2021-02-22 13:37:44.3987 INFO Get Pass List Success
2021-02-22 13:37:47.7273 INFO Get Pass List Success
2021-02-22 13:37:49.7470 INFO Get Pass List Success
2021-02-22 13:37:53.1841 INFO Get Pass List Success
2021-02-22 13:38:08.3854 INFO Get User Success :110-Hasanpur Sugar Mills
2021-02-22 13:38:08.6477 INFO Get User Success :110-Hasanpur Sugar Mills
2021-02-22 13:38:09.1515 INFO Get User Success :hasanpur_sgr
2021-02-22 13:38:12.5635 INFO Get User Success :110-Hasanpur Sugar Mills
2021-02-22 13:38:13.0466 INFO Get User Success :hasanpur_sgr
2021-02-22 13:38:15.1825 INFO Get User Success :110-Hasanpur Sugar Mills
2021-02-22 13:38:16.3451 INFO Get Pass List Success
2021-02-22 13:38:16.4791 INFO Get User Success :hasanpur_sgr
2021-02-22 13:38:20.9959 INFO Get Pass List Success
2021-02-22 13:38:28.2677 INFO Get Pass List Success
2021-02-22 13:38:30.2392 INFO Get Pass List Success
2021-02-22 13:38:31.8527 INFO Get Pass List Success
2021-02-22 16:26:15.1100 INFO Get User Success :110-Hasanpur Sugar Mills
2021-02-22 16:26:15.3154 INFO Get User Success :110-Hasanpur Sugar Mills
2021-02-22 16:26:16.1791 INFO Get User Success :hasanpur_sgr
2021-02-22 16:26:19.5401 INFO Get User Success :110-Hasanpur Sugar Mills
2021-02-22 16:26:30.8955 INFO Get User Success :109-Sona Sati Organics Pvt Ltd
2021-02-22 16:26:30.9943 INFO Get User Success :109-Sona Sati Organics Pvt Ltd
2021-02-22 16:26:31.6196 INFO Get User Success :sonasati_dis
2021-02-22 16:30:42.8459 INFO Get User Success :109-Sona Sati Organics Pvt Ltd
2021-02-22 16:30:43.2865 INFO Get User Success :sonasati_dis
2021-02-22 16:31:05.7913 INFO Get User Success :109-Sona Sati Organics Pvt Ltd
2021-02-22 16:31:06.6255 INFO Get Pass List Success
2021-02-22 16:31:06.7407 INFO Get User Success :sonasati_dis
2021-02-22 16:31:13.7188 INFO Get Pass List Success
2021-02-22 16:31:19.9726 INFO Get Pass List Success
2021-02-22 16:31:21.8833 INFO Get Pass List Success
2021-02-22 16:31:28.4831 INFO Get Pass List Success
2021-02-22 16:31:37.6944 INFO Get Pass List Success
2021-02-22 16:31:45.4491 INFO Get Pass List Success
2021-02-22 16:31:47.7223 INFO Get Pass List Success
2021-02-22 16:32:16.6546 INFO Get Pass List Success
2021-02-22 16:32:46.3770 INFO Get User Success :109-Sona Sati Organics Pvt Ltd
2021-02-22 16:32:46.4736 INFO Get Dispach Master List Success
2021-02-22 16:32:46.9242 INFO Get VAT Master List Success
2021-02-22 16:32:47.0273 INFO Get Pass List Success
2021-02-22 16:32:47.7529 INFO Get User Success :sonasati_dis
2021-02-22 16:41:40.1739 INFO Get User Success :109-Sona Sati Organics Pvt Ltd
2021-02-22 16:41:41.7917 INFO Get Pass List Success
2021-02-22 16:41:41.8931 INFO Get User Success :sonasati_dis
