2021-06-25 09:59:29.4203 INFO Get User Success :353-M and TP Unit
2021-06-25 09:59:41.8206 INFO Get User Success :353-M and TP Unit
2021-06-25 09:59:42.2475 INFO Get User Success :mtp1
2021-06-25 09:59:47.6992 INFO Get User Success :353-M and TP Unit
2021-06-25 09:59:53.7398 INFO Get User Success :mtp1
2021-06-25 10:00:17.3454 INFO Get User Success :353-M and TP Unit
2021-06-25 10:00:28.8039 INFO Get User Success :341-Assistant Commissioner
2021-06-25 10:00:29.0719 INFO Get User Success :341-Assistant Commissioner
2021-06-25 10:00:29.1279 INFO Get User Success :bhedo
2021-06-25 10:04:25.6335 INFO Get User Success :341-Assistant Commissioner
2021-06-25 10:04:29.7673 INFO Get User Success :bhedo
2021-06-25 10:55:57.8480 INFO Get User Success :350-Globus Spirits Limited
2021-06-25 10:55:58.6619 INFO Get User Success :350-Globus Spirits Limited
2021-06-25 10:55:58.8519 INFO Get User Success :globus_dis
2021-06-25 10:56:06.4714 INFO Get User Success :350-Globus Spirits Limited
2021-06-25 10:56:20.4696 INFO Get User Success :globus_dis
2021-06-25 10:57:58.0306 INFO Get User Success :350-Globus Spirits Limited
2021-06-25 10:58:17.8824 INFO Get User Success :globus_dis
2021-06-25 10:58:41.5429 INFO Get User Success :350-Globus Spirits Limited
2021-06-25 10:58:41.9309 INFO Get User Success :350-Globus Spirits Limited
2021-06-25 10:58:52.0333 INFO Get User Success :globus_dis
2021-06-25 11:08:14.4328 INFO Get User Success :353-M and TP Unit
2021-06-25 11:08:14.7458 INFO Get User Success :353-M and TP Unit
2021-06-25 11:08:14.9918 INFO Get User Success :mtp1
2021-06-25 11:08:19.5375 INFO Get User Success :353-M and TP Unit
2021-06-25 11:08:22.9303 INFO Get User Success :mtp1
2021-06-25 11:08:26.6801 INFO Get User Success :353-M and TP Unit
2021-06-25 11:08:26.9411 INFO Get User Success :mtp1
2021-06-25 11:08:36.8935 INFO Get User Success :353-M and TP Unit
2021-06-25 11:08:40.5672 INFO Get User Success :mtp1
2021-06-25 11:16:51.9366 INFO Get User Success :353-M and TP Unit
2021-06-25 11:17:05.0688 INFO Get User Success :353-M and TP Unit
2021-06-25 11:17:06.3297 INFO Get User Success :mtp1
2021-06-25 11:17:11.7174 INFO Get User Success :353-M and TP Unit
2021-06-25 11:17:15.3001 INFO Get Report  Success
2021-06-25 11:17:15.9801 INFO Get Party Master List Success
2021-06-25 11:17:16.1591 INFO Get User Success :mtp1
2021-06-25 11:17:27.2578 INFO Get VAT Master List Success
2021-06-25 12:33:36.5475 INFO Get User Success :353-M and TP Unit
2021-06-25 12:33:36.9585 INFO Get User Success :353-M and TP Unit
2021-06-25 12:33:37.2915 INFO Get User Success :mtp1
2021-06-25 12:33:50.5097 INFO Get User Success :353-M and TP Unit
2021-06-25 12:33:59.1122 INFO Get User Success :mtp1
2021-06-25 12:34:05.6398 INFO Get User Success :353-M and TP Unit
2021-06-25 12:34:10.5195 INFO Get User Success :353-M and TP Unit
2021-06-25 12:34:10.5845 INFO Get License_Type List Success
2021-06-25 12:34:10.6594 INFO Get License Fee List Success
2021-06-25 12:34:10.7135 INFO Get State List Success
2021-06-25 12:34:10.8204 INFO Get User Success :mtp1
2021-06-25 12:38:39.7370 INFO Get User Success :353-M and TP Unit
2021-06-25 12:38:39.7840 INFO Get License_Type List Success
2021-06-25 12:38:39.8360 INFO Get License Fee List Success
2021-06-25 12:38:39.8951 INFO Get State List Success
2021-06-25 12:38:39.9971 INFO Get User Success :mtp1
2021-06-25 12:38:59.9348 INFO Get User Success :353-M and TP Unit
2021-06-25 12:39:03.3606 INFO Get User Success :mtp1
2021-06-25 12:39:07.6354 INFO Get User Success :353-M and TP Unit
2021-06-25 12:39:10.6151 INFO Get User Success :353-M and TP Unit
2021-06-25 12:39:10.6611 INFO Get License_Type List Success
2021-06-25 12:39:10.7241 INFO Get License Fee List Success
2021-06-25 12:39:10.7781 INFO Get State List Success
2021-06-25 12:39:14.5619 INFO Get Division List Success
2021-06-25 12:39:17.9707 INFO Get User Success :mtp1
2021-06-25 12:39:32.0078 INFO Get User Success :353-M and TP Unit
2021-06-25 12:44:53.7832 INFO Get User Success :mtp1
2021-06-25 12:44:54.4501 INFO Get User Success :353-M and TP Unit
2021-06-25 12:44:56.0430 INFO Get User Success :mtp1
2021-06-25 12:45:00.7218 INFO Get User Success :353-M and TP Unit
2021-06-25 12:45:08.5883 INFO Get User Success :353-M and TP Unit
2021-06-25 12:45:08.6283 INFO Get License_Type List Success
2021-06-25 12:45:08.6843 INFO Get License Fee List Success
2021-06-25 12:45:08.7273 INFO Get State List Success
2021-06-25 12:45:08.8313 INFO Get User Success :mtp1
2021-06-25 12:47:09.7259 INFO Get User Success :353-M and TP Unit
2021-06-25 12:47:13.5307 INFO Get User Success :mtp1
2021-06-25 12:47:22.2961 INFO Get User Success :353-M and TP Unit
2021-06-25 12:47:26.0929 INFO Get User Success :353-M and TP Unit
2021-06-25 12:47:26.1339 INFO Get License_Type List Success
2021-06-25 12:47:26.1869 INFO Get License Fee List Success
2021-06-25 12:47:26.2439 INFO Get State List Success
2021-06-25 12:47:28.9847 INFO Get Division List Success
2021-06-25 12:47:31.0996 INFO Get User Success :mtp1
2021-06-25 12:47:48.1025 INFO Get User Success :353-M and TP Unit
2021-06-25 12:47:48.1436 INFO Get License_Type List Success
2021-06-25 12:47:48.1996 INFO Get License Fee List Success
2021-06-25 12:47:48.2475 INFO Get State List Success
2021-06-25 12:52:25.6136 INFO Get Division List Success
2021-06-25 12:52:28.7864 INFO Get User Success :mtp1
2021-06-25 12:52:50.6229 INFO Get User Success :341-Assistant Commissioner
2021-06-25 12:52:50.7949 INFO Get User Success :341-Assistant Commissioner
2021-06-25 12:52:50.9779 INFO Get User Success :bhedo
2021-06-25 12:52:55.9066 INFO Get User Success :341-Assistant Commissioner
2021-06-25 12:57:33.8136 INFO Get User Success :bhedo
2021-06-25 12:57:43.5690 INFO Get User Success :341-Assistant Commissioner
2021-06-25 12:57:53.4205 INFO Get User Success :353-M and TP Unit
2021-06-25 12:57:53.6465 INFO Get User Success :353-M and TP Unit
2021-06-25 12:57:53.8595 INFO Get User Success :mtp1
2021-06-25 12:57:59.4131 INFO Get User Success :353-M and TP Unit
2021-06-25 12:58:02.2109 INFO Get User Success :mtp1
2021-06-25 13:00:06.4614 INFO Get User Success :353-M and TP Unit
2021-06-25 13:02:11.7717 INFO Get User Success :mtp1
2021-06-25 14:42:34.1891 INFO Get User Success :350-Globus Spirits Limited
2021-06-25 14:42:34.7021 INFO Get User Success :350-Globus Spirits Limited
2021-06-25 14:42:34.8731 INFO Get User Success :globus_dis
2021-06-25 14:42:40.2818 INFO Get User Success :350-Globus Spirits Limited
2021-06-25 14:42:46.3354 INFO Get User Success :globus_dis
2021-06-25 14:43:04.1453 INFO Get User Success :350-Globus Spirits Limited
2021-06-25 14:43:11.9128 INFO Get Pass List Success
2021-06-25 14:43:12.1149 INFO Get User Success :globus_dis
2021-06-25 14:43:42.6690 INFO Get User Success :350-Globus Spirits Limited
2021-06-25 15:08:34.0809 INFO Get Pass List Success
2021-06-25 15:08:34.1439 INFO Get User Success :globus_dis
2021-06-25 15:08:50.6479 INFO Get User Success :350-Globus Spirits Limited
2021-06-25 15:08:54.3237 INFO Get User Success :globus_dis
2021-06-25 15:08:57.2505 INFO Get User Success :350-Globus Spirits Limited
2021-06-25 15:08:59.6354 INFO Get Pass List Success
2021-06-25 15:08:59.6854 INFO Get User Success :globus_dis
2021-06-25 15:11:44.8763 INFO Get User Success :350-Globus Spirits Limited
2021-06-25 15:17:28.9293 INFO Get Pass List Success
2021-06-25 15:17:28.9803 INFO Get User Success :globus_dis
2021-06-25 15:17:40.8995 INFO Get User Success :350-Globus Spirits Limited
2021-06-25 15:17:46.2362 INFO Get User Success :globus_dis
2021-06-25 15:17:49.6350 INFO Get User Success :350-Globus Spirits Limited
2021-06-25 15:17:52.7198 INFO Get Pass List Success
2021-06-25 15:17:52.7828 INFO Get User Success :globus_dis
2021-06-25 15:18:12.6176 INFO Get User Success :350-Globus Spirits Limited
2021-06-25 15:20:48.7521 INFO Get Pass List Success
2021-06-25 15:20:48.8081 INFO Get User Success :globus_dis
2021-06-25 15:24:59.5619 INFO Get User Success :350-Globus Spirits Limited
2021-06-25 15:25:49.5379 INFO Get Pass List Success
2021-06-25 15:25:49.5989 INFO Get User Success :globus_dis
2021-06-25 15:26:59.8516 INFO Get User Success :350-Globus Spirits Limited
2021-06-25 15:27:59.1260 INFO Get Pass List Success
2021-06-25 15:27:59.2169 INFO Get User Success :globus_dis
2021-06-25 15:28:51.0598 INFO Get Report  Success
2021-06-25 15:28:51.6637 INFO Get GetSeverList Success
2021-06-25 15:34:57.9907 INFO Get User Success :353-M and TP Unit
2021-06-25 15:34:58.3366 INFO Get User Success :353-M and TP Unit
2021-06-25 15:34:58.5776 INFO Get User Success :mtp1
2021-06-25 15:35:09.6280 INFO Get User Success :353-M and TP Unit
2021-06-25 15:35:12.1918 INFO Get User Success :mtp1
2021-06-25 15:35:16.7565 INFO Get User Success :353-M and TP Unit
2021-06-25 15:35:19.7293 INFO Get User Success :353-M and TP Unit
2021-06-25 15:35:19.7873 INFO Get License_Type List Success
2021-06-25 15:35:19.8513 INFO Get License Fee List Success
2021-06-25 15:35:19.9023 INFO Get State List Success
2021-06-25 15:35:23.4971 INFO Get Division List Success
2021-06-25 15:35:27.4069 INFO Get User Success :mtp1
2021-06-25 16:48:03.0596 INFO Get User Success :353-M and TP Unit
2021-06-25 16:48:31.4289 INFO Get User Success :353-M and TP Unit
2021-06-25 16:48:32.8418 INFO Get User Success :mtp1
2021-06-25 16:49:41.9096 INFO Get User Success :353-M and TP Unit
2021-06-25 16:49:46.4823 INFO Get Report  Success
2021-06-25 16:49:47.4102 INFO Get Party Master List Success
2021-06-25 16:49:47.4763 INFO Get User Success :mtp1
2021-06-25 16:49:59.3425 INFO Get VAT Master List Success
2021-06-25 16:50:10.4829 INFO Get GetSeverList Success
2021-06-25 17:11:37.7186 INFO Get User Success :353-M and TP Unit
2021-06-25 17:11:38.1396 INFO Get User Success :353-M and TP Unit
2021-06-25 17:11:38.3956 INFO Get User Success :mtp1
2021-06-25 17:12:24.9207 INFO Get User Success :353-M and TP Unit
2021-06-25 17:12:30.1824 INFO Get User Success :mtp1
2021-06-25 17:12:34.3952 INFO Get User Success :353-M and TP Unit
2021-06-25 17:12:40.2288 INFO Get User Success :353-M and TP Unit
2021-06-25 17:12:40.3098 INFO Get License_Type List Success
2021-06-25 17:12:40.3798 INFO Get License Fee List Success
2021-06-25 17:12:40.4358 INFO Get State List Success
2021-06-25 17:12:47.7644 INFO Get Division List Success
2021-06-25 17:25:07.8182 INFO Get User Success :mtp1
2021-06-25 17:25:38.3486 INFO Get User Success :353-M and TP Unit
2021-06-25 17:25:41.2895 INFO Get User Success :mtp1
2021-06-25 17:25:54.3037 INFO Get User Success :353-M and TP Unit
2021-06-25 17:25:58.2805 INFO Get User Success :353-M and TP Unit
2021-06-25 17:25:58.3654 INFO Get License_Type List Success
2021-06-25 17:25:58.4194 INFO Get License Fee List Success
2021-06-25 17:25:58.4704 INFO Get State List Success
2021-06-25 17:26:01.1723 INFO Get Division List Success
2021-06-25 17:26:05.0670 INFO Get User Success :mtp1
2021-06-25 17:26:15.6767 INFO Get User Success :341-Assistant Commissioner
2021-06-25 17:26:15.8807 INFO Get User Success :341-Assistant Commissioner
2021-06-25 17:26:16.1777 INFO Get User Success :bhedo
2021-06-25 17:26:26.7790 INFO Get User Success :341-Assistant Commissioner
2021-06-25 17:26:31.7827 INFO Get User Success :bhedo
2021-06-25 17:26:35.4935 INFO Get User Success :341-Assistant Commissioner
2021-06-25 17:26:38.1873 INFO Get User Success :341-Assistant Commissioner
2021-06-25 17:26:38.2393 INFO Get License_Type List Success
2021-06-25 17:26:38.2943 INFO Get License Fee List Success
2021-06-25 17:26:38.3463 INFO Get State List Success
2021-06-25 17:26:40.4522 INFO Get Division List Success
2021-06-25 17:26:54.8053 INFO Get User Success :bhedo
2021-06-25 17:32:21.6503 INFO Get User Success :341-Assistant Commissioner
2021-06-25 17:32:22.0173 INFO Get User Success :341-Assistant Commissioner
2021-06-25 17:32:22.3053 INFO Get User Success :bhedo
2021-06-25 17:32:45.8529 INFO Get User Success :341-Assistant Commissioner
2021-06-25 17:32:55.6583 INFO Get User Success :bhedo
2021-06-25 17:34:27.3498 INFO Get User Success :100-Deputy Commissioner
2021-06-25 17:34:27.5738 INFO Get User Success :100-Deputy Commissioner
2021-06-25 17:34:28.0928 INFO Get User Success :hodyco
2021-06-25 17:34:32.4505 INFO Get User Success :100-Deputy Commissioner
2021-06-25 17:34:35.9073 INFO Get User Success :hodyco
2021-06-25 17:34:38.9752 INFO Get User Success :100-Deputy Commissioner
2021-06-25 17:34:42.2569 INFO Get User Success :100-Deputy Commissioner
2021-06-25 17:34:42.3839 INFO Get License_Type List Success
2021-06-25 17:34:42.4960 INFO Get License Fee List Success
2021-06-25 17:34:42.5509 INFO Get State List Success
2021-06-25 17:34:47.0026 INFO Get Division List Success
2021-06-25 17:34:50.8324 INFO Get User Success :hodyco
2021-06-25 17:36:13.4844 INFO Get User Success :100-Deputy Commissioner
2021-06-25 17:36:25.5886 INFO Get User Success :hodyco
