2021-07-27 11:16:31.1566 INFO Get User Success :350-Globus Spirits Limited
2021-07-27 11:17:15.1019 INFO Get User Success :350-Globus Spirits Limited
2021-07-27 11:17:35.4366 INFO Get Product Type Master List Success
2021-07-27 11:17:35.5877 INFO Get User Success :globus_dis
2021-07-27 11:17:41.5343 INFO Get User Success :350-Globus Spirits Limited
2021-07-27 11:17:53.6876 INFO Get Product Type Master List Success
2021-07-27 11:17:54.0125 INFO Get User Success :globus_dis
2021-07-27 11:18:00.5721 INFO Get User Success :350-Globus Spirits Limited
2021-07-27 11:18:00.6622 INFO Get Dispach Master List Success
2021-07-27 11:34:05.2142 INFO Get User Success :350-Globus Spirits Limited
2021-07-27 11:34:13.1717 INFO Get Product Type Master List Success
2021-07-27 11:34:13.2777 INFO Get User Success :globus_dis
2021-07-27 11:34:16.9465 INFO Get User Success :350-Globus Spirits Limited
2021-07-27 11:34:16.9994 INFO Get Dispach Master List Success
2021-07-27 11:35:03.2117 INFO Get VAT Master List Success
2021-07-27 11:41:43.8426 INFO Get Product Type Master List Success
2021-07-27 11:41:43.9606 INFO Get User Success :globus_dis
2021-07-27 11:42:55.7392 INFO Get User Success :350-Globus Spirits Limited
2021-07-27 11:43:45.0053 INFO Get Dispach Master List Success
2021-07-27 11:43:47.2851 INFO Get VAT Master List Success
2021-07-27 11:43:48.5641 INFO Get Product Type Master List Success
2021-07-27 11:43:48.7271 INFO Get User Success :globus_dis
2021-07-27 11:44:04.4212 INFO Get User Success :350-Globus Spirits Limited
2021-07-27 11:46:36.4470 INFO Get Dispach Master List Success
2021-07-27 11:49:39.6440 INFO Get User Success :350-Globus Spirits Limited
2021-07-27 11:49:47.1355 INFO Get Product Type Master List Success
2021-07-27 11:49:47.2515 INFO Get User Success :globus_dis
2021-07-27 11:49:50.9093 INFO Get User Success :350-Globus Spirits Limited
2021-07-27 11:49:59.1438 INFO Get Dispach Master List Success
2021-07-27 11:50:00.7017 INFO Get VAT Master List Success
2021-07-27 11:50:02.2226 INFO Get Product Type Master List Success
2021-07-27 11:50:02.3286 INFO Get User Success :globus_dis
2021-07-27 12:14:47.7123 INFO Get User Success :44-Administrator
2021-07-27 12:14:51.1951 INFO Get User Success :44-Administrator
2021-07-27 12:14:58.4846 INFO Get Product Type Master List Success
2021-07-27 12:14:58.5807 INFO Get User Success :Admin
2021-07-27 12:15:33.9415 INFO Sugarcanepurchase Get List Success
2021-07-27 12:15:33.9925 INFO Get User Success :44-Administrator
2021-07-27 12:15:34.1915 INFO Get Product Type Master List Success
2021-07-27 12:15:34.2715 INFO Get User Success :Admin
2021-07-27 12:15:37.2503 INFO Get User Success :44-Administrator
2021-07-27 12:15:43.3549 INFO Get User Success :44-Administrator
2021-07-27 12:15:43.7609 INFO Get User Success :44-Administrator
2021-07-27 12:19:53.1389 INFO Get Product Type Master List Success
2021-07-27 12:19:53.1969 INFO Get User Success :Admin
2021-07-27 12:20:00.6095 INFO Sugarcanepurchase Get List Success
2021-07-27 12:20:00.6675 INFO Get User Success :44-Administrator
2021-07-27 12:20:00.8215 INFO Get Product Type Master List Success
2021-07-27 12:20:01.0495 INFO Get User Success :Admin
2021-07-27 12:20:06.2532 INFO Get User Success :44-Administrator
2021-07-27 12:20:41.7720 INFO Get Product Type Master List Success
2021-07-27 12:20:41.8460 INFO Get User Success :Admin
2021-07-27 12:20:58.1750 INFO Get User Success :44-Administrator
2021-07-27 12:22:57.5268 INFO Get Product Type Master List Success
2021-07-27 12:22:57.6048 INFO Get User Success :Admin
2021-07-27 12:23:02.7836 INFO Get User Success :44-Administrator
2021-07-27 12:23:06.2193 INFO Get Product Type Master List Success
2021-07-27 12:23:06.2853 INFO Get User Success :Admin
2021-07-27 12:23:11.6130 INFO Get User Success :44-Administrator
2021-07-27 12:23:14.7818 INFO Get Product Type Master List Success
2021-07-27 12:23:14.8468 INFO Get User Success :Admin
2021-07-27 14:57:26.4638 INFO Get User Success :108-New Swadeshi Distillery Unit
2021-07-27 14:57:52.7102 INFO Get User Success :108-New Swadeshi Distillery Unit
2021-07-27 14:58:35.5156 INFO Get Product Type Master List Success
2021-07-27 14:58:35.6676 INFO Get User Success :newswadeshi_dis
2021-07-27 14:58:44.5641 INFO Get User Success :108-New Swadeshi Distillery Unit
2021-07-27 14:58:48.5078 INFO Get Product Type Master List Success
2021-07-27 14:58:48.6198 INFO Get User Success :newswadeshi_dis
2021-07-27 14:58:53.4366 INFO Get User Success :108-New Swadeshi Distillery Unit
2021-07-27 14:58:53.7856 INFO Get VAT Master List Success
2021-07-27 14:58:53.8865 INFO Get Product Type Master List Success
2021-07-27 14:58:53.9626 INFO Get User Success :newswadeshi_dis
2021-07-27 14:58:57.6043 INFO Get User Success :108-New Swadeshi Distillery Unit
2021-07-27 14:58:57.6743 INFO Get VAT Master List Success
2021-07-27 14:58:57.8033 INFO Get Product Type Master List Success
2021-07-27 14:58:57.9203 INFO Get User Success :newswadeshi_dis
2021-07-27 14:59:41.1957 INFO Get User Success :108-New Swadeshi Distillery Unit
2021-07-27 14:59:41.5527 INFO Get VAT Master List Success
2021-07-27 14:59:41.6146 INFO Get Product Type Master List Success
2021-07-27 14:59:41.7266 INFO Get User Success :newswadeshi_dis
2021-07-27 14:59:47.3753 INFO Get User Success :108-New Swadeshi Distillery Unit
2021-07-27 14:59:47.4383 INFO Get VAT Master List Success
2021-07-27 14:59:50.8141 INFO Get Product Type Master List Success
2021-07-27 14:59:50.9312 INFO Get User Success :newswadeshi_dis
2021-07-27 15:00:27.0409 INFO Get User Success :108-New Swadeshi Distillery Unit
2021-07-27 15:00:27.6869 INFO Get VAT Master List Success
2021-07-27 15:00:27.7519 INFO Get Product Type Master List Success
2021-07-27 15:00:27.8319 INFO Get User Success :newswadeshi_dis
2021-07-27 15:00:34.6475 INFO Get User Success :108-New Swadeshi Distillery Unit
2021-07-27 15:00:34.7245 INFO Get VAT Master List Success
2021-07-27 15:00:34.8255 INFO Get Product Type Master List Success
2021-07-27 15:00:34.9465 INFO Get User Success :newswadeshi_dis
2021-07-27 15:00:39.1592 INFO Get User Success :108-New Swadeshi Distillery Unit
2021-07-27 15:00:56.4781 INFO Get User Success :108-New Swadeshi Distillery Unit
2021-07-27 15:01:16.6159 INFO Get User Success :108-New Swadeshi Distillery Unit
2021-07-27 15:01:17.0459 INFO Get VAT Master List Success
2021-07-27 15:01:17.1109 INFO Get Product Type Master List Success
2021-07-27 15:01:17.2349 INFO Get User Success :newswadeshi_dis
2021-07-27 15:02:45.9056 INFO Get User Success :108-New Swadeshi Distillery Unit
2021-07-27 15:02:45.9776 INFO Get VAT Master List Success
2021-07-27 15:02:46.1096 INFO Get Product Type Master List Success
2021-07-27 15:02:46.2186 INFO Get User Success :newswadeshi_dis
2021-07-27 15:02:57.3349 INFO Get User Success :108-New Swadeshi Distillery Unit
2021-07-27 15:04:10.6995 INFO Get User Success :108-New Swadeshi Distillery Unit
2021-07-27 15:04:11.2034 INFO Get VAT Master List Success
2021-07-27 15:04:11.2584 INFO Get Product Type Master List Success
2021-07-27 15:04:11.3494 INFO Get User Success :newswadeshi_dis
2021-07-27 15:04:14.6252 INFO Get User Success :108-New Swadeshi Distillery Unit
2021-07-27 15:04:14.6812 INFO Get VAT Master List Success
2021-07-27 15:04:18.1730 INFO Get Product Type Master List Success
2021-07-27 15:04:18.2830 INFO Get User Success :newswadeshi_dis
2021-07-27 15:04:57.4747 INFO Get User Success :108-New Swadeshi Distillery Unit
2021-07-27 15:04:57.7746 INFO Get VAT Master List Success
2021-07-27 15:04:57.8387 INFO Get Product Type Master List Success
2021-07-27 15:04:57.9117 INFO Get User Success :newswadeshi_dis
2021-07-27 15:05:00.6615 INFO Get User Success :108-New Swadeshi Distillery Unit
2021-07-27 15:05:00.7165 INFO Get VAT Master List Success
2021-07-27 15:05:01.0464 INFO Get Product Type Master List Success
2021-07-27 15:05:01.2734 INFO Get User Success :newswadeshi_dis
2021-07-27 15:05:09.5809 INFO Get User Success :108-New Swadeshi Distillery Unit
2021-07-27 15:07:48.2104 INFO Get User Success :108-New Swadeshi Distillery Unit
2021-07-27 15:07:48.8794 INFO Get VAT Master List Success
2021-07-27 15:07:48.9393 INFO Get Product Type Master List Success
2021-07-27 15:07:49.0764 INFO Get User Success :newswadeshi_dis
2021-07-27 15:12:11.4766 INFO Get User Success :108-New Swadeshi Distillery Unit
2021-07-27 15:12:11.8475 INFO Get Form84 List Success
2021-07-27 15:12:11.9445 INFO Get Product Type Master List Success
2021-07-27 15:12:12.0785 INFO Get User Success :newswadeshi_dis
2021-07-27 15:12:15.6113 INFO Get User Success :108-New Swadeshi Distillery Unit
2021-07-27 15:12:18.2442 INFO Get VAT Master List Success
2021-07-27 15:12:18.2912 INFO Get Product Type Master List Success
2021-07-27 15:12:18.4121 INFO Get User Success :newswadeshi_dis
2021-07-27 15:12:36.2771 INFO Get User Success :108-New Swadeshi Distillery Unit
2021-07-27 15:12:36.6780 INFO Get VAT Master List Success
2021-07-27 15:12:36.7310 INFO Get Product Type Master List Success
2021-07-27 15:12:36.7971 INFO Get User Success :newswadeshi_dis
2021-07-27 15:12:39.1689 INFO Get User Success :108-New Swadeshi Distillery Unit
2021-07-27 15:12:39.4979 INFO Get Form84 List Success
2021-07-27 15:12:39.5549 INFO Get Product Type Master List Success
2021-07-27 15:12:39.6699 INFO Get User Success :newswadeshi_dis
2021-07-27 15:12:42.9807 INFO Get User Success :108-New Swadeshi Distillery Unit
2021-07-27 15:12:45.5355 INFO Get VAT Master List Success
2021-07-27 15:12:45.5855 INFO Get Product Type Master List Success
2021-07-27 15:12:45.7165 INFO Get User Success :newswadeshi_dis
2021-07-27 15:12:57.9848 INFO Get VAT Master List Success
2021-07-27 15:13:08.8641 INFO Get VAT Master List Success
2021-07-27 15:13:27.7870 INFO Get VAT Master List Success
2021-07-27 15:16:01.1468 INFO Get VAT Master List Fail :Field not found in row: vat_name
2021-07-27 15:16:01.2878 INFO Get VAT Master List Fail :Field not found in row: removal_hour
2021-07-27 15:16:01.4128 INFO Get VAT Master List Fail :Field not found in row: removal_hour
2021-07-27 15:16:08.4634 INFO Get User Success :108-New Swadeshi Distillery Unit
2021-07-27 15:16:08.8604 INFO Get Form84 List Success
2021-07-27 15:16:08.9213 INFO Get Product Type Master List Success
2021-07-27 15:16:09.0934 INFO Get User Success :newswadeshi_dis
2021-07-27 15:16:12.2781 INFO Get User Success :108-New Swadeshi Distillery Unit
2021-07-27 15:16:31.0400 INFO Get VAT Master List Success
2021-07-27 15:16:31.0930 INFO Get Product Type Master List Success
2021-07-27 15:16:31.2190 INFO Get User Success :newswadeshi_dis
2021-07-27 15:16:38.7706 INFO Get VAT Master List Success
2021-07-27 15:16:45.8421 INFO Get VAT Master List Success
2021-07-27 15:16:54.6276 INFO Get VAT Master List Success
2021-07-27 15:18:12.4759 INFO Get VAT Master List Success
2021-07-27 15:19:24.0336 INFO Get VAT Master List Success
2021-07-27 15:20:32.0715 INFO Get VAT Master List Success
2021-07-27 15:27:53.2990 INFO Get VAT Master List Success
2021-07-27 15:27:59.8306 INFO Get VAT Master List Success
2021-07-27 15:28:02.5584 INFO Get VAT Master List Success
2021-07-27 15:28:09.5980 INFO Get VAT Master List Success
2021-07-27 15:28:21.8653 INFO Get VAT Master List Success
2021-07-27 15:30:33.2234 INFO Get User Success :108-New Swadeshi Distillery Unit
2021-07-27 15:30:33.4064 INFO Get Form84 List Success
2021-07-27 15:30:33.4604 INFO Get Product Type Master List Success
2021-07-27 15:30:33.5364 INFO Get User Success :newswadeshi_dis
2021-07-27 15:30:49.6374 INFO Get User Success :108-New Swadeshi Distillery Unit
2021-07-27 15:30:52.4552 INFO Get VAT Master List Success
2021-07-27 15:30:52.5052 INFO Get Product Type Master List Success
2021-07-27 15:30:52.6422 INFO Get User Success :newswadeshi_dis
2021-07-27 15:31:00.4217 INFO Get VAT Master List Success
2021-07-27 15:31:06.7814 INFO Get VAT Master List Success
2021-07-27 15:31:10.8911 INFO Get VAT Master List Success
2021-07-27 15:31:19.7736 INFO Get VAT Master List Success
2021-07-27 15:31:26.5762 INFO Get VAT Master List Success
2021-07-27 15:31:33.2318 INFO Get VAT Master List Success
2021-07-27 15:33:36.2514 INFO Get User Success :108-New Swadeshi Distillery Unit
2021-07-27 15:33:36.4364 INFO Get Form84 List Success
2021-07-27 15:33:36.5024 INFO Get Product Type Master List Success
2021-07-27 15:33:36.5704 INFO Get User Success :newswadeshi_dis
2021-07-27 15:33:39.4952 INFO Get User Success :108-New Swadeshi Distillery Unit
2021-07-27 15:33:45.0838 INFO Get VAT Master List Success
2021-07-27 15:33:45.1319 INFO Get Product Type Master List Success
2021-07-27 15:33:45.2478 INFO Get User Success :newswadeshi_dis
2021-07-27 15:33:53.8963 INFO Get VAT Master List Success
2021-07-27 15:53:08.8989 INFO Get VAT Master List Success
2021-07-27 15:53:22.8320 INFO Get VAT Master List Success
2021-07-27 16:20:49.3321 INFO Get User Success :108-New Swadeshi Distillery Unit
2021-07-27 16:20:49.7010 INFO Get User Success :108-New Swadeshi Distillery Unit
2021-07-27 16:20:59.6675 INFO Get Product Type Master List Success
2021-07-27 16:20:59.8104 INFO Get User Success :newswadeshi_dis
2021-07-27 16:21:04.3941 INFO Get User Success :108-New Swadeshi Distillery Unit
2021-07-27 16:21:08.0259 INFO Get Product Type Master List Success
2021-07-27 16:21:08.3280 INFO Get User Success :newswadeshi_dis
2021-07-27 16:21:13.1687 INFO Get User Success :108-New Swadeshi Distillery Unit
2021-07-27 16:21:13.6656 INFO Get Form84 List Success
2021-07-27 16:21:13.7486 INFO Get Product Type Master List Success
2021-07-27 16:21:13.8616 INFO Get User Success :newswadeshi_dis
2021-07-27 16:21:16.9204 INFO Get User Success :108-New Swadeshi Distillery Unit
2021-07-27 16:21:19.5762 INFO Get VAT Master List Success
2021-07-27 16:21:19.6362 INFO Get Product Type Master List Success
2021-07-27 16:21:19.7522 INFO Get User Success :newswadeshi_dis
2021-07-27 16:21:28.2378 INFO Get VAT Master List Success
2021-07-27 16:21:34.6683 INFO Get VAT Master List Success
2021-07-27 16:21:39.1800 INFO Get VAT Master List Success
2021-07-27 16:21:39.2480 INFO Get VAT Master List Success
2021-07-27 16:22:29.1851 INFO Get VAT Master List Fail :42601: syntax error at or near "FROM"
2021-07-27 16:23:39.4508 INFO Get VAT Master List Success
2021-07-27 16:25:14.7751 INFO Get VAT Master List Success
2021-07-27 16:25:24.2375 INFO Get VAT Master List Success
2021-07-27 16:25:25.3344 INFO Get VAT Master List Success
2021-07-27 16:25:25.3824 INFO Get VAT Master List Success
2021-07-27 16:25:26.6374 INFO Get VAT Master List Success
2021-07-27 16:25:27.7713 INFO Get VAT Master List Success
2021-07-27 16:25:28.5712 INFO Get User Success :108-New Swadeshi Distillery Unit
2021-07-27 16:25:28.9592 INFO Get Form84 List Success
2021-07-27 16:25:29.0952 INFO Get Product Type Master List Success
2021-07-27 16:25:29.2922 INFO Get User Success :newswadeshi_dis
2021-07-27 16:25:34.5779 INFO Get User Success :108-New Swadeshi Distillery Unit
2021-07-27 16:25:37.0797 INFO Get VAT Master List Success
2021-07-27 16:25:37.1367 INFO Get Product Type Master List Success
2021-07-27 16:25:37.2567 INFO Get User Success :newswadeshi_dis
2021-07-27 16:25:44.4203 INFO Get VAT Master List Success
2021-07-27 16:25:50.2299 INFO Get VAT Master List Success
2021-07-27 16:25:53.3248 INFO Get VAT Master List Success
2021-07-27 16:25:53.3738 INFO Get VAT Master List Success
2021-07-27 16:26:43.2418 INFO Get VAT Master List Success
2021-07-27 16:28:30.0943 INFO Get VAT Master List Success
2021-07-27 16:32:08.9912 INFO Get VAT Master List Success
2021-07-27 16:32:19.1836 INFO Get VAT Master List Success
2021-07-27 16:32:20.4055 INFO Get VAT Master List Success
2021-07-27 16:32:20.4705 INFO Get VAT Master List Success
2021-07-27 16:32:21.2444 INFO Get VAT Master List Success
2021-07-27 16:32:22.0404 INFO Get VAT Master List Success
2021-07-27 16:32:37.4685 INFO Get User Success :108-New Swadeshi Distillery Unit
2021-07-27 16:32:38.0314 INFO Get Form84 List Success
2021-07-27 16:32:38.0884 INFO Get Product Type Master List Success
2021-07-27 16:32:38.2154 INFO Get User Success :newswadeshi_dis
2021-07-27 16:32:41.3532 INFO Get User Success :108-New Swadeshi Distillery Unit
2021-07-27 16:32:43.7421 INFO Get VAT Master List Success
2021-07-27 16:32:43.7811 INFO Get Product Type Master List Success
2021-07-27 16:32:43.8921 INFO Get User Success :newswadeshi_dis
2021-07-27 16:32:53.7675 INFO Get VAT Master List Success
2021-07-27 16:33:03.5469 INFO Get VAT Master List Success
2021-07-27 16:33:06.3227 INFO Get VAT Master List Success
2021-07-27 16:33:06.4777 INFO Get VAT Master List Success
2021-07-27 16:33:11.1584 INFO Get VAT Master List Success
2021-07-27 16:35:11.8512 INFO Get VAT Master List Success
2021-07-27 16:37:18.1656 INFO Get VAT Master List Success
2021-07-27 16:37:20.5504 INFO Get VAT Master List Success
2021-07-27 16:37:20.7465 INFO Get VAT Master List Success
2021-07-27 16:37:23.5693 INFO Get VAT Master List Success
2021-07-27 16:37:27.0091 INFO Get VAT Master List Success
2021-07-27 16:39:54.3952 INFO Get User Success :108-New Swadeshi Distillery Unit
2021-07-27 16:39:54.7592 INFO Get Form84 List Success
2021-07-27 16:39:54.8242 INFO Get Product Type Master List Success
2021-07-27 16:39:54.9052 INFO Get User Success :newswadeshi_dis
2021-07-27 16:39:59.1070 INFO Get User Success :108-New Swadeshi Distillery Unit
2021-07-27 16:40:01.9217 INFO Get VAT Master List Success
2021-07-27 16:40:01.9757 INFO Get Product Type Master List Success
2021-07-27 16:40:02.0797 INFO Get User Success :newswadeshi_dis
2021-07-27 16:40:21.8356 INFO Get VAT Master List Success
2021-07-27 16:46:12.1015 INFO Get VAT Master List Success
2021-07-27 16:46:12.2595 INFO Get VAT Master List Success
2021-07-27 16:46:12.3165 INFO Get VAT Master List Success
2021-07-27 16:46:12.3975 INFO Get VAT Master List Success
2021-07-27 16:46:12.4965 INFO Get VAT Master List Success
2021-07-27 16:51:27.9237 INFO Get User Success :108-New Swadeshi Distillery Unit
2021-07-27 16:51:28.5037 INFO Get User Success :108-New Swadeshi Distillery Unit
2021-07-27 16:51:49.1604 INFO Get Product Type Master List Success
2021-07-27 16:51:49.2944 INFO Get User Success :newswadeshi_dis
2021-07-27 16:51:49.7984 INFO Get User Success :108-New Swadeshi Distillery Unit
2021-07-27 16:51:53.0292 INFO Get User Success :108-New Swadeshi Distillery Unit
2021-07-27 16:52:33.4408 INFO Get Product Type Master List Success
2021-07-27 16:52:33.5448 INFO Get User Success :newswadeshi_dis
2021-07-27 16:52:50.0358 INFO Get User Success :108-New Swadeshi Distillery Unit
2021-07-27 16:52:50.4167 INFO Get Form84 List Success
2021-07-27 16:52:50.5017 INFO Get Product Type Master List Success
2021-07-27 16:52:50.6407 INFO Get User Success :newswadeshi_dis
2021-07-27 16:52:59.5382 INFO Get User Success :108-New Swadeshi Distillery Unit
2021-07-27 16:53:20.3219 INFO Get VAT Master List Success
2021-07-27 16:53:20.3749 INFO Get Product Type Master List Success
2021-07-27 16:53:20.4840 INFO Get User Success :newswadeshi_dis
2021-07-27 16:53:30.8044 INFO Get VAT Master List Success
2021-07-27 16:53:36.1030 INFO Get VAT Master List Success
2021-07-27 16:53:39.6148 INFO Get VAT Master List Success
2021-07-27 16:53:39.6708 INFO Get VAT Master List Success
2021-07-27 16:53:42.3116 INFO Get VAT Master List Success
2021-07-27 16:53:43.4835 INFO Get VAT Master List Success
2021-07-27 16:53:45.5004 INFO Get VAT Master List Success
2021-07-27 16:55:05.7316 INFO Get User Success :108-New Swadeshi Distillery Unit
2021-07-27 16:55:05.9646 INFO Get Form84 List Success
2021-07-27 16:55:06.0256 INFO Get Product Type Master List Success
2021-07-27 16:55:06.1236 INFO Get User Success :newswadeshi_dis
2021-07-27 16:55:09.0274 INFO Get User Success :108-New Swadeshi Distillery Unit
2021-07-27 16:55:12.0102 INFO Get VAT Master List Success
2021-07-27 16:55:12.5592 INFO Get Product Type Master List Success
2021-07-27 16:55:13.0102 INFO Get User Success :newswadeshi_dis
2021-07-27 16:55:22.3556 INFO Get VAT Master List Success
2021-07-27 16:55:29.2812 INFO Get VAT Master List Success
2021-07-27 16:55:32.4000 INFO Get VAT Master List Success
2021-07-27 16:55:32.5660 INFO Get VAT Master List Success
2021-07-27 16:55:46.1312 INFO Get VAT Master List Success
2021-07-27 17:02:23.9143 INFO Get VAT Master List Success
2021-07-27 17:02:23.9713 INFO Get VAT Master List Success
2021-07-27 17:48:08.7058 INFO Get User Success :108-New Swadeshi Distillery Unit
2021-07-27 17:48:54.4228 INFO Get User Success :108-New Swadeshi Distillery Unit
2021-07-27 17:49:09.6158 INFO Get Product Type Master List Success
2021-07-27 17:49:09.7618 INFO Get User Success :newswadeshi_dis
2021-07-27 17:49:15.6294 INFO Get User Success :108-New Swadeshi Distillery Unit
2021-07-27 17:49:21.3710 INFO Get Product Type Master List Success
2021-07-27 17:49:21.4791 INFO Get User Success :newswadeshi_dis
2021-07-27 17:49:25.4568 INFO Get User Success :108-New Swadeshi Distillery Unit
2021-07-27 17:49:26.1687 INFO Get Form84 List Success
2021-07-27 17:49:26.2637 INFO Get Product Type Master List Success
2021-07-27 17:49:26.3767 INFO Get User Success :newswadeshi_dis
2021-07-27 17:49:30.4771 INFO Get User Success :108-New Swadeshi Distillery Unit
2021-07-27 17:49:33.8541 INFO Get VAT Master List Success
2021-07-27 17:49:33.9311 INFO Get Product Type Master List Success
2021-07-27 17:49:34.0381 INFO Get User Success :newswadeshi_dis
2021-07-27 17:49:45.3659 INFO Get VAT Master List Success
2021-07-27 17:49:51.6068 INFO Get VAT Master List Success
2021-07-27 17:49:56.0415 INFO Get VAT Master List Success
2021-07-27 17:49:56.0884 INFO Get VAT Master List Success
2021-07-27 17:49:58.3911 INFO Get VAT Master List Success
2021-07-27 17:49:59.3978 INFO Get VAT Master List Success
2021-07-27 17:50:00.5316 INFO Get VAT Master List Success
2021-07-27 17:50:12.2245 INFO Get User Success :108-New Swadeshi Distillery Unit
2021-07-27 17:50:15.6602 INFO Get VAT Master List Success
2021-07-27 17:50:15.7183 INFO Get Product Type Master List Success
2021-07-27 17:50:15.8622 INFO Get User Success :newswadeshi_dis
2021-07-27 17:50:25.2756 INFO Get User Success :108-New Swadeshi Distillery Unit
2021-07-27 17:51:12.6945 INFO Get VAT Master List Success
2021-07-27 17:51:12.7505 INFO Get Product Type Master List Success
2021-07-27 17:51:12.8765 INFO Get User Success :newswadeshi_dis
2021-07-27 17:51:19.6391 INFO Get VAT Master List Success
2021-07-27 17:51:25.5691 INFO Get VAT Master List Success
2021-07-27 17:51:26.4598 INFO Get VAT Master List Success
2021-07-27 17:51:26.5222 INFO Get VAT Master List Success
2021-07-27 17:51:27.6830 INFO Get VAT Master List Success
2021-07-27 17:51:28.4324 INFO Get VAT Master List Success
2021-07-27 17:51:29.0486 INFO Get VAT Master List Success
