2021-06-09 12:17:44.9110 INFO Get User Success :353-M and TP Unit
2021-06-09 12:17:45.6259 INFO Get User Success :353-M and TP Unit
2021-06-09 12:17:46.2169 INFO Get User Success :mtp1
2021-06-09 12:17:53.3855 INFO Get User Success :353-M and TP Unit
2021-06-09 12:17:53.7215 INFO Get User Success :mtp1
2021-06-09 12:18:58.6546 INFO Get User Success :353-M and TP Unit
2021-06-09 12:18:58.9976 INFO Get User Success :mtp1
2021-06-09 12:19:50.6035 INFO Get User Success :353-M and TP Unit
2021-06-09 12:19:50.8375 INFO Get User Success :mtp1
2021-06-09 12:21:16.6714 INFO Get User Success :353-M and TP Unit
2021-06-09 12:21:16.9864 INFO Get User Success :mtp1
2021-06-09 12:21:24.2630 INFO Get User Success :353-M and TP Unit
2021-06-09 12:21:24.8890 INFO Get Allotment List Success
2021-06-09 12:21:27.1959 INFO Get Product Master List Success
2021-06-09 12:21:28.3498 INFO Get UOM List Success
2021-06-09 12:21:28.7397 INFO Get User Success :mtp1
2021-06-09 12:22:41.6534 INFO Get User Success :353-M and TP Unit
2021-06-09 12:22:41.9874 INFO Get Allotment List Success
2021-06-09 12:22:44.0583 INFO Get Product Master List Success
2021-06-09 12:22:44.2163 INFO Get UOM List Success
2021-06-09 12:22:44.3753 INFO Get User Success :mtp1
2021-06-09 15:47:25.5544 INFO Get User Success :353-M and TP Unit
2021-06-09 15:47:57.8815 INFO Get User Success :353-M and TP Unit
2021-06-09 15:47:59.0355 INFO Get User Success :mtp1
2021-06-09 15:48:14.5045 INFO Get User Success :353-M and TP Unit
2021-06-09 15:48:27.5578 INFO Get User Success :339-Bihar Distillers & Bottlers Pvt. Ltd - Unit- 1
2021-06-09 15:48:28.0908 INFO Get User Success :339-Bihar Distillers & Bottlers Pvt. Ltd - Unit- 1
2021-06-09 15:48:28.4418 INFO Get User Success :bdbl_dis
2021-06-09 15:48:39.6371 INFO Get User Success :339-Bihar Distillers & Bottlers Pvt. Ltd - Unit- 1
2021-06-09 15:48:48.1696 INFO Get User Success :bdbl_dis
2021-06-09 15:49:05.4664 INFO Get User Success :339-Bihar Distillers & Bottlers Pvt. Ltd - Unit- 1
2021-06-09 15:49:05.8304 INFO Get User Success :339-Bihar Distillers & Bottlers Pvt. Ltd - Unit- 1
2021-06-09 15:49:06.2434 INFO Get User Success :bdbl_dis
2021-06-09 15:49:40.5866 INFO Get User Success :339-Bihar Distillers & Bottlers Pvt. Ltd - Unit- 1
2021-06-09 15:49:43.5855 INFO Get User Success :bdbl_dis
2021-06-09 15:49:47.1052 INFO Get User Success :339-Bihar Distillers & Bottlers Pvt. Ltd - Unit- 1
2021-06-09 15:49:47.3033 INFO Get User Success :339-Bihar Distillers & Bottlers Pvt. Ltd - Unit- 1
2021-06-09 15:49:59.8375 INFO Get User Success :339-Bihar Distillers & Bottlers Pvt. Ltd - Unit- 1
2021-06-09 15:50:26.6399 INFO Get User Success :bdbl_dis
2021-06-09 15:50:27.4639 INFO Get User Success :339-Bihar Distillers & Bottlers Pvt. Ltd - Unit- 1
2021-06-09 15:50:34.8115 INFO Get User Success :bdbl_dis
2021-06-09 15:50:37.8622 INFO Get User Success :339-Bihar Distillers & Bottlers Pvt. Ltd - Unit- 1
2021-06-09 15:53:53.7627 INFO Get User Success :bdbl_dis
2021-06-09 15:53:57.9824 INFO Get User Success :339-Bihar Distillers & Bottlers Pvt. Ltd - Unit- 1
2021-06-09 15:53:58.2045 INFO Get User Success :339-Bihar Distillers & Bottlers Pvt. Ltd - Unit- 1
2021-06-09 15:54:27.5567 INFO Get User Success :339-Bihar Distillers & Bottlers Pvt. Ltd - Unit- 1
2021-06-09 15:54:35.6382 INFO Get User Success :bdbl_dis
2021-06-09 15:54:41.1929 INFO Get User Success :339-Bihar Distillers & Bottlers Pvt. Ltd - Unit- 1
2021-06-09 15:54:41.3749 INFO Get User Success :339-Bihar Distillers & Bottlers Pvt. Ltd - Unit- 1
2021-06-09 15:54:54.4971 INFO Get User Success :339-Bihar Distillers & Bottlers Pvt. Ltd - Unit- 1
2021-06-09 15:54:57.3759 INFO Get User Success :bdbl_dis
2021-06-09 15:55:12.8058 INFO Get User Success :339-Bihar Distillers & Bottlers Pvt. Ltd - Unit- 1
2021-06-09 15:55:30.8397 INFO Get RR List Success
2021-06-09 15:55:31.7877 INFO Get NOC Details Success
2021-06-09 15:55:32.4256 INFO Get NOC Details Success
2021-06-09 15:55:32.6437 INFO Get User Success :339-Bihar Distillers & Bottlers Pvt. Ltd - Unit- 1
2021-06-09 15:55:32.8606 INFO Get Balance Request Pass Success
2021-06-09 15:55:40.3851 INFO Get User Success :bdbl_dis
2021-06-09 15:57:21.0063 INFO Get User Success :339-Bihar Distillers & Bottlers Pvt. Ltd - Unit- 1
2021-06-09 15:57:24.3931 INFO Get User Success :bdbl_dis
2021-06-09 15:57:27.8349 INFO Get User Success :339-Bihar Distillers & Bottlers Pvt. Ltd - Unit- 1
2021-06-09 15:57:28.0359 INFO Get User Success :339-Bihar Distillers & Bottlers Pvt. Ltd - Unit- 1
2021-06-09 15:58:08.8375 INFO Get User Success :bdbl_dis
2021-06-09 15:58:53.2788 INFO Get User Success :339-Bihar Distillers & Bottlers Pvt. Ltd - Unit- 1
2021-06-09 15:58:53.9648 INFO Get User Success :339-Bihar Distillers & Bottlers Pvt. Ltd - Unit- 1
2021-06-09 15:58:54.4988 INFO Get User Success :bdbl_dis
2021-06-09 15:58:58.0456 INFO Get User Success :339-Bihar Distillers & Bottlers Pvt. Ltd - Unit- 1
2021-06-09 15:58:58.3226 INFO Get User Success :bdbl_dis
2021-06-09 15:59:09.3254 INFO Get User Success :108-New Swadeshi Distillery Unit
2021-06-09 15:59:09.6124 INFO Get User Success :108-New Swadeshi Distillery Unit
2021-06-09 15:59:10.5073 INFO Get User Success :newswadeshi_dis
2021-06-09 15:59:14.0201 INFO Get User Success :108-New Swadeshi Distillery Unit
2021-06-09 15:59:14.6611 INFO Get User Success :newswadeshi_dis
2021-06-09 15:59:17.7409 INFO Get User Success :108-New Swadeshi Distillery Unit
2021-06-09 15:59:17.9799 INFO Get User Success :newswadeshi_dis
2021-06-09 15:59:39.6865 INFO Get User Success :109-Sona Sati Organics Pvt Ltd
2021-06-09 15:59:40.0165 INFO Get User Success :109-Sona Sati Organics Pvt Ltd
2021-06-09 15:59:40.5365 INFO Get User Success :sonasati_dis
2021-06-09 15:59:50.7749 INFO Get User Success :109-Sona Sati Organics Pvt Ltd
2021-06-09 15:59:51.6728 INFO Get User Success :sonasati_dis
2021-06-09 15:59:55.3656 INFO Get User Success :109-Sona Sati Organics Pvt Ltd
2021-06-09 15:59:55.6676 INFO Get User Success :sonasati_dis
2021-06-09 16:08:10.3076 INFO Get User Success :109-Sona Sati Organics Pvt Ltd
2021-06-09 16:08:10.4236 INFO Get VAT Master List Success
2021-06-09 16:08:10.7526 INFO Get User Success :sonasati_dis
2021-06-09 18:18:35.1201 INFO Get User Success :108-New Swadeshi Distillery Unit
2021-06-09 18:18:35.7041 INFO Get User Success :108-New Swadeshi Distillery Unit
2021-06-09 18:18:37.1720 INFO Get User Success :newswadeshi_dis
2021-06-09 18:18:41.2928 INFO Get User Success :108-New Swadeshi Distillery Unit
2021-06-09 18:18:41.9137 INFO Get User Success :newswadeshi_dis
2021-06-09 18:18:45.2025 INFO Get User Success :108-New Swadeshi Distillery Unit
2021-06-09 18:18:45.7325 INFO Get User Success :newswadeshi_dis
2021-06-09 18:19:04.1775 INFO Get User Success :108-New Swadeshi Distillery Unit
2021-06-09 18:19:04.3615 INFO Get VAT Master List Success
2021-06-09 18:19:04.5884 INFO Get User Success :newswadeshi_dis
2021-06-09 18:19:48.9982 INFO Insert Party Master Success :NSDDEN0006-NSDDEN0007
2021-06-09 18:19:49.1822 INFO Get User Success :108-New Swadeshi Distillery Unit
2021-06-09 18:19:49.5622 INFO Get User Success :newswadeshi_dis
2021-06-09 18:20:02.6713 INFO Get User Success :128-New Swadeshi Distillery Unit , Bond Officer
2021-06-09 18:20:02.9833 INFO Get User Success :128-New Swadeshi Distillery Unit , Bond Officer
2021-06-09 18:20:03.5283 INFO Get User Success :newswadeshi_disbo
2021-06-09 18:20:09.5829 INFO Get User Success :128-New Swadeshi Distillery Unit , Bond Officer
2021-06-09 18:20:10.2259 INFO Get User Success :newswadeshi_disbo
2021-06-09 18:20:13.5357 INFO Get User Success :128-New Swadeshi Distillery Unit , Bond Officer
2021-06-09 18:20:13.9417 INFO Get User Success :newswadeshi_disbo
2021-06-09 18:20:16.7115 INFO Get User Success :128-New Swadeshi Distillery Unit , Bond Officer
2021-06-09 18:20:16.8166 INFO Get VAT Master List Success
2021-06-09 18:20:17.2025 INFO Get User Success :newswadeshi_disbo
2021-06-09 18:29:05.9103 INFO Get User Success :101-Commissioner
2021-06-09 18:29:27.5371 INFO Get User Success :101-Commissioner
2021-06-09 18:29:28.8530 INFO Get User Success :com
2021-06-09 18:29:32.4958 INFO Get User Success :101-Commissioner
2021-06-09 18:29:33.2977 INFO Get User Success :101-Commissioner
