2021-06-08 11:12:41.4517 INFO Get User Success :353-M and TP Unit
2021-06-08 11:12:42.0507 INFO Get User Success :353-M and TP Unit
2021-06-08 11:12:42.4177 INFO Get User Success :mtp1
2021-06-08 11:13:11.1878 INFO Get User Success :353-M and TP Unit
2021-06-08 11:13:16.7715 INFO Get User Success :mtp1
2021-06-08 11:13:20.8572 INFO Get User Success :353-M and TP Unit
2021-06-08 11:13:25.4719 INFO Get User Success :353-M and TP Unit
2021-06-08 11:13:25.6839 INFO Get License_Type List Success
2021-06-08 11:13:25.8029 INFO Get License Fee List Success
2021-06-08 11:13:25.8779 INFO Get State List Success
2021-06-08 11:13:31.5335 INFO Get License_Type List Success
2021-06-08 11:13:55.2870 INFO Get User Success :353-M and TP Unit
2021-06-08 11:13:59.3378 INFO Get User Success :mtp1
2021-06-08 11:14:03.0765 INFO Get User Success :353-M and TP Unit
2021-06-08 11:14:05.8933 INFO Get User Success :353-M and TP Unit
2021-06-08 11:14:05.9764 INFO Get License_Type List Success
2021-06-08 11:14:06.0473 INFO Get License Fee List Success
2021-06-08 11:14:06.1323 INFO Get State List Success
2021-06-08 11:14:08.6542 INFO Get License_Type List Success
2021-06-08 11:14:59.4390 INFO Get User Success :353-M and TP Unit
2021-06-08 11:16:26.7994 INFO Get User Success :mtp1
2021-06-08 11:16:30.1032 INFO Get User Success :353-M and TP Unit
2021-06-08 11:16:33.6730 INFO Get User Success :353-M and TP Unit
2021-06-08 11:16:33.7360 INFO Get License_Type List Success
2021-06-08 11:16:33.8120 INFO Get License Fee List Success
2021-06-08 11:16:33.8800 INFO Get State List Success
2021-06-08 11:16:37.6897 INFO Get License_Type List Success
2021-06-08 11:16:48.7040 INFO Get User Success :353-M and TP Unit
2021-06-08 11:52:10.2616 INFO Get User Success :353-M and TP Unit
2021-06-08 11:52:10.9696 INFO Get User Success :353-M and TP Unit
2021-06-08 11:52:11.3945 INFO Get User Success :mtp1
2021-06-08 11:52:19.2790 INFO Get User Success :353-M and TP Unit
2021-06-08 11:52:19.4990 INFO Get User Success :mtp1
2021-06-08 11:52:22.8958 INFO Get User Success :353-M and TP Unit
2021-06-08 11:52:30.4693 INFO Get Allotment List Success
2021-06-08 11:52:30.9362 INFO Get Product Master List Success
2021-06-08 11:52:31.0142 INFO Get UOM List Success
2021-06-08 11:52:31.0923 INFO Get User Success :mtp1
2021-06-08 11:52:54.2619 INFO Get User Success :353-M and TP Unit
2021-06-08 11:52:54.5608 INFO Get User Success :353-M and TP Unit
2021-06-08 11:52:54.6648 INFO Get User Success :mtp1
2021-06-08 11:53:01.4323 INFO Get User Success :353-M and TP Unit
2021-06-08 11:53:04.2502 INFO Get Allotment List Success
2021-06-08 11:53:04.4132 INFO Get User Success :mtp1
2021-06-08 11:53:15.5284 INFO Get User Success :353-M and TP Unit
2021-06-08 11:53:15.7494 INFO Get User Success :mtp1
2021-06-08 11:53:18.6712 INFO Get User Success :353-M and TP Unit
2021-06-08 11:56:01.4288 INFO Get Allotment List Success
2021-06-08 11:56:02.2297 INFO Get Product Master List Success
2021-06-08 11:56:02.3777 INFO Get UOM List Success
2021-06-08 11:56:02.5856 INFO Get User Success :mtp1
2021-06-08 11:56:17.5794 INFO Get Allotment Details Success
2021-06-08 11:56:42.5458 INFO Get User Success :353-M and TP Unit
2021-06-08 11:56:42.8289 INFO Get User Success :mtp1
2021-06-08 11:56:51.7462 INFO Get User Success :353-M and TP Unit
2021-06-08 11:56:55.3040 INFO Get User Success :mtp1
2021-06-08 11:56:58.7038 INFO Get User Success :353-M and TP Unit
2021-06-08 11:57:02.1326 INFO Get User Success :353-M and TP Unit
2021-06-08 11:57:02.2236 INFO Get License_Type List Success
2021-06-08 11:57:02.3075 INFO Get License Fee List Success
2021-06-08 11:57:02.3856 INFO Get State List Success
2021-06-08 11:57:06.6453 INFO Get License_Type List Success
2021-06-08 11:57:07.4362 INFO Get Division List Success
2021-06-08 11:57:10.8990 INFO Get License_Type List Success
2021-06-08 11:59:18.6107 INFO Get User Success :353-M and TP Unit
2021-06-08 11:59:22.6525 INFO Get User Success :mtp1
2021-06-08 11:59:57.0453 INFO Get User Success :353-M and TP Unit
2021-06-08 12:00:00.6800 INFO Get User Success :353-M and TP Unit
2021-06-08 12:00:00.7610 INFO Get License_Type List Success
2021-06-08 12:00:00.8440 INFO Get License Fee List Success
2021-06-08 12:00:01.0470 INFO Get State List Success
2021-06-08 12:00:05.8097 INFO Get License_Type List Success
2021-06-08 12:00:06.8946 INFO Get Division List Success
2021-06-08 12:00:12.3713 INFO Get User Success :mtp1
2021-06-08 12:00:34.8206 INFO Get License_Type List Success
2021-06-08 12:10:30.6877 INFO Get User Success :44-Administrator
2021-06-08 12:10:31.1227 INFO Get User Success :44-Administrator
2021-06-08 12:10:31.5657 INFO Get User Success :Admin
2021-06-08 12:13:04.6308 INFO Get User Success :44-Administrator
2021-06-08 12:13:19.2725 INFO Get User Success :353-M and TP Unit
2021-06-08 12:13:19.9004 INFO Get User Success :353-M and TP Unit
2021-06-08 12:13:20.0504 INFO Get User Success :mtp1
2021-06-08 12:14:24.0613 INFO Get User Success :353-M and TP Unit
2021-06-08 12:14:26.3931 INFO Get User Success :mtp1
2021-06-08 12:14:29.5269 INFO Get User Success :353-M and TP Unit
2021-06-08 12:32:45.2907 INFO Get User Success :353-M and TP Unit
2021-06-08 12:32:46.0676 INFO Get User Success :353-M and TP Unit
2021-06-08 12:32:46.7776 INFO Get User Success :mtp1
2021-06-08 12:32:52.4532 INFO Get User Success :353-M and TP Unit
2021-06-08 12:34:45.2860 INFO Get User Success :mtp1
2021-06-08 12:34:48.6318 INFO Get User Success :353-M and TP Unit
2021-06-08 12:34:52.1345 INFO Get User Success :353-M and TP Unit
2021-06-08 12:34:52.2825 INFO Get License_Type List Success
2021-06-08 12:34:52.4505 INFO Get License Fee List Success
2021-06-08 12:34:52.5725 INFO Get State List Success
2021-06-08 12:34:59.0500 INFO Get Division List Success
2021-06-08 12:35:32.9949 INFO Get License_Type List Success
2021-06-08 12:35:38.1426 INFO Get User Success :mtp1
2021-06-08 13:00:48.8664 INFO Get User Success :353-M and TP Unit
2021-06-08 13:00:56.2370 INFO Get User Success :353-M and TP Unit
2021-06-08 13:00:56.7099 INFO Get User Success :mtp1
2021-06-08 13:01:27.9499 INFO Get User Success :353-M and TP Unit
2021-06-08 13:03:49.5368 INFO Get User Success :mtp1
2021-06-08 13:04:27.0764 INFO Get User Success :353-M and TP Unit
2021-06-08 13:04:27.4523 INFO Get User Success :353-M and TP Unit
2021-06-08 13:04:27.8933 INFO Get User Success :mtp1
2021-06-08 13:05:21.6028 INFO Get User Success :353-M and TP Unit
2021-06-08 13:05:24.3566 INFO Get Allotment List Success
2021-06-08 13:05:24.5046 INFO Get User Success :mtp1
2021-06-08 13:05:28.1844 INFO Get User Success :353-M and TP Unit
2021-06-08 13:05:30.3672 INFO Get Allotment List Success
2021-06-08 13:05:31.9181 INFO Get User Success :353-M and TP Unit
2021-06-08 13:05:32.1112 INFO Get Party Master List Success
2021-06-08 13:05:33.6471 INFO Get Product Master List Success
2021-06-08 13:05:34.7580 INFO Get Allotment Details Success
2021-06-08 13:05:35.7989 INFO Get Party Master List Success
2021-06-08 13:05:36.8538 INFO Check WorkFlow List Success
2021-06-08 13:05:37.0528 INFO Get User Success :mtp1
2021-06-08 13:05:54.7091 INFO Get User Success :100-Deputy Commissioner
2021-06-08 13:05:55.0311 INFO Get User Success :100-Deputy Commissioner
2021-06-08 13:05:55.8120 INFO Get User Success :hodyco
2021-06-08 13:06:01.2487 INFO Get User Success :100-Deputy Commissioner
2021-06-08 13:06:43.1659 INFO Get User Success :100-Deputy Commissioner
2021-06-08 13:06:43.2509 INFO Check WorkFlow List Success
2021-06-08 13:06:43.3239 INFO Get Allotment List Success
2021-06-08 13:06:43.4659 INFO Get User Success :hodyco
2021-06-08 13:06:47.9056 INFO Get User Success :100-Deputy Commissioner
2021-06-08 13:07:01.8987 INFO Get Party Master List Success
2021-06-08 13:07:03.3216 INFO Get Product Master List Success
2021-06-08 13:07:04.3226 INFO Get Allotment Details Success
2021-06-08 13:07:04.6455 INFO Get Party Master List Success
2021-06-08 13:07:05.0165 INFO Check WorkFlow List Success
2021-06-08 13:07:05.4175 INFO Get User Success :hodyco
2021-06-08 13:07:33.3143 INFO Allotement Approve Sucess:81
2021-06-08 13:07:33.4543 INFO Get User Success :100-Deputy Commissioner
2021-06-08 13:07:33.5324 INFO Check WorkFlow List Success
2021-06-08 13:07:33.6274 INFO Get Allotment List Success
2021-06-08 13:07:33.7123 INFO Get User Success :hodyco
2021-06-08 13:08:04.4996 INFO Get User Success :353-M and TP Unit
2021-06-08 13:08:04.7556 INFO Get User Success :353-M and TP Unit
2021-06-08 13:08:04.8506 INFO Get User Success :mtp1
2021-06-08 13:08:08.7623 INFO Get User Success :353-M and TP Unit
2021-06-08 13:08:08.8713 INFO Get RR List Success
2021-06-08 13:08:08.9783 INFO Get User Success :mtp1
2021-06-08 13:08:11.5711 INFO Get User Success :353-M and TP Unit
2021-06-08 13:08:13.4421 INFO Get RR List Success
2021-06-08 13:08:13.5340 INFO Get User Success :mtp1
2021-06-08 13:08:21.4565 INFO Get User Success :353-M and TP Unit
2021-06-08 13:08:21.5465 INFO Get RR List Success
2021-06-08 13:08:21.6445 INFO Get User Success :mtp1
2021-06-08 13:08:25.3642 INFO Get User Success :353-M and TP Unit
2021-06-08 13:08:27.1422 INFO Get RR List Success
2021-06-08 13:08:27.2611 INFO Get User Success :mtp1
2021-06-08 13:23:44.4519 INFO Get User Success :353-M and TP Unit
2021-06-08 13:23:44.8709 INFO Get User Success :353-M and TP Unit
2021-06-08 13:23:45.2468 INFO Get User Success :mtp1
2021-06-08 13:26:30.2031 INFO Get User Success :353-M and TP Unit
2021-06-08 13:26:31.3041 INFO Get User Success :mtp1
2021-06-08 15:33:22.4996 INFO Get User Success :353-M and TP Unit
2021-06-08 15:34:06.8890 INFO Get User Success :353-M and TP Unit
2021-06-08 15:34:07.2709 INFO Get User Success :mtp1
2021-06-08 15:34:16.2964 INFO Get User Success :353-M and TP Unit
2021-06-08 15:34:24.7859 INFO Get User Success :mtp1
2021-06-08 15:34:28.4607 INFO Get User Success :353-M and TP Unit
2021-06-08 15:34:33.0644 INFO Get User Success :353-M and TP Unit
2021-06-08 15:34:33.1654 INFO Get License_Type List Success
2021-06-08 15:34:33.2724 INFO Get License Fee List Success
2021-06-08 15:34:33.4214 INFO Get State List Success
2021-06-08 15:34:42.9078 INFO Get Division List Success
2021-06-08 15:37:39.6924 INFO Get User Success :353-M and TP Unit
2021-06-08 15:37:43.2212 INFO Get User Success :mtp1
2021-06-08 15:37:46.2250 INFO Get User Success :353-M and TP Unit
2021-06-08 15:37:49.9208 INFO Get User Success :353-M and TP Unit
2021-06-08 15:37:50.0088 INFO Get License_Type List Success
2021-06-08 15:37:50.1148 INFO Get License Fee List Success
2021-06-08 15:37:50.2118 INFO Get State List Success
2021-06-08 15:37:57.1734 INFO Get Division List Success
2021-06-08 16:05:21.7264 INFO Get User Success :353-M and TP Unit
2021-06-08 16:05:22.3093 INFO Get User Success :353-M and TP Unit
2021-06-08 16:05:22.7713 INFO Get User Success :mtp1
2021-06-08 16:05:27.8670 INFO Get User Success :353-M and TP Unit
2021-06-08 16:05:33.6686 INFO Get User Success :mtp1
2021-06-08 16:05:37.1224 INFO Get User Success :353-M and TP Unit
2021-06-08 16:05:41.0272 INFO Get User Success :353-M and TP Unit
2021-06-08 16:05:41.1612 INFO Get License_Type List Success
2021-06-08 16:05:41.3342 INFO Get License Fee List Success
2021-06-08 16:05:41.5012 INFO Get State List Success
2021-06-08 16:05:47.8588 INFO Get Division List Success
2021-06-08 16:06:31.6672 INFO Get User Success :mtp1
2021-06-08 16:07:23.2984 INFO Get User Success :353-M and TP Unit
2021-06-08 16:08:42.3067 INFO Get User Success :mtp1
2021-06-08 16:08:47.7704 INFO Get User Success :353-M and TP Unit
2021-06-08 16:08:51.1222 INFO Get User Success :353-M and TP Unit
2021-06-08 16:08:51.2422 INFO Get License_Type List Success
2021-06-08 16:08:51.3682 INFO Get License Fee List Success
2021-06-08 16:08:51.4722 INFO Get State List Success
2021-06-08 16:08:55.2990 INFO Get Division List Success
2021-06-08 16:09:01.0906 INFO Get User Success :mtp1
2021-06-08 16:09:33.0164 INFO Get License_Type List Success
2021-06-08 16:09:45.1998 INFO Get License_Type List Success
