2021-06-29 13:01:35.7990 INFO Get User Success :98-Harinagar Sugar Mills Limited(Distillery Division)
2021-06-29 13:01:36.4499 INFO Get User Success :98-Harinagar Sugar Mills Limited(Distillery Division)
2021-06-29 13:01:37.6478 INFO Get User Success :harinagar_dis
2021-06-29 13:01:44.8794 INFO Get User Success :98-Harinagar Sugar Mills Limited(Distillery Division)
2021-06-29 13:01:54.9387 INFO Get User Success :harinagar_dis
2021-06-29 13:02:02.2913 INFO Get User Success :98-Harinagar Sugar Mills Limited(Distillery Division)
2021-06-29 13:02:02.5003 INFO Get User Success :harinagar_dis
2021-06-29 13:02:07.9140 INFO Get User Success :98-Harinagar Sugar Mills Limited(Distillery Division)
2021-06-29 13:02:11.2027 INFO Get User Success :98-Harinagar Sugar Mills Limited(Distillery Division)
2021-06-29 13:02:11.3117 INFO Get VAT Master List Success
2021-06-29 13:02:11.4387 INFO Get User Success :harinagar_dis
2021-06-29 13:06:42.6787 INFO Get User Success :98-Harinagar Sugar Mills Limited(Distillery Division)
2021-06-29 13:06:42.9677 INFO Get User Success :harinagar_dis
2021-06-29 13:06:48.7994 INFO Get User Success :98-Harinagar Sugar Mills Limited(Distillery Division)
2021-06-29 13:06:49.1223 INFO Get User Success :98-Harinagar Sugar Mills Limited(Distillery Division)
2021-06-29 13:06:49.2353 INFO Get VAT Master List Success
2021-06-29 13:06:49.6993 INFO Get User Success :harinagar_dis
2021-06-29 13:06:56.7498 INFO Get User Success :98-Harinagar Sugar Mills Limited(Distillery Division)
2021-06-29 13:06:56.8978 INFO Get User Success :harinagar_dis
2021-06-29 13:07:03.1425 INFO Get User Success :98-Harinagar Sugar Mills Limited(Distillery Division)
2021-06-29 13:07:03.6254 INFO Get User Success :98-Harinagar Sugar Mills Limited(Distillery Division)
2021-06-29 13:07:03.8584 INFO Get VAT Master List Success
2021-06-29 13:07:03.9754 INFO Get User Success :harinagar_dis
2021-06-29 13:07:07.1632 INFO Get User Success :98-Harinagar Sugar Mills Limited(Distillery Division)
2021-06-29 13:07:54.8112 INFO Get User Success :harinagar_dis
2021-06-29 13:07:59.7588 INFO Get User Success :98-Harinagar Sugar Mills Limited(Distillery Division)
2021-06-29 13:08:00.0928 INFO Get User Success :harinagar_dis
2021-06-29 13:08:05.3455 INFO Get User Success :98-Harinagar Sugar Mills Limited(Distillery Division)
2021-06-29 13:08:05.6014 INFO Get User Success :98-Harinagar Sugar Mills Limited(Distillery Division)
2021-06-29 13:08:05.6955 INFO Get VAT Master List Success
2021-06-29 13:08:06.0024 INFO Get User Success :harinagar_dis
2021-06-29 13:08:10.1761 INFO Get User Success :98-Harinagar Sugar Mills Limited(Distillery Division)
2021-06-29 13:08:10.4261 INFO Get User Success :harinagar_dis
2021-06-29 13:08:16.3407 INFO Get User Success :98-Harinagar Sugar Mills Limited(Distillery Division)
2021-06-29 13:08:23.3792 INFO Get User Success :103-Harinagar Distillery Division - Bond Officer
2021-06-29 13:08:23.7012 INFO Get User Success :103-Harinagar Distillery Division - Bond Officer
2021-06-29 13:08:24.6232 INFO Get User Success :harinagar_disbo
2021-06-29 13:08:30.9910 INFO Get User Success :103-Harinagar Distillery Division - Bond Officer
2021-06-29 13:08:34.1828 INFO Get User Success :harinagar_disbo
2021-06-29 13:08:37.3196 INFO Get User Success :103-Harinagar Distillery Division - Bond Officer
2021-06-29 13:08:37.4336 INFO Get User Success :harinagar_disbo
2021-06-29 13:08:40.2224 INFO Get User Success :103-Harinagar Distillery Division - Bond Officer
2021-06-29 13:08:40.5094 INFO Get User Success :103-Harinagar Distillery Division - Bond Officer
2021-06-29 13:08:40.6124 INFO Get VAT Master List Success
2021-06-29 13:08:40.8913 INFO Get User Success :harinagar_disbo
2021-06-29 13:10:21.9389 INFO Get User Success :103-Harinagar Distillery Division - Bond Officer
2021-06-29 13:10:22.1969 INFO Get VAT Master List Success
2021-06-29 13:10:47.6213 INFO Get User Success :harinagar_disbo
2021-06-29 13:10:56.2367 INFO Get User Success :103-Harinagar Distillery Division - Bond Officer
2021-06-29 13:10:56.3557 INFO Get VAT Master List Success
2021-06-29 13:11:54.5100 INFO Get User Success :harinagar_disbo
2021-06-29 13:12:01.7975 INFO Get User Success :103-Harinagar Distillery Division - Bond Officer
2021-06-29 13:12:01.9265 INFO Get User Success :harinagar_disbo
2021-06-29 13:12:06.3923 INFO Get User Success :103-Harinagar Distillery Division - Bond Officer
2021-06-29 13:12:06.6582 INFO Get User Success :103-Harinagar Distillery Division - Bond Officer
2021-06-29 13:12:06.7872 INFO Get VAT Master List Success
2021-06-29 13:12:07.1522 INFO Get User Success :harinagar_disbo
2021-06-29 13:12:26.3534 INFO Get User Success :98-Harinagar Sugar Mills Limited(Distillery Division)
2021-06-29 13:12:26.6704 INFO Get User Success :98-Harinagar Sugar Mills Limited(Distillery Division)
2021-06-29 13:12:27.0833 INFO Get User Success :harinagar_dis
2021-06-29 13:12:33.2339 INFO Get User Success :98-Harinagar Sugar Mills Limited(Distillery Division)
2021-06-29 13:12:36.9247 INFO Get User Success :harinagar_dis
2021-06-29 13:12:40.2135 INFO Get User Success :98-Harinagar Sugar Mills Limited(Distillery Division)
2021-06-29 13:12:40.5185 INFO Get User Success :harinagar_dis
2021-06-29 13:12:43.2573 INFO Get User Success :98-Harinagar Sugar Mills Limited(Distillery Division)
2021-06-29 13:12:43.4793 INFO Get User Success :98-Harinagar Sugar Mills Limited(Distillery Division)
2021-06-29 13:12:43.5853 INFO Get VAT Master List Success
2021-06-29 13:12:43.8923 INFO Get User Success :harinagar_dis
2021-06-29 13:13:15.0293 INFO Get User Success :98-Harinagar Sugar Mills Limited(Distillery Division)
2021-06-29 13:13:19.4710 INFO Get User Success :harinagar_dis
2021-06-29 13:13:22.6408 INFO Get User Success :98-Harinagar Sugar Mills Limited(Distillery Division)
2021-06-29 13:13:26.7765 INFO Get User Success :harinagar_dis
2021-06-29 13:13:30.0093 INFO Get User Success :98-Harinagar Sugar Mills Limited(Distillery Division)
2021-06-29 13:13:30.3713 INFO Get UOM List Success
2021-06-29 13:15:04.8943 INFO Get User Success :harinagar_dis
2021-06-29 13:15:13.3017 INFO Get User Success :98-Harinagar Sugar Mills Limited(Distillery Division)
2021-06-29 13:15:13.4218 INFO Get User Success :harinagar_dis
2021-06-29 13:15:19.2593 INFO Get User Success :98-Harinagar Sugar Mills Limited(Distillery Division)
2021-06-29 13:15:19.5353 INFO Get User Success :98-Harinagar Sugar Mills Limited(Distillery Division)
2021-06-29 13:16:42.8010 INFO Get User Success :harinagar_dis
2021-06-29 13:16:47.1318 INFO Get User Success :98-Harinagar Sugar Mills Limited(Distillery Division)
2021-06-29 13:16:47.2528 INFO Get User Success :harinagar_dis
2021-06-29 13:16:49.5276 INFO Get User Success :98-Harinagar Sugar Mills Limited(Distillery Division)
2021-06-29 13:16:49.8006 INFO Get User Success :98-Harinagar Sugar Mills Limited(Distillery Division)
2021-06-29 13:16:50.1975 INFO Get VAT Master List Success
2021-06-29 13:16:50.3085 INFO Get User Success :harinagar_dis
2021-06-29 13:16:52.5844 INFO Get User Success :98-Harinagar Sugar Mills Limited(Distillery Division)
2021-06-29 13:16:52.9784 INFO Get Form84 List Success
2021-06-29 13:16:53.0923 INFO Get User Success :harinagar_dis
2021-06-29 13:16:55.5822 INFO Get User Success :98-Harinagar Sugar Mills Limited(Distillery Division)
2021-06-29 13:16:55.9482 INFO Get User Success :harinagar_dis
2021-06-29 14:23:23.3648 INFO Get User Success :98-Harinagar Sugar Mills Limited(Distillery Division)
2021-06-29 14:23:24.2837 INFO Get User Success :98-Harinagar Sugar Mills Limited(Distillery Division)
2021-06-29 14:23:25.3437 INFO Get User Success :harinagar_dis
2021-06-29 14:23:33.3931 INFO Get User Success :98-Harinagar Sugar Mills Limited(Distillery Division)
2021-06-29 14:23:40.0088 INFO Get User Success :harinagar_dis
2021-06-29 14:23:58.9625 INFO Get User Success :98-Harinagar Sugar Mills Limited(Distillery Division)
2021-06-29 14:23:59.1915 INFO Get User Success :harinagar_dis
2021-06-29 14:24:03.9132 INFO Get User Success :98-Harinagar Sugar Mills Limited(Distillery Division)
2021-06-29 14:24:07.3570 INFO Get User Success :98-Harinagar Sugar Mills Limited(Distillery Division)
2021-06-29 14:24:07.4610 INFO Get VAT Master List Success
2021-06-29 14:24:07.5600 INFO Get User Success :harinagar_dis
2021-06-29 14:26:54.2569 INFO Get User Success :98-Harinagar Sugar Mills Limited(Distillery Division)
2021-06-29 14:26:54.4409 INFO Get User Success :harinagar_dis
2021-06-29 14:26:57.4567 INFO Get User Success :98-Harinagar Sugar Mills Limited(Distillery Division)
2021-06-29 14:27:45.8156 INFO Get User Success :98-Harinagar Sugar Mills Limited(Distillery Division)
2021-06-29 14:27:46.0576 INFO Get VAT Master List Success
2021-06-29 14:27:46.2446 INFO Get User Success :harinagar_dis
2021-06-29 14:32:07.6047 INFO Get User Success :98-Harinagar Sugar Mills Limited(Distillery Division)
2021-06-29 14:32:07.8057 INFO Get VAT Master List Success
2021-06-29 14:32:07.9936 INFO Get User Success :harinagar_dis
2021-06-29 14:58:40.9269 INFO Get User Success :98-Harinagar Sugar Mills Limited(Distillery Division)
2021-06-29 14:58:41.4038 INFO Get User Success :98-Harinagar Sugar Mills Limited(Distillery Division)
2021-06-29 14:58:42.4358 INFO Get User Success :harinagar_dis
2021-06-29 14:59:12.4238 INFO Get User Success :98-Harinagar Sugar Mills Limited(Distillery Division)
2021-06-29 14:59:32.1236 INFO Get User Success :harinagar_dis
2021-06-29 14:59:35.8353 INFO Get User Success :98-Harinagar Sugar Mills Limited(Distillery Division)
2021-06-29 14:59:52.8733 INFO Get User Success :harinagar_dis
2021-06-29 14:59:57.4070 INFO Get User Success :98-Harinagar Sugar Mills Limited(Distillery Division)
2021-06-29 14:59:57.7120 INFO Get UOM List Success
2021-06-29 15:01:09.9753 INFO Get User Success :harinagar_dis
2021-06-29 15:01:18.3088 INFO Get User Success :98-Harinagar Sugar Mills Limited(Distillery Division)
2021-06-29 15:01:18.5338 INFO Get UOM List Success
2021-06-29 15:08:14.4483 INFO Get User Success :harinagar_dis
2021-06-29 15:15:11.9317 INFO Get User Success :98-Harinagar Sugar Mills Limited(Distillery Division)
2021-06-29 15:15:12.7556 INFO Get User Success :98-Harinagar Sugar Mills Limited(Distillery Division)
2021-06-29 15:15:13.8135 INFO Get User Success :harinagar_dis
2021-06-29 15:15:22.0870 INFO Get User Success :98-Harinagar Sugar Mills Limited(Distillery Division)
2021-06-29 15:15:30.6515 INFO Get User Success :harinagar_dis
2021-06-29 15:15:35.4892 INFO Get User Success :98-Harinagar Sugar Mills Limited(Distillery Division)
2021-06-29 15:15:38.4820 INFO Get User Success :harinagar_dis
2021-06-29 15:15:50.3742 INFO Get User Success :98-Harinagar Sugar Mills Limited(Distillery Division)
2021-06-29 15:15:50.4653 INFO Get VAT Master List Success
2021-06-29 15:15:51.3171 INFO Get User Success :harinagar_dis
2021-06-29 15:16:03.4714 INFO Update vat_transfer Success :HDDDEN0014-HDDDEN0013-13
2021-06-29 15:16:03.6914 INFO Get User Success :98-Harinagar Sugar Mills Limited(Distillery Division)
2021-06-29 15:16:04.0114 INFO Get User Success :harinagar_dis
2021-06-29 15:17:59.0036 INFO Get User Success :98-Harinagar Sugar Mills Limited(Distillery Division)
2021-06-29 15:17:59.2986 INFO Get User Success :98-Harinagar Sugar Mills Limited(Distillery Division)
2021-06-29 15:17:59.7355 INFO Get User Success :harinagar_dis
2021-06-29 15:18:03.3953 INFO Get User Success :98-Harinagar Sugar Mills Limited(Distillery Division)
2021-06-29 15:18:07.0711 INFO Get User Success :harinagar_dis
2021-06-29 15:18:10.8588 INFO Get User Success :98-Harinagar Sugar Mills Limited(Distillery Division)
2021-06-29 15:18:11.1209 INFO Get User Success :harinagar_dis
2021-06-29 15:18:16.6385 INFO Get User Success :98-Harinagar Sugar Mills Limited(Distillery Division)
2021-06-29 15:18:16.7235 INFO Get VAT Master List Success
2021-06-29 15:18:16.8294 INFO Get User Success :harinagar_dis
2021-06-29 15:19:38.5735 INFO Insert Party Master Success :HDDDEN0013-HDDDEN0014
2021-06-29 15:19:38.7274 INFO Get User Success :98-Harinagar Sugar Mills Limited(Distillery Division)
2021-06-29 15:19:38.9794 INFO Get User Success :harinagar_dis
2021-06-29 15:19:45.8910 INFO Get User Success :98-Harinagar Sugar Mills Limited(Distillery Division)
2021-06-29 15:19:46.0230 INFO Get VAT Master List Success
2021-06-29 15:19:46.8490 INFO Get User Success :harinagar_dis
2021-06-29 15:21:39.5147 INFO Get User Success :98-Harinagar Sugar Mills Limited(Distillery Division)
2021-06-29 15:21:46.5593 INFO Get User Success :harinagar_dis
2021-06-29 15:22:04.8060 INFO Get User Success :103-Harinagar Distillery Division - Bond Officer
2021-06-29 15:22:05.1310 INFO Get User Success :103-Harinagar Distillery Division - Bond Officer
2021-06-29 15:22:05.4909 INFO Get User Success :harinagar_disbo
2021-06-29 15:22:09.8847 INFO Get User Success :103-Harinagar Distillery Division - Bond Officer
2021-06-29 15:22:13.1284 INFO Get User Success :harinagar_disbo
2021-06-29 15:22:17.8712 INFO Get User Success :103-Harinagar Distillery Division - Bond Officer
2021-06-29 15:22:18.0612 INFO Get User Success :harinagar_disbo
2021-06-29 15:22:38.1409 INFO Get User Success :103-Harinagar Distillery Division - Bond Officer
2021-06-29 15:22:47.0343 INFO Get User Success :harinagar_disbo
2021-06-29 15:22:50.8531 INFO Get User Success :103-Harinagar Distillery Division - Bond Officer
2021-06-29 15:22:54.3548 INFO Get User Success :harinagar_disbo
2021-06-29 15:23:04.2150 INFO Get User Success :98-Harinagar Sugar Mills Limited(Distillery Division)
2021-06-29 15:23:04.5080 INFO Get User Success :98-Harinagar Sugar Mills Limited(Distillery Division)
2021-06-29 15:23:04.9259 INFO Get User Success :harinagar_dis
2021-06-29 15:23:17.1122 INFO Get User Success :98-Harinagar Sugar Mills Limited(Distillery Division)
2021-06-29 15:23:26.0536 INFO Get User Success :harinagar_dis
2021-06-29 15:23:32.9681 INFO Get User Success :98-Harinagar Sugar Mills Limited(Distillery Division)
2021-06-29 15:23:51.1840 INFO Get User Success :harinagar_dis
2021-06-29 15:23:54.7657 INFO Get User Success :98-Harinagar Sugar Mills Limited(Distillery Division)
2021-06-29 15:23:54.9497 INFO Get UOM List Success
2021-06-29 15:24:02.2243 INFO Get User Success :harinagar_dis
2021-06-29 15:25:21.0812 INFO Get User Success :98-Harinagar Sugar Mills Limited(Distillery Division)
2021-06-29 15:25:24.7040 INFO Get User Success :harinagar_dis
2021-06-29 15:25:34.9960 INFO Get User Success :103-Harinagar Distillery Division - Bond Officer
2021-06-29 15:25:35.3390 INFO Get User Success :103-Harinagar Distillery Division - Bond Officer
2021-06-29 15:25:35.7069 INFO Get User Success :harinagar_disbo
2021-06-29 15:25:39.7897 INFO Get User Success :103-Harinagar Distillery Division - Bond Officer
2021-06-29 15:25:42.9485 INFO Get User Success :harinagar_disbo
2021-06-29 15:25:45.9963 INFO Get User Success :103-Harinagar Distillery Division - Bond Officer
2021-06-29 15:25:49.6231 INFO Get User Success :harinagar_disbo
2021-06-29 15:25:53.6718 INFO Get User Success :103-Harinagar Distillery Division - Bond Officer
2021-06-29 15:25:53.8828 INFO Get UOM List Success
2021-06-29 15:25:56.4807 INFO Get User Success :harinagar_disbo
2021-06-29 15:26:10.8347 INFO Get User Success :103-Harinagar Distillery Division - Bond Officer
2021-06-29 15:26:16.7633 INFO Get User Success :harinagar_disbo
2021-06-29 15:26:39.6539 INFO Get User Success :103-Harinagar Distillery Division - Bond Officer
2021-06-29 15:26:43.9136 INFO Get User Success :harinagar_disbo
2021-06-29 15:26:53.6970 INFO Get User Success :103-Harinagar Distillery Division - Bond Officer
2021-06-29 15:26:54.0050 INFO Get User Success :harinagar_disbo
2021-06-29 15:26:57.1707 INFO Get User Success :103-Harinagar Distillery Division - Bond Officer
2021-06-29 15:27:01.3665 INFO Get User Success :harinagar_disbo
2021-06-29 15:27:04.3343 INFO Get User Success :103-Harinagar Distillery Division - Bond Officer
2021-06-29 15:27:04.5663 INFO Get User Success :harinagar_disbo
2021-06-29 15:27:10.8469 INFO Get User Success :103-Harinagar Distillery Division - Bond Officer
2021-06-29 15:27:21.5675 INFO Get User Success :103-Harinagar Distillery Division - Bond Officer
2021-06-29 15:27:22.0435 INFO Get User Success :103-Harinagar Distillery Division - Bond Officer
2021-06-29 15:27:22.5315 INFO Get User Success :harinagar_disbo
2021-06-29 15:27:26.5722 INFO Get User Success :103-Harinagar Distillery Division - Bond Officer
2021-06-29 15:27:29.6641 INFO Get User Success :harinagar_disbo
2021-06-29 15:27:33.5308 INFO Get User Success :103-Harinagar Distillery Division - Bond Officer
2021-06-29 15:27:33.6668 INFO Get User Success :harinagar_disbo
2021-06-29 15:27:36.4946 INFO Get User Success :103-Harinagar Distillery Division - Bond Officer
2021-06-29 15:27:36.8456 INFO Get User Success :103-Harinagar Distillery Division - Bond Officer
2021-06-29 15:27:36.9746 INFO Get VAT Master List Success
2021-06-29 15:27:37.3515 INFO Get User Success :harinagar_disbo
2021-06-29 15:28:01.9908 INFO Get User Success :98-Harinagar Sugar Mills Limited(Distillery Division)
2021-06-29 15:28:02.3087 INFO Get User Success :98-Harinagar Sugar Mills Limited(Distillery Division)
2021-06-29 15:28:02.8057 INFO Get User Success :harinagar_dis
2021-06-29 15:28:07.3124 INFO Get User Success :98-Harinagar Sugar Mills Limited(Distillery Division)
2021-06-29 15:28:10.7262 INFO Get User Success :harinagar_dis
2021-06-29 15:28:13.9000 INFO Get User Success :98-Harinagar Sugar Mills Limited(Distillery Division)
2021-06-29 15:28:14.1080 INFO Get User Success :harinagar_dis
2021-06-29 15:28:18.2797 INFO Get User Success :98-Harinagar Sugar Mills Limited(Distillery Division)
2021-06-29 15:28:21.9585 INFO Get User Success :98-Harinagar Sugar Mills Limited(Distillery Division)
2021-06-29 15:28:22.0745 INFO Get VAT Master List Success
2021-06-29 15:28:22.2735 INFO Get User Success :harinagar_dis
2021-06-29 16:05:46.6315 INFO Get User Success :98-Harinagar Sugar Mills Limited(Distillery Division)
2021-06-29 16:06:01.4806 INFO Get User Success :98-Harinagar Sugar Mills Limited(Distillery Division)
2021-06-29 16:06:02.5996 INFO Get User Success :harinagar_dis
2021-06-29 16:06:32.9088 INFO Get User Success :98-Harinagar Sugar Mills Limited(Distillery Division)
2021-06-29 16:06:42.3772 INFO Get User Success :harinagar_dis
2021-06-29 16:06:45.9600 INFO Get User Success :98-Harinagar Sugar Mills Limited(Distillery Division)
2021-06-29 16:06:46.2550 INFO Get User Success :harinagar_dis
2021-06-29 16:06:48.4759 INFO Get User Success :98-Harinagar Sugar Mills Limited(Distillery Division)
2021-06-29 16:06:48.9999 INFO Get User Success :98-Harinagar Sugar Mills Limited(Distillery Division)
2021-06-29 16:06:49.2029 INFO Get User Success :harinagar_dis
2021-06-29 16:06:51.7717 INFO Get User Success :98-Harinagar Sugar Mills Limited(Distillery Division)
2021-06-29 16:06:52.1396 INFO Get User Success :98-Harinagar Sugar Mills Limited(Distillery Division)
2021-06-29 16:06:52.5056 INFO Get VAT Master List Success
2021-06-29 16:06:52.6236 INFO Get User Success :harinagar_dis
2021-06-29 16:06:56.8994 INFO Get User Success :98-Harinagar Sugar Mills Limited(Distillery Division)
2021-06-29 16:06:57.1983 INFO Get Form84 List Success
2021-06-29 16:06:57.3034 INFO Get User Success :harinagar_dis
2021-06-29 16:27:50.9136 INFO Get User Success :353-M and TP Unit
2021-06-29 16:27:51.4165 INFO Get User Success :353-M and TP Unit
2021-06-29 16:27:51.7965 INFO Get User Success :mtp1
2021-06-29 16:28:15.4221 INFO Get User Success :353-M and TP Unit
2021-06-29 16:28:46.4833 INFO Get User Success :mtp1
2021-06-29 16:28:54.3298 INFO Get User Success :353-M and TP Unit
2021-06-29 16:28:58.6586 INFO Get User Success :353-M and TP Unit
2021-06-29 16:28:58.8085 INFO Get License_Type List Success
2021-06-29 16:28:58.8915 INFO Get License Fee List Success
2021-06-29 16:28:58.9816 INFO Get State List Success
2021-06-29 16:28:59.1716 INFO Get User Success :mtp1
2021-06-29 16:34:48.6975 INFO Get User Success :353-M and TP Unit
2021-06-29 16:34:51.9523 INFO Get User Success :mtp1
2021-06-29 16:34:56.4651 INFO Get User Success :353-M and TP Unit
2021-06-29 16:34:59.5689 INFO Get User Success :353-M and TP Unit
2021-06-29 16:34:59.6449 INFO Get License_Type List Success
2021-06-29 16:34:59.7359 INFO Get License Fee List Success
2021-06-29 16:34:59.8149 INFO Get State List Success
2021-06-29 16:34:59.9768 INFO Get User Success :mtp1
2021-06-29 16:43:43.7239 INFO Get User Success :353-M and TP Unit
2021-06-29 16:43:52.0344 INFO Get User Success :mtp1
2021-06-29 16:43:55.8082 INFO Get User Success :353-M and TP Unit
2021-06-29 16:43:58.8730 INFO Get User Success :353-M and TP Unit
2021-06-29 16:43:58.9450 INFO Get License_Type List Success
2021-06-29 16:43:59.0330 INFO Get License Fee List Success
2021-06-29 16:43:59.1150 INFO Get State List Success
2021-06-29 16:43:59.3120 INFO Get User Success :mtp1
2021-06-29 16:48:52.4546 INFO Get User Success :353-M and TP Unit
2021-06-29 16:48:55.9974 INFO Get User Success :mtp1
2021-06-29 16:49:07.4107 INFO Get User Success :353-M and TP Unit
2021-06-29 16:49:12.7794 INFO Get User Success :353-M and TP Unit
2021-06-29 16:49:13.0794 INFO Get License_Type List Success
2021-06-29 16:49:13.3844 INFO Get License Fee List Success
2021-06-29 16:49:15.9183 INFO Get State List Success
2021-06-29 16:49:16.0942 INFO Get User Success :mtp1
