2021-05-21 09:37:45.0322 INFO Get User Success :44-Administrator
2021-05-21 09:37:45.5582 INFO Get User Success :44-Administrator
2021-05-21 09:38:26.9239 INFO Get License Fee List Success
2021-05-21 09:38:31.0836 INFO Get License Fee List Success
2021-05-21 09:38:31.4966 INFO Get User Success :44-Administrator
2021-05-21 09:38:31.6046 INFO Get License_Type List Success
2021-05-21 09:38:31.7156 INFO Get License Fee List Success
2021-05-21 09:38:31.8296 INFO Get State List Success
2021-05-21 09:39:11.3426 INFO Get License_Type List Success
2021-05-21 09:56:08.8522 INFO Get User Success :44-Administrator
2021-05-21 09:56:08.9552 INFO Get License_Type List Success
2021-05-21 09:56:09.0582 INFO Get License Fee List Success
2021-05-21 09:56:09.1612 INFO Get State List Success
2021-05-21 09:59:30.7258 INFO Get User Success :44-Administrator
2021-05-21 09:59:32.7467 INFO Get License_Type List Success
2021-05-21 09:59:32.9657 INFO Get License Fee List Success
2021-05-21 09:59:33.4077 INFO Get State List Success
2021-05-21 10:53:02.7974 INFO Get License_Type List Fail
2021-05-21 10:53:40.5174 INFO Get Division List Success
2021-05-21 10:54:09.9145 INFO Get License_Type List Success
2021-05-21 11:09:55.9469 INFO Get License_Type List Success
2021-05-21 11:50:24.4874 INFO Get User Success :44-Administrator
2021-05-21 11:50:25.0253 INFO Get User Success :44-Administrator
2021-05-21 11:51:19.4830 INFO Get License Fee List Success
2021-05-21 11:52:13.2957 INFO Get License Fee List Success
2021-05-21 11:52:13.6347 INFO Get User Success :44-Administrator
2021-05-21 11:52:13.7167 INFO Get License_Type List Success
2021-05-21 11:52:13.8537 INFO Get License Fee List Success
2021-05-21 11:52:13.9317 INFO Get State List Success
2021-05-21 11:54:22.1998 INFO Get Division List Success
2021-05-21 11:54:49.1762 INFO Get License_Type List Success
2021-05-21 13:19:39.0232 INFO Get User Success :44-Administrator
2021-05-21 13:19:39.6421 INFO Get User Success :44-Administrator
2021-05-21 13:19:40.0481 INFO Get User Success :Admin
2021-05-21 13:20:00.6628 INFO Get License Fee List Fail
2021-05-21 13:20:00.8258 INFO Get User Success :Admin
2021-05-21 13:20:15.0274 INFO Get License Fee List Fail
2021-05-21 13:20:28.0915 INFO Get User Success :98-Harinagar Sugar Mills Limited(Distillery Division)
2021-05-21 13:20:28.4165 INFO Get User Success :98-Harinagar Sugar Mills Limited(Distillery Division)
2021-05-21 13:20:29.2775 INFO Get User Success :harinagar_dis
2021-05-21 13:20:37.6389 INFO Get User Success :98-Harinagar Sugar Mills Limited(Distillery Division)
2021-05-21 13:20:38.3389 INFO Get User Success :harinagar_dis
2021-05-21 13:20:42.4486 INFO Get User Success :98-Harinagar Sugar Mills Limited(Distillery Division)
2021-05-21 13:20:42.8366 INFO Get Pass List Success
2021-05-21 13:21:00.1215 INFO Get User Success :harinagar_dis
2021-05-21 13:21:06.2253 INFO Get Pass List Success
2021-05-21 13:26:44.9499 INFO Get User Success :108-New Swadeshi Distillery Unit
2021-05-21 13:26:45.4149 INFO Get User Success :108-New Swadeshi Distillery Unit
2021-05-21 13:26:46.6518 INFO Get User Success :newswadeshi_dis
2021-05-21 13:32:28.2563 INFO Get User Fail :-The operation has timed out.
2021-05-21 13:49:56.0233 INFO Get User Success :108-New Swadeshi Distillery Unit
2021-05-21 13:49:56.5782 INFO Get User Success :108-New Swadeshi Distillery Unit
2021-05-21 13:49:57.8362 INFO Get User Success :newswadeshi_dis
2021-05-21 13:50:05.0447 INFO Get User Success :108-New Swadeshi Distillery Unit
2021-05-21 13:50:05.6337 INFO Get User Success :newswadeshi_dis
2021-05-21 13:50:11.9303 INFO Get User Success :108-New Swadeshi Distillery Unit
2021-05-21 13:50:12.7742 INFO Get Pass List Success
2021-05-21 13:50:18.1309 INFO Get User Success :newswadeshi_dis
2021-05-21 13:50:25.0394 INFO Get Pass List Success
2021-05-21 13:50:33.2400 INFO Get User Success :108-New Swadeshi Distillery Unit
2021-05-21 13:50:33.6399 INFO Get User Success :newswadeshi_dis
2021-05-21 13:50:42.2094 INFO Get User Success :108-New Swadeshi Distillery Unit
2021-05-21 13:50:42.3654 INFO Get Dispach Master List Success
2021-05-21 13:50:42.6723 INFO Get VAT Master List Success
2021-05-21 13:50:42.8894 INFO Get User Success :newswadeshi_dis
2021-05-21 13:51:36.3999 INFO Get User Success :108-New Swadeshi Distillery Unit
2021-05-21 13:51:36.7570 INFO Get User Success :newswadeshi_dis
2021-05-21 13:51:43.6055 INFO Get User Success :108-New Swadeshi Distillery Unit
2021-05-21 13:52:05.9301 INFO Get RR List Success
2021-05-21 13:52:06.6780 INFO Get NOC Details Success
2021-05-21 13:52:07.1620 INFO Get NOC Details Success
2021-05-21 13:52:07.2640 INFO Get Balance Request Pass Success
2021-05-21 13:52:07.8390 INFO Get User Success :newswadeshi_dis
2021-05-21 13:52:08.7189 INFO Get User Success :108-New Swadeshi Distillery Unit
2021-05-21 13:52:24.3999 INFO Get RR List Success
2021-05-21 13:52:24.9089 INFO Get NOC Details Success
2021-05-21 13:52:25.3689 INFO Get NOC Details Success
2021-05-21 13:52:25.4829 INFO Get Balance Request Pass Success
2021-05-21 13:52:25.8748 INFO Get User Success :newswadeshi_dis
2021-05-21 13:52:26.5218 INFO Get User Success :108-New Swadeshi Distillery Unit
2021-05-21 13:52:42.5188 INFO Get RR List Success
2021-05-21 13:52:43.1157 INFO Get NOC Details Success
2021-05-21 13:52:43.6687 INFO Get NOC Details Success
2021-05-21 13:52:43.7687 INFO Get Balance Request Pass Success
2021-05-21 13:52:44.1697 INFO Get User Success :newswadeshi_dis
2021-05-21 13:52:53.6651 INFO Get User Success :108-New Swadeshi Distillery Unit
2021-05-21 13:52:55.1770 INFO Get Pass List Success
2021-05-21 13:52:57.9518 INFO Get User Success :newswadeshi_dis
2021-05-21 13:53:05.3733 INFO Get User Success :108-New Swadeshi Distillery Unit
2021-05-21 13:53:05.4753 INFO Get Dispach Master List Success
2021-05-21 13:53:05.6673 INFO Get VAT Master List Success
2021-05-21 13:54:35.0907 INFO Get Pass List Success
2021-05-21 13:54:38.8415 INFO Get User Success :newswadeshi_dis
2021-05-21 13:54:57.3293 INFO Get User Success :108-New Swadeshi Distillery Unit
2021-05-21 13:54:58.3722 INFO Get Pass List Success
2021-05-21 13:55:01.3150 INFO Get User Success :newswadeshi_dis
2021-05-21 13:55:05.8138 INFO Get User Success :108-New Swadeshi Distillery Unit
2021-05-21 13:55:06.3637 INFO Get User Success :newswadeshi_dis
2021-05-21 13:55:14.5172 INFO Get User Success :108-New Swadeshi Distillery Unit
2021-05-21 13:55:14.6412 INFO Get Dispach Master List Success
2021-05-21 13:55:14.8872 INFO Get VAT Master List Success
2021-05-21 13:55:15.1242 INFO Get User Success :newswadeshi_dis
2021-05-21 14:08:25.7293 INFO Get User Fail :-The operation has timed out.
2021-05-21 14:18:12.9083 INFO Get User Success :108-New Swadeshi Distillery Unit
2021-05-21 14:18:13.8533 INFO Get User Success :108-New Swadeshi Distillery Unit
2021-05-21 14:18:16.3701 INFO Get User Success :newswadeshi_dis
2021-05-21 14:18:32.6321 INFO Get User Success :108-New Swadeshi Distillery Unit
2021-05-21 14:18:33.3201 INFO Get User Success :newswadeshi_dis
2021-05-21 14:18:55.2637 INFO Get User Success :108-New Swadeshi Distillery Unit
2021-05-21 14:18:56.2186 INFO Get Pass List Success
2021-05-21 14:19:06.0480 INFO Get User Success :newswadeshi_dis
2021-05-21 14:19:13.0516 INFO Get Pass List Success
2021-05-21 14:19:23.2289 INFO Get User Success :108-New Swadeshi Distillery Unit
2021-05-21 14:19:23.6609 INFO Get Dispach Master List Success
2021-05-21 14:19:24.0439 INFO Get VAT Master List Success
2021-05-21 14:19:24.2489 INFO Get Pass List Success
2021-05-21 14:19:30.4135 INFO Get User Success :newswadeshi_dis
2021-05-21 14:19:42.5417 INFO Get User Success :108-New Swadeshi Distillery Unit
2021-05-21 14:19:44.3996 INFO Get Pass List Success
2021-05-21 14:19:48.6973 INFO Get User Success :newswadeshi_dis
2021-05-21 14:19:56.1778 INFO Get User Success :108-New Swadeshi Distillery Unit
2021-05-21 14:19:56.3378 INFO Get Dispach Master List Success
2021-05-21 14:19:56.8018 INFO Get VAT Master List Success
2021-05-21 14:19:58.3757 INFO Get Pass List Success
2021-05-21 14:20:01.9705 INFO Get User Success :newswadeshi_dis
2021-05-21 14:24:28.0447 INFO Get User Success :108-New Swadeshi Distillery Unit
2021-05-21 14:24:28.9926 INFO Get User Success :newswadeshi_dis
2021-05-21 14:26:13.6411 INFO Get User Success :44-Administrator
2021-05-21 14:26:14.5960 INFO Get User Success :44-Administrator
2021-05-21 14:26:15.5310 INFO Get User Success :Admin
2021-05-21 14:26:33.1318 INFO Get License Fee List Fail
2021-05-21 14:26:33.4028 INFO Get User Success :Admin
2021-05-21 14:27:45.4193 INFO Get License Fee List Fail
2021-05-21 14:27:46.0202 INFO Get User Success :44-Administrator
2021-05-21 14:27:46.2552 INFO Get License_Type List Fail
2021-05-21 14:27:46.6872 INFO Get License Fee List Fail
2021-05-21 14:27:47.0422 INFO Get State List Success
2021-05-21 14:27:47.4071 INFO Get User Success :Admin
2021-05-21 14:42:27.6357 INFO Get Division List Success
2021-05-21 14:51:19.3492 INFO Get User Success :44-Administrator
2021-05-21 14:51:20.3801 INFO Get User Success :44-Administrator
2021-05-21 14:52:02.2745 INFO Get License Fee List Success
2021-05-21 14:52:05.8002 INFO Get License Fee List Success
2021-05-21 14:52:06.2282 INFO Get User Success :44-Administrator
2021-05-21 14:52:06.4422 INFO Get License_Type List Success
2021-05-21 14:52:06.6812 INFO Get License Fee List Success
2021-05-21 14:52:06.9212 INFO Get State List Success
2021-05-21 14:52:45.2458 INFO Get Division List Success
2021-05-21 14:53:09.7912 INFO Get License_Type List Success
2021-05-21 15:06:46.2438 INFO Get User Success :44-Administrator
2021-05-21 15:06:47.1387 INFO Get User Success :44-Administrator
2021-05-21 15:06:56.9541 INFO Get License Fee List Success
2021-05-21 15:07:04.8486 INFO Get License Fee List Success
2021-05-21 15:07:05.3136 INFO Get User Success :44-Administrator
2021-05-21 15:07:05.4786 INFO Get License_Type List Success
2021-05-21 15:07:05.7165 INFO Get License Fee List Success
2021-05-21 15:07:05.9565 INFO Get State List Success
2021-05-21 15:07:39.0974 INFO Get Division List Success
2021-05-21 15:08:01.7920 INFO Get License_Type List Success
2021-05-21 15:20:57.1571 INFO Get License_Type List Success
2021-05-21 15:28:30.5516 INFO Get License Fee List Success
2021-05-21 15:28:36.1712 INFO Get License Fee List Success
2021-05-21 15:28:36.6332 INFO Get User Success :44-Administrator
2021-05-21 15:28:36.9512 INFO Get License_Type List Success
2021-05-21 15:28:37.2702 INFO Get License Fee List Success
2021-05-21 15:28:37.6711 INFO Get State List Success
2021-05-21 15:29:41.5101 INFO Get Division List Success
2021-05-21 15:30:05.1636 INFO Get License_Type List Success
