2021-03-09 10:46:49.6152 INFO Get User Success :128-New Swadeshi Distillery Unit , Bond Officer
2021-03-09 10:46:49.6916 INFO Get User Success :128-New Swadeshi Distillery Unit , Bond Officer
2021-03-09 10:46:49.7436 INFO Get User Success :newswadeshi_disbo
2021-03-09 10:46:55.7198 INFO Get User Success :128-New Swadeshi Distillery Unit , Bond Officer
2021-03-09 10:46:57.9198 INFO Get User Success :newswadeshi_disbo
2021-03-09 10:47:13.1024 INFO Get User Success :128-New Swadeshi Distillery Unit , Bond Officer
2021-03-09 10:51:54.3035 INFO Get User Success :newswadeshi_disbo
2021-03-09 10:52:13.2151 INFO Get User Success :128-New Swadeshi Distillery Unit , Bond Officer
2021-03-09 10:52:14.8366 INFO Get User Success :newswadeshi_disbo
2021-03-09 10:52:19.0140 INFO Get User Success :128-New Swadeshi Distillery Unit , Bond Officer
2021-03-09 10:52:20.5121 INFO Get User Success :newswadeshi_disbo
2021-03-09 10:52:31.6616 INFO Get User Success :128-New Swadeshi Distillery Unit , Bond Officer
2021-03-09 10:52:33.6187 INFO Get User Success :newswadeshi_disbo
2021-03-09 10:52:37.7349 INFO Get User Success :128-New Swadeshi Distillery Unit , Bond Officer
2021-03-09 10:52:39.2929 INFO Get User Success :newswadeshi_disbo
2021-03-09 10:52:47.7349 INFO Get User Success :128-New Swadeshi Distillery Unit , Bond Officer
2021-03-09 10:52:51.0517 INFO Get User Success :newswadeshi_disbo
2021-03-09 10:52:55.2109 INFO Get User Success :128-New Swadeshi Distillery Unit , Bond Officer
2021-03-09 10:59:17.0404 INFO Get User Success :newswadeshi_disbo
2021-03-09 10:59:21.2858 INFO Get User Success :128-New Swadeshi Distillery Unit , Bond Officer
2021-03-09 10:59:22.8598 INFO Get User Success :newswadeshi_disbo
2021-03-09 10:59:31.5305 INFO Get User Success :128-New Swadeshi Distillery Unit , Bond Officer
2021-03-09 11:17:48.4081 INFO Get User Success :newswadeshi_disbo
2021-03-09 11:17:52.9923 INFO Get User Success :128-New Swadeshi Distillery Unit , Bond Officer
2021-03-09 11:17:53.0053 INFO Get User Success :newswadeshi_disbo
2021-03-09 11:17:53.9123 INFO Get User Success :128-New Swadeshi Distillery Unit , Bond Officer
2021-03-09 11:17:53.9650 INFO Get User Success :128-New Swadeshi Distillery Unit , Bond Officer
2021-03-09 11:17:53.9918 INFO Get User Success :newswadeshi_disbo
2021-03-09 11:17:57.5997 INFO Get User Success :128-New Swadeshi Distillery Unit , Bond Officer
2021-03-09 11:18:02.3698 INFO Get User Success :98-Harinagar Sugar Mills Limited(Distillery Division)
2021-03-09 11:18:02.3962 INFO Get User Success :98-Harinagar Sugar Mills Limited(Distillery Division)
2021-03-09 11:18:02.4832 INFO Get User Success :harinagar_dis
2021-03-09 11:18:04.2268 INFO Get User Success :98-Harinagar Sugar Mills Limited(Distillery Division)
2021-03-09 11:18:05.8910 INFO Get User Success :harinagar_dis
2021-03-09 11:18:08.0135 INFO Get User Success :98-Harinagar Sugar Mills Limited(Distillery Division)
2021-03-09 11:18:08.0135 INFO Get User Success :harinagar_dis
2021-03-09 11:18:08.8725 INFO Get User Success :98-Harinagar Sugar Mills Limited(Distillery Division)
2021-03-09 11:18:08.8935 INFO Get User Success :98-Harinagar Sugar Mills Limited(Distillery Division)
2021-03-09 11:18:08.9084 INFO Get User Success :harinagar_dis
2021-03-09 11:18:10.2403 INFO Get User Success :98-Harinagar Sugar Mills Limited(Distillery Division)
2021-03-09 11:19:05.3094 INFO Get User Success :98-Harinagar Sugar Mills Limited(Distillery Division)
2021-03-09 11:19:05.3094 INFO Get VAT Master List Success
2021-03-09 11:19:05.3273 INFO Get User Success :harinagar_dis
2021-03-09 11:19:16.3271 INFO Get User Success :98-Harinagar Sugar Mills Limited(Distillery Division)
