2021-04-08 12:14:40.3782 INFO Get User Success :339-Globus Spirits Limited
2021-04-08 12:14:40.5876 INFO Get User Success :339-Globus Spirits Limited
2021-04-08 12:14:40.7262 INFO Get User Success :globus_dis
2021-04-08 12:14:50.8942 INFO Get User Success :339-Globus Spirits Limited
2021-04-08 12:14:53.9480 INFO Get User Success :globus_dis
2021-04-08 12:14:59.6912 INFO Get User Success :339-Globus Spirits Limited
2021-04-08 12:15:12.0463 INFO Get RR List Success
2021-04-08 12:15:12.1401 INFO Get User Success :globus_dis
2021-04-08 12:15:16.7711 INFO Get User Success :339-Globus Spirits Limited
2021-04-08 12:15:20.0551 INFO Get User Success :globus_dis
2021-04-08 12:15:23.9543 INFO Get User Success :339-Globus Spirits Limited
2021-04-08 12:15:41.0716 INFO Get RR List Success
2021-04-08 12:16:20.5722 INFO Get User Success :globus_dis
2021-04-08 12:16:29.5075 INFO Get NOC Details Success
2021-04-08 12:18:43.6052 INFO Get NOC Details Success
2021-04-08 12:18:59.8996 INFO Get User Success :339-Globus Spirits Limited
2021-04-08 12:20:30.6206 INFO Get Balance Request Pass Success
2021-04-08 12:20:43.9242 INFO Get NOC Details Success
2021-04-08 12:20:48.4887 INFO Get NOC Details Success
2021-04-08 12:20:48.7771 INFO Get User Success :339-Globus Spirits Limited
2021-04-08 12:20:49.1642 INFO Get Balance Request Pass Success
2021-04-08 12:20:53.8849 INFO Get NOC Details Success
2021-04-08 12:20:57.9839 INFO Get NOC Details Success
2021-04-08 12:20:58.2781 INFO Get User Success :339-Globus Spirits Limited
2021-04-08 12:20:58.6754 INFO Get Balance Request Pass Success
2021-04-08 12:21:01.9298 INFO Get User Success :339-Globus Spirits Limited
2021-04-08 12:21:05.4461 INFO Get Pass List Success
2021-04-08 12:21:08.2720 INFO Get User Success :globus_dis
2021-04-08 12:21:10.9735 INFO Get User Success :339-Globus Spirits Limited
2021-04-08 12:21:13.2505 INFO Get User Success :globus_dis
2021-04-08 12:21:46.4040 INFO Get User Success :339-Globus Spirits Limited
2021-04-08 12:21:46.5926 INFO Get User Success :339-Globus Spirits Limited
2021-04-08 12:21:46.7276 INFO Get User Success :globus_dis
2021-04-08 12:21:52.7509 INFO Get User Success :339-Globus Spirits Limited
2021-04-08 12:21:55.3862 INFO Get User Success :globus_dis
2021-04-08 12:22:36.5516 INFO Get User Success :339-Globus Spirits Limited
2021-04-08 12:22:36.6175 INFO Get Dispach Master List Success
2021-04-08 12:25:34.2126 INFO Get VAT Master List Success
2021-04-08 12:27:27.0509 INFO Get User Success :globus_dis
2021-04-08 12:27:28.1366 INFO Get User Success :339-Globus Spirits Limited
2021-04-08 12:27:40.9899 INFO Get RR List Success
2021-04-08 12:27:41.0607 INFO Get User Success :globus_dis
2021-04-08 12:29:05.2976 INFO Get User Success :339-Globus Spirits Limited
2021-04-08 12:29:18.7127 INFO Get User Success :globus_dis
2021-04-08 12:30:16.8401 INFO Get User Success :339-Globus Spirits Limited
2021-04-08 12:30:16.9001 INFO Get Dispach Master List Success
2021-04-08 12:30:18.5353 INFO Get VAT Master List Success
2021-04-08 12:30:19.0522 INFO Get User Success :globus_dis
2021-04-08 12:30:32.0240 INFO Get User Success :339-Globus Spirits Limited
2021-04-08 12:30:36.1388 INFO Get Pass List Success
2021-04-08 12:30:37.7615 INFO Get User Success :globus_dis
2021-04-08 12:30:40.7144 INFO Get User Success :339-Globus Spirits Limited
2021-04-08 12:30:43.2149 INFO Get User Success :globus_dis
2021-04-08 12:30:56.3186 INFO Get User Success :339-Globus Spirits Limited
2021-04-08 12:30:56.3742 INFO Get Dispach Master List Success
2021-04-08 12:34:34.8445 INFO Get VAT Master List Success
2021-04-08 12:46:29.6277 INFO Get VAT Master List Success
2021-04-08 12:46:30.4528 INFO Get User Success :globus_dis
2021-04-08 12:46:41.0785 INFO Get User Success :339-Globus Spirits Limited
2021-04-08 12:46:43.7503 INFO Get User Success :globus_dis
2021-04-08 12:46:47.5551 INFO Get User Success :339-Globus Spirits Limited
2021-04-08 12:46:57.0016 INFO Get RR List Success
2021-04-08 12:47:00.5014 INFO Get User Success :globus_dis
2021-04-08 12:47:09.5772 INFO Get NOC Details Success
2021-04-08 12:49:37.2845 INFO Get NOC Details Success
2021-04-08 12:49:38.1919 INFO Get User Success :339-Globus Spirits Limited
2021-04-08 12:49:38.7350 INFO Get Balance Request Pass Success
2021-04-08 12:49:38.8531 INFO Get NOC Details Success
2021-04-08 12:49:39.3542 INFO Get User Success :339-Globus Spirits Limited
2021-04-08 12:49:39.7956 INFO Get Balance Request Pass Success
2021-04-08 12:49:39.8829 INFO Get User Success :339-Globus Spirits Limited
2021-04-08 12:49:42.1812 INFO Get User Success :globus_dis
2021-04-08 12:49:45.7688 INFO Get User Success :339-Globus Spirits Limited
2021-04-08 12:50:28.5321 INFO Get RR List Success
2021-04-08 12:51:11.3207 INFO Get User Success :globus_dis
2021-04-08 12:51:18.1134 INFO Get NOC Details Success
2021-04-08 12:51:42.4385 INFO Get User Success :339-Globus Spirits Limited
2021-04-08 12:52:47.6667 INFO Get User Success :globus_dis
2021-04-08 12:52:50.5662 INFO Get User Success :339-Globus Spirits Limited
2021-04-08 12:53:01.2418 INFO Get RR List Success
2021-04-08 12:53:08.2866 INFO Get User Success :globus_dis
2021-04-08 12:53:24.9180 INFO Get User Success :339-Globus Spirits Limited
2021-04-08 12:53:39.4996 INFO Get RR List Success
2021-04-08 12:57:33.4623 INFO Get User Success :globus_dis
2021-04-08 12:57:41.8903 INFO Get NOC Details Success
2021-04-08 12:58:16.4125 INFO Get NOC Details Success
2021-04-08 12:58:17.1101 INFO Get User Success :339-Globus Spirits Limited
2021-04-08 12:58:17.5920 INFO Get Balance Request Pass Success
2021-04-08 12:58:22.8310 INFO Get User Success :339-Globus Spirits Limited
2021-04-08 12:58:25.3979 INFO Get User Success :globus_dis
2021-04-08 12:58:42.9834 INFO Get User Success :339-Globus Spirits Limited
2021-04-08 12:58:43.0363 INFO Get Dispach Master List Success
2021-04-08 13:00:17.6040 INFO Get VAT Master List Success
2021-04-08 13:00:17.8605 INFO Get User Success :globus_dis
2021-04-08 13:00:52.2713 INFO Get User Success :339-Globus Spirits Limited
2021-04-08 13:00:54.4595 INFO Get Pass List Success
2021-04-08 13:00:56.0268 INFO Get User Success :globus_dis
2021-04-08 13:01:25.7811 INFO Get User Success :339-Globus Spirits Limited
2021-04-08 13:01:28.3482 INFO Get User Success :globus_dis
2021-04-08 13:01:43.1734 INFO Get User Success :339-Globus Spirits Limited
2021-04-08 13:01:43.2269 INFO Get Dispach Master List Success
2021-04-08 13:28:08.5306 INFO Get User Fail :-The operation has timed out.
2021-04-08 14:42:20.8514 INFO Get User Success :339-Globus Spirits Limited
2021-04-08 14:42:20.9814 INFO Get User Success :339-Globus Spirits Limited
2021-04-08 14:42:21.1006 INFO Get User Success :globus_dis
2021-04-08 14:42:28.3367 INFO Get User Success :339-Globus Spirits Limited
2021-04-08 14:42:33.6129 INFO Get User Success :globus_dis
2021-04-08 14:42:41.0309 INFO Get User Success :339-Globus Spirits Limited
2021-04-08 14:42:43.4551 INFO Get Pass List Success
2021-04-08 14:42:45.3103 INFO Get User Success :globus_dis
2021-04-08 14:43:57.1599 INFO Get Pass List Success
2021-04-08 14:45:45.4297 INFO Get Pass List Success
2021-04-08 14:45:59.8895 INFO Get Pass List Success
2021-04-08 15:00:30.4810 INFO Get User Success :339-Globus Spirits Limited
2021-04-08 15:00:30.6839 INFO Get User Success :339-Globus Spirits Limited
2021-04-08 15:00:30.8167 INFO Get User Success :globus_dis
2021-04-08 15:00:38.2823 INFO Get User Success :339-Globus Spirits Limited
2021-04-08 15:00:41.7601 INFO Get User Success :globus_dis
2021-04-08 15:00:44.3306 INFO Get User Success :339-Globus Spirits Limited
2021-04-08 15:00:46.3164 INFO Get Pass List Success
2021-04-08 15:00:47.2526 INFO Get User Success :globus_dis
2021-04-08 15:00:53.0990 INFO Get Pass List Success
2021-04-08 16:20:37.5373 INFO Get User Success :44-Administrator
2021-04-08 16:20:37.7913 INFO Get User Success :44-Administrator
2021-04-08 16:21:49.7509 INFO Get RolePermissions List Success
2021-04-08 16:23:19.0899 INFO Get Single User Details Success
2021-04-08 16:23:28.2439 INFO Get Single User Details Success
2021-04-08 16:23:28.9061 INFO Get Single User Details Success
2021-04-08 16:23:29.0104 INFO Get Single User Details Success
2021-04-08 16:23:44.0469 INFO Get Single User Details Success
2021-04-08 16:23:48.2572 INFO Get Single User Details Success
2021-04-08 16:35:31.9598 INFO Get Single User Details Success
2021-04-08 16:35:32.4035 INFO Get Single User Details Success
2021-04-08 16:35:32.4573 INFO Get Single User Details Success
2021-04-08 16:43:57.9049 INFO Get Single User Details Fail :The operation has timed out.
2021-04-08 16:44:45.0259 INFO Get User Success :339-Globus Spirits Limited
2021-04-08 16:44:45.2301 INFO Get User Success :339-Globus Spirits Limited
2021-04-08 16:44:45.3636 INFO Get User Success :globus_dis
2021-04-08 16:44:52.1783 INFO Get User Success :339-Globus Spirits Limited
2021-04-08 16:44:57.7882 INFO Get User Success :337-Bihar Distillers & Bottlers Pvt. Ltd - Unit- 1
2021-04-08 16:44:57.9158 INFO Get User Success :337-Bihar Distillers & Bottlers Pvt. Ltd - Unit- 1
2021-04-08 16:44:58.0804 INFO Get User Success :bdbl_dis
2021-04-08 16:45:04.6617 INFO Get User Success :337-Bihar Distillers & Bottlers Pvt. Ltd - Unit- 1
2021-04-08 16:45:07.6250 INFO Get User Success :bdbl_dis
2021-04-08 16:45:12.8305 INFO Get User Success :337-Bihar Distillers & Bottlers Pvt. Ltd - Unit- 1
2021-04-08 16:45:24.8302 INFO Get RR List Success
2021-04-08 16:45:31.5539 INFO Get NOC Details Success
2021-04-08 16:45:50.4507 INFO Get NOC Details Success
2021-04-08 16:46:05.4531 INFO Get User Success :337-Bihar Distillers & Bottlers Pvt. Ltd - Unit- 1
2021-04-08 16:46:33.5474 INFO Get Balance Request Pass Success
2021-04-08 16:48:03.0397 INFO Get User Success :bdbl_dis
2021-04-08 16:50:01.1564 INFO Get User Success :337-Bihar Distillers & Bottlers Pvt. Ltd - Unit- 1
2021-04-08 16:50:04.1823 INFO Get User Success :bdbl_dis
2021-04-08 16:50:08.8918 INFO Get User Success :337-Bihar Distillers & Bottlers Pvt. Ltd - Unit- 1
2021-04-08 16:50:19.3329 INFO Get RR List Success
2021-04-08 16:50:23.9996 INFO Get NOC Details Success
2021-04-08 16:50:24.9296 INFO Get NOC Details Success
2021-04-08 16:50:25.1529 INFO Get User Success :337-Bihar Distillers & Bottlers Pvt. Ltd - Unit- 1
2021-04-08 16:50:25.6332 INFO Get Balance Request Pass Success
2021-04-08 16:50:26.2701 INFO Get User Success :bdbl_dis
2021-04-08 16:51:24.3765 INFO Update Request Pass Success
2021-04-08 16:51:24.4537 INFO Get User Success :337-Bihar Distillers & Bottlers Pvt. Ltd - Unit- 1
2021-04-08 16:51:27.4806 INFO Get User Success :bdbl_dis
2021-04-08 16:51:31.2611 INFO Get User Success :337-Bihar Distillers & Bottlers Pvt. Ltd - Unit- 1
2021-04-08 16:51:41.4370 INFO Get RR List Success
2021-04-08 16:52:03.3870 INFO Get NOC Details Success
2021-04-08 16:52:05.7516 INFO Get NOC Details Success
2021-04-08 16:52:06.4488 INFO Get User Success :337-Bihar Distillers & Bottlers Pvt. Ltd - Unit- 1
2021-04-08 16:52:07.7493 INFO Get Balance Request Pass Success
2021-04-08 16:52:10.2110 INFO Get User Success :bdbl_dis
2021-04-08 16:52:30.5051 INFO Get User Success :338-Bihar Distillers & Bottlers Pvt. Ltd -Bond Officer
2021-04-08 16:52:30.6345 INFO Get User Success :338-Bihar Distillers & Bottlers Pvt. Ltd -Bond Officer
2021-04-08 16:52:30.7525 INFO Get User Success :bdbl_disbo
2021-04-08 16:52:37.3995 INFO Get User Success :338-Bihar Distillers & Bottlers Pvt. Ltd -Bond Officer
2021-04-08 16:52:40.5553 INFO Get User Success :bdbl_disbo
2021-04-08 16:52:44.3859 INFO Get User Success :338-Bihar Distillers & Bottlers Pvt. Ltd -Bond Officer
2021-04-08 16:52:54.5398 INFO Get RR List Success
2021-04-08 16:52:57.3222 INFO Get NOC Details Success
2021-04-08 16:52:58.2908 INFO Get NOC Details Success
2021-04-08 16:52:58.5175 INFO Get User Success :338-Bihar Distillers & Bottlers Pvt. Ltd -Bond Officer
2021-04-08 16:52:59.0118 INFO Get Balance Request Pass Success
2021-04-08 16:52:59.7350 INFO Get User Success :bdbl_disbo
2021-04-08 16:56:46.5454 INFO Approve Request Pass Success
2021-04-08 16:56:46.6202 INFO Get User Success :338-Bihar Distillers & Bottlers Pvt. Ltd -Bond Officer
2021-04-08 16:56:48.0020 INFO Get User Success :bdbl_disbo
2021-04-08 17:23:10.1011 INFO Get User Fail :-The operation has timed out.
2021-04-08 17:23:56.1896 INFO Get User Fail :-An established connection was aborted by the software in your host machine
2021-04-08 17:26:04.0967 INFO Get User Success :338-Bihar Distillers & Bottlers Pvt. Ltd -Bond Officer
2021-04-08 17:26:04.3293 INFO Get User Success :338-Bihar Distillers & Bottlers Pvt. Ltd -Bond Officer
2021-04-08 17:26:04.4873 INFO Get User Success :bdbl_disbo
2021-04-08 17:27:31.8256 INFO Get User Success :338-Bihar Distillers & Bottlers Pvt. Ltd -Bond Officer
2021-04-08 17:27:36.2682 INFO Get User Success :337-Bihar Distillers & Bottlers Pvt. Ltd - Unit- 1
2021-04-08 17:27:36.5134 INFO Get User Success :337-Bihar Distillers & Bottlers Pvt. Ltd - Unit- 1
2021-04-08 17:27:36.8916 INFO Get User Success :bdbl_dis
2021-04-08 17:27:44.8079 INFO Get User Success :337-Bihar Distillers & Bottlers Pvt. Ltd - Unit- 1
2021-04-08 17:27:48.6134 INFO Get User Success :bdbl_dis
2021-04-08 17:27:55.7058 INFO Get User Success :337-Bihar Distillers & Bottlers Pvt. Ltd - Unit- 1
2021-04-08 17:28:11.7586 INFO Get RR List Success
2021-04-08 17:28:18.5345 INFO Get NOC Details Success
2021-04-08 17:28:20.1185 INFO Get NOC Details Success
2021-04-08 17:28:20.3673 INFO Get User Success :337-Bihar Distillers & Bottlers Pvt. Ltd - Unit- 1
2021-04-08 17:28:20.8998 INFO Get Balance Request Pass Success
2021-04-08 17:28:21.4402 INFO Get User Success :bdbl_dis
2021-04-08 17:28:38.8559 INFO Update Request Pass Success
2021-04-08 17:28:38.9406 INFO Get User Success :337-Bihar Distillers & Bottlers Pvt. Ltd - Unit- 1
2021-04-08 17:28:41.7232 INFO Get User Success :bdbl_dis
2021-04-08 17:28:51.5456 INFO Get User Success :338-Bihar Distillers & Bottlers Pvt. Ltd -Bond Officer
2021-04-08 17:28:51.7329 INFO Get User Success :338-Bihar Distillers & Bottlers Pvt. Ltd -Bond Officer
2021-04-08 17:28:51.8885 INFO Get User Success :bdbl_disbo
2021-04-08 17:28:57.7215 INFO Get User Success :338-Bihar Distillers & Bottlers Pvt. Ltd -Bond Officer
2021-04-08 17:29:00.4953 INFO Get User Success :bdbl_disbo
2021-04-08 17:29:04.2980 INFO Get User Success :338-Bihar Distillers & Bottlers Pvt. Ltd -Bond Officer
2021-04-08 17:29:22.4052 INFO Get RR List Success
2021-04-08 17:29:28.4654 INFO Get NOC Details Success
2021-04-08 17:29:31.0686 INFO Get NOC Details Success
2021-04-08 17:29:31.5609 INFO Get User Success :338-Bihar Distillers & Bottlers Pvt. Ltd -Bond Officer
2021-04-08 17:29:32.3495 INFO Get Balance Request Pass Success
2021-04-08 17:29:34.1727 INFO Get User Success :bdbl_disbo
2021-04-08 17:30:09.8388 INFO Approve Request Pass Success
2021-04-08 17:30:09.9658 INFO Get User Success :338-Bihar Distillers & Bottlers Pvt. Ltd -Bond Officer
2021-04-08 17:30:13.6298 INFO Get User Success :bdbl_disbo
2021-04-08 17:30:16.8293 INFO Get User Success :338-Bihar Distillers & Bottlers Pvt. Ltd -Bond Officer
2021-04-08 17:30:29.7189 INFO Get RR List Success
2021-04-08 17:31:48.8431 INFO Get User Fail :-Exception while writing to stream
2021-04-08 17:31:50.9956 INFO Get RR List Fail:Exception while writing to stream
2021-04-08 17:32:47.5164 INFO Get User Fail :-Exception while reading from stream
2021-04-08 17:33:55.4593 INFO Get User Fail :-Exception while reading from stream
2021-04-08 17:40:08.4687 INFO Get User Success :337-Bihar Distillers & Bottlers Pvt. Ltd - Unit- 1
2021-04-08 17:40:09.6732 INFO Get User Success :337-Bihar Distillers & Bottlers Pvt. Ltd - Unit- 1
2021-04-08 17:40:09.8790 INFO Get User Success :bdbl_dis
2021-04-08 17:41:20.7457 INFO Get User Success :337-Bihar Distillers & Bottlers Pvt. Ltd - Unit- 1
2021-04-08 17:41:24.1199 INFO Get User Success :bdbl_dis
2021-04-08 17:41:32.5452 INFO Get User Success :337-Bihar Distillers & Bottlers Pvt. Ltd - Unit- 1
2021-04-08 17:41:45.5573 INFO Get RR List Success
2021-04-08 17:41:49.8635 INFO Get NOC Details Success
2021-04-08 17:41:56.3010 INFO Get NOC Details Success
2021-04-08 17:42:04.3274 INFO Get User Success :337-Bihar Distillers & Bottlers Pvt. Ltd - Unit- 1
2021-04-08 17:42:22.0378 INFO Get Balance Request Pass Success
2021-04-08 17:49:27.6597 INFO Get Balance Request Pass fail :Connection is not open
2021-04-08 17:49:57.5066 INFO Get User Fail :-Exception while writing to stream
2021-04-08 17:51:06.7029 INFO Get User Fail :-Exception while writing to stream
2021-04-08 18:00:13.2518 INFO Get User Success :337-Bihar Distillers & Bottlers Pvt. Ltd - Unit- 1
2021-04-08 18:00:19.5774 INFO Get User Success :337-Bihar Distillers & Bottlers Pvt. Ltd - Unit- 1
2021-04-08 18:00:19.8426 INFO Get User Success :bdbl_dis
2021-04-08 18:04:00.6676 INFO Get User Success :337-Bihar Distillers & Bottlers Pvt. Ltd - Unit- 1
2021-04-08 18:04:03.8719 INFO Get User Success :bdbl_dis
2021-04-08 18:04:10.6778 INFO Get User Success :337-Bihar Distillers & Bottlers Pvt. Ltd - Unit- 1
2021-04-08 18:04:32.1232 INFO Get RR List Success
2021-04-08 18:04:37.1822 INFO Get NOC Details Success
2021-04-08 18:04:39.2313 INFO Get NOC Details Success
2021-04-08 18:04:41.7083 INFO Get User Success :337-Bihar Distillers & Bottlers Pvt. Ltd - Unit- 1
2021-04-08 18:04:42.5458 INFO Get Balance Request Pass Success
2021-04-08 18:04:45.2664 INFO Get User Success :bdbl_dis
2021-04-08 18:05:17.7562 INFO Get User Success :337-Bihar Distillers & Bottlers Pvt. Ltd - Unit- 1
2021-04-08 18:05:21.8350 INFO Get User Success :bdbl_dis
