2021-07-09 14:05:16.6157 INFO Get User Success :44-Administrator
2021-07-09 14:05:17.2147 INFO Get User Success :44-Administrator
2021-07-09 14:05:17.5377 INFO Get User Success :Admin
2021-07-09 14:06:27.3584 INFO Get State List Success
2021-07-09 14:06:27.5014 INFO Get User Success :Admin
2021-07-09 14:06:38.5017 INFO Get State List Success
2021-07-09 14:06:59.5304 INFO Get State List Success
2021-07-09 16:23:18.1111 INFO Get User Success :44-Administrator
2021-07-09 16:23:18.7691 INFO Get User Success :44-Administrator
2021-07-09 16:23:19.0661 INFO Get User Success :Admin
2021-07-09 16:23:56.0188 INFO Get State List Success
2021-07-09 16:23:56.1468 INFO Get User Success :Admin
2021-07-09 16:25:30.9509 INFO Get State List Success
2021-07-09 16:25:31.0229 INFO Get User Success :Admin
2021-07-09 16:36:20.7326 INFO Get Division List Success
2021-07-09 16:36:20.8166 INFO Get User Success :Admin
2021-07-09 16:36:25.8513 INFO Get State List Success
2021-07-09 16:36:25.9313 INFO Get User Success :Admin
2021-07-09 16:43:20.6353 INFO Get State List Success
2021-07-09 16:43:20.7013 INFO Get User Success :Admin
2021-07-09 16:52:55.3412 INFO Get State List Success
2021-07-09 16:52:55.4252 INFO Get User Success :Admin
2021-07-09 16:53:04.4546 INFO Get Division List Success
2021-07-09 16:53:04.5246 INFO Get User Success :Admin
2021-07-09 16:53:08.8764 INFO Get State List Success
2021-07-09 16:53:09.0524 INFO Get User Success :Admin
2021-07-09 16:58:23.2060 INFO Get State List Success
2021-07-09 16:58:23.3230 INFO Get User Success :Admin
2021-07-09 17:00:10.1224 INFO Get Division List Success
2021-07-09 17:00:10.1854 INFO Get User Success :Admin
2021-07-09 17:00:14.1872 INFO Get State List Success
2021-07-09 17:00:14.2572 INFO Get User Success :Admin
2021-07-09 17:00:21.0617 INFO Get State List Success
2021-07-09 17:00:21.4478 INFO Get User Success :Admin
2021-07-09 17:10:28.0698 INFO Get Division List Success
2021-07-09 17:10:28.1488 INFO Get User Success :Admin
2021-07-09 17:10:33.0565 INFO Get State List Success
2021-07-09 17:10:33.1186 INFO Get User Success :Admin
2021-07-09 17:10:35.9793 INFO Get State List Success
2021-07-09 17:10:36.0363 INFO Get User Success :Admin
2021-07-09 17:14:49.3887 INFO Get User Success :44-Administrator
2021-07-09 17:14:49.8137 INFO Get User Success :44-Administrator
2021-07-09 17:14:50.1077 INFO Get User Success :Admin
2021-07-09 17:16:09.4348 INFO Get User Success :44-Administrator
2021-07-09 17:16:12.3546 INFO Get User Success :44-Administrator
2021-07-09 17:16:12.6476 INFO Get User Success :44-Administrator
2021-07-09 17:16:12.6996 INFO Get User Success :Admin
2021-07-09 17:17:09.5561 INFO Get State List Success
2021-07-09 17:17:09.7071 INFO Get User Success :Admin
2021-07-09 17:17:19.6975 INFO Get State List Success
2021-07-09 17:35:29.5218 INFO Get User Success :44-Administrator
2021-07-09 17:36:19.9077 INFO Get User Fail :-Exception while reading from stream
2021-07-09 17:44:32.3209 INFO Get User Success :44-Administrator
2021-07-09 17:44:32.9278 INFO Get User Success :44-Administrator
2021-07-09 17:44:33.1869 INFO Get User Success :Admin
2021-07-09 17:44:43.2982 INFO Get State List Success
2021-07-09 17:44:43.4452 INFO Get User Success :Admin
2021-07-09 17:45:34.9300 INFO Get State List Success
2021-07-09 17:50:24.9754 INFO Get Division List Success
2021-07-09 17:50:25.0954 INFO Get User Success :Admin
2021-07-09 17:50:30.4110 INFO Get State List Success
2021-07-09 17:50:30.4750 INFO Get User Success :Admin
2021-07-09 17:51:58.7091 INFO Get State List Success
2021-07-09 18:16:37.9539 INFO Get User Success :44-Administrator
2021-07-09 18:16:38.9548 INFO Get User Success :44-Administrator
2021-07-09 18:16:39.4088 INFO Get User Success :Admin
2021-07-09 18:17:34.0645 INFO Get State List Success
2021-07-09 18:17:34.1454 INFO Get User Success :Admin
2021-07-09 18:17:40.5850 INFO Get User Success :44-Administrator
2021-07-09 18:17:47.6056 INFO Get State List Success
2021-07-09 18:17:55.7661 INFO Get State List Success
2021-07-09 18:21:32.0878 INFO Get State List Success
2021-07-09 18:21:32.1818 INFO Get User Success :Admin
2021-07-09 18:25:31.6023 INFO Get State List Success
2021-07-09 18:25:31.6903 INFO Get User Success :Admin
2021-07-09 18:26:48.2006 INFO Get State List Success
2021-07-09 18:26:48.2816 INFO Get User Success :Admin
2021-07-09 18:27:30.7200 INFO Get State List Success
2021-07-09 18:27:30.8079 INFO Get User Success :Admin
2021-07-09 18:27:50.2317 INFO Get State List Success
2021-07-09 18:27:58.8322 INFO Get State List Success
