2021-06-15 10:03:54.2292 INFO Get User Success :350-Globus Spirits Limited
2021-06-15 10:03:54.8271 INFO Get User Success :350-Globus Spirits Limited
2021-06-15 10:03:55.0701 INFO Get User Success :globus_dis
2021-06-15 10:04:00.4528 INFO Get User Success :350-Globus Spirits Limited
2021-06-15 10:04:08.1353 INFO Get User Success :globus_dis
2021-06-15 10:04:16.9629 INFO Get User Success :350-Globus Spirits Limited
2021-06-15 10:04:17.1108 INFO Get Dispach Master List Success
2021-06-15 10:05:37.4922 INFO Get User Success :350-Globus Spirits Limited
2021-06-15 10:05:41.2449 INFO Get User Success :globus_dis
2021-06-15 10:05:45.0578 INFO Get User Success :350-Globus Spirits Limited
2021-06-15 10:05:45.1338 INFO Get Dispach Master List Success
2021-06-15 10:30:26.2998 INFO Get VAT Master List Success
2021-06-15 10:30:26.4268 INFO Get User Fail :globus_dis_Exception while writing to stream
2021-06-15 10:32:44.1439 INFO Get User Success :350-Globus Spirits Limited
2021-06-15 10:32:46.9677 INFO Get Pass List Success
2021-06-15 10:32:47.9546 INFO Get User Success :globus_dis
2021-06-15 10:32:53.0304 INFO Get User Success :350-Globus Spirits Limited
2021-06-15 10:33:00.5799 INFO Get User Success :globus_dis
2021-06-15 10:33:03.7357 INFO Get User Success :350-Globus Spirits Limited
2021-06-15 10:33:03.8307 INFO Get Dispach Master List Success
2021-06-15 10:33:22.7366 INFO Get VAT Master List Success
2021-06-15 10:35:53.9628 INFO Get User Success :globus_dis
2021-06-15 10:40:52.2345 INFO Get User Success :350-Globus Spirits Limited
2021-06-15 10:40:52.3255 INFO Get Dispach Master List Success
2021-06-15 10:43:04.2789 INFO Get VAT Master List Success
2021-06-15 10:43:07.5207 INFO Get User Success :globus_dis
2021-06-15 10:43:34.9568 INFO Get User Success :350-Globus Spirits Limited
2021-06-15 10:43:35.0338 INFO Get Dispach Master List Success
2021-06-15 10:43:37.3767 INFO Get VAT Master List Success
2021-06-15 10:49:18.4659 INFO Get User Success :globus_dis
2021-06-15 10:52:47.5408 INFO Get User Success :350-Globus Spirits Limited
2021-06-15 10:52:47.6298 INFO Get Dispach Master List Success
2021-06-15 10:53:02.3390 INFO Get VAT Master List Success
2021-06-15 10:53:51.1312 INFO Get User Success :globus_dis
2021-06-15 10:56:54.5594 INFO Get User Success :350-Globus Spirits Limited
2021-06-15 10:56:54.6363 INFO Get Dispach Master List Success
2021-06-15 10:56:56.9942 INFO Get VAT Master List Success
2021-06-15 10:59:47.8423 INFO Get User Success :globus_dis
2021-06-15 10:59:51.1521 INFO Get User Success :350-Globus Spirits Limited
2021-06-15 10:59:51.2351 INFO Get Dispach Master List Success
2021-06-15 11:01:47.2524 INFO Get VAT Master List Success
2021-06-15 11:01:48.6373 INFO Get User Success :globus_dis
2021-06-15 11:03:41.9869 INFO Pass Insertion Fail:759-GSL - 22P02: invalid input syntax for integer: ""
2021-06-15 11:10:42.9885 INFO Pass Insertion Fail:759-GSL - 22P02: invalid input syntax for integer: ""
2021-06-15 11:10:57.7446 INFO Pass Insertion Sucess:759-GSL
2021-06-15 11:10:57.9066 INFO Get User Success :350-Globus Spirits Limited
2021-06-15 11:10:58.6466 INFO Get Pass List Success
2021-06-15 11:10:58.8486 INFO Get User Success :globus_dis
2021-06-15 11:11:30.5067 INFO Get User Success :350-Globus Spirits Limited
2021-06-15 11:11:30.5778 INFO Get Dispach Master List Success
2021-06-15 11:11:33.0286 INFO Get VAT Master List Success
2021-06-15 11:11:33.5545 INFO Get Pass List Success
2021-06-15 11:11:33.9996 INFO Get User Success :globus_dis
2021-06-15 11:18:12.7814 INFO Pass Insertion Sucess:0-GSL
2021-06-15 11:18:18.5531 INFO Get User Success :350-Globus Spirits Limited
2021-06-15 11:18:19.2440 INFO Get Pass List Success
2021-06-15 11:18:19.3600 INFO Get User Success :globus_dis
2021-06-15 11:18:28.4626 INFO Get User Success :351-Globus Spirits Limited, Bond Officer
2021-06-15 11:18:28.6956 INFO Get User Success :351-Globus Spirits Limited, Bond Officer
2021-06-15 11:18:28.9246 INFO Get User Success :globus_disbo
2021-06-15 11:18:35.9091 INFO Get User Success :351-Globus Spirits Limited, Bond Officer
2021-06-15 11:18:39.4899 INFO Get User Success :globus_disbo
2021-06-15 11:18:43.1718 INFO Get User Success :351-Globus Spirits Limited, Bond Officer
2021-06-15 11:18:43.5137 INFO Get Pass List Success
2021-06-15 11:18:43.6087 INFO Get User Success :globus_disbo
2021-06-15 11:18:47.4915 INFO Get User Success :351-Globus Spirits Limited, Bond Officer
2021-06-15 11:18:47.5635 INFO Get Dispach Master List Success
2021-06-15 11:18:50.2523 INFO Get VAT Master List Success
2021-06-15 11:18:51.3393 INFO Get Pass List Success
2021-06-15 11:18:52.2502 INFO Get User Success :globus_disbo
2021-06-15 11:19:07.0644 INFO Pass Issued Fail:GSL - 22P02: invalid input syntax for integer: ""
2021-06-15 11:27:52.9558 INFO Pass Issued Fail:GSL - 25P02: current transaction is aborted, commands ignored until end of transaction block
2021-06-15 11:28:14.5456 INFO Pass Issued Fail:GSL - 22P02: invalid input syntax for integer: ""
2021-06-15 11:31:49.3581 INFO Pass Issued Sucess:GSL
2021-06-15 11:31:49.6291 INFO Get User Success :351-Globus Spirits Limited, Bond Officer
2021-06-15 11:31:49.9771 INFO Get Pass List Success
2021-06-15 11:31:50.0981 INFO Get User Success :globus_disbo
2021-06-15 11:32:08.8907 INFO Get User Success :353-M and TP Unit
2021-06-15 11:32:09.4529 INFO Get User Success :353-M and TP Unit
2021-06-15 11:32:09.8089 INFO Get User Success :mtp1
2021-06-15 11:32:14.4466 INFO Get User Success :353-M and TP Unit
2021-06-15 11:32:14.8166 INFO Get User Success :mtp1
2021-06-15 11:33:10.1374 INFO Get User Success :353-M and TP Unit
2021-06-15 11:42:03.5334 INFO Get User Success :353-M and TP Unit
2021-06-15 11:43:14.9533 INFO Get User Success :mtp1
2021-06-15 11:53:29.5356 INFO Get User Success :353-M and TP Unit
2021-06-15 11:57:33.5475 INFO Get User Success :mtp1
2021-06-15 11:59:02.6664 INFO Get User Success :353-M and TP Unit
2021-06-15 11:59:51.3635 INFO Get User Success :mtp1
2021-06-15 12:00:22.3727 INFO Get User Success :353-M and TP Unit
2021-06-15 12:00:22.4617 INFO Get Allotment List Success
2021-06-15 12:00:22.6037 INFO Get User Success :mtp1
2021-06-15 12:00:24.7416 INFO Get User Success :353-M and TP Unit
2021-06-15 12:13:08.2212 INFO Get User Success :mtp1
2021-06-15 12:13:19.3939 INFO Get User Success :353-M and TP Unit
2021-06-15 12:13:22.1436 INFO Get User Success :mtp1
2021-06-15 12:14:18.4533 INFO Get User Success :353-M and TP Unit
2021-06-15 12:14:22.5491 INFO Get Allotment List Success
2021-06-15 12:14:24.1910 INFO Get Product Master List Success
2021-06-15 12:14:24.2800 INFO Get UOM List Success
2021-06-15 12:14:24.3570 INFO Get User Success :mtp1
2021-06-15 12:15:25.9528 INFO Get Allotment Details Success
2021-06-15 12:17:08.5830 INFO Get User Success :353-M and TP Unit
2021-06-15 12:17:10.2069 INFO Get User Success :mtp1
2021-06-15 12:17:25.5010 INFO Get User Success :353-M and TP Unit
2021-06-15 12:17:28.7378 INFO Get Allotment List Success
2021-06-15 12:17:29.9317 INFO Get Product Master List Success
2021-06-15 12:17:30.0477 INFO Get UOM List Success
2021-06-15 12:17:33.3806 INFO Get Allotment Details Success
2021-06-15 12:17:34.7135 INFO Get User Success :mtp1
2021-06-15 12:17:48.8967 INFO Get User Success :353-M and TP Unit
2021-06-15 12:17:50.3805 INFO Get User Success :mtp1
2021-06-15 12:21:54.2614 INFO Get User Success :353-M and TP Unit
2021-06-15 12:21:57.0402 INFO Get Allotment List Success
2021-06-15 12:21:57.6562 INFO Get Product Master List Success
2021-06-15 12:21:57.7382 INFO Get UOM List Success
2021-06-15 12:22:00.0770 INFO Get Allotment Details Success
2021-06-15 12:22:01.9129 INFO Get User Success :mtp1
2021-06-15 13:06:14.2958 INFO Get User Success :98-Harinagar Sugar Mills Limited(Distillery Division)
2021-06-15 13:06:33.5587 INFO Get User Success :98-Harinagar Sugar Mills Limited(Distillery Division)
2021-06-15 13:06:34.4896 INFO Get User Success :harinagar_dis
2021-06-15 13:07:22.3499 INFO Get User Success :98-Harinagar Sugar Mills Limited(Distillery Division)
2021-06-15 13:07:22.4839 INFO Get Indent List Success
2021-06-15 13:07:22.6859 INFO Get User Success :harinagar_dis
2021-06-15 13:07:25.7897 INFO Get User Success :98-Harinagar Sugar Mills Limited(Distillery Division)
2021-06-15 13:07:25.8777 INFO Get Indent List Success
2021-06-15 13:07:26.1866 INFO Get User Success :98-Harinagar Sugar Mills Limited(Distillery Division)
2021-06-15 13:07:26.4276 INFO Get Allotment List Success
2021-06-15 13:07:26.5207 INFO Get User Success :harinagar_dis
2021-06-15 13:07:30.2574 INFO Get User Success :98-Harinagar Sugar Mills Limited(Distillery Division)
2021-06-15 13:07:30.3754 INFO Get RR List Success
2021-06-15 13:07:30.4614 INFO Get User Success :harinagar_dis
2021-06-15 13:07:33.6602 INFO Get User Success :98-Harinagar Sugar Mills Limited(Distillery Division)
2021-06-15 13:07:35.6951 INFO Get RR List Success
2021-06-15 13:07:35.7941 INFO Get User Success :harinagar_dis
2021-06-15 13:07:50.2576 INFO Get User Success :111-New Swadeshi Sugar Mills
2021-06-15 13:07:50.5546 INFO Get User Success :111-New Swadeshi Sugar Mills
2021-06-15 13:07:50.9086 INFO Get User Success :newswadeshi_sgr
2021-06-15 13:07:57.2092 INFO Get User Success :111-New Swadeshi Sugar Mills
2021-06-15 13:07:57.2932 INFO Get RR List Success
2021-06-15 13:07:57.4562 INFO Get User Success :newswadeshi_sgr
2021-06-15 13:08:00.4041 INFO Get User Success :111-New Swadeshi Sugar Mills
2021-06-15 13:08:02.4079 INFO Get RR List Success
2021-06-15 13:08:02.4889 INFO Get User Success :newswadeshi_sgr
2021-06-15 13:08:05.6027 INFO Get User Success :111-New Swadeshi Sugar Mills
2021-06-15 13:08:05.6978 INFO Get RR List Success
2021-06-15 13:08:05.8457 INFO Get User Success :newswadeshi_sgr
2021-06-15 14:31:49.3986 INFO Get User Success :353-M and TP Unit
2021-06-15 14:31:49.9386 INFO Get User Success :353-M and TP Unit
2021-06-15 14:31:50.2855 INFO Get User Success :mtp1
2021-06-15 14:32:02.1829 INFO Get User Success :353-M and TP Unit
2021-06-15 14:32:06.7376 INFO Get Allotment List Success
2021-06-15 14:32:06.9166 INFO Get User Success :mtp1
2021-06-15 14:32:09.7844 INFO Get User Success :353-M and TP Unit
2021-06-15 14:32:12.1283 INFO Get Allotment List Success
2021-06-15 14:32:12.4463 INFO Get User Success :353-M and TP Unit
2021-06-15 14:32:12.5612 INFO Get Party Master List Success
2021-06-15 14:32:13.4522 INFO Get Product Master List Success
2021-06-15 14:32:14.3941 INFO Get User Success :mtp1
2021-06-15 14:32:24.8645 INFO Get Party Master List Success
2021-06-15 14:36:41.7996 INFO Insert Allotment Success :-MTP
2021-06-15 14:36:41.9986 INFO Get User Success :353-M and TP Unit
2021-06-15 15:07:42.5327 INFO Get User Success :350-Globus Spirits Limited
2021-06-15 15:08:19.6885 INFO Get User Success :350-Globus Spirits Limited
2021-06-15 15:08:20.0075 INFO Get User Success :globus_dis
2021-06-15 15:08:39.6703 INFO Get User Success :350-Globus Spirits Limited
2021-06-15 15:08:48.5519 INFO Get User Success :globus_dis
2021-06-15 15:09:08.7527 INFO Get User Success :350-Globus Spirits Limited
2021-06-15 15:09:09.5306 INFO Get Pass List Success
2021-06-15 15:09:09.6586 INFO Get User Success :globus_dis
2021-06-15 15:09:22.8509 INFO Get User Success :350-Globus Spirits Limited
2021-06-15 15:09:28.2195 INFO Get User Success :globus_dis
2021-06-15 15:09:32.7973 INFO Get User Success :350-Globus Spirits Limited
2021-06-15 15:09:33.0482 INFO Get User Success :350-Globus Spirits Limited
2021-06-15 15:09:36.0631 INFO Get User Success :globus_dis
2021-06-15 15:12:18.5487 INFO Get User Success :350-Globus Spirits Limited
2021-06-15 15:12:19.6806 INFO Get Balance Request Pass Success
2021-06-15 15:13:11.7895 INFO Insert Request Pass Success
2021-06-15 15:13:11.9515 INFO Get User Success :350-Globus Spirits Limited
2021-06-15 15:13:18.6672 INFO Get User Success :globus_dis
2021-06-15 15:13:30.8565 INFO Get User Success :351-Globus Spirits Limited, Bond Officer
2021-06-15 15:13:31.1294 INFO Get User Success :351-Globus Spirits Limited, Bond Officer
2021-06-15 15:13:31.2954 INFO Get User Success :globus_disbo
2021-06-15 15:13:35.0552 INFO Get User Success :351-Globus Spirits Limited, Bond Officer
2021-06-15 15:13:38.9010 INFO Get User Success :globus_disbo
2021-06-15 15:13:43.6957 INFO Get User Success :351-Globus Spirits Limited, Bond Officer
2021-06-15 15:13:43.8897 INFO Get User Success :351-Globus Spirits Limited, Bond Officer
2021-06-15 15:13:47.9585 INFO Get User Success :350-Globus Spirits Limited
2021-06-15 15:13:48.0425 INFO Get Balance Request Pass Success
2021-06-15 15:13:49.7424 INFO Get User Success :globus_disbo
2021-06-15 15:13:59.3668 INFO Approve Request Pass Success
2021-06-15 15:13:59.5458 INFO Get User Success :351-Globus Spirits Limited, Bond Officer
2021-06-15 15:14:03.2436 INFO Get User Success :globus_disbo
2021-06-15 15:14:14.4669 INFO Get User Success :100-Deputy Commissioner
2021-06-15 15:14:15.1749 INFO Get User Success :100-Deputy Commissioner
2021-06-15 15:14:15.6698 INFO Get User Success :hodyco
2021-06-15 15:14:20.7186 INFO Get User Success :100-Deputy Commissioner
2021-06-15 15:14:24.7203 INFO Get User Success :hodyco
2021-06-15 15:14:28.0682 INFO Get User Success :100-Deputy Commissioner
2021-06-15 15:14:28.2741 INFO Get User Success :100-Deputy Commissioner
2021-06-15 15:14:32.0099 INFO Get User Success :350-Globus Spirits Limited
2021-06-15 15:14:32.0799 INFO Get Balance Request Pass Success
2021-06-15 15:14:33.7768 INFO Get User Success :hodyco
2021-06-15 15:14:51.7848 INFO Get User Success :100-Deputy Commissioner
2021-06-15 15:18:10.4153 INFO Get User Success :350-Globus Spirits Limited
2021-06-15 15:18:10.4912 INFO Get Balance Request Pass Success
2021-06-15 15:19:02.9332 INFO Get User Success :hodyco
2021-06-15 15:47:22.4006 INFO Approve Request Pass Success
2021-06-15 15:47:22.5906 INFO Get User Success :100-Deputy Commissioner
2021-06-15 15:47:28.8472 INFO Get User Success :hodyco
2021-06-15 15:48:21.1242 INFO Get User Success :351-Globus Spirits Limited, Bond Officer
2021-06-15 15:48:21.4001 INFO Get User Success :351-Globus Spirits Limited, Bond Officer
2021-06-15 15:48:21.6122 INFO Get User Success :globus_disbo
2021-06-15 15:48:27.7178 INFO Get User Success :351-Globus Spirits Limited, Bond Officer
2021-06-15 15:48:32.7615 INFO Get User Success :globus_disbo
2021-06-15 15:48:36.7983 INFO Get User Success :351-Globus Spirits Limited, Bond Officer
2021-06-15 15:48:36.9982 INFO Get User Success :351-Globus Spirits Limited, Bond Officer
2021-06-15 15:48:41.3190 INFO Get User Success :350-Globus Spirits Limited
2021-06-15 15:48:41.4180 INFO Get Balance Request Pass Success
2021-06-15 15:48:43.8668 INFO Get User Success :globus_disbo
2021-06-15 15:48:55.1562 INFO Approve Request Pass Success
2021-06-15 15:48:55.3382 INFO Get User Success :351-Globus Spirits Limited, Bond Officer
2021-06-15 15:48:59.9009 INFO Get User Success :globus_disbo
2021-06-15 15:49:14.8560 INFO Get User Success :350-Globus Spirits Limited
2021-06-15 15:49:15.1050 INFO Get User Success :350-Globus Spirits Limited
2021-06-15 15:49:15.3590 INFO Get User Success :globus_dis
2021-06-15 15:49:19.5978 INFO Get User Success :350-Globus Spirits Limited
2021-06-15 15:49:24.2785 INFO Get User Success :globus_dis
2021-06-15 15:49:27.8393 INFO Get User Success :350-Globus Spirits Limited
2021-06-15 15:49:27.9603 INFO Get Dispach Master List Success
2021-06-15 15:49:31.7231 INFO Get VAT Master List Success
2021-06-15 15:49:32.3350 INFO Get User Success :globus_dis
2021-06-15 15:51:28.5573 INFO Pass Insertion Sucess:760-GSL
2021-06-15 15:51:28.7563 INFO Get User Success :350-Globus Spirits Limited
2021-06-15 15:51:29.2363 INFO Get Pass List Success
2021-06-15 15:51:29.3632 INFO Get User Success :globus_dis
2021-06-15 15:51:38.5777 INFO Get User Success :351-Globus Spirits Limited, Bond Officer
2021-06-15 15:51:38.8307 INFO Get User Success :351-Globus Spirits Limited, Bond Officer
2021-06-15 15:51:39.0167 INFO Get User Success :globus_disbo
2021-06-15 15:51:45.6603 INFO Get User Success :351-Globus Spirits Limited, Bond Officer
2021-06-15 15:52:47.3887 INFO Get User Success :globus_disbo
2021-06-15 16:00:49.6927 INFO Get User Success :353-M and TP Unit
2021-06-15 16:00:50.0507 INFO Get User Success :353-M and TP Unit
2021-06-15 16:00:50.4007 INFO Get User Success :mtp1
2021-06-15 16:01:10.4895 INFO Get User Success :353-M and TP Unit
2021-06-15 16:26:41.1477 INFO Get User Success :mtp1
2021-06-15 16:27:24.5192 INFO Get User Success :353-M and TP Unit
2021-06-15 16:31:47.9239 INFO Get User Success :mtp1
2021-06-15 16:31:54.3536 INFO Get User Success :353-M and TP Unit
2021-06-15 16:35:25.7032 INFO Get User Success :mtp1
2021-06-15 16:57:37.4070 INFO Get User Success :353-M and TP Unit
2021-06-15 16:57:38.7089 INFO Get User Success :353-M and TP Unit
2021-06-15 16:57:39.1119 INFO Get User Success :mtp1
2021-06-15 16:57:51.8411 INFO Get User Success :353-M and TP Unit
2021-06-15 17:04:35.6797 INFO Get User Success :mtp1
2021-06-15 17:04:45.3062 INFO Get User Success :350-Globus Spirits Limited
2021-06-15 17:04:45.6761 INFO Get User Success :350-Globus Spirits Limited
2021-06-15 17:04:45.9371 INFO Get User Success :globus_dis
2021-06-15 17:04:50.9768 INFO Get User Success :350-Globus Spirits Limited
2021-06-15 17:04:56.5165 INFO Get User Success :globus_dis
2021-06-15 17:05:01.1152 INFO Get User Success :350-Globus Spirits Limited
2021-06-15 17:05:01.2362 INFO Get Dispach Master List Success
2021-06-15 17:05:04.2831 INFO Get VAT Master List Success
2021-06-15 17:05:05.6090 INFO Get User Success :globus_dis
2021-06-15 17:08:10.3903 INFO Pass Insertion Sucess:761-GSL
2021-06-15 17:08:10.5782 INFO Get User Success :350-Globus Spirits Limited
2021-06-15 17:08:10.9232 INFO Get Pass List Success
2021-06-15 17:08:11.0472 INFO Get User Success :globus_dis
2021-06-15 17:08:30.0742 INFO Get User Success :351-Globus Spirits Limited, Bond Officer
2021-06-15 17:08:30.3041 INFO Get User Success :351-Globus Spirits Limited, Bond Officer
2021-06-15 17:08:30.4821 INFO Get User Success :globus_disbo
2021-06-15 17:09:06.7070 INFO Get User Success :351-Globus Spirits Limited, Bond Officer
2021-06-15 17:09:09.9518 INFO Get User Success :globus_disbo
2021-06-15 17:09:12.7707 INFO Get User Success :351-Globus Spirits Limited, Bond Officer
2021-06-15 17:09:13.1707 INFO Get Pass List Success
2021-06-15 17:09:13.2857 INFO Get User Success :globus_disbo
2021-06-15 17:09:20.8702 INFO Get User Success :351-Globus Spirits Limited, Bond Officer
2021-06-15 17:09:20.9472 INFO Get Dispach Master List Success
2021-06-15 17:09:31.6665 INFO Get VAT Master List Success
2021-06-15 17:09:32.8315 INFO Get Pass List Success
2021-06-15 17:09:33.4614 INFO Get User Success :globus_disbo
2021-06-15 17:11:34.0884 INFO Get User Success :351-Globus Spirits Limited, Bond Officer
2021-06-15 17:11:34.4025 INFO Get Pass List Success
2021-06-15 17:11:34.5044 INFO Get User Success :globus_disbo
2021-06-15 17:11:39.1861 INFO Get User Success :351-Globus Spirits Limited, Bond Officer
2021-06-15 17:11:39.2601 INFO Get Dispach Master List Success
2021-06-15 17:11:44.4108 INFO Get VAT Master List Success
2021-06-15 17:14:48.4032 INFO Get VAT Master List Success
2021-06-15 17:15:39.6712 INFO Get Pass List Success
2021-06-15 17:15:40.2651 INFO Get User Success :globus_disbo
2021-06-15 17:42:42.8130 INFO Get User Success :351-Globus Spirits Limited, Bond Officer
2021-06-15 17:42:43.2940 INFO Get User Success :351-Globus Spirits Limited, Bond Officer
2021-06-15 17:42:43.5299 INFO Get User Success :globus_disbo
2021-06-15 17:42:52.0315 INFO Get User Success :351-Globus Spirits Limited, Bond Officer
2021-06-15 17:42:57.9201 INFO Get User Success :globus_disbo
2021-06-15 17:43:02.7208 INFO Get User Success :351-Globus Spirits Limited, Bond Officer
2021-06-15 17:43:05.7817 INFO Get Pass List Success
2021-06-15 17:43:05.8977 INFO Get User Success :globus_disbo
2021-06-15 17:43:09.7245 INFO Get User Success :351-Globus Spirits Limited, Bond Officer
2021-06-15 17:43:09.8665 INFO Get Dispach Master List Success
2021-06-15 17:43:37.2728 INFO Get VAT Master List Success
2021-06-15 17:44:51.0386 INFO Get VAT Master List Success
2021-06-15 17:45:53.3899 INFO Get Pass List Success
2021-06-15 17:45:54.1689 INFO Get User Success :globus_disbo
2021-06-15 17:56:03.2615 INFO Pass Issued Fail:GSL - Exception while writing to stream
2021-06-15 17:58:12.6150 INFO Pass Issued Sucess:GSL
2021-06-15 17:58:12.8160 INFO Get User Success :351-Globus Spirits Limited, Bond Officer
2021-06-15 17:58:13.2430 INFO Get Pass List Success
2021-06-15 17:58:13.3480 INFO Get User Success :globus_disbo
2021-06-15 17:58:32.6619 INFO Get User Success :353-M and TP Unit
2021-06-15 17:58:33.0449 INFO Get User Success :353-M and TP Unit
2021-06-15 17:58:33.3708 INFO Get User Success :mtp1
2021-06-15 18:00:08.2963 INFO Get User Success :353-M and TP Unit
2021-06-15 18:03:26.3558 INFO Get User Success :mtp1
2021-06-15 18:03:34.0844 INFO Get User Success :353-M and TP Unit
2021-06-15 18:03:34.6833 INFO Get User Success :mtp1
2021-06-15 18:04:26.0834 INFO Get User Success :353-M and TP Unit
2021-06-15 18:04:29.9832 INFO Get User Success :mtp1
2021-06-15 18:04:39.1816 INFO Get User Success :353-M and TP Unit
2021-06-15 18:04:41.7455 INFO Get Allotment List Success
2021-06-15 18:04:41.9174 INFO Get User Success :mtp1
2021-06-15 18:11:07.0651 INFO Get User Success :353-M and TP Unit
2021-06-15 18:11:10.8949 INFO Get User Success :mtp1
2021-06-15 18:11:31.7377 INFO Get User Success :353-M and TP Unit
2021-06-15 18:11:33.9115 INFO Get Allotment List Success
2021-06-15 18:11:34.0046 INFO Get User Success :mtp1
2021-06-15 18:11:43.1990 INFO Get User Success :353-M and TP Unit
2021-06-15 18:26:13.6195 INFO Get Allotment List Success
2021-06-15 18:26:14.1045 INFO Get User Success :353-M and TP Unit
2021-06-15 18:26:14.2095 INFO Get Party Master List Success
2021-06-15 18:26:17.1743 INFO Get Product Master List Success
2021-06-15 18:26:18.4342 INFO Get User Success :mtp1
2021-06-15 18:26:31.7804 INFO Get Party Master List Success
2021-06-15 18:27:51.2478 INFO Get Party Master List Success
2021-06-15 18:33:17.9939 INFO Get User Success :353-M and TP Unit
2021-06-15 18:33:30.0062 INFO Get User Success :353-M and TP Unit
2021-06-15 18:33:30.4321 INFO Get User Success :mtp1
2021-06-15 18:34:13.1757 INFO Get User Success :353-M and TP Unit
2021-06-15 18:34:17.3414 INFO Get Allotment List Success
2021-06-15 18:34:17.5204 INFO Get User Success :mtp1
2021-06-15 18:34:20.9382 INFO Get User Success :353-M and TP Unit
2021-06-15 18:34:23.3601 INFO Get Allotment List Success
2021-06-15 18:34:23.6991 INFO Get User Success :353-M and TP Unit
2021-06-15 18:34:23.8291 INFO Get Party Master List Success
2021-06-15 18:34:25.6199 INFO Get Product Master List Success
2021-06-15 18:34:26.8989 INFO Get User Success :mtp1
2021-06-15 18:34:35.2185 INFO Get Party Master List Success
2021-06-15 18:36:06.3711 INFO Get Party Master List Success
