2021-05-07 10:34:30.9094 INFO Get User Success :350-Globus Spirits Limited
2021-05-07 10:34:31.0689 INFO Get User Success :350-Globus Spirits Limited
2021-05-07 10:34:31.0862 INFO Get User Success :globus_dis
2021-05-07 10:35:07.8326 INFO Get User Success :350-Globus Spirits Limited
2021-05-07 10:35:07.8868 INFO Get User Success :350-Globus Spirits Limited
2021-05-07 10:35:07.9537 INFO Get User Success :globus_dis
2021-05-07 10:35:13.8971 INFO Get User Success :350-Globus Spirits Limited
2021-05-07 10:35:13.9344 INFO Get VAT Master List Success
2021-05-07 10:35:13.9468 INFO Get User Success :globus_dis
2021-05-07 10:35:17.4008 INFO Get User Success :350-Globus Spirits Limited
2021-05-07 10:35:17.4158 INFO Get Form84 List Success
2021-05-07 10:35:17.4308 INFO Get User Success :globus_dis
2021-05-07 10:35:23.6134 INFO Get User Success :350-Globus Spirits Limited
2021-05-07 10:35:23.6193 INFO Get VAT Master List Success
2021-05-07 10:35:23.6193 INFO Get User Success :globus_dis
2021-05-07 10:35:26.6815 INFO Get User Success :350-Globus Spirits Limited
2021-05-07 10:35:26.6815 INFO Get VAT Master List Success
2021-05-07 10:35:26.7580 INFO Get User Success :globus_dis
2021-05-07 10:35:39.9345 INFO Get User Success :350-Globus Spirits Limited
2021-05-07 10:35:39.9345 INFO Get VAT Master List Success
2021-05-07 10:35:39.9454 INFO Get User Success :globus_dis
2021-05-07 10:36:04.4537 INFO Get User Success :350-Globus Spirits Limited
2021-05-07 10:36:04.4537 INFO Get VAT Master List Success
2021-05-07 10:36:04.4717 INFO Get User Success :globus_dis
2021-05-07 10:36:18.2222 INFO Get User Success :350-Globus Spirits Limited
2021-05-07 10:36:18.2282 INFO Get VAT Master List Success
2021-05-07 10:36:18.2282 INFO Get User Success :globus_dis
2021-05-07 10:36:22.2401 INFO Get User Success :350-Globus Spirits Limited
2021-05-07 10:36:22.2421 INFO Get VAT Master List Success
2021-05-07 10:36:22.2421 INFO Get User Success :globus_dis
2021-05-07 10:36:37.8189 INFO Get User Success :350-Globus Spirits Limited
2021-05-07 10:36:37.8249 INFO Get VAT Master List Success
2021-05-07 10:36:37.8249 INFO Get User Success :globus_dis
2021-05-07 10:36:45.1612 INFO Get User Success :350-Globus Spirits Limited
2021-05-07 10:36:45.1682 INFO Get VAT Master List Success
2021-05-07 10:36:45.1877 INFO Get User Success :globus_dis
2021-05-07 10:36:58.4388 INFO Get User Success :350-Globus Spirits Limited
2021-05-07 10:36:58.4448 INFO Get VAT Master List Success
2021-05-07 10:36:58.4448 INFO Get User Success :globus_dis
2021-05-07 10:37:05.2776 INFO Get User Success :350-Globus Spirits Limited
2021-05-07 10:37:05.2776 INFO Get VAT Master List Success
2021-05-07 10:37:05.2967 INFO Get User Success :globus_dis
2021-05-07 10:39:24.3555 INFO Get User Success :350-Globus Spirits Limited
2021-05-07 10:39:24.3555 INFO Get VAT Master List Success
2021-05-07 10:39:24.3695 INFO Get User Success :globus_dis
2021-05-07 10:39:32.4739 INFO Get VAT Master List Success
2021-05-07 10:39:37.8809 INFO Get User Success :350-Globus Spirits Limited
2021-05-07 10:39:37.8858 INFO Get VAT Master List Success
2021-05-07 10:39:37.9024 INFO Get User Success :globus_dis
2021-05-07 10:40:35.0466 INFO Get User Success :350-Globus Spirits Limited
2021-05-07 10:40:35.0545 INFO Get VAT Master List Success
2021-05-07 10:40:35.0545 INFO Get User Success :globus_dis
2021-05-07 10:40:38.9970 INFO Get User Success :350-Globus Spirits Limited
2021-05-07 10:40:38.9970 INFO Get VAT Master List Success
2021-05-07 10:40:39.0151 INFO Get User Success :globus_dis
2021-05-07 10:40:54.7565 INFO Get User Success :350-Globus Spirits Limited
2021-05-07 10:40:54.7645 INFO Get Form84 List Success
2021-05-07 10:40:54.7645 INFO Get User Success :globus_dis
2021-05-07 10:40:56.9055 INFO Get User Success :350-Globus Spirits Limited
2021-05-07 10:40:56.9503 INFO Get User Success :globus_dis
2021-05-07 10:40:59.4012 INFO Get User Success :350-Globus Spirits Limited
2021-05-07 10:40:59.4012 INFO Get Form84 List Success
2021-05-07 10:40:59.4162 INFO Get User Success :globus_dis
2021-05-07 10:41:02.9114 INFO Get User Success :350-Globus Spirits Limited
2021-05-07 10:41:02.9180 INFO Get VAT Master List Success
2021-05-07 10:41:02.9180 INFO Get VAT Master List Success
2021-05-07 10:41:02.9180 INFO Get VAT Master List Success
2021-05-07 10:41:02.9180 INFO Get VAT Master List Success
2021-05-07 10:41:02.9369 INFO Get User Success :globus_dis
2021-05-07 10:49:03.6527 INFO Get User Success :350-Globus Spirits Limited
2021-05-07 10:49:03.6527 INFO Get VAT Master List Success
2021-05-07 10:49:03.6665 INFO Get User Success :globus_dis
2021-05-07 12:40:49.9812 INFO Get User Success :98-Harinagar Sugar Mills Limited(Distillery Division)
2021-05-07 12:40:51.9629 INFO Get User Success :98-Harinagar Sugar Mills Limited(Distillery Division)
2021-05-07 12:40:52.0615 INFO Get User Success :harinagar_dis
2021-05-07 12:42:41.1020 INFO Get User Success :98-Harinagar Sugar Mills Limited(Distillery Division)
2021-05-07 12:42:41.1020 INFO Get Report  Success
2021-05-07 12:42:41.1413 INFO Get Party Master List Success
2021-05-07 12:42:41.1413 INFO Get User Success :harinagar_dis
2021-05-07 12:43:20.2344 INFO Get VAT Master List Success
2021-05-07 12:48:34.8518 INFO Get User Success :98-Harinagar Sugar Mills Limited(Distillery Division)
2021-05-07 12:48:34.9386 INFO Get User Success :harinagar_dis
2021-05-07 12:48:39.8095 INFO Get User Success :98-Harinagar Sugar Mills Limited(Distillery Division)
2021-05-07 12:56:10.6978 INFO Get Report  Success
2021-05-07 12:56:10.6978 INFO Get Party Master List Success
2021-05-07 12:56:10.6978 INFO Get User Success :harinagar_dis
2021-05-07 12:57:24.9370 INFO Get VAT Master List Success
2021-05-07 13:43:33.3729 INFO Get User Success :98-Harinagar Sugar Mills Limited(Distillery Division)
2021-05-07 13:43:33.4058 INFO Get User Success :98-Harinagar Sugar Mills Limited(Distillery Division)
2021-05-07 13:43:33.4716 INFO Get User Success :harinagar_dis
2021-05-07 13:43:39.3138 INFO Get User Success :98-Harinagar Sugar Mills Limited(Distillery Division)
2021-05-07 13:43:39.3528 INFO Get User Success :harinagar_dis
2021-05-07 13:43:51.8099 INFO Get User Success :98-Harinagar Sugar Mills Limited(Distillery Division)
2021-05-07 13:43:51.8099 INFO Get User Success :harinagar_dis
2021-05-07 13:43:54.0803 INFO Get User Success :98-Harinagar Sugar Mills Limited(Distillery Division)
2021-05-07 13:43:54.0998 INFO Get User Success :98-Harinagar Sugar Mills Limited(Distillery Division)
2021-05-07 13:43:54.1211 INFO Get VAT Master List Success
2021-05-07 13:43:54.1211 INFO Get User Success :harinagar_dis
2021-05-07 13:43:56.2599 INFO Get User Success :98-Harinagar Sugar Mills Limited(Distillery Division)
2021-05-07 13:43:56.2775 INFO Get Form84 List Success
2021-05-07 13:43:56.2775 INFO Get User Success :harinagar_dis
2021-05-07 13:44:03.6938 INFO Get User Success :98-Harinagar Sugar Mills Limited(Distillery Division)
2021-05-07 13:44:03.7262 INFO Get User Success :harinagar_dis
2021-05-07 13:44:08.2178 INFO Get User Success :98-Harinagar Sugar Mills Limited(Distillery Division)
2021-05-07 13:44:08.2983 INFO Get User Success :harinagar_dis
2021-05-07 13:44:08.7734 INFO Get User Success :98-Harinagar Sugar Mills Limited(Distillery Division)
2021-05-07 13:44:08.8024 INFO Get User Success :harinagar_dis
2021-05-07 13:44:10.3726 INFO Get User Success :98-Harinagar Sugar Mills Limited(Distillery Division)
2021-05-07 13:44:10.3974 INFO Get User Success :harinagar_dis
2021-05-07 13:44:48.4014 INFO Get User Success :98-Harinagar Sugar Mills Limited(Distillery Division)
2021-05-07 13:44:48.4014 INFO Get Form84 List Success
2021-05-07 13:44:48.4154 INFO Get User Success :harinagar_dis
2021-05-07 13:45:08.8381 INFO Get User Success :98-Harinagar Sugar Mills Limited(Distillery Division)
2021-05-07 13:45:08.8381 INFO Get VAT Master List Success
2021-05-07 13:45:08.8381 INFO Get User Success :harinagar_dis
2021-05-07 13:45:11.8678 INFO Get User Success :98-Harinagar Sugar Mills Limited(Distillery Division)
2021-05-07 13:45:11.8678 INFO Get Form84 List Success
2021-05-07 13:45:11.8678 INFO Get User Success :harinagar_dis
2021-05-07 13:45:13.6656 INFO Get User Success :98-Harinagar Sugar Mills Limited(Distillery Division)
2021-05-07 13:45:13.6656 INFO Get User Success :harinagar_dis
2021-05-07 13:45:41.0810 INFO Get User Success :98-Harinagar Sugar Mills Limited(Distillery Division)
2021-05-07 13:45:41.0910 INFO Get User Success :harinagar_dis
2021-05-07 13:45:45.6213 INFO Get User Success :98-Harinagar Sugar Mills Limited(Distillery Division)
2021-05-07 13:45:45.6213 INFO Get User Success :harinagar_dis
2021-05-07 13:45:47.5169 INFO Get User Success :98-Harinagar Sugar Mills Limited(Distillery Division)
2021-05-07 13:45:47.5249 INFO Get Form84 List Success
2021-05-07 13:45:47.5249 INFO Get User Success :harinagar_dis
2021-05-07 13:45:49.1209 INFO Get User Success :98-Harinagar Sugar Mills Limited(Distillery Division)
2021-05-07 13:45:49.1209 INFO Get VAT Master List Success
2021-05-07 13:45:49.1209 INFO Get User Success :harinagar_dis
2021-05-07 13:45:51.1061 INFO Get User Success :98-Harinagar Sugar Mills Limited(Distillery Division)
2021-05-07 13:45:51.1221 INFO Get User Success :harinagar_dis
2021-05-07 13:45:52.7195 INFO Get User Success :98-Harinagar Sugar Mills Limited(Distillery Division)
2021-05-07 13:45:52.7314 INFO Get User Success :harinagar_dis
2021-05-07 13:46:14.4949 INFO Get User Success :98-Harinagar Sugar Mills Limited(Distillery Division)
2021-05-07 13:46:17.3139 INFO Get Report  Success
2021-05-07 13:46:17.3139 INFO Get Party Master List Success
2021-05-07 13:46:17.3229 INFO Get User Success :harinagar_dis
2021-05-07 13:46:27.3573 INFO Get VAT Master List Success
