2021-02-05 11:30:41.6508 INFO Get User Success :98-Harinagar Sugar Mills Limited(Distillery Division)
2021-02-05 11:30:41.7292 INFO Get User Success :harinagar_dis
2021-02-05 11:30:51.1826 INFO Get User Success :98-Harinagar Sugar Mills Limited(Distillery Division)
2021-02-05 11:30:51.1916 INFO Get Indent List Success
2021-02-05 11:30:51.2340 INFO Get User Success :harinagar_dis
2021-02-05 11:30:52.7489 INFO Get User Success :98-Harinagar Sugar Mills Limited(Distillery Division)
2021-02-05 11:30:52.7489 INFO Get Indent List Success
2021-02-05 11:30:52.7936 INFO Get User Success :98-Harinagar Sugar Mills Limited(Distillery Division)
2021-02-05 11:30:52.7936 INFO Get Allotment List Success
2021-02-05 11:30:52.8181 INFO Get User Success :harinagar_dis
2021-02-05 11:30:54.6464 INFO Get User Success :98-Harinagar Sugar Mills Limited(Distillery Division)
2021-02-05 11:30:54.6464 INFO Get Allotment List Success
2021-02-05 11:30:54.8130 INFO Get GetSeverList Success
2021-02-05 11:32:26.9829 INFO Get GetSeverList Success
2021-02-05 11:58:13.6934 INFO Get User Success :98-Harinagar Sugar Mills Limited(Distillery Division)
2021-02-05 11:58:13.6934 INFO Get Allotment List Success
2021-02-05 11:58:13.8460 INFO Get GetSeverList Success
2021-02-05 16:39:15.3844 INFO Get User Success :98-Harinagar Sugar Mills Limited(Distillery Division)
2021-02-05 16:39:15.5170 INFO Get User Success :harinagar_dis
2021-02-05 16:39:26.4741 INFO Get User Success :98-Harinagar Sugar Mills Limited(Distillery Division)
2021-02-05 16:39:26.4741 INFO Get Indent List Success
2021-02-05 16:39:26.5244 INFO Get User Success :harinagar_dis
2021-02-05 16:39:29.3969 INFO Get User Success :98-Harinagar Sugar Mills Limited(Distillery Division)
2021-02-05 16:39:29.3969 INFO Get Indent List Success
2021-02-05 17:17:15.4569 INFO Get User Success :98-Harinagar Sugar Mills Limited(Distillery Division)
2021-02-05 17:17:15.5369 INFO Get User Success :harinagar_dis
2021-02-05 17:17:19.4535 INFO Get User Success :98-Harinagar Sugar Mills Limited(Distillery Division)
2021-02-05 17:17:19.4618 INFO Get Indent List Success
2021-02-05 17:17:19.5038 INFO Get User Success :harinagar_dis
2021-02-05 17:17:21.8876 INFO Get User Success :98-Harinagar Sugar Mills Limited(Distillery Division)
2021-02-05 17:17:21.8876 INFO Get Indent List Success
2021-02-05 17:17:21.9676 INFO Get User Success :98-Harinagar Sugar Mills Limited(Distillery Division)
2021-02-05 17:17:21.9731 INFO Get Party Master List Success
2021-02-05 17:17:21.9731 INFO Get Product Master List Success
2021-02-05 17:17:21.9731 INFO Get User Success :harinagar_dis
2021-02-05 17:17:29.5866 INFO Get User Success :98-Harinagar Sugar Mills Limited(Distillery Division)
2021-02-05 17:17:29.5866 INFO Get Allotment List Success
2021-02-05 17:17:29.6105 INFO Get User Success :harinagar_dis
2021-02-05 17:17:31.6798 INFO Get User Success :98-Harinagar Sugar Mills Limited(Distillery Division)
2021-02-05 17:17:31.6798 INFO Get Allotment List Success
2021-02-05 17:17:31.7390 INFO Get User Success :98-Harinagar Sugar Mills Limited(Distillery Division)
2021-02-05 17:17:31.7390 INFO Get Party Master List Success
2021-02-05 17:17:31.7390 INFO Get Indent List Success
2021-02-05 17:17:31.7565 INFO Get Allotment Details Success
2021-02-05 17:17:31.7565 INFO Get Indent List Success
2021-02-05 17:17:31.7565 INFO Get Party Master List Success
2021-02-05 17:17:31.7919 INFO Check WorkFlow List Success
2021-02-05 17:17:31.8071 INFO Get User Success :harinagar_dis
2021-02-05 17:17:35.2407 INFO Get User Success :98-Harinagar Sugar Mills Limited(Distillery Division)
2021-02-05 17:17:35.2407 INFO Get RR List Success
2021-02-05 17:17:35.2662 INFO Get User Success :harinagar_dis
2021-02-05 17:17:38.2318 INFO Get User Success :98-Harinagar Sugar Mills Limited(Distillery Division)
2021-02-05 17:17:38.2495 INFO Get RR List Success
2021-02-05 17:17:38.2669 INFO Get User Success :harinagar_dis
2021-02-05 17:17:39.4079 INFO Get User Success :98-Harinagar Sugar Mills Limited(Distillery Division)
2021-02-05 17:17:39.4162 INFO Get RR Details Success
2021-02-05 17:17:39.4311 INFO Get RR List Success
2021-02-05 17:17:39.4465 INFO Get User Success :harinagar_dis
2021-02-05 17:17:42.5148 INFO Get User Success :98-Harinagar Sugar Mills Limited(Distillery Division)
2021-02-05 17:17:42.5278 INFO Get RR List Success
2021-02-05 17:17:42.5366 INFO Get User Success :harinagar_dis
2021-02-05 17:17:45.1593 INFO Get User Success :98-Harinagar Sugar Mills Limited(Distillery Division)
2021-02-05 17:17:45.1841 INFO Get User Success :harinagar_dis
2021-02-05 17:17:46.7613 INFO Get User Success :98-Harinagar Sugar Mills Limited(Distillery Division)
2021-02-05 17:17:46.7768 INFO Get RR List Success
2021-02-05 17:17:46.7969 INFO Get RR List Success
2021-02-05 17:17:46.7969 INFO Get Balance Request Pass Success
2021-02-05 17:17:46.8059 INFO Get User Success :harinagar_dis
2021-02-05 17:17:49.4090 INFO Get User Success :98-Harinagar Sugar Mills Limited(Distillery Division)
2021-02-05 17:17:49.4198 INFO Get Pass List Success
2021-02-05 17:17:49.4369 INFO Get User Success :harinagar_dis
2021-02-05 17:17:50.4581 INFO Get User Success :98-Harinagar Sugar Mills Limited(Distillery Division)
2021-02-05 17:17:50.4581 INFO Get Dispach Master List Success
2021-02-05 17:17:50.4766 INFO Get VAT Master List Success
2021-02-05 17:17:50.4766 INFO Get Pass List Success
2021-02-05 17:17:50.5087 INFO Get User Success :harinagar_dis
2021-02-05 17:17:53.3869 INFO Get User Success :98-Harinagar Sugar Mills Limited(Distillery Division)
2021-02-05 17:17:53.4056 INFO Get RR List Success
2021-02-05 17:17:53.4158 INFO Get User Success :harinagar_dis
2021-02-05 17:17:54.7951 INFO Get User Success :98-Harinagar Sugar Mills Limited(Distillery Division)
2021-02-05 17:17:54.7951 INFO Get Product Master List Success
2021-02-05 17:17:54.8017 INFO Get State List Success
2021-02-05 17:17:54.8017 INFO Get NOC Sucess:37
2021-02-05 17:17:54.8017 INFO Get NOC Sucess:Req/WC/HDD/ETH-NOC/2020-2021//1
2021-02-05 17:17:54.8017 INFO Get User Success :harinagar_dis
2021-02-05 17:20:53.8745 INFO Get User Success :98-Harinagar Sugar Mills Limited(Distillery Division)
2021-02-05 17:20:54.0011 INFO Get User Success :harinagar_dis
2021-02-05 17:21:08.6281 INFO Get User Success :98-Harinagar Sugar Mills Limited(Distillery Division)
2021-02-05 17:21:08.6727 INFO Get User Success :harinagar_dis
2021-02-05 17:21:38.5209 INFO Get User Success :98-Harinagar Sugar Mills Limited(Distillery Division)
2021-02-05 17:21:38.5578 INFO Get User Success :harinagar_dis
2021-02-05 17:33:44.8651 INFO Get User Success :98-Harinagar Sugar Mills Limited(Distillery Division)
2021-02-05 17:33:44.9879 INFO Get User Success :harinagar_dis
2021-02-05 17:34:06.7772 INFO Get User Success :98-Harinagar Sugar Mills Limited(Distillery Division)
2021-02-05 17:34:06.8228 INFO Get User Success :harinagar_dis
2021-02-05 17:34:11.7979 INFO Get User Success :98-Harinagar Sugar Mills Limited(Distillery Division)
2021-02-05 17:34:11.8259 INFO Get User Success :harinagar_dis
2021-02-05 17:34:17.5055 INFO Get User Success :98-Harinagar Sugar Mills Limited(Distillery Division)
2021-02-05 17:34:17.5861 INFO Get User Success :harinagar_dis
2021-02-05 17:34:20.6416 INFO Get User Success :98-Harinagar Sugar Mills Limited(Distillery Division)
2021-02-05 17:34:22.1090 INFO Get User Success :98-Harinagar Sugar Mills Limited(Distillery Division)
2021-02-05 17:34:24.2596 INFO Get User Success :98-Harinagar Sugar Mills Limited(Distillery Division)
2021-02-05 17:34:26.6671 INFO Get User Success :98-Harinagar Sugar Mills Limited(Distillery Division)
2021-02-05 17:34:28.3465 INFO Get User Success :98-Harinagar Sugar Mills Limited(Distillery Division)
2021-02-05 17:34:28.3587 INFO Get User Success :harinagar_dis
2021-02-05 17:34:29.3946 INFO Get User Success :98-Harinagar Sugar Mills Limited(Distillery Division)
2021-02-05 17:34:29.3946 INFO Get User Success :harinagar_dis
2021-02-05 17:34:30.1058 INFO Get User Success :98-Harinagar Sugar Mills Limited(Distillery Division)
2021-02-05 17:34:30.1163 INFO Get User Success :harinagar_dis
2021-02-05 17:34:30.6765 INFO Get User Success :98-Harinagar Sugar Mills Limited(Distillery Division)
2021-02-05 17:34:30.6765 INFO Get Form84 List Success
2021-02-05 17:34:30.7014 INFO Get User Success :harinagar_dis
2021-02-05 17:34:31.2425 INFO Get User Success :98-Harinagar Sugar Mills Limited(Distillery Division)
2021-02-05 17:34:31.2425 INFO Get VAT Master List Success
2021-02-05 17:34:31.2592 INFO Get User Success :harinagar_dis
2021-02-05 17:34:32.2251 INFO Get User Success :98-Harinagar Sugar Mills Limited(Distillery Division)
2021-02-05 17:34:32.2421 INFO Get User Success :harinagar_dis
2021-02-05 17:34:32.7596 INFO Get User Success :98-Harinagar Sugar Mills Limited(Distillery Division)
2021-02-05 17:34:32.7805 INFO Get User Success :98-Harinagar Sugar Mills Limited(Distillery Division)
2021-02-05 17:34:32.7915 INFO Get User Success :harinagar_dis
2021-02-05 17:34:34.1416 INFO Get User Success :98-Harinagar Sugar Mills Limited(Distillery Division)
2021-02-05 17:34:34.1677 INFO Get User Success :harinagar_dis
2021-02-05 17:34:39.7947 INFO Get User Success :98-Harinagar Sugar Mills Limited(Distillery Division)
2021-02-05 17:34:39.8068 INFO Get User Success :harinagar_dis
