2021-02-26 09:49:01.6082 INFO Get User Success :107-HPCL Biofuels Limited, Distillery Division, EC
2021-02-26 09:49:01.6850 INFO Get User Success :107-HPCL Biofuels Limited, Distillery Division, EC
2021-02-26 09:49:01.7579 INFO Get User Success :hpcl_ec
2021-02-26 09:49:18.2481 INFO Get User Success :107-HPCL Biofuels Limited, Distillery Division, EC
2021-02-26 09:49:18.3111 INFO Get User Success :hpcl_ec
2021-02-26 09:50:03.1401 INFO Get User Success :107-HPCL Biofuels Limited, Distillery Division, EC
2021-02-26 09:50:03.1750 INFO Get User Success :hpcl_ec
2021-02-26 09:50:05.0719 INFO Get User Success :107-HPCL Biofuels Limited, Distillery Division, EC
2021-02-26 09:50:05.0898 INFO Get User Success :hpcl_ec
2021-02-26 09:50:11.2270 INFO Get UOM List Success
2021-02-26 09:50:11.2309 INFO Get User Success :107-HPCL Biofuels Limited, Distillery Division, EC
2021-02-26 09:50:11.2309 INFO Get Party Master List Success
2021-02-26 09:50:13.6197 INFO Get User Success :hpcl_ec
2021-02-26 09:50:43.7799 INFO Get User Success :107-HPCL Biofuels Limited, Distillery Division, EC
2021-02-26 09:50:43.7799 INFO Get User Success :hpcl_ec
2021-02-26 09:50:58.7368 INFO Get UOM List Success
2021-02-26 09:50:58.7368 INFO Get User Success :107-HPCL Biofuels Limited, Distillery Division, EC
2021-02-26 09:50:58.7368 INFO Get Party Master List Success
2021-02-26 09:51:03.6846 INFO Get User Success :hpcl_ec
2021-02-26 09:51:30.9991 INFO Get User Success :107-HPCL Biofuels Limited, Distillery Division, EC
2021-02-26 09:51:30.9991 INFO Get User Success :hpcl_ec
2021-02-26 09:51:39.0691 INFO Get UOM List Success
2021-02-26 09:51:39.0720 INFO Get User Success :107-HPCL Biofuels Limited, Distillery Division, EC
2021-02-26 09:51:39.0720 INFO Get Party Master List Success
2021-02-26 09:51:41.6953 INFO Get User Success :hpcl_ec
2021-02-26 09:51:50.0160 INFO Get User Success :107-HPCL Biofuels Limited, Distillery Division, EC
2021-02-26 09:51:50.0160 INFO Get User Success :hpcl_ec
2021-02-26 09:51:51.9484 INFO Get UOM List Success
2021-02-26 09:51:51.9484 INFO Get User Success :107-HPCL Biofuels Limited, Distillery Division, EC
2021-02-26 09:51:51.9484 INFO Get Party Master List Success
2021-02-26 09:52:20.1121 INFO Get User Success :hpcl_ec
2021-02-26 09:53:14.9299 INFO Get User Success :130-HPCL Biofuels Limited, EC
2021-02-26 09:53:14.9548 INFO Get User Success :130-HPCL Biofuels Limited, EC
2021-02-26 09:53:14.9688 INFO Get User Success :hpcl_ec_disbo
2021-02-26 09:53:16.6167 INFO Get User Success :130-HPCL Biofuels Limited, EC
2021-02-26 09:53:16.6423 INFO Get User Success :hpcl_ec_disbo
2021-02-26 09:53:18.0711 INFO Get User Success :130-HPCL Biofuels Limited, EC
2021-02-26 09:53:18.0771 INFO Get User Success :hpcl_ec_disbo
2021-02-26 09:53:19.4679 INFO Get UOM List Success
2021-02-26 09:53:19.4679 INFO Get User Success :130-HPCL Biofuels Limited, EC
2021-02-26 09:53:19.4679 INFO Get Party Master List Success
2021-02-26 09:53:23.2267 INFO Get User Success :hpcl_ec_disbo
2021-02-26 09:53:42.6789 INFO Get User Success :130-HPCL Biofuels Limited, EC
2021-02-26 09:53:42.6849 INFO Get User Success :hpcl_ec_disbo
2021-02-26 09:53:44.3382 INFO Get UOM List Success
2021-02-26 09:53:44.3382 INFO Get User Success :130-HPCL Biofuels Limited, EC
2021-02-26 09:53:44.3382 INFO Get Party Master List Success
2021-02-26 09:54:05.4661 INFO Get User Success :hpcl_ec_disbo
2021-02-26 09:55:46.8372 INFO Get User Success :130-HPCL Biofuels Limited, EC
2021-02-26 09:55:46.8432 INFO Get User Success :hpcl_ec_disbo
2021-02-26 09:56:04.8692 INFO Get User Success :107-HPCL Biofuels Limited, Distillery Division, EC
2021-02-26 09:56:04.8991 INFO Get User Success :107-HPCL Biofuels Limited, Distillery Division, EC
2021-02-26 09:56:04.9181 INFO Get User Success :hpcl_ec
2021-02-26 09:56:06.9032 INFO Get User Success :107-HPCL Biofuels Limited, Distillery Division, EC
2021-02-26 09:56:06.9312 INFO Get User Success :hpcl_ec
2021-02-26 09:56:09.6251 INFO Get User Success :107-HPCL Biofuels Limited, Distillery Division, EC
2021-02-26 09:56:09.6251 INFO Get User Success :hpcl_ec
2021-02-26 09:56:11.9811 INFO Get UOM List Success
2021-02-26 09:56:11.9811 INFO Get User Success :107-HPCL Biofuels Limited, Distillery Division, EC
2021-02-26 09:56:11.9811 INFO Get Party Master List Success
2021-02-26 09:56:14.1463 INFO Get User Success :hpcl_ec
2021-02-26 09:56:53.2002 INFO Get User Success :107-HPCL Biofuels Limited, Distillery Division, EC
2021-02-26 09:56:53.2002 INFO Get User Success :hpcl_ec
2021-02-26 09:57:04.6333 INFO Get User Success :130-HPCL Biofuels Limited, EC
2021-02-26 09:57:04.6595 INFO Get User Success :130-HPCL Biofuels Limited, EC
2021-02-26 09:57:04.6745 INFO Get User Success :hpcl_ec_disbo
2021-02-26 09:57:06.5832 INFO Get User Success :130-HPCL Biofuels Limited, EC
2021-02-26 09:57:06.6089 INFO Get User Success :hpcl_ec_disbo
2021-02-26 09:57:08.1210 INFO Get User Success :130-HPCL Biofuels Limited, EC
2021-02-26 09:57:08.1210 INFO Get User Success :hpcl_ec_disbo
2021-02-26 09:57:09.6502 INFO Get UOM List Success
2021-02-26 09:57:09.6502 INFO Get User Success :130-HPCL Biofuels Limited, EC
2021-02-26 09:57:09.6502 INFO Get Party Master List Success
2021-02-26 09:57:11.9387 INFO Get User Success :hpcl_ec_disbo
2021-02-26 09:57:40.6283 INFO Get User Success :130-HPCL Biofuels Limited, EC
2021-02-26 09:57:40.6283 INFO Get User Success :hpcl_ec_disbo
2021-02-26 09:58:01.5612 INFO Get User Success :107-HPCL Biofuels Limited, Distillery Division, EC
2021-02-26 09:58:01.5871 INFO Get User Success :107-HPCL Biofuels Limited, Distillery Division, EC
2021-02-26 09:58:01.6060 INFO Get User Success :hpcl_ec
2021-02-26 09:58:03.7320 INFO Get User Success :107-HPCL Biofuels Limited, Distillery Division, EC
2021-02-26 09:58:03.7629 INFO Get User Success :hpcl_ec
2021-02-26 09:58:05.3160 INFO Get User Success :107-HPCL Biofuels Limited, Distillery Division, EC
2021-02-26 09:58:05.3249 INFO Get User Success :hpcl_ec
2021-02-26 09:58:06.9255 INFO Get UOM List Success
2021-02-26 09:58:06.9255 INFO Get User Success :107-HPCL Biofuels Limited, Distillery Division, EC
2021-02-26 09:58:06.9315 INFO Get Party Master List Success
2021-02-26 09:58:08.9351 INFO Get User Success :hpcl_ec
2021-02-26 09:58:20.4646 INFO Get User Success :107-HPCL Biofuels Limited, Distillery Division, EC
2021-02-26 09:58:20.4646 INFO Get User Success :hpcl_ec
2021-02-26 09:58:21.9232 INFO Get UOM List Success
2021-02-26 09:58:21.9232 INFO Get User Success :107-HPCL Biofuels Limited, Distillery Division, EC
2021-02-26 09:58:21.9232 INFO Get Party Master List Success
2021-02-26 09:58:21.9351 INFO Get User Success :hpcl_ec
2021-02-26 10:01:46.5924 INFO Get User Success :107-HPCL Biofuels Limited, Distillery Division, EC
2021-02-26 10:01:46.6705 INFO Get User Success :107-HPCL Biofuels Limited, Distillery Division, EC
2021-02-26 10:01:46.7485 INFO Get User Success :hpcl_ec
2021-02-26 10:01:49.1262 INFO Get User Success :107-HPCL Biofuels Limited, Distillery Division, EC
2021-02-26 10:01:49.1896 INFO Get User Success :hpcl_ec
2021-02-26 10:01:50.7653 INFO Get User Success :107-HPCL Biofuels Limited, Distillery Division, EC
2021-02-26 10:01:50.7813 INFO Get User Success :hpcl_ec
2021-02-26 10:02:16.0593 INFO Get UOM List Success
2021-02-26 10:02:16.0593 INFO Get User Success :107-HPCL Biofuels Limited, Distillery Division, EC
2021-02-26 10:02:16.0593 INFO Get Party Master List Success
2021-02-26 10:02:16.0790 INFO Get User Success :hpcl_ec
2021-02-26 10:23:15.6745 INFO Get User Success :107-HPCL Biofuels Limited, Distillery Division, EC
2021-02-26 10:23:15.7506 INFO Get User Success :107-HPCL Biofuels Limited, Distillery Division, EC
2021-02-26 10:23:15.8230 INFO Get User Success :hpcl_ec
2021-02-26 10:23:20.5546 INFO Get User Success :107-HPCL Biofuels Limited, Distillery Division, EC
2021-02-26 10:23:20.6222 INFO Get User Success :hpcl_ec
2021-02-26 10:38:32.3816 INFO Get User Success :107-HPCL Biofuels Limited, Distillery Division, EC
2021-02-26 10:38:32.4717 INFO Get User Success :107-HPCL Biofuels Limited, Distillery Division, EC
2021-02-26 10:38:32.5500 INFO Get User Success :hpcl_ec
2021-02-26 10:38:35.4117 INFO Get User Success :107-HPCL Biofuels Limited, Distillery Division, EC
2021-02-26 10:38:35.4806 INFO Get User Success :hpcl_ec
2021-02-26 10:38:37.0165 INFO Get User Success :107-HPCL Biofuels Limited, Distillery Division, EC
2021-02-26 10:38:37.0334 INFO Get User Success :hpcl_ec
2021-02-26 10:38:40.4754 INFO Get UOM List Success
2021-02-26 10:38:40.4794 INFO Get User Success :107-HPCL Biofuels Limited, Distillery Division, EC
2021-02-26 10:38:40.4794 INFO Get Party Master List Success
2021-02-26 10:38:43.4881 INFO Get User Success :hpcl_ec
2021-02-26 10:39:23.8623 INFO Get User Success :98-Harinagar Sugar Mills Limited(Distillery Division)
2021-02-26 10:39:23.9419 INFO Get User Success :98-Harinagar Sugar Mills Limited(Distillery Division)
2021-02-26 10:39:24.0395 INFO Get User Success :harinagar_dis
2021-02-26 10:39:26.1148 INFO Get User Success :98-Harinagar Sugar Mills Limited(Distillery Division)
2021-02-26 10:39:26.1431 INFO Get User Success :harinagar_dis
2021-02-26 10:39:27.7816 INFO Get User Success :98-Harinagar Sugar Mills Limited(Distillery Division)
2021-02-26 10:39:27.7816 INFO Get User Success :harinagar_dis
2021-02-26 10:39:30.6885 INFO Get UOM List Success
2021-02-26 10:39:30.6885 INFO Get User Success :98-Harinagar Sugar Mills Limited(Distillery Division)
2021-02-26 10:39:30.6885 INFO Get Party Master List Success
2021-02-26 10:39:30.6995 INFO Get User Success :harinagar_dis
2021-02-26 10:44:39.9099 INFO Get User Success :98-Harinagar Sugar Mills Limited(Distillery Division)
2021-02-26 10:44:39.9158 INFO Get User Success :harinagar_dis
2021-02-26 12:01:24.3250 INFO Get User Success :107-HPCL Biofuels Limited, Distillery Division, EC
2021-02-26 12:01:24.4377 INFO Get User Success :107-HPCL Biofuels Limited, Distillery Division, EC
2021-02-26 12:01:24.5404 INFO Get User Success :hpcl_ec
2021-02-26 12:01:29.0466 INFO Get User Success :107-HPCL Biofuels Limited, Distillery Division, EC
2021-02-26 12:03:01.3819 INFO Get User Success :hpcl_ec
2021-02-26 12:03:09.0718 INFO Get User Success :98-Harinagar Sugar Mills Limited(Distillery Division)
2021-02-26 12:03:09.0988 INFO Get User Success :98-Harinagar Sugar Mills Limited(Distillery Division)
2021-02-26 12:03:09.1836 INFO Get User Success :harinagar_dis
2021-02-26 12:03:11.6485 INFO Get User Success :98-Harinagar Sugar Mills Limited(Distillery Division)
2021-02-26 12:03:29.1563 INFO Get User Success :harinagar_dis
2021-02-26 12:03:50.0527 INFO Get User Success :98-Harinagar Sugar Mills Limited(Distillery Division)
2021-02-26 12:03:50.0687 INFO Get User Success :harinagar_dis
2021-02-26 12:03:51.0723 INFO Get User Success :98-Harinagar Sugar Mills Limited(Distillery Division)
2021-02-26 12:03:51.0953 INFO Get User Success :98-Harinagar Sugar Mills Limited(Distillery Division)
2021-02-26 12:05:05.3480 INFO Get User Success :harinagar_dis
2021-02-26 12:05:35.9268 INFO Get User Success :44-Administrator
2021-02-26 12:05:35.9609 INFO Get User Success :44-Administrator
2021-02-26 12:05:37.9771 INFO Get Party Type Master List Success
2021-02-26 12:05:39.1615 INFO Get Party Master List Success
2021-02-26 12:05:44.3850 INFO Get Party Master List Success
2021-02-26 12:05:47.8927 INFO Get Party Type Master List Success
2021-02-26 12:05:47.9057 INFO Get Party Master Details Success
2021-02-26 12:05:47.9226 INFO GetFinacListValues Success
2021-02-26 12:05:50.1738 INFO Get Party Master List Success
2021-02-26 12:05:57.3364 INFO Get Party Type Master List Success
2021-02-26 12:05:57.3416 INFO Get Party Master Details Success
2021-02-26 12:05:57.3416 INFO GetFinacListValues Success
2021-02-26 12:05:59.3319 INFO Get Party Master List Success
2021-02-26 12:06:06.3804 INFO Get Party Type Master List Success
2021-02-26 12:06:06.3864 INFO Get Party Master Details Success
2021-02-26 12:06:06.3864 INFO Get Party Master List Success
2021-02-26 12:06:06.3864 INFO GetFinacListValues Success
2021-02-26 12:06:08.7834 INFO Get Party Master List Success
2021-02-26 12:06:16.1296 INFO Get Party Master List Success
2021-02-26 12:13:36.2104 INFO Get User Success :44-Administrator
2021-02-26 12:13:54.4504 INFO Get User Success :109-Sona Sati Organics Pvt Ltd
2021-02-26 12:13:54.4754 INFO Get User Success :109-Sona Sati Organics Pvt Ltd
2021-02-26 12:13:54.7903 INFO Get User Success :sonasati_dis
2021-02-26 12:13:57.2631 INFO Get User Success :109-Sona Sati Organics Pvt Ltd
2021-02-26 12:13:59.2267 INFO Get User Success :sonasati_dis
2021-02-26 12:14:13.9054 INFO Get User Success :109-Sona Sati Organics Pvt Ltd
2021-02-26 12:14:13.9393 INFO Get User Success :109-Sona Sati Organics Pvt Ltd
2021-02-26 12:14:14.2209 INFO Get User Success :sonasati_dis
2021-02-26 12:14:16.9827 INFO Get User Success :109-Sona Sati Organics Pvt Ltd
2021-02-26 12:16:59.7689 INFO Get User Success :sonasati_dis
2021-02-26 12:18:22.2288 INFO Get User Success :339-Bihar Distillers & Bottlers Pvt. Ltd - Unit- 1
2021-02-26 12:18:22.3085 INFO Get User Success :339-Bihar Distillers & Bottlers Pvt. Ltd - Unit- 1
2021-02-26 12:18:22.3664 INFO Get User Success :bdbl_dis
2021-02-26 12:18:29.1535 INFO Get User Success :339-Bihar Distillers & Bottlers Pvt. Ltd - Unit- 1
2021-02-26 12:19:28.0720 INFO Get User Success :bdbl_dis
2021-02-26 12:22:34.7373 INFO Get User Success :339-Bihar Distillers & Bottlers Pvt. Ltd - Unit- 1
2021-02-26 12:22:34.7373 INFO Get User Success :bdbl_dis
2021-02-26 12:22:35.7827 INFO Get User Success :339-Bihar Distillers & Bottlers Pvt. Ltd - Unit- 1
2021-02-26 12:22:35.8226 INFO Get User Success :339-Bihar Distillers & Bottlers Pvt. Ltd - Unit- 1
2021-02-26 12:29:12.2069 INFO Get User Success :339-Bihar Distillers & Bottlers Pvt. Ltd - Unit- 1
2021-02-26 12:29:12.2856 INFO Get User Success :339-Bihar Distillers & Bottlers Pvt. Ltd - Unit- 1
2021-02-26 12:29:12.3375 INFO Get User Success :bdbl_dis
2021-02-26 12:29:14.5374 INFO Get User Success :339-Bihar Distillers & Bottlers Pvt. Ltd - Unit- 1
2021-02-26 12:29:29.3914 INFO Get User Success :339-Bihar Distillers & Bottlers Pvt. Ltd - Unit- 1
2021-02-26 12:32:02.6934 INFO Get User Success :339-Bihar Distillers & Bottlers Pvt. Ltd - Unit- 1
2021-02-26 12:32:02.7731 INFO Get User Success :339-Bihar Distillers & Bottlers Pvt. Ltd - Unit- 1
2021-02-26 12:32:02.8366 INFO Get User Success :bdbl_dis
2021-02-26 12:32:06.8863 INFO Get User Success :339-Bihar Distillers & Bottlers Pvt. Ltd - Unit- 1
2021-02-26 12:32:10.1038 INFO Get User Success :339-Bihar Distillers & Bottlers Pvt. Ltd - Unit- 1
2021-02-26 12:32:10.8868 INFO Get User Success :bdbl_dis
2021-02-26 12:32:57.2818 INFO Get User Success :339-Bihar Distillers & Bottlers Pvt. Ltd - Unit- 1
2021-02-26 12:32:59.0590 INFO Get User Success :339-Bihar Distillers & Bottlers Pvt. Ltd - Unit- 1
2021-02-26 12:32:59.7961 INFO Get User Success :bdbl_dis
2021-02-26 12:33:20.9383 INFO Get User Success :339-Bihar Distillers & Bottlers Pvt. Ltd - Unit- 1
2021-02-26 12:33:22.5251 INFO Get User Success :bdbl_dis
2021-02-26 12:34:47.7252 INFO Get User Success :339-Bihar Distillers & Bottlers Pvt. Ltd - Unit- 1
2021-02-26 12:34:49.3908 INFO Get User Success :bdbl_dis
2021-02-26 12:34:53.5931 INFO Get User Success :339-Bihar Distillers & Bottlers Pvt. Ltd - Unit- 1
2021-02-26 12:34:53.5931 INFO Get User Success :bdbl_dis
2021-02-26 12:34:55.1396 INFO Get User Success :339-Bihar Distillers & Bottlers Pvt. Ltd - Unit- 1
2021-02-26 12:34:55.1795 INFO Get User Success :339-Bihar Distillers & Bottlers Pvt. Ltd - Unit- 1
2021-02-26 12:34:55.2084 INFO Get VAT Master List Success
2021-02-26 12:34:55.2154 INFO Get User Success :bdbl_dis
2021-02-26 12:34:56.2778 INFO Get User Success :339-Bihar Distillers & Bottlers Pvt. Ltd - Unit- 1
2021-02-26 12:34:56.2778 INFO Get Form84 List Success
2021-02-26 12:34:56.2968 INFO Get User Success :bdbl_dis
2021-02-26 12:34:57.0579 INFO Get User Success :339-Bihar Distillers & Bottlers Pvt. Ltd - Unit- 1
2021-02-26 12:34:57.0579 INFO Get User Success :bdbl_dis
2021-02-26 12:34:57.7474 INFO Get User Success :339-Bihar Distillers & Bottlers Pvt. Ltd - Unit- 1
2021-02-26 12:34:57.7712 INFO Get User Success :339-Bihar Distillers & Bottlers Pvt. Ltd - Unit- 1
2021-02-26 12:34:58.9536 INFO Get User Success :339-Bihar Distillers & Bottlers Pvt. Ltd - Unit- 1
2021-02-26 12:34:59.6589 INFO Get User Success :bdbl_dis
2021-02-26 12:35:07.6455 INFO Get User Success :339-Bihar Distillers & Bottlers Pvt. Ltd - Unit- 1
2021-02-26 12:35:07.6525 INFO Get User Success :bdbl_dis
2021-02-26 12:35:08.6154 INFO Get User Success :339-Bihar Distillers & Bottlers Pvt. Ltd - Unit- 1
2021-02-26 12:35:08.6363 INFO Get User Success :339-Bihar Distillers & Bottlers Pvt. Ltd - Unit- 1
2021-02-26 12:35:19.1089 INFO Get User Success :339-Bihar Distillers & Bottlers Pvt. Ltd - Unit- 1
2021-02-26 12:35:31.8375 INFO Get User Success :bdbl_dis
2021-02-26 12:37:48.9560 INFO Get User Success :339-Bihar Distillers & Bottlers Pvt. Ltd - Unit- 1
2021-02-26 13:24:45.0248 INFO Get User Success :339-Bihar Distillers & Bottlers Pvt. Ltd - Unit- 1
2021-02-26 13:24:45.1103 INFO Get User Success :339-Bihar Distillers & Bottlers Pvt. Ltd - Unit- 1
2021-02-26 13:24:45.1871 INFO Get User Success :bdbl_dis
2021-02-26 13:24:48.9268 INFO Get User Success :339-Bihar Distillers & Bottlers Pvt. Ltd - Unit- 1
2021-02-26 13:24:50.2610 INFO Get User Success :339-Bihar Distillers & Bottlers Pvt. Ltd - Unit- 1
2021-02-26 13:24:51.0178 INFO Get User Success :bdbl_dis
2021-02-26 13:24:57.0629 INFO Get UOM List Success
2021-02-26 13:24:57.0629 INFO Get User Success :339-Bihar Distillers & Bottlers Pvt. Ltd - Unit- 1
2021-02-26 13:24:57.0629 INFO Get Party Master List Success
2021-02-26 13:24:57.0778 INFO Get User Success :bdbl_dis
2021-02-26 15:18:11.4179 INFO Get User Success :109-Sona Sati Organics Pvt Ltd
2021-02-26 15:18:11.5086 INFO Get User Success :109-Sona Sati Organics Pvt Ltd
2021-02-26 15:18:11.8048 INFO Get User Success :sonasati_dis
2021-02-26 15:18:39.5054 INFO Get User Success :109-Sona Sati Organics Pvt Ltd
2021-02-26 15:19:20.0226 INFO Get User Success :97-Harinagar Sugar Mills Ltd
2021-02-26 15:19:20.0516 INFO Get User Success :97-Harinagar Sugar Mills Ltd
2021-02-26 15:19:20.0784 INFO Get User Success :harinagar_sgr
2021-02-26 15:19:22.5603 INFO Sugarcanepurchase Get List Success
2021-02-26 15:19:22.5603 INFO Get User Success :97-Harinagar Sugar Mills Ltd
2021-02-26 15:19:22.6044 INFO Get User Success :harinagar_sgr
2021-02-26 15:19:29.9794 INFO Get Party Master List Success
2021-02-26 15:19:29.9794 INFO Get User Success :97-Harinagar Sugar Mills Ltd
2021-02-26 15:21:29.0262 INFO Sugarcanepurchase Get List Success
2021-02-26 15:22:26.7398 INFO Get User Success :harinagar_sgr
2021-02-26 15:23:16.8462 INFO Sugarcanepurchase Get List Success
2021-02-26 15:23:16.8462 INFO Get User Success :97-Harinagar Sugar Mills Ltd
2021-02-26 15:23:16.8554 INFO Get User Success :harinagar_sgr
2021-02-26 15:23:18.8581 INFO Get Party Master List Success
2021-02-26 15:23:18.8581 INFO Get User Success :97-Harinagar Sugar Mills Ltd
2021-02-26 15:23:21.7144 INFO Sugarcanepurchase Get List Success
2021-02-26 15:29:08.3516 INFO Get User Success :harinagar_sgr
2021-02-26 15:29:22.4624 INFO Sugarcanepurchase Get List Success
2021-02-26 15:29:22.4669 INFO Get User Success :97-Harinagar Sugar Mills Ltd
2021-02-26 15:29:22.4669 INFO Get User Success :harinagar_sgr
2021-02-26 15:29:25.1726 INFO Get Party Master List Success
2021-02-26 15:29:25.1726 INFO Get User Success :97-Harinagar Sugar Mills Ltd
2021-02-26 15:29:28.6097 INFO Sugarcanepurchase Get List Success
2021-02-26 15:29:56.8332 INFO Get User Success :harinagar_sgr
2021-02-26 15:30:26.9261 INFO Sugarcanepurchase Get List Success
2021-02-26 15:30:26.9261 INFO Get User Success :97-Harinagar Sugar Mills Ltd
2021-02-26 15:30:26.9355 INFO Get User Success :harinagar_sgr
2021-02-26 15:30:29.6432 INFO Get Party Master List Success
2021-02-26 15:30:29.6432 INFO Get User Success :97-Harinagar Sugar Mills Ltd
2021-02-26 15:30:31.2712 INFO Sugarcanepurchase Get List Success
2021-02-26 15:34:19.4528 INFO Get User Success :harinagar_sgr
2021-02-26 15:34:35.0872 INFO Get User Success :117-HPCL Biofuels Limited, WC
2021-02-26 15:34:35.1165 INFO Get User Success :117-HPCL Biofuels Limited, WC
2021-02-26 15:34:35.1585 INFO Get User Success :hpcl_wc_sgr
2021-02-26 15:34:38.6229 INFO Sugarcanepurchase Get List Success
2021-02-26 15:34:38.6229 INFO Get User Success :117-HPCL Biofuels Limited, WC
2021-02-26 15:34:38.6229 INFO Get User Success :hpcl_wc_sgr
2021-02-26 15:34:52.3349 INFO Get Party Master List Success
2021-02-26 15:34:52.3379 INFO Get User Success :117-HPCL Biofuels Limited, WC
2021-02-26 15:35:59.7138 INFO Sugarcanepurchase Get List Success
2021-02-26 15:36:26.9688 INFO Get User Success :hpcl_wc_sgr
2021-02-26 15:39:51.3882 INFO Get User Success :117-HPCL Biofuels Limited, WC
2021-02-26 15:39:51.4700 INFO Get User Success :117-HPCL Biofuels Limited, WC
2021-02-26 15:39:51.5418 INFO Get User Success :hpcl_wc_sgr
2021-02-26 15:39:54.8517 INFO Sugarcanepurchase Get List Success
2021-02-26 15:39:54.8547 INFO Get User Success :117-HPCL Biofuels Limited, WC
2021-02-26 15:39:54.8985 INFO Get User Success :hpcl_wc_sgr
2021-02-26 15:40:06.3473 INFO Sugarcanepurchase Get List Success
2021-02-26 15:40:06.3473 INFO Get User Success :117-HPCL Biofuels Limited, WC
2021-02-26 15:40:12.0048 INFO Get Party Master List Success
2021-02-26 15:40:12.0118 INFO Get User Success :117-HPCL Biofuels Limited, WC
2021-02-26 15:40:15.7525 INFO Sugarcanepurchase Get List Success
2021-02-26 15:40:16.3678 INFO Get User Success :hpcl_wc_sgr
2021-02-26 15:40:45.3080 INFO Sugarcanepurchase Get List Success
2021-02-26 15:40:45.3080 INFO Get User Success :117-HPCL Biofuels Limited, WC
2021-02-26 15:40:45.3080 INFO Get User Success :hpcl_wc_sgr
2021-02-26 15:40:51.2957 INFO Sugarcanepurchase Get List Success
2021-02-26 15:40:51.2957 INFO Get User Success :117-HPCL Biofuels Limited, WC
2021-02-26 15:40:54.1356 INFO Get Party Master List Success
2021-02-26 15:40:54.1356 INFO Get User Success :117-HPCL Biofuels Limited, WC
2021-02-26 15:42:19.0929 INFO Sugarcanepurchase Get List Success
2021-02-26 15:42:56.1249 INFO Get User Success :hpcl_wc_sgr
