2021-05-13 12:12:39.6011 INFO Get User Success :108-New Swadeshi Distillery Unit
2021-05-13 12:12:39.7516 INFO Get User Success :108-New Swadeshi Distillery Unit
2021-05-13 12:12:39.8282 INFO Get User Success :newswadeshi_dis
2021-05-13 12:13:22.1053 INFO Get User Success :108-New Swadeshi Distillery Unit
2021-05-13 12:13:22.2060 INFO Get User Success :newswadeshi_dis
2021-05-13 12:13:22.7546 INFO Get User Success :108-New Swadeshi Distillery Unit
2021-05-13 12:13:22.7995 INFO Get User Success :newswadeshi_dis
2021-05-13 12:13:24.8304 INFO Get User Success :108-New Swadeshi Distillery Unit
2021-05-13 12:13:24.8744 INFO Get User Success :newswadeshi_dis
2021-05-13 12:13:33.4171 INFO Get User Success :108-New Swadeshi Distillery Unit
2021-05-13 12:13:33.4840 INFO Get VAT Master List Success
2021-05-13 12:13:33.5032 INFO Get User Success :newswadeshi_dis
2021-05-13 12:13:38.0589 INFO Get User Success :108-New Swadeshi Distillery Unit
2021-05-13 12:13:38.0643 INFO Get VAT Master List Success
2021-05-13 12:13:38.1978 INFO Get User Success :newswadeshi_dis
2021-05-13 12:13:51.7512 INFO Get User Success :108-New Swadeshi Distillery Unit
2021-05-13 12:13:51.7779 INFO Get Form84 List Success
2021-05-13 12:13:51.8028 INFO Get User Success :newswadeshi_dis
2021-05-13 12:13:54.5536 INFO Get User Success :108-New Swadeshi Distillery Unit
2021-05-13 12:13:54.5536 INFO Get VAT Master List Success
2021-05-13 12:13:54.5655 INFO Get User Success :newswadeshi_dis
2021-05-13 12:13:57.2983 INFO Get User Success :108-New Swadeshi Distillery Unit
2021-05-13 12:13:57.2983 INFO Get VAT Master List Success
2021-05-13 12:13:57.3182 INFO Get User Success :newswadeshi_dis
2021-05-13 12:14:06.8717 INFO Get User Success :108-New Swadeshi Distillery Unit
2021-05-13 12:14:06.8796 INFO Get Form84 List Success
2021-05-13 12:14:06.8796 INFO Get User Success :newswadeshi_dis
2021-05-13 12:14:09.2516 INFO Get User Success :108-New Swadeshi Distillery Unit
2021-05-13 12:14:09.2516 INFO Get VAT Master List Success
2021-05-13 12:14:09.2516 INFO Get User Success :newswadeshi_dis
2021-05-13 12:14:23.9096 INFO Get VAT Master List Success
2021-05-13 12:14:51.6526 INFO Get VAT Master List Success
2021-05-13 12:14:51.6556 INFO Get VAT Master List Success
2021-05-13 12:18:43.3287 INFO Get VAT Master List Fail :A command is already in progress: SELECT distinct(a.to_storagevat) ,d.vat_name,a.moved_to_nextstage FROM exciseautomation.fermenter_receiver_output a inner join  exciseautomation.fermenter_receiver b on a.fermenter_receiver_id=b.fermenter_receiver_id inner join  exciseautomation.party_master c on b.party_code=c.party_code inner join exciseautomation.vat_master d on a.to_storagevat=d.vat_code where b.party_code='NSD' and a.removal_date='13-05-2021'
2021-05-13 12:19:44.8715 INFO Get VAT Master List Fail :A command is already in progress: SELECT distinct(a.to_storagevat) ,d.vat_name,a.moved_to_nextstage FROM exciseautomation.fermenter_receiver_output a inner join  exciseautomation.fermenter_receiver b on a.fermenter_receiver_id=b.fermenter_receiver_id inner join  exciseautomation.party_master c on b.party_code=c.party_code inner join exciseautomation.vat_master d on a.to_storagevat=d.vat_code where b.party_code='NSD' and a.removal_date='13-05-2021'
2021-05-13 12:20:01.2462 INFO Get VAT Master List Success
2021-05-13 12:21:00.9126 INFO Get VAT Master List Success
2021-05-13 12:22:25.1914 INFO Get VAT Master List Success
2021-05-13 12:23:16.6722 INFO Get User Success :108-New Swadeshi Distillery Unit
2021-05-13 12:23:16.6722 INFO Get VAT Master List Success
2021-05-13 12:23:16.6722 INFO Get User Success :newswadeshi_dis
2021-05-13 12:23:26.3000 INFO Get VAT Master List Success
2021-05-13 12:24:28.2347 INFO Get VAT Master List Success
2021-05-13 12:25:02.1519 INFO Get VAT Master List Success
2021-05-13 12:25:19.3258 INFO Get VAT Master List Success
2021-05-13 12:25:50.3081 INFO Get VAT Master List Success
2021-05-13 12:26:45.1930 INFO Get User Success :108-New Swadeshi Distillery Unit
2021-05-13 12:26:45.2020 INFO Get Form84 List Success
2021-05-13 12:26:45.2020 INFO Get User Success :newswadeshi_dis
2021-05-13 12:28:28.5660 INFO Get User Success :108-New Swadeshi Distillery Unit
2021-05-13 12:28:28.8673 INFO Get User Success :108-New Swadeshi Distillery Unit
2021-05-13 12:28:28.9205 INFO Get User Success :newswadeshi_dis
2021-05-13 12:28:38.2690 INFO Get User Success :108-New Swadeshi Distillery Unit
2021-05-13 12:28:38.3534 INFO Get User Success :newswadeshi_dis
2021-05-13 12:28:42.4212 INFO Get User Success :108-New Swadeshi Distillery Unit
2021-05-13 12:28:42.4374 INFO Get Form84 List Success
2021-05-13 12:28:42.4511 INFO Get User Success :newswadeshi_dis
2021-05-13 12:28:49.4170 INFO Get User Success :108-New Swadeshi Distillery Unit
2021-05-13 12:28:49.4203 INFO Get VAT Master List Success
2021-05-13 12:28:49.4203 INFO Get User Success :newswadeshi_dis
2021-05-13 12:29:01.4378 INFO Get VAT Master List Success
2021-05-13 12:29:08.7684 INFO Get VAT Master List Success
2021-05-13 12:29:09.8463 INFO Get VAT Master List Success
2021-05-13 12:29:22.6190 INFO Get VAT Master List Success
2021-05-13 12:29:23.5885 INFO Get VAT Master List Success
2021-05-13 12:29:32.9481 INFO Get VAT Master List Success
2021-05-13 12:29:34.1223 INFO Get VAT Master List Success
2021-05-13 12:29:54.7387 INFO Get User Success :108-New Swadeshi Distillery Unit
2021-05-13 12:29:54.7476 INFO Get Form84 List Success
2021-05-13 12:29:54.7476 INFO Get User Success :newswadeshi_dis
2021-05-13 12:30:10.3655 INFO Get User Success :108-New Swadeshi Distillery Unit
2021-05-13 12:30:10.3655 INFO Get VAT Master List Success
2021-05-13 12:30:10.3655 INFO Get VAT Master List Success
2021-05-13 12:30:10.3655 INFO Get VAT Master List Success
2021-05-13 12:30:10.3735 INFO Get VAT Master List Success
2021-05-13 12:30:10.3735 INFO Get User Success :newswadeshi_dis
2021-05-13 12:30:14.4925 INFO Get User Success :108-New Swadeshi Distillery Unit
2021-05-13 12:30:14.5015 INFO Get Form84 List Success
2021-05-13 12:30:14.5015 INFO Get User Success :newswadeshi_dis
2021-05-13 12:30:16.7723 INFO Get User Success :108-New Swadeshi Distillery Unit
2021-05-13 12:30:16.7723 INFO Get VAT Master List Success
2021-05-13 12:30:16.7723 INFO Get VAT Master List Success
2021-05-13 12:30:16.7784 INFO Get VAT Master List Success
2021-05-13 12:30:16.7784 INFO Get VAT Master List Success
2021-05-13 12:30:16.7784 INFO Get User Success :newswadeshi_dis
2021-05-13 12:30:19.2531 INFO Get User Success :108-New Swadeshi Distillery Unit
2021-05-13 12:30:19.2531 INFO Get Form84 List Success
2021-05-13 12:30:19.2686 INFO Get User Success :newswadeshi_dis
2021-05-13 12:30:27.3533 INFO Get User Success :108-New Swadeshi Distillery Unit
2021-05-13 12:30:27.3533 INFO Get VAT Master List Success
2021-05-13 12:30:27.3573 INFO Get VAT Master List Success
2021-05-13 12:30:27.3573 INFO Get VAT Master List Success
2021-05-13 12:30:27.3573 INFO Get User Success :newswadeshi_dis
2021-05-13 12:30:30.6557 INFO Get User Success :108-New Swadeshi Distillery Unit
2021-05-13 12:30:30.6557 INFO Get Form84 List Success
2021-05-13 12:30:30.6717 INFO Get User Success :newswadeshi_dis
2021-05-13 12:34:39.7769 INFO Get User Success :108-New Swadeshi Distillery Unit
2021-05-13 12:34:39.7769 INFO Get VAT Master List Success
2021-05-13 12:34:39.7799 INFO Get VAT Master List Success
2021-05-13 12:34:39.7799 INFO Get VAT Master List Success
2021-05-13 12:34:39.7799 INFO Get VAT Master List Success
2021-05-13 12:36:13.4558 INFO Get VAT Master List Success
2021-05-13 12:36:25.2377 INFO Get VAT Master List Success
2021-05-13 12:36:25.2377 INFO Get User Success :newswadeshi_dis
2021-05-13 12:36:39.2442 INFO Get User Success :108-New Swadeshi Distillery Unit
2021-05-13 12:36:39.2532 INFO Get Form84 List Success
2021-05-13 12:36:39.2532 INFO Get User Success :newswadeshi_dis
2021-05-13 12:36:41.8071 INFO Get User Success :108-New Swadeshi Distillery Unit
2021-05-13 12:36:41.8071 INFO Get VAT Master List Success
2021-05-13 12:36:41.8140 INFO Get User Success :newswadeshi_dis
2021-05-13 12:36:46.9582 INFO Get VAT Master List Success
2021-05-13 12:36:55.4694 INFO Get VAT Master List Success
2021-05-13 12:36:57.6699 INFO Get VAT Master List Success
2021-05-13 12:37:08.7551 INFO Get VAT Master List Success
2021-05-13 12:37:15.3195 INFO Get VAT Master List Success
2021-05-13 12:37:16.3658 INFO Get VAT Master List Success
2021-05-13 12:37:22.3262 INFO Get User Success :108-New Swadeshi Distillery Unit
2021-05-13 12:37:22.3262 INFO Get Form84 List Success
2021-05-13 12:37:22.3262 INFO Get User Success :newswadeshi_dis
2021-05-13 12:37:24.3077 INFO Get User Success :108-New Swadeshi Distillery Unit
2021-05-13 12:37:24.3127 INFO Get VAT Master List Success
2021-05-13 12:37:24.3127 INFO Get VAT Master List Success
2021-05-13 12:37:24.3127 INFO Get VAT Master List Success
2021-05-13 12:37:29.3968 INFO Get VAT Master List Success
2021-05-13 12:37:31.4434 INFO Get VAT Master List Success
2021-05-13 12:37:31.4513 INFO Get User Success :newswadeshi_dis
2021-05-13 12:53:58.1219 INFO Get User Success :108-New Swadeshi Distillery Unit
2021-05-13 12:53:58.3226 INFO Get User Success :108-New Swadeshi Distillery Unit
2021-05-13 12:53:58.3746 INFO Get User Success :newswadeshi_dis
2021-05-13 12:54:08.8083 INFO Get User Success :108-New Swadeshi Distillery Unit
2021-05-13 12:54:08.8950 INFO Get User Success :newswadeshi_dis
2021-05-13 12:54:12.6536 INFO Get User Success :108-New Swadeshi Distillery Unit
2021-05-13 12:54:12.6695 INFO Get Form84 List Success
2021-05-13 12:54:12.6695 INFO Get User Success :newswadeshi_dis
2021-05-13 12:54:16.0050 INFO Get User Success :108-New Swadeshi Distillery Unit
2021-05-13 12:54:16.0050 INFO Get VAT Master List Success
2021-05-13 12:54:16.0169 INFO Get User Success :newswadeshi_dis
2021-05-13 12:54:24.5228 INFO Get VAT Master List Success
2021-05-13 12:54:30.5297 INFO Get VAT Master List Success
2021-05-13 12:54:31.6523 INFO Get VAT Master List Success
