2021-02-16 10:30:48.2074 INFO Get User Success :99-Assistant Commissioner
2021-02-16 10:30:50.6827 INFO Get User Success :99-Assistant Commissioner
2021-02-16 10:30:50.7326 INFO Get User Success :wcedo
2021-02-16 10:31:00.0206 INFO Get User Success :99-Assistant Commissioner
2021-02-16 10:32:10.4530 INFO Get User Success :99-Assistant Commissioner
2021-02-16 10:32:10.4643 INFO Check WorkFlow List Success
2021-02-16 10:32:10.5179 INFO Get RR List Success
2021-02-16 10:32:10.6038 INFO Get User Success :wcedo
2021-02-16 10:44:48.1254 INFO Get User Success :99-Assistant Commissioner
2021-02-16 10:44:53.1699 INFO Get User Success :99-Assistant Commissioner
2021-02-16 10:44:53.2111 INFO Get User Success :wcedo
2021-02-16 10:44:56.9067 INFO Get User Success :99-Assistant Commissioner
2021-02-16 10:45:11.2285 INFO Get User Success :99-Assistant Commissioner
2021-02-16 10:45:11.2459 INFO Check WorkFlow List Success
2021-02-16 10:45:11.3262 INFO Get RR List Success
2021-02-16 10:45:11.3910 INFO Get User Success :wcedo
2021-02-16 10:45:24.6049 INFO Get User Success :99-Assistant Commissioner
2021-02-16 10:45:24.6049 INFO Check WorkFlow List Success
2021-02-16 10:45:24.6461 INFO Get RR List Success
2021-02-16 10:45:24.6461 INFO Get User Success :wcedo
2021-02-16 10:45:26.7324 INFO Get User Success :99-Assistant Commissioner
2021-02-16 10:45:26.7324 INFO Check WorkFlow List Success
2021-02-16 10:45:26.7721 INFO Get RR List Success
2021-02-16 10:45:26.7721 INFO Get User Success :wcedo
2021-02-16 10:45:29.9541 INFO Get User Success :99-Assistant Commissioner
2021-02-16 10:45:29.9541 INFO Check WorkFlow List Success
2021-02-16 10:45:29.9969 INFO Get RR List Success
2021-02-16 10:45:31.8058 INFO Get User Success :99-Assistant Commissioner
2021-02-16 10:45:31.8058 INFO Check WorkFlow List Success
2021-02-16 10:45:31.8492 INFO Get RR List Success
2021-02-16 10:45:32.6617 INFO Get User Success :99-Assistant Commissioner
2021-02-16 10:45:32.6617 INFO Check WorkFlow List Success
2021-02-16 10:45:32.7047 INFO Get RR List Success
2021-02-16 10:45:53.1658 INFO Get User Success :99-Assistant Commissioner
2021-02-16 10:47:48.1648 INFO Get User Success :99-Assistant Commissioner
2021-02-16 10:47:48.2476 INFO Get User Success :99-Assistant Commissioner
2021-02-16 10:47:48.2908 INFO Get User Success :wcedo
2021-02-16 10:47:50.5236 INFO Get User Success :99-Assistant Commissioner
2021-02-16 10:47:52.9259 INFO Get User Success :99-Assistant Commissioner
2021-02-16 10:47:55.6232 INFO Check WorkFlow List Success
2021-02-16 10:47:55.6819 INFO Get RR List Success
2021-02-16 10:47:55.7011 INFO Get User Success :wcedo
2021-02-16 10:47:59.4695 INFO Get User Success :99-Assistant Commissioner
2021-02-16 10:48:04.7318 INFO Check WorkFlow List Success
2021-02-16 10:48:20.3092 INFO Get RR List Success
2021-02-16 10:49:43.8185 INFO Get RR List Success
2021-02-16 10:49:43.8185 INFO Get User Success :wcedo
2021-02-16 10:49:46.4283 INFO Get User Success :99-Assistant Commissioner
2021-02-16 10:49:57.1616 INFO Check WorkFlow List Success
2021-02-16 10:49:57.2061 INFO Get RR List Success
2021-02-16 10:49:57.2309 INFO Get User Success :wcedo
2021-02-16 10:49:59.7756 INFO Get User Success :99-Assistant Commissioner
2021-02-16 10:50:17.4114 INFO Check WorkFlow List Success
2021-02-16 10:50:17.4692 INFO Get RR List Success
2021-02-16 10:50:17.4752 INFO Get User Success :wcedo
2021-02-16 10:50:20.0891 INFO Get User Success :99-Assistant Commissioner
2021-02-16 10:50:31.8131 INFO Check WorkFlow List Success
2021-02-16 10:50:33.2776 INFO Get RR List Success
2021-02-16 10:56:46.8640 INFO Get User Success :wcedo
2021-02-16 10:56:49.7222 INFO Get User Success :99-Assistant Commissioner
2021-02-16 10:59:18.0332 INFO Check WorkFlow List Success
2021-02-16 10:59:18.7957 INFO Get RR List Success
2021-02-16 10:59:51.9356 INFO Get User Success :wcedo
2021-02-16 10:59:55.5709 INFO Get User Success :99-Assistant Commissioner
2021-02-16 10:59:55.5709 INFO Check WorkFlow List Success
2021-02-16 10:59:55.6133 INFO Get RR List Success
2021-02-16 11:00:02.1530 INFO Get User Success :99-Assistant Commissioner
2021-02-16 11:00:02.1530 INFO Check WorkFlow List Success
2021-02-16 11:00:02.1997 INFO Get RR List Success
2021-02-16 11:02:47.0295 INFO Get User Success :99-Assistant Commissioner
2021-02-16 11:02:47.0295 INFO Check WorkFlow List Success
2021-02-16 11:02:47.0880 INFO Get RR List Success
2021-02-16 11:02:53.8219 INFO Get User Success :99-Assistant Commissioner
2021-02-16 11:02:53.8219 INFO Check WorkFlow List Success
2021-02-16 11:02:53.8779 INFO Get RR List Success
2021-02-16 11:03:04.4114 INFO Get User Success :99-Assistant Commissioner
2021-02-16 11:03:04.4114 INFO Check WorkFlow List Success
2021-02-16 11:03:04.4506 INFO Get RR List Success
2021-02-16 11:03:05.9422 INFO Get User Success :99-Assistant Commissioner
2021-02-16 11:03:05.9442 INFO Check WorkFlow List Success
2021-02-16 11:03:05.9763 INFO Get RR List Success
2021-02-16 11:03:24.0429 INFO Get User Success :99-Assistant Commissioner
2021-02-16 11:03:24.0429 INFO Check WorkFlow List Success
2021-02-16 11:03:24.0857 INFO Get RR List Success
2021-02-16 11:03:28.4304 INFO Get User Success :99-Assistant Commissioner
2021-02-16 11:03:28.4304 INFO Check WorkFlow List Success
2021-02-16 11:03:28.4730 INFO Get RR List Success
2021-02-16 11:05:54.2922 INFO Get User Success :99-Assistant Commissioner
2021-02-16 11:05:54.2922 INFO Check WorkFlow List Success
2021-02-16 11:05:54.3337 INFO Get RR List Success
2021-02-16 11:06:09.0116 INFO Get User Success :99-Assistant Commissioner
2021-02-16 11:06:09.0116 INFO Check WorkFlow List Success
2021-02-16 11:06:09.0550 INFO Get RR List Success
2021-02-16 11:06:23.3009 INFO Get User Success :99-Assistant Commissioner
2021-02-16 11:06:23.3026 INFO Check WorkFlow List Success
2021-02-16 11:06:23.3414 INFO Get RR List Success
2021-02-16 11:06:24.8750 INFO Get User Success :99-Assistant Commissioner
2021-02-16 11:06:24.8750 INFO Check WorkFlow List Success
2021-02-16 11:06:24.9146 INFO Get RR List Success
2021-02-16 11:06:27.6107 INFO Get User Success :99-Assistant Commissioner
2021-02-16 11:06:42.6295 INFO Check WorkFlow List Success
2021-02-16 11:06:42.6705 INFO Get RR List Success
2021-02-16 11:06:42.6705 INFO Get User Success :wcedo
2021-02-16 11:06:52.3600 INFO Get User Success :100-Deputy Commissioner
2021-02-16 11:06:52.3840 INFO Get User Success :100-Deputy Commissioner
2021-02-16 11:06:52.9169 INFO Get User Success :hodyco
2021-02-16 11:06:56.1651 INFO Get User Success :100-Deputy Commissioner
2021-02-16 11:06:56.2342 INFO Get User Success :100-Deputy Commissioner
2021-02-16 11:06:56.2342 INFO Check WorkFlow List Success
2021-02-16 11:06:56.2739 INFO Get RR List Success
2021-02-16 11:06:56.2739 INFO Get User Success :hodyco
2021-02-16 11:06:59.2246 INFO Get User Success :100-Deputy Commissioner
2021-02-16 11:06:59.2246 INFO Check WorkFlow List Success
2021-02-16 11:06:59.2680 INFO Get RR List Success
2021-02-16 11:06:59.2720 INFO Get User Success :hodyco
2021-02-16 11:07:08.7761 INFO Get User Success :100-Deputy Commissioner
2021-02-16 11:07:08.7860 INFO Check WorkFlow List Success
2021-02-16 11:07:08.8303 INFO Get RR List Success
2021-02-16 11:09:58.4549 INFO Get User Success :hodyco
2021-02-16 11:10:03.9535 INFO Get User Success :100-Deputy Commissioner
2021-02-16 11:10:03.9535 INFO Check WorkFlow List Success
2021-02-16 11:10:03.9954 INFO Get RR List Success
2021-02-16 11:10:09.4923 INFO Get User Success :hodyco
2021-02-16 11:10:23.9147 INFO Get User Success :100-Deputy Commissioner
2021-02-16 11:10:23.9449 INFO Get User Success :100-Deputy Commissioner
2021-02-16 11:10:24.4396 INFO Get User Success :hodyco
2021-02-16 11:10:26.7883 INFO Get User Success :100-Deputy Commissioner
2021-02-16 11:10:26.8103 INFO Get User Success :100-Deputy Commissioner
2021-02-16 11:10:26.8103 INFO Check WorkFlow List Success
2021-02-16 11:10:26.8552 INFO Get RR List Success
2021-02-16 11:10:26.8552 INFO Get User Success :hodyco
2021-02-16 11:10:34.1824 INFO Get User Success :100-Deputy Commissioner
2021-02-16 11:10:34.1824 INFO Check WorkFlow List Success
2021-02-16 11:10:34.2217 INFO Get RR List Success
2021-02-16 11:12:23.5085 INFO Get User Success :hodyco
2021-02-16 11:16:11.3008 INFO Get User Success :101-Commissioner
2021-02-16 11:16:11.3244 INFO Get User Success :101-Commissioner
2021-02-16 11:16:11.8792 INFO Get User Success :com
2021-02-16 11:16:14.6513 INFO Get User Success :101-Commissioner
2021-02-16 11:16:14.6859 INFO Get User Success :101-Commissioner
2021-02-16 11:16:14.6859 INFO Check WorkFlow List Success
2021-02-16 11:16:14.7263 INFO Get RR List Success
2021-02-16 11:16:14.7263 INFO Get User Success :com
2021-02-16 11:16:16.3460 INFO Get User Success :101-Commissioner
2021-02-16 11:16:16.3460 INFO Check WorkFlow List Success
2021-02-16 11:16:16.3871 INFO Get RR List Success
2021-02-16 11:16:16.3871 INFO Get User Success :com
2021-02-16 11:18:14.5078 INFO Get User Success :100-Deputy Commissioner
2021-02-16 11:18:14.5333 INFO Get User Success :100-Deputy Commissioner
2021-02-16 11:18:15.0262 INFO Get User Success :hodyco
2021-02-16 11:18:17.4287 INFO Get User Success :100-Deputy Commissioner
2021-02-16 11:18:17.4572 INFO Get User Success :100-Deputy Commissioner
2021-02-16 11:18:17.4594 INFO Check WorkFlow List Success
2021-02-16 11:18:17.5015 INFO Get RR List Success
2021-02-16 11:18:17.5087 INFO Get User Success :hodyco
2021-02-16 11:18:20.5040 INFO Get User Success :100-Deputy Commissioner
2021-02-16 11:18:20.5073 INFO Get Product Master List Success
2021-02-16 11:18:20.5073 INFO Get State List Success
2021-02-16 11:18:20.5073 INFO Get NOC Sucess:62
2021-02-16 11:18:20.5073 INFO Get NOC Sucess:Req//1
2021-02-16 11:18:20.5223 INFO Get State List Success
2021-02-16 11:18:20.5223 INFO Get NOC Details Success
2021-02-16 11:18:20.5223 INFO Get Customer Details Success
2021-02-16 11:18:20.5789 INFO Check WorkFlow List Success
2021-02-16 11:18:20.5931 INFO Get User Success :hodyco
2021-02-16 11:18:27.2895 INFO Get User Success :100-Deputy Commissioner
2021-02-16 11:18:39.5863 INFO Get User Success :100-Deputy Commissioner
2021-02-16 11:18:39.6108 INFO NOC Approve Sucess:51
2021-02-16 11:18:39.6454 INFO Get User Success :100-Deputy Commissioner
2021-02-16 11:18:39.6675 INFO Get User Success :100-Deputy Commissioner
2021-02-16 11:18:39.6675 INFO Check WorkFlow List Success
2021-02-16 11:18:39.7086 INFO Get RR List Success
2021-02-16 11:18:39.7086 INFO Get User Success :hodyco
2021-02-16 11:18:51.1039 INFO Get User Success :101-Commissioner
2021-02-16 11:18:51.1273 INFO Get User Success :101-Commissioner
2021-02-16 11:18:51.6262 INFO Get User Success :com
2021-02-16 11:18:54.1658 INFO Get User Success :101-Commissioner
2021-02-16 11:18:54.2427 INFO Get User Success :101-Commissioner
2021-02-16 11:18:54.2427 INFO Check WorkFlow List Success
2021-02-16 11:18:54.2954 INFO Get RR List Success
2021-02-16 11:19:47.3033 INFO Get User Success :com
2021-02-16 11:19:50.5401 INFO Get User Success :101-Commissioner
2021-02-16 11:19:50.5401 INFO Check WorkFlow List Success
2021-02-16 11:19:50.5825 INFO Get RR List Success
2021-02-16 11:19:50.5876 INFO Get User Success :com
2021-02-16 11:19:58.1234 INFO Get User Success :101-Commissioner
2021-02-16 11:19:58.1234 INFO Get Product Master List Success
2021-02-16 11:19:58.1234 INFO Get State List Success
2021-02-16 11:19:58.1234 INFO Get NOC Sucess:62
2021-02-16 11:19:58.1313 INFO Get NOC Sucess:Req//1
2021-02-16 11:19:58.1313 INFO Get State List Success
2021-02-16 11:19:58.1313 INFO Get NOC Details Success
2021-02-16 11:19:58.1463 INFO Get Customer Details Success
2021-02-16 11:19:58.1463 INFO Check WorkFlow List Success
2021-02-16 11:19:58.1463 INFO Get User Success :com
2021-02-16 11:20:49.8055 INFO Get User Success :101-Commissioner
2021-02-16 11:20:49.8055 INFO Get Product Master List Success
2021-02-16 11:22:30.8640 INFO Get State List Success
2021-02-16 11:22:30.8660 INFO Get NOC Sucess:62
2021-02-16 11:22:30.8660 INFO Get NOC Sucess:Req//1
2021-02-16 11:22:30.8660 INFO Get State List Success
2021-02-16 11:22:30.8660 INFO Get NOC Details Success
2021-02-16 11:22:30.8660 INFO Get Customer Details Success
2021-02-16 11:22:30.8660 INFO Check WorkFlow List Success
2021-02-16 11:22:30.8853 INFO Get User Success :com
2021-02-16 11:23:44.8374 INFO Get User Success :101-Commissioner
2021-02-16 11:23:44.8593 INFO Get User Success :101-Commissioner
2021-02-16 11:23:44.8593 INFO Check WorkFlow List Success
2021-02-16 11:23:44.8978 INFO Get RR List Success
2021-02-16 11:23:44.8978 INFO Get User Success :com
2021-02-16 11:24:05.9022 INFO Get User Success :99-Assistant Commissioner
2021-02-16 11:24:05.9293 INFO Get User Success :99-Assistant Commissioner
2021-02-16 11:24:05.9293 INFO Get User Success :wcedo
2021-02-16 11:24:08.4347 INFO Get User Success :99-Assistant Commissioner
2021-02-16 11:24:08.4564 INFO Get User Success :99-Assistant Commissioner
2021-02-16 11:24:08.4584 INFO Check WorkFlow List Success
2021-02-16 11:24:08.4994 INFO Get RR List Success
2021-02-16 11:24:08.5058 INFO Get User Success :wcedo
2021-02-16 11:24:10.4685 INFO Get User Success :99-Assistant Commissioner
2021-02-16 11:24:34.8625 INFO Check WorkFlow List Success
2021-02-16 11:24:34.8984 INFO Get RR List Success
2021-02-16 11:24:39.8161 INFO Get User Success :99-Assistant Commissioner
2021-02-16 11:24:39.8179 INFO Check WorkFlow List Success
2021-02-16 11:24:39.8590 INFO Get RR List Success
2021-02-16 11:24:42.0891 INFO Get User Success :99-Assistant Commissioner
2021-02-16 11:24:42.0891 INFO Check WorkFlow List Success
2021-02-16 11:24:42.1345 INFO Get RR List Success
2021-02-16 11:24:44.0585 INFO Get User Success :99-Assistant Commissioner
2021-02-16 11:24:44.0585 INFO Check WorkFlow List Success
2021-02-16 11:24:44.1034 INFO Get RR List Success
2021-02-16 11:24:48.0261 INFO Get User Success :99-Assistant Commissioner
2021-02-16 11:24:48.0261 INFO Check WorkFlow List Success
2021-02-16 11:24:48.0684 INFO Get RR List Success
2021-02-16 11:24:51.5304 INFO Get User Success :99-Assistant Commissioner
2021-02-16 11:24:51.5304 INFO Check WorkFlow List Success
2021-02-16 11:24:51.5719 INFO Get RR List Success
2021-02-16 11:24:58.4065 INFO Get User Success :99-Assistant Commissioner
2021-02-16 11:24:58.4065 INFO Check WorkFlow List Success
2021-02-16 11:24:58.4447 INFO Get RR List Success
2021-02-16 11:24:58.4598 INFO Get User Success :wcedo
2021-02-16 11:25:09.7223 INFO Get User Success :99-Assistant Commissioner
2021-02-16 11:25:09.7223 INFO Check WorkFlow List Success
2021-02-16 11:25:09.7664 INFO Get RR List Success
2021-02-16 11:25:09.7712 INFO Get User Success :wcedo
2021-02-16 11:25:12.5490 INFO Get User Success :99-Assistant Commissioner
2021-02-16 11:25:12.5490 INFO Check WorkFlow List Success
2021-02-16 11:25:12.5914 INFO Get RR List Success
2021-02-16 11:25:12.5914 INFO Get User Success :wcedo
2021-02-16 11:25:14.4269 INFO Get User Success :99-Assistant Commissioner
2021-02-16 11:25:14.4269 INFO Check WorkFlow List Success
2021-02-16 11:26:11.2658 INFO Get RR List Success
2021-02-16 11:26:11.7597 INFO Get User Success :99-Assistant Commissioner
2021-02-16 11:26:11.7597 INFO Check WorkFlow List Success
2021-02-16 11:26:11.8023 INFO Get RR List Success
2021-02-16 11:26:11.8023 INFO Get User Success :wcedo
2021-02-16 11:26:13.0902 INFO Get User Success :99-Assistant Commissioner
2021-02-16 11:26:13.0902 INFO Check WorkFlow List Success
2021-02-16 11:26:13.1345 INFO Get RR List Success
2021-02-16 11:26:13.1345 INFO Get User Success :wcedo
2021-02-16 11:26:15.0019 INFO Get User Success :99-Assistant Commissioner
2021-02-16 11:26:15.0019 INFO Check WorkFlow List Success
2021-02-16 11:26:15.0418 INFO Get RR List Success
2021-02-16 11:26:15.0578 INFO Get User Success :wcedo
2021-02-16 11:26:15.9165 INFO Get User Success :99-Assistant Commissioner
2021-02-16 11:26:15.9165 INFO Check WorkFlow List Success
2021-02-16 11:26:15.9554 INFO Get RR List Success
2021-02-16 11:26:15.9604 INFO Get User Success :wcedo
2021-02-16 11:26:16.6553 INFO Get User Success :99-Assistant Commissioner
2021-02-16 11:26:16.6553 INFO Check WorkFlow List Success
2021-02-16 11:26:16.6925 INFO Get RR List Success
2021-02-16 11:26:16.6925 INFO Get User Success :wcedo
2021-02-16 11:26:41.7627 INFO Get User Success :99-Assistant Commissioner
2021-02-16 11:26:41.7627 INFO Check WorkFlow List Success
2021-02-16 11:29:33.6245 INFO Get RR List Success
2021-02-16 11:29:33.6344 INFO Get User Success :wcedo
2021-02-16 11:29:53.5781 INFO Get User Success :99-Assistant Commissioner
2021-02-16 11:29:53.7198 INFO Get User Success :99-Assistant Commissioner
2021-02-16 11:29:53.7489 INFO Get User Success :wcedo
2021-02-16 11:29:56.5872 INFO Get User Success :99-Assistant Commissioner
2021-02-16 11:29:56.6428 INFO Get User Success :99-Assistant Commissioner
2021-02-16 11:29:56.6465 INFO Check WorkFlow List Success
2021-02-16 11:29:56.6998 INFO Get RR List Success
2021-02-16 11:29:56.6998 INFO Get User Success :wcedo
2021-02-16 11:29:58.8599 INFO Get User Success :99-Assistant Commissioner
2021-02-16 11:29:58.8599 INFO Check WorkFlow List Success
2021-02-16 11:29:58.9006 INFO Get RR List Success
2021-02-16 11:29:58.9151 INFO Get User Success :wcedo
2021-02-16 11:30:00.6816 INFO Get User Success :99-Assistant Commissioner
2021-02-16 11:30:00.6816 INFO Check WorkFlow List Success
2021-02-16 11:30:00.7235 INFO Get RR List Success
2021-02-16 11:30:00.7235 INFO Get User Success :wcedo
2021-02-16 11:32:02.5285 INFO Get User Success :99-Assistant Commissioner
2021-02-16 11:32:23.7281 INFO Get User Success :99-Assistant Commissioner
2021-02-16 11:32:23.7581 INFO Get User Success :wcedo
2021-02-16 11:32:26.2784 INFO Get User Success :99-Assistant Commissioner
2021-02-16 11:32:26.3249 INFO Get User Success :99-Assistant Commissioner
2021-02-16 11:32:26.3514 INFO Check WorkFlow List Success
2021-02-16 11:32:26.4361 INFO Get RR List Success
2021-02-16 11:32:26.4802 INFO Get User Success :wcedo
2021-02-16 11:32:28.5432 INFO Get User Success :99-Assistant Commissioner
2021-02-16 11:32:28.5432 INFO Check WorkFlow List Success
2021-02-16 11:33:19.4220 INFO Get RR List Success
2021-02-16 11:34:12.0670 INFO Get User Success :wcedo
2021-02-16 11:34:15.0189 INFO Get User Success :99-Assistant Commissioner
2021-02-16 11:34:15.0189 INFO Check WorkFlow List Success
2021-02-16 11:34:27.9909 INFO Get RR List Success
2021-02-16 11:34:27.9909 INFO Get User Success :wcedo
2021-02-16 11:34:46.5142 INFO Get User Success :99-Assistant Commissioner
2021-02-16 11:34:46.5142 INFO Check WorkFlow List Success
2021-02-16 11:34:46.5558 INFO Get RR List Success
2021-02-16 11:35:03.7717 INFO Get User Success :99-Assistant Commissioner
2021-02-16 11:35:03.7717 INFO Check WorkFlow List Success
2021-02-16 11:35:06.6988 INFO Get RR List Success
2021-02-16 11:35:06.6988 INFO Get User Success :wcedo
2021-02-16 11:35:18.5476 INFO Get User Success :99-Assistant Commissioner
2021-02-16 11:35:18.5476 INFO Check WorkFlow List Success
2021-02-16 11:35:18.5935 INFO Get RR List Success
2021-02-16 11:35:28.1248 INFO Get User Success :99-Assistant Commissioner
2021-02-16 11:35:28.1248 INFO Check WorkFlow List Success
2021-02-16 11:35:28.1648 INFO Get RR List Success
2021-02-16 11:35:32.9512 INFO Get User Success :99-Assistant Commissioner
2021-02-16 11:35:32.9512 INFO Check WorkFlow List Success
2021-02-16 11:35:32.9920 INFO Get RR List Success
2021-02-16 11:35:51.6557 INFO Get User Success :99-Assistant Commissioner
2021-02-16 11:35:51.6557 INFO Check WorkFlow List Success
2021-02-16 11:35:51.7010 INFO Get RR List Success
2021-02-16 11:36:22.5044 INFO Get User Success :wcedo
2021-02-16 11:36:28.7244 INFO Get User Success :99-Assistant Commissioner
2021-02-16 11:36:28.7244 INFO Check WorkFlow List Success
2021-02-16 11:36:28.7655 INFO Get RR List Success
2021-02-16 11:36:30.4813 INFO Get User Success :99-Assistant Commissioner
2021-02-16 11:36:30.4813 INFO Check WorkFlow List Success
2021-02-16 11:36:30.5233 INFO Get RR List Success
2021-02-16 11:36:48.5825 INFO Get User Success :99-Assistant Commissioner
2021-02-16 11:36:48.5844 INFO Check WorkFlow List Success
2021-02-16 11:36:48.6295 INFO Get RR List Success
2021-02-16 11:37:08.5134 INFO Get User Success :99-Assistant Commissioner
2021-02-16 11:37:08.5134 INFO Check WorkFlow List Success
2021-02-16 11:37:08.5545 INFO Get RR List Success
2021-02-16 11:37:43.1461 INFO Get User Success :99-Assistant Commissioner
2021-02-16 11:37:43.1461 INFO Check WorkFlow List Success
2021-02-16 11:37:43.1911 INFO Get RR List Success
2021-02-16 11:37:46.7696 INFO Get User Success :99-Assistant Commissioner
2021-02-16 11:37:46.7716 INFO Check WorkFlow List Success
2021-02-16 11:37:46.8122 INFO Get RR List Success
2021-02-16 11:37:54.6260 INFO Get User Success :99-Assistant Commissioner
2021-02-16 11:37:54.6260 INFO Check WorkFlow List Success
2021-02-16 11:37:54.6717 INFO Get RR List Success
2021-02-16 11:38:17.9379 INFO Get User Success :99-Assistant Commissioner
2021-02-16 11:38:17.9379 INFO Check WorkFlow List Success
2021-02-16 11:38:17.9849 INFO Get RR List Success
2021-02-16 11:38:21.9617 INFO Get User Success :99-Assistant Commissioner
2021-02-16 11:38:21.9617 INFO Check WorkFlow List Success
2021-02-16 11:38:22.0038 INFO Get RR List Success
2021-02-16 11:38:44.1389 INFO Get User Success :99-Assistant Commissioner
2021-02-16 11:38:44.1389 INFO Check WorkFlow List Success
2021-02-16 11:38:44.1804 INFO Get RR List Success
2021-02-16 11:38:51.6710 INFO Get User Success :99-Assistant Commissioner
2021-02-16 11:38:51.6710 INFO Check WorkFlow List Success
2021-02-16 11:38:51.7106 INFO Get RR List Success
2021-02-16 11:42:08.9200 INFO Get User Success :100-Deputy Commissioner
2021-02-16 11:42:08.9439 INFO Get User Success :100-Deputy Commissioner
2021-02-16 11:42:09.4856 INFO Get User Success :hodyco
2021-02-16 11:42:11.7878 INFO Get User Success :100-Deputy Commissioner
2021-02-16 11:42:11.8087 INFO Get User Success :100-Deputy Commissioner
2021-02-16 11:42:11.8087 INFO Check WorkFlow List Success
2021-02-16 11:42:11.8591 INFO Get RR List Success
2021-02-16 11:42:11.8591 INFO Get User Success :hodyco
2021-02-16 11:42:13.0527 INFO Get User Success :100-Deputy Commissioner
2021-02-16 11:42:13.0527 INFO Check WorkFlow List Success
2021-02-16 11:42:13.0946 INFO Get RR List Success
2021-02-16 11:42:13.0996 INFO Get User Success :hodyco
2021-02-16 11:59:38.8101 INFO Get User Success :98-Harinagar Sugar Mills Limited(Distillery Division)
2021-02-16 11:59:38.8879 INFO Get User Success :98-Harinagar Sugar Mills Limited(Distillery Division)
2021-02-16 11:59:39.0465 INFO Get User Success :harinagar_dis
2021-02-16 11:59:41.5522 INFO Get User Success :98-Harinagar Sugar Mills Limited(Distillery Division)
2021-02-16 11:59:41.6041 INFO Get RR List Success
2021-02-16 11:59:41.6480 INFO Get User Success :harinagar_dis
2021-02-16 12:00:12.6601 INFO Get User Success :98-Harinagar Sugar Mills Limited(Distillery Division)
2021-02-16 12:00:33.1720 INFO Get RR List Success
2021-02-16 12:00:33.1782 INFO Get User Success :harinagar_dis
2021-02-16 12:00:42.0781 INFO Get User Success :98-Harinagar Sugar Mills Limited(Distillery Division)
2021-02-16 12:00:42.1202 INFO Get RR List Success
2021-02-16 12:00:44.5841 INFO Get User Success :98-Harinagar Sugar Mills Limited(Distillery Division)
2021-02-16 12:00:44.6268 INFO Get RR List Success
2021-02-16 12:01:02.5044 INFO Get User Success :98-Harinagar Sugar Mills Limited(Distillery Division)
2021-02-16 12:01:15.4199 INFO Get RR List Success
2021-02-16 12:01:20.4661 INFO Get User Success :98-Harinagar Sugar Mills Limited(Distillery Division)
2021-02-16 12:01:20.5101 INFO Get RR List Success
2021-02-16 12:01:27.1694 INFO Get User Success :98-Harinagar Sugar Mills Limited(Distillery Division)
2021-02-16 12:01:27.2073 INFO Get RR List Success
2021-02-16 12:01:33.3909 INFO Get User Success :98-Harinagar Sugar Mills Limited(Distillery Division)
2021-02-16 12:01:33.4361 INFO Get RR List Success
2021-02-16 12:02:14.0021 INFO Get User Success :98-Harinagar Sugar Mills Limited(Distillery Division)
2021-02-16 12:02:14.0430 INFO Get RR List Success
2021-02-16 12:06:26.0496 INFO Get User Success :98-Harinagar Sugar Mills Limited(Distillery Division)
2021-02-16 12:06:40.2541 INFO Get User Success :98-Harinagar Sugar Mills Limited(Distillery Division)
2021-02-16 12:06:40.4336 INFO Get User Success :harinagar_dis
2021-02-16 12:06:43.9787 INFO Get User Success :98-Harinagar Sugar Mills Limited(Distillery Division)
2021-02-16 12:06:44.0318 INFO Get RR List Success
2021-02-16 12:06:44.0753 INFO Get User Success :harinagar_dis
2021-02-16 12:06:48.8977 INFO Get User Success :98-Harinagar Sugar Mills Limited(Distillery Division)
2021-02-16 12:06:48.9387 INFO Get RR List Success
2021-02-16 12:06:51.6064 INFO Get User Success :98-Harinagar Sugar Mills Limited(Distillery Division)
2021-02-16 12:06:51.6459 INFO Get RR List Success
2021-02-16 12:13:41.9190 INFO Get User Success :98-Harinagar Sugar Mills Limited(Distillery Division)
2021-02-16 12:13:42.0875 INFO Get User Success :98-Harinagar Sugar Mills Limited(Distillery Division)
2021-02-16 12:13:43.0788 INFO Get User Success :harinagar_dis
2021-02-16 12:13:45.6969 INFO Get User Success :98-Harinagar Sugar Mills Limited(Distillery Division)
2021-02-16 12:13:52.8489 INFO Get RR List Success
2021-02-16 12:13:52.9858 INFO Get User Success :harinagar_dis
2021-02-16 12:14:00.2134 INFO Get User Success :98-Harinagar Sugar Mills Limited(Distillery Division)
2021-02-16 12:14:07.4179 INFO Get RR List Success
2021-02-16 12:14:07.7917 INFO Get User Success :98-Harinagar Sugar Mills Limited(Distillery Division)
2021-02-16 12:14:15.0357 INFO Get RR List Success
2021-02-16 12:14:16.8604 INFO Get User Success :98-Harinagar Sugar Mills Limited(Distillery Division)
2021-02-16 12:14:24.0674 INFO Get RR List Success
2021-02-16 12:14:26.3731 INFO Get User Success :98-Harinagar Sugar Mills Limited(Distillery Division)
2021-02-16 12:14:33.5165 INFO Get RR List Success
2021-02-16 12:14:51.5094 INFO Get User Success :98-Harinagar Sugar Mills Limited(Distillery Division)
2021-02-16 12:14:51.5997 INFO Get Product Master List Success
2021-02-16 12:14:56.6878 INFO Get State List Success
2021-02-16 12:14:56.7737 INFO Get NOC Sucess:78
2021-02-16 12:14:56.9552 INFO Get NOC Sucess:Req/WC/HDD/ETH-NOC/2020-2021/17
2021-02-16 12:14:57.3158 INFO Get NOC Details Success
2021-02-16 12:14:57.4068 INFO Get Customer Details Success
2021-02-16 12:14:57.5484 INFO Check WorkFlow List Success
2021-02-16 12:14:57.8209 INFO Get User Success :harinagar_dis
2021-02-16 12:15:14.6313 INFO Get User Success :98-Harinagar Sugar Mills Limited(Distillery Division)
2021-02-16 12:15:21.9127 INFO Get RR List Success
2021-02-16 12:15:22.0978 INFO Get User Success :harinagar_dis
2021-02-16 12:15:27.7798 INFO Get User Success :98-Harinagar Sugar Mills Limited(Distillery Division)
2021-02-16 12:15:27.8683 INFO Get Product Master List Success
2021-02-16 12:15:28.0318 INFO Get State List Success
2021-02-16 12:15:28.1175 INFO Get NOC Sucess:78
2021-02-16 12:15:28.2794 INFO Get NOC Sucess:Req/WC/HDD/ETH-NOC/2020-2021/17
2021-02-16 12:15:28.6172 INFO Get NOC Details Success
2021-02-16 12:15:28.7037 INFO Get Customer Details Success
2021-02-16 12:15:28.7923 INFO Check WorkFlow List Success
2021-02-16 12:15:29.0553 INFO Get User Success :harinagar_dis
2021-02-16 12:15:38.7238 INFO Get User Success :98-Harinagar Sugar Mills Limited(Distillery Division)
2021-02-16 12:15:45.9553 INFO Get RR List Success
2021-02-16 12:15:46.1420 INFO Get User Success :harinagar_dis
2021-02-16 12:16:33.4070 INFO Get User Success :108-New Swadeshi Distillery Unit
2021-02-16 12:16:33.5177 INFO Get User Success :108-New Swadeshi Distillery Unit
2021-02-16 12:16:34.0084 INFO Get User Success :newswadeshi_dis
2021-02-16 12:16:51.8966 INFO Get User Success :108-New Swadeshi Distillery Unit
2021-02-16 12:16:51.9949 INFO Get Indent List Success
2021-02-16 12:16:52.2518 INFO Get User Success :newswadeshi_dis
2021-02-16 12:16:54.8421 INFO Get User Success :108-New Swadeshi Distillery Unit
2021-02-16 12:17:02.1648 INFO Get RR List Success
2021-02-16 12:17:02.3997 INFO Get User Success :newswadeshi_dis
2021-02-16 12:17:20.3525 INFO Get User Success :108-New Swadeshi Distillery Unit
2021-02-16 12:17:27.6867 INFO Get RR List Success
2021-02-16 12:17:36.7214 INFO Get User Success :108-New Swadeshi Distillery Unit
2021-02-16 12:17:44.0947 INFO Get RR List Success
2021-02-16 12:17:44.4580 INFO Get User Success :108-New Swadeshi Distillery Unit
2021-02-16 12:17:51.7049 INFO Get RR List Success
2021-02-16 12:17:51.8775 INFO Get User Success :108-New Swadeshi Distillery Unit
2021-02-16 12:17:59.2895 INFO Get RR List Success
2021-02-16 12:18:04.4309 INFO Get User Success :108-New Swadeshi Distillery Unit
2021-02-16 12:18:11.6332 INFO Get RR List Success
2021-02-16 12:18:14.1406 INFO Get User Success :108-New Swadeshi Distillery Unit
2021-02-16 12:18:21.3745 INFO Get RR List Success
2021-02-16 12:18:48.3194 INFO Get User Success :104-Riga Distillery Division
2021-02-16 12:18:48.4345 INFO Get User Success :104-Riga Distillery Division
2021-02-16 12:18:48.8729 INFO Get User Success :riga_dis
2021-02-16 12:18:52.8039 INFO Get User Success :104-Riga Distillery Division
2021-02-16 12:18:59.9895 INFO Get RR List Success
2021-02-16 12:19:00.1696 INFO Get User Success :riga_dis
2021-02-16 12:19:21.2346 INFO Get User Success :105-Majhaulia Sugar Industry Ltd Distillery Division
2021-02-16 12:19:21.3548 INFO Get User Success :105-Majhaulia Sugar Industry Ltd Distillery Division
2021-02-16 12:19:21.8770 INFO Get User Success :majhaulia_dis
2021-02-16 12:19:28.9386 INFO Get User Success :105-Majhaulia Sugar Industry Ltd Distillery Division
2021-02-16 12:19:36.1048 INFO Get RR List Success
2021-02-16 12:19:36.3646 INFO Get User Success :majhaulia_dis
2021-02-16 12:20:01.2224 INFO Get User Success :107-HPCL Biofuels Limited, Distillery Division, EC
2021-02-16 12:20:01.3608 INFO Get User Success :107-HPCL Biofuels Limited, Distillery Division, EC
2021-02-16 12:20:01.9602 INFO Get User Success :hpcl_ec
2021-02-16 12:20:04.6683 INFO Get User Success :107-HPCL Biofuels Limited, Distillery Division, EC
2021-02-16 12:20:11.8794 INFO Get RR List Success
2021-02-16 12:20:12.2173 INFO Get User Success :hpcl_ec
2021-02-16 12:20:28.4652 INFO Get User Success :106-HPCL Biofuels Limited, Distillery Division, WC
2021-02-16 12:20:28.5976 INFO Get User Success :106-HPCL Biofuels Limited, Distillery Division, WC
2021-02-16 12:20:29.1094 INFO Get User Success :hpcl_wc
2021-02-16 12:20:33.2520 INFO Get User Success :106-HPCL Biofuels Limited, Distillery Division, WC
2021-02-16 12:20:40.4661 INFO Get RR List Success
2021-02-16 12:20:40.7095 INFO Get User Success :hpcl_wc
2021-02-16 12:21:26.0787 INFO Get User Success :98-Harinagar Sugar Mills Limited(Distillery Division)
2021-02-16 12:21:26.2029 INFO Get User Success :98-Harinagar Sugar Mills Limited(Distillery Division)
2021-02-16 12:21:26.7344 INFO Get User Success :harinagar_dis
2021-02-16 12:21:30.0206 INFO Get User Success :98-Harinagar Sugar Mills Limited(Distillery Division)
2021-02-16 12:21:37.3148 INFO Get RR List Success
2021-02-16 12:21:37.5409 INFO Get User Success :harinagar_dis
2021-02-16 12:22:04.9696 INFO Get User Success :98-Harinagar Sugar Mills Limited(Distillery Division)
2021-02-16 12:22:12.2137 INFO Get RR List Success
2021-02-16 12:22:18.1677 INFO Get User Success :98-Harinagar Sugar Mills Limited(Distillery Division)
2021-02-16 12:22:25.3633 INFO Get RR List Success
2021-02-16 12:30:03.3995 INFO Get User Success :98-Harinagar Sugar Mills Limited(Distillery Division)
2021-02-16 12:30:10.5657 INFO Get RR List Success
2021-02-16 12:30:13.9824 INFO Get User Success :98-Harinagar Sugar Mills Limited(Distillery Division)
2021-02-16 12:30:21.0740 INFO Get RR List Success
2021-02-16 12:30:30.0620 INFO Get User Success :99-Assistant Commissioner
2021-02-16 12:30:30.1912 INFO Get User Success :99-Assistant Commissioner
2021-02-16 12:30:30.5458 INFO Get User Success :wcedo
2021-02-16 12:30:33.2581 INFO Get User Success :99-Assistant Commissioner
2021-02-16 12:30:33.3946 INFO Get User Success :99-Assistant Commissioner
2021-02-16 12:30:33.4832 INFO Check WorkFlow List Success
2021-02-16 12:30:40.6347 INFO Get RR List Success
2021-02-16 12:30:40.7630 INFO Get User Success :wcedo
2021-02-16 12:30:44.1117 INFO Get User Success :99-Assistant Commissioner
2021-02-16 12:30:44.2000 INFO Check WorkFlow List Success
2021-02-16 12:30:51.3094 INFO Get RR List Success
2021-02-16 12:30:51.4295 INFO Get User Success :wcedo
2021-02-16 12:30:53.6428 INFO Get User Success :99-Assistant Commissioner
2021-02-16 12:30:53.7302 INFO Check WorkFlow List Success
2021-02-16 12:31:01.0324 INFO Get RR List Success
2021-02-16 12:31:06.3536 INFO Get User Success :wcedo
2021-02-16 12:31:12.4911 INFO Get User Success :99-Assistant Commissioner
2021-02-16 12:31:12.5791 INFO Check WorkFlow List Success
2021-02-16 12:31:19.7742 INFO Get RR List Success
2021-02-16 12:31:23.8302 INFO Get User Success :99-Assistant Commissioner
2021-02-16 12:31:23.9181 INFO Check WorkFlow List Success
2021-02-16 12:31:31.0902 INFO Get RR List Success
2021-02-16 12:31:32.9415 INFO Get User Success :99-Assistant Commissioner
2021-02-16 12:31:33.0293 INFO Check WorkFlow List Success
2021-02-16 12:31:40.2374 INFO Get RR List Success
2021-02-16 12:31:41.2598 INFO Get User Success :99-Assistant Commissioner
2021-02-16 12:31:41.3451 INFO Check WorkFlow List Success
2021-02-16 12:31:48.6250 INFO Get RR List Success
2021-02-16 12:32:37.0208 INFO Get User Success :99-Assistant Commissioner
2021-02-16 12:32:37.1086 INFO Check WorkFlow List Success
2021-02-16 12:32:44.3242 INFO Get RR List Success
2021-02-16 12:33:25.6624 INFO Get User Success :99-Assistant Commissioner
2021-02-16 12:33:25.7489 INFO Check WorkFlow List Success
2021-02-16 12:37:35.4568 INFO Get RR List Success
2021-02-16 12:37:46.9823 INFO Get User Success :99-Assistant Commissioner
2021-02-16 12:37:47.0705 INFO Check WorkFlow List Success
2021-02-16 12:38:01.2667 INFO Get RR List Success
2021-02-16 12:38:01.3639 INFO Get User Success :wcedo
2021-02-16 12:38:08.8813 INFO Get User Success :98-Harinagar Sugar Mills Limited(Distillery Division)
2021-02-16 12:38:09.0164 INFO Get User Success :98-Harinagar Sugar Mills Limited(Distillery Division)
2021-02-16 12:38:10.1041 INFO Get User Success :harinagar_dis
2021-02-16 12:38:12.5116 INFO Get User Success :98-Harinagar Sugar Mills Limited(Distillery Division)
2021-02-16 12:38:27.2851 INFO Get RR List Success
2021-02-16 12:38:27.5455 INFO Get User Success :harinagar_dis
2021-02-16 12:38:41.0713 INFO Get User Success :98-Harinagar Sugar Mills Limited(Distillery Division)
2021-02-16 12:39:04.4610 INFO Get RR List Success
2021-02-16 12:39:04.7036 INFO Get User Success :harinagar_dis
2021-02-16 12:39:10.1985 INFO Get User Success :98-Harinagar Sugar Mills Limited(Distillery Division)
2021-02-16 12:39:22.5853 INFO Get RR List Success
2021-02-16 12:39:22.8401 INFO Get User Success :harinagar_dis
2021-02-16 12:39:23.0613 INFO Get User Success :98-Harinagar Sugar Mills Limited(Distillery Division)
2021-02-16 12:39:35.5140 INFO Get RR List Success
2021-02-16 12:43:34.5228 INFO Get User Success :100-Deputy Commissioner
2021-02-16 12:43:38.5719 INFO Get User Success :100-Deputy Commissioner
2021-02-16 12:43:40.0132 INFO Get User Success :hodyco
2021-02-16 12:43:44.6378 INFO Get User Success :100-Deputy Commissioner
2021-02-16 12:43:44.7296 INFO Check WorkFlow List Success
2021-02-16 12:43:57.9707 INFO Get RR List Success
2021-02-16 12:43:58.2022 INFO Get User Success :hodyco
2021-02-16 12:44:07.7289 INFO Get User Success :100-Deputy Commissioner
2021-02-16 12:44:07.8183 INFO Check WorkFlow List Success
2021-02-16 12:44:20.7294 INFO Get RR List Success
2021-02-16 12:44:31.1600 INFO Get User Success :99-Assistant Commissioner
2021-02-16 12:44:31.3074 INFO Get User Success :99-Assistant Commissioner
2021-02-16 12:44:31.4025 INFO Get User Success :wcedo
2021-02-16 12:44:33.7797 INFO Get User Success :99-Assistant Commissioner
2021-02-16 12:44:33.8688 INFO Check WorkFlow List Success
2021-02-16 12:44:46.7214 INFO Get RR List Success
2021-02-16 12:44:46.8204 INFO Get User Success :wcedo
2021-02-16 12:44:49.2290 INFO Get User Success :99-Assistant Commissioner
2021-02-16 12:44:49.3175 INFO Check WorkFlow List Success
2021-02-16 12:45:02.2171 INFO Get RR List Success
2021-02-16 12:53:55.3418 INFO Get User Success :99-Assistant Commissioner
2021-02-16 12:53:58.3860 INFO Get User Success :99-Assistant Commissioner
2021-02-16 12:53:58.7830 INFO Get User Success :wcedo
2021-02-16 12:54:01.8421 INFO Get User Success :99-Assistant Commissioner
2021-02-16 12:54:01.9377 INFO Check WorkFlow List Success
2021-02-16 12:54:15.2000 INFO Get RR List Success
2021-02-16 12:54:15.3407 INFO Get User Success :wcedo
2021-02-16 12:54:19.2807 INFO Get User Success :99-Assistant Commissioner
2021-02-16 12:54:19.3737 INFO Check WorkFlow List Success
2021-02-16 12:54:32.6297 INFO Get RR List Success
2021-02-16 12:54:32.7330 INFO Get User Success :wcedo
2021-02-16 12:54:35.0564 INFO Get User Success :99-Assistant Commissioner
2021-02-16 12:55:09.6492 INFO Get User Success :99-Assistant Commissioner
2021-02-16 12:55:09.7414 INFO Check WorkFlow List Success
2021-02-16 12:55:23.0336 INFO Get RR List Success
2021-02-16 12:55:23.1411 INFO Get User Success :wcedo
2021-02-16 12:55:45.1854 INFO Get User Success :99-Assistant Commissioner
2021-02-16 12:55:45.3504 INFO Get User Success :99-Assistant Commissioner
2021-02-16 12:55:45.7378 INFO Get User Success :wcedo
2021-02-16 12:55:48.2598 INFO Get User Success :99-Assistant Commissioner
2021-02-16 12:55:57.6508 INFO Check WorkFlow List Success
2021-02-16 12:56:11.2913 INFO Get RR List Success
2021-02-16 12:56:11.4138 INFO Get User Success :wcedo
2021-02-16 12:56:31.1438 INFO Get User Success :99-Assistant Commissioner
2021-02-16 12:56:31.2353 INFO Check WorkFlow List Success
2021-02-16 12:56:44.3700 INFO Get RR List Success
2021-02-16 12:56:44.4711 INFO Get User Success :wcedo
2021-02-16 12:57:09.1459 INFO Get User Success :99-Assistant Commissioner
2021-02-16 12:59:37.2067 INFO Get User Success :99-Assistant Commissioner
2021-02-16 12:59:37.3768 INFO Get User Success :99-Assistant Commissioner
2021-02-16 12:59:37.7980 INFO Get User Success :wcedo
2021-02-16 12:59:41.6604 INFO Get User Success :99-Assistant Commissioner
2021-02-16 12:59:41.8111 INFO Get User Success :99-Assistant Commissioner
2021-02-16 12:59:41.9293 INFO Check WorkFlow List Success
2021-02-16 12:59:55.8087 INFO Get RR List Success
2021-02-16 12:59:55.9807 INFO Get User Success :wcedo
2021-02-16 13:00:04.5205 INFO Get User Success :99-Assistant Commissioner
2021-02-16 13:00:04.6117 INFO Check WorkFlow List Success
2021-02-16 13:00:17.9478 INFO Get RR List Success
2021-02-16 13:00:18.0682 INFO Get User Success :wcedo
2021-02-16 13:00:48.7563 INFO Get User Success :99-Assistant Commissioner
2021-02-16 13:00:48.8482 INFO Check WorkFlow List Success
2021-02-16 13:01:02.1108 INFO Get RR List Success
2021-02-16 13:01:50.8846 INFO Get User Success :wcedo
2021-02-16 13:01:53.7409 INFO Get User Success :99-Assistant Commissioner
2021-02-16 13:01:53.8314 INFO Check WorkFlow List Success
2021-02-16 13:02:07.0844 INFO Get RR List Success
2021-02-16 13:02:07.2134 INFO Get User Success :wcedo
2021-02-16 13:02:11.2426 INFO Get User Success :99-Assistant Commissioner
2021-02-16 13:02:11.3327 INFO Check WorkFlow List Success
2021-02-16 13:02:24.4284 INFO Get RR List Success
2021-02-16 13:02:27.2882 INFO Get User Success :99-Assistant Commissioner
2021-02-16 13:02:27.3757 INFO Check WorkFlow List Success
2021-02-16 13:02:40.2598 INFO Get RR List Success
2021-02-16 13:02:46.2485 INFO Get User Success :99-Assistant Commissioner
2021-02-16 13:02:46.3370 INFO Check WorkFlow List Success
2021-02-16 13:02:59.3244 INFO Get RR List Success
2021-02-16 13:02:59.4169 INFO Get User Success :wcedo
2021-02-16 13:03:20.7348 INFO Get User Success :99-Assistant Commissioner
2021-02-16 13:03:20.8218 INFO Check WorkFlow List Success
2021-02-16 13:03:33.8512 INFO Get RR List Success
2021-02-16 13:03:33.9509 INFO Get User Success :wcedo
2021-02-16 13:03:37.3394 INFO Get User Success :99-Assistant Commissioner
2021-02-16 13:03:37.4268 INFO Check WorkFlow List Success
2021-02-16 13:03:50.3881 INFO Get RR List Success
2021-02-16 13:04:00.9096 INFO Get User Success :100-Deputy Commissioner
2021-02-16 13:04:01.0283 INFO Get User Success :100-Deputy Commissioner
2021-02-16 13:04:18.4754 INFO Get User Success :100-Deputy Commissioner
2021-02-16 13:04:19.9999 INFO Get User Success :hodyco
2021-02-16 13:04:22.5996 INFO Get User Success :100-Deputy Commissioner
2021-02-16 13:04:22.7109 INFO Get User Success :100-Deputy Commissioner
2021-02-16 13:04:22.7982 INFO Check WorkFlow List Success
2021-02-16 13:04:35.7155 INFO Get RR List Success
2021-02-16 13:04:35.8813 INFO Get User Success :hodyco
2021-02-16 13:06:06.9109 INFO Get User Success :100-Deputy Commissioner
2021-02-16 13:06:07.0073 INFO Check WorkFlow List Success
2021-02-16 13:06:20.2254 INFO Get RR List Success
2021-02-16 13:06:29.8351 INFO Get User Success :hodyco
2021-02-16 13:06:38.8359 INFO Get User Success :100-Deputy Commissioner
2021-02-16 13:06:38.9224 INFO Check WorkFlow List Success
2021-02-16 13:06:51.7772 INFO Get RR List Success
2021-02-16 13:06:51.8744 INFO Get User Success :hodyco
2021-02-16 13:09:46.0412 INFO Get User Success :100-Deputy Commissioner
2021-02-16 13:09:46.1283 INFO Check WorkFlow List Success
2021-02-16 13:09:59.0399 INFO Get RR List Success
2021-02-16 13:09:59.1503 INFO Get User Success :hodyco
2021-02-16 13:10:01.6436 INFO Get User Success :100-Deputy Commissioner
2021-02-16 13:10:01.7322 INFO Check WorkFlow List Success
2021-02-16 13:10:14.7928 INFO Get RR List Success
2021-02-16 13:10:14.8882 INFO Get User Success :hodyco
2021-02-16 13:10:23.9795 INFO Get User Success :100-Deputy Commissioner
2021-02-16 13:10:24.0664 INFO Check WorkFlow List Success
2021-02-16 13:10:36.9289 INFO Get RR List Success
2021-02-16 13:11:46.9485 INFO Get User Success :hodyco
2021-02-16 13:12:02.7189 INFO Get User Success :100-Deputy Commissioner
2021-02-16 13:12:02.8063 INFO Check WorkFlow List Success
2021-02-16 13:17:47.2420 INFO Get User Success :99-Assistant Commissioner
2021-02-16 13:17:55.0790 INFO Get User Success :99-Assistant Commissioner
2021-02-16 13:17:55.4603 INFO Get User Success :wcedo
2021-02-16 13:17:59.0989 INFO Get User Success :99-Assistant Commissioner
2021-02-16 13:17:59.2374 INFO Get User Success :99-Assistant Commissioner
2021-02-16 13:17:59.3232 INFO Check WorkFlow List Success
2021-02-16 13:18:12.1042 INFO Get RR List Success
2021-02-16 13:18:12.2431 INFO Get User Success :wcedo
2021-02-16 13:18:14.9201 INFO Get User Success :99-Assistant Commissioner
2021-02-16 13:18:15.0066 INFO Check WorkFlow List Success
2021-02-16 13:18:27.9239 INFO Get RR List Success
2021-02-16 13:18:28.0207 INFO Get User Success :wcedo
2021-02-16 13:18:33.2887 INFO Get User Success :99-Assistant Commissioner
2021-02-16 13:18:33.3766 INFO Check WorkFlow List Success
2021-02-16 13:18:46.5752 INFO Get RR List Success
2021-02-16 13:18:46.6827 INFO Get User Success :wcedo
2021-02-16 13:19:00.5286 INFO Get User Success :100-Deputy Commissioner
2021-02-16 13:19:00.6669 INFO Get User Success :100-Deputy Commissioner
2021-02-16 13:19:01.9627 INFO Get User Success :hodyco
2021-02-16 13:19:04.4711 INFO Get User Success :100-Deputy Commissioner
2021-02-16 13:19:04.5827 INFO Get User Success :100-Deputy Commissioner
2021-02-16 13:19:04.6685 INFO Check WorkFlow List Success
2021-02-16 13:19:17.6710 INFO Get RR List Success
2021-02-16 13:19:17.8392 INFO Get User Success :hodyco
2021-02-16 13:19:21.6705 INFO Get User Success :100-Deputy Commissioner
2021-02-16 13:19:21.7562 INFO Check WorkFlow List Success
2021-02-16 13:19:34.6903 INFO Get RR List Success
2021-02-16 13:19:34.7833 INFO Get User Success :hodyco
2021-02-16 13:21:11.5374 INFO Get User Success :101-Commissioner
2021-02-16 13:21:11.6616 INFO Get User Success :101-Commissioner
2021-02-16 13:21:12.5506 INFO Get User Success :com
2021-02-16 13:21:15.8459 INFO Get User Success :101-Commissioner
2021-02-16 13:21:18.6509 INFO Get User Success :101-Commissioner
2021-02-16 13:21:21.0212 INFO Check WorkFlow List Success
2021-02-16 13:21:58.2350 INFO Get RR List Success
2021-02-16 13:21:58.4183 INFO Get User Success :com
2021-02-16 13:22:00.7470 INFO Get User Success :101-Commissioner
2021-02-16 13:22:00.8349 INFO Check WorkFlow List Success
2021-02-16 13:22:14.5350 INFO Get RR List Success
2021-02-16 13:22:14.6313 INFO Get User Success :com
2021-02-16 13:22:53.0758 INFO Get User Success :101-Commissioner
2021-02-16 13:22:53.1646 INFO Check WorkFlow List Success
2021-02-16 13:23:06.6995 INFO Get RR List Success
2021-02-16 13:23:06.7939 INFO Get User Success :com
2021-02-16 13:23:15.2597 INFO Get User Success :101-Commissioner
2021-02-16 13:23:15.3479 INFO Check WorkFlow List Success
2021-02-16 13:23:28.9262 INFO Get RR List Success
2021-02-16 13:23:56.8010 INFO Get User Success :com
2021-02-16 13:32:26.4719 INFO Get User Success :98-Harinagar Sugar Mills Limited(Distillery Division)
2021-02-16 13:32:26.6524 INFO Get User Success :98-Harinagar Sugar Mills Limited(Distillery Division)
2021-02-16 13:32:27.7333 INFO Get User Success :harinagar_dis
2021-02-16 13:32:33.4948 INFO Get User Success :98-Harinagar Sugar Mills Limited(Distillery Division)
2021-02-16 13:32:47.5773 INFO Get RR List Success
2021-02-16 13:32:47.8287 INFO Get User Success :harinagar_dis
2021-02-16 13:32:50.7156 INFO Get User Success :98-Harinagar Sugar Mills Limited(Distillery Division)
2021-02-16 13:32:50.8122 INFO Get Product Master List Success
2021-02-16 13:32:50.9157 INFO Get State List Success
2021-02-16 13:32:51.0051 INFO Get NOC Sucess:78
2021-02-16 13:32:51.1880 INFO Get NOC Sucess:Req/WC/HDD/ETH-NOC/2020-2021/17
2021-02-16 13:32:51.5591 INFO Get NOC Details Success
2021-02-16 13:32:51.6580 INFO Get Customer Details Success
2021-02-16 13:32:51.7901 INFO Check WorkFlow List Success
2021-02-16 13:32:52.0777 INFO Get User Success :harinagar_dis
2021-02-16 14:19:23.1415 INFO Get User Success :99-Assistant Commissioner
2021-02-16 14:19:26.1734 INFO Get User Success :99-Assistant Commissioner
2021-02-16 14:19:26.2396 INFO Get User Success :wcedo
2021-02-16 14:19:29.0539 INFO Get User Success :99-Assistant Commissioner
2021-02-16 14:19:41.3452 INFO Get User Success :99-Assistant Commissioner
2021-02-16 14:19:41.3622 INFO Check WorkFlow List Success
2021-02-16 14:19:41.5065 INFO Get RR List Success
2021-02-16 14:19:41.5789 INFO Get User Success :wcedo
2021-02-16 14:19:46.3012 INFO Get User Success :99-Assistant Commissioner
2021-02-16 14:19:46.3037 INFO Check WorkFlow List Success
2021-02-16 14:19:46.3715 INFO Get RR List Success
2021-02-16 14:19:46.3715 INFO Get User Success :wcedo
2021-02-16 14:19:47.9294 INFO Get User Success :99-Assistant Commissioner
2021-02-16 14:19:47.9294 INFO Check WorkFlow List Success
2021-02-16 14:19:47.9988 INFO Get RR List Success
2021-02-16 14:19:48.0123 INFO Get User Success :wcedo
2021-02-16 14:19:58.4836 INFO Get User Success :99-Assistant Commissioner
2021-02-16 14:19:58.4836 INFO Check WorkFlow List Success
2021-02-16 14:19:58.5523 INFO Get RR List Success
2021-02-16 14:20:00.0479 INFO Get User Success :99-Assistant Commissioner
2021-02-16 14:20:00.0479 INFO Check WorkFlow List Success
2021-02-16 14:20:00.1125 INFO Get RR List Success
2021-02-16 14:20:17.6628 INFO Get User Success :100-Deputy Commissioner
2021-02-16 14:20:17.6917 INFO Get User Success :100-Deputy Commissioner
2021-02-16 14:20:18.2208 INFO Get User Success :hodyco
2021-02-16 14:20:21.3579 INFO Get User Success :100-Deputy Commissioner
2021-02-16 14:20:21.3805 INFO Get User Success :100-Deputy Commissioner
2021-02-16 14:20:21.3805 INFO Check WorkFlow List Success
2021-02-16 14:20:21.4498 INFO Get RR List Success
2021-02-16 14:20:21.4498 INFO Get User Success :hodyco
2021-02-16 14:20:25.8634 INFO Get User Success :100-Deputy Commissioner
2021-02-16 14:20:25.8798 INFO Get Product Master List Success
2021-02-16 14:20:25.8798 INFO Get State List Success
2021-02-16 14:20:25.8798 INFO Get NOC Sucess:62
2021-02-16 14:20:25.8798 INFO Get NOC Sucess:Req//1
2021-02-16 14:20:25.8957 INFO Get State List Success
2021-02-16 14:20:25.8957 INFO Get NOC Details Success
2021-02-16 14:20:25.8957 INFO Get Customer Details Success
2021-02-16 14:20:25.9481 INFO Check WorkFlow List Success
2021-02-16 14:20:25.9591 INFO Get User Success :hodyco
2021-02-16 14:20:33.0036 INFO Check WorkFlow List Success
2021-02-16 14:20:33.0341 INFO NOC Approve Fail:50-Object reference not set to an instance of an object.
2021-02-16 14:20:50.9831 INFO Check WorkFlow List Success
2021-02-16 14:20:50.9949 INFO NOC Approve Fail:50-Object reference not set to an instance of an object.
2021-02-16 14:21:30.0889 INFO Check WorkFlow List Success
2021-02-16 14:23:18.5451 INFO Check WorkFlow List Success
2021-02-16 14:23:48.6068 INFO NOC Approve Fail:50-Exception while reading from stream
2021-02-16 14:26:41.9433 INFO Get User Success :98-Harinagar Sugar Mills Limited(Distillery Division)
2021-02-16 14:26:42.0291 INFO Get User Success :98-Harinagar Sugar Mills Limited(Distillery Division)
2021-02-16 14:26:42.1689 INFO Get User Success :harinagar_dis
2021-02-16 14:26:50.4634 INFO Get User Success :98-Harinagar Sugar Mills Limited(Distillery Division)
2021-02-16 14:26:50.5427 INFO Get RR List Success
2021-02-16 14:26:50.5897 INFO Get User Success :harinagar_dis
2021-02-16 14:26:57.7860 INFO Get User Success :98-Harinagar Sugar Mills Limited(Distillery Division)
2021-02-16 14:26:57.8555 INFO Get RR List Success
2021-02-16 14:27:07.9785 INFO Get User Success :99-Assistant Commissioner
2021-02-16 14:27:08.0002 INFO Get User Success :99-Assistant Commissioner
2021-02-16 14:27:08.0052 INFO Get User Success :wcedo
2021-02-16 14:27:10.3202 INFO Get User Success :99-Assistant Commissioner
2021-02-16 14:27:10.3644 INFO Get User Success :99-Assistant Commissioner
2021-02-16 14:27:10.3644 INFO Check WorkFlow List Success
2021-02-16 14:27:10.4381 INFO Get RR List Success
2021-02-16 14:27:10.4543 INFO Get User Success :wcedo
2021-02-16 14:27:13.9041 INFO Get User Success :99-Assistant Commissioner
2021-02-16 14:27:13.9041 INFO Check WorkFlow List Success
2021-02-16 14:27:13.9678 INFO Get RR List Success
2021-02-16 14:27:15.2059 INFO Get User Success :99-Assistant Commissioner
2021-02-16 14:27:15.2059 INFO Check WorkFlow List Success
2021-02-16 14:27:15.2720 INFO Get RR List Success
2021-02-16 14:27:17.0065 INFO Get User Success :99-Assistant Commissioner
2021-02-16 14:27:17.0065 INFO Check WorkFlow List Success
2021-02-16 14:27:17.0737 INFO Get RR List Success
2021-02-16 14:27:17.0737 INFO Get User Success :wcedo
2021-02-16 14:27:18.2958 INFO Get User Success :99-Assistant Commissioner
2021-02-16 14:27:18.2958 INFO Check WorkFlow List Success
2021-02-16 14:27:18.3630 INFO Get RR List Success
2021-02-16 14:27:18.3779 INFO Get User Success :wcedo
2021-02-16 14:27:27.8494 INFO Get User Success :100-Deputy Commissioner
2021-02-16 14:27:27.8713 INFO Get User Success :100-Deputy Commissioner
2021-02-16 14:27:28.3722 INFO Get User Success :hodyco
2021-02-16 14:27:30.7009 INFO Get User Success :100-Deputy Commissioner
2021-02-16 14:27:30.7215 INFO Get User Success :100-Deputy Commissioner
2021-02-16 14:27:30.7244 INFO Check WorkFlow List Success
2021-02-16 14:27:30.7920 INFO Get RR List Success
2021-02-16 14:27:30.7920 INFO Get User Success :hodyco
2021-02-16 14:27:32.6753 INFO Get User Success :100-Deputy Commissioner
2021-02-16 14:27:32.6823 INFO Get Product Master List Success
2021-02-16 14:27:32.6946 INFO Get State List Success
2021-02-16 14:27:32.6946 INFO Get NOC Sucess:62
2021-02-16 14:27:32.6946 INFO Get NOC Sucess:Req//1
2021-02-16 14:27:32.6946 INFO Get State List Success
2021-02-16 14:27:32.7112 INFO Get NOC Details Success
2021-02-16 14:27:32.7112 INFO Get Customer Details Success
2021-02-16 14:27:32.7432 INFO Check WorkFlow List Success
2021-02-16 14:27:32.7432 INFO Get User Success :hodyco
2021-02-16 14:28:24.6713 INFO Get User Success :100-Deputy Commissioner
2021-02-16 14:28:24.6713 INFO Get Product Master List Success
2021-02-16 14:28:24.6713 INFO Get State List Success
2021-02-16 14:28:24.6769 INFO Get NOC Sucess:62
2021-02-16 14:28:24.6769 INFO Get NOC Sucess:Req//1
2021-02-16 14:28:24.6769 INFO Get State List Success
2021-02-16 14:28:24.6769 INFO Get NOC Details Success
2021-02-16 14:28:46.7127 INFO Get Customer Details Success
2021-02-16 14:28:46.7127 INFO Check WorkFlow List Success
2021-02-16 14:28:46.7127 INFO Get User Success :hodyco
2021-02-16 14:28:48.3527 INFO Get User Success :100-Deputy Commissioner
2021-02-16 14:28:48.3527 INFO Get Product Master List Success
2021-02-16 14:28:48.3527 INFO Get State List Success
2021-02-16 14:28:48.3527 INFO Get NOC Sucess:62
2021-02-16 14:28:48.3527 INFO Get NOC Sucess:Req//1
2021-02-16 14:28:48.3527 INFO Get State List Success
2021-02-16 14:28:48.3667 INFO Get NOC Details Success
2021-02-16 14:28:48.3667 INFO Get Customer Details Success
2021-02-16 14:28:48.3667 INFO Check WorkFlow List Success
2021-02-16 14:28:48.3816 INFO Get User Success :hodyco
2021-02-16 14:28:55.6014 INFO Get User Success :100-Deputy Commissioner
2021-02-16 14:28:55.6014 INFO Get Product Master List Success
2021-02-16 14:28:55.6014 INFO Get State List Success
2021-02-16 14:28:55.6014 INFO Get NOC Sucess:62
2021-02-16 14:28:55.6014 INFO Get NOC Sucess:Req//1
2021-02-16 14:28:55.6014 INFO Get State List Success
2021-02-16 14:28:55.6161 INFO Get NOC Details Success
2021-02-16 14:29:24.9842 INFO Get Customer Details Success
2021-02-16 14:29:24.9842 INFO Check WorkFlow List Success
2021-02-16 14:29:24.9931 INFO Get User Success :hodyco
2021-02-16 14:29:37.7604 INFO Check WorkFlow List Success
2021-02-16 14:29:37.8074 INFO NOC Approve Fail:50-Object reference not set to an instance of an object.
2021-02-16 14:29:53.4359 INFO Check WorkFlow List Success
2021-02-16 14:30:23.5021 INFO NOC Approve Sucess:50
2021-02-16 14:30:23.5270 INFO Get User Success :100-Deputy Commissioner
2021-02-16 14:30:23.5490 INFO Get User Success :100-Deputy Commissioner
2021-02-16 14:30:23.5490 INFO Check WorkFlow List Success
2021-02-16 14:30:23.6207 INFO Get RR List Success
2021-02-16 14:30:23.6207 INFO Get User Success :hodyco
2021-02-16 14:30:36.3639 INFO Get User Success :99-Assistant Commissioner
2021-02-16 14:30:36.3878 INFO Get User Success :99-Assistant Commissioner
2021-02-16 14:30:36.3878 INFO Get User Success :wcedo
2021-02-16 14:30:38.6128 INFO Get User Success :99-Assistant Commissioner
2021-02-16 14:30:38.6347 INFO Get User Success :99-Assistant Commissioner
2021-02-16 14:30:38.6347 INFO Check WorkFlow List Success
2021-02-16 14:30:38.7092 INFO Get RR List Success
2021-02-16 14:30:38.7092 INFO Get User Success :wcedo
2021-02-16 14:30:40.2694 INFO Get User Success :99-Assistant Commissioner
2021-02-16 14:30:40.2704 INFO Check WorkFlow List Success
2021-02-16 14:30:40.3333 INFO Get RR List Success
2021-02-16 14:30:40.3333 INFO Get User Success :wcedo
2021-02-16 14:30:54.1409 INFO Get User Success :100-Deputy Commissioner
2021-02-16 14:30:54.1711 INFO Get User Success :100-Deputy Commissioner
2021-02-16 14:30:54.6637 INFO Get User Success :hodyco
2021-02-16 14:30:57.8847 INFO Get User Success :100-Deputy Commissioner
2021-02-16 14:30:57.9103 INFO Get User Success :100-Deputy Commissioner
2021-02-16 14:30:57.9133 INFO Check WorkFlow List Success
2021-02-16 14:30:57.9796 INFO Get RR List Success
2021-02-16 14:30:57.9796 INFO Get User Success :hodyco
2021-02-16 14:31:00.0155 INFO Get User Success :100-Deputy Commissioner
2021-02-16 14:31:00.0155 INFO Check WorkFlow List Success
2021-02-16 14:31:00.0787 INFO Get RR List Success
2021-02-16 14:31:00.0838 INFO Get User Success :hodyco
2021-02-16 14:31:01.5322 INFO Get User Success :100-Deputy Commissioner
2021-02-16 14:31:01.5322 INFO Check WorkFlow List Success
2021-02-16 14:31:01.6046 INFO Get RR List Success
2021-02-16 14:31:01.6046 INFO Get User Success :hodyco
2021-02-16 14:31:03.1236 INFO Get User Success :100-Deputy Commissioner
2021-02-16 14:31:03.1236 INFO Check WorkFlow List Success
2021-02-16 14:31:03.1925 INFO Get RR List Success
2021-02-16 14:31:03.1925 INFO Get User Success :hodyco
2021-02-16 14:31:15.6122 INFO Get User Success :100-Deputy Commissioner
2021-02-16 14:31:15.6142 INFO Check WorkFlow List Success
2021-02-16 14:31:17.2611 INFO Get RR List Success
2021-02-16 14:32:47.8396 INFO Get User Success :hodyco
2021-02-16 14:33:12.4744 INFO Get User Success :100-Deputy Commissioner
2021-02-16 14:33:12.4744 INFO Check WorkFlow List Success
2021-02-16 14:33:36.6542 INFO Get RR List Success
2021-02-16 14:33:36.6614 INFO Get User Success :hodyco
2021-02-16 14:33:39.0120 INFO Get User Success :100-Deputy Commissioner
2021-02-16 14:33:39.0210 INFO Check WorkFlow List Success
2021-02-16 14:33:41.8343 INFO Get RR List Success
2021-02-16 14:34:34.2958 INFO Get User Success :hodyco
2021-02-16 14:34:48.0249 INFO Get User Success :99-Assistant Commissioner
2021-02-16 14:34:48.0489 INFO Get User Success :99-Assistant Commissioner
2021-02-16 14:34:48.0538 INFO Get User Success :wcedo
2021-02-16 14:34:50.4215 INFO Get User Success :99-Assistant Commissioner
2021-02-16 14:34:50.4579 INFO Get User Success :99-Assistant Commissioner
2021-02-16 14:34:50.4579 INFO Check WorkFlow List Success
2021-02-16 14:34:50.5314 INFO Get RR List Success
2021-02-16 14:34:50.5382 INFO Get User Success :wcedo
2021-02-16 14:34:51.5819 INFO Get User Success :99-Assistant Commissioner
2021-02-16 14:34:51.5836 INFO Check WorkFlow List Success
2021-02-16 14:34:51.6544 INFO Get RR List Success
2021-02-16 14:34:51.6544 INFO Get User Success :wcedo
2021-02-16 14:34:52.9877 INFO Get User Success :99-Assistant Commissioner
2021-02-16 14:34:52.9877 INFO Check WorkFlow List Success
2021-02-16 14:34:53.0585 INFO Get RR List Success
2021-02-16 14:34:53.0585 INFO Get User Success :wcedo
2021-02-16 14:34:53.6936 INFO Get User Success :99-Assistant Commissioner
2021-02-16 14:34:53.6936 INFO Check WorkFlow List Success
2021-02-16 14:34:53.7647 INFO Get RR List Success
2021-02-16 14:34:53.7647 INFO Get User Success :wcedo
2021-02-16 14:34:54.3256 INFO Get User Success :99-Assistant Commissioner
2021-02-16 14:34:54.3256 INFO Check WorkFlow List Success
2021-02-16 14:34:54.3918 INFO Get RR List Success
2021-02-16 14:34:54.3996 INFO Get User Success :wcedo
2021-02-16 14:34:56.2999 INFO Get User Success :99-Assistant Commissioner
2021-02-16 14:34:56.3019 INFO Check WorkFlow List Success
2021-02-16 14:34:56.3651 INFO Get RR List Success
2021-02-16 14:34:56.3651 INFO Get User Success :wcedo
2021-02-16 14:34:57.7490 INFO Get User Success :99-Assistant Commissioner
2021-02-16 14:34:57.7490 INFO Check WorkFlow List Success
2021-02-16 14:34:57.8148 INFO Get RR List Success
2021-02-16 14:34:57.8198 INFO Get User Success :wcedo
2021-02-16 14:35:01.0878 INFO Get User Success :99-Assistant Commissioner
2021-02-16 14:35:01.0878 INFO Check WorkFlow List Success
2021-02-16 14:35:01.1561 INFO Get RR List Success
2021-02-16 14:35:02.7722 INFO Get User Success :99-Assistant Commissioner
2021-02-16 14:35:02.7722 INFO Check WorkFlow List Success
2021-02-16 14:35:02.8491 INFO Get RR List Success
2021-02-16 14:35:28.5749 INFO Get User Success :99-Assistant Commissioner
2021-02-16 14:35:28.5749 INFO Check WorkFlow List Success
2021-02-16 14:35:28.6408 INFO Get RR List Success
2021-02-16 14:35:28.6408 INFO Get User Success :wcedo
2021-02-16 14:35:47.1936 INFO Get User Success :99-Assistant Commissioner
2021-02-16 14:35:47.1936 INFO Check WorkFlow List Success
2021-02-16 14:35:47.2608 INFO Get RR List Success
2021-02-16 14:36:17.0345 INFO Get User Success :wcedo
2021-02-16 14:36:33.4610 INFO Get User Success :135-Assistant Commissioner
2021-02-16 14:36:33.4842 INFO Get User Success :135-Assistant Commissioner
2021-02-16 14:36:33.4902 INFO Get User Success :ecedo
2021-02-16 14:36:35.7398 INFO Get User Success :135-Assistant Commissioner
2021-02-16 14:36:35.7603 INFO Get User Success :135-Assistant Commissioner
2021-02-16 14:36:35.7603 INFO Check WorkFlow List Success
2021-02-16 14:36:35.8261 INFO Get RR List Success
2021-02-16 14:36:35.8261 INFO Get User Success :ecedo
2021-02-16 14:36:37.0848 INFO Get User Success :135-Assistant Commissioner
2021-02-16 14:36:37.0848 INFO Check WorkFlow List Success
2021-02-16 14:36:37.1626 INFO Get RR List Success
2021-02-16 14:36:37.1626 INFO Get User Success :ecedo
2021-02-16 14:36:40.4926 INFO Get User Success :135-Assistant Commissioner
2021-02-16 14:36:40.4926 INFO Get Product Master List Success
2021-02-16 14:36:40.4926 INFO Get State List Success
2021-02-16 14:36:40.4926 INFO Get NOC Sucess:62
2021-02-16 14:36:40.4926 INFO Get NOC Sucess:Req//1
2021-02-16 14:36:40.4926 INFO Get State List Success
2021-02-16 14:36:40.5096 INFO Get NOC Details Success
2021-02-16 14:36:43.8292 INFO Get Customer Details Success
2021-02-16 14:36:43.8292 INFO Check WorkFlow List Success
2021-02-16 14:36:43.8372 INFO Get User Success :ecedo
2021-02-16 14:36:48.6360 INFO Get User Success :135-Assistant Commissioner
2021-02-16 14:36:48.6610 INFO Get User Success :135-Assistant Commissioner
2021-02-16 14:36:48.6620 INFO Check WorkFlow List Success
2021-02-16 14:36:48.7299 INFO Get RR List Success
2021-02-16 14:36:48.7299 INFO Get User Success :ecedo
2021-02-16 14:36:51.1935 INFO Get User Success :135-Assistant Commissioner
2021-02-16 14:36:51.1935 INFO Check WorkFlow List Success
2021-02-16 14:36:51.2646 INFO Get RR List Success
2021-02-16 14:36:51.2646 INFO Get User Success :ecedo
2021-02-16 14:37:25.4449 INFO Get User Success :135-Assistant Commissioner
2021-02-16 14:37:25.4449 INFO Check WorkFlow List Success
2021-02-16 14:37:25.5099 INFO Get RR List Success
2021-02-16 14:37:34.9597 INFO Get User Success :ecedo
2021-02-16 14:37:40.3741 INFO Get User Success :135-Assistant Commissioner
2021-02-16 14:37:40.3741 INFO Check WorkFlow List Success
2021-02-16 14:37:40.4462 INFO Get RR List Success
2021-02-16 14:37:40.4462 INFO Get User Success :ecedo
2021-02-16 14:37:41.0345 INFO Get User Success :135-Assistant Commissioner
2021-02-16 14:37:41.0365 INFO Check WorkFlow List Success
2021-02-16 14:37:41.1036 INFO Get RR List Success
2021-02-16 14:37:41.1036 INFO Get User Success :ecedo
2021-02-16 14:37:41.6280 INFO Get User Success :135-Assistant Commissioner
2021-02-16 14:37:41.6280 INFO Check WorkFlow List Success
2021-02-16 14:37:41.6952 INFO Get RR List Success
2021-02-16 14:37:41.6952 INFO Get User Success :ecedo
2021-02-16 14:37:42.0642 INFO Get User Success :135-Assistant Commissioner
2021-02-16 14:37:42.0642 INFO Check WorkFlow List Success
2021-02-16 14:37:42.1310 INFO Get RR List Success
2021-02-16 14:38:09.1772 INFO Get User Success :ecedo
2021-02-16 14:38:09.7096 INFO Get User Success :135-Assistant Commissioner
2021-02-16 14:38:09.7096 INFO Check WorkFlow List Success
2021-02-16 14:38:09.7724 INFO Get RR List Success
2021-02-16 14:38:09.7724 INFO Get User Success :ecedo
2021-02-16 14:38:13.3340 INFO Get User Success :135-Assistant Commissioner
2021-02-16 14:38:13.3340 INFO Check WorkFlow List Success
2021-02-16 14:38:13.4056 INFO Get RR List Success
2021-02-16 14:38:13.4056 INFO Get User Success :ecedo
2021-02-16 14:38:14.3640 INFO Get User Success :135-Assistant Commissioner
2021-02-16 14:38:14.3650 INFO Check WorkFlow List Success
2021-02-16 14:38:14.4280 INFO Get RR List Success
2021-02-16 14:38:14.4280 INFO Get User Success :ecedo
2021-02-16 14:38:32.0050 INFO Get User Success :135-Assistant Commissioner
2021-02-16 14:38:32.0050 INFO Check WorkFlow List Success
2021-02-16 14:38:57.0509 INFO Get RR List Success
2021-02-16 14:38:57.0550 INFO Get User Success :ecedo
2021-02-16 14:38:59.1874 INFO Get User Success :135-Assistant Commissioner
2021-02-16 14:38:59.1874 INFO Check WorkFlow List Success
2021-02-16 14:38:59.2581 INFO Get RR List Success
2021-02-16 14:38:59.2581 INFO Get User Success :ecedo
2021-02-16 14:39:00.7055 INFO Get User Success :135-Assistant Commissioner
2021-02-16 14:39:00.7055 INFO Check WorkFlow List Success
2021-02-16 14:39:00.7790 INFO Get RR List Success
2021-02-16 14:39:00.7790 INFO Get User Success :ecedo
2021-02-16 14:39:02.7014 INFO Get User Success :135-Assistant Commissioner
2021-02-16 14:39:02.7014 INFO Check WorkFlow List Success
2021-02-16 14:39:02.7714 INFO Get RR List Success
2021-02-16 14:39:02.7714 INFO Get User Success :ecedo
2021-02-16 14:39:03.4051 INFO Get User Success :135-Assistant Commissioner
2021-02-16 14:39:03.4051 INFO Check WorkFlow List Success
2021-02-16 14:39:09.8911 INFO Get RR List Success
2021-02-16 14:39:09.8958 INFO Get User Success :ecedo
2021-02-16 14:40:06.6896 INFO Get User Success :135-Assistant Commissioner
2021-02-16 14:40:06.6896 INFO Check WorkFlow List Success
2021-02-16 14:40:06.7591 INFO Get RR List Success
2021-02-16 14:40:06.7591 INFO Get User Success :ecedo
2021-02-16 14:40:07.4854 INFO Get User Success :135-Assistant Commissioner
2021-02-16 14:40:07.4854 INFO Check WorkFlow List Success
2021-02-16 14:40:07.5738 INFO Get RR List Success
2021-02-16 14:40:07.5738 INFO Get User Success :ecedo
2021-02-16 14:40:16.1060 INFO Get User Success :101-Commissioner
2021-02-16 14:40:16.1331 INFO Get User Success :101-Commissioner
2021-02-16 14:40:16.6468 INFO Get User Success :com
2021-02-16 14:40:19.1169 INFO Get User Success :101-Commissioner
2021-02-16 14:40:19.1390 INFO Get User Success :101-Commissioner
2021-02-16 14:40:19.1390 INFO Check WorkFlow List Success
2021-02-16 14:40:19.2118 INFO Get RR List Success
2021-02-16 14:40:19.2118 INFO Get User Success :com
2021-02-16 14:40:22.5174 INFO Get User Success :101-Commissioner
2021-02-16 14:40:22.5174 INFO Check WorkFlow List Success
2021-02-16 14:40:22.5868 INFO Get RR List Success
2021-02-16 14:40:22.5868 INFO Get User Success :com
2021-02-16 14:40:24.5388 INFO Get User Success :101-Commissioner
2021-02-16 14:40:24.5388 INFO Check WorkFlow List Success
2021-02-16 14:40:24.6036 INFO Get RR List Success
2021-02-16 14:40:24.6036 INFO Get User Success :com
2021-02-16 14:40:25.7949 INFO Get User Success :101-Commissioner
2021-02-16 14:40:25.7949 INFO Check WorkFlow List Success
2021-02-16 14:40:25.8585 INFO Get RR List Success
2021-02-16 14:40:25.8585 INFO Get User Success :com
2021-02-16 14:40:44.6442 INFO Get User Success :101-Commissioner
2021-02-16 14:40:44.6462 INFO Check WorkFlow List Success
2021-02-16 14:40:44.7089 INFO Get RR List Success
2021-02-16 14:41:11.4355 INFO Get User Success :com
2021-02-16 14:41:31.5789 INFO Get User Success :101-Commissioner
2021-02-16 14:41:31.6078 INFO Get User Success :101-Commissioner
2021-02-16 14:41:31.6078 INFO Check WorkFlow List Success
2021-02-16 14:41:31.6805 INFO Get RR List Success
2021-02-16 14:41:31.6805 INFO Get User Success :com
2021-02-16 14:41:33.8789 INFO Get User Success :101-Commissioner
2021-02-16 14:41:33.8799 INFO Check WorkFlow List Success
2021-02-16 14:41:33.9456 INFO Get RR List Success
2021-02-16 14:41:33.9456 INFO Get User Success :com
2021-02-16 14:41:55.1553 INFO Get User Success :101-Commissioner
2021-02-16 14:41:55.1553 INFO Check WorkFlow List Success
2021-02-16 14:41:55.2286 INFO Get RR List Success
2021-02-16 14:42:28.7715 INFO Get User Success :com
2021-02-16 14:42:32.8385 INFO Get User Success :101-Commissioner
2021-02-16 14:42:32.8385 INFO Check WorkFlow List Success
2021-02-16 14:42:32.9154 INFO Get RR List Success
2021-02-16 14:42:43.9104 INFO Get User Success :101-Commissioner
2021-02-16 14:42:43.9124 INFO Check WorkFlow List Success
2021-02-16 14:42:43.9797 INFO Get RR List Success
2021-02-16 14:42:43.9797 INFO Get User Success :com
2021-02-16 14:42:45.8919 INFO Get User Success :101-Commissioner
2021-02-16 14:42:45.8919 INFO Check WorkFlow List Success
2021-02-16 14:42:45.9569 INFO Get RR List Success
2021-02-16 14:43:19.7438 INFO Get User Success :101-Commissioner
2021-02-16 14:43:19.7438 INFO Check WorkFlow List Success
2021-02-16 14:43:19.8149 INFO Get RR List Success
2021-02-16 14:43:21.0218 INFO Get User Success :101-Commissioner
2021-02-16 14:43:21.0218 INFO Check WorkFlow List Success
2021-02-16 14:43:21.0888 INFO Get RR List Success
2021-02-16 14:43:22.0912 INFO Get User Success :101-Commissioner
2021-02-16 14:43:22.0912 INFO Check WorkFlow List Success
2021-02-16 14:43:22.1579 INFO Get RR List Success
2021-02-16 14:43:23.8142 INFO Get User Success :101-Commissioner
2021-02-16 14:43:23.8182 INFO Check WorkFlow List Success
2021-02-16 14:43:23.8812 INFO Get RR List Success
2021-02-16 14:43:25.6509 INFO Get User Success :101-Commissioner
2021-02-16 14:43:25.6509 INFO Check WorkFlow List Success
2021-02-16 14:43:25.7199 INFO Get RR List Success
2021-02-16 14:43:28.4597 INFO Get User Success :101-Commissioner
2021-02-16 14:43:28.4597 INFO Check WorkFlow List Success
2021-02-16 14:43:28.5295 INFO Get RR List Success
2021-02-16 14:43:34.7958 INFO Get User Success :101-Commissioner
2021-02-16 14:43:34.7958 INFO Check WorkFlow List Success
2021-02-16 14:43:34.8650 INFO Get RR List Success
2021-02-16 14:43:37.3727 INFO Get User Success :com
2021-02-16 14:43:40.6937 INFO Get User Success :101-Commissioner
2021-02-16 14:43:40.6937 INFO Check WorkFlow List Success
2021-02-16 14:43:40.7620 INFO Get RR List Success
2021-02-16 14:43:40.7620 INFO Get User Success :com
2021-02-16 14:43:42.1501 INFO Get User Success :101-Commissioner
2021-02-16 14:43:42.1501 INFO Get Product Master List Success
2021-02-16 14:43:42.1501 INFO Get State List Success
2021-02-16 14:43:42.1501 INFO Get NOC Sucess:62
2021-02-16 14:43:42.1501 INFO Get NOC Sucess:Req//1
2021-02-16 14:43:42.1501 INFO Get State List Success
2021-02-16 14:43:42.1651 INFO Get NOC Details Success
2021-02-16 14:43:42.1651 INFO Get Customer Details Success
2021-02-16 14:43:42.1651 INFO Check WorkFlow List Success
2021-02-16 14:43:42.1770 INFO Get User Success :com
2021-02-16 14:43:51.8769 INFO Check WorkFlow List Success
2021-02-16 14:43:51.8918 INFO NOC Approve Sucess:51
2021-02-16 14:43:51.9223 INFO Get User Success :101-Commissioner
2021-02-16 14:43:51.9448 INFO Get User Success :101-Commissioner
2021-02-16 14:43:51.9448 INFO Check WorkFlow List Success
2021-02-16 14:43:52.0086 INFO Get RR List Success
2021-02-16 14:43:52.0086 INFO Get User Success :com
2021-02-16 14:43:56.0760 INFO Get User Success :101-Commissioner
2021-02-16 14:43:56.0760 INFO Check WorkFlow List Success
2021-02-16 14:43:56.1415 INFO Get RR List Success
2021-02-16 14:43:56.1467 INFO Get User Success :com
2021-02-16 14:44:05.0513 INFO Get User Success :100-Deputy Commissioner
2021-02-16 14:44:05.0738 INFO Get User Success :100-Deputy Commissioner
2021-02-16 14:44:05.5615 INFO Get User Success :hodyco
2021-02-16 14:44:07.7895 INFO Get User Success :100-Deputy Commissioner
2021-02-16 14:44:07.8136 INFO Get User Success :100-Deputy Commissioner
2021-02-16 14:44:07.8136 INFO Check WorkFlow List Success
2021-02-16 14:44:07.8886 INFO Get RR List Success
2021-02-16 14:44:07.8956 INFO Get User Success :hodyco
2021-02-16 14:44:09.1733 INFO Get User Success :100-Deputy Commissioner
2021-02-16 14:44:09.1733 INFO Check WorkFlow List Success
2021-02-16 14:44:09.2405 INFO Get RR List Success
2021-02-16 14:44:09.2405 INFO Get User Success :hodyco
2021-02-16 14:44:09.5529 INFO Get User Success :100-Deputy Commissioner
2021-02-16 14:44:09.5529 INFO Check WorkFlow List Success
2021-02-16 14:44:09.6211 INFO Get RR List Success
2021-02-16 14:44:09.6211 INFO Get User Success :hodyco
2021-02-16 14:44:38.6812 INFO Get User Success :100-Deputy Commissioner
2021-02-16 14:44:38.6812 INFO Check WorkFlow List Success
2021-02-16 14:44:38.7503 INFO Get RR List Success
2021-02-16 14:44:41.5937 INFO Get User Success :hodyco
2021-02-16 14:44:49.6114 INFO Get User Success :100-Deputy Commissioner
2021-02-16 14:44:49.6114 INFO Check WorkFlow List Success
2021-02-16 14:44:49.6788 INFO Get RR List Success
2021-02-16 14:44:49.6788 INFO Get User Success :hodyco
2021-02-16 14:44:53.9718 INFO Get User Success :100-Deputy Commissioner
2021-02-16 14:44:53.9738 INFO Check WorkFlow List Success
2021-02-16 14:44:54.0448 INFO Get RR List Success
2021-02-16 14:44:54.0448 INFO Get User Success :hodyco
2021-02-16 14:45:04.9060 INFO Get User Success :101-Commissioner
2021-02-16 14:45:04.9373 INFO Get User Success :101-Commissioner
2021-02-16 14:45:05.4306 INFO Get User Success :com
2021-02-16 14:45:07.7782 INFO Get User Success :101-Commissioner
2021-02-16 14:45:07.8072 INFO Get User Success :101-Commissioner
2021-02-16 14:45:07.8072 INFO Check WorkFlow List Success
2021-02-16 14:45:07.8798 INFO Get RR List Success
2021-02-16 14:45:07.8798 INFO Get User Success :com
2021-02-16 14:45:08.8747 INFO Get User Success :101-Commissioner
2021-02-16 14:45:08.8747 INFO Check WorkFlow List Success
2021-02-16 14:45:08.9524 INFO Get RR List Success
2021-02-16 14:45:08.9524 INFO Get User Success :com
2021-02-16 14:45:19.0046 INFO Get User Success :100-Deputy Commissioner
2021-02-16 14:45:19.0285 INFO Get User Success :100-Deputy Commissioner
2021-02-16 14:45:19.5320 INFO Get User Success :hodyco
2021-02-16 14:45:21.2062 INFO Get User Success :100-Deputy Commissioner
2021-02-16 14:45:21.2322 INFO Get User Success :100-Deputy Commissioner
2021-02-16 14:45:21.2322 INFO Check WorkFlow List Success
2021-02-16 14:45:21.2990 INFO Get RR List Success
2021-02-16 14:45:21.3040 INFO Get User Success :hodyco
2021-02-16 14:45:22.8173 INFO Get User Success :100-Deputy Commissioner
2021-02-16 14:45:22.8173 INFO Get Product Master List Success
2021-02-16 14:45:22.8173 INFO Get State List Success
2021-02-16 14:45:22.8173 INFO Get NOC Sucess:62
2021-02-16 14:45:22.8173 INFO Get NOC Sucess:Req//1
2021-02-16 14:45:22.8173 INFO Get State List Success
2021-02-16 14:45:22.8358 INFO Get NOC Details Success
2021-02-16 14:45:22.8358 INFO Get Customer Details Success
2021-02-16 14:45:22.8358 INFO Check WorkFlow List Success
2021-02-16 14:45:22.8358 INFO Get User Success :hodyco
2021-02-16 14:45:28.8742 INFO Get User Success :100-Deputy Commissioner
2021-02-16 14:45:28.9009 INFO NOC Approve Sucess:29
2021-02-16 14:45:28.9287 INFO Get User Success :100-Deputy Commissioner
2021-02-16 14:45:28.9546 INFO Get User Success :100-Deputy Commissioner
2021-02-16 14:45:28.9546 INFO Check WorkFlow List Success
2021-02-16 14:45:29.0265 INFO Get RR List Success
2021-02-16 14:45:29.0265 INFO Get User Success :hodyco
2021-02-16 14:45:36.8554 INFO Get User Success :101-Commissioner
2021-02-16 14:45:36.8823 INFO Get User Success :101-Commissioner
2021-02-16 14:45:37.3730 INFO Get User Success :com
2021-02-16 14:45:39.4266 INFO Get User Success :101-Commissioner
2021-02-16 14:45:39.4489 INFO Get User Success :101-Commissioner
2021-02-16 14:45:39.4489 INFO Check WorkFlow List Success
2021-02-16 14:45:39.5236 INFO Get RR List Success
2021-02-16 14:45:39.5236 INFO Get User Success :com
2021-02-16 14:45:41.3430 INFO Get User Success :101-Commissioner
2021-02-16 14:45:41.3430 INFO Get Product Master List Success
2021-02-16 14:45:41.3430 INFO Get State List Success
2021-02-16 14:45:41.3430 INFO Get NOC Sucess:62
2021-02-16 14:45:41.3510 INFO Get NOC Sucess:Req//1
2021-02-16 14:45:41.3510 INFO Get State List Success
2021-02-16 14:45:41.3510 INFO Get NOC Details Success
2021-02-16 14:45:41.3510 INFO Get Customer Details Success
2021-02-16 14:45:41.3510 INFO Check WorkFlow List Success
2021-02-16 14:45:41.3673 INFO Get User Success :com
2021-02-16 14:45:48.4713 INFO Get User Success :101-Commissioner
2021-02-16 14:45:48.4847 INFO NOC Approve Sucess:29
2021-02-16 14:45:48.5066 INFO Get User Success :101-Commissioner
2021-02-16 14:45:48.5303 INFO Get User Success :101-Commissioner
2021-02-16 14:45:48.5443 INFO Check WorkFlow List Success
2021-02-16 14:45:48.6165 INFO Get RR List Success
2021-02-16 14:45:48.6165 INFO Get User Success :com
2021-02-16 14:45:51.1957 INFO Get User Success :101-Commissioner
2021-02-16 14:45:51.1957 INFO Check WorkFlow List Success
2021-02-16 14:45:51.2656 INFO Get RR List Success
2021-02-16 14:45:51.2656 INFO Get User Success :com
2021-02-16 14:45:51.9071 INFO Get User Success :101-Commissioner
2021-02-16 14:45:51.9071 INFO Check WorkFlow List Success
2021-02-16 14:45:51.9873 INFO Get RR List Success
2021-02-16 14:45:51.9926 INFO Get User Success :com
2021-02-16 14:46:01.5594 INFO Get User Success :100-Deputy Commissioner
2021-02-16 14:46:01.5962 INFO Get User Success :100-Deputy Commissioner
2021-02-16 14:46:02.0860 INFO Get User Success :hodyco
2021-02-16 14:46:04.1471 INFO Get User Success :100-Deputy Commissioner
2021-02-16 14:46:04.1778 INFO Get User Success :100-Deputy Commissioner
2021-02-16 14:46:04.1778 INFO Check WorkFlow List Success
2021-02-16 14:46:04.2503 INFO Get RR List Success
2021-02-16 14:46:04.2549 INFO Get User Success :hodyco
2021-02-16 14:46:05.3614 INFO Get User Success :100-Deputy Commissioner
2021-02-16 14:46:05.3614 INFO Check WorkFlow List Success
2021-02-16 14:46:05.4291 INFO Get RR List Success
2021-02-16 14:46:05.4291 INFO Get User Success :hodyco
2021-02-16 14:46:07.5227 INFO Get User Success :100-Deputy Commissioner
2021-02-16 14:46:07.5227 INFO Check WorkFlow List Success
2021-02-16 14:46:07.5969 INFO Get RR List Success
2021-02-16 14:46:07.6042 INFO Get User Success :hodyco
2021-02-16 14:46:11.7342 INFO Get User Success :100-Deputy Commissioner
2021-02-16 14:46:11.7342 INFO Check WorkFlow List Success
2021-02-16 14:46:11.8041 INFO Get RR List Success
2021-02-16 14:46:11.8214 INFO Get User Success :hodyco
2021-02-16 14:46:24.5091 INFO Get User Success :100-Deputy Commissioner
2021-02-16 14:46:24.5091 INFO Check WorkFlow List Success
2021-02-16 14:46:24.5771 INFO Get RR List Success
2021-02-16 14:46:24.5844 INFO Get User Success :hodyco
2021-02-16 14:46:38.6837 INFO Get User Success :100-Deputy Commissioner
2021-02-16 14:46:38.6837 INFO Check WorkFlow List Success
2021-02-16 14:46:38.7474 INFO Get RR List Success
2021-02-16 14:46:38.7474 INFO Get User Success :hodyco
2021-02-16 14:46:40.2680 INFO Get User Success :100-Deputy Commissioner
2021-02-16 14:46:40.2680 INFO Check WorkFlow List Success
2021-02-16 14:46:40.3464 INFO Get RR List Success
2021-02-16 14:46:40.3514 INFO Get User Success :hodyco
2021-02-16 14:46:47.7549 INFO Get User Success :100-Deputy Commissioner
2021-02-16 14:46:47.7549 INFO Check WorkFlow List Success
2021-02-16 14:46:47.8213 INFO Get RR List Success
2021-02-16 14:46:58.7399 INFO Get User Success :hodyco
2021-02-16 14:47:01.2102 INFO Get User Success :100-Deputy Commissioner
2021-02-16 14:47:01.2102 INFO Check WorkFlow List Success
2021-02-16 14:47:01.2806 INFO Get RR List Success
2021-02-16 14:47:01.2862 INFO Get User Success :hodyco
2021-02-16 14:47:12.8540 INFO Get User Success :100-Deputy Commissioner
2021-02-16 14:47:12.8540 INFO Check WorkFlow List Success
2021-02-16 14:47:12.9224 INFO Get RR List Success
2021-02-16 14:47:12.9321 INFO Get User Success :hodyco
2021-02-16 14:47:22.8071 INFO Get User Success :100-Deputy Commissioner
2021-02-16 14:47:22.8071 INFO Check WorkFlow List Success
2021-02-16 14:47:22.8741 INFO Get RR List Success
2021-02-16 14:49:11.2274 INFO Get User Success :hodyco
2021-02-16 14:49:15.3485 INFO Get User Success :100-Deputy Commissioner
2021-02-16 14:49:15.3504 INFO Check WorkFlow List Success
2021-02-16 14:49:15.4182 INFO Get RR List Success
2021-02-16 14:49:15.4182 INFO Get User Success :hodyco
2021-02-16 14:49:17.1550 INFO Get User Success :100-Deputy Commissioner
2021-02-16 14:49:17.1550 INFO Check WorkFlow List Success
2021-02-16 14:49:17.2296 INFO Get RR List Success
2021-02-16 14:49:17.2296 INFO Get User Success :hodyco
2021-02-16 14:49:19.5495 INFO Get User Success :100-Deputy Commissioner
2021-02-16 14:49:19.5495 INFO Check WorkFlow List Success
2021-02-16 14:49:19.6208 INFO Get RR List Success
2021-02-16 14:49:25.8186 INFO Get User Success :100-Deputy Commissioner
2021-02-16 14:49:25.8186 INFO Check WorkFlow List Success
2021-02-16 14:49:25.8853 INFO Get RR List Success
2021-02-16 14:49:25.8853 INFO Get User Success :hodyco
2021-02-16 14:49:31.1531 INFO Get User Success :100-Deputy Commissioner
2021-02-16 14:49:31.1531 INFO Check WorkFlow List Success
2021-02-16 14:49:31.2191 INFO Get RR List Success
2021-02-16 14:49:31.2191 INFO Get User Success :hodyco
2021-02-16 14:49:32.3978 INFO Get User Success :100-Deputy Commissioner
2021-02-16 14:49:32.3978 INFO Check WorkFlow List Success
2021-02-16 14:49:32.4909 INFO Get RR List Success
2021-02-16 14:49:32.4909 INFO Get User Success :hodyco
2021-02-16 14:49:33.8861 INFO Get User Success :100-Deputy Commissioner
2021-02-16 14:49:33.8861 INFO Check WorkFlow List Success
2021-02-16 14:49:33.9509 INFO Get RR List Success
2021-02-16 14:49:33.9509 INFO Get User Success :hodyco
2021-02-16 14:49:35.1066 INFO Get User Success :100-Deputy Commissioner
2021-02-16 14:49:35.1066 INFO Check WorkFlow List Success
2021-02-16 14:49:35.1774 INFO Get RR List Success
2021-02-16 14:49:35.1774 INFO Get User Success :hodyco
2021-02-16 14:49:38.9425 INFO Get User Success :100-Deputy Commissioner
2021-02-16 14:49:38.9425 INFO Check WorkFlow List Success
2021-02-16 14:49:39.0097 INFO Get RR List Success
2021-02-16 14:49:39.0097 INFO Get User Success :hodyco
2021-02-16 14:49:50.2092 INFO Get User Success :101-Commissioner
2021-02-16 14:49:50.2322 INFO Get User Success :101-Commissioner
2021-02-16 14:49:50.7256 INFO Get User Success :com
2021-02-16 14:49:56.5711 INFO Get User Success :101-Commissioner
2021-02-16 14:49:56.5958 INFO Get User Success :101-Commissioner
2021-02-16 14:49:56.5958 INFO Check WorkFlow List Success
2021-02-16 14:49:56.6717 INFO Get RR List Success
2021-02-16 14:49:56.6717 INFO Get User Success :com
2021-02-16 14:49:58.0262 INFO Get User Success :101-Commissioner
2021-02-16 14:49:58.0262 INFO Check WorkFlow List Success
2021-02-16 14:49:58.1011 INFO Get RR List Success
2021-02-16 14:49:58.1011 INFO Get User Success :com
2021-02-16 14:49:58.7309 INFO Get User Success :101-Commissioner
2021-02-16 14:49:58.7309 INFO Check WorkFlow List Success
2021-02-16 14:49:58.7953 INFO Get RR List Success
2021-02-16 14:49:58.7953 INFO Get User Success :com
2021-02-16 14:50:03.6355 INFO Get User Success :101-Commissioner
2021-02-16 14:50:03.6355 INFO Check WorkFlow List Success
2021-02-16 14:50:03.7002 INFO Get RR List Success
2021-02-16 14:50:05.1069 INFO Get User Success :101-Commissioner
2021-02-16 14:50:05.1069 INFO Check WorkFlow List Success
2021-02-16 14:50:05.1752 INFO Get RR List Success
2021-02-16 14:50:07.6876 INFO Get User Success :101-Commissioner
2021-02-16 14:50:07.6876 INFO Check WorkFlow List Success
2021-02-16 14:50:07.7558 INFO Get RR List Success
2021-02-16 14:50:09.2264 INFO Get User Success :101-Commissioner
2021-02-16 14:50:09.2264 INFO Check WorkFlow List Success
2021-02-16 14:50:09.2965 INFO Get RR List Success
2021-02-16 14:50:11.1161 INFO Get User Success :101-Commissioner
2021-02-16 14:50:11.1161 INFO Get Product Master List Success
2021-02-16 14:50:11.1161 INFO Get State List Success
2021-02-16 14:50:11.1161 INFO Get NOC Sucess:62
2021-02-16 14:50:11.1161 INFO Get NOC Sucess:Req//1
2021-02-16 14:50:11.1161 INFO Get State List Success
2021-02-16 14:50:11.1161 INFO Get NOC Details Success
2021-02-16 14:50:11.1309 INFO Get Customer Details Success
2021-02-16 14:50:11.1309 INFO Check WorkFlow List Success
2021-02-16 14:50:11.1309 INFO Get User Success :com
2021-02-16 14:50:13.8520 INFO Get User Success :101-Commissioner
2021-02-16 14:50:13.8739 INFO Get User Success :101-Commissioner
2021-02-16 14:50:13.8739 INFO Check WorkFlow List Success
2021-02-16 14:50:13.9397 INFO Get RR List Success
2021-02-16 14:50:13.9454 INFO Get User Success :com
2021-02-16 14:55:28.7298 INFO Get User Success :101-Commissioner
2021-02-16 14:55:28.7298 INFO Check WorkFlow List Success
2021-02-16 14:55:28.8010 INFO Get RR List Success
2021-02-16 14:55:28.8060 INFO Get User Success :com
2021-02-16 14:55:29.3513 INFO Get User Success :101-Commissioner
2021-02-16 14:55:29.3513 INFO Check WorkFlow List Success
2021-02-16 14:55:29.4191 INFO Get RR List Success
2021-02-16 14:55:29.4191 INFO Get User Success :com
2021-02-16 15:02:28.4448 INFO Get User Success :101-Commissioner
2021-02-16 15:02:28.4448 INFO Check WorkFlow List Success
2021-02-16 15:02:28.5357 INFO Get RR List Success
2021-02-16 15:02:28.5417 INFO Get User Success :com
2021-02-16 15:02:29.0414 INFO Get User Success :101-Commissioner
2021-02-16 15:02:29.0414 INFO Check WorkFlow List Success
2021-02-16 15:02:29.1022 INFO Get RR List Success
2021-02-16 15:02:29.1251 INFO Get User Success :com
2021-02-16 15:02:30.4026 INFO Get User Success :101-Commissioner
2021-02-16 15:02:30.4026 INFO Check WorkFlow List Success
2021-02-16 15:02:30.4675 INFO Get RR List Success
2021-02-16 15:02:30.4675 INFO Get User Success :com
2021-02-16 15:07:14.0400 INFO Get User Success :101-Commissioner
2021-02-16 15:07:14.0400 INFO Check WorkFlow List Success
2021-02-16 15:07:14.0990 INFO Get RR List Success
2021-02-16 15:07:14.0990 INFO Get User Success :com
2021-02-16 15:07:14.6151 INFO Get User Success :101-Commissioner
2021-02-16 15:07:14.6151 INFO Check WorkFlow List Success
2021-02-16 15:07:14.6794 INFO Get RR List Success
2021-02-16 15:07:14.6794 INFO Get User Success :com
2021-02-16 15:07:15.3531 INFO Get User Success :101-Commissioner
2021-02-16 15:07:15.3531 INFO Check WorkFlow List Success
2021-02-16 15:07:15.4139 INFO Get RR List Success
2021-02-16 15:07:15.4139 INFO Get User Success :com
2021-02-16 15:07:16.0033 INFO Get User Success :101-Commissioner
2021-02-16 15:07:16.0033 INFO Check WorkFlow List Success
2021-02-16 15:07:16.0642 INFO Get RR List Success
2021-02-16 15:07:16.0692 INFO Get User Success :com
2021-02-16 15:07:16.5289 INFO Get User Success :101-Commissioner
2021-02-16 15:07:16.5289 INFO Check WorkFlow List Success
2021-02-16 15:07:16.5877 INFO Get RR List Success
2021-02-16 15:07:16.5877 INFO Get User Success :com
2021-02-16 15:07:18.2204 INFO Get User Success :101-Commissioner
2021-02-16 15:07:18.2204 INFO Get Product Master List Success
2021-02-16 15:07:18.2244 INFO Get State List Success
2021-02-16 15:07:18.2244 INFO Get NOC Sucess:62
2021-02-16 15:07:18.2244 INFO Get NOC Sucess:Req//1
2021-02-16 15:07:18.2244 INFO Get State List Success
2021-02-16 15:07:18.2244 INFO Get NOC Details Success
2021-02-16 15:07:18.2244 INFO Get Customer Details Success
2021-02-16 15:07:18.2244 INFO Check WorkFlow List Success
2021-02-16 15:07:18.2458 INFO Get User Success :com
