2021-07-03 10:26:25.6683 INFO Get User Success :353-M and TP Unit
2021-07-03 10:26:26.4962 INFO Get User Success :353-M and TP Unit
2021-07-03 10:26:26.9742 INFO Get User Success :mtp1
2021-07-03 10:30:35.8070 INFO Get User Success :353-M and TP Unit
2021-07-03 10:31:13.5388 INFO Get Allotment List Success
2021-07-03 10:31:13.7397 INFO Get User Success :mtp1
2021-07-03 10:31:19.0104 INFO Get User Success :353-M and TP Unit
2021-07-03 10:31:33.2185 INFO Get Allotment List Success
2021-07-03 10:31:35.8804 INFO Get User Success :353-M and TP Unit
2021-07-03 10:31:35.9854 INFO Get Party Master List Success
2021-07-03 10:33:06.1799 INFO Get Product Master List Success
2021-07-03 10:33:07.6108 INFO Get Allotment Details Success
2021-07-03 10:33:08.0498 INFO Get Party Master List Success
2021-07-03 10:33:10.6486 INFO Check WorkFlow List Success
2021-07-03 10:33:11.2066 INFO Get User Success :mtp1
2021-07-03 10:33:42.9137 INFO Get User Success :353-M and TP Unit
2021-07-03 10:33:42.9846 INFO Get Party Master List Success
2021-07-03 10:33:47.4314 INFO Get Product Master List Success
2021-07-03 10:33:47.8274 INFO Get Allotment Details Success
2021-07-03 10:33:48.1793 INFO Get Party Master List Success
2021-07-03 10:33:48.8113 INFO Check WorkFlow List Success
2021-07-03 10:33:48.9793 INFO Get User Success :mtp1
2021-07-03 10:33:54.9859 INFO Get User Success :353-M and TP Unit
2021-07-03 10:33:57.6288 INFO Get Allotment List Success
2021-07-03 10:33:57.7737 INFO Get User Success :mtp1
2021-07-03 10:34:01.7886 INFO Get User Success :353-M and TP Unit
2021-07-03 10:34:04.2414 INFO Get Allotment List Success
2021-07-03 10:34:04.9143 INFO Get User Success :353-M and TP Unit
2021-07-03 10:34:05.2193 INFO Get Party Master List Success
2021-07-03 10:34:05.8703 INFO Get Product Master List Success
2021-07-03 10:34:07.3432 INFO Get Allotment Details Success
2021-07-03 10:34:08.1011 INFO Get Party Master List Success
2021-07-03 10:34:09.1181 INFO Check WorkFlow List Success
2021-07-03 10:34:09.7310 INFO Get User Success :mtp1
2021-07-03 10:34:39.9802 INFO Get User Success :353-M and TP Unit
2021-07-03 10:34:43.1260 INFO Get Allotment List Success
2021-07-03 10:34:43.2200 INFO Get User Success :mtp1
2021-07-03 10:35:54.3307 INFO Get User Success :353-M and TP Unit
2021-07-03 10:35:56.9106 INFO Get Allotment List Success
2021-07-03 10:35:57.4925 INFO Get User Success :353-M and TP Unit
2021-07-03 10:35:57.5705 INFO Get Party Master List Success
2021-07-03 10:35:58.2254 INFO Get Product Master List Success
2021-07-03 10:35:59.4654 INFO Get Allotment Details Success
2021-07-03 10:35:59.7713 INFO Get Party Master List Success
2021-07-03 10:36:00.5463 INFO Check WorkFlow List Success
2021-07-03 10:36:00.6953 INFO Get User Success :mtp1
2021-07-03 11:49:21.2711 INFO Get User Success :108-New Swadeshi Distillery Unit
2021-07-03 11:49:21.7040 INFO Get User Success :108-New Swadeshi Distillery Unit
2021-07-03 11:49:22.6839 INFO Get User Success :newswadeshi_dis
2021-07-03 11:49:31.5304 INFO Get User Success :108-New Swadeshi Distillery Unit
2021-07-03 11:49:38.4490 INFO Get User Success :newswadeshi_dis
2021-07-03 11:49:42.8347 INFO Get User Success :108-New Swadeshi Distillery Unit
2021-07-03 11:49:43.4617 INFO Get Form84 List Success
2021-07-03 11:49:43.8386 INFO Get User Success :newswadeshi_dis
2021-07-03 11:49:53.2811 INFO Get User Success :108-New Swadeshi Distillery Unit
2021-07-03 11:49:53.3491 INFO Get VAT Master List Success
2021-07-03 11:49:53.4221 INFO Get VAT Master List Success
2021-07-03 11:49:53.4921 INFO Get VAT Master List Success
2021-07-03 11:49:53.5611 INFO Get VAT Master List Success
2021-07-03 11:50:30.7048 INFO Get VAT Master List Success
2021-07-03 11:51:02.7018 INFO Get VAT Master List Success
2021-07-03 11:51:02.9659 INFO Get User Success :newswadeshi_dis
2021-07-03 11:51:15.1471 INFO Get User Success :108-New Swadeshi Distillery Unit
2021-07-03 11:51:15.6331 INFO Get Form84 List Success
2021-07-03 11:51:15.7891 INFO Get User Success :newswadeshi_dis
2021-07-03 11:51:22.0107 INFO Get User Success :108-New Swadeshi Distillery Unit
2021-07-03 11:51:22.0757 INFO Get VAT Master List Success
2021-07-03 11:51:22.1717 INFO Get VAT Master List Success
2021-07-03 11:51:22.2377 INFO Get VAT Master List Success
2021-07-03 11:51:22.2997 INFO Get VAT Master List Success
2021-07-03 11:51:30.6591 INFO Get VAT Master List Success
2021-07-03 11:52:31.7414 INFO Get VAT Master List Success
2021-07-03 11:52:32.0314 INFO Get User Success :newswadeshi_dis
2021-07-03 11:52:40.4999 INFO Get User Success :108-New Swadeshi Distillery Unit
2021-07-03 11:52:40.8679 INFO Get Form84 List Success
2021-07-03 11:52:40.9619 INFO Get User Success :newswadeshi_dis
2021-07-03 11:52:48.1424 INFO Get User Success :108-New Swadeshi Distillery Unit
2021-07-03 11:52:48.3214 INFO Get VAT Master List Success
2021-07-03 11:52:49.6593 INFO Get VAT Master List Success
2021-07-03 11:52:49.7403 INFO Get VAT Master List Success
2021-07-03 11:52:49.8044 INFO Get VAT Master List Success
2021-07-03 11:52:59.7427 INFO Get VAT Master List Success
2021-07-03 11:53:08.8972 INFO Get VAT Master List Success
2021-07-03 11:53:09.1372 INFO Get User Success :newswadeshi_dis
2021-07-03 11:53:21.5954 INFO Get User Success :108-New Swadeshi Distillery Unit
2021-07-03 11:53:22.0574 INFO Get Form84 List Success
2021-07-03 11:53:22.2014 INFO Get User Success :newswadeshi_dis
2021-07-03 11:53:30.3469 INFO Get User Success :108-New Swadeshi Distillery Unit
2021-07-03 11:53:30.4159 INFO Get VAT Master List Success
2021-07-03 11:53:30.4819 INFO Get VAT Master List Success
2021-07-03 11:53:30.5379 INFO Get VAT Master List Success
2021-07-03 11:53:30.5988 INFO Get VAT Master List Success
2021-07-03 11:55:24.1159 INFO Get VAT Master List Success
2021-07-03 11:59:50.2268 INFO Get VAT Master List Success
2021-07-03 11:59:50.7307 INFO Get User Success :newswadeshi_dis
2021-07-03 12:02:05.6317 INFO Get User Success :108-New Swadeshi Distillery Unit
2021-07-03 12:02:05.6997 INFO Get VAT Master List Success
2021-07-03 12:02:05.7807 INFO Get VAT Master List Success
2021-07-03 12:02:05.8627 INFO Get VAT Master List Success
2021-07-03 12:02:05.9397 INFO Get VAT Master List Success
2021-07-03 12:02:26.2315 INFO Get VAT Master List Success
2021-07-03 12:03:45.3946 INFO Get VAT Master List Success
2021-07-03 12:03:45.6226 INFO Get User Success :newswadeshi_dis
2021-07-03 12:04:08.0063 INFO Get User Success :108-New Swadeshi Distillery Unit
2021-07-03 12:04:08.3332 INFO Get Form84 List Success
2021-07-03 12:04:08.4242 INFO Get User Success :newswadeshi_dis
