2021-05-15 09:41:49.2851 INFO Get User Success :108-New Swadeshi Distillery Unit
2021-05-15 09:41:49.4114 INFO Get User Success :108-New Swadeshi Distillery Unit
2021-05-15 09:41:49.4740 INFO Get User Success :newswadeshi_dis
2021-05-15 09:41:58.1778 INFO Get User Success :108-New Swadeshi Distillery Unit
2021-05-15 09:41:58.2360 INFO Get User Success :newswadeshi_dis
2021-05-15 09:42:02.2847 INFO Get User Success :108-New Swadeshi Distillery Unit
2021-05-15 09:42:02.3141 INFO Get Pass List Success
2021-05-15 09:42:11.2584 INFO Get User Success :newswadeshi_dis
2021-05-15 09:42:20.6555 INFO Get Pass List Success
2021-05-15 09:42:32.9247 INFO Get User Success :108-New Swadeshi Distillery Unit
2021-05-15 09:42:32.9429 INFO Get Dispach Master List Success
2021-05-15 09:42:32.9770 INFO Get VAT Master List Success
2021-05-15 09:42:32.9910 INFO Get Pass List Success
2021-05-15 09:42:33.0166 INFO Get User Success :newswadeshi_dis
2021-05-15 09:42:41.8098 INFO Get User Success :108-New Swadeshi Distillery Unit
2021-05-15 09:42:41.8098 INFO Get Pass List Success
2021-05-15 09:42:44.6617 INFO Get User Success :newswadeshi_dis
2021-05-15 09:42:51.6411 INFO Get User Success :108-New Swadeshi Distillery Unit
2021-05-15 09:42:51.6411 INFO Get Dispach Master List Success
2021-05-15 09:42:51.6411 INFO Get VAT Master List Success
2021-05-15 09:42:51.6411 INFO Get Pass List Success
2021-05-15 09:43:05.6739 INFO Get User Success :newswadeshi_dis
2021-05-15 09:43:22.4675 INFO Get User Success :108-New Swadeshi Distillery Unit
2021-05-15 09:43:22.4834 INFO Get Pass List Success
2021-05-15 09:46:34.9119 INFO Get User Success :newswadeshi_dis
2021-05-15 09:46:39.4255 INFO Get User Success :108-New Swadeshi Distillery Unit
2021-05-15 09:46:39.4255 INFO Get Dispach Master List Success
2021-05-15 09:46:39.4255 INFO Get VAT Master List Success
2021-05-15 09:46:39.4255 INFO Get Pass List Success
2021-05-15 09:46:42.3034 INFO Get User Success :newswadeshi_dis
2021-05-15 09:51:17.0446 INFO Get User Success :108-New Swadeshi Distillery Unit
2021-05-15 09:51:17.0446 INFO Get Pass List Success
2021-05-15 09:55:36.0932 INFO Get User Success :newswadeshi_dis
2021-05-15 09:55:40.7767 INFO Get User Success :108-New Swadeshi Distillery Unit
2021-05-15 09:55:40.7786 INFO Get Dispach Master List Success
2021-05-15 09:55:40.8043 INFO Get VAT Master List Success
2021-05-15 10:08:20.9764 INFO Get Pass List Success
2021-05-15 10:08:22.5951 INFO Get User Success :newswadeshi_dis
2021-05-15 10:08:26.7073 INFO Get User Success :108-New Swadeshi Distillery Unit
2021-05-15 10:08:26.7223 INFO Get Pass List Success
2021-05-15 10:08:29.7311 INFO Get User Success :newswadeshi_dis
2021-05-15 10:08:34.6639 INFO Get Pass List Success
2021-05-15 10:08:41.5780 INFO Get User Success :108-New Swadeshi Distillery Unit
2021-05-15 10:08:41.5780 INFO Get Dispach Master List Success
2021-05-15 10:08:41.5956 INFO Get VAT Master List Success
2021-05-15 10:08:41.5956 INFO Get Pass List Success
2021-05-15 10:08:41.6089 INFO Get User Success :newswadeshi_dis
2021-05-15 10:09:13.9167 INFO Get User Success :108-New Swadeshi Distillery Unit
2021-05-15 10:09:13.9167 INFO Get Dispach Master List Success
2021-05-15 10:09:13.9257 INFO Get VAT Master List Success
2021-05-15 10:09:13.9257 INFO Get Pass List Success
2021-05-15 10:09:13.9398 INFO Get User Success :newswadeshi_dis
2021-05-15 10:09:18.8461 INFO Get User Success :108-New Swadeshi Distillery Unit
2021-05-15 10:09:18.8628 INFO Get User Success :newswadeshi_dis
2021-05-15 10:18:25.5780 INFO Get User Success :350-Globus Spirits Limited
2021-05-15 10:18:25.6761 INFO Get User Success :350-Globus Spirits Limited
2021-05-15 10:18:25.6855 INFO Get User Success :globus_dis
2021-05-15 10:18:34.0146 INFO Get User Success :350-Globus Spirits Limited
2021-05-15 10:18:59.9689 INFO Get User Success :107-HPCL Biofuels Limited, Distillery Division, EC
2021-05-15 10:19:00.0068 INFO Get User Success :107-HPCL Biofuels Limited, Distillery Division, EC
2021-05-15 10:19:00.0277 INFO Get User Success :hpcl_ec
2021-05-15 10:19:04.5963 INFO Get User Success :107-HPCL Biofuels Limited, Distillery Division, EC
2021-05-15 10:19:04.6085 INFO Get User Success :hpcl_ec
2021-05-15 10:19:07.7232 INFO Get User Success :107-HPCL Biofuels Limited, Distillery Division, EC
2021-05-15 10:19:07.7421 INFO Get Pass List Success
2021-05-15 10:19:10.8307 INFO Get User Success :hpcl_ec
2021-05-15 10:19:14.2294 INFO Get User Success :107-HPCL Biofuels Limited, Distillery Division, EC
2021-05-15 10:19:14.2411 INFO Get User Success :hpcl_ec
2021-05-15 10:20:22.5701 INFO Get User Success :106-HPCL Biofuels Limited, Distillery Division, WC
2021-05-15 10:20:22.6040 INFO Get User Success :106-HPCL Biofuels Limited, Distillery Division, WC
2021-05-15 10:20:22.6140 INFO Get User Success :hpcl_wc
2021-05-15 10:20:28.5594 INFO Get User Success :106-HPCL Biofuels Limited, Distillery Division, WC
2021-05-15 10:20:28.5705 INFO Get User Success :hpcl_wc
2021-05-15 10:20:40.2037 INFO Get User Success :106-HPCL Biofuels Limited, Distillery Division, WC
2021-05-15 10:20:40.2176 INFO Get Pass List Success
2021-05-15 10:20:42.7040 INFO Get User Success :hpcl_wc
2021-05-15 10:20:47.0930 INFO Get User Success :106-HPCL Biofuels Limited, Distillery Division, WC
2021-05-15 10:20:47.0930 INFO Get Dispach Master List Success
2021-05-15 10:20:47.0930 INFO Get VAT Master List Success
2021-05-15 10:20:52.7920 INFO Get Pass List Success
2021-05-15 10:20:54.0103 INFO Get User Success :hpcl_wc
2021-05-15 10:40:44.6373 INFO Get User Success :106-HPCL Biofuels Limited, Distillery Division, WC
2021-05-15 10:40:44.6519 INFO Get Pass List Success
2021-05-15 10:40:52.5584 INFO Get User Success :hpcl_wc
2021-05-15 10:40:59.7498 INFO Get User Success :106-HPCL Biofuels Limited, Distillery Division, WC
2021-05-15 10:40:59.7498 INFO Get Dispach Master List Success
2021-05-15 10:40:59.7661 INFO Get VAT Master List Success
2021-05-15 10:41:03.3402 INFO Get Pass List Success
2021-05-15 10:47:52.3056 INFO Get User Success :hpcl_wc
2021-05-15 10:51:53.3331 INFO Get User Success :106-HPCL Biofuels Limited, Distillery Division, WC
2021-05-15 10:51:53.3481 INFO Get Pass List Success
2021-05-15 10:52:02.3130 INFO Get User Success :hpcl_wc
2021-05-15 10:52:08.0131 INFO Get Pass List Success
2021-05-15 10:52:14.6878 INFO Get User Success :106-HPCL Biofuels Limited, Distillery Division, WC
2021-05-15 10:52:14.6878 INFO Get Dispach Master List Success
2021-05-15 10:52:14.7056 INFO Get VAT Master List Success
2021-05-15 10:52:14.7056 INFO Get Pass List Success
2021-05-15 10:52:14.7205 INFO Get User Success :hpcl_wc
2021-05-15 11:04:57.7232 INFO Get User Success :106-HPCL Biofuels Limited, Distillery Division, WC
2021-05-15 11:04:57.7389 INFO Get Pass List Success
2021-05-15 11:39:45.2164 INFO Get User Success :hpcl_wc
2021-05-15 13:18:46.2603 INFO Get User Success :106-HPCL Biofuels Limited, Distillery Division, WC
2021-05-15 13:18:46.3045 INFO Get User Success :106-HPCL Biofuels Limited, Distillery Division, WC
2021-05-15 13:18:46.3434 INFO Get User Success :hpcl_wc
2021-05-15 13:18:50.6040 INFO Get User Success :106-HPCL Biofuels Limited, Distillery Division, WC
2021-05-15 13:18:50.6466 INFO Get RR List Success
2021-05-15 13:18:50.6679 INFO Get User Success :hpcl_wc
2021-05-15 13:18:54.8347 INFO Get User Success :106-HPCL Biofuels Limited, Distillery Division, WC
2021-05-15 13:18:54.8468 INFO Get User Success :hpcl_wc
2021-05-15 13:18:57.2451 INFO Get User Success :106-HPCL Biofuels Limited, Distillery Division, WC
2021-05-15 13:18:57.2775 INFO Get RR List Success
2021-05-15 13:18:57.2823 INFO Get User Success :hpcl_wc
2021-05-15 13:19:04.8770 INFO Get User Success :106-HPCL Biofuels Limited, Distillery Division, WC
2021-05-15 13:19:04.9482 INFO Get RR List Success
2021-05-15 13:19:04.9702 INFO Get User Success :hpcl_wc
2021-05-15 13:19:14.3984 INFO Get User Success :106-HPCL Biofuels Limited, Distillery Division, WC
2021-05-15 13:19:14.3984 INFO Get RR List Success
2021-05-15 13:19:14.4083 INFO Get User Success :hpcl_wc
2021-05-15 13:19:18.5022 INFO Get User Success :106-HPCL Biofuels Limited, Distillery Division, WC
2021-05-15 13:19:18.5296 INFO Get RR List Success
2021-05-15 13:19:18.5483 INFO Get User Success :hpcl_wc
2021-05-15 13:19:20.5205 INFO Get User Success :106-HPCL Biofuels Limited, Distillery Division, WC
2021-05-15 13:19:20.5205 INFO Get RR List Success
2021-05-15 13:19:20.5303 INFO Get User Success :hpcl_wc
2021-05-15 13:19:27.7944 INFO Get User Success :106-HPCL Biofuels Limited, Distillery Division, WC
2021-05-15 13:19:27.8559 INFO Get RR List Success
2021-05-15 13:19:27.8621 INFO Get User Success :hpcl_wc
2021-05-15 13:19:37.7058 INFO Get User Success :106-HPCL Biofuels Limited, Distillery Division, WC
2021-05-15 13:19:37.7172 INFO Get User Success :hpcl_wc
