2021-02-20 10:36:03.2011 INFO Get User Success :44-Administrator
2021-02-20 10:36:03.3591 INFO Get User Success :44-Administrator
2021-02-20 10:36:14.8448 INFO Get DocFromat Master List Success
2021-02-20 10:36:23.3335 INFO Get Party Master List Success
2021-02-20 10:36:23.4402 INFO Get DocFromat Master List Success
2021-02-20 10:36:55.2547 INFO Insert DocFromat Master Success :1
2021-02-20 10:36:55.3733 INFO Get DocFromat Master List Success
2021-02-20 10:36:57.9625 INFO Get Party Master List Success
2021-02-20 10:36:58.0928 INFO Get DocFromat Master List Success
2021-02-20 10:55:33.6289 INFO Get User Success :98-Harinagar Sugar Mills Limited(Distillery Division)
2021-02-20 10:55:33.7096 INFO Get User Success :98-Harinagar Sugar Mills Limited(Distillery Division)
2021-02-20 10:55:33.8432 INFO Get User Success :harinagar_dis
2021-02-20 10:55:53.8114 INFO Get User Success :98-Harinagar Sugar Mills Limited(Distillery Division)
2021-02-20 10:55:53.8697 INFO Get User Success :harinagar_dis
2021-02-20 10:56:18.2678 INFO Get User Success :98-Harinagar Sugar Mills Limited(Distillery Division)
2021-02-20 10:56:18.3120 INFO Get User Success :harinagar_dis
2021-02-20 10:56:19.9270 INFO Get User Success :98-Harinagar Sugar Mills Limited(Distillery Division)
2021-02-20 10:56:19.9270 INFO Get User Success :harinagar_dis
2021-02-20 11:57:40.1246 INFO Get User Success :98-Harinagar Sugar Mills Limited(Distillery Division)
2021-02-20 11:57:40.2004 INFO Get User Success :98-Harinagar Sugar Mills Limited(Distillery Division)
2021-02-20 11:57:40.3275 INFO Get User Success :harinagar_dis
2021-02-20 11:57:45.3638 INFO Get User Success :98-Harinagar Sugar Mills Limited(Distillery Division)
2021-02-20 11:57:45.4236 INFO Get User Success :harinagar_dis
2021-02-20 11:58:05.3034 INFO Get User Success :98-Harinagar Sugar Mills Limited(Distillery Division)
2021-02-20 11:58:05.3034 INFO Get User Success :harinagar_dis
2021-02-20 11:58:10.7061 INFO Get User Success :98-Harinagar Sugar Mills Limited(Distillery Division)
2021-02-20 11:58:17.7960 INFO Get User Success :44-Administrator
2021-02-20 11:58:17.8169 INFO Get User Success :44-Administrator
2021-02-20 11:58:21.7555 INFO Get Party Type Master List Success
2021-02-20 11:58:27.9433 INFO Get UOM List Success
2021-02-20 11:58:32.7440 INFO Get Product Type Master List Success
2021-02-20 11:58:35.9464 INFO Get Product Master List Success
2021-02-20 12:00:14.3727 INFO Get User Success :98-Harinagar Sugar Mills Limited(Distillery Division)
2021-02-20 12:00:14.4490 INFO Get User Success :98-Harinagar Sugar Mills Limited(Distillery Division)
2021-02-20 12:00:14.5699 INFO Get User Success :harinagar_dis
2021-02-20 12:00:30.1553 INFO Get User Success :98-Harinagar Sugar Mills Limited(Distillery Division)
2021-02-20 12:00:30.2224 INFO Get User Success :harinagar_dis
2021-02-20 12:00:45.5345 INFO Get User Success :98-Harinagar Sugar Mills Limited(Distillery Division)
2021-02-20 12:00:45.5399 INFO Get User Success :harinagar_dis
2021-02-20 12:01:53.4225 INFO Get User Success :98-Harinagar Sugar Mills Limited(Distillery Division)
2021-02-20 12:01:53.4395 INFO Get User Success :harinagar_dis
2021-02-20 12:01:56.4473 INFO Get User Success :98-Harinagar Sugar Mills Limited(Distillery Division)
2021-02-20 12:03:06.9853 INFO Get User Success :98-Harinagar Sugar Mills Limited(Distillery Division)
2021-02-20 12:03:31.8168 INFO Get User Success :98-Harinagar Sugar Mills Limited(Distillery Division)
2021-02-20 12:03:38.6980 INFO Get User Success :44-Administrator
2021-02-20 12:03:38.7218 INFO Get User Success :44-Administrator
2021-02-20 12:03:41.6199 INFO Get Party Type Master List Success
2021-02-20 12:03:43.4289 INFO Get Product Master List Success
2021-02-20 12:03:45.7249 INFO Get Product Type Master List Success
2021-02-20 12:04:00.1483 INFO Get Product Type Master List Success
2021-02-20 12:04:09.9390 INFO Get Product Type Master List Success
2021-02-20 12:04:35.7994 INFO Get Product Type Master List Success
2021-02-20 12:06:18.8736 INFO Get Product Type Master List Success
2021-02-20 12:06:34.9905 INFO Get Product Type Master List Success
2021-02-20 12:06:47.6638 INFO Get Product Type Master List Success
2021-02-20 12:10:18.9961 INFO Get User Success :44-Administrator
2021-02-20 12:10:19.0819 INFO Get User Success :44-Administrator
2021-02-20 12:10:34.8096 INFO Get Party Type Master List Success
2021-02-20 12:10:43.8909 INFO Get Product Type Master List Success
2021-02-20 12:11:38.0137 INFO Get Product Type Master List Success
2021-02-20 12:12:12.3352 INFO Get Product Type Master List Success
2021-02-20 12:12:21.0517 INFO Get Product Type Master List Success
2021-02-20 12:12:33.6797 INFO Get Product Type Master List Success
2021-02-20 12:13:00.0238 INFO Get User Success :98-Harinagar Sugar Mills Limited(Distillery Division)
2021-02-20 12:13:00.0467 INFO Get User Success :98-Harinagar Sugar Mills Limited(Distillery Division)
2021-02-20 12:13:00.1550 INFO Get User Success :harinagar_dis
2021-02-20 12:13:04.0700 INFO Get User Success :98-Harinagar Sugar Mills Limited(Distillery Division)
2021-02-20 12:13:04.1066 INFO Get User Success :harinagar_dis
2021-02-20 12:13:06.6967 INFO Get User Success :98-Harinagar Sugar Mills Limited(Distillery Division)
2021-02-20 12:13:06.6967 INFO Get User Success :harinagar_dis
2021-02-20 12:13:28.8690 INFO Get User Success :98-Harinagar Sugar Mills Limited(Distillery Division)
2021-02-20 12:13:28.8949 INFO Get User Success :harinagar_dis
2021-02-20 12:14:06.3518 INFO Get User Success :98-Harinagar Sugar Mills Limited(Distillery Division)
2021-02-20 12:14:06.3518 INFO Get User Success :harinagar_dis
2021-02-20 12:14:11.1952 INFO Get User Success :98-Harinagar Sugar Mills Limited(Distillery Division)
2021-02-20 12:14:11.2192 INFO Get User Success :harinagar_dis
2021-02-20 12:14:12.9814 INFO Get User Success :98-Harinagar Sugar Mills Limited(Distillery Division)
2021-02-20 12:14:12.9894 INFO Get User Success :harinagar_dis
2021-02-20 12:14:31.4832 INFO Get User Success :98-Harinagar Sugar Mills Limited(Distillery Division)
2021-02-20 12:14:31.4892 INFO Get User Success :harinagar_dis
2021-02-20 12:17:39.6704 INFO Get User Success :98-Harinagar Sugar Mills Limited(Distillery Division)
2021-02-20 12:17:39.7610 INFO Get User Success :98-Harinagar Sugar Mills Limited(Distillery Division)
2021-02-20 12:17:39.8879 INFO Get User Success :harinagar_dis
2021-02-20 12:17:46.1125 INFO Get User Success :98-Harinagar Sugar Mills Limited(Distillery Division)
2021-02-20 12:17:46.1705 INFO Get User Success :harinagar_dis
2021-02-20 12:17:47.9116 INFO Get User Success :98-Harinagar Sugar Mills Limited(Distillery Division)
2021-02-20 12:17:47.9116 INFO Get User Success :harinagar_dis
2021-02-20 12:18:38.3825 INFO Get Party Master List Success
2021-02-20 12:19:39.3153 INFO Get Party Master List Success
2021-02-20 12:20:39.1473 INFO Get Party Master List Success
2021-02-20 12:24:20.9981 INFO Get User Success :98-Harinagar Sugar Mills Limited(Distillery Division)
2021-02-20 12:24:21.0251 INFO Get User Success :harinagar_dis
2021-02-20 12:24:22.9511 INFO Get User Success :98-Harinagar Sugar Mills Limited(Distillery Division)
2021-02-20 12:24:22.9511 INFO Get User Success :harinagar_dis
2021-02-20 12:25:43.9503 INFO Get Party Master List Success
