2021-07-02 10:10:21.8575 INFO Get User Success :353-M and TP Unit
2021-07-02 10:10:22.2875 INFO Get User Success :353-M and TP Unit
2021-07-02 10:10:22.6435 INFO Get User Success :mtp1
2021-07-02 10:10:30.2850 INFO Get User Success :353-M and TP Unit
2021-07-02 10:10:40.3684 INFO Get User Success :mtp1
2021-07-02 10:10:44.0052 INFO Get User Success :353-M and TP Unit
2021-07-02 10:10:47.8680 INFO Get User Success :353-M and TP Unit
2021-07-02 10:10:48.0139 INFO Get License_Type List Success
2021-07-02 10:10:48.1279 INFO Get License Fee List Success
2021-07-02 10:10:48.2229 INFO Get State List Success
2021-07-02 10:10:48.4209 INFO Get User Success :mtp1
2021-07-02 10:42:20.4798 INFO Get User Success :353-M and TP Unit
2021-07-02 10:42:23.5506 INFO Get User Success :mtp1
2021-07-02 10:45:15.5841 INFO Get User Success :353-M and TP Unit
2021-07-02 10:45:36.1599 INFO Get User Success :353-M and TP Unit
2021-07-02 10:45:36.2869 INFO Get License_Type List Success
2021-07-02 10:45:36.5069 INFO Get License Fee List Success
2021-07-02 10:45:36.7248 INFO Get State List Success
2021-07-02 10:45:37.1598 INFO Get User Success :mtp1
2021-07-02 11:06:07.4776 INFO Get User Success :353-M and TP Unit
2021-07-02 11:06:07.5675 INFO Get License_Type List Success
2021-07-02 11:06:07.6706 INFO Get License Fee List Success
2021-07-02 11:06:07.8005 INFO Get State List Success
2021-07-02 11:06:07.9685 INFO Get User Success :mtp1
2021-07-02 11:06:30.0922 INFO Get User Success :353-M and TP Unit
2021-07-02 11:06:33.0740 INFO Get User Success :mtp1
2021-07-02 11:06:37.7727 INFO Get User Success :353-M and TP Unit
2021-07-02 11:06:41.1845 INFO Get User Success :353-M and TP Unit
2021-07-02 11:06:41.2595 INFO Get License_Type List Success
2021-07-02 11:06:41.3435 INFO Get License Fee List Success
2021-07-02 11:06:41.4235 INFO Get State List Success
2021-07-02 11:06:41.5854 INFO Get User Success :mtp1
2021-07-02 11:10:15.6592 INFO Get User Success :353-M and TP Unit
2021-07-02 11:10:15.7451 INFO Get License_Type List Success
2021-07-02 11:10:15.8341 INFO Get License Fee List Success
2021-07-02 11:10:15.9081 INFO Get State List Success
2021-07-02 11:10:16.2181 INFO Get User Success :mtp1
2021-07-02 11:11:21.1262 INFO Get User Success :353-M and TP Unit
2021-07-02 11:11:31.1886 INFO Get User Success :mtp1
2021-07-02 11:11:34.5763 INFO Get User Success :353-M and TP Unit
2021-07-02 11:11:38.0551 INFO Get User Success :353-M and TP Unit
2021-07-02 11:11:38.1391 INFO Get License_Type List Success
2021-07-02 11:11:38.2331 INFO Get License Fee List Success
2021-07-02 11:11:38.3251 INFO Get State List Success
2021-07-02 11:11:38.5221 INFO Get User Success :mtp1
2021-07-02 11:17:14.5457 INFO Get User Success :353-M and TP Unit
2021-07-02 11:17:14.6137 INFO Get License_Type List Success
2021-07-02 11:17:14.7076 INFO Get License Fee List Success
2021-07-02 11:17:14.7986 INFO Get State List Success
2021-07-02 11:17:14.9596 INFO Get User Success :mtp1
2021-07-02 11:18:47.7170 INFO Get User Success :353-M and TP Unit
2021-07-02 11:18:47.7919 INFO Get License_Type List Success
2021-07-02 11:18:47.8839 INFO Get License Fee List Success
2021-07-02 11:18:48.1140 INFO Get State List Success
2021-07-02 11:18:48.2900 INFO Get User Success :mtp1
2021-07-02 11:18:53.5706 INFO Get User Success :353-M and TP Unit
2021-07-02 11:19:45.1164 INFO Get User Success :mtp1
2021-07-02 11:21:16.1461 INFO Get User Success :353-M and TP Unit
2021-07-02 11:21:19.7998 INFO Get User Success :353-M and TP Unit
2021-07-02 11:21:19.8808 INFO Get License_Type List Success
2021-07-02 11:21:19.9628 INFO Get License Fee List Success
2021-07-02 11:21:20.0428 INFO Get State List Success
2021-07-02 11:21:20.2058 INFO Get User Success :mtp1
2021-07-02 11:23:02.8247 INFO Get User Success :353-M and TP Unit
2021-07-02 11:23:05.1825 INFO Get Report  Success
2021-07-02 11:23:05.8315 INFO Get Party Master List Success
2021-07-02 11:23:05.9275 INFO Get User Success :mtp1
2021-07-02 11:23:38.1305 INFO Get GetSeverList Success
2021-07-02 12:58:04.4163 INFO Get User Success :350-Globus Spirits Limited
2021-07-02 12:58:36.0944 INFO Get User Success :350-Globus Spirits Limited
2021-07-02 12:58:36.3604 INFO Get User Success :globus_dis
2021-07-02 12:59:01.0189 INFO Get User Success :350-Globus Spirits Limited
2021-07-02 13:10:14.4549 INFO Get User Success :globus_dis
2021-07-02 13:10:33.4427 INFO Get User Success :350-Globus Spirits Limited
2021-07-02 13:10:33.8227 INFO Get User Success :350-Globus Spirits Limited
2021-07-02 13:10:34.2497 INFO Get User Success :globus_dis
2021-07-02 13:11:28.2904 INFO Get User Success :350-Globus Spirits Limited
2021-07-02 13:11:33.4461 INFO Get User Success :globus_dis
2021-07-02 13:11:36.2329 INFO Get User Success :350-Globus Spirits Limited
2021-07-02 13:11:39.4187 INFO Get Pass List Success
2021-07-02 13:11:39.6987 INFO Get User Success :globus_dis
2021-07-02 13:11:52.4030 INFO Get User Success :350-Globus Spirits Limited
2021-07-02 13:11:52.5239 INFO Get Dispach Master List Success
2021-07-02 13:11:55.4837 INFO Get VAT Master List Success
2021-07-02 13:11:56.3187 INFO Get Pass List Success
2021-07-02 13:11:57.5286 INFO Get User Success :globus_dis
2021-07-02 15:01:55.0447 INFO Get User Success :100-Deputy Commissioner
2021-07-02 15:02:03.2973 INFO Get User Success :100-Deputy Commissioner
2021-07-02 15:02:04.1252 INFO Get User Success :hodyco
2021-07-02 15:02:55.7841 INFO Get User Success :100-Deputy Commissioner
2021-07-02 15:05:06.7840 INFO Get User Success :100-Deputy Commissioner
2021-07-02 15:05:06.8601 INFO Check WorkFlow List Success
2021-07-02 15:05:07.0300 INFO Get Allotment List Success
2021-07-02 15:05:07.1880 INFO Get User Success :hodyco
2021-07-02 15:05:37.1012 INFO Get User Success :100-Deputy Commissioner
2021-07-02 15:05:40.1170 INFO Check WorkFlow List Success
2021-07-02 15:05:40.1930 INFO Get Allotment List Success
2021-07-02 15:05:40.2540 INFO Get User Success :hodyco
2021-07-02 15:05:42.9068 INFO Get User Success :100-Deputy Commissioner
2021-07-02 15:05:42.9588 INFO Check WorkFlow List Success
2021-07-02 15:05:43.0199 INFO Get Allotment List Success
2021-07-02 15:05:43.0929 INFO Get User Success :hodyco
2021-07-02 15:05:44.9607 INFO Get User Success :100-Deputy Commissioner
2021-07-02 15:05:45.0197 INFO Check WorkFlow List Success
2021-07-02 15:05:45.0827 INFO Get Allotment List Success
2021-07-02 15:05:45.1808 INFO Get User Success :hodyco
2021-07-02 15:05:47.9325 INFO Get GetSeverList Success
2021-07-02 15:34:03.1212 INFO Get User Success :341-Assistant Commissioner
2021-07-02 15:34:31.4555 INFO Get User Success :341-Assistant Commissioner
2021-07-02 15:34:32.8924 INFO Get User Success :bhedo
2021-07-02 15:34:58.0469 INFO Get User Success :341-Assistant Commissioner
2021-07-02 15:35:03.9395 INFO Get User Success :bhedo
2021-07-02 15:35:12.0960 INFO Get User Success :341-Assistant Commissioner
2021-07-02 15:35:15.8988 INFO Get Allotment List Success
2021-07-02 15:35:16.2908 INFO Get Product Master List Success
2021-07-02 15:35:16.4848 INFO Get UOM List Success
2021-07-02 15:35:18.8266 INFO Get Allotment Details Success
2021-07-02 15:35:21.8674 INFO Get User Success :bhedo
2021-07-02 15:45:00.1753 INFO Get User Success :341-Assistant Commissioner
2021-07-02 15:45:32.3274 INFO Get User Success :341-Assistant Commissioner
2021-07-02 15:45:32.6574 INFO Get User Success :bhedo
2021-07-02 15:45:43.3427 INFO Get User Success :341-Assistant Commissioner
2021-07-02 15:45:48.7803 INFO Get User Success :bhedo
2021-07-02 15:45:53.2771 INFO Get User Success :341-Assistant Commissioner
2021-07-02 15:45:58.0228 INFO Get Allotment List Success
2021-07-02 15:45:59.8127 INFO Get Product Master List Success
2021-07-02 15:45:59.9797 INFO Get UOM List Success
2021-07-02 15:46:20.7774 INFO Get Allotment Details Success
2021-07-02 15:46:25.4341 INFO Get User Success :bhedo
2021-07-02 15:47:52.4798 INFO Get User Success :341-Assistant Commissioner
2021-07-02 15:47:55.4126 INFO Get User Success :bhedo
2021-07-02 16:20:15.4640 INFO Get User Success :350-Globus Spirits Limited
2021-07-02 16:20:15.9969 INFO Get User Success :350-Globus Spirits Limited
2021-07-02 16:20:16.1669 INFO Get User Success :globus_dis
2021-07-02 16:20:25.6813 INFO Get User Success :350-Globus Spirits Limited
2021-07-02 16:20:32.9519 INFO Get User Success :globus_dis
2021-07-02 16:20:38.1936 INFO Get Report  Success
2021-07-02 16:20:38.7465 INFO Get GetSeverList Success
2021-07-02 17:17:06.1617 INFO Get GetSeverList Success
