2021-01-30 10:17:24.3890 INFO Get User Success :117-HPCL Biofuels Limited, WC
2021-01-30 10:17:25.3072 INFO Get User Success :hpcl_wc_sgr
2021-01-30 10:17:29.6338 INFO Sugarcanepurchase Get List Success
2021-01-30 10:17:29.7442 INFO Get User Success :117-HPCL Biofuels Limited, WC
2021-01-30 10:17:29.8939 INFO Get User Success :hpcl_wc_sgr
2021-01-30 10:17:31.3972 INFO Get User Success :117-HPCL Biofuels Limited, WC
2021-01-30 10:17:31.8737 INFO MIR GetList Sucess
2021-01-30 10:17:31.9947 INFO Get User Success :hpcl_wc_sgr
2021-01-30 10:17:38.7546 INFO Get User Success :117-HPCL Biofuels Limited, WC
2021-01-30 10:17:39.0634 INFO Get VAT Master List Success
2021-01-30 10:17:39.6116 INFO Get Pass List Success
2021-01-30 10:18:21.2936 INFO MIR GetDetails Sucess
2021-01-30 10:19:17.6703 INFO Get User Success :hpcl_wc_sgr
2021-01-30 10:20:41.0288 INFO Get User Success :117-HPCL Biofuels Limited, WC
2021-01-30 10:20:41.5718 INFO MIR GetList Sucess
2021-01-30 10:20:41.6755 INFO Get User Success :hpcl_wc_sgr
2021-01-30 10:24:04.6577 INFO Get User Success :117-HPCL Biofuels Limited, WC
2021-01-30 10:24:04.9197 INFO Get VAT Master List Success
2021-01-30 10:24:05.6217 INFO Get Pass List Success
2021-01-30 10:24:31.5078 INFO MIR GetDetails Sucess
2021-01-30 10:24:57.2894 INFO Get Pass List Success
2021-01-30 10:24:57.6818 INFO Get User Success :hpcl_wc_sgr
2021-01-30 10:25:39.9381 INFO Get User Success :117-HPCL Biofuels Limited, WC
2021-01-30 10:25:41.1757 INFO MIR GetList Sucess
2021-01-30 10:25:41.3594 INFO Get User Success :hpcl_wc_sgr
2021-01-30 10:25:43.3176 INFO Get User Success :117-HPCL Biofuels Limited, WC
2021-01-30 10:25:43.6634 INFO Get VAT Master List Success
2021-01-30 10:25:44.6483 INFO Get Pass List Success
2021-01-30 10:25:47.0789 INFO MIR GetDetails Sucess
2021-01-30 10:25:47.1672 INFO Get Pass List Success
2021-01-30 10:25:47.4318 INFO Get User Success :hpcl_wc_sgr
2021-01-30 10:31:56.7368 INFO Get User Success :117-HPCL Biofuels Limited, WC
2021-01-30 10:31:57.0586 INFO Get VAT Master List Success
2021-01-30 10:31:58.1366 INFO Get Pass List Success
2021-01-30 10:31:58.2894 INFO MIR GetDetails Sucess
2021-01-30 10:31:58.4340 INFO Get Pass List Success
2021-01-30 10:31:58.7325 INFO Get User Success :hpcl_wc_sgr
2021-01-30 13:22:52.2116 INFO Get User Success :98-Harinagar Sugar Mills Limited(Distillery Division)
2021-01-30 13:22:53.1391 INFO Get User Success :harinagar_dis
2021-01-30 13:22:58.1970 INFO Get User Success :98-Harinagar Sugar Mills Limited(Distillery Division)
2021-01-30 13:22:59.8203 INFO Get User Success :harinagar_dis
2021-01-30 13:23:02.2422 INFO Get User Success :98-Harinagar Sugar Mills Limited(Distillery Division)
2021-01-30 13:23:02.5865 INFO Get User Success :harinagar_dis
2021-01-30 13:23:06.7497 INFO Get User Success :98-Harinagar Sugar Mills Limited(Distillery Division)
2021-01-30 13:23:08.4258 INFO Get User Success :98-Harinagar Sugar Mills Limited(Distillery Division)
2021-01-30 13:23:11.1359 INFO Get User Success :98-Harinagar Sugar Mills Limited(Distillery Division)
2021-01-30 13:23:14.1005 INFO Get User Success :98-Harinagar Sugar Mills Limited(Distillery Division)
2021-01-30 13:23:14.7648 INFO Get User Success :98-Harinagar Sugar Mills Limited(Distillery Division)
2021-01-30 13:23:15.1052 INFO Get VAT Master List Success
2021-01-30 13:23:15.7999 INFO Get User Success :harinagar_dis
2021-01-30 13:23:19.3832 INFO Get VAT Master List Success
2021-01-30 13:23:20.2961 INFO Get User Success :98-Harinagar Sugar Mills Limited(Distillery Division)
2021-01-30 13:23:22.9694 INFO Get User Success :harinagar_dis
2021-01-30 13:23:27.4915 INFO Get User Success :98-Harinagar Sugar Mills Limited(Distillery Division)
2021-01-30 13:23:27.8203 INFO Get User Success :harinagar_dis
2021-01-30 13:23:29.3851 INFO Get User Success :98-Harinagar Sugar Mills Limited(Distillery Division)
2021-01-30 13:23:29.4864 INFO Get User Success :98-Harinagar Sugar Mills Limited(Distillery Division)
2021-01-30 13:23:30.9265 INFO Get User Success :harinagar_dis
2021-01-30 13:23:39.3762 INFO Get User Success :98-Harinagar Sugar Mills Limited(Distillery Division)
2021-01-30 13:23:39.8292 INFO Get User Success :harinagar_dis
2021-01-30 13:23:41.5338 INFO Get User Success :98-Harinagar Sugar Mills Limited(Distillery Division)
2021-01-30 13:23:42.0908 INFO Get User Success :harinagar_dis
2021-01-30 13:23:43.2782 INFO Get User Success :98-Harinagar Sugar Mills Limited(Distillery Division)
2021-01-30 13:23:44.3036 INFO Get User Success :harinagar_dis
2021-01-30 13:23:46.2455 INFO Get User Success :98-Harinagar Sugar Mills Limited(Distillery Division)
2021-01-30 13:23:46.8653 INFO Get User Success :harinagar_dis
2021-01-30 13:23:49.0976 INFO Get User Success :98-Harinagar Sugar Mills Limited(Distillery Division)
2021-01-30 13:26:03.1670 INFO Get User Success :98-Harinagar Sugar Mills Limited(Distillery Division)
2021-01-30 13:26:04.1093 INFO Get User Success :harinagar_dis
2021-01-30 13:26:11.5664 INFO Get User Success :98-Harinagar Sugar Mills Limited(Distillery Division)
2021-01-30 13:26:12.1391 INFO Get User Success :harinagar_dis
2021-01-30 13:26:21.0812 INFO Get User Success :98-Harinagar Sugar Mills Limited(Distillery Division)
2021-01-30 13:26:21.1698 INFO Get Indent List Success
2021-01-30 13:26:21.3507 INFO Get User Success :harinagar_dis
2021-01-30 13:27:17.9069 INFO Get User Success :98-Harinagar Sugar Mills Limited(Distillery Division)
2021-01-30 13:27:17.9907 INFO Get Indent List Success
2021-01-30 13:27:26.4082 INFO Get User Success :98-Harinagar Sugar Mills Limited(Distillery Division)
2021-01-30 13:27:26.5853 INFO Get Allotment List Success
2021-01-30 13:27:26.7911 INFO Get User Success :harinagar_dis
2021-01-30 13:27:30.5087 INFO Get User Success :98-Harinagar Sugar Mills Limited(Distillery Division)
2021-01-30 13:27:30.6739 INFO Get Allotment List Success
2021-01-30 13:27:30.9669 INFO Get GetSeverList Success
2021-01-30 13:27:44.4808 INFO Get User Success :98-Harinagar Sugar Mills Limited(Distillery Division)
2021-01-30 13:27:44.6479 INFO Get Allotment List Success
2021-01-30 13:27:44.7935 INFO Get User Success :98-Harinagar Sugar Mills Limited(Distillery Division)
2021-01-30 13:27:44.8863 INFO Get Party Master List Success
2021-01-30 13:27:44.9691 INFO Get Indent List Success
2021-01-30 13:27:45.2488 INFO Get User Success :harinagar_dis
2021-01-30 13:27:50.5922 INFO Get Party Master List Success
2021-01-30 13:28:02.5673 INFO Get Party Master List Success
2021-01-30 13:28:10.1094 INFO Get Party Master List Success
2021-01-30 13:28:17.7497 INFO Get Party Master List Success
2021-01-30 13:28:26.6473 INFO Get Party Master List Success
2021-01-30 14:36:33.6950 INFO Get User Success :98-Harinagar Sugar Mills Limited(Distillery Division)
2021-01-30 14:36:34.7485 INFO Get User Success :harinagar_dis
2021-01-30 14:36:42.7512 INFO Get User Success :98-Harinagar Sugar Mills Limited(Distillery Division)
2021-01-30 14:36:47.0273 INFO Get User Success :harinagar_dis
2021-01-30 14:36:47.5305 INFO Get User Success :98-Harinagar Sugar Mills Limited(Distillery Division)
2021-01-30 14:36:55.3008 INFO Get User Success :105-Majhaulia Sugar Industry Ltd Distillery Division
2021-01-30 14:36:56.0718 INFO Get User Success :majhaulia_dis
2021-01-30 14:36:58.2939 INFO Get User Success :105-Majhaulia Sugar Industry Ltd Distillery Division
2021-01-30 14:37:01.2961 INFO Get User Success :majhaulia_dis
2021-01-30 14:37:10.8938 INFO Get User Success :105-Majhaulia Sugar Industry Ltd Distillery Division
2021-01-30 14:37:11.2875 INFO Get VAT Master List Success
2021-01-30 14:37:11.7098 INFO Get User Success :majhaulia_dis
2021-01-30 14:37:15.4909 INFO Get VAT Master List Success
2021-01-30 14:37:17.0940 INFO Get VAT Master List Success
2021-01-30 14:37:18.3201 INFO Get VAT Master List Success
2021-01-30 14:37:28.2188 INFO Get User Success :105-Majhaulia Sugar Industry Ltd Distillery Division
2021-01-30 14:37:29.2802 INFO Get Form84 List Success
2021-01-30 14:37:29.8817 INFO Get User Success :majhaulia_dis
2021-01-30 14:37:30.3715 INFO Get User Success :105-Majhaulia Sugar Industry Ltd Distillery Division
2021-01-30 14:37:31.1109 INFO Get Form84 List Success
2021-01-30 14:37:31.5044 INFO Get User Success :majhaulia_dis
2021-01-30 14:37:33.8930 INFO Get Form84 List Success
2021-01-30 14:37:35.1017 INFO Get Form84 List Success
2021-01-30 14:37:38.0592 INFO Get Form84 List Success
2021-01-30 14:37:40.0596 INFO Get User Success :105-Majhaulia Sugar Industry Ltd Distillery Division
2021-01-30 14:37:40.2156 INFO Get Form84 List Success
2021-01-30 14:37:40.6104 INFO Get User Success :majhaulia_dis
2021-01-30 16:20:01.2530 INFO Get User Success :97-Harinagar Sugar Mills Ltd
2021-01-30 16:20:02.6240 INFO Get User Success :harinagar_sgr
2021-01-30 16:20:07.0532 INFO Get User Success :97-Harinagar Sugar Mills Ltd
2021-01-30 16:20:07.1268 INFO Get Report  Success
2021-01-30 16:20:07.2159 INFO Get Party Master List Success
2021-01-30 16:20:07.3655 INFO Get User Success :harinagar_sgr
2021-01-30 16:20:12.3211 INFO Get VAT Master List Success
2021-01-30 16:21:33.9188 INFO Get VAT Master List Success
2021-01-30 16:22:36.6498 INFO Get VAT Master List Success
2021-01-30 16:22:56.7941 INFO Get GetSeverList Success
2021-01-30 17:13:43.2328 INFO Get User Success :98-Harinagar Sugar Mills Limited(Distillery Division)
2021-01-30 17:13:44.3735 INFO Get User Success :harinagar_dis
2021-01-30 17:13:52.2148 INFO Get User Success :98-Harinagar Sugar Mills Limited(Distillery Division)
2021-01-30 17:13:52.2907 INFO Get Report  Success
2021-01-30 17:13:52.3893 INFO Get Party Master List Success
2021-01-30 17:13:52.5350 INFO Get User Success :harinagar_dis
2021-01-30 17:14:02.1766 INFO Get VAT Master List Success
2021-01-30 17:14:13.2713 INFO Get GetSeverList Success
2021-01-30 17:19:37.3319 INFO Get User Success :105-Majhaulia Sugar Industry Ltd Distillery Division
2021-01-30 17:19:37.4358 INFO Get User Success :majhaulia_dis
2021-01-30 17:19:41.2876 INFO Get User Success :105-Majhaulia Sugar Industry Ltd Distillery Division
2021-01-30 17:19:41.2876 INFO Get Report  Success
2021-01-30 17:19:41.3025 INFO Get Party Master List Success
2021-01-30 17:19:41.3151 INFO Get User Success :majhaulia_dis
2021-01-30 17:19:50.6758 INFO Get VAT Master List Success
2021-01-30 17:19:59.6736 INFO Get GetSeverList Success
