2021-04-05 10:50:54.2977 INFO Get User Success :350-Globus Spirits Limited
2021-04-05 10:51:07.7354 INFO Get User Success :350-Globus Spirits Limited
2021-04-05 10:51:07.7714 INFO Get User Success :globus_dis
2021-04-05 10:51:17.8496 INFO Get User Success :350-Globus Spirits Limited
2021-04-05 10:51:19.4904 INFO Get User Success :350-Globus Spirits Limited
2021-04-05 10:51:20.6270 INFO Get User Success :globus_dis
2021-04-05 10:51:24.6789 INFO Get User Success :350-Globus Spirits Limited
2021-04-05 10:51:24.7178 INFO Get User Success :globus_dis
2021-04-05 10:51:28.1363 INFO Get User Success :350-Globus Spirits Limited
2021-04-05 10:51:28.1583 INFO Get User Success :globus_dis
2021-04-05 10:51:34.1282 INFO Get User Success :350-Globus Spirits Limited
2021-04-05 10:51:34.1282 INFO Get Form84 List Success
2021-04-05 10:51:34.1552 INFO Get User Success :globus_dis
2021-04-05 10:51:39.7847 INFO Get User Success :350-Globus Spirits Limited
2021-04-05 10:51:39.7847 INFO Get User Success :globus_dis
2021-04-05 10:51:52.9680 INFO Get User Success :350-Globus Spirits Limited
2021-04-05 10:51:52.9760 INFO Get Form84 List Success
2021-04-05 10:51:52.9760 INFO Get User Success :globus_dis
2021-04-05 10:51:57.2069 INFO Get User Success :350-Globus Spirits Limited
2021-04-05 10:51:57.2069 INFO Get Form84 List Success
2021-04-05 10:51:57.2278 INFO Get User Success :globus_dis
2021-04-05 10:52:01.6911 INFO Get User Success :350-Globus Spirits Limited
2021-04-05 10:52:01.7267 INFO Get VAT Master List Success
2021-04-05 10:52:01.7267 INFO Get User Success :globus_dis
2021-04-05 10:53:37.6014 INFO Get form84 Insert Success: 36-GSL-GSLSTO0005
2021-04-05 10:53:37.6014 INFO Get form84 Update Success
2021-04-05 10:53:37.6412 INFO Get User Success :350-Globus Spirits Limited
2021-04-05 10:53:37.6450 INFO Get Form84 List Success
2021-04-05 10:53:37.6450 INFO Get User Success :globus_dis
2021-04-05 10:53:47.6779 INFO Get User Success :351-Globus Spirits Limited, Bond Officer
2021-04-05 10:53:47.7018 INFO Get User Success :351-Globus Spirits Limited, Bond Officer
2021-04-05 10:53:47.7108 INFO Get User Success :globus_disbo
2021-04-05 10:53:52.2149 INFO Get User Success :351-Globus Spirits Limited, Bond Officer
2021-04-05 10:53:54.0374 INFO Get User Success :351-Globus Spirits Limited, Bond Officer
2021-04-05 10:53:56.0176 INFO Get User Success :globus_disbo
2021-04-05 10:54:01.9177 INFO Get User Success :351-Globus Spirits Limited, Bond Officer
2021-04-05 10:54:01.9255 INFO Get Form84 List Success
2021-04-05 10:54:01.9255 INFO Get User Success :globus_disbo
2021-04-05 10:54:04.5927 INFO Get User Success :351-Globus Spirits Limited, Bond Officer
2021-04-05 10:54:04.5927 INFO Get Form84 List Success
2021-04-05 10:54:04.6017 INFO Get User Success :globus_disbo
2021-04-05 10:54:10.4291 INFO Get User Success :351-Globus Spirits Limited, Bond Officer
2021-04-05 10:54:10.4291 INFO Get VAT Master List Success
2021-04-05 10:54:10.4291 INFO Get VAT Master List Success
2021-04-05 10:54:10.4452 INFO Get User Success :globus_disbo
2021-04-05 10:54:19.6253 INFO Form84 Approve Sucess:36
2021-04-05 10:54:19.6514 INFO Get User Success :351-Globus Spirits Limited, Bond Officer
2021-04-05 10:54:19.6514 INFO Get Form84 List Success
2021-04-05 10:54:19.6603 INFO Get User Success :globus_disbo
2021-04-05 10:55:39.3452 INFO Get User Success :350-Globus Spirits Limited
2021-04-05 10:55:39.3773 INFO Get User Success :350-Globus Spirits Limited
2021-04-05 10:55:39.3843 INFO Get User Success :globus_dis
2021-04-05 10:55:42.1995 INFO Get User Success :350-Globus Spirits Limited
2021-04-05 10:55:43.9785 INFO Get User Success :350-Globus Spirits Limited
2021-04-05 10:55:44.7520 INFO Get User Success :globus_dis
2021-04-05 10:55:48.5583 INFO Get User Success :350-Globus Spirits Limited
2021-04-05 10:55:48.5701 INFO Get User Success :globus_dis
2021-04-05 10:55:51.9757 INFO Get User Success :350-Globus Spirits Limited
2021-04-05 10:55:51.9757 INFO Get VAT Master List Success
2021-04-05 10:55:51.9757 INFO Get User Success :globus_dis
2021-04-05 10:55:57.1734 INFO Get VAT Master List Success
2021-04-05 11:03:28.5983 INFO Get User Success :350-Globus Spirits Limited
2021-04-05 11:03:28.5983 INFO Get User Success :globus_dis
2021-04-05 11:03:37.3346 INFO Get User Success :351-Globus Spirits Limited, Bond Officer
2021-04-05 11:03:37.3619 INFO Get User Success :351-Globus Spirits Limited, Bond Officer
2021-04-05 11:03:37.3619 INFO Get User Success :globus_disbo
2021-04-05 11:03:40.2943 INFO Get User Success :351-Globus Spirits Limited, Bond Officer
2021-04-05 11:03:41.8149 INFO Get User Success :351-Globus Spirits Limited, Bond Officer
2021-04-05 11:03:42.6405 INFO Get User Success :globus_disbo
2021-04-05 11:03:47.1891 INFO Get User Success :351-Globus Spirits Limited, Bond Officer
2021-04-05 11:03:47.2041 INFO Get User Success :globus_disbo
2021-04-05 11:03:49.8346 INFO Get User Success :351-Globus Spirits Limited, Bond Officer
2021-04-05 11:03:49.8346 INFO Get VAT Master List Success
2021-04-05 11:03:49.8528 INFO Get User Success :globus_disbo
2021-04-05 11:11:20.3197 INFO Get User Success :351-Globus Spirits Limited, Bond Officer
2021-04-05 11:11:33.2827 INFO Get User Success :351-Globus Spirits Limited, Bond Officer
2021-04-05 11:11:33.2995 INFO Get User Success :globus_disbo
2021-04-05 11:11:39.8484 INFO Get User Success :351-Globus Spirits Limited, Bond Officer
2021-04-05 11:11:41.4772 INFO Get User Success :351-Globus Spirits Limited, Bond Officer
2021-04-05 11:11:42.3418 INFO Get User Success :globus_disbo
2021-04-05 11:11:46.8856 INFO Get User Success :351-Globus Spirits Limited, Bond Officer
2021-04-05 11:11:46.9123 INFO Get User Success :globus_disbo
2021-04-05 11:11:50.7215 INFO Get User Success :351-Globus Spirits Limited, Bond Officer
2021-04-05 11:11:50.7386 INFO Get VAT Master List Success
2021-04-05 11:12:35.7059 INFO Get User Success :globus_disbo
2021-04-05 11:13:47.8957 INFO Get User Success :351-Globus Spirits Limited, Bond Officer
2021-04-05 11:13:47.9117 INFO Get User Success :globus_disbo
2021-04-05 11:13:59.7582 INFO Get User Success :351-Globus Spirits Limited, Bond Officer
2021-04-05 11:13:59.7582 INFO Get Report  Success
2021-04-05 11:13:59.7582 INFO Get Party Master List Success
2021-04-05 11:13:59.7712 INFO Get User Success :globus_disbo
2021-04-05 11:14:04.4957 INFO Get VAT Master List Success
2021-04-05 11:14:10.1918 INFO Get GetSeverList Success
2021-04-05 12:27:01.7504 INFO Get User Success :350-Globus Spirits Limited
2021-04-05 12:27:14.9942 INFO Get User Success :350-Globus Spirits Limited
2021-04-05 12:27:15.0211 INFO Get User Success :globus_dis
2021-04-05 12:27:23.5136 INFO Get User Success :350-Globus Spirits Limited
2021-04-05 12:27:23.5369 INFO Get Report  Success
2021-04-05 12:27:23.5608 INFO Get Party Master List Success
2021-04-05 12:27:23.5668 INFO Get User Success :globus_dis
2021-04-05 12:27:29.7477 INFO Get VAT Master List Success
2021-04-05 12:27:43.2722 INFO Get VAT Master List Success
2021-04-05 12:29:32.2542 INFO Get GetSeverList Success
2021-04-05 12:29:50.3775 INFO Get User Success :350-Globus Spirits Limited
2021-04-05 12:29:52.3765 INFO Get User Success :350-Globus Spirits Limited
2021-04-05 12:29:53.4083 INFO Get User Success :globus_dis
2021-04-05 12:30:00.3615 INFO Get User Success :350-Globus Spirits Limited
2021-04-05 12:30:00.3944 INFO Get Form84 List Success
2021-04-05 12:30:00.4104 INFO Get User Success :globus_dis
2021-04-05 12:30:08.9192 INFO Get User Success :350-Globus Spirits Limited
2021-04-05 12:30:08.9312 INFO Get VAT Master List Success
2021-04-05 12:30:08.9433 INFO Get User Success :globus_dis
2021-04-05 12:30:22.5148 INFO Get User Success :350-Globus Spirits Limited
2021-04-05 12:30:22.5148 INFO Get VAT Master List Success
2021-04-05 12:30:24.9518 INFO Get User Success :globus_dis
2021-04-05 12:30:40.0074 INFO Get User Success :350-Globus Spirits Limited
2021-04-05 12:30:40.0074 INFO Get Form84 List Success
2021-04-05 12:30:40.0218 INFO Get User Success :globus_dis
2021-04-05 12:30:46.2922 INFO Get User Success :350-Globus Spirits Limited
2021-04-05 12:30:46.2922 INFO Get VAT Master List Success
2021-04-05 12:30:46.2922 INFO Get VAT Master List Success
2021-04-05 12:30:47.7807 INFO Get VAT Master List Success
2021-04-05 12:30:47.7847 INFO Get VAT Master List Success
2021-04-05 12:30:47.7847 INFO Get User Success :globus_dis
2021-04-05 12:31:23.5094 INFO Get VAT Master List Success
2021-04-05 12:36:45.3712 INFO Get form84 Update Success
2021-04-05 12:36:50.8093 INFO Get User Success :350-Globus Spirits Limited
2021-04-05 12:36:50.8177 INFO Get Form84 List Success
2021-04-05 12:36:50.8177 INFO Get User Success :globus_dis
2021-04-05 12:39:35.7909 INFO Get User Success :350-Globus Spirits Limited
2021-04-05 12:39:35.8112 INFO Get User Success :globus_dis
2021-04-05 12:39:39.7096 INFO Get User Success :350-Globus Spirits Limited
2021-04-05 12:39:39.7096 INFO Get Form84 List Success
2021-04-05 12:39:39.7236 INFO Get User Success :globus_dis
2021-04-05 12:39:44.1436 INFO Get User Success :350-Globus Spirits Limited
2021-04-05 12:39:44.1436 INFO Get VAT Master List Success
2021-04-05 12:39:44.1436 INFO Get VAT Master List Success
2021-04-05 12:39:45.6166 INFO Get VAT Master List Success
2021-04-05 12:39:45.6166 INFO Get VAT Master List Success
2021-04-05 12:39:45.6326 INFO Get User Success :globus_dis
2021-04-05 12:40:19.7386 INFO Get VAT Master List Success
2021-04-05 12:41:20.5424 INFO Get form84 Update Success
2021-04-05 12:41:24.5909 INFO Get User Success :350-Globus Spirits Limited
2021-04-05 12:41:24.5998 INFO Get Form84 List Success
2021-04-05 12:41:24.5998 INFO Get User Success :globus_dis
2021-04-05 12:41:29.1809 INFO Get User Success :350-Globus Spirits Limited
2021-04-05 12:41:29.1809 INFO Get Report  Success
2021-04-05 12:41:29.1809 INFO Get Party Master List Success
2021-04-05 12:41:29.1809 INFO Get User Success :globus_dis
2021-04-05 12:41:36.8575 INFO Get VAT Master List Success
2021-04-05 12:41:41.2285 INFO Get GetSeverList Success
2021-04-05 13:21:04.4467 INFO Get User Success :350-Globus Spirits Limited
2021-04-05 13:21:13.6455 INFO Get User Success :350-Globus Spirits Limited
2021-04-05 13:21:13.6904 INFO Get User Success :globus_dis
2021-04-05 13:21:27.4811 INFO Get User Success :350-Globus Spirits Limited
2021-04-05 13:21:30.0987 INFO Get User Success :350-Globus Spirits Limited
2021-04-05 13:21:30.9595 INFO Get User Success :globus_dis
2021-04-05 13:21:41.2673 INFO Get User Success :350-Globus Spirits Limited
2021-04-05 13:21:41.3130 INFO Get VAT Master List Success
2021-04-05 13:21:41.3253 INFO Get User Success :globus_dis
2021-04-05 13:21:47.7770 INFO Get User Success :350-Globus Spirits Limited
2021-04-05 13:21:47.8058 INFO Get Form84 List Success
2021-04-05 13:21:47.8186 INFO Get User Success :globus_dis
2021-04-05 13:22:03.4629 INFO Get User Success :350-Globus Spirits Limited
2021-04-05 13:22:03.4629 INFO Get VAT Master List Success
2021-04-05 13:22:03.4729 INFO Get VAT Master List Success
2021-04-05 13:22:05.3497 INFO Get VAT Master List Success
2021-04-05 13:22:05.3497 INFO Get VAT Master List Success
2021-04-05 13:22:05.3677 INFO Get User Success :globus_dis
2021-04-05 13:23:57.8423 INFO Get VAT Master List Success
2021-04-05 14:50:06.0318 INFO Get User Success :350-Globus Spirits Limited
2021-04-05 14:50:13.9478 INFO Get User Success :350-Globus Spirits Limited
2021-04-05 14:50:13.9658 INFO Get User Success :globus_dis
2021-04-05 14:50:27.2224 INFO Get User Success :350-Globus Spirits Limited
2021-04-05 14:50:34.9498 INFO Get User Success :350-Globus Spirits Limited
2021-04-05 14:50:36.1812 INFO Get User Success :globus_dis
2021-04-05 14:50:41.7763 INFO Get User Success :350-Globus Spirits Limited
2021-04-05 14:50:41.8167 INFO Get Form84 List Success
2021-04-05 14:50:41.8372 INFO Get User Success :globus_dis
2021-04-05 14:50:46.9238 INFO Get User Success :350-Globus Spirits Limited
2021-04-05 14:50:46.9279 INFO Get VAT Master List Success
2021-04-05 14:50:46.9279 INFO Get VAT Master List Success
2021-04-05 14:50:49.0312 INFO Get VAT Master List Success
2021-04-05 14:50:49.0362 INFO Get VAT Master List Success
2021-04-05 14:50:49.0362 INFO Get User Success :globus_dis
2021-04-05 14:50:56.9073 INFO Get User Success :350-Globus Spirits Limited
2021-04-05 14:50:56.9203 INFO Get Form84 List Success
2021-04-05 14:50:56.9252 INFO Get User Success :globus_dis
2021-04-05 14:51:02.1932 INFO Get User Success :350-Globus Spirits Limited
2021-04-05 14:51:02.1932 INFO Get VAT Master List Success
2021-04-05 14:51:02.1932 INFO Get VAT Master List Success
2021-04-05 14:51:04.5963 INFO Get VAT Master List Success
2021-04-05 14:51:04.5963 INFO Get VAT Master List Success
2021-04-05 14:51:04.6162 INFO Get User Success :globus_dis
2021-04-05 14:51:59.1256 INFO Get VAT Master List Success
2021-04-05 14:54:59.7878 INFO Get User Success :350-Globus Spirits Limited
2021-04-05 14:55:07.3088 INFO Get User Success :350-Globus Spirits Limited
2021-04-05 14:55:07.3287 INFO Get User Success :globus_dis
2021-04-05 14:55:30.3433 INFO Get User Success :350-Globus Spirits Limited
2021-04-05 14:55:32.3592 INFO Get User Success :350-Globus Spirits Limited
2021-04-05 14:55:33.2036 INFO Get User Success :globus_dis
2021-04-05 14:55:39.0655 INFO Get User Success :350-Globus Spirits Limited
2021-04-05 14:55:39.0864 INFO Get Form84 List Success
2021-04-05 14:55:39.1014 INFO Get User Success :globus_dis
2021-04-05 14:55:43.8622 INFO Get User Success :350-Globus Spirits Limited
2021-04-05 14:55:43.8622 INFO Get VAT Master List Success
2021-04-05 14:55:43.8622 INFO Get VAT Master List Success
2021-04-05 14:55:45.3596 INFO Get VAT Master List Success
2021-04-05 14:55:45.3646 INFO Get VAT Master List Success
2021-04-05 14:55:45.3805 INFO Get User Success :globus_dis
2021-04-05 14:56:20.8311 INFO Get VAT Master List Success
2021-04-05 14:58:06.2420 INFO Get User Success :350-Globus Spirits Limited
2021-04-05 14:58:06.3357 INFO Get User Success :350-Globus Spirits Limited
2021-04-05 14:58:06.3527 INFO Get User Success :globus_dis
2021-04-05 14:58:11.5504 INFO Get User Success :350-Globus Spirits Limited
2021-04-05 14:58:13.4624 INFO Get User Success :350-Globus Spirits Limited
2021-04-05 14:58:14.5660 INFO Get User Success :globus_dis
2021-04-05 14:58:18.7363 INFO Get User Success :350-Globus Spirits Limited
2021-04-05 14:58:18.7533 INFO Get Form84 List Success
2021-04-05 14:58:18.7702 INFO Get User Success :globus_dis
2021-04-05 14:58:23.2820 INFO Get User Success :350-Globus Spirits Limited
2021-04-05 14:58:23.2858 INFO Get VAT Master List Success
2021-04-05 14:58:23.2858 INFO Get VAT Master List Success
2021-04-05 14:58:25.5095 INFO Get VAT Master List Success
2021-04-05 14:58:25.5095 INFO Get VAT Master List Success
2021-04-05 14:58:25.5294 INFO Get User Success :globus_dis
2021-04-05 14:58:52.3673 INFO Get VAT Master List Success
2021-04-05 15:02:07.9781 INFO Get VAT Master List Fail :A command is already in progress: select a.*,c.receivervat,d.vat_name from exciseautomation.fermenter_receiver_output a inner join exciseautomation.fermenter_receiver b on a.fermenter_receiver_id = b.fermenter_receiver_id inner join exciseautomation.fermenter_receiver_input c on  a.fermenter_receiver_id = c.fermenter_receiver_id  inner join exciseautomation.vat_master d on c.receivervat=d.vat_code  where a.to_storagevat='GSLSTO0007' and a.removal_date='11-03-2021' and b.user_id='globus_dis' and b.record_status='A'
2021-04-05 15:02:08.0167 INFO Get form84 Update Success
2021-04-05 15:02:08.0397 INFO Get User Success :350-Globus Spirits Limited
2021-04-05 15:02:08.0397 INFO Get Form84 List Success
2021-04-05 15:02:08.0537 INFO Get User Success :globus_dis
2021-04-05 15:02:21.9666 INFO Get User Success :350-Globus Spirits Limited
2021-04-05 15:02:21.9666 INFO Get VAT Master List Success
2021-04-05 15:02:21.9666 INFO Get VAT Master List Success
2021-04-05 15:02:23.8192 INFO Get VAT Master List Success
2021-04-05 15:02:23.8192 INFO Get VAT Master List Success
2021-04-05 15:02:23.8192 INFO Get User Success :globus_dis
2021-04-05 15:02:37.7821 INFO Get VAT Master List Success
2021-04-05 15:03:13.3926 INFO Get VAT Master List Success
2021-04-05 15:03:25.7917 INFO Get VAT Master List Fail :Field not found in row: fermentervat
2021-04-05 15:04:48.3277 INFO Get VAT Master List Success
2021-04-05 15:06:07.0651 INFO Get form84 Update Success
2021-04-05 15:06:07.0930 INFO Get User Success :350-Globus Spirits Limited
2021-04-05 15:06:07.1090 INFO Get Form84 List Success
2021-04-05 15:06:07.1149 INFO Get User Success :globus_dis
2021-04-05 15:06:19.3391 INFO Get User Success :350-Globus Spirits Limited
2021-04-05 15:06:19.3391 INFO Get Report  Success
2021-04-05 15:06:19.3481 INFO Get Party Master List Success
2021-04-05 15:06:19.3481 INFO Get User Success :globus_dis
2021-04-05 15:06:25.8060 INFO Get VAT Master List Success
2021-04-05 15:06:31.6629 INFO Get GetSeverList Success
2021-04-05 15:09:58.6994 INFO Get User Success :350-Globus Spirits Limited
2021-04-05 15:09:59.9990 INFO Get User Success :350-Globus Spirits Limited
2021-04-05 15:10:00.7536 INFO Get User Success :globus_dis
2021-04-05 15:12:59.1881 INFO Get User Success :350-Globus Spirits Limited
2021-04-05 15:12:59.2001 INFO Get Form84 List Success
2021-04-05 15:12:59.2061 INFO Get User Success :globus_dis
2021-04-05 15:13:03.5718 INFO Get User Success :350-Globus Spirits Limited
2021-04-05 15:13:03.5718 INFO Get VAT Master List Success
2021-04-05 15:13:03.5718 INFO Get VAT Master List Success
2021-04-05 15:15:27.6937 INFO Get VAT Master List Success
2021-04-05 15:15:45.3596 INFO Get VAT Master List Success
2021-04-05 15:15:45.3696 INFO Get User Success :globus_dis
2021-04-05 15:15:54.8262 INFO Get User Success :350-Globus Spirits Limited
2021-04-05 15:15:54.8342 INFO Get Form84 List Success
2021-04-05 15:15:54.8342 INFO Get User Success :globus_dis
2021-04-05 15:16:00.3090 INFO Get User Success :350-Globus Spirits Limited
2021-04-05 15:16:00.3090 INFO Get VAT Master List Success
2021-04-05 15:16:00.3090 INFO Get VAT Master List Success
2021-04-05 15:16:01.5794 INFO Get VAT Master List Success
2021-04-05 15:16:01.5824 INFO Get VAT Master List Success
2021-04-05 15:16:01.5824 INFO Get VAT Master List Success
2021-04-05 15:16:01.6083 INFO Get User Success :globus_dis
2021-04-05 15:16:05.2211 INFO Get User Success :350-Globus Spirits Limited
2021-04-05 15:16:05.2211 INFO Get Form84 List Success
2021-04-05 15:16:05.2211 INFO Get User Success :globus_dis
2021-04-05 15:16:10.3588 INFO Get User Success :350-Globus Spirits Limited
2021-04-05 15:16:10.3588 INFO Get VAT Master List Success
2021-04-05 15:16:10.3618 INFO Get VAT Master List Success
2021-04-05 15:16:11.7204 INFO Get VAT Master List Success
2021-04-05 15:16:11.7224 INFO Get VAT Master List Success
2021-04-05 15:16:11.7224 INFO Get User Success :globus_dis
2021-04-05 15:24:15.0066 INFO Get User Success :350-Globus Spirits Limited
2021-04-05 15:24:15.1262 INFO Get User Success :350-Globus Spirits Limited
2021-04-05 15:24:15.1452 INFO Get User Success :globus_dis
2021-04-05 15:24:49.4570 INFO Get User Success :350-Globus Spirits Limited
2021-04-05 15:24:51.0425 INFO Get User Success :350-Globus Spirits Limited
2021-04-05 15:24:51.8389 INFO Get User Success :globus_dis
2021-04-05 15:24:56.6149 INFO Get User Success :350-Globus Spirits Limited
2021-04-05 15:24:56.6492 INFO Get Form84 List Success
2021-04-05 15:24:56.6631 INFO Get User Success :globus_dis
2021-04-05 15:25:34.9186 INFO Get User Success :350-Globus Spirits Limited
2021-04-05 15:25:34.9186 INFO Get VAT Master List Success
2021-04-05 15:25:34.9286 INFO Get VAT Master List Success
2021-04-05 15:25:36.5141 INFO Get VAT Master List Success
2021-04-05 15:25:36.5251 INFO Get VAT Master List Success
2021-04-05 15:25:36.5421 INFO Get User Success :globus_dis
2021-04-05 15:26:00.6805 INFO Get VAT Master List Success
2021-04-05 15:26:08.6838 INFO Get VAT Master List Success
2021-04-05 15:27:24.5673 INFO Get form84 Update Success
2021-04-05 15:27:33.2756 INFO Get User Success :350-Globus Spirits Limited
2021-04-05 15:27:33.2875 INFO Get Form84 List Success
2021-04-05 15:27:33.2875 INFO Get User Success :globus_dis
2021-04-05 15:27:37.2679 INFO Get User Success :350-Globus Spirits Limited
2021-04-05 15:27:37.2689 INFO Get VAT Master List Success
2021-04-05 15:27:37.2689 INFO Get VAT Master List Success
2021-04-05 15:27:38.6431 INFO Get VAT Master List Success
2021-04-05 15:27:38.6431 INFO Get VAT Master List Success
2021-04-05 15:27:38.6431 INFO Get User Success :globus_dis
2021-04-05 16:12:18.5999 INFO Get User Success :350-Globus Spirits Limited
2021-04-05 16:12:18.6981 INFO Get User Success :350-Globus Spirits Limited
2021-04-05 16:12:18.7161 INFO Get User Success :globus_dis
2021-04-05 16:12:26.0123 INFO Get User Success :350-Globus Spirits Limited
2021-04-05 16:12:29.5157 INFO Get User Success :44-Administrator
2021-04-05 16:12:29.6324 INFO Get User Success :44-Administrator
2021-04-05 16:12:29.6535 INFO Get User Success :Admin
2021-04-05 16:13:16.1115 INFO Get GetSeverList Success
2021-04-05 16:13:16.1473 INFO Get User Success :Admin
2021-04-05 16:13:18.8025 INFO Get User Success :Admin
2021-04-05 16:13:24.7824 INFO Get User Success :350-Globus Spirits Limited
2021-04-05 16:13:24.8024 INFO Get User Success :350-Globus Spirits Limited
2021-04-05 16:13:24.8153 INFO Get User Success :globus_dis
2021-04-05 16:14:33.6371 INFO Get User Success :350-Globus Spirits Limited
2021-04-05 16:14:36.1344 INFO Get User Success :44-Administrator
2021-04-05 16:14:36.1832 INFO Get User Success :44-Administrator
2021-04-05 16:14:36.1832 INFO Get User Success :Admin
2021-04-05 16:14:50.7321 INFO Get User Success :44-Administrator
2021-04-05 16:14:53.6279 INFO Get User Success :350-Globus Spirits Limited
2021-04-05 16:14:53.6548 INFO Get User Success :350-Globus Spirits Limited
2021-04-05 16:14:53.6548 INFO Get User Success :globus_dis
2021-04-05 16:16:06.9985 INFO Get User Success :350-Globus Spirits Limited
2021-04-05 16:16:10.7910 INFO Get User Success :44-Administrator
2021-04-05 16:16:10.8309 INFO Get User Success :44-Administrator
2021-04-05 16:16:10.8309 INFO Get User Success :Admin
2021-04-05 16:16:15.1668 INFO Get License_Type List Fail
2021-04-05 16:16:15.1668 INFO Get User Success :Admin
2021-04-05 16:16:20.0105 INFO Get License_Type List Fail
2021-04-05 16:16:20.0105 INFO Get User Success :Admin
2021-04-05 16:16:22.4257 INFO Get License_Type List Fail
2021-04-05 16:16:22.4317 INFO Get User Success :Admin
2021-04-05 16:16:27.6662 INFO Get License_Type List Fail
2021-04-05 16:16:27.6662 INFO Get User Success :Admin
2021-04-05 16:21:30.9144 INFO Get User Success :44-Administrator
2021-04-05 16:21:31.0145 INFO Get User Success :44-Administrator
2021-04-05 16:21:31.0642 INFO Get User Success :Admin
2021-04-05 16:21:35.5349 INFO Get License_Type List Fail
2021-04-05 16:21:35.5559 INFO Get User Success :Admin
2021-04-05 16:21:37.3779 INFO Get User Success :Admin
2021-04-05 16:24:29.8610 INFO Get User Success :44-Administrator
2021-04-05 16:24:36.8993 INFO Get User Success :44-Administrator
2021-04-05 16:24:40.9938 INFO Get License_Type List Fail
2021-04-05 16:25:05.3028 INFO Insert license_type Success :A-abc
2021-04-05 16:25:05.3456 INFO Get UOM List Success
2021-04-05 16:37:07.2740 INFO Get User Success :339-Bihar Distillers & Bottlers Pvt. Ltd - Unit- 1
2021-04-05 16:37:07.3672 INFO Get User Success :339-Bihar Distillers & Bottlers Pvt. Ltd - Unit- 1
2021-04-05 16:37:07.3854 INFO Get User Success :bdbl_dis
2021-04-05 16:37:17.9879 INFO Get User Success :339-Bihar Distillers & Bottlers Pvt. Ltd - Unit- 1
2021-04-05 16:37:18.9993 INFO Get RR List Success
2021-04-05 16:37:19.0464 INFO Get User Success :bdbl_dis
2021-04-05 16:37:37.4885 INFO Get User Success :339-Bihar Distillers & Bottlers Pvt. Ltd - Unit- 1
2021-04-05 16:38:03.5152 INFO Get User Success :bdbl_dis
2021-04-05 16:38:22.1295 INFO Get User Success :339-Bihar Distillers & Bottlers Pvt. Ltd - Unit- 1
2021-04-05 16:38:30.9589 INFO Get RR List Success
2021-04-05 16:39:37.6542 INFO Get NOC Details Success
2021-04-05 16:47:44.4547 INFO Get NOC Details Success
2021-04-05 16:48:48.9860 INFO Get NOC Details Success
2021-04-05 16:49:36.1518 INFO Get User Success :339-Bihar Distillers & Bottlers Pvt. Ltd - Unit- 1
2021-04-05 16:54:14.6995 INFO Get Balance Request Pass Success
2021-04-05 16:54:30.1489 INFO Get User Success :bdbl_dis
2021-04-05 16:54:37.8478 INFO Get User Success :339-Bihar Distillers & Bottlers Pvt. Ltd - Unit- 1
2021-04-05 16:54:41.5106 INFO Get User Success :bdbl_dis
2021-04-05 16:54:45.8765 INFO Get User Success :339-Bihar Distillers & Bottlers Pvt. Ltd - Unit- 1
2021-04-05 16:54:48.3428 INFO Get RR List Success
2021-04-05 16:55:00.8430 INFO Get NOC Details Success
2021-04-05 16:55:30.3152 INFO Get NOC Details Success
2021-04-05 16:55:37.7817 INFO Get User Success :339-Bihar Distillers & Bottlers Pvt. Ltd - Unit- 1
2021-04-05 16:55:37.7817 INFO Get Balance Request Pass Success
2021-04-05 16:57:15.9251 INFO Get User Success :bdbl_dis
2021-04-05 16:57:18.5269 INFO Get User Success :339-Bihar Distillers & Bottlers Pvt. Ltd - Unit- 1
2021-04-05 16:57:21.0749 INFO Get User Success :bdbl_dis
2021-04-05 16:57:24.2836 INFO Get User Success :339-Bihar Distillers & Bottlers Pvt. Ltd - Unit- 1
2021-04-05 16:57:25.9316 INFO Get RR List Success
2021-04-05 16:57:28.9609 INFO Get NOC Details Success
2021-04-05 16:57:33.9808 INFO Get NOC Details Success
2021-04-05 16:57:34.7380 INFO Get User Success :339-Bihar Distillers & Bottlers Pvt. Ltd - Unit- 1
2021-04-05 16:57:49.7367 INFO Get Balance Request Pass Success
2021-04-05 16:59:38.9092 INFO Get User Success :bdbl_dis
2021-04-05 17:00:17.4061 INFO Get User Success :339-Bihar Distillers & Bottlers Pvt. Ltd - Unit- 1
2021-04-05 17:00:21.5884 INFO Get User Success :bdbl_dis
2021-04-05 17:00:38.2771 INFO Get User Success :339-Bihar Distillers & Bottlers Pvt. Ltd - Unit- 1
2021-04-05 17:00:38.2771 INFO Get Dispach Master List Success
2021-04-05 17:00:39.7719 INFO Get VAT Master List Success
2021-04-05 17:00:40.4506 INFO Get User Success :bdbl_dis
2021-04-05 17:03:49.5826 INFO Get User Success :339-Bihar Distillers & Bottlers Pvt. Ltd - Unit- 1
2021-04-05 17:03:51.3417 INFO Get User Success :339-Bihar Distillers & Bottlers Pvt. Ltd - Unit- 1
2021-04-05 17:03:52.3347 INFO Get User Success :bdbl_dis
2021-04-05 17:03:58.7966 INFO Get User Success :339-Bihar Distillers & Bottlers Pvt. Ltd - Unit- 1
2021-04-05 17:03:58.8195 INFO Get Form84 List Success
2021-04-05 17:03:58.8365 INFO Get User Success :bdbl_dis
2021-04-05 17:04:02.9557 INFO Get User Success :339-Bihar Distillers & Bottlers Pvt. Ltd - Unit- 1
2021-04-05 17:04:02.9637 INFO Get Form84 List Success
2021-04-05 17:04:02.9787 INFO Get User Success :bdbl_dis
2021-04-05 17:04:06.8913 INFO Get User Success :339-Bihar Distillers & Bottlers Pvt. Ltd - Unit- 1
2021-04-05 17:04:06.8913 INFO Get VAT Master List Success
2021-04-05 17:04:06.9008 INFO Get User Success :bdbl_dis
2021-04-05 17:04:53.0152 INFO Get User Success :339-Bihar Distillers & Bottlers Pvt. Ltd - Unit- 1
2021-04-05 17:04:53.0152 INFO Get Form84 List Success
2021-04-05 17:04:53.0251 INFO Get User Success :bdbl_dis
2021-04-05 17:05:06.2847 INFO Get User Success :339-Bihar Distillers & Bottlers Pvt. Ltd - Unit- 1
2021-04-05 17:05:06.3067 INFO Get User Success :bdbl_dis
2021-04-05 17:05:12.9082 INFO Get User Success :339-Bihar Distillers & Bottlers Pvt. Ltd - Unit- 1
2021-04-05 17:05:12.9202 INFO Get Form84 List Success
2021-04-05 17:05:12.9202 INFO Get User Success :bdbl_dis
2021-04-05 17:05:25.4781 INFO Get User Success :350-Globus Spirits Limited
2021-04-05 17:05:25.5060 INFO Get User Success :350-Globus Spirits Limited
2021-04-05 17:05:25.5120 INFO Get User Success :globus_dis
2021-04-05 17:05:30.6416 INFO Get User Success :350-Globus Spirits Limited
2021-04-05 17:05:32.1033 INFO Get User Success :350-Globus Spirits Limited
2021-04-05 17:05:33.0544 INFO Get User Success :globus_dis
2021-04-05 17:05:40.4098 INFO Get User Success :350-Globus Spirits Limited
2021-04-05 17:05:40.4178 INFO Get Form84 List Success
2021-04-05 17:05:40.4178 INFO Get User Success :globus_dis
2021-04-05 17:05:43.2529 INFO Get User Success :350-Globus Spirits Limited
2021-04-05 17:05:43.2529 INFO Get Form84 List Success
2021-04-05 17:05:43.2626 INFO Get User Success :globus_dis
2021-04-05 17:05:50.3468 INFO Get User Success :350-Globus Spirits Limited
2021-04-05 17:05:50.3468 INFO Get VAT Master List Success
2021-04-05 17:05:50.3538 INFO Get User Success :globus_dis
2021-04-05 17:07:46.1091 INFO Get form84 Insert Success: 39-GSL-GSLSTO0005
2021-04-05 17:07:46.1091 INFO Get form84 Update Success
2021-04-05 17:07:46.1383 INFO Get User Success :350-Globus Spirits Limited
2021-04-05 17:07:46.1383 INFO Get Form84 List Success
2021-04-05 17:07:46.1490 INFO Get User Success :globus_dis
2021-04-05 17:07:55.4889 INFO Get User Success :351-Globus Spirits Limited, Bond Officer
2021-04-05 17:07:55.5138 INFO Get User Success :351-Globus Spirits Limited, Bond Officer
2021-04-05 17:07:55.5138 INFO Get User Success :globus_disbo
2021-04-05 17:08:33.4577 INFO Get User Success :351-Globus Spirits Limited, Bond Officer
2021-04-05 17:08:34.9535 INFO Get User Success :351-Globus Spirits Limited, Bond Officer
2021-04-05 17:08:35.8593 INFO Get User Success :globus_disbo
2021-04-05 17:08:42.3339 INFO Get User Success :351-Globus Spirits Limited, Bond Officer
2021-04-05 17:08:42.3569 INFO Get Form84 List Success
2021-04-05 17:08:42.3569 INFO Get User Success :globus_disbo
2021-04-05 17:08:44.5943 INFO Get User Success :351-Globus Spirits Limited, Bond Officer
2021-04-05 17:08:44.5943 INFO Get Form84 List Success
2021-04-05 17:08:44.6031 INFO Get User Success :globus_disbo
2021-04-05 17:08:48.7405 INFO Get User Success :351-Globus Spirits Limited, Bond Officer
2021-04-05 17:08:48.7405 INFO Get VAT Master List Success
2021-04-05 17:08:48.7455 INFO Get VAT Master List Success
2021-04-05 17:08:48.7455 INFO Get User Success :globus_disbo
2021-04-05 17:10:31.5740 INFO Form84 Approve Sucess:39
2021-04-05 17:10:36.8312 INFO Get User Success :351-Globus Spirits Limited, Bond Officer
2021-04-05 17:10:36.8551 INFO Get Form84 List Success
2021-04-05 17:10:36.8551 INFO Get User Success :globus_disbo
2021-04-05 17:11:49.3731 INFO Get User Success :350-Globus Spirits Limited
2021-04-05 17:11:49.3986 INFO Get User Success :350-Globus Spirits Limited
2021-04-05 17:11:49.4046 INFO Get User Success :globus_dis
2021-04-05 17:11:54.9693 INFO Get User Success :350-Globus Spirits Limited
2021-04-05 17:11:57.2246 INFO Get User Success :350-Globus Spirits Limited
2021-04-05 17:12:00.0792 INFO Get User Success :globus_dis
2021-04-05 17:12:07.1327 INFO Get User Success :350-Globus Spirits Limited
2021-04-05 17:12:07.1407 INFO Get Form84 List Success
2021-04-05 17:12:07.1407 INFO Get User Success :globus_dis
2021-04-05 17:12:09.4677 INFO Get User Success :350-Globus Spirits Limited
2021-04-05 17:12:09.4677 INFO Get Form84 List Success
2021-04-05 17:12:09.4777 INFO Get User Success :globus_dis
2021-04-05 17:12:16.4572 INFO Get User Success :350-Globus Spirits Limited
2021-04-05 17:12:16.4572 INFO Get VAT Master List Success
2021-04-05 17:12:16.4641 INFO Get User Success :globus_dis
2021-04-05 17:13:50.9132 INFO Get User Success :350-Globus Spirits Limited
2021-04-05 17:13:50.9251 INFO Get VAT Master List Success
2021-04-05 17:13:50.9368 INFO Get User Success :globus_dis
2021-04-05 17:13:53.4423 INFO Get User Success :350-Globus Spirits Limited
2021-04-05 17:13:53.4423 INFO Get VAT Master List Success
2021-04-05 17:13:53.4536 INFO Get User Success :globus_dis
2021-04-05 17:13:55.2599 INFO Get User Success :350-Globus Spirits Limited
2021-04-05 17:13:55.2599 INFO Get Form84 List Success
2021-04-05 17:13:55.2599 INFO Get User Success :globus_dis
2021-04-05 17:13:56.5050 INFO Get User Success :350-Globus Spirits Limited
2021-04-05 17:13:56.5090 INFO Get Form84 List Success
2021-04-05 17:13:56.5090 INFO Get User Success :globus_dis
2021-04-05 17:13:57.9868 INFO Get User Success :350-Globus Spirits Limited
2021-04-05 17:13:58.0018 INFO Get User Success :globus_dis
2021-04-05 17:14:00.3561 INFO Get User Success :350-Globus Spirits Limited
2021-04-05 17:29:51.3852 INFO Get User Success :350-Globus Spirits Limited
2021-04-05 17:29:52.7751 INFO Get User Success :globus_dis
2021-04-05 17:29:57.4749 INFO Get User Success :350-Globus Spirits Limited
2021-04-05 17:48:13.2680 INFO Get User Success :globus_dis
2021-04-05 17:48:30.3042 INFO Get User Success :350-Globus Spirits Limited
2021-04-05 17:48:31.7939 INFO Get RR List Success
2021-04-05 17:48:32.5892 INFO Get NOC Details Success
2021-04-05 17:48:33.2167 INFO Get NOC Details Success
2021-04-05 17:48:33.4343 INFO Get User Success :350-Globus Spirits Limited
2021-04-05 17:48:33.7387 INFO Get Balance Request Pass Success
2021-04-05 17:48:34.3036 INFO Get User Success :globus_dis
2021-04-05 17:48:49.6011 INFO Get User Success :350-Globus Spirits Limited
2021-04-05 17:48:50.9175 INFO Get Pass List Success
2021-04-05 17:48:51.4338 INFO Get User Success :globus_dis
2021-04-05 17:49:09.0203 INFO Get User Success :350-Globus Spirits Limited
2021-04-05 17:49:09.0203 INFO Get Dispach Master List Success
2021-04-05 17:49:09.4514 INFO Get VAT Master List Success
2021-04-05 17:49:09.8574 INFO Get Pass List Success
2021-04-05 17:49:11.0660 INFO Get User Success :globus_dis
2021-04-05 17:50:59.6310 INFO Get User Success :350-Globus Spirits Limited
2021-04-05 17:51:08.0080 INFO Get User Success :globus_dis
2021-04-05 17:51:29.7514 INFO Get User Success :350-Globus Spirits Limited
2021-04-05 17:51:29.7514 INFO Get Dispach Master List Success
2021-04-05 17:51:30.5296 INFO Get VAT Master List Success
2021-04-05 17:51:31.1058 INFO Get User Success :globus_dis
2021-04-05 17:51:50.7694 INFO Get User Success :350-Globus Spirits Limited
2021-04-05 17:51:52.3636 INFO Get Pass List Success
2021-04-05 17:51:52.7820 INFO Get User Success :globus_dis
2021-04-05 17:51:58.2773 INFO Get User Success :350-Globus Spirits Limited
2021-04-05 17:51:58.2773 INFO Get Dispach Master List Success
2021-04-05 17:51:58.7149 INFO Get VAT Master List Success
2021-04-05 17:51:59.1343 INFO Get Pass List Success
2021-04-05 17:51:59.9927 INFO Get User Success :globus_dis
2021-04-05 17:52:29.1542 INFO Get User Success :350-Globus Spirits Limited
2021-04-05 17:52:30.5423 INFO Get Pass List Success
2021-04-05 17:52:30.9488 INFO Get User Success :globus_dis
2021-04-05 17:52:38.2725 INFO Get User Success :350-Globus Spirits Limited
2021-04-05 17:52:38.2745 INFO Get Dispach Master List Success
2021-04-05 17:52:47.7735 INFO Get User Success :350-Globus Spirits Limited
2021-04-05 17:52:53.3451 INFO Get Pass List Success
2021-04-05 17:52:54.3724 INFO Get User Success :globus_dis
2021-04-05 17:53:03.9888 INFO Get User Success :350-Globus Spirits Limited
2021-04-05 17:53:03.9888 INFO Get Dispach Master List Success
2021-04-05 17:55:49.0213 INFO Get User Success :350-Globus Spirits Limited
2021-04-05 17:55:54.6313 INFO Get Pass List Success
2021-04-05 17:55:55.0577 INFO Get User Success :globus_dis
2021-04-05 17:56:01.3994 INFO Get User Success :350-Globus Spirits Limited
2021-04-05 17:56:01.3994 INFO Get Dispach Master List Success
2021-04-05 17:56:02.7300 INFO Get VAT Master List Success
2021-04-05 17:56:04.0200 INFO Get Pass List Success
2021-04-05 17:56:06.7462 INFO Get User Success :globus_dis
2021-04-05 17:56:22.5784 INFO Get User Success :350-Globus Spirits Limited
2021-04-05 17:56:28.3774 INFO Get User Success :globus_dis
