2021-07-12 11:06:51.7197 INFO Get User Success :108-New Swadeshi Distillery Unit
2021-07-12 11:06:52.6236 INFO Get User Success :108-New Swadeshi Distillery Unit
2021-07-12 11:06:53.6685 INFO Get User Success :newswadeshi_dis
2021-07-12 11:07:01.4221 INFO Get User Success :108-New Swadeshi Distillery Unit
2021-07-12 11:07:09.2606 INFO Get Report  Success
2021-07-12 11:07:09.9815 INFO Get Party Master List Success
2021-07-12 11:07:10.1385 INFO Get User Success :newswadeshi_dis
2021-07-12 11:08:07.4259 INFO Get GetSeverList Success
2021-07-12 13:41:47.2560 INFO Get User Success :44-Administrator
2021-07-12 13:42:33.3151 INFO Get User Success :44-Administrator
2021-07-12 13:42:34.1251 INFO Get User Success :Admin
2021-07-12 14:04:30.9739 INFO Get State List Success
2021-07-12 14:04:33.1948 INFO Get User Success :Admin
2021-07-12 14:22:50.8120 INFO Get State List Success
2021-07-12 14:22:53.3018 INFO Get User Success :Admin
2021-07-12 15:45:09.4961 INFO Get User Success :44-Administrator
2021-07-12 15:45:54.2394 INFO Get User Success :44-Administrator
2021-07-12 15:45:54.7723 INFO Get User Success :Admin
2021-07-12 15:46:11.8843 INFO Get State List Success
2021-07-12 15:46:13.7022 INFO Get User Success :Admin
2021-07-12 15:46:37.7507 INFO Get State List Success
2021-07-12 15:49:10.6453 INFO Get State List Success
2021-07-12 15:49:12.9441 INFO Get User Success :Admin
2021-07-12 15:50:50.4751 INFO Get State List Success
2021-07-12 15:50:51.2231 INFO Get User Success :Admin
2021-07-12 15:56:04.0798 INFO Get User Success :44-Administrator
2021-07-12 15:56:04.6288 INFO Get User Success :44-Administrator
2021-07-12 15:56:12.9503 INFO Get User Success :44-Administrator
2021-07-12 15:56:19.1999 INFO Get User Success :108-New Swadeshi Distillery Unit
2021-07-12 15:56:19.5518 INFO Get User Success :108-New Swadeshi Distillery Unit
2021-07-12 15:56:21.2527 INFO Get User Success :newswadeshi_dis
2021-07-12 15:56:29.3802 INFO Get User Success :108-New Swadeshi Distillery Unit
2021-07-12 15:56:51.2579 INFO Get Report  Success
2021-07-12 15:56:52.2958 INFO Get Party Master List Success
2021-07-12 15:56:52.4958 INFO Get User Success :newswadeshi_dis
2021-07-12 16:08:22.5785 INFO Get User Success :108-New Swadeshi Distillery Unit
2021-07-12 16:08:22.9315 INFO Get User Success :108-New Swadeshi Distillery Unit
2021-07-12 16:08:25.0373 INFO Get User Success :newswadeshi_dis
2021-07-12 16:08:31.4349 INFO Get User Success :108-New Swadeshi Distillery Unit
2021-07-12 16:08:33.9108 INFO Get Report  Success
2021-07-12 16:08:34.9727 INFO Get Party Master List Success
2021-07-12 16:08:35.2467 INFO Get User Success :newswadeshi_dis
2021-07-12 16:09:18.1848 INFO Get GetSeverList Success
2021-07-12 16:16:28.9393 INFO Get User Success :108-New Swadeshi Distillery Unit
2021-07-12 16:16:29.4682 INFO Get User Success :108-New Swadeshi Distillery Unit
2021-07-12 16:16:30.5682 INFO Get User Success :newswadeshi_dis
2021-07-12 16:16:34.6399 INFO Get User Success :108-New Swadeshi Distillery Unit
2021-07-12 16:17:01.8473 INFO Get Report  Success
2021-07-12 16:17:03.0772 INFO Get Party Master List Success
2021-07-12 16:17:03.1962 INFO Get User Success :newswadeshi_dis
2021-07-12 16:17:47.2065 INFO Get GetSeverList Success
2021-07-12 16:27:15.2895 INFO Get User Success :108-New Swadeshi Distillery Unit
2021-07-12 16:27:15.8584 INFO Get User Success :108-New Swadeshi Distillery Unit
2021-07-12 16:27:16.9564 INFO Get User Success :newswadeshi_dis
2021-07-12 16:27:26.9618 INFO Get User Success :108-New Swadeshi Distillery Unit
2021-07-12 16:27:31.7825 INFO Get Report  Success
2021-07-12 16:27:33.1954 INFO Get Party Master List Success
2021-07-12 16:27:33.3084 INFO Get User Success :newswadeshi_dis
2021-07-12 16:36:04.6808 INFO Get GetSeverList Success
2021-07-12 16:38:27.6939 INFO Get User Success :350-Globus Spirits Limited
2021-07-12 16:38:28.1428 INFO Get User Success :350-Globus Spirits Limited
2021-07-12 16:38:28.4348 INFO Get User Success :globus_dis
2021-07-12 16:38:32.5866 INFO Get User Success :350-Globus Spirits Limited
2021-07-12 16:38:35.0194 INFO Get Report  Success
2021-07-12 16:38:37.4283 INFO Get Party Master List Success
2021-07-12 16:38:37.5373 INFO Get User Success :globus_dis
2021-07-12 16:39:37.2488 INFO Get GetSeverList Success
2021-07-12 16:45:22.0399 INFO Get User Success :108-New Swadeshi Distillery Unit
2021-07-12 16:45:51.2270 INFO Get User Success :108-New Swadeshi Distillery Unit
2021-07-12 16:45:53.3779 INFO Get User Success :newswadeshi_dis
2021-07-12 16:46:00.0695 INFO Get User Success :108-New Swadeshi Distillery Unit
2021-07-12 16:46:15.8175 INFO Get Report  Success
2021-07-12 16:46:18.9093 INFO Get Party Master List Success
2021-07-12 16:46:19.1313 INFO Get User Success :newswadeshi_dis
2021-07-12 16:46:25.0819 INFO Get VAT Master List Success
2021-07-12 16:47:29.5330 INFO Get GetSeverList Success
2021-07-12 18:14:27.2068 INFO Get User Success :44-Administrator
2021-07-12 18:14:27.8428 INFO Get User Success :44-Administrator
2021-07-12 18:14:28.3087 INFO Get User Success :Admin
2021-07-12 18:14:38.4629 INFO Get User Success :44-Administrator
2021-07-12 18:14:38.7999 INFO Get User Success :44-Administrator
2021-07-12 18:14:38.9120 INFO Get User Success :Admin
2021-07-12 18:14:48.4403 INFO Get State List Success
2021-07-12 18:14:51.0342 INFO Get User Success :Admin
