2021-03-25 10:11:06.7116 INFO Get User Success :98-Harinagar Sugar Mills Limited(Distillery Division)
2021-03-25 10:11:06.8300 INFO Get User Success :98-Harinagar Sugar Mills Limited(Distillery Division)
2021-03-25 10:11:06.9514 INFO Get User Success :harinagar_dis
2021-03-25 10:11:30.3754 INFO Get User Success :98-Harinagar Sugar Mills Limited(Distillery Division)
2021-03-25 10:11:34.3416 INFO Get User Success :harinagar_dis
2021-03-25 10:11:39.3750 INFO Get User Success :98-Harinagar Sugar Mills Limited(Distillery Division)
2021-03-25 10:11:39.3899 INFO Get Form84 List Success
2021-03-25 10:11:39.4065 INFO Get User Success :harinagar_dis
2021-03-25 10:32:09.0198 INFO Get User Success :98-Harinagar Sugar Mills Limited(Distillery Division)
2021-03-25 10:32:09.1221 INFO Get User Success :98-Harinagar Sugar Mills Limited(Distillery Division)
2021-03-25 10:32:09.2664 INFO Get User Success :harinagar_dis
2021-03-25 10:32:26.8238 INFO Get User Success :98-Harinagar Sugar Mills Limited(Distillery Division)
2021-03-25 10:32:28.8014 INFO Get User Success :harinagar_dis
2021-03-25 10:32:31.9305 INFO Get User Success :98-Harinagar Sugar Mills Limited(Distillery Division)
2021-03-25 10:32:31.9457 INFO Get Form84 List Success
2021-03-25 10:32:31.9591 INFO Get User Success :harinagar_dis
2021-03-25 10:32:37.0166 INFO Get User Success :98-Harinagar Sugar Mills Limited(Distillery Division)
2021-03-25 10:32:37.0196 INFO Get VAT Master List Success
2021-03-25 10:32:37.0196 INFO Get VAT Master List Success
2021-03-25 10:32:38.3420 INFO Get VAT Master List Success
2021-03-25 10:32:38.3470 INFO Get VAT Master List Success
2021-03-25 10:32:38.3470 INFO Get User Success :harinagar_dis
2021-03-25 10:32:44.1856 INFO Get User Success :98-Harinagar Sugar Mills Limited(Distillery Division)
2021-03-25 10:32:44.1946 INFO Get Form84 List Success
2021-03-25 10:32:44.1946 INFO Get User Success :harinagar_dis
2021-03-25 10:32:48.5024 INFO Get User Success :98-Harinagar Sugar Mills Limited(Distillery Division)
2021-03-25 10:32:48.5043 INFO Get VAT Master List Success
2021-03-25 10:32:48.5043 INFO Get VAT Master List Success
2021-03-25 10:32:49.8922 INFO Get VAT Master List Success
2021-03-25 10:32:49.8942 INFO Get VAT Master List Success
2021-03-25 10:32:49.8942 INFO Get User Success :harinagar_dis
2021-03-25 10:32:53.6229 INFO Get User Success :98-Harinagar Sugar Mills Limited(Distillery Division)
2021-03-25 10:32:53.6309 INFO Get Form84 List Success
2021-03-25 10:32:53.6309 INFO Get User Success :harinagar_dis
2021-03-25 10:32:58.2681 INFO Get User Success :98-Harinagar Sugar Mills Limited(Distillery Division)
2021-03-25 10:32:58.2681 INFO Get VAT Master List Success
2021-03-25 10:32:58.2681 INFO Get VAT Master List Success
2021-03-25 10:32:59.5714 INFO Get VAT Master List Success
2021-03-25 10:32:59.5714 INFO Get VAT Master List Success
2021-03-25 10:32:59.5843 INFO Get User Success :harinagar_dis
2021-03-25 10:33:21.8299 INFO Get VAT Master List Success
2021-03-25 10:33:24.2282 INFO Get VAT Master List Success
2021-03-25 10:33:32.1311 INFO Get VAT Master List Success
2021-03-25 10:33:33.6665 INFO Get VAT Master List Success
2021-03-25 10:33:35.8433 INFO Get VAT Master List Success
2021-03-25 10:33:37.6417 INFO Get VAT Master List Success
2021-03-25 10:34:36.3781 INFO Get VAT Master List Success
2021-03-25 10:36:21.5541 INFO Get form84 Update Success
2021-03-25 10:36:21.5830 INFO Get User Success :98-Harinagar Sugar Mills Limited(Distillery Division)
2021-03-25 10:36:21.5830 INFO Get Form84 List Success
2021-03-25 10:36:21.5992 INFO Get User Success :harinagar_dis
2021-03-25 10:36:27.4708 INFO Get User Success :98-Harinagar Sugar Mills Limited(Distillery Division)
2021-03-25 10:36:27.4728 INFO Get VAT Master List Success
2021-03-25 10:36:27.4728 INFO Get User Success :harinagar_dis
2021-03-25 10:36:37.5706 INFO Get VAT Master List Success
2021-03-25 10:36:39.5675 INFO Get VAT Master List Success
2021-03-25 10:36:41.2444 INFO Get VAT Master List Success
2021-03-25 10:36:43.0713 INFO Get VAT Master List Success
2021-03-25 10:37:11.0336 INFO Get VAT Master List Success
2021-03-25 10:38:12.0130 INFO Get form84 Update Success
2021-03-25 10:38:12.0370 INFO Get User Success :98-Harinagar Sugar Mills Limited(Distillery Division)
2021-03-25 10:38:12.0370 INFO Get Form84 List Success
2021-03-25 10:38:12.0560 INFO Get User Success :harinagar_dis
2021-03-25 10:38:21.0960 INFO Get User Success :98-Harinagar Sugar Mills Limited(Distillery Division)
2021-03-25 10:38:21.0970 INFO Get VAT Master List Success
2021-03-25 10:38:21.0970 INFO Get VAT Master List Success
2021-03-25 10:38:22.4889 INFO Get VAT Master List Success
2021-03-25 10:38:22.4889 INFO Get VAT Master List Success
2021-03-25 10:38:22.4889 INFO Get VAT Master List Success
2021-03-25 10:38:22.5068 INFO Get User Success :harinagar_dis
2021-03-25 10:38:48.2246 INFO Get User Success :98-Harinagar Sugar Mills Limited(Distillery Division)
2021-03-25 10:38:48.2385 INFO Get Form84 List Success
2021-03-25 10:38:48.2385 INFO Get User Success :harinagar_dis
2021-03-25 10:39:00.0733 INFO Get User Success :98-Harinagar Sugar Mills Limited(Distillery Division)
2021-03-25 10:39:00.0733 INFO Get VAT Master List Success
2021-03-25 10:39:00.0733 INFO Get VAT Master List Success
2021-03-25 10:39:01.4819 INFO Get VAT Master List Success
2021-03-25 10:39:01.4819 INFO Get VAT Master List Success
2021-03-25 10:39:01.4869 INFO Get VAT Master List Success
2021-03-25 10:39:01.4869 INFO Get User Success :harinagar_dis
2021-03-25 10:39:49.7352 INFO Get User Success :98-Harinagar Sugar Mills Limited(Distillery Division)
2021-03-25 10:39:49.7432 INFO Get Form84 List Success
2021-03-25 10:39:49.7432 INFO Get User Success :harinagar_dis
2021-03-25 10:47:37.6750 INFO Get User Success :350-Globus Spirits Limited
2021-03-25 10:47:37.7370 INFO Get User Success :350-Globus Spirits Limited
2021-03-25 10:47:37.7370 INFO Get User Success :globus_dis
2021-03-25 10:53:05.4380 INFO Get User Success :350-Globus Spirits Limited
2021-03-25 10:53:07.2039 INFO Get User Success :350-Globus Spirits Limited
2021-03-25 10:53:07.7644 INFO Get User Success :globus_dis
2021-03-25 11:05:29.7444 INFO Get User Success :350-Globus Spirits Limited
2021-03-25 11:05:29.7856 INFO Get User Success :globus_dis
2021-03-25 11:05:45.2400 INFO Get User Success :350-Globus Spirits Limited
2021-03-25 11:05:45.2400 INFO Get Report  Success
2021-03-25 11:05:45.2400 INFO Get Party Master List Success
2021-03-25 11:05:45.2556 INFO Get User Success :globus_dis
2021-03-25 11:13:33.7617 INFO Get GetSeverList Success
2021-03-25 11:20:50.3427 INFO Get GetSeverList Success
2021-03-25 11:24:54.9122 INFO Get GetSeverList Success
2021-03-25 11:30:27.2849 INFO Get GetSeverList Success
2021-03-25 15:46:20.1098 INFO Get User Success :350-Globus Spirits Limited
2021-03-25 15:46:38.1792 INFO Get User Success :350-Globus Spirits Limited
2021-03-25 15:46:38.1980 INFO Get User Success :globus_dis
2021-03-25 15:46:44.3098 INFO Get User Success :350-Globus Spirits Limited
2021-03-25 15:46:45.9505 INFO Get User Success :globus_dis
2021-03-25 15:46:48.9802 INFO Get User Success :350-Globus Spirits Limited
2021-03-25 15:46:51.4880 INFO Get RR List Success
2021-03-25 15:46:51.8348 INFO Get User Success :globus_dis
2021-03-25 15:46:54.7926 INFO Get NOC Details Success
2021-03-25 15:47:00.5938 INFO Get NOC Details Success
2021-03-25 15:47:00.5967 INFO Get User Success :350-Globus Spirits Limited
2021-03-25 15:47:00.5967 INFO Get Balance Request Pass Success
2021-03-25 15:50:54.8354 INFO Get User Success :350-Globus Spirits Limited
2021-03-25 15:50:54.9340 INFO Get User Success :350-Globus Spirits Limited
2021-03-25 15:50:54.9559 INFO Get User Success :globus_dis
2021-03-25 15:51:00.0725 INFO Get User Success :350-Globus Spirits Limited
2021-03-25 15:51:02.1800 INFO Get User Success :globus_dis
2021-03-25 15:51:05.4914 INFO Get User Success :350-Globus Spirits Limited
2021-03-25 15:51:06.6080 INFO Get RR List Success
2021-03-25 15:51:06.9310 INFO Get User Success :globus_dis
2021-03-25 15:51:10.7104 INFO Get NOC Details Success
2021-03-25 15:51:15.7330 INFO Get NOC Details Success
2021-03-25 15:51:15.7370 INFO Get User Success :350-Globus Spirits Limited
2021-03-25 15:51:15.7370 INFO Get Balance Request Pass Success
2021-03-25 15:51:30.0082 INFO Get NOC Details Success
2021-03-25 15:51:38.7515 INFO Get NOC Details Success
2021-03-25 15:51:38.7555 INFO Get User Success :350-Globus Spirits Limited
2021-03-25 15:51:38.7555 INFO Get Balance Request Pass Success
2021-03-25 15:52:17.8711 INFO Get NOC Details Success
2021-03-25 15:53:07.2042 INFO Get User Success :350-Globus Spirits Limited
2021-03-25 15:53:08.7010 INFO Get User Success :350-Globus Spirits Limited
2021-03-25 15:53:09.7353 INFO Get User Success :globus_dis
2021-03-25 15:53:15.9173 INFO Get User Success :350-Globus Spirits Limited
2021-03-25 15:53:15.9452 INFO Get User Success :globus_dis
2021-03-25 15:53:21.1015 INFO Get User Success :350-Globus Spirits Limited
2021-03-25 15:53:21.1015 INFO Get User Success :globus_dis
2021-03-25 15:53:31.3942 INFO Get User Success :350-Globus Spirits Limited
2021-03-25 15:53:31.3942 INFO Get Form84 List Success
2021-03-25 15:53:31.4172 INFO Get User Success :globus_dis
2021-03-25 17:28:25.8947 INFO Get User Success :339-Bihar Distillers & Bottlers Pvt. Ltd - Unit- 1
2021-03-25 17:28:25.9924 INFO Get User Success :339-Bihar Distillers & Bottlers Pvt. Ltd - Unit- 1
2021-03-25 17:28:26.0105 INFO Get User Success :bdbl_dis
2021-03-25 17:28:33.0311 INFO Get User Success :339-Bihar Distillers & Bottlers Pvt. Ltd - Unit- 1
2021-03-25 17:28:36.5211 INFO Get User Success :bdbl_dis
2021-03-25 17:28:47.3810 INFO Get User Success :339-Bihar Distillers & Bottlers Pvt. Ltd - Unit- 1
2021-03-25 17:28:48.7508 INFO Get RR List Success
2021-03-25 17:28:49.4306 INFO Get NOC Details Success
2021-03-25 17:28:50.6116 INFO Get NOC Details Success
2021-03-25 17:28:50.6205 INFO Get User Success :339-Bihar Distillers & Bottlers Pvt. Ltd - Unit- 1
2021-03-25 17:28:50.6205 INFO Get Balance Request Pass Success
2021-03-25 17:28:50.9871 INFO Get User Success :bdbl_dis
2021-03-25 17:28:55.8566 INFO Get User Success :339-Bihar Distillers & Bottlers Pvt. Ltd - Unit- 1
2021-03-25 17:28:58.1201 INFO Get User Success :bdbl_dis
2021-03-25 17:29:51.6126 INFO Get Report  Success
2021-03-25 17:30:05.3157 INFO Get GetSeverList Success
