2021-04-21 09:37:58.7021 INFO Get User Success :339-Globus Spirits Limited
2021-04-21 09:38:05.2271 INFO Get User Success :339-Globus Spirits Limited
2021-04-21 09:38:05.7180 INFO Get User Success :globus_dis
2021-04-21 09:38:25.1638 INFO Get User Success :339-Globus Spirits Limited
2021-04-21 09:38:42.0476 INFO Get RR List Success
2021-04-21 09:38:42.3018 INFO Get User Success :globus_dis
2021-04-21 09:38:47.7629 INFO Get User Success :339-Globus Spirits Limited
2021-04-21 09:38:47.8439 INFO Get Product Master List Success
2021-04-21 09:38:58.2852 INFO Get State List Success
2021-04-21 09:38:58.3654 INFO Get NOC Sucess:74
2021-04-21 09:38:58.5244 INFO Get NOC Sucess:Req/VA/GSL/NOC/2020-21//1
2021-04-21 09:38:58.7009 INFO Get User Success :globus_dis
2021-04-21 09:39:17.1401 INFO Get User Success :98-Harinagar Sugar Mills Limited(Distillery Division)
2021-04-21 09:39:17.4374 INFO Get User Success :98-Harinagar Sugar Mills Limited(Distillery Division)
2021-04-21 09:39:17.9195 INFO Get User Success :harinagar_dis
2021-04-21 09:39:21.1756 INFO Get User Success :98-Harinagar Sugar Mills Limited(Distillery Division)
2021-04-21 09:39:42.5367 INFO Get RR List Success
2021-04-21 09:39:43.0957 INFO Get User Success :harinagar_dis
2021-04-21 09:39:47.7398 INFO Get User Success :98-Harinagar Sugar Mills Limited(Distillery Division)
2021-04-21 09:39:47.8203 INFO Get Product Master List Success
2021-04-21 09:39:50.6361 INFO Get State List Success
2021-04-21 09:39:50.7153 INFO Get NOC Sucess:74
2021-04-21 09:39:50.8590 INFO Get NOC Sucess:Req/WC/HDD/ETH-NOC/2020-2021/16
2021-04-21 09:39:51.1817 INFO Get User Success :harinagar_dis
2021-04-21 09:53:15.4179 INFO Get User Success :339-Globus Spirits Limited
2021-04-21 09:53:15.5916 INFO Get User Success :339-Globus Spirits Limited
2021-04-21 09:53:15.7468 INFO Get User Success :globus_dis
2021-04-21 09:53:19.2797 INFO Get User Success :339-Globus Spirits Limited
2021-04-21 09:53:19.4866 INFO Get User Success :339-Globus Spirits Limited
2021-04-21 09:53:19.7226 INFO Get User Success :globus_dis
2021-04-21 09:53:22.9339 INFO Get User Success :339-Globus Spirits Limited
2021-04-21 09:53:23.0857 INFO Get UOM List Success
2021-04-21 09:53:23.1655 INFO Get Party Master List Success
2021-04-21 09:53:23.2476 INFO Get User Success :globus_dis
2021-04-21 09:55:54.4648 INFO Get User Success :339-Globus Spirits Limited
2021-04-21 09:55:54.6269 INFO Get UOM List Success
2021-04-21 09:55:55.0096 INFO Get Party Master List Success
2021-04-21 09:55:55.0990 INFO Get User Success :globus_dis
2021-04-21 09:56:39.4003 INFO Get User Success :339-Globus Spirits Limited
2021-04-21 09:56:39.4875 INFO Get Report  Success
2021-04-21 09:56:39.5728 INFO Get Party Master List Success
2021-04-21 09:56:39.7186 INFO Get User Success :globus_dis
2021-04-21 10:16:09.6414 INFO Get VAT Master List Success
2021-04-21 10:23:00.0704 INFO Get User Success :44-Administrator
2021-04-21 10:23:00.2721 INFO Get User Success :44-Administrator
2021-04-21 10:23:03.6066 INFO Get User Success :Admin
2021-04-21 10:23:08.7691 INFO Get Report List Success
2021-04-21 10:23:09.1989 INFO Get User Success :Admin
2021-04-21 10:23:14.7587 INFO Get Party Type Master List Success
2021-04-21 10:23:17.2942 INFO Get Module_master In ViewModel Success 
2021-04-21 10:23:17.3792 INFO Get SubModule_master In ViewModel Success 
2021-04-21 10:23:17.6760 INFO Get TabName Master In ViewModel Success 
2021-04-21 10:23:17.6760 INFO Get TabName Master In ViewModel Success 
2021-04-21 10:23:17.6760 INFO Get SubModule_master In ViewModel Success 
2021-04-21 10:23:17.7586 INFO Get TabName Master In ViewModel Success 
2021-04-21 10:23:17.7586 INFO Get TabName Master In ViewModel Success 
2021-04-21 10:23:17.7586 INFO Get TabName Master In ViewModel Success 
2021-04-21 10:23:17.7586 INFO Get TabName Master In ViewModel Success 
2021-04-21 10:23:17.7586 INFO Get SubModule_master In ViewModel Success 
2021-04-21 10:23:17.8425 INFO Get TabName Master In ViewModel Success 
2021-04-21 10:23:17.8425 INFO Get SubModule_master In ViewModel Success 
2021-04-21 10:23:17.9253 INFO Get TabName Master In ViewModel Success 
2021-04-21 10:23:17.9253 INFO Get TabName Master In ViewModel Success 
2021-04-21 10:23:17.9253 INFO Get SubModule_master In ViewModel Success 
2021-04-21 10:23:18.0121 INFO Get TabName Master In ViewModel Success 
2021-04-21 10:23:18.0121 INFO Get TabName Master In ViewModel Success 
2021-04-21 10:23:18.0121 INFO Get SubModule_master In ViewModel Success 
2021-04-21 10:23:18.0950 INFO Get TabName Master In ViewModel Success 
2021-04-21 10:23:18.0950 INFO Get SubModule_master In ViewModel Success 
2021-04-21 10:23:18.4811 INFO Get TabName Master In ViewModel Success 
2021-04-21 10:23:18.4811 INFO Get TabName Master In ViewModel Success 
2021-04-21 10:23:18.4811 INFO Get Module_master In ViewModel Success 
2021-04-21 10:23:18.5645 INFO Get SubModule_master In ViewModel Success 
2021-04-21 10:23:18.6486 INFO Get TabName Master In ViewModel Success 
2021-04-21 10:23:18.6486 INFO Get TabName Master In ViewModel Success 
2021-04-21 10:23:18.6486 INFO Get TabName Master In ViewModel Success 
2021-04-21 10:23:18.6486 INFO Get TabName Master In ViewModel Success 
2021-04-21 10:23:18.6486 INFO Get TabName Master In ViewModel Success 
2021-04-21 10:23:18.6486 INFO Get TabName Master In ViewModel Success 
2021-04-21 10:23:18.6486 INFO Get TabName Master In ViewModel Success 
2021-04-21 10:23:18.6486 INFO Get TabName Master In ViewModel Success 
2021-04-21 10:23:18.6486 INFO Get TabName Master In ViewModel Success 
2021-04-21 10:23:18.6486 INFO Get TabName Master In ViewModel Success 
2021-04-21 10:23:18.6486 INFO Get TabName Master In ViewModel Success 
2021-04-21 10:23:18.6486 INFO Get TabName Master In ViewModel Success 
2021-04-21 10:23:18.6486 INFO Get TabName Master In ViewModel Success 
2021-04-21 10:23:18.6486 INFO Get TabName Master In ViewModel Success 
2021-04-21 10:23:18.6486 INFO Get TabName Master In ViewModel Success 
2021-04-21 10:23:18.6486 INFO Get TabName Master In ViewModel Success 
2021-04-21 10:23:18.6486 INFO Get TabName Master In ViewModel Success 
2021-04-21 10:23:18.6486 INFO Get TabName Master In ViewModel Success 
2021-04-21 10:23:18.6486 INFO Get TabName Master In ViewModel Success 
2021-04-21 10:23:18.6486 INFO Get TabName Master In ViewModel Success 
2021-04-21 10:23:18.6486 INFO Get TabName Master In ViewModel Success 
2021-04-21 10:23:18.6486 INFO Get TabName Master In ViewModel Success 
2021-04-21 10:23:18.6486 INFO Get TabName Master In ViewModel Success 
2021-04-21 10:23:18.6555 INFO Get TabName Master In ViewModel Success 
2021-04-21 10:23:18.6555 INFO Get SubModule_master In ViewModel Success 
2021-04-21 10:23:18.7383 INFO Get TabName Master In ViewModel Success 
2021-04-21 10:23:18.7383 INFO Get TabName Master In ViewModel Success 
2021-04-21 10:23:18.7383 INFO Get TabName Master In ViewModel Success 
2021-04-21 10:23:18.7383 INFO Get TabName Master In ViewModel Success 
2021-04-21 10:23:18.7383 INFO Get SubModule_master In ViewModel Success 
2021-04-21 10:23:18.8212 INFO Get TabName Master In ViewModel Success 
2021-04-21 10:23:18.8212 INFO Get TabName Master In ViewModel Success 
2021-04-21 10:23:18.8212 INFO Get TabName Master In ViewModel Success 
2021-04-21 10:23:18.8212 INFO Get TabName Master In ViewModel Success 
2021-04-21 10:23:18.8212 INFO Get TabName Master In ViewModel Success 
2021-04-21 10:23:18.8212 INFO Get TabName Master In ViewModel Success 
2021-04-21 10:23:18.8212 INFO Get TabName Master In ViewModel Success 
2021-04-21 10:23:18.8212 INFO Get Module_master In ViewModel Success 
2021-04-21 10:23:18.9071 INFO Get Module_master In ViewModel Success 
2021-04-21 10:23:18.9893 INFO Get SubModule_master In ViewModel Success 
2021-04-21 10:23:19.0721 INFO Get TabName Master In ViewModel Success 
2021-04-21 10:23:19.0721 INFO Get TabName Master In ViewModel Success 
2021-04-21 10:23:19.0721 INFO Get SubModule_master In ViewModel Success 
2021-04-21 10:23:19.1550 INFO Get TabName Master In ViewModel Success 
2021-04-21 10:23:19.1550 INFO Get Module_master In ViewModel Success 
2021-04-21 10:23:19.2389 INFO Get SubModule_master In ViewModel Success 
2021-04-21 10:23:19.3220 INFO Get TabName Master In ViewModel Success 
2021-04-21 10:23:19.3220 INFO Get TabName Master In ViewModel Success 
2021-04-21 10:23:19.3220 INFO Get TabName Master In ViewModel Success 
2021-04-21 10:23:19.3220 INFO Get TabName Master In ViewModel Success 
2021-04-21 10:23:19.3220 INFO Get TabName Master In ViewModel Success 
2021-04-21 10:23:19.3220 INFO Get TabName Master In ViewModel Success 
2021-04-21 10:23:19.3220 INFO Get TabName Master In ViewModel Success 
2021-04-21 10:23:19.3220 INFO Get TabName Master In ViewModel Success 
2021-04-21 10:23:19.3220 INFO Get TabName Master In ViewModel Success 
2021-04-21 10:23:19.3220 INFO Get SubModule_master In ViewModel Success 
2021-04-21 10:23:19.4077 INFO Get TabName Master In ViewModel Success 
2021-04-21 10:23:19.4077 INFO Get TabName Master In ViewModel Success 
2021-04-21 10:23:19.4077 INFO Get TabName Master In ViewModel Success 
2021-04-21 10:23:19.4077 INFO Get TabName Master In ViewModel Success 
2021-04-21 10:23:19.4077 INFO Get TabName Master In ViewModel Success 
2021-04-21 10:23:19.4077 INFO Get SubModule_master In ViewModel Success 
2021-04-21 10:23:19.4921 INFO Get TabName Master In ViewModel Success 
2021-04-21 10:23:19.4921 INFO Get TabName Master In ViewModel Success 
2021-04-21 10:23:19.4921 INFO Get TabName Master In ViewModel Success 
2021-04-21 10:23:19.4921 INFO Get TabName Master In ViewModel Success 
2021-04-21 10:23:19.4921 INFO Get TabName Master In ViewModel Success 
2021-04-21 10:23:19.4921 INFO Get TabName Master In ViewModel Success 
2021-04-21 10:23:19.4921 INFO Get TabName Master In ViewModel Success 
2021-04-21 10:23:19.4921 INFO Get SubModule_master In ViewModel Success 
2021-04-21 10:23:19.5785 INFO Get TabName Master In ViewModel Success 
2021-04-21 10:23:19.5785 INFO Get TabName Master In ViewModel Success 
2021-04-21 10:23:19.5785 INFO Get SubModule_master In ViewModel Success 
2021-04-21 10:23:19.6608 INFO Get TabName Master In ViewModel Success 
2021-04-21 10:23:19.6608 INFO Get SubModule_master In ViewModel Success 
2021-04-21 10:23:19.7436 INFO Get TabName Master In ViewModel Success 
2021-04-21 10:23:19.7436 INFO Get SubModule_master In ViewModel Success 
2021-04-21 10:23:20.4364 INFO Get SubModule_master In ViewModel Success 
2021-04-21 10:23:20.5190 INFO Get TabName Master In ViewModel Success 
2021-04-21 10:23:20.5190 INFO Get TabName Master In ViewModel Success 
2021-04-21 10:23:20.5190 INFO Get TabName Master In ViewModel Success 
2021-04-21 10:23:20.5190 INFO Get Module_master In ViewModel Success 
2021-04-21 10:23:20.9052 INFO Get SubModule_master In ViewModel Success 
2021-04-21 10:23:20.9881 INFO Get TabName Master In ViewModel Success 
2021-04-21 10:23:20.9881 INFO Get ViewModel Success 
2021-04-21 10:23:21.0745 INFO Get GetMaxID Success : Report_master
2021-04-21 10:23:21.6145 INFO Get User Success :Admin
2021-04-21 10:23:25.5878 INFO Get Report List Success
2021-04-21 10:23:26.2460 INFO Get User Success :Admin
2021-04-21 10:23:28.0755 INFO Get Party Type Master List Success
2021-04-21 10:23:28.1599 INFO Get Module_master In ViewModel Success 
2021-04-21 10:23:28.2423 INFO Get SubModule_master In ViewModel Success 
2021-04-21 10:23:28.3258 INFO Get TabName Master In ViewModel Success 
2021-04-21 10:23:28.3258 INFO Get TabName Master In ViewModel Success 
2021-04-21 10:23:28.3258 INFO Get SubModule_master In ViewModel Success 
2021-04-21 10:23:28.4088 INFO Get TabName Master In ViewModel Success 
2021-04-21 10:23:28.4088 INFO Get TabName Master In ViewModel Success 
2021-04-21 10:23:28.4088 INFO Get TabName Master In ViewModel Success 
2021-04-21 10:23:28.4088 INFO Get TabName Master In ViewModel Success 
2021-04-21 10:23:28.4088 INFO Get SubModule_master In ViewModel Success 
2021-04-21 10:23:28.4930 INFO Get TabName Master In ViewModel Success 
2021-04-21 10:23:28.4930 INFO Get SubModule_master In ViewModel Success 
2021-04-21 10:23:28.5748 INFO Get TabName Master In ViewModel Success 
2021-04-21 10:23:28.5748 INFO Get TabName Master In ViewModel Success 
2021-04-21 10:23:28.5748 INFO Get SubModule_master In ViewModel Success 
2021-04-21 10:23:28.6575 INFO Get TabName Master In ViewModel Success 
2021-04-21 10:23:28.6575 INFO Get TabName Master In ViewModel Success 
2021-04-21 10:23:28.6575 INFO Get SubModule_master In ViewModel Success 
2021-04-21 10:23:28.7403 INFO Get TabName Master In ViewModel Success 
2021-04-21 10:23:28.7403 INFO Get SubModule_master In ViewModel Success 
2021-04-21 10:23:28.8239 INFO Get TabName Master In ViewModel Success 
2021-04-21 10:23:28.8239 INFO Get TabName Master In ViewModel Success 
2021-04-21 10:23:28.8239 INFO Get Module_master In ViewModel Success 
2021-04-21 10:23:28.9091 INFO Get SubModule_master In ViewModel Success 
2021-04-21 10:23:28.9935 INFO Get TabName Master In ViewModel Success 
2021-04-21 10:23:28.9935 INFO Get TabName Master In ViewModel Success 
2021-04-21 10:23:28.9935 INFO Get TabName Master In ViewModel Success 
2021-04-21 10:23:28.9935 INFO Get TabName Master In ViewModel Success 
2021-04-21 10:23:28.9935 INFO Get TabName Master In ViewModel Success 
2021-04-21 10:23:28.9935 INFO Get TabName Master In ViewModel Success 
2021-04-21 10:23:28.9935 INFO Get TabName Master In ViewModel Success 
2021-04-21 10:23:28.9935 INFO Get TabName Master In ViewModel Success 
2021-04-21 10:23:28.9935 INFO Get TabName Master In ViewModel Success 
2021-04-21 10:23:28.9935 INFO Get TabName Master In ViewModel Success 
2021-04-21 10:23:28.9935 INFO Get TabName Master In ViewModel Success 
2021-04-21 10:23:28.9935 INFO Get TabName Master In ViewModel Success 
2021-04-21 10:23:28.9935 INFO Get TabName Master In ViewModel Success 
2021-04-21 10:23:28.9935 INFO Get TabName Master In ViewModel Success 
2021-04-21 10:23:28.9935 INFO Get TabName Master In ViewModel Success 
2021-04-21 10:23:28.9935 INFO Get TabName Master In ViewModel Success 
2021-04-21 10:23:28.9935 INFO Get TabName Master In ViewModel Success 
2021-04-21 10:23:28.9935 INFO Get TabName Master In ViewModel Success 
2021-04-21 10:23:28.9935 INFO Get TabName Master In ViewModel Success 
2021-04-21 10:23:28.9935 INFO Get TabName Master In ViewModel Success 
2021-04-21 10:23:28.9935 INFO Get TabName Master In ViewModel Success 
2021-04-21 10:23:28.9935 INFO Get TabName Master In ViewModel Success 
2021-04-21 10:23:28.9935 INFO Get TabName Master In ViewModel Success 
2021-04-21 10:23:28.9935 INFO Get TabName Master In ViewModel Success 
2021-04-21 10:23:28.9935 INFO Get SubModule_master In ViewModel Success 
2021-04-21 10:23:29.0813 INFO Get TabName Master In ViewModel Success 
2021-04-21 10:23:29.0813 INFO Get TabName Master In ViewModel Success 
2021-04-21 10:23:29.0813 INFO Get TabName Master In ViewModel Success 
2021-04-21 10:23:29.0813 INFO Get TabName Master In ViewModel Success 
2021-04-21 10:23:29.0813 INFO Get SubModule_master In ViewModel Success 
2021-04-21 10:23:29.1672 INFO Get TabName Master In ViewModel Success 
2021-04-21 10:23:29.1672 INFO Get TabName Master In ViewModel Success 
2021-04-21 10:23:29.1672 INFO Get TabName Master In ViewModel Success 
2021-04-21 10:23:29.1672 INFO Get TabName Master In ViewModel Success 
2021-04-21 10:23:29.1672 INFO Get TabName Master In ViewModel Success 
2021-04-21 10:23:29.1672 INFO Get TabName Master In ViewModel Success 
2021-04-21 10:23:29.1672 INFO Get TabName Master In ViewModel Success 
2021-04-21 10:23:29.1672 INFO Get Module_master In ViewModel Success 
2021-04-21 10:23:29.2536 INFO Get Module_master In ViewModel Success 
2021-04-21 10:23:29.3373 INFO Get SubModule_master In ViewModel Success 
2021-04-21 10:23:29.4208 INFO Get TabName Master In ViewModel Success 
2021-04-21 10:23:29.4208 INFO Get TabName Master In ViewModel Success 
2021-04-21 10:23:29.4208 INFO Get SubModule_master In ViewModel Success 
2021-04-21 10:23:29.5052 INFO Get TabName Master In ViewModel Success 
2021-04-21 10:23:29.5052 INFO Get Module_master In ViewModel Success 
2021-04-21 10:23:30.1956 INFO Get SubModule_master In ViewModel Success 
2021-04-21 10:23:30.2801 INFO Get TabName Master In ViewModel Success 
2021-04-21 10:23:30.2801 INFO Get TabName Master In ViewModel Success 
2021-04-21 10:23:30.2801 INFO Get TabName Master In ViewModel Success 
2021-04-21 10:23:30.2801 INFO Get TabName Master In ViewModel Success 
2021-04-21 10:23:30.2801 INFO Get TabName Master In ViewModel Success 
2021-04-21 10:23:30.2801 INFO Get TabName Master In ViewModel Success 
2021-04-21 10:23:30.2801 INFO Get TabName Master In ViewModel Success 
2021-04-21 10:23:30.2801 INFO Get TabName Master In ViewModel Success 
2021-04-21 10:23:30.2801 INFO Get TabName Master In ViewModel Success 
2021-04-21 10:23:30.2801 INFO Get SubModule_master In ViewModel Success 
2021-04-21 10:23:30.3666 INFO Get TabName Master In ViewModel Success 
2021-04-21 10:23:30.3666 INFO Get TabName Master In ViewModel Success 
2021-04-21 10:23:30.3666 INFO Get TabName Master In ViewModel Success 
2021-04-21 10:23:30.3666 INFO Get TabName Master In ViewModel Success 
2021-04-21 10:23:30.3666 INFO Get TabName Master In ViewModel Success 
2021-04-21 10:23:30.3666 INFO Get SubModule_master In ViewModel Success 
2021-04-21 10:23:30.4526 INFO Get TabName Master In ViewModel Success 
2021-04-21 10:23:30.4526 INFO Get TabName Master In ViewModel Success 
2021-04-21 10:23:30.4526 INFO Get TabName Master In ViewModel Success 
2021-04-21 10:23:30.4526 INFO Get TabName Master In ViewModel Success 
2021-04-21 10:23:30.4526 INFO Get TabName Master In ViewModel Success 
2021-04-21 10:23:30.4526 INFO Get TabName Master In ViewModel Success 
2021-04-21 10:23:30.4526 INFO Get TabName Master In ViewModel Success 
2021-04-21 10:23:30.4526 INFO Get SubModule_master In ViewModel Success 
2021-04-21 10:23:30.5373 INFO Get TabName Master In ViewModel Success 
2021-04-21 10:23:30.5373 INFO Get TabName Master In ViewModel Success 
2021-04-21 10:23:30.5373 INFO Get SubModule_master In ViewModel Success 
2021-04-21 10:23:30.6208 INFO Get TabName Master In ViewModel Success 
2021-04-21 10:23:30.6208 INFO Get SubModule_master In ViewModel Success 
2021-04-21 10:23:30.7052 INFO Get TabName Master In ViewModel Success 
2021-04-21 10:23:30.7052 INFO Get SubModule_master In ViewModel Success 
2021-04-21 10:23:30.7878 INFO Get SubModule_master In ViewModel Success 
2021-04-21 10:23:30.8719 INFO Get TabName Master In ViewModel Success 
2021-04-21 10:23:30.8719 INFO Get TabName Master In ViewModel Success 
2021-04-21 10:23:30.8719 INFO Get TabName Master In ViewModel Success 
2021-04-21 10:23:30.8719 INFO Get Module_master In ViewModel Success 
2021-04-21 10:23:30.9560 INFO Get SubModule_master In ViewModel Success 
2021-04-21 10:23:31.0384 INFO Get TabName Master In ViewModel Success 
2021-04-21 10:23:31.0384 INFO Get ViewModel Success 
2021-04-21 10:23:31.2128 INFO Get User Success :Admin
2021-04-21 10:23:39.3486 INFO Get Report List Success
2021-04-21 10:23:39.9455 INFO Get User Success :Admin
2021-04-21 10:24:24.6297 INFO Get User Success :339-Globus Spirits Limited
2021-04-21 10:24:24.8152 INFO Get User Success :339-Globus Spirits Limited
2021-04-21 10:24:25.0474 INFO Get User Success :globus_dis
2021-04-21 10:24:27.2225 INFO Get User Success :339-Globus Spirits Limited
2021-04-21 10:24:50.1272 INFO Get RR List Success
2021-04-21 10:24:50.6693 INFO Get User Success :globus_dis
2021-04-21 10:26:01.0368 INFO Get User Success :339-Globus Spirits Limited
2021-04-21 10:26:01.1211 INFO Get Product Master List Success
2021-04-21 16:01:33.5359 INFO Get User Success :339-Globus Spirits Limited
2021-04-21 16:01:48.3987 INFO Get User Success :339-Globus Spirits Limited
2021-04-21 16:01:48.6278 INFO Get User Success :globus_dis
2021-04-21 16:01:55.7899 INFO Get User Success :339-Globus Spirits Limited
2021-04-21 16:01:55.8769 INFO Get Report  Success
2021-04-21 16:01:55.9760 INFO Get Party Master List Success
2021-04-21 16:01:56.0672 INFO Get User Success :globus_dis
2021-04-21 16:02:15.1579 INFO Get VAT Master List Success
2021-04-21 16:02:27.6397 INFO Get VAT Master List Success
2021-04-21 16:02:41.6646 INFO Get GetSeverList Success
2021-04-21 16:03:47.4803 INFO Get GetSeverList Success
2021-04-21 16:04:59.9362 INFO Get VAT Master List Success
2021-04-21 16:05:08.9335 INFO Get GetSeverList Success
2021-04-21 16:08:57.7686 INFO Get GetSeverList Fail :Exception while writing to stream
2021-04-21 16:09:30.3660 INFO Get GetSeverList Success
2021-04-21 16:12:13.3541 INFO Get VAT Master List Success
2021-04-21 16:12:24.1071 INFO Get VAT Master List Success
2021-04-21 16:17:29.3786 INFO Get VAT Master List Success
2021-04-21 16:17:39.2452 INFO Get GetSeverList Success
2021-04-21 16:19:50.4756 INFO Get GetSeverList Success
2021-04-21 16:23:48.5081 INFO Get GetSeverList Success
2021-04-21 16:24:19.3035 INFO Get VAT Master List Success
2021-04-21 16:24:27.7571 INFO Get GetSeverList Success
