2021-03-11 11:22:27.5054 INFO Get User Success :98-Harinagar Sugar Mills Limited(Distillery Division)
2021-03-11 11:22:27.5841 INFO Get User Success :98-Harinagar Sugar Mills Limited(Distillery Division)
2021-03-11 11:22:27.7298 INFO Get User Success :harinagar_dis
2021-03-11 11:23:04.4650 INFO Get User Success :98-Harinagar Sugar Mills Limited(Distillery Division)
2021-03-11 11:29:55.6458 INFO Get User Success :harinagar_dis
2021-03-11 11:29:59.9644 INFO Get User Success :98-Harinagar Sugar Mills Limited(Distillery Division)
2021-03-11 11:30:00.0212 INFO Get User Success :harinagar_dis
2021-03-11 11:30:06.8598 INFO Get User Success :98-Harinagar Sugar Mills Limited(Distillery Division)
2021-03-11 11:30:06.9077 INFO Get Pass List Success
2021-03-11 11:30:06.9255 INFO Get User Success :harinagar_dis
2021-03-11 11:30:09.4686 INFO Get User Success :98-Harinagar Sugar Mills Limited(Distillery Division)
2021-03-11 11:30:09.4876 INFO Get User Success :harinagar_dis
2021-03-11 11:30:31.6517 INFO Get User Success :98-Harinagar Sugar Mills Limited(Distillery Division)
2021-03-11 11:30:31.6697 INFO Get User Success :harinagar_dis
2021-03-11 11:30:34.6602 INFO Get User Success :98-Harinagar Sugar Mills Limited(Distillery Division)
2021-03-11 11:30:34.7031 INFO Get Pass List Success
2021-03-11 11:30:34.7031 INFO Get User Success :harinagar_dis
2021-03-11 11:30:42.6083 INFO Get User Success :98-Harinagar Sugar Mills Limited(Distillery Division)
2021-03-11 11:30:42.6083 INFO Get Dispach Master List Success
2021-03-11 11:30:42.6377 INFO Get VAT Master List Success
2021-03-11 11:30:42.6497 INFO Get Pass List Success
2021-03-11 11:30:42.6721 INFO Get User Success :harinagar_dis
2021-03-11 11:30:46.7967 INFO Get User Success :98-Harinagar Sugar Mills Limited(Distillery Division)
2021-03-11 11:30:46.8417 INFO Get Pass List Success
2021-03-11 11:30:46.8417 INFO Get User Success :harinagar_dis
2021-03-11 11:30:50.5971 INFO Get User Success :98-Harinagar Sugar Mills Limited(Distillery Division)
2021-03-11 11:30:50.6158 INFO Get User Success :harinagar_dis
2021-03-11 11:32:51.8047 INFO Get User Success :98-Harinagar Sugar Mills Limited(Distillery Division)
2021-03-11 11:32:51.8490 INFO Get Pass List Success
2021-03-11 11:32:51.8574 INFO Get User Success :harinagar_dis
2021-03-11 11:32:53.1629 INFO Get User Success :98-Harinagar Sugar Mills Limited(Distillery Division)
2021-03-11 11:32:53.1818 INFO Get User Success :harinagar_dis
2021-03-11 11:36:46.0708 INFO Get User Success :98-Harinagar Sugar Mills Limited(Distillery Division)
2021-03-11 11:36:46.0985 INFO Get User Success :harinagar_dis
2021-03-11 11:37:01.9785 INFO Get User Success :98-Harinagar Sugar Mills Limited(Distillery Division)
2021-03-11 11:37:02.0229 INFO Get Pass List Success
2021-03-11 11:37:02.0380 INFO Get User Success :harinagar_dis
2021-03-11 11:37:04.1698 INFO Get User Success :98-Harinagar Sugar Mills Limited(Distillery Division)
2021-03-11 11:37:04.1906 INFO Get User Success :harinagar_dis
2021-03-11 11:37:10.0828 INFO Get User Success :98-Harinagar Sugar Mills Limited(Distillery Division)
2021-03-11 11:37:10.1038 INFO Get RR List Success
2021-03-11 11:37:10.1090 INFO Get User Success :harinagar_dis
2021-03-11 11:37:13.0614 INFO Get User Success :98-Harinagar Sugar Mills Limited(Distillery Division)
2021-03-11 11:37:13.0797 INFO Get User Success :harinagar_dis
2021-03-11 11:37:18.4007 INFO Get User Success :98-Harinagar Sugar Mills Limited(Distillery Division)
2021-03-11 11:37:18.4673 INFO Get RR List Success
2021-03-11 11:37:18.4673 INFO Get User Success :harinagar_dis
2021-03-11 11:37:25.9866 INFO Get User Success :98-Harinagar Sugar Mills Limited(Distillery Division)
2021-03-11 11:37:26.0056 INFO Get User Success :harinagar_dis
2021-03-11 11:55:50.4233 INFO Get User Success :98-Harinagar Sugar Mills Limited(Distillery Division)
2021-03-11 11:56:06.3807 INFO Get User Success :98-Harinagar Sugar Mills Limited(Distillery Division)
2021-03-11 11:56:06.5050 INFO Get User Success :harinagar_dis
2021-03-11 11:56:12.4438 INFO Get User Success :98-Harinagar Sugar Mills Limited(Distillery Division)
2021-03-11 11:56:12.4996 INFO Get User Success :harinagar_dis
2021-03-11 11:56:38.0595 INFO Get User Success :98-Harinagar Sugar Mills Limited(Distillery Division)
2021-03-11 11:56:38.1404 INFO Get RR List Success
2021-03-11 11:56:38.1404 INFO Get User Success :harinagar_dis
2021-03-11 11:56:43.9483 INFO Get User Success :98-Harinagar Sugar Mills Limited(Distillery Division)
2021-03-11 11:56:43.9590 INFO Get User Success :harinagar_dis
2021-03-11 11:56:46.2332 INFO Get User Success :98-Harinagar Sugar Mills Limited(Distillery Division)
2021-03-11 11:56:46.3169 INFO Get RR List Success
2021-03-11 11:56:46.3330 INFO Get NOC Details Success
2021-03-11 11:56:46.3330 INFO Get User Success :harinagar_dis
2021-03-11 11:56:49.5228 INFO Get User Success :98-Harinagar Sugar Mills Limited(Distillery Division)
2021-03-11 11:56:49.5717 INFO Get Pass List Success
2021-03-11 11:56:49.5898 INFO Get User Success :harinagar_dis
2021-03-11 11:56:54.2424 INFO Get User Success :98-Harinagar Sugar Mills Limited(Distillery Division)
2021-03-11 11:56:54.2424 INFO Get Dispach Master List Success
2021-03-11 11:56:54.2590 INFO Get VAT Master List Success
2021-03-11 11:56:54.2676 INFO Get Pass List Success
2021-03-11 11:56:54.2901 INFO Get User Success :harinagar_dis
2021-03-11 11:56:57.6752 INFO Get User Success :98-Harinagar Sugar Mills Limited(Distillery Division)
2021-03-11 11:56:57.7192 INFO Get Pass List Success
2021-03-11 11:56:57.7192 INFO Get User Success :harinagar_dis
2021-03-11 11:56:59.8849 INFO Get User Success :98-Harinagar Sugar Mills Limited(Distillery Division)
2021-03-11 11:56:59.9169 INFO Get User Success :harinagar_dis
2021-03-11 11:57:01.4264 INFO Get User Success :98-Harinagar Sugar Mills Limited(Distillery Division)
2021-03-11 11:57:01.4353 INFO Get User Success :harinagar_dis
2021-03-11 11:57:08.1578 INFO Get User Success :98-Harinagar Sugar Mills Limited(Distillery Division)
2021-03-11 11:57:08.2244 INFO Get RR List Success
2021-03-11 11:57:08.2244 INFO Get NOC Details Success
2021-03-11 11:57:08.2333 INFO Get User Success :harinagar_dis
2021-03-11 11:58:25.3975 INFO Get User Success :98-Harinagar Sugar Mills Limited(Distillery Division)
2021-03-11 12:00:57.0321 INFO Get User Success :harinagar_dis
2021-03-11 12:01:01.0552 INFO Get User Success :98-Harinagar Sugar Mills Limited(Distillery Division)
2021-03-11 12:01:01.0651 INFO Get User Success :harinagar_dis
2021-03-11 12:01:02.8883 INFO Get User Success :98-Harinagar Sugar Mills Limited(Distillery Division)
2021-03-11 12:01:02.9841 INFO Get RR List Success
2021-03-11 12:01:02.9841 INFO Get NOC Details Success
2021-03-11 12:01:02.9841 INFO Get User Success :harinagar_dis
2021-03-11 12:01:11.4781 INFO Get User Success :98-Harinagar Sugar Mills Limited(Distillery Division)
2021-03-11 12:01:11.5220 INFO Get Pass List Success
2021-03-11 12:01:11.5389 INFO Get User Success :harinagar_dis
2021-03-11 12:01:14.2628 INFO Get User Success :98-Harinagar Sugar Mills Limited(Distillery Division)
2021-03-11 12:01:14.2648 INFO Get Dispach Master List Success
2021-03-11 12:01:14.2648 INFO Get VAT Master List Success
2021-03-11 12:01:14.2648 INFO Get Pass List Success
2021-03-11 12:01:14.2827 INFO Get User Success :harinagar_dis
2021-03-11 12:01:30.2689 INFO Get User Success :98-Harinagar Sugar Mills Limited(Distillery Division)
2021-03-11 12:01:30.2689 INFO Get User Success :harinagar_dis
2021-03-11 12:02:03.2101 INFO Get User Success :98-Harinagar Sugar Mills Limited(Distillery Division)
2021-03-11 12:02:03.2289 INFO Get User Success :harinagar_dis
2021-03-11 14:24:28.8479 INFO Get User Success :98-Harinagar Sugar Mills Limited(Distillery Division)
2021-03-11 14:24:40.9412 INFO Get User Success :98-Harinagar Sugar Mills Limited(Distillery Division)
2021-03-11 14:24:41.0708 INFO Get User Success :harinagar_dis
2021-03-11 14:24:43.5131 INFO Get User Success :98-Harinagar Sugar Mills Limited(Distillery Division)
2021-03-11 14:24:45.7573 INFO Get User Success :harinagar_dis
2021-03-11 14:25:10.9650 INFO Get User Success :98-Harinagar Sugar Mills Limited(Distillery Division)
2021-03-11 14:25:10.9870 INFO Get User Success :harinagar_dis
2021-03-11 14:25:16.4261 INFO Get User Success :98-Harinagar Sugar Mills Limited(Distillery Division)
2021-03-11 14:25:16.4602 INFO Get User Success :harinagar_dis
2021-03-11 14:25:20.9275 INFO Get User Success :98-Harinagar Sugar Mills Limited(Distillery Division)
2021-03-11 14:25:21.0024 INFO Get RR List Success
2021-03-11 14:25:21.0024 INFO Get User Success :harinagar_dis
2021-03-11 14:25:27.2478 INFO Get User Success :98-Harinagar Sugar Mills Limited(Distillery Division)
2021-03-11 14:25:27.3024 INFO Get Pass List Success
2021-03-11 14:25:27.3233 INFO Get User Success :harinagar_dis
2021-03-11 14:25:38.6056 INFO Get Pass List Success
2021-03-11 14:57:55.7152 INFO Get User Success :98-Harinagar Sugar Mills Limited(Distillery Division)
2021-03-11 14:58:12.6932 INFO Get User Success :98-Harinagar Sugar Mills Limited(Distillery Division)
2021-03-11 14:58:12.8444 INFO Get User Success :harinagar_dis
2021-03-11 14:58:16.9255 INFO Get User Success :98-Harinagar Sugar Mills Limited(Distillery Division)
2021-03-11 14:58:19.2514 INFO Get User Success :harinagar_dis
2021-03-11 14:58:21.7308 INFO Get User Success :98-Harinagar Sugar Mills Limited(Distillery Division)
2021-03-11 14:58:21.7447 INFO Get User Success :harinagar_dis
2021-03-11 14:58:22.4292 INFO Get User Success :98-Harinagar Sugar Mills Limited(Distillery Division)
2021-03-11 14:58:22.4751 INFO Get User Success :98-Harinagar Sugar Mills Limited(Distillery Division)
2021-03-11 14:58:22.4871 INFO Get VAT Master List Success
2021-03-11 14:58:22.5000 INFO Get User Success :harinagar_dis
2021-03-11 14:58:31.4793 INFO Get VAT Master List Success
2021-03-11 14:58:40.4747 INFO Get User Success :103-Harinagar Distillery Division - Bond Officer
2021-03-11 14:58:40.4991 INFO Get User Success :103-Harinagar Distillery Division - Bond Officer
2021-03-11 14:58:40.4991 INFO Get User Success :harinagar_disbo
2021-03-11 14:58:43.1089 INFO Get User Success :103-Harinagar Distillery Division - Bond Officer
2021-03-11 14:58:45.1559 INFO Get User Success :harinagar_disbo
2021-03-11 14:58:47.2053 INFO Get User Success :103-Harinagar Distillery Division - Bond Officer
2021-03-11 14:58:47.2053 INFO Get VAT Master List Success
2021-03-11 14:58:47.2223 INFO Get User Success :harinagar_disbo
2021-03-11 14:58:52.3542 INFO Get VAT Master List Success
2021-03-11 14:58:53.8174 INFO Get User Success :103-Harinagar Distillery Division - Bond Officer
2021-03-11 14:58:53.8174 INFO Get VAT Master List Success
2021-03-11 14:58:55.7287 INFO Get User Success :harinagar_disbo
2021-03-11 15:00:54.0106 INFO Form83 Approve Sucess:227
2021-03-11 15:00:54.0344 INFO Get User Success :103-Harinagar Distillery Division - Bond Officer
2021-03-11 15:00:54.0453 INFO Get VAT Master List Success
2021-03-11 15:00:54.0453 INFO Get User Success :harinagar_disbo
2021-03-11 15:44:00.9636 INFO Get User Success :98-Harinagar Sugar Mills Limited(Distillery Division)
2021-03-11 15:44:17.5335 INFO Get User Success :98-Harinagar Sugar Mills Limited(Distillery Division)
2021-03-11 15:44:17.6813 INFO Get User Success :harinagar_dis
2021-03-11 15:44:23.8162 INFO Get User Success :98-Harinagar Sugar Mills Limited(Distillery Division)
2021-03-11 15:51:34.5692 INFO Get User Success :harinagar_dis
2021-03-11 15:52:08.3718 INFO Get User Success :339-Bihar Distillers & Bottlers Pvt. Ltd - Unit- 1
2021-03-11 15:52:08.4503 INFO Get User Success :339-Bihar Distillers & Bottlers Pvt. Ltd - Unit- 1
2021-03-11 15:52:08.4962 INFO Get User Success :bdbl_dis
2021-03-11 15:56:02.7612 INFO Get User Success :339-Bihar Distillers & Bottlers Pvt. Ltd - Unit- 1
2021-03-11 15:56:16.7880 INFO Get User Success :339-Bihar Distillers & Bottlers Pvt. Ltd - Unit- 1
2021-03-11 15:56:16.8946 INFO Get User Success :bdbl_dis
2021-03-11 15:58:18.1970 INFO Get User Success :339-Bihar Distillers & Bottlers Pvt. Ltd - Unit- 1
2021-03-11 15:58:18.2383 INFO Get User Success :bdbl_dis
2021-03-11 15:58:27.4258 INFO Get User Success :339-Bihar Distillers & Bottlers Pvt. Ltd - Unit- 1
2021-03-11 15:58:27.4258 INFO Get User Success :bdbl_dis
2021-03-11 15:58:31.6391 INFO Get Pass List Success
2021-03-11 15:58:33.4017 INFO Get Pass List Success
2021-03-11 16:50:08.6367 INFO Get User Success :98-Harinagar Sugar Mills Limited(Distillery Division)
2021-03-11 16:50:08.7205 INFO Get User Success :98-Harinagar Sugar Mills Limited(Distillery Division)
2021-03-11 16:50:08.8452 INFO Get User Success :harinagar_dis
2021-03-11 16:50:14.6952 INFO Get User Success :98-Harinagar Sugar Mills Limited(Distillery Division)
2021-03-11 16:50:17.9674 INFO Get User Success :harinagar_dis
2021-03-11 16:50:29.6747 INFO Get User Success :103-Harinagar Distillery Division - Bond Officer
2021-03-11 16:50:29.6996 INFO Get User Success :103-Harinagar Distillery Division - Bond Officer
2021-03-11 16:50:29.7096 INFO Get User Success :harinagar_disbo
2021-03-11 16:50:35.7263 INFO Get User Success :103-Harinagar Distillery Division - Bond Officer
2021-03-11 16:50:37.9092 INFO Get User Success :harinagar_disbo
2021-03-11 16:50:40.2774 INFO Get User Success :103-Harinagar Distillery Division - Bond Officer
2021-03-11 16:50:40.2914 INFO Get User Success :harinagar_disbo
2021-03-11 16:50:43.5549 INFO Get User Success :103-Harinagar Distillery Division - Bond Officer
2021-03-11 16:50:43.5986 INFO Get User Success :103-Harinagar Distillery Division - Bond Officer
2021-03-11 16:50:43.6227 INFO Get User Success :harinagar_disbo
2021-03-11 16:50:54.0829 INFO Get User Success :103-Harinagar Distillery Division - Bond Officer
2021-03-11 16:50:55.7327 INFO Get User Success :103-Harinagar Distillery Division - Bond Officer
2021-03-11 16:50:55.7327 INFO Get VAT Master List Success
2021-03-11 16:50:56.4194 INFO Get User Success :harinagar_disbo
2021-03-11 16:51:05.6888 INFO Get User Success :103-Harinagar Distillery Division - Bond Officer
2021-03-11 16:51:05.7039 INFO Get User Success :harinagar_disbo
2021-03-11 16:51:08.1300 INFO Get User Success :103-Harinagar Distillery Division - Bond Officer
2021-03-11 16:51:08.1828 INFO Get User Success :103-Harinagar Distillery Division - Bond Officer
2021-03-11 16:51:08.1928 INFO Get VAT Master List Success
2021-03-11 16:51:08.2052 INFO Get User Success :harinagar_disbo
2021-03-11 16:51:14.9294 INFO Get User Success :98-Harinagar Sugar Mills Limited(Distillery Division)
2021-03-11 16:51:14.9573 INFO Get User Success :98-Harinagar Sugar Mills Limited(Distillery Division)
2021-03-11 16:51:15.0333 INFO Get User Success :harinagar_dis
2021-03-11 16:51:17.1543 INFO Get User Success :98-Harinagar Sugar Mills Limited(Distillery Division)
2021-03-11 16:51:18.9093 INFO Get User Success :harinagar_dis
2021-03-11 16:51:20.6692 INFO Get User Success :98-Harinagar Sugar Mills Limited(Distillery Division)
2021-03-11 16:51:20.6750 INFO Get User Success :harinagar_dis
2021-03-11 16:51:21.5739 INFO Get User Success :98-Harinagar Sugar Mills Limited(Distillery Division)
2021-03-11 16:51:21.5989 INFO Get User Success :98-Harinagar Sugar Mills Limited(Distillery Division)
2021-03-11 16:51:21.6230 INFO Get User Success :harinagar_dis
2021-03-11 16:51:23.2250 INFO Get User Success :98-Harinagar Sugar Mills Limited(Distillery Division)
2021-03-11 16:51:23.2550 INFO Get User Success :98-Harinagar Sugar Mills Limited(Distillery Division)
2021-03-11 16:51:23.2640 INFO Get VAT Master List Success
2021-03-11 16:51:23.2640 INFO Get User Success :harinagar_dis
2021-03-11 16:51:24.7304 INFO Get User Success :98-Harinagar Sugar Mills Limited(Distillery Division)
2021-03-11 16:51:24.7354 INFO Get VAT Master List Success
2021-03-11 16:51:24.7354 INFO Get User Success :harinagar_dis
2021-03-11 16:51:33.6026 INFO Get User Success :98-Harinagar Sugar Mills Limited(Distillery Division)
2021-03-11 16:51:33.6086 INFO Get User Success :harinagar_dis
2021-03-11 16:51:41.4634 INFO Get User Success :98-Harinagar Sugar Mills Limited(Distillery Division)
2021-03-11 16:51:41.4881 INFO Get User Success :98-Harinagar Sugar Mills Limited(Distillery Division)
2021-03-11 16:51:41.5042 INFO Get User Success :harinagar_dis
2021-03-11 16:51:46.1079 INFO Get User Success :98-Harinagar Sugar Mills Limited(Distillery Division)
2021-03-11 16:51:47.7661 INFO Get User Success :98-Harinagar Sugar Mills Limited(Distillery Division)
2021-03-11 16:51:47.7661 INFO Get VAT Master List Success
2021-03-11 16:51:48.1584 INFO Get User Success :harinagar_dis
2021-03-11 16:52:03.1153 INFO Get User Success :98-Harinagar Sugar Mills Limited(Distillery Division)
2021-03-11 16:52:03.1253 INFO Get VAT Master List Success
2021-03-11 16:52:03.1253 INFO Get User Success :harinagar_dis
2021-03-11 16:52:05.3566 INFO Get User Success :98-Harinagar Sugar Mills Limited(Distillery Division)
2021-03-11 16:52:05.3606 INFO Get VAT Master List Success
2021-03-11 16:52:05.3606 INFO Get User Success :harinagar_dis
2021-03-11 16:52:10.4132 INFO Get User Success :98-Harinagar Sugar Mills Limited(Distillery Division)
2021-03-11 16:53:08.3313 INFO Get User Success :98-Harinagar Sugar Mills Limited(Distillery Division)
2021-03-11 16:53:08.3433 INFO Get VAT Master List Success
2021-03-11 16:53:08.3433 INFO Get User Success :harinagar_dis
2021-03-11 16:53:14.1572 INFO Get User Success :103-Harinagar Distillery Division - Bond Officer
2021-03-11 16:53:14.1811 INFO Get User Success :103-Harinagar Distillery Division - Bond Officer
2021-03-11 16:53:14.1921 INFO Get User Success :harinagar_disbo
2021-03-11 16:53:16.0594 INFO Get User Success :103-Harinagar Distillery Division - Bond Officer
2021-03-11 16:53:17.6749 INFO Get User Success :harinagar_disbo
2021-03-11 16:53:19.6115 INFO Get User Success :103-Harinagar Distillery Division - Bond Officer
2021-03-11 16:53:19.6115 INFO Get VAT Master List Success
2021-03-11 16:53:19.6267 INFO Get User Success :harinagar_disbo
2021-03-11 16:53:22.1422 INFO Get User Success :103-Harinagar Distillery Division - Bond Officer
2021-03-11 16:53:22.1422 INFO Get VAT Master List Success
2021-03-11 16:53:23.8839 INFO Get User Success :harinagar_disbo
2021-03-11 16:58:14.7210 INFO Form83 Approve Sucess:368
2021-03-11 16:58:14.7480 INFO Get User Success :103-Harinagar Distillery Division - Bond Officer
2021-03-11 16:58:14.7480 INFO Get VAT Master List Success
2021-03-11 16:58:14.7661 INFO Get User Success :harinagar_disbo
2021-03-11 16:58:21.1782 INFO Get User Success :103-Harinagar Distillery Division - Bond Officer
2021-03-11 16:58:21.1782 INFO Get User Success :harinagar_disbo
2021-03-11 16:58:22.0542 INFO Get User Success :103-Harinagar Distillery Division - Bond Officer
2021-03-11 16:58:22.0771 INFO Get User Success :103-Harinagar Distillery Division - Bond Officer
2021-03-11 16:58:22.0771 INFO Get VAT Master List Success
2021-03-11 16:58:22.0931 INFO Get User Success :harinagar_disbo
2021-03-11 16:58:28.2819 INFO Get User Success :98-Harinagar Sugar Mills Limited(Distillery Division)
2021-03-11 16:58:28.3098 INFO Get User Success :98-Harinagar Sugar Mills Limited(Distillery Division)
2021-03-11 16:58:28.4007 INFO Get User Success :harinagar_dis
2021-03-11 16:58:30.3948 INFO Get User Success :98-Harinagar Sugar Mills Limited(Distillery Division)
2021-03-11 16:58:32.4520 INFO Get User Success :harinagar_dis
2021-03-11 16:58:34.6619 INFO Get User Success :98-Harinagar Sugar Mills Limited(Distillery Division)
2021-03-11 16:58:34.6759 INFO Get VAT Master List Success
2021-03-11 16:58:34.6878 INFO Get User Success :harinagar_dis
2021-03-11 16:59:07.7092 INFO Get User Success :98-Harinagar Sugar Mills Limited(Distillery Division)
2021-03-11 16:59:07.7092 INFO Get VAT Master List Success
2021-03-11 16:59:07.7223 INFO Get User Success :harinagar_dis
2021-03-11 16:59:15.3730 INFO Get User Success :98-Harinagar Sugar Mills Limited(Distillery Division)
2021-03-11 17:00:21.0248 INFO Get User Success :98-Harinagar Sugar Mills Limited(Distillery Division)
2021-03-11 17:02:53.2623 INFO Get User Success :98-Harinagar Sugar Mills Limited(Distillery Division)
2021-03-11 17:02:53.2723 INFO Get VAT Master List Success
2021-03-11 17:02:53.2792 INFO Get User Success :harinagar_dis
2021-03-11 17:03:00.1109 INFO Get User Success :103-Harinagar Distillery Division - Bond Officer
2021-03-11 17:03:00.1378 INFO Get User Success :103-Harinagar Distillery Division - Bond Officer
2021-03-11 17:03:00.1488 INFO Get User Success :harinagar_disbo
2021-03-11 17:03:02.4129 INFO Get User Success :103-Harinagar Distillery Division - Bond Officer
2021-03-11 17:03:05.2170 INFO Get User Success :harinagar_disbo
2021-03-11 17:03:07.1748 INFO Get User Success :103-Harinagar Distillery Division - Bond Officer
2021-03-11 17:03:07.1858 INFO Get VAT Master List Success
2021-03-11 17:03:07.1858 INFO Get User Success :harinagar_disbo
2021-03-11 17:03:12.6723 INFO Get User Success :103-Harinagar Distillery Division - Bond Officer
2021-03-11 17:03:12.6723 INFO Get VAT Master List Success
2021-03-11 17:03:14.5319 INFO Get User Success :harinagar_disbo
2021-03-11 17:06:22.5198 INFO Form83 Approve Sucess:369
2021-03-11 17:06:22.5477 INFO Get User Success :103-Harinagar Distillery Division - Bond Officer
2021-03-11 17:06:22.5477 INFO Get VAT Master List Success
2021-03-11 17:06:22.5647 INFO Get User Success :harinagar_disbo
2021-03-11 17:06:27.9139 INFO Get User Success :103-Harinagar Distillery Division - Bond Officer
2021-03-11 17:06:27.9199 INFO Get User Success :harinagar_disbo
2021-03-11 17:06:31.1881 INFO Get User Success :103-Harinagar Distillery Division - Bond Officer
2021-03-11 17:06:31.2120 INFO Get User Success :103-Harinagar Distillery Division - Bond Officer
2021-03-11 17:06:31.2272 INFO Get User Success :harinagar_disbo
2021-03-11 17:06:34.4648 INFO Get User Success :103-Harinagar Distillery Division - Bond Officer
2021-03-11 17:06:36.8252 INFO Get User Success :98-Harinagar Sugar Mills Limited(Distillery Division)
2021-03-11 17:06:36.8551 INFO Get User Success :98-Harinagar Sugar Mills Limited(Distillery Division)
2021-03-11 17:06:36.9289 INFO Get User Success :harinagar_dis
2021-03-11 17:06:38.6463 INFO Get User Success :98-Harinagar Sugar Mills Limited(Distillery Division)
2021-03-11 17:06:40.3210 INFO Get User Success :harinagar_dis
2021-03-11 17:06:42.4071 INFO Get User Success :98-Harinagar Sugar Mills Limited(Distillery Division)
2021-03-11 17:06:42.4071 INFO Get User Success :harinagar_dis
2021-03-11 17:06:43.5464 INFO Get User Success :98-Harinagar Sugar Mills Limited(Distillery Division)
2021-03-11 17:06:43.5693 INFO Get User Success :98-Harinagar Sugar Mills Limited(Distillery Division)
2021-03-11 17:06:43.5873 INFO Get User Success :harinagar_dis
2021-03-11 17:06:44.8332 INFO Get User Success :98-Harinagar Sugar Mills Limited(Distillery Division)
2021-03-11 17:06:46.1650 INFO Get User Success :98-Harinagar Sugar Mills Limited(Distillery Division)
2021-03-11 17:06:46.1650 INFO Get VAT Master List Success
2021-03-11 17:06:46.1770 INFO Get User Success :harinagar_dis
2021-03-11 17:12:51.9674 INFO Get User Success :98-Harinagar Sugar Mills Limited(Distillery Division)
2021-03-11 17:12:51.9674 INFO Get User Success :harinagar_dis
2021-03-11 17:12:53.6251 INFO Get User Success :98-Harinagar Sugar Mills Limited(Distillery Division)
2021-03-11 17:12:53.6470 INFO Get User Success :98-Harinagar Sugar Mills Limited(Distillery Division)
2021-03-11 17:12:53.6569 INFO Get VAT Master List Success
2021-03-11 17:12:53.6569 INFO Get User Success :harinagar_dis
2021-03-11 17:12:54.8986 INFO Get User Success :98-Harinagar Sugar Mills Limited(Distillery Division)
2021-03-11 17:12:54.8986 INFO Get VAT Master List Success
2021-03-11 17:12:54.9113 INFO Get User Success :harinagar_dis
2021-03-11 17:12:59.5952 INFO Get User Success :98-Harinagar Sugar Mills Limited(Distillery Division)
2021-03-11 17:14:38.0518 INFO Get User Success :98-Harinagar Sugar Mills Limited(Distillery Division)
2021-03-11 17:14:38.0617 INFO Get VAT Master List Success
2021-03-11 17:14:38.0617 INFO Get User Success :harinagar_dis
2021-03-11 17:14:43.6615 INFO Get User Success :103-Harinagar Distillery Division - Bond Officer
2021-03-11 17:14:43.7074 INFO Get User Success :103-Harinagar Distillery Division - Bond Officer
2021-03-11 17:14:43.7337 INFO Get User Success :harinagar_disbo
2021-03-11 17:14:45.3609 INFO Get User Success :103-Harinagar Distillery Division - Bond Officer
2021-03-11 17:14:46.9321 INFO Get User Success :harinagar_disbo
2021-03-11 17:14:48.7895 INFO Get User Success :103-Harinagar Distillery Division - Bond Officer
2021-03-11 17:14:48.7954 INFO Get User Success :harinagar_disbo
2021-03-11 17:14:49.3529 INFO Get User Success :103-Harinagar Distillery Division - Bond Officer
2021-03-11 17:14:49.3737 INFO Get User Success :103-Harinagar Distillery Division - Bond Officer
2021-03-11 17:14:49.3737 INFO Get VAT Master List Success
2021-03-11 17:14:49.3900 INFO Get User Success :harinagar_disbo
2021-03-11 17:14:56.5061 INFO Get User Success :103-Harinagar Distillery Division - Bond Officer
2021-03-11 17:14:56.5061 INFO Get VAT Master List Success
2021-03-11 17:14:58.0781 INFO Get User Success :harinagar_disbo
2021-03-11 17:16:13.7210 INFO Form83 Approve Sucess:370
2021-03-11 17:16:13.7431 INFO Get User Success :103-Harinagar Distillery Division - Bond Officer
2021-03-11 17:16:13.7531 INFO Get VAT Master List Success
2021-03-11 17:16:13.7531 INFO Get User Success :harinagar_disbo
2021-03-11 17:16:21.6882 INFO Get User Success :103-Harinagar Distillery Division - Bond Officer
2021-03-11 17:16:21.6882 INFO Get User Success :harinagar_disbo
2021-03-11 17:16:22.5762 INFO Get User Success :103-Harinagar Distillery Division - Bond Officer
2021-03-11 17:16:22.6081 INFO Get User Success :103-Harinagar Distillery Division - Bond Officer
2021-03-11 17:16:24.5554 INFO Get User Success :harinagar_disbo
2021-03-11 17:16:26.6983 INFO Get User Success :103-Harinagar Distillery Division - Bond Officer
2021-03-11 17:16:26.7044 INFO Get User Success :harinagar_disbo
2021-03-11 17:16:29.6107 INFO Get User Success :103-Harinagar Distillery Division - Bond Officer
2021-03-11 17:16:31.8285 INFO Get User Success :98-Harinagar Sugar Mills Limited(Distillery Division)
2021-03-11 17:16:31.8544 INFO Get User Success :98-Harinagar Sugar Mills Limited(Distillery Division)
2021-03-11 17:16:31.9292 INFO Get User Success :harinagar_dis
2021-03-11 17:16:34.1284 INFO Get User Success :98-Harinagar Sugar Mills Limited(Distillery Division)
2021-03-11 17:16:35.9443 INFO Get User Success :harinagar_dis
2021-03-11 17:16:42.1087 INFO Get User Success :98-Harinagar Sugar Mills Limited(Distillery Division)
2021-03-11 17:16:42.1087 INFO Get User Success :harinagar_dis
2021-03-11 17:16:47.5759 INFO Get User Success :98-Harinagar Sugar Mills Limited(Distillery Division)
2021-03-11 17:16:47.6359 INFO Get User Success :98-Harinagar Sugar Mills Limited(Distillery Division)
2021-03-11 17:16:47.6389 INFO Get VAT Master List Success
2021-03-11 17:16:47.6389 INFO Get User Success :harinagar_dis
2021-03-11 17:17:03.7777 INFO Get User Success :98-Harinagar Sugar Mills Limited(Distillery Division)
2021-03-11 17:17:03.7807 INFO Get VAT Master List Success
2021-03-11 17:17:03.7807 INFO Get User Success :harinagar_dis
2021-03-11 17:17:31.8117 INFO Get User Success :98-Harinagar Sugar Mills Limited(Distillery Division)
2021-03-11 17:17:31.8117 INFO Get VAT Master List Success
2021-03-11 17:17:31.8117 INFO Get User Success :harinagar_dis
2021-03-11 17:17:32.7491 INFO Get User Success :98-Harinagar Sugar Mills Limited(Distillery Division)
2021-03-11 17:17:32.7491 INFO Get User Success :harinagar_dis
2021-03-11 17:17:53.5867 INFO Get User Success :98-Harinagar Sugar Mills Limited(Distillery Division)
2021-03-11 17:17:53.6086 INFO Get User Success :98-Harinagar Sugar Mills Limited(Distillery Division)
2021-03-11 17:17:53.6086 INFO Get VAT Master List Success
2021-03-11 17:17:53.6086 INFO Get User Success :harinagar_dis
2021-03-11 17:18:20.7087 INFO Get User Success :98-Harinagar Sugar Mills Limited(Distillery Division)
2021-03-11 17:18:20.7087 INFO Get User Success :harinagar_dis
2021-03-11 17:18:23.6641 INFO Get User Success :98-Harinagar Sugar Mills Limited(Distillery Division)
2021-03-11 17:18:23.6890 INFO Get User Success :98-Harinagar Sugar Mills Limited(Distillery Division)
2021-03-11 17:18:23.7061 INFO Get User Success :harinagar_dis
2021-03-11 17:18:24.7609 INFO Get User Success :98-Harinagar Sugar Mills Limited(Distillery Division)
2021-03-11 17:18:26.8389 INFO Get User Success :98-Harinagar Sugar Mills Limited(Distillery Division)
2021-03-11 17:18:26.8428 INFO Get VAT Master List Success
2021-03-11 17:18:26.8428 INFO Get User Success :harinagar_dis
2021-03-11 17:18:31.2686 INFO Get User Success :98-Harinagar Sugar Mills Limited(Distillery Division)
2021-03-11 17:18:37.4941 INFO Get User Success :98-Harinagar Sugar Mills Limited(Distillery Division)
2021-03-11 17:21:16.0931 INFO Get User Success :98-Harinagar Sugar Mills Limited(Distillery Division)
2021-03-11 17:21:16.1122 INFO Get User Success :harinagar_dis
2021-03-11 17:21:25.4562 INFO Get User Success :98-Harinagar Sugar Mills Limited(Distillery Division)
2021-03-11 17:21:27.6613 INFO Get User Success :103-Harinagar Distillery Division - Bond Officer
2021-03-11 17:21:27.6882 INFO Get User Success :103-Harinagar Distillery Division - Bond Officer
2021-03-11 17:21:27.7012 INFO Get User Success :harinagar_disbo
2021-03-11 17:21:29.3375 INFO Get User Success :103-Harinagar Distillery Division - Bond Officer
2021-03-11 17:21:31.1638 INFO Get User Success :harinagar_disbo
2021-03-11 17:21:32.9426 INFO Get User Success :103-Harinagar Distillery Division - Bond Officer
2021-03-11 17:21:32.9426 INFO Get User Success :harinagar_disbo
2021-03-11 17:21:34.5304 INFO Get User Success :103-Harinagar Distillery Division - Bond Officer
2021-03-11 17:21:34.5633 INFO Get User Success :103-Harinagar Distillery Division - Bond Officer
2021-03-11 17:21:34.5633 INFO Get VAT Master List Success
2021-03-11 17:21:34.5793 INFO Get User Success :harinagar_disbo
2021-03-11 17:21:35.5066 INFO Get User Success :103-Harinagar Distillery Division - Bond Officer
2021-03-11 17:21:35.5135 INFO Get User Success :harinagar_disbo
2021-03-11 17:21:36.2410 INFO Get User Success :103-Harinagar Distillery Division - Bond Officer
2021-03-11 17:21:36.2649 INFO Get User Success :103-Harinagar Distillery Division - Bond Officer
2021-03-11 17:21:36.2801 INFO Get User Success :harinagar_disbo
2021-03-11 17:21:39.5793 INFO Get User Success :103-Harinagar Distillery Division - Bond Officer
2021-03-11 17:21:40.8847 INFO Get User Success :103-Harinagar Distillery Division - Bond Officer
2021-03-11 17:21:40.8887 INFO Get VAT Master List Success
2021-03-11 17:21:41.3456 INFO Get User Success :harinagar_disbo
2021-03-11 17:25:32.3133 INFO Get User Success :103-Harinagar Distillery Division - Bond Officer
2021-03-11 17:25:32.3304 INFO Get User Success :harinagar_disbo
2021-03-11 17:30:07.3402 INFO Get User Success :103-Harinagar Distillery Division - Bond Officer
2021-03-11 17:30:10.6187 INFO Get User Success :339-Bihar Distillers & Bottlers Pvt. Ltd - Unit- 1
2021-03-11 17:30:10.6486 INFO Get User Success :339-Bihar Distillers & Bottlers Pvt. Ltd - Unit- 1
2021-03-11 17:30:10.6779 INFO Get User Success :bdbl_dis
2021-03-11 17:31:00.5555 INFO Get User Success :339-Bihar Distillers & Bottlers Pvt. Ltd - Unit- 1
