2021-06-22 09:59:15.8434 INFO Get User Success :98-Harinagar Sugar Mills Limited(Distillery Division)
2021-06-22 09:59:16.3544 INFO Get User Success :98-Harinagar Sugar Mills Limited(Distillery Division)
2021-06-22 09:59:17.4193 INFO Get User Success :harinagar_dis
2021-06-22 09:59:29.4896 INFO Get User Success :98-Harinagar Sugar Mills Limited(Distillery Division)
2021-06-22 09:59:35.3653 INFO Get User Success :harinagar_dis
2021-06-22 09:59:39.8110 INFO Get User Success :98-Harinagar Sugar Mills Limited(Distillery Division)
2021-06-22 09:59:40.8039 INFO Get User Success :harinagar_dis
2021-06-22 09:59:47.0346 INFO Get User Success :98-Harinagar Sugar Mills Limited(Distillery Division)
2021-06-22 09:59:47.2006 INFO Get UOM List Success
2021-06-22 09:59:50.0774 INFO Get Party Master List Success
2021-06-22 09:59:50.1634 INFO Get User Success :harinagar_dis
2021-06-22 10:00:22.2379 INFO Get Party Master List Success
2021-06-22 10:02:18.9586 INFO Get Party Master List Success
2021-06-22 10:03:39.6528 INFO Get User Success :98-Harinagar Sugar Mills Limited(Distillery Division)
2021-06-22 10:03:40.1988 INFO Get User Success :harinagar_dis
2021-06-22 10:03:44.9235 INFO Get User Success :98-Harinagar Sugar Mills Limited(Distillery Division)
2021-06-22 10:03:45.0715 INFO Get UOM List Success
2021-06-22 10:05:08.0185 INFO Get Party Master List Success
2021-06-22 10:05:08.2015 INFO Get User Success :harinagar_dis
2021-06-22 10:58:06.5321 INFO Get User Success :98-Harinagar Sugar Mills Limited(Distillery Division)
2021-06-22 10:58:36.2053 INFO Get User Success :98-Harinagar Sugar Mills Limited(Distillery Division)
2021-06-22 10:58:37.3153 INFO Get User Success :harinagar_dis
2021-06-22 10:59:57.9175 INFO Get User Success :98-Harinagar Sugar Mills Limited(Distillery Division)
2021-06-22 11:00:06.8459 INFO Get User Success :harinagar_dis
2021-06-22 11:00:18.5512 INFO Get User Success :98-Harinagar Sugar Mills Limited(Distillery Division)
2021-06-22 11:00:19.2103 INFO Get User Success :harinagar_dis
2021-06-22 11:00:22.4830 INFO Get User Success :98-Harinagar Sugar Mills Limited(Distillery Division)
2021-06-22 11:00:22.6950 INFO Get UOM List Success
2021-06-22 11:00:25.7828 INFO Get Party Master List Success
2021-06-22 11:00:25.9968 INFO Get User Success :harinagar_dis
2021-06-22 11:00:56.4434 INFO Get User Success :98-Harinagar Sugar Mills Limited(Distillery Division)
2021-06-22 11:00:57.0034 INFO Get User Success :harinagar_dis
2021-06-22 11:01:01.5598 INFO Get User Success :98-Harinagar Sugar Mills Limited(Distillery Division)
2021-06-22 11:01:01.7218 INFO Get UOM List Success
2021-06-22 11:07:42.2044 INFO Get User Success :harinagar_dis
2021-06-22 11:07:56.5552 INFO Get User Success :98-Harinagar Sugar Mills Limited(Distillery Division)
2021-06-22 11:07:57.0911 INFO Get User Success :harinagar_dis
2021-06-22 11:08:00.5615 INFO Get User Success :98-Harinagar Sugar Mills Limited(Distillery Division)
2021-06-22 11:08:00.7195 INFO Get UOM List Success
2021-06-22 14:14:16.9446 INFO Get User Success :111-New Swadeshi Sugar Mills
2021-06-22 14:14:17.5226 INFO Get User Success :111-New Swadeshi Sugar Mills
2021-06-22 14:14:18.3695 INFO Get User Success :newswadeshi_sgr
2021-06-22 14:14:30.6958 INFO Sugarcanepurchase Get List Success
2021-06-22 14:14:30.7728 INFO Get User Success :111-New Swadeshi Sugar Mills
2021-06-22 14:14:30.9618 INFO Get User Success :newswadeshi_sgr
2021-06-22 14:14:48.9247 INFO Get User Success :111-New Swadeshi Sugar Mills
2021-06-22 14:14:49.3727 INFO MIR GetList Sucess
2021-06-22 14:14:49.5187 INFO Get User Success :newswadeshi_sgr
2021-06-22 14:14:54.4993 INFO Get User Success :111-New Swadeshi Sugar Mills
2021-06-22 14:14:54.7493 INFO Get VAT Master List Success
2021-06-22 14:14:58.9501 INFO Get Pass List Success
2021-06-22 14:14:59.0501 INFO Get User Success :newswadeshi_sgr
2021-06-22 14:15:10.0493 INFO Get User Success :111-New Swadeshi Sugar Mills
2021-06-22 14:15:10.3203 INFO MIR GetList Sucess
2021-06-22 14:15:10.4423 INFO Get User Success :newswadeshi_sgr
2021-06-22 14:15:16.7319 INFO Get User Success :111-New Swadeshi Sugar Mills
2021-06-22 14:15:17.1109 INFO Get User Success :newswadeshi_sgr
2021-06-22 14:15:27.4873 INFO Get User Success :111-New Swadeshi Sugar Mills
2021-06-22 14:15:27.8252 INFO Get User Success :newswadeshi_sgr
2021-06-22 14:16:09.6233 INFO Get User Success :111-New Swadeshi Sugar Mills
2021-06-22 14:16:28.9022 INFO Get RR List Success
2021-06-22 14:16:29.5072 INFO Get User Success :newswadeshi_sgr
2021-06-22 14:16:47.9995 INFO Get User Success :111-New Swadeshi Sugar Mills
2021-06-22 14:16:48.5675 INFO Get User Success :newswadeshi_sgr
2021-06-22 14:16:57.7120 INFO Get User Success :111-New Swadeshi Sugar Mills
2021-06-22 14:16:58.4129 INFO Get Pass List Success
2021-06-22 14:17:01.4557 INFO Get User Success :newswadeshi_sgr
2021-06-22 14:17:14.2370 INFO Get User Success :111-New Swadeshi Sugar Mills
2021-06-22 14:17:14.3570 INFO Get RR List Success
2021-06-22 14:17:14.5170 INFO Get User Success :newswadeshi_sgr
2021-06-22 14:17:20.2576 INFO Get User Success :111-New Swadeshi Sugar Mills
2021-06-22 14:17:20.4646 INFO Get MF2 List Success
2021-06-22 14:17:20.6396 INFO Get User Success :newswadeshi_sgr
2021-06-22 14:17:28.2031 INFO Get User Success :111-New Swadeshi Sugar Mills
2021-06-22 14:17:42.7443 INFO Get RR List Success
2021-06-22 14:18:03.6010 INFO Get User Success :newswadeshi_sgr
2021-06-22 14:18:04.0211 INFO Get User Success :111-New Swadeshi Sugar Mills
2021-06-22 14:18:04.3370 INFO Get User Success :newswadeshi_sgr
2021-06-22 14:18:05.0689 INFO Get User Success :111-New Swadeshi Sugar Mills
2021-06-22 14:18:05.5769 INFO Get User Success :newswadeshi_sgr
2021-06-22 14:21:16.2391 INFO Get User Success :111-New Swadeshi Sugar Mills
2021-06-22 14:21:16.3851 INFO Get MF2 List Success
2021-06-22 14:21:16.5261 INFO Get User Success :newswadeshi_sgr
2021-06-22 14:21:18.8149 INFO Get User Success :111-New Swadeshi Sugar Mills
2021-06-22 14:21:18.9500 INFO Get RR List Success
2021-06-22 14:21:19.1760 INFO Get User Success :newswadeshi_sgr
2021-06-22 14:21:26.0115 INFO Get User Success :111-New Swadeshi Sugar Mills
2021-06-22 14:21:26.2905 INFO Get MF2 List Success
2021-06-22 14:21:26.4475 INFO Get User Success :newswadeshi_sgr
2021-06-22 14:21:31.7232 INFO Get User Success :111-New Swadeshi Sugar Mills
2021-06-22 14:21:31.8182 INFO Get MF3 List Success
2021-06-22 14:21:31.9772 INFO Get User Success :newswadeshi_sgr
2021-06-22 14:21:35.7489 INFO Get User Success :111-New Swadeshi Sugar Mills
2021-06-22 14:21:37.4568 INFO Get VAT Master List Success
2021-06-22 14:21:37.5418 INFO Get Product Master List Success
2021-06-22 14:21:37.8059 INFO Get User Success :newswadeshi_sgr
2021-06-22 14:21:45.0194 INFO Get User Success :111-New Swadeshi Sugar Mills
2021-06-22 14:21:45.0874 INFO Get MF3 List Success
2021-06-22 14:21:45.4384 INFO Get User Success :newswadeshi_sgr
2021-06-22 14:22:16.6291 INFO Get User Success :353-M and TP Unit
2021-06-22 14:22:16.9270 INFO Get User Success :353-M and TP Unit
2021-06-22 14:22:17.2000 INFO Get User Success :mtp1
2021-06-22 14:22:26.5774 INFO Get User Success :353-M and TP Unit
2021-06-22 14:22:29.5002 INFO Get User Success :mtp1
2021-06-22 14:22:34.8489 INFO Get User Success :353-M and TP Unit
2021-06-22 14:22:37.7098 INFO Get Allotment List Success
2021-06-22 14:22:38.0577 INFO Get Product Master List Success
2021-06-22 14:22:38.2377 INFO Get UOM List Success
2021-06-22 14:22:41.3685 INFO Get Allotment Details Success
2021-06-22 14:22:45.2023 INFO Get User Success :mtp1
2021-06-22 14:22:55.0187 INFO Get User Success :353-M and TP Unit
2021-06-22 14:22:57.8225 INFO Get User Success :mtp1
2021-06-22 14:23:12.4027 INFO Get User Success :353-M and TP Unit
2021-06-22 14:23:15.6815 INFO Get User Success :mtp1
2021-06-22 14:23:19.8162 INFO Get User Success :353-M and TP Unit
2021-06-22 14:23:30.9187 INFO Get User Success :100-Deputy Commissioner
2021-06-22 14:23:31.2386 INFO Get User Success :100-Deputy Commissioner
2021-06-22 14:23:32.0216 INFO Get User Success :hodyco
2021-06-22 14:23:49.0775 INFO Get User Success :100-Deputy Commissioner
2021-06-22 14:23:52.3794 INFO Get User Success :hodyco
2021-06-22 14:24:13.3641 INFO Get User Success :100-Deputy Commissioner
2021-06-22 14:24:16.7309 INFO Get User Success :100-Deputy Commissioner
2021-06-22 14:24:16.8179 INFO Get License_Type List Success
2021-06-22 14:24:16.9039 INFO Get License Fee List Success
2021-06-22 14:24:16.9819 INFO Get State List Success
2021-06-22 14:24:20.8457 INFO Get Division List Success
2021-06-22 14:24:25.1054 INFO Get User Success :hodyco
2021-06-22 14:24:42.8464 INFO Get User Success :100-Deputy Commissioner
2021-06-22 14:30:12.2857 INFO Get User Success :hodyco
2021-06-22 14:42:47.2115 INFO Get User Success :350-Globus Spirits Limited
2021-06-22 14:42:48.2484 INFO Get User Success :350-Globus Spirits Limited
2021-06-22 14:42:48.7494 INFO Get User Success :globus_dis
2021-06-22 14:43:05.4944 INFO Get User Success :350-Globus Spirits Limited
2021-06-22 14:43:26.8381 INFO Get User Success :globus_dis
2021-06-22 14:43:31.9278 INFO Get User Success :350-Globus Spirits Limited
2021-06-22 14:43:32.2259 INFO Get User Success :350-Globus Spirits Limited
2021-06-22 14:46:47.7542 INFO Get User Success :350-Globus Spirits Limited
2021-06-22 14:46:58.6625 INFO Get User Success :globus_dis
2021-06-22 14:47:02.6843 INFO Get User Success :350-Globus Spirits Limited
2021-06-22 14:47:02.9492 INFO Get User Success :350-Globus Spirits Limited
2021-06-22 15:28:15.4029 INFO Get User Success :350-Globus Spirits Limited
2021-06-22 15:28:15.7418 INFO Get User Success :350-Globus Spirits Limited
2021-06-22 15:28:16.1118 INFO Get User Success :globus_dis
2021-06-22 15:28:26.5152 INFO Get User Success :350-Globus Spirits Limited
2021-06-22 15:29:09.3367 INFO Get User Success :globus_dis
2021-06-22 15:29:13.1694 INFO Get User Success :350-Globus Spirits Limited
2021-06-22 15:29:13.4354 INFO Get User Success :350-Globus Spirits Limited
2021-06-22 15:30:07.0772 INFO Get Product Master List Success
2021-06-22 15:30:08.8941 INFO Get User Success :350-Globus Spirits Limited
2021-06-22 15:30:10.3480 INFO Get Balance Request Pass Success
2021-06-22 15:30:12.0509 INFO Get User Success :350-Globus Spirits Limited
2021-06-22 15:30:13.1138 INFO Get Balance Request Pass Success
2021-06-22 15:30:16.7806 INFO Get User Success :globus_dis
2021-06-22 15:30:44.9630 INFO Get User Success :350-Globus Spirits Limited
2021-06-22 15:30:56.7263 INFO Get User Success :globus_dis
2021-06-22 15:31:00.3231 INFO Get User Success :350-Globus Spirits Limited
2021-06-22 15:31:00.4931 INFO Get User Success :350-Globus Spirits Limited
2021-06-22 15:31:03.9408 INFO Get Product Master List Success
2021-06-22 15:31:04.3888 INFO Get User Success :350-Globus Spirits Limited
2021-06-22 15:31:05.1278 INFO Get Balance Request Pass Success
2021-06-22 15:31:05.5917 INFO Get User Success :350-Globus Spirits Limited
2021-06-22 15:31:06.2257 INFO Get Balance Request Pass Success
2021-06-22 15:31:06.5687 INFO Get User Success :globus_dis
2021-06-22 17:03:37.9320 INFO Get User Success :111-New Swadeshi Sugar Mills
2021-06-22 17:03:44.7316 INFO Get User Success :111-New Swadeshi Sugar Mills
2021-06-22 17:03:45.6915 INFO Get User Success :newswadeshi_sgr
2021-06-22 17:03:59.6878 INFO Get User Success :111-New Swadeshi Sugar Mills
2021-06-22 17:04:35.4256 INFO Get User Success :138-Majhaulia Sugar Industries Pvt Ltd.
2021-06-22 17:04:35.7716 INFO Get User Success :138-Majhaulia Sugar Industries Pvt Ltd.
2021-06-22 17:04:36.0877 INFO Get User Success :majhaulia_sgr
2021-06-22 17:04:53.9295 INFO Sugarcanepurchase Get List Success
2021-06-22 17:04:54.0095 INFO Get User Success :138-Majhaulia Sugar Industries Pvt Ltd.
2021-06-22 17:04:54.1715 INFO Get User Success :majhaulia_sgr
2021-06-22 17:05:03.3000 INFO Get User Success :138-Majhaulia Sugar Industries Pvt Ltd.
2021-06-22 17:05:03.7530 INFO MIR GetList Sucess
2021-06-22 17:05:03.8949 INFO Get User Success :majhaulia_sgr
2021-06-22 17:05:09.0966 INFO Get User Success :138-Majhaulia Sugar Industries Pvt Ltd.
2021-06-22 17:05:09.3606 INFO Get VAT Master List Success
2021-06-22 17:05:14.0854 INFO Get Pass List Success
2021-06-22 17:05:14.1793 INFO Get User Success :majhaulia_sgr
2021-06-22 17:05:21.0710 INFO Get Pass List Success
2021-06-22 17:07:34.0911 INFO MIR Insertion Fail:373-MSI-23503: insert or update on table "molassesissueregister" violates foreign key constraint "fk_vat_master"
2021-06-22 17:07:34.2701 INFO MIR Update Success:MSI-_373
2021-06-22 17:09:35.1909 INFO MIR Insertion Sucess:373-MSI
2021-06-22 17:09:35.3648 INFO MIR Update Success:MSI-MSIMST0001_373
2021-06-22 17:09:35.5408 INFO Get User Success :138-Majhaulia Sugar Industries Pvt Ltd.
2021-06-22 17:09:35.8938 INFO MIR GetList Sucess
2021-06-22 17:09:36.0058 INFO Get User Success :majhaulia_sgr
2021-06-22 17:09:48.3089 INFO Get User Success :119-Majhaulia Sugar Industries Pvt Ltd, Bond Officer
2021-06-22 17:09:48.6288 INFO Get User Success :119-Majhaulia Sugar Industries Pvt Ltd, Bond Officer
2021-06-22 17:09:49.8498 INFO Get User Success :majhaulia_sgrbo
2021-06-22 17:09:57.4473 INFO Sugarcanepurchase Get List Success
2021-06-22 17:09:57.5663 INFO Get User Success :119-Majhaulia Sugar Industries Pvt Ltd, Bond Officer
2021-06-22 17:09:57.6593 INFO Get User Success :majhaulia_sgrbo
2021-06-22 17:10:00.4431 INFO Get User Success :119-Majhaulia Sugar Industries Pvt Ltd, Bond Officer
2021-06-22 17:10:00.7651 INFO MIR GetList Sucess
2021-06-22 17:10:00.8642 INFO Get User Success :majhaulia_sgrbo
2021-06-22 17:10:03.5420 INFO Get User Success :119-Majhaulia Sugar Industries Pvt Ltd, Bond Officer
2021-06-22 17:10:03.7679 INFO Get VAT Master List Success
2021-06-22 17:10:07.5047 INFO Get Pass List Success
2021-06-22 17:10:08.9096 INFO MIR GetDetails Fail :Field not found in row: customer_id
2021-06-22 17:10:09.4276 INFO Get Pass List Success
2021-06-22 17:10:11.6895 INFO Get User Success :majhaulia_sgrbo
2021-06-22 17:10:25.1177 INFO MIR Approve Sucess:373
2021-06-22 17:10:25.3007 INFO Get User Success :119-Majhaulia Sugar Industries Pvt Ltd, Bond Officer
2021-06-22 17:10:25.6296 INFO MIR GetList Sucess
2021-06-22 17:10:25.7256 INFO Get User Success :majhaulia_sgrbo
2021-06-22 17:12:45.4854 INFO Get User Success :353-M and TP Unit
2021-06-22 17:12:45.7483 INFO Get User Success :353-M and TP Unit
2021-06-22 17:12:45.8443 INFO Get User Success :mtp1
2021-06-22 17:12:58.4576 INFO Get User Success :353-M and TP Unit
2021-06-22 17:15:45.2386 INFO Get User Success :mtp1
2021-06-22 17:15:49.6274 INFO Get User Success :353-M and TP Unit
2021-06-22 17:15:51.9542 INFO Get User Success :mtp1
2021-06-22 17:15:56.8290 INFO Get GetSeverList Success
2021-06-22 17:16:42.5552 INFO Get User Success :353-M and TP Unit
2021-06-22 17:16:44.5021 INFO Get Allotment List Success
2021-06-22 17:16:44.9071 INFO Get Product Master List Success
2021-06-22 17:16:45.0211 INFO Get UOM List Success
2021-06-22 17:16:45.1141 INFO Get User Success :mtp1
2021-06-22 17:20:13.5976 INFO Get User Success :353-M and TP Unit
2021-06-22 17:20:17.4004 INFO Get User Success :mtp1
2021-06-22 17:20:25.6589 INFO Get User Success :353-M and TP Unit
2021-06-22 17:20:27.8168 INFO Get Allotment List Success
2021-06-22 17:20:28.1927 INFO Get Product Master List Success
2021-06-22 17:20:28.2818 INFO Get UOM List Success
2021-06-22 17:20:28.3807 INFO Get User Success :mtp1
2021-06-22 17:25:35.8914 INFO Get User Success :353-M and TP Unit
2021-06-22 17:25:51.1235 INFO Get User Success :353-M and TP Unit
2021-06-22 17:25:51.5894 INFO Get User Success :mtp1
2021-06-22 17:26:04.0147 INFO Get User Success :353-M and TP Unit
2021-06-22 17:26:17.7959 INFO Get User Success :mtp1
2021-06-22 17:26:25.2474 INFO Get User Success :353-M and TP Unit
2021-06-22 17:26:27.2323 INFO Get Allotment List Success
2021-06-22 17:26:27.6133 INFO Get Product Master List Success
2021-06-22 17:26:27.6843 INFO Get UOM List Success
2021-06-22 17:26:27.7723 INFO Get User Success :mtp1
2021-06-22 17:28:40.5814 INFO Get User Success :353-M and TP Unit
2021-06-22 17:29:17.5512 INFO Get Allotment List Success
2021-06-22 17:29:17.8981 INFO Get Product Master List Success
2021-06-22 17:29:17.9781 INFO Get UOM List Success
2021-06-22 17:29:18.0672 INFO Get User Success :mtp1
2021-06-22 17:33:18.5358 INFO Get User Success :353-M and TP Unit
2021-06-22 17:33:24.8254 INFO Get Allotment List Success
2021-06-22 17:33:25.2754 INFO Get Product Master List Success
2021-06-22 17:33:25.3494 INFO Get UOM List Success
2021-06-22 17:34:44.1547 INFO Get User Success :353-M and TP Unit
2021-06-22 17:34:46.8805 INFO Get User Success :mtp1
2021-06-22 17:34:53.3571 INFO Get User Success :353-M and TP Unit
2021-06-22 17:34:55.7450 INFO Get Allotment List Success
2021-06-22 17:34:56.8559 INFO Get Product Master List Success
2021-06-22 17:34:56.9479 INFO Get UOM List Success
2021-06-22 17:35:23.6494 INFO Get User Success :353-M and TP Unit
2021-06-22 17:35:26.8211 INFO Get User Success :mtp1
2021-06-22 17:36:20.5669 INFO Get User Success :353-M and TP Unit
2021-06-22 17:36:20.8989 INFO Get User Success :353-M and TP Unit
2021-06-22 17:36:21.3529 INFO Get User Success :mtp1
2021-06-22 17:36:27.3355 INFO Get User Success :353-M and TP Unit
2021-06-22 17:36:29.8744 INFO Get User Success :mtp1
2021-06-22 17:36:35.6260 INFO Get User Success :353-M and TP Unit
2021-06-22 17:36:36.6759 INFO Get Allotment List Success
2021-06-22 17:36:37.0849 INFO Get Product Master List Success
2021-06-22 17:36:37.1580 INFO Get UOM List Success
2021-06-22 17:38:58.3625 INFO Get User Success :353-M and TP Unit
2021-06-22 17:39:28.8877 INFO Get User Success :353-M and TP Unit
2021-06-22 17:39:38.3931 INFO Get Allotment List Success
2021-06-22 17:39:39.7500 INFO Get Product Master List Success
2021-06-22 17:39:39.8460 INFO Get UOM List Success
2021-06-22 17:39:41.6049 INFO Get User Success :353-M and TP Unit
2021-06-22 17:39:42.1599 INFO Get User Success :mtp1
2021-06-22 17:39:47.5966 INFO Get User Success :353-M and TP Unit
2021-06-22 17:39:50.1804 INFO Get User Success :mtp1
2021-06-22 17:39:55.6581 INFO Get User Success :353-M and TP Unit
2021-06-22 17:39:57.5590 INFO Get Allotment List Success
2021-06-22 17:39:58.9959 INFO Get Product Master List Success
2021-06-22 17:39:59.1469 INFO Get UOM List Success
2021-06-22 17:39:59.2779 INFO Get User Success :mtp1
2021-06-22 17:42:18.0246 INFO Get User Success :353-M and TP Unit
2021-06-22 17:42:18.3556 INFO Get User Success :353-M and TP Unit
2021-06-22 17:42:18.4645 INFO Get User Success :mtp1
2021-06-22 17:42:22.2773 INFO Get User Success :353-M and TP Unit
2021-06-22 17:42:25.5171 INFO Get User Success :mtp1
2021-06-22 17:42:28.9159 INFO Get User Success :353-M and TP Unit
2021-06-22 17:42:32.3548 INFO Get User Success :353-M and TP Unit
2021-06-22 17:42:32.4668 INFO Get License_Type List Success
2021-06-22 17:42:32.5857 INFO Get License Fee List Success
2021-06-22 17:42:32.7037 INFO Get State List Success
2021-06-22 17:42:32.9747 INFO Get User Success :mtp1
2021-06-22 17:45:29.0702 INFO Get User Success :353-M and TP Unit
2021-06-22 17:45:29.1482 INFO Get License_Type List Success
2021-06-22 17:45:29.2392 INFO Get License Fee List Success
2021-06-22 17:45:29.3222 INFO Get State List Success
2021-06-22 17:45:29.4951 INFO Get User Success :mtp1
2021-06-22 17:45:34.7498 INFO Get User Success :353-M and TP Unit
2021-06-22 17:45:40.1285 INFO Get User Success :mtp1
2021-06-22 17:45:49.4610 INFO Get User Success :353-M and TP Unit
2021-06-22 17:45:52.4998 INFO Get Allotment List Success
2021-06-22 17:45:52.9417 INFO Get Product Master List Success
2021-06-22 17:45:53.0347 INFO Get UOM List Success
2021-06-22 17:45:53.1227 INFO Get User Success :mtp1
2021-06-22 17:47:26.0153 INFO Get User Success :353-M and TP Unit
2021-06-22 17:47:55.5894 INFO Get Allotment List Success
2021-06-22 17:47:56.8064 INFO Get Product Master List Success
2021-06-22 17:47:56.8894 INFO Get UOM List Success
2021-06-22 17:47:56.9833 INFO Get User Success :mtp1
2021-06-22 17:48:12.0234 INFO Get User Success :353-M and TP Unit
2021-06-22 17:48:14.7283 INFO Get User Success :mtp1
2021-06-22 17:48:21.0879 INFO Get User Success :353-M and TP Unit
2021-06-22 17:48:23.0808 INFO Get Allotment List Success
2021-06-22 17:48:24.4447 INFO Get Product Master List Success
2021-06-22 17:48:24.5297 INFO Get UOM List Success
2021-06-22 17:48:24.6238 INFO Get User Success :mtp1
2021-06-22 17:48:44.0686 INFO Get User Success :353-M and TP Unit
2021-06-22 17:48:44.4275 INFO Get User Success :353-M and TP Unit
2021-06-22 17:48:44.7605 INFO Get User Success :mtp1
2021-06-22 17:49:27.3620 INFO Get User Success :353-M and TP Unit
2021-06-22 17:49:29.9298 INFO Get User Success :mtp1
2021-06-22 17:49:34.0786 INFO Get User Success :353-M and TP Unit
2021-06-22 17:49:37.0034 INFO Get User Success :353-M and TP Unit
2021-06-22 17:49:37.0794 INFO Get License_Type List Success
2021-06-22 17:49:37.1614 INFO Get License Fee List Success
2021-06-22 17:49:37.2334 INFO Get State List Success
2021-06-22 17:49:41.2841 INFO Get Division List Success
2021-06-22 17:49:48.2007 INFO Get User Success :mtp1
2021-06-22 17:49:57.5871 INFO Get User Success :353-M and TP Unit
2021-06-22 17:50:00.4520 INFO Get User Success :mtp1
2021-06-22 17:58:33.0634 INFO Get User Success :353-M and TP Unit
2021-06-22 17:58:36.3082 INFO Get User Success :353-M and TP Unit
2021-06-22 17:58:36.3902 INFO Get License_Type List Success
2021-06-22 17:58:36.4702 INFO Get License Fee List Success
2021-06-22 17:58:36.5502 INFO Get State List Success
2021-06-22 17:58:36.7172 INFO Get User Success :mtp1
2021-06-22 17:59:23.4597 INFO Get User Success :350-Globus Spirits Limited
2021-06-22 17:59:23.8187 INFO Get User Success :350-Globus Spirits Limited
2021-06-22 17:59:24.0817 INFO Get User Success :globus_dis
2021-06-22 17:59:29.1723 INFO Get User Success :350-Globus Spirits Limited
2021-06-22 17:59:34.2780 INFO Get User Success :globus_dis
2021-06-22 18:00:01.7614 INFO Get User Success :351-Globus Spirits Limited, Bond Officer
2021-06-22 18:00:02.0094 INFO Get User Success :351-Globus Spirits Limited, Bond Officer
2021-06-22 18:00:02.2034 INFO Get User Success :globus_disbo
2021-06-22 18:00:06.1152 INFO Get User Success :351-Globus Spirits Limited, Bond Officer
2021-06-22 18:00:09.7349 INFO Get User Success :globus_disbo
2021-06-22 18:00:13.4577 INFO Get User Success :351-Globus Spirits Limited, Bond Officer
2021-06-22 18:00:13.6997 INFO Get User Success :351-Globus Spirits Limited, Bond Officer
2021-06-22 18:00:17.1095 INFO Get Product Master List Success
2021-06-22 18:00:22.7792 INFO Get User Success :351-Globus Spirits Limited, Bond Officer
2021-06-22 18:00:26.8359 INFO Get User Success :globus_disbo
2021-06-22 18:00:31.0317 INFO Get User Success :351-Globus Spirits Limited, Bond Officer
2021-06-22 18:00:31.2167 INFO Get User Success :351-Globus Spirits Limited, Bond Officer
2021-06-22 18:00:37.5573 INFO Get Product Master List Success
2021-06-22 18:04:28.0646 INFO Get User Success :351-Globus Spirits Limited, Bond Officer
2021-06-22 18:04:35.9321 INFO Get User Success :globus_disbo
2021-06-22 18:04:39.7698 INFO Get User Success :351-Globus Spirits Limited, Bond Officer
2021-06-22 18:04:39.9798 INFO Get User Success :351-Globus Spirits Limited, Bond Officer
2021-06-22 18:04:43.7276 INFO Get Product Master List Success
2021-06-22 18:04:44.2306 INFO Get User Success :350-Globus Spirits Limited
2021-06-22 18:04:44.2956 INFO Get Balance Request Pass Success
2021-06-22 18:04:45.7065 INFO Get User Success :350-Globus Spirits Limited
2021-06-22 18:04:45.7845 INFO Get Balance Request Pass Success
2021-06-22 18:04:48.8803 INFO Get User Success :globus_disbo
2021-06-22 18:04:58.7157 INFO Approve Request Pass Success
2021-06-22 18:04:58.9697 INFO Get User Success :351-Globus Spirits Limited, Bond Officer
2021-06-22 18:05:04.1074 INFO Get User Success :globus_disbo
