2021-04-09 09:52:05.5130 INFO Get User Success :337-Bihar Distillers & Bottlers Pvt. Ltd - Unit- 1
2021-04-09 09:52:08.6274 INFO Get User Success :337-Bihar Distillers & Bottlers Pvt. Ltd - Unit- 1
2021-04-09 09:52:08.8179 INFO Get User Success :bdbl_dis
2021-04-09 09:52:15.3368 INFO Get User Success :337-Bihar Distillers & Bottlers Pvt. Ltd - Unit- 1
2021-04-09 09:52:19.3394 INFO Get User Success :bdbl_dis
2021-04-09 09:52:31.7671 INFO Get User Success :337-Bihar Distillers & Bottlers Pvt. Ltd - Unit- 1
2021-04-09 09:52:44.2946 INFO Get RR List Success
2021-04-09 09:52:48.7472 INFO Get NOC Details Success
2021-04-09 09:52:52.1874 INFO Get NOC Details Success
2021-04-09 09:53:04.9875 INFO Get User Success :337-Bihar Distillers & Bottlers Pvt. Ltd - Unit- 1
2021-04-09 09:53:13.8229 INFO Get Balance Request Pass Success
2021-04-09 09:54:22.9054 INFO Get User Success :bdbl_dis
2021-04-09 09:55:04.6450 INFO Get User Success :337-Bihar Distillers & Bottlers Pvt. Ltd - Unit- 1
2021-04-09 09:55:08.4263 INFO Get User Success :bdbl_dis
2021-04-09 09:55:13.0365 INFO Get User Success :337-Bihar Distillers & Bottlers Pvt. Ltd - Unit- 1
2021-04-09 09:55:23.3464 INFO Get RR List Success
2021-04-09 09:55:26.7925 INFO Get NOC Details Success
2021-04-09 09:55:30.2922 INFO Get NOC Details Success
2021-04-09 09:55:31.0854 INFO Get User Success :337-Bihar Distillers & Bottlers Pvt. Ltd - Unit- 1
2021-04-09 09:55:52.1534 INFO Get Balance Request Pass Success
2021-04-09 09:56:17.4884 INFO Get User Success :bdbl_dis
2021-04-09 10:20:52.3782 INFO Get User Success :337-Bihar Distillers & Bottlers Pvt. Ltd - Unit- 1
2021-04-09 10:21:06.3303 INFO Get User Success :337-Bihar Distillers & Bottlers Pvt. Ltd - Unit- 1
2021-04-09 10:21:06.5338 INFO Get User Success :bdbl_dis
2021-04-09 10:22:38.2822 INFO Get User Success :337-Bihar Distillers & Bottlers Pvt. Ltd - Unit- 1
2021-04-09 10:22:41.8496 INFO Get User Success :bdbl_dis
2021-04-09 10:22:44.8943 INFO Get User Success :337-Bihar Distillers & Bottlers Pvt. Ltd - Unit- 1
2021-04-09 10:22:58.7245 INFO Get RR List Success
2021-04-09 10:23:08.8193 INFO Get User Success :bdbl_dis
2021-04-09 10:23:27.0411 INFO Get User Success :337-Bihar Distillers & Bottlers Pvt. Ltd - Unit- 1
2021-04-09 10:23:30.3119 INFO Get User Success :bdbl_dis
2021-04-09 10:24:06.6260 INFO Get User Success :339-Globus Spirits Limited
2021-04-09 10:24:06.7753 INFO Get User Success :339-Globus Spirits Limited
2021-04-09 10:24:06.8999 INFO Get User Success :globus_dis
2021-04-09 10:24:15.0032 INFO Get User Success :339-Globus Spirits Limited
2021-04-09 10:24:17.9219 INFO Get User Success :globus_dis
2021-04-09 10:24:23.8856 INFO Get User Success :339-Globus Spirits Limited
2021-04-09 10:24:35.8390 INFO Get RR List Success
2021-04-09 10:24:52.0304 INFO Get User Success :globus_dis
2021-04-09 10:24:58.7589 INFO Get NOC Details Success
2021-04-09 10:25:08.0379 INFO Get NOC Details Success
2021-04-09 10:25:08.7436 INFO Get User Success :339-Globus Spirits Limited
2021-04-09 10:25:17.9147 INFO Get Balance Request Pass Success
2021-04-09 10:31:31.7942 INFO Get User Success :339-Globus Spirits Limited
2021-04-09 10:31:35.1406 INFO Get User Success :globus_dis
2021-04-09 10:32:00.1167 INFO Get User Success :337-Bihar Distillers & Bottlers Pvt. Ltd - Unit- 1
2021-04-09 10:32:00.2543 INFO Get User Success :337-Bihar Distillers & Bottlers Pvt. Ltd - Unit- 1
2021-04-09 10:32:00.4282 INFO Get User Success :bdbl_dis
2021-04-09 10:32:05.6462 INFO Get User Success :337-Bihar Distillers & Bottlers Pvt. Ltd - Unit- 1
2021-04-09 10:32:08.8276 INFO Get User Success :bdbl_dis
2021-04-09 10:32:12.9883 INFO Get User Success :337-Bihar Distillers & Bottlers Pvt. Ltd - Unit- 1
2021-04-09 10:32:23.5153 INFO Get RR List Success
2021-04-09 10:32:30.9109 INFO Get NOC Details Success
2021-04-09 10:32:31.9777 INFO Get NOC Details Success
2021-04-09 10:32:32.2309 INFO Get User Success :337-Bihar Distillers & Bottlers Pvt. Ltd - Unit- 1
2021-04-09 10:32:32.8778 INFO Get Balance Request Pass Success
2021-04-09 10:32:33.7061 INFO Get User Success :bdbl_dis
2021-04-09 10:40:55.7669 INFO Get User Success :101-Commissioner
2021-04-09 10:41:06.4507 INFO Get User Success :101-Commissioner
2021-04-09 10:41:07.5762 INFO Get User Success :com
2021-04-09 10:41:18.9830 INFO Get User Success :101-Commissioner
2021-04-09 14:02:40.1838 INFO Get User Success :339-Globus Spirits Limited
2021-04-09 14:02:52.9040 INFO Get User Success :339-Globus Spirits Limited
2021-04-09 14:02:53.0620 INFO Get User Success :globus_dis
2021-04-09 14:03:06.0546 INFO Get User Success :339-Globus Spirits Limited
2021-04-09 14:03:08.9861 INFO Get User Success :globus_dis
2021-04-09 14:03:34.1818 INFO Get User Success :339-Globus Spirits Limited
2021-04-09 14:03:51.7149 INFO Get RR List Success
2021-04-09 14:04:04.9017 INFO Get User Success :globus_dis
2021-04-09 14:04:23.9739 INFO Get NOC Details Success
2021-04-09 14:04:27.8068 INFO Get NOC Details Success
2021-04-09 14:04:28.8014 INFO Get User Success :339-Globus Spirits Limited
2021-04-09 14:04:30.4806 INFO Get Balance Request Pass Success
2021-04-09 14:04:41.5165 INFO Get User Success :339-Globus Spirits Limited
2021-04-09 14:04:44.2899 INFO Get User Success :globus_dis
2021-04-09 14:04:51.3797 INFO Get User Success :101-Commissioner
2021-04-09 14:04:51.5872 INFO Get User Success :101-Commissioner
2021-04-09 14:04:52.3008 INFO Get User Success :com
2021-04-09 14:05:02.4865 INFO Get User Success :101-Commissioner
2021-04-09 14:05:09.0524 INFO Get User Success :100-Deputy Commissioner
2021-04-09 14:05:09.4862 INFO Get User Success :100-Deputy Commissioner
2021-04-09 14:05:10.2206 INFO Get User Success :hodyco
2021-04-09 14:05:15.9178 INFO Get User Success :100-Deputy Commissioner
2021-04-09 14:05:18.5442 INFO Get User Success :hodyco
2021-04-09 14:05:34.0102 INFO Get User Success :100-Deputy Commissioner
2021-04-09 14:05:54.6918 INFO Get RR List Success
2021-04-09 14:06:04.3294 INFO Get NOC Details Success
2021-04-09 14:06:09.8182 INFO Get NOC Details Success
2021-04-09 14:08:52.1618 INFO Get User Success :100-Deputy Commissioner
2021-04-09 14:36:39.7445 INFO Get RR List Success
2021-04-09 14:36:46.5137 INFO Get NOC Details Success
2021-04-09 14:37:16.7064 INFO Get NOC Details Success
2021-04-09 14:37:33.4681 INFO Get User Success :339-Globus Spirits Limited
2021-04-09 14:37:35.1822 INFO Get Balance Request Pass Success
2021-04-09 14:37:36.7244 INFO Get User Success :hodyco
2021-04-09 14:39:16.8489 INFO Get User Success :100-Deputy Commissioner
2021-04-09 14:39:19.7936 INFO Get User Success :hodyco
2021-04-09 14:39:46.0265 INFO Get User Success :100-Deputy Commissioner
2021-04-09 14:40:13.9868 INFO Get RR List Success
2021-04-09 14:41:10.0704 INFO Get NOC Details Success
2021-04-09 14:42:54.7785 INFO Get NOC Details Success
2021-04-09 14:43:12.4321 INFO Get User Success :339-Globus Spirits Limited
2021-04-09 14:43:45.2400 INFO Get Balance Request Pass Success
2021-04-09 14:45:11.9390 INFO Get User Success :hodyco
2021-04-09 14:45:51.7775 INFO Get User Success :339-Globus Spirits Limited
2021-04-09 14:45:51.9126 INFO Get User Success :339-Globus Spirits Limited
2021-04-09 14:45:52.1311 INFO Get User Success :globus_dis
2021-04-09 14:45:58.2246 INFO Get User Success :339-Globus Spirits Limited
2021-04-09 14:46:01.5575 INFO Get User Success :globus_dis
2021-04-09 14:46:05.1535 INFO Get User Success :339-Globus Spirits Limited
2021-04-09 14:46:20.3704 INFO Get RR List Success
2021-04-09 14:46:42.9219 INFO Get User Success :globus_dis
2021-04-09 14:46:52.1332 INFO Get NOC Details Success
2021-04-09 14:47:54.8505 INFO Get NOC Details Success
2021-04-09 14:48:12.2174 INFO Get User Success :339-Globus Spirits Limited
2021-04-09 14:50:27.8573 INFO Get RR List Success
2021-04-09 14:50:31.7698 INFO Get User Success :globus_dis
2021-04-09 14:50:41.7592 INFO Get NOC Details Success
2021-04-09 14:50:56.5531 INFO Get NOC Details Success
2021-04-09 14:50:57.4041 INFO Get User Success :339-Globus Spirits Limited
2021-04-09 14:50:59.5951 INFO Get Balance Request Pass Success
2021-04-09 14:51:08.7476 INFO Get NOC Details Success
2021-04-09 14:51:12.8764 INFO Get NOC Details Success
2021-04-09 14:51:14.0104 INFO Get User Success :339-Globus Spirits Limited
2021-04-09 14:51:16.1590 INFO Get Balance Request Pass Success
2021-04-09 14:51:32.2485 INFO Get User Success :339-Globus Spirits Limited
2021-04-09 14:51:35.0921 INFO Get User Success :globus_dis
2021-04-09 14:51:56.7497 INFO Get User Success :339-Globus Spirits Limited
2021-04-09 14:52:20.4522 INFO Get RR List Success
2021-04-09 14:52:20.6445 INFO Get User Success :globus_dis
2021-04-09 14:52:49.5528 INFO Get User Success :339-Globus Spirits Limited
2021-04-09 14:52:52.2238 INFO Get User Success :globus_dis
2021-04-09 14:53:25.8399 INFO Get User Success :339-Globus Spirits Limited
2021-04-09 14:53:42.3567 INFO Get RR List Success
2021-04-09 14:53:45.7583 INFO Get NOC Details Success
2021-04-09 14:53:48.2490 INFO Get NOC Details Success
2021-04-09 14:53:48.9252 INFO Get User Success :339-Globus Spirits Limited
2021-04-09 14:53:51.0811 INFO Get Balance Request Pass Success
2021-04-09 14:53:52.6190 INFO Get User Success :globus_dis
2021-04-09 14:54:08.1181 INFO Get User Success :339-Globus Spirits Limited
2021-04-09 14:54:11.3033 INFO Get User Success :globus_dis
2021-04-09 14:54:34.1070 INFO Get User Success :339-Globus Spirits Limited
2021-04-09 14:55:03.2104 INFO Get RR List Success
2021-04-09 14:58:23.0233 INFO Get RR List Success
2021-04-09 15:00:14.2889 INFO Get User Success :globus_dis
2021-04-09 15:00:52.5195 INFO Get NOC Details Success
2021-04-09 15:00:56.0513 INFO Get NOC Details Success
2021-04-09 15:00:57.0586 INFO Get User Success :339-Globus Spirits Limited
2021-04-09 15:00:58.9906 INFO Get Balance Request Pass Success
2021-04-09 15:17:34.5109 INFO Get User Success :339-Globus Spirits Limited
2021-04-09 15:17:34.7075 INFO Get User Success :339-Globus Spirits Limited
2021-04-09 15:17:34.8502 INFO Get User Success :globus_dis
2021-04-09 15:17:42.9019 INFO Get User Success :339-Globus Spirits Limited
2021-04-09 15:17:47.1853 INFO Get User Success :globus_dis
2021-04-09 15:17:50.3456 INFO Get User Success :339-Globus Spirits Limited
2021-04-09 15:18:04.6843 INFO Get RR List Success
2021-04-09 15:18:38.1484 INFO Get User Success :globus_dis
2021-04-09 15:18:49.6150 INFO Get User Success :339-Globus Spirits Limited
2021-04-09 15:18:52.1411 INFO Get User Success :globus_dis
2021-04-09 15:19:04.9568 INFO Get User Success :339-Globus Spirits Limited
2021-04-09 15:19:16.5944 INFO Get RR List Success
2021-04-09 15:19:47.2662 INFO Get User Success :globus_dis
2021-04-09 15:55:47.1272 INFO Get User Success :339-Globus Spirits Limited
2021-04-09 15:55:47.3615 INFO Get User Success :339-Globus Spirits Limited
2021-04-09 15:55:47.5333 INFO Get User Success :globus_dis
2021-04-09 15:55:52.4297 INFO Get User Success :339-Globus Spirits Limited
2021-04-09 15:55:52.5763 INFO Get Report  Success
2021-04-09 15:55:52.7458 INFO Get Party Master List Success
2021-04-09 15:55:52.8886 INFO Get User Success :globus_dis
2021-04-09 15:56:14.6851 INFO Get GetSeverList Success
2021-04-09 15:59:19.8568 INFO Get GetSeverList Fail :Exception while writing to stream
2021-04-09 16:01:06.6404 INFO Get GetSeverList Fail :Exception while writing to stream
2021-04-09 16:01:48.9518 INFO Get GetSeverList Success
2021-04-09 16:05:27.0458 INFO Get GetSeverList Fail :Exception while writing to stream
2021-04-09 16:06:19.8764 INFO Get GetSeverList Success
2021-04-09 16:26:08.9085 INFO Get GetSeverList Success
