2021-03-22 11:27:30.8041 INFO Get User Success :101-Commissioner
2021-03-22 11:27:30.8856 INFO Get User Success :101-Commissioner
2021-03-22 11:27:31.4504 INFO Get User Success :com
2021-03-22 11:27:51.5838 INFO Get User Success :com
2021-03-22 11:29:19.0473 INFO Get User Success :101-Commissioner
2021-03-22 11:29:22.5413 INFO Get User Success :101-Commissioner
2021-03-22 11:29:22.5672 INFO Get User Success :101-Commissioner
2021-03-22 11:29:23.0655 INFO Get User Success :com
2021-03-22 11:30:03.8629 INFO Get User Success :com
2021-03-22 11:32:10.1667 INFO Get User Success :com
2021-03-22 11:47:21.5699 INFO Get User Success :144-Police Banka
2021-03-22 11:47:21.6021 INFO Get User Success :police_Banka
2021-03-22 11:47:29.3074 INFO Get User Success :police_Banka
2021-03-22 11:53:33.6788 INFO Get User Success :98-Harinagar Sugar Mills Limited(Distillery Division)
2021-03-22 11:53:48.6440 INFO Get User Success :98-Harinagar Sugar Mills Limited(Distillery Division)
2021-03-22 11:53:48.7758 INFO Get User Success :harinagar_dis
2021-03-22 11:54:03.2986 INFO Get User Success :98-Harinagar Sugar Mills Limited(Distillery Division)
2021-03-22 11:54:03.3379 INFO Get User Success :harinagar_dis
2021-03-22 11:54:08.0173 INFO Get User Success :98-Harinagar Sugar Mills Limited(Distillery Division)
2021-03-22 11:54:08.0666 INFO Get Pass List Success
2021-03-22 11:54:08.0826 INFO Get User Success :harinagar_dis
2021-03-22 11:54:11.9967 INFO Get Pass List Success
2021-03-22 11:54:14.5951 INFO Get Report  Success
2021-03-22 11:54:14.7611 INFO Get GetSeverList Success
2021-03-22 12:25:33.9173 INFO Get User Success :98-Harinagar Sugar Mills Limited(Distillery Division)
2021-03-22 12:25:33.9462 INFO Get User Success :harinagar_dis
2021-03-22 12:25:51.0152 INFO Get User Success :98-Harinagar Sugar Mills Limited(Distillery Division)
2021-03-22 12:26:11.2561 INFO Get User Success :harinagar_dis
2021-03-22 12:26:17.8199 INFO Get User Success :339-Bihar Distillers & Bottlers Pvt. Ltd - Unit- 1
2021-03-22 12:26:17.8499 INFO Get User Success :339-Bihar Distillers & Bottlers Pvt. Ltd - Unit- 1
2021-03-22 12:26:17.8819 INFO Get User Success :bdbl_dis
2021-03-22 12:26:23.0402 INFO Get User Success :339-Bihar Distillers & Bottlers Pvt. Ltd - Unit- 1
2021-03-22 12:26:25.3231 INFO Get User Success :bdbl_dis
2021-03-22 12:26:30.9296 INFO Get User Success :339-Bihar Distillers & Bottlers Pvt. Ltd - Unit- 1
2021-03-22 12:26:32.6268 INFO Get Pass List Success
2021-03-22 12:26:33.0648 INFO Get User Success :bdbl_dis
2021-03-22 12:26:35.6452 INFO Get Report  Success
2021-03-22 12:26:35.7649 INFO Get GetSeverList Success
2021-03-22 12:27:45.5363 INFO Get User Success :339-Bihar Distillers & Bottlers Pvt. Ltd - Unit- 1
2021-03-22 12:27:48.3744 INFO Get User Success :bdbl_dis
2021-03-22 12:45:28.4968 INFO Get User Success :339-Bihar Distillers & Bottlers Pvt. Ltd - Unit- 1
2021-03-22 12:45:28.7616 INFO Get RR List Success
2021-03-22 12:45:28.7845 INFO Get User Success :bdbl_dis
2021-03-22 12:46:16.1200 INFO Get Report  Success
2021-03-22 12:46:16.2686 INFO Get GetSeverList Success
2021-03-22 12:47:36.5114 INFO Get Report  Success
2021-03-22 12:47:44.2959 INFO Get GetSeverList Success
2021-03-22 12:50:51.6613 INFO Get Report  Success
2021-03-22 12:55:57.6288 INFO Get User Success :339-Bihar Distillers & Bottlers Pvt. Ltd - Unit- 1
2021-03-22 12:55:57.7056 INFO Get User Success :339-Bihar Distillers & Bottlers Pvt. Ltd - Unit- 1
2021-03-22 12:55:57.7745 INFO Get User Success :bdbl_dis
2021-03-22 12:56:03.9657 INFO Get User Success :339-Bihar Distillers & Bottlers Pvt. Ltd - Unit- 1
2021-03-22 12:56:07.0433 INFO Get User Success :bdbl_dis
2021-03-22 12:56:09.6110 INFO Get User Success :339-Bihar Distillers & Bottlers Pvt. Ltd - Unit- 1
2021-03-22 12:56:11.0119 INFO Get Pass List Success
2021-03-22 12:56:11.6396 INFO Get User Success :bdbl_dis
2021-03-22 12:56:15.5982 INFO Get Report  Success
2021-03-22 12:56:15.7407 INFO Get GetSeverList Success
2021-03-22 12:58:18.4978 INFO Get User Success :339-Bihar Distillers & Bottlers Pvt. Ltd - Unit- 1
2021-03-22 12:58:18.7882 INFO Get RR List Success
2021-03-22 12:58:18.8071 INFO Get User Success :bdbl_dis
2021-03-22 12:58:23.7973 INFO Get Report  Success
2021-03-22 12:58:36.9650 INFO Get GetSeverList Success
2021-03-22 12:59:31.5040 INFO Get Report  Success
2021-03-22 13:11:42.2397 INFO Get User Success :339-Bihar Distillers & Bottlers Pvt. Ltd - Unit- 1
2021-03-22 13:11:42.3225 INFO Get User Success :339-Bihar Distillers & Bottlers Pvt. Ltd - Unit- 1
2021-03-22 13:11:42.3793 INFO Get User Success :bdbl_dis
2021-03-22 13:11:51.8195 INFO Get User Success :339-Bihar Distillers & Bottlers Pvt. Ltd - Unit- 1
2021-03-22 13:11:52.5651 INFO Get RR List Success
2021-03-22 13:11:52.6090 INFO Get User Success :bdbl_dis
2021-03-22 13:11:56.0913 INFO Get Report  Success
2021-03-22 13:12:00.1399 INFO Get GetSeverList Success
2021-03-22 13:12:26.8293 INFO Get Report  Success
2021-03-22 13:12:29.0878 INFO Get GetSeverList Success
2021-03-22 16:10:30.7426 INFO Get User Success :339-Bihar Distillers & Bottlers Pvt. Ltd - Unit- 1
2021-03-22 16:10:30.8243 INFO Get User Success :339-Bihar Distillers & Bottlers Pvt. Ltd - Unit- 1
2021-03-22 16:10:30.8679 INFO Get User Success :bdbl_dis
2021-03-22 16:43:21.3603 INFO Get User Success :339-Bihar Distillers & Bottlers Pvt. Ltd - Unit- 1
2021-03-22 16:43:21.4389 INFO Get User Success :339-Bihar Distillers & Bottlers Pvt. Ltd - Unit- 1
2021-03-22 16:43:21.4722 INFO Get User Success :bdbl_dis
2021-03-22 16:43:47.0925 INFO Get User Success :339-Bihar Distillers & Bottlers Pvt. Ltd - Unit- 1
2021-03-22 16:43:52.3204 INFO Get User Success :bdbl_dis
2021-03-22 16:43:56.4359 INFO Get User Success :339-Bihar Distillers & Bottlers Pvt. Ltd - Unit- 1
2021-03-22 16:43:57.7012 INFO Get Pass List Success
2021-03-22 16:43:58.1664 INFO Get User Success :bdbl_dis
2021-03-22 16:44:12.2026 INFO Get Report  Success
2021-03-22 16:44:12.3725 INFO Get GetSeverList Success
