2021-08-12 12:47:46.6574 INFO Get User Success :112-Riga Sugar Company Ltd
2021-08-12 12:47:55.9308 INFO Get User Success :112-Riga Sugar Company Ltd
2021-08-12 12:48:38.3162 INFO Get Product Type Master List Success
2021-08-12 12:48:38.5522 INFO Get User Success :riga_sgr
2021-08-12 12:48:54.3443 INFO Get User Success :112-Riga Sugar Company Ltd
2021-08-12 12:48:54.6162 INFO Get Product Type Master List Success
2021-08-12 12:48:54.6792 INFO Get User Success :riga_sgr
2021-08-12 12:49:06.1575 INFO Get User Success :112-Riga Sugar Company Ltd
2021-08-12 12:49:06.2355 INFO Get Dispach Master List Success
2021-08-12 12:49:06.3915 INFO Get VAT Master List Success
2021-08-12 12:49:06.4285 INFO Get Product Type Master List Success
2021-08-12 12:49:06.5235 INFO Get User Success :riga_sgr
2021-08-12 12:51:23.6432 INFO Get User Success :112-Riga Sugar Company Ltd
2021-08-12 12:51:23.6912 INFO Get Dispach Master List Success
2021-08-12 12:51:48.6727 INFO Get VAT Master List Success
2021-08-12 13:13:42.9969 INFO Get Product Type Master List Success
2021-08-12 13:13:43.1129 INFO Get User Success :riga_sgr
2021-08-12 14:56:26.2400 INFO Get User Success :108-New Swadeshi Distillery Unit
2021-08-12 14:56:26.8689 INFO Get User Success :108-New Swadeshi Distillery Unit
2021-08-12 14:56:33.0416 INFO Get Product Type Master List Success
2021-08-12 14:56:33.4615 INFO Get User Success :newswadeshi_dis
2021-08-12 14:56:53.1974 INFO Get User Success :108-New Swadeshi Distillery Unit
2021-08-12 14:57:00.9209 INFO Get Product Type Master List Success
2021-08-12 14:57:01.0269 INFO Get User Success :newswadeshi_dis
2021-08-12 14:57:16.5680 INFO Get User Success :108-New Swadeshi Distillery Unit
2021-08-12 14:57:16.6580 INFO Get Product Type Master List Success
2021-08-12 14:57:16.7650 INFO Get User Success :newswadeshi_dis
2021-08-12 14:57:33.8960 INFO Get User Success :108-New Swadeshi Distillery Unit
2021-08-12 14:57:34.5739 INFO Get Product Type Master List Success
2021-08-12 14:57:34.8099 INFO Get User Success :newswadeshi_dis
2021-08-12 14:57:38.3967 INFO Get User Success :108-New Swadeshi Distillery Unit
2021-08-12 14:57:38.5436 INFO Get VAT Master List Success
2021-08-12 14:57:40.2775 INFO Get Product Type Master List Success
2021-08-12 14:57:40.5446 INFO Get User Success :newswadeshi_dis
2021-08-12 14:57:46.3322 INFO Get User Success :108-New Swadeshi Distillery Unit
2021-08-12 14:57:57.7965 INFO Get User Success :108-New Swadeshi Distillery Unit
2021-08-12 14:57:58.4724 INFO Get Product Type Master List Success
2021-08-12 14:57:58.6444 INFO Get User Success :newswadeshi_dis
2021-08-12 14:58:19.2642 INFO Get User Success :108-New Swadeshi Distillery Unit
2021-08-12 14:58:19.3172 INFO Get VAT Master List Success
2021-08-12 14:58:19.9152 INFO Get Product Type Master List Success
2021-08-12 14:58:20.0072 INFO Get User Success :newswadeshi_dis
2021-08-12 14:58:24.3009 INFO Get User Success :108-New Swadeshi Distillery Unit
2021-08-12 14:58:26.1788 INFO Get User Success :108-New Swadeshi Distillery Unit
2021-08-12 14:58:26.8897 INFO Get Product Type Master List Success
2021-08-12 14:58:26.9657 INFO Get User Success :newswadeshi_dis
2021-08-12 14:58:30.0376 INFO Get User Success :108-New Swadeshi Distillery Unit
2021-08-12 14:58:30.0936 INFO Get VAT Master List Success
2021-08-12 14:58:30.5685 INFO Get Product Type Master List Success
2021-08-12 14:58:30.6395 INFO Get User Success :newswadeshi_dis
2021-08-12 14:59:03.5236 INFO Get User Success :108-New Swadeshi Distillery Unit
2021-08-12 14:59:14.7819 INFO Get User Success :108-New Swadeshi Distillery Unit
2021-08-12 15:11:50.5136 INFO Get User Success :108-New Swadeshi Distillery Unit
2021-08-12 15:11:50.8706 INFO Get Product Type Master List Success
2021-08-12 15:11:51.0536 INFO Get User Success :newswadeshi_dis
2021-08-12 15:12:34.6819 INFO Get User Success :108-New Swadeshi Distillery Unit
2021-08-12 15:12:34.7759 INFO Get Product Type Master List Success
2021-08-12 15:12:34.8799 INFO Get User Success :newswadeshi_dis
2021-08-12 15:12:37.2608 INFO Get User Success :108-New Swadeshi Distillery Unit
2021-08-12 15:12:37.7548 INFO Get Product Type Master List Success
2021-08-12 15:12:37.8527 INFO Get User Success :newswadeshi_dis
2021-08-12 15:12:41.2355 INFO Get User Success :108-New Swadeshi Distillery Unit
2021-08-12 15:12:41.3286 INFO Get VAT Master List Success
2021-08-12 15:12:42.2815 INFO Get Product Type Master List Success
2021-08-12 15:12:42.3685 INFO Get User Success :newswadeshi_dis
2021-08-12 15:12:51.0640 INFO Get User Success :108-New Swadeshi Distillery Unit
2021-08-12 15:12:51.4900 INFO Get Product Type Master List Success
2021-08-12 15:12:51.5919 INFO Get User Success :newswadeshi_dis
2021-08-12 15:12:59.0275 INFO Get User Success :108-New Swadeshi Distillery Unit
2021-08-12 15:12:59.0945 INFO Get VAT Master List Success
2021-08-12 15:12:59.6414 INFO Get Product Type Master List Success
2021-08-12 15:12:59.7265 INFO Get User Success :newswadeshi_dis
2021-08-12 15:13:04.5152 INFO Get User Success :108-New Swadeshi Distillery Unit
2021-08-12 15:13:08.8819 INFO Get User Success :108-New Swadeshi Distillery Unit
2021-08-12 15:14:35.7377 INFO Get User Success :108-New Swadeshi Distillery Unit
2021-08-12 15:14:36.0777 INFO Get Product Type Master List Success
2021-08-12 15:14:36.1757 INFO Get User Success :newswadeshi_dis
2021-08-12 15:25:40.6329 INFO Get User Success :108-New Swadeshi Distillery Unit
2021-08-12 15:25:41.1408 INFO Get User Success :108-New Swadeshi Distillery Unit
2021-08-12 15:25:44.6446 INFO Get Product Type Master List Success
2021-08-12 15:25:44.8266 INFO Get User Success :newswadeshi_dis
2021-08-12 15:25:52.7911 INFO Get User Success :108-New Swadeshi Distillery Unit
2021-08-12 15:25:58.2248 INFO Get Product Type Master List Success
2021-08-12 15:25:58.4758 INFO Get User Success :newswadeshi_dis
2021-08-12 15:26:17.9796 INFO Get User Success :108-New Swadeshi Distillery Unit
2021-08-12 15:26:18.0826 INFO Get Product Type Master List Success
2021-08-12 15:26:18.1576 INFO Get User Success :newswadeshi_dis
2021-08-12 15:26:25.2352 INFO Get User Success :108-New Swadeshi Distillery Unit
2021-08-12 15:26:27.1820 INFO Get Product Type Master List Success
2021-08-12 15:26:27.3231 INFO Get User Success :newswadeshi_dis
2021-08-12 15:27:59.1845 INFO Get User Success :108-New Swadeshi Distillery Unit
2021-08-12 15:27:59.2685 INFO Get VAT Master List Success
2021-08-12 15:27:59.6595 INFO Get Product Type Master List Success
2021-08-12 15:27:59.7255 INFO Get User Success :newswadeshi_dis
2021-08-12 15:33:54.9992 INFO Get User Success :108-New Swadeshi Distillery Unit
2021-08-12 15:33:55.2042 INFO Get User Success :108-New Swadeshi Distillery Unit
2021-08-12 15:33:58.3420 INFO Get Product Type Master List Success
2021-08-12 15:33:58.4600 INFO Get User Success :newswadeshi_dis
2021-08-12 15:34:07.1045 INFO Get User Success :108-New Swadeshi Distillery Unit
2021-08-12 15:34:10.9273 INFO Get Product Type Master List Success
2021-08-12 15:34:11.0143 INFO Get User Success :newswadeshi_dis
2021-08-12 15:34:16.5099 INFO Get User Success :108-New Swadeshi Distillery Unit
2021-08-12 15:34:16.5729 INFO Get Product Type Master List Success
2021-08-12 15:34:16.6329 INFO Get User Success :newswadeshi_dis
2021-08-12 15:34:18.8208 INFO Get User Success :108-New Swadeshi Distillery Unit
2021-08-12 15:34:19.0618 INFO Get Product Type Master List Success
2021-08-12 15:34:19.1278 INFO Get User Success :newswadeshi_dis
2021-08-12 16:15:27.8818 INFO Get User Success :108-New Swadeshi Distillery Unit
2021-08-12 16:15:28.2868 INFO Get User Success :108-New Swadeshi Distillery Unit
2021-08-12 16:15:32.5135 INFO Get Product Type Master List Success
2021-08-12 16:15:32.6475 INFO Get User Success :newswadeshi_dis
2021-08-12 16:15:39.6581 INFO Get User Success :108-New Swadeshi Distillery Unit
2021-08-12 16:15:44.9828 INFO Get Product Type Master List Success
2021-08-12 16:15:45.0758 INFO Get User Success :newswadeshi_dis
2021-08-12 16:15:47.5316 INFO Get User Success :108-New Swadeshi Distillery Unit
2021-08-12 16:15:47.7196 INFO Get Product Type Master List Success
2021-08-12 16:15:47.8096 INFO Get User Success :newswadeshi_dis
2021-08-12 16:15:51.0654 INFO Get User Success :108-New Swadeshi Distillery Unit
2021-08-12 16:15:51.2874 INFO Get Product Type Master List Success
2021-08-12 16:15:51.3734 INFO Get User Success :newswadeshi_dis
2021-08-12 16:16:00.5919 INFO Get User Success :108-New Swadeshi Distillery Unit
2021-08-12 16:16:01.0098 INFO Get Product Type Master List Success
2021-08-12 16:16:01.1798 INFO Get User Success :newswadeshi_dis
2021-08-12 16:16:03.4247 INFO Get User Success :108-New Swadeshi Distillery Unit
2021-08-12 16:16:03.9437 INFO Get Pass List Success
2021-08-12 16:16:06.4495 INFO Get Product Type Master List Success
2021-08-12 16:16:06.5805 INFO Get User Success :newswadeshi_dis
2021-08-12 16:16:11.6082 INFO Get Pass List Success
2021-08-12 16:16:29.9231 INFO Get User Success :108-New Swadeshi Distillery Unit
2021-08-12 16:16:29.9821 INFO Get Dispach Master List Success
2021-08-12 16:16:30.1381 INFO Get VAT Master List Success
2021-08-12 16:16:30.1991 INFO Get Pass List Success
2021-08-12 16:16:32.1630 INFO Get Product Type Master List Success
2021-08-12 16:16:32.2580 INFO Get User Success :newswadeshi_dis
2021-08-12 16:16:37.4687 INFO Get User Success :108-New Swadeshi Distillery Unit
2021-08-12 16:16:37.9206 INFO Get Pass List Success
2021-08-12 16:16:40.4685 INFO Get Product Type Master List Success
2021-08-12 16:16:40.7584 INFO Get User Success :newswadeshi_dis
2021-08-12 16:16:48.8730 INFO Get Pass List Success
2021-08-12 16:17:00.4103 INFO Get User Success :108-New Swadeshi Distillery Unit
2021-08-12 16:17:00.4573 INFO Get Dispach Master List Success
2021-08-12 16:17:00.5633 INFO Get VAT Master List Success
2021-08-12 16:17:00.6093 INFO Get Pass List Success
2021-08-12 16:17:03.7241 INFO Get Product Type Master List Success
2021-08-12 16:17:04.8680 INFO Get User Success :newswadeshi_dis
2021-08-12 16:17:09.7487 INFO Get User Success :108-New Swadeshi Distillery Unit
2021-08-12 16:17:10.3727 INFO Get Pass List Success
2021-08-12 16:17:13.0755 INFO Get Product Type Master List Success
2021-08-12 16:17:13.1685 INFO Get User Success :newswadeshi_dis
2021-08-12 16:17:44.2927 INFO Get Pass List Success
2021-08-12 16:18:01.3856 INFO Get User Success :108-New Swadeshi Distillery Unit
2021-08-12 16:18:01.4266 INFO Get Dispach Master List Success
2021-08-12 16:18:01.5986 INFO Get VAT Master List Success
2021-08-12 16:18:01.6406 INFO Get Pass List Success
2021-08-12 16:18:04.2654 INFO Get Product Type Master List Success
2021-08-12 16:18:04.3674 INFO Get User Success :newswadeshi_dis
2021-08-12 16:18:29.1809 INFO Pass Insertion Sucess:0-NSD
2021-08-12 16:18:29.2699 INFO Get User Success :108-New Swadeshi Distillery Unit
2021-08-12 16:18:30.5249 INFO Get Pass List Success
2021-08-12 16:18:33.7557 INFO Get Product Type Master List Success
2021-08-12 16:18:34.3796 INFO Get User Success :newswadeshi_dis
2021-08-12 16:18:39.4273 INFO Get Pass List Success
2021-08-12 16:18:57.1293 INFO Get User Success :108-New Swadeshi Distillery Unit
2021-08-12 16:18:57.5573 INFO Get Dispach Master List Success
2021-08-12 16:18:57.6742 INFO Get VAT Master List Success
2021-08-12 16:18:57.7212 INFO Get Pass List Success
2021-08-12 16:18:59.3242 INFO Get Product Type Master List Success
2021-08-12 16:18:59.4321 INFO Get User Success :newswadeshi_dis
2021-08-12 16:19:24.1497 INFO Get User Success :128-New Swadeshi Distillery Unit , Bond Officer
2021-08-12 16:19:24.3466 INFO Get User Success :128-New Swadeshi Distillery Unit , Bond Officer
2021-08-12 16:19:27.5625 INFO Get Product Type Master List Success
2021-08-12 16:19:27.6674 INFO Get User Success :newswadeshi_disbo
2021-08-12 16:19:32.9281 INFO Get User Success :128-New Swadeshi Distillery Unit , Bond Officer
2021-08-12 16:19:33.1191 INFO Get User Success :128-New Swadeshi Distillery Unit , Bond Officer
2021-08-12 16:19:34.1851 INFO Get Pass List Success
2021-08-12 16:19:36.3439 INFO Get Product Type Master List Success
2021-08-12 16:19:36.4439 INFO Get User Success :newswadeshi_disbo
2021-08-12 16:19:49.4531 INFO Get Pass List Success
2021-08-12 16:20:36.9683 INFO Get User Success :128-New Swadeshi Distillery Unit , Bond Officer
2021-08-12 16:20:37.0143 INFO Get Dispach Master List Success
2021-08-12 16:20:37.1193 INFO Get VAT Master List Success
2021-08-12 16:20:37.1563 INFO Get Pass List Success
2021-08-12 16:20:39.1782 INFO Get Product Type Master List Success
2021-08-12 16:20:39.2852 INFO Get User Success :newswadeshi_disbo
2021-08-12 16:21:00.8159 INFO Get User Success :108-New Swadeshi Distillery Unit
2021-08-12 16:21:01.0179 INFO Get User Success :108-New Swadeshi Distillery Unit
2021-08-12 16:21:03.2657 INFO Get Product Type Master List Success
2021-08-12 16:21:03.3797 INFO Get User Success :newswadeshi_dis
2021-08-12 16:21:07.5625 INFO Get User Success :108-New Swadeshi Distillery Unit
2021-08-12 16:21:10.9163 INFO Get Product Type Master List Success
2021-08-12 16:21:11.0253 INFO Get User Success :newswadeshi_dis
2021-08-12 16:21:20.9067 INFO Get User Success :108-New Swadeshi Distillery Unit
2021-08-12 16:21:21.1046 INFO Get Product Type Master List Success
2021-08-12 16:21:21.2787 INFO Get User Success :newswadeshi_dis
2021-08-12 16:21:23.4355 INFO Get User Success :108-New Swadeshi Distillery Unit
2021-08-12 16:21:23.8455 INFO Get Pass List Success
2021-08-12 16:21:26.1413 INFO Get Product Type Master List Success
2021-08-12 16:21:26.2644 INFO Get User Success :newswadeshi_dis
2021-08-12 16:21:34.6458 INFO Get Pass List Success
2021-08-12 16:21:43.9523 INFO Get User Success :108-New Swadeshi Distillery Unit
2021-08-12 16:21:46.1991 INFO Get Dispach Master List Success
2021-08-12 16:21:46.3331 INFO Get VAT Master List Success
2021-08-12 16:21:46.3791 INFO Get Pass List Success
2021-08-12 16:21:50.0849 INFO Get Product Type Master List Success
2021-08-12 16:21:50.2069 INFO Get User Success :newswadeshi_dis
2021-08-12 16:22:01.5532 INFO Pass Insertion Sucess:0-NSD
2021-08-12 16:22:01.6662 INFO Get User Success :108-New Swadeshi Distillery Unit
2021-08-12 16:22:02.0202 INFO Get Pass List Success
2021-08-12 16:22:03.4271 INFO Get Product Type Master List Success
2021-08-12 16:22:03.5181 INFO Get User Success :newswadeshi_dis
2021-08-12 16:22:17.0243 INFO Get User Success :128-New Swadeshi Distillery Unit , Bond Officer
2021-08-12 16:22:17.2713 INFO Get User Success :128-New Swadeshi Distillery Unit , Bond Officer
2021-08-12 16:22:19.1432 INFO Get Product Type Master List Success
2021-08-12 16:22:19.2482 INFO Get User Success :newswadeshi_disbo
2021-08-12 16:22:26.0338 INFO Get User Success :128-New Swadeshi Distillery Unit , Bond Officer
2021-08-12 16:22:26.1837 INFO Get User Success :128-New Swadeshi Distillery Unit , Bond Officer
2021-08-12 16:22:26.6697 INFO Get Pass List Success
2021-08-12 16:23:26.7391 INFO Get Product Type Master List Success
2021-08-12 16:23:26.8281 INFO Get User Success :newswadeshi_disbo
2021-08-12 16:23:31.8288 INFO Get Pass List Success
2021-08-12 16:23:50.1248 INFO Get User Success :128-New Swadeshi Distillery Unit , Bond Officer
2021-08-12 16:23:50.2787 INFO Get Dispach Master List Success
2021-08-12 16:23:50.5017 INFO Get VAT Master List Success
2021-08-12 16:23:50.5457 INFO Get Pass List Success
2021-08-12 16:23:53.7225 INFO Get Product Type Master List Success
2021-08-12 16:23:53.8415 INFO Get User Success :newswadeshi_disbo
2021-08-12 16:24:04.7568 INFO Get User Success :128-New Swadeshi Distillery Unit , Bond Officer
2021-08-12 16:24:12.8314 INFO Get Product Type Master List Success
2021-08-12 16:24:12.9773 INFO Get User Success :newswadeshi_disbo
2021-08-12 16:24:16.3791 INFO Get User Success :128-New Swadeshi Distillery Unit , Bond Officer
2021-08-12 16:24:16.7171 INFO Get Product Type Master List Success
2021-08-12 16:24:17.0381 INFO Get User Success :newswadeshi_disbo
2021-08-12 16:24:28.5514 INFO Get User Success :108-New Swadeshi Distillery Unit
2021-08-12 16:24:28.7784 INFO Get User Success :108-New Swadeshi Distillery Unit
2021-08-12 16:24:30.4653 INFO Get Product Type Master List Success
2021-08-12 16:24:30.6443 INFO Get User Success :newswadeshi_dis
2021-08-12 16:24:34.5331 INFO Get User Success :108-New Swadeshi Distillery Unit
2021-08-12 16:24:37.5739 INFO Get Product Type Master List Success
2021-08-12 16:24:37.6809 INFO Get User Success :newswadeshi_dis
2021-08-12 16:24:40.6367 INFO Get User Success :108-New Swadeshi Distillery Unit
2021-08-12 16:24:40.7447 INFO Get Product Type Master List Success
2021-08-12 16:24:40.8587 INFO Get User Success :newswadeshi_dis
2021-08-12 16:24:43.8715 INFO Get User Success :108-New Swadeshi Distillery Unit
2021-08-12 16:24:52.7920 INFO Get Product Type Master List Success
2021-08-12 16:24:52.9230 INFO Get User Success :newswadeshi_dis
2021-08-12 16:32:38.2661 INFO Get User Success :128-New Swadeshi Distillery Unit , Bond Officer
2021-08-12 16:32:38.5060 INFO Get User Success :128-New Swadeshi Distillery Unit , Bond Officer
2021-08-12 16:32:41.3929 INFO Get Product Type Master List Success
2021-08-12 16:32:41.4789 INFO Get User Success :newswadeshi_disbo
2021-08-12 16:32:46.0376 INFO Get User Success :128-New Swadeshi Distillery Unit , Bond Officer
2021-08-12 16:32:46.2526 INFO Get User Success :128-New Swadeshi Distillery Unit , Bond Officer
2021-08-12 16:32:48.0665 INFO Get Pass List Success
2021-08-12 16:32:57.2830 INFO Get Product Type Master List Success
2021-08-12 16:32:57.3839 INFO Get User Success :newswadeshi_disbo
2021-08-12 16:33:02.9256 INFO Get Pass List Success
2021-08-12 16:33:22.6404 INFO Get User Success :128-New Swadeshi Distillery Unit , Bond Officer
2021-08-12 16:33:22.6894 INFO Get Dispach Master List Success
2021-08-12 16:33:22.8054 INFO Get VAT Master List Success
2021-08-12 16:33:22.8504 INFO Get Pass List Success
2021-08-12 16:33:26.0172 INFO Get Product Type Master List Success
2021-08-12 16:33:26.2182 INFO Get User Success :newswadeshi_disbo
2021-08-12 16:33:42.0112 INFO Pass Issued Sucess:NSD
2021-08-12 16:33:42.1502 INFO Get User Success :128-New Swadeshi Distillery Unit , Bond Officer
2021-08-12 16:33:42.7052 INFO Get Pass List Success
2021-08-12 16:33:44.9291 INFO Get Product Type Master List Success
2021-08-12 16:33:45.0301 INFO Get User Success :newswadeshi_disbo
2021-08-12 16:34:09.2726 INFO Get User Success :128-New Swadeshi Distillery Unit , Bond Officer
2021-08-12 16:34:12.0694 INFO Get Product Type Master List Success
2021-08-12 16:34:12.1704 INFO Get User Success :newswadeshi_disbo
2021-08-12 16:34:16.4102 INFO Get User Success :128-New Swadeshi Distillery Unit , Bond Officer
2021-08-12 16:34:16.5012 INFO Get Product Type Master List Success
2021-08-12 16:34:16.5742 INFO Get User Success :newswadeshi_disbo
2021-08-12 16:34:29.7534 INFO Get User Success :108-New Swadeshi Distillery Unit
2021-08-12 16:34:29.9764 INFO Get User Success :108-New Swadeshi Distillery Unit
2021-08-12 16:34:32.4242 INFO Get Product Type Master List Success
2021-08-12 16:34:32.5442 INFO Get User Success :newswadeshi_dis
2021-08-12 16:34:36.3260 INFO Get User Success :108-New Swadeshi Distillery Unit
2021-08-12 16:34:39.3408 INFO Get Product Type Master List Success
2021-08-12 16:34:39.4328 INFO Get User Success :newswadeshi_dis
2021-08-12 16:34:42.5826 INFO Get User Success :108-New Swadeshi Distillery Unit
2021-08-12 16:34:42.6876 INFO Get Product Type Master List Success
2021-08-12 16:34:42.8166 INFO Get User Success :newswadeshi_dis
2021-08-12 16:34:45.5394 INFO Get User Success :108-New Swadeshi Distillery Unit
2021-08-12 16:34:45.6924 INFO Get Product Type Master List Success
2021-08-12 16:34:45.7964 INFO Get User Success :newswadeshi_dis
2021-08-12 16:36:13.7122 INFO Get User Success :108-New Swadeshi Distillery Unit
2021-08-12 16:36:13.8251 INFO Get Product Type Master List Success
2021-08-12 16:36:13.9361 INFO Get User Success :newswadeshi_dis
2021-08-12 16:36:19.0398 INFO Get User Success :108-New Swadeshi Distillery Unit
2021-08-12 16:36:19.4228 INFO Get Product Type Master List Success
2021-08-12 16:36:19.5168 INFO Get User Success :newswadeshi_dis
2021-08-12 16:37:03.8451 INFO Get User Success :108-New Swadeshi Distillery Unit
2021-08-12 16:37:03.9511 INFO Get Product Type Master List Success
2021-08-12 16:37:04.0441 INFO Get User Success :newswadeshi_dis
2021-08-12 16:37:07.7179 INFO Get User Success :108-New Swadeshi Distillery Unit
2021-08-12 16:37:07.8949 INFO Get Product Type Master List Success
2021-08-12 16:37:07.9939 INFO Get User Success :newswadeshi_dis
2021-08-12 16:40:19.8324 INFO Get User Success :108-New Swadeshi Distillery Unit
2021-08-12 16:40:19.9524 INFO Get Product Type Master List Success
2021-08-12 16:40:20.0594 INFO Get User Success :newswadeshi_dis
2021-08-12 16:40:22.7872 INFO Get User Success :108-New Swadeshi Distillery Unit
2021-08-12 16:40:25.8690 INFO Get Product Type Master List Success
2021-08-12 16:40:25.9800 INFO Get User Success :newswadeshi_dis
2021-08-12 16:40:39.1492 INFO Get User Success :128-New Swadeshi Distillery Unit , Bond Officer
2021-08-12 16:40:39.3762 INFO Get User Success :128-New Swadeshi Distillery Unit , Bond Officer
2021-08-12 16:40:41.5001 INFO Get Product Type Master List Success
2021-08-12 16:40:41.7531 INFO Get User Success :newswadeshi_disbo
2021-08-12 16:40:46.1398 INFO Get User Success :128-New Swadeshi Distillery Unit , Bond Officer
2021-08-12 16:40:46.3348 INFO Get User Success :128-New Swadeshi Distillery Unit , Bond Officer
2021-08-12 16:40:46.7788 INFO Get Pass List Success
2021-08-12 16:40:50.9665 INFO Get Product Type Master List Success
2021-08-12 16:40:51.0485 INFO Get User Success :newswadeshi_disbo
2021-08-12 16:40:57.3592 INFO Get User Success :128-New Swadeshi Distillery Unit , Bond Officer
2021-08-12 16:40:59.8590 INFO Get Product Type Master List Success
2021-08-12 16:40:59.9600 INFO Get User Success :newswadeshi_disbo
2021-08-12 16:41:02.7718 INFO Get User Success :128-New Swadeshi Distillery Unit , Bond Officer
2021-08-12 16:41:02.8748 INFO Get Product Type Master List Success
2021-08-12 16:41:02.9439 INFO Get User Success :newswadeshi_disbo
2021-08-12 16:41:06.6566 INFO Get User Success :128-New Swadeshi Distillery Unit , Bond Officer
2021-08-12 16:41:09.0804 INFO Get Product Type Master List Success
2021-08-12 16:41:09.1714 INFO Get User Success :newswadeshi_disbo
2021-08-12 16:41:24.7005 INFO Get User Success :128-New Swadeshi Distillery Unit , Bond Officer
2021-08-12 16:41:24.7885 INFO Get Product Type Master List Success
2021-08-12 16:41:24.8395 INFO Get User Success :newswadeshi_disbo
2021-08-12 16:41:37.9607 INFO Get User Success :108-New Swadeshi Distillery Unit
2021-08-12 16:41:38.2317 INFO Get User Success :108-New Swadeshi Distillery Unit
2021-08-12 16:41:40.8175 INFO Get Product Type Master List Success
2021-08-12 16:41:40.9215 INFO Get User Success :newswadeshi_dis
2021-08-12 16:41:49.5980 INFO Get User Success :108-New Swadeshi Distillery Unit
2021-08-12 16:41:52.6848 INFO Get Product Type Master List Success
2021-08-12 16:41:52.8028 INFO Get User Success :newswadeshi_dis
2021-08-12 16:41:55.6997 INFO Get User Success :108-New Swadeshi Distillery Unit
2021-08-12 16:41:55.7947 INFO Get Product Type Master List Success
2021-08-12 16:41:55.8567 INFO Get User Success :newswadeshi_dis
2021-08-12 16:42:00.6464 INFO Get User Success :108-New Swadeshi Distillery Unit
2021-08-12 16:42:00.8304 INFO Get Product Type Master List Success
2021-08-12 16:42:00.8913 INFO Get User Success :newswadeshi_dis
2021-08-12 16:45:56.3413 INFO Get User Success :108-New Swadeshi Distillery Unit
2021-08-12 16:45:56.4392 INFO Get Product Type Master List Success
2021-08-12 16:45:56.5002 INFO Get User Success :newswadeshi_dis
2021-08-12 17:12:53.7253 INFO Get User Success :112-Riga Sugar Company Ltd
2021-08-12 17:12:54.4963 INFO Get User Success :112-Riga Sugar Company Ltd
2021-08-12 17:12:59.1940 INFO Get Product Type Master List Success
2021-08-12 17:12:59.3330 INFO Get User Success :riga_sgr
2021-08-12 17:13:08.4074 INFO Get User Success :112-Riga Sugar Company Ltd
2021-08-12 17:13:08.6044 INFO Get Product Type Master List Success
2021-08-12 17:13:08.6644 INFO Get User Success :riga_sgr
2021-08-12 17:13:11.7262 INFO Get User Success :112-Riga Sugar Company Ltd
2021-08-12 17:13:11.9732 INFO Get Pass List Success
2021-08-12 17:13:15.4460 INFO Get Product Type Master List Success
2021-08-12 17:13:15.5460 INFO Get User Success :riga_sgr
2021-08-12 17:13:19.2458 INFO Get User Success :112-Riga Sugar Company Ltd
2021-08-12 17:13:19.4258 INFO Get Product Type Master List Success
2021-08-12 17:13:19.4938 INFO Get User Success :riga_sgr
2021-08-12 17:13:20.2037 INFO Get User Success :112-Riga Sugar Company Ltd
2021-08-12 17:13:20.3517 INFO Get Product Type Master List Success
2021-08-12 17:13:20.4288 INFO Get User Success :riga_sgr
2021-08-12 17:13:33.8349 INFO Get User Success :112-Riga Sugar Company Ltd
2021-08-12 17:13:33.9520 INFO Get Dispach Master List Success
2021-08-12 17:13:34.0730 INFO Get VAT Master List Success
2021-08-12 17:13:34.1239 INFO Get Product Type Master List Success
2021-08-12 17:13:34.2289 INFO Get User Success :riga_sgr
