2021-08-11 11:21:47.7643 INFO Get User Success :108-New Swadeshi Distillery Unit
2021-08-11 11:21:49.2762 INFO Get User Success :108-New Swadeshi Distillery Unit
2021-08-11 11:21:53.0930 INFO Get Product Type Master List Success
2021-08-11 11:21:53.2049 INFO Get User Success :newswadeshi_dis
2021-08-11 11:22:14.9365 INFO Get User Success :108-New Swadeshi Distillery Unit
2021-08-11 11:22:15.0445 INFO Get RR List Success
2021-08-11 11:22:15.2065 INFO Get Product Type Master List Success
2021-08-11 11:22:15.2805 INFO Get User Success :newswadeshi_dis
2021-08-11 11:22:17.4944 INFO Get User Success :108-New Swadeshi Distillery Unit
2021-08-11 11:22:17.5774 INFO Get Product Master List Success
2021-08-11 11:23:06.2532 INFO Get User Success :108-New Swadeshi Distillery Unit
2021-08-11 11:23:06.3142 INFO Get Product Master List Success
2021-08-11 11:27:33.2478 INFO Get User Success :108-New Swadeshi Distillery Unit
2021-08-11 11:27:33.2978 INFO Get Product Master List Success
2021-08-11 11:27:59.5731 INFO Get RR List Success
2021-08-11 11:28:59.7952 INFO Get Product Type Master List Success
2021-08-11 11:29:00.1172 INFO Get User Success :newswadeshi_dis
2021-08-11 11:29:06.4758 INFO Get RR List Success
2021-08-11 11:29:10.1135 INFO Get Product Type Master List Success
2021-08-11 11:29:10.2305 INFO Get User Success :newswadeshi_dis
2021-08-11 11:29:47.0092 INFO Get RR List Success
2021-08-11 11:30:37.0819 INFO Get RR List Success
2021-08-11 11:30:40.4157 INFO Get User Success :108-New Swadeshi Distillery Unit
2021-08-11 11:30:40.4877 INFO Get Product Master List Success
2021-08-11 11:30:42.5805 INFO Get State List Success
2021-08-11 11:30:42.6305 INFO Get NOC Sucess:193
2021-08-11 11:30:42.7345 INFO Get NOC Sucess:Req/WC/NSD/ETH-NOC/2020-21/22
2021-08-11 11:30:43.0856 INFO Get NOC Details Success
2021-08-11 11:30:43.3315 INFO Get Customer Details Success
2021-08-11 11:30:43.5845 INFO Check WorkFlow List Success
2021-08-11 11:30:43.7085 INFO Get Product Type Master List Success
2021-08-11 11:30:43.8505 INFO Get User Success :newswadeshi_dis
2021-08-11 11:30:50.8850 INFO Get User Success :108-New Swadeshi Distillery Unit
2021-08-11 11:30:50.9310 INFO Get Product Master List Success
2021-08-11 12:47:00.1541 INFO Get User Success :108-New Swadeshi Distillery Unit
2021-08-11 12:47:00.6811 INFO Get User Success :108-New Swadeshi Distillery Unit
2021-08-11 12:47:04.4688 INFO Get Product Type Master List Success
2021-08-11 12:47:04.5898 INFO Get User Success :newswadeshi_dis
2021-08-11 12:47:11.3784 INFO Get User Success :108-New Swadeshi Distillery Unit
2021-08-11 12:47:11.6323 INFO Get Product Master List Success
2021-08-11 13:04:11.2921 INFO Get User Success :108-New Swadeshi Distillery Unit
2021-08-11 13:04:11.3531 INFO Get Product Master List Success
2021-08-11 13:06:37.5596 INFO Get RR List Success
2021-08-11 13:07:30.1582 INFO Get Product Type Master List Success
2021-08-11 13:07:30.8712 INFO Get User Success :newswadeshi_dis
2021-08-11 13:08:40.0286 INFO Get RR List Success
2021-08-11 13:09:13.0965 INFO Get RR List Success
2021-08-11 13:09:16.0893 INFO Get User Success :108-New Swadeshi Distillery Unit
2021-08-11 13:09:16.1493 INFO Get Product Master List Success
2021-08-11 13:09:18.0011 INFO Get State List Success
2021-08-11 13:09:18.0572 INFO Get NOC Sucess:194
2021-08-11 13:09:18.1681 INFO Get NOC Sucess:Req/WC/NSD/ETH-NOC/2020-21/22
2021-08-11 13:09:18.5452 INFO Get NOC Details Success
2021-08-11 13:09:18.6801 INFO Get Customer Details Success
2021-08-11 13:09:18.9631 INFO Check WorkFlow List Success
2021-08-11 13:09:19.1051 INFO Get Product Type Master List Success
2021-08-11 13:09:19.2811 INFO Get User Success :newswadeshi_dis
2021-08-11 13:09:23.2949 INFO Get User Success :108-New Swadeshi Distillery Unit
2021-08-11 13:09:23.3438 INFO Get Product Master List Success
2021-08-11 13:09:37.3589 INFO Get Product Type Master List Success
2021-08-11 13:09:37.5249 INFO Get User Success :newswadeshi_dis
2021-08-11 13:09:44.4244 INFO Get User Success :108-New Swadeshi Distillery Unit
2021-08-11 13:09:44.4824 INFO Get Product Master List Success
2021-08-11 13:13:17.8316 INFO Get RR List Success
2021-08-11 13:13:24.4251 INFO Get Product Type Master List Success
2021-08-11 13:13:24.6611 INFO Get User Success :newswadeshi_dis
2021-08-11 13:14:51.4255 INFO Get User Success :108-New Swadeshi Distillery Unit
2021-08-11 13:14:51.6395 INFO Get RR List Success
2021-08-11 13:14:51.7305 INFO Get Product Type Master List Success
2021-08-11 13:14:51.9085 INFO Get User Success :newswadeshi_dis
2021-08-11 13:14:56.8281 INFO Get User Success :108-New Swadeshi Distillery Unit
2021-08-11 13:14:57.6301 INFO Get Product Master List Success
2021-08-11 13:16:18.3008 INFO Get RR List Success
2021-08-11 13:17:10.0025 INFO Get Product Type Master List Success
2021-08-11 13:17:10.5464 INFO Get User Success :newswadeshi_dis
2021-08-11 13:17:28.0293 INFO Get User Success :108-New Swadeshi Distillery Unit
2021-08-11 13:17:28.1673 INFO Get RR List Success
2021-08-11 13:17:28.2243 INFO Get Product Type Master List Success
2021-08-11 13:17:28.3823 INFO Get User Success :newswadeshi_dis
2021-08-11 13:17:32.9530 INFO Get User Success :108-New Swadeshi Distillery Unit
2021-08-11 13:17:33.0120 INFO Get Product Master List Success
2021-08-11 13:18:01.2932 INFO Get RR List Success
2021-08-11 13:18:06.4988 INFO Get Product Type Master List Success
2021-08-11 13:18:06.7528 INFO Get User Success :newswadeshi_dis
2021-08-11 13:19:02.7132 INFO Get RR List Success
2021-08-11 15:57:40.4345 INFO Get User Success :44-Administrator
2021-08-11 15:57:41.4565 INFO Get User Success :44-Administrator
2021-08-11 15:57:44.8553 INFO Get Product Type Master List Success
2021-08-11 15:57:45.1523 INFO Get User Success :Admin
2021-08-11 15:59:04.1115 INFO Get State List Success
2021-08-11 15:59:04.2315 INFO Get Product Type Master List Success
2021-08-11 15:59:04.2945 INFO Get User Success :Admin
2021-08-11 15:59:22.7263 INFO Get State List Success
2021-08-11 15:59:46.3779 INFO Get State List Success
2021-08-11 16:01:07.7580 INFO Get Product Type Master List Success
2021-08-11 16:01:07.8260 INFO Get User Success :Admin
2021-08-11 16:01:39.3930 INFO Get access_type List Success
2021-08-11 16:03:54.3788 INFO Get access_type List Success
2021-08-11 16:12:46.9536 INFO Get access_type List Success
2021-08-11 16:13:04.5534 INFO Get access_type List Success
2021-08-11 16:13:17.8756 INFO Get access_type List Success
2021-08-11 16:13:23.7603 INFO Get access_type List Success
2021-08-11 16:13:27.5650 INFO Get access_type List Success
2021-08-11 16:13:29.6959 INFO Get access_type List Success
2021-08-11 16:18:42.3679 INFO Get access_type List Success
2021-08-11 16:52:45.5029 INFO Get User Success :44-Administrator
2021-08-11 16:52:46.1748 INFO Get User Success :44-Administrator
2021-08-11 16:52:50.5886 INFO Get Product Type Master List Success
2021-08-11 16:52:50.6636 INFO Get User Success :Admin
2021-08-11 16:52:58.6081 INFO Get State List Success
2021-08-11 16:52:58.6721 INFO Get Product Type Master List Success
2021-08-11 16:52:58.7641 INFO Get User Success :Admin
2021-08-11 16:53:06.4046 INFO Get Product Type Master List Success
2021-08-11 16:53:06.4776 INFO Get User Success :Admin
2021-08-11 16:53:21.7297 INFO Get access_type List Success
2021-08-11 16:55:47.2989 INFO Get access_type List Success
2021-08-11 16:55:53.9415 INFO Get access_type List Success
2021-08-11 16:55:57.5502 INFO Get access_type List Success
2021-08-11 17:55:26.9415 INFO Get User Success :108-New Swadeshi Distillery Unit
2021-08-11 17:55:27.3375 INFO Get User Success :108-New Swadeshi Distillery Unit
2021-08-11 17:55:30.3583 INFO Get Product Type Master List Success
2021-08-11 17:55:30.4793 INFO Get User Success :newswadeshi_dis
2021-08-11 17:55:34.6411 INFO Get User Success :108-New Swadeshi Distillery Unit
2021-08-11 17:55:34.7301 INFO Get Product Master List Success
2021-08-11 17:56:04.2093 INFO Get RR List Success
2021-08-11 17:56:08.1990 INFO Get Product Type Master List Success
2021-08-11 17:56:08.5660 INFO Get User Success :newswadeshi_dis
