2021-10-06 12:17:30.5053 INFO Get User Success :367-Active
2021-10-06 12:17:30.5570 INFO Get Product Type Master List Success
2021-10-06 12:17:33.6022 INFO Get User Success :dm_patna
2021-10-06 12:17:36.1570 INFO Get User Success :367-Active
2021-10-06 12:17:36.1726 INFO Get User Success :367-Active
2021-10-06 12:52:21.0014 INFO Get User Success :44-Administrator
2021-10-06 12:52:21.0984 INFO Get User Success :44-Administrator
2021-10-06 12:52:21.1253 INFO Get Product Type Master List Success
2021-10-06 12:52:22.7463 INFO Get User Success :Admin
2021-10-06 12:52:31.6291 INFO Get User Success :44-Administrator
2021-10-06 12:52:32.9883 INFO Get Product Type Master List Success
2021-10-06 12:52:33.1881 INFO Get User Success :Admin
2021-10-06 12:52:35.9014 INFO Get User Success :44-Administrator
2021-10-06 12:52:35.9186 INFO Get Product Type Master List Success
2021-10-06 12:52:37.0433 INFO Get User Success :Admin
2021-10-06 12:52:39.3013 INFO Get User Success :44-Administrator
2021-10-06 12:52:39.3292 INFO Get Product Type Master List Success
2021-10-06 12:52:40.2616 INFO Get User Success :Admin
2021-10-06 12:52:49.0801 INFO Get User Success :44-Administrator
2021-10-06 12:52:56.2600 INFO Get Product Type Master List Success
2021-10-06 12:52:57.3433 INFO Get User Success :Admin
2021-10-06 12:54:27.9387 INFO Get User Success :44-Administrator
2021-10-06 12:54:27.9517 INFO Get Product Type Master List Success
2021-10-06 12:54:28.6882 INFO Get User Success :Admin
2021-10-06 12:54:32.9944 INFO Get User Success :44-Administrator
2021-10-06 12:54:35.7963 INFO Get Product Type Master List Success
2021-10-06 12:54:35.9974 INFO Get User Success :Admin
2021-10-06 12:54:42.6503 INFO Get User Success :44-Administrator
2021-10-06 12:54:42.6503 INFO Get Product Type Master List Success
2021-10-06 12:54:43.9892 INFO Get User Success :Admin
2021-10-06 12:55:01.0910 INFO Get User Success :44-Administrator
2021-10-06 12:55:01.0910 INFO Get VAT Master List Success
2021-10-06 12:55:01.1157 INFO Get Product Type Master List Success
2021-10-06 12:55:02.2370 INFO Get User Success :Admin
2021-10-06 12:55:09.0061 INFO Get User Success :44-Administrator
2021-10-06 12:55:09.0210 INFO Get Product Type Master List Success
2021-10-06 12:55:09.2236 INFO Get User Success :Admin
2021-10-06 12:55:18.6170 INFO Get User Success :44-Administrator
2021-10-06 12:55:18.6170 INFO Get Product Type Master List Success
2021-10-06 12:55:19.3663 INFO Get User Success :Admin
2021-10-06 12:55:23.9409 INFO Get User Success :44-Administrator
2021-10-06 12:55:23.9409 INFO Get Product Type Master List Success
2021-10-06 12:55:24.2038 INFO Get User Success :Admin
2021-10-06 12:55:30.9774 INFO Get User Success :44-Administrator
2021-10-06 12:55:30.9996 INFO Get Product Type Master List Success
2021-10-06 12:55:31.1745 INFO Get User Success :Admin
2021-10-06 12:55:37.1165 INFO Get User Success :44-Administrator
2021-10-06 12:55:37.1165 INFO Get Product Type Master List Success
2021-10-06 12:55:37.3658 INFO Get User Success :Admin
2021-10-06 12:55:43.3427 INFO Get User Success :44-Administrator
2021-10-06 12:55:43.3427 INFO Get Product Type Master List Success
2021-10-06 12:55:43.5652 INFO Get User Success :Admin
2021-10-06 12:55:56.1029 INFO Get User Success :44-Administrator
2021-10-06 12:55:56.1029 INFO Get Product Type Master List Success
2021-10-06 12:55:57.4690 INFO Get User Success :Admin
2021-10-06 12:58:37.5934 INFO Get User Success :44-Administrator
2021-10-06 12:58:37.5934 INFO Get Product Type Master List Success
2021-10-06 12:58:38.5021 INFO Get User Success :Admin
2021-10-06 12:58:42.0300 INFO Get User Success :44-Administrator
2021-10-06 12:58:42.0300 INFO Get Product Type Master List Success
2021-10-06 12:58:42.6952 INFO Get User Success :Admin
2021-10-06 12:58:51.8946 INFO Get User Success :44-Administrator
2021-10-06 12:58:51.9006 INFO Get Product Type Master List Success
2021-10-06 12:58:52.5726 INFO Get User Success :Admin
2021-10-06 12:58:57.6206 INFO Get User Success :44-Administrator
2021-10-06 12:58:57.6206 INFO Get Product Type Master List Success
2021-10-06 13:02:35.5528 INFO Get User Success :Admin
2021-10-06 13:03:00.3612 INFO Get User Success :108-New Swadeshi Distillery Unit
2021-10-06 13:03:00.3946 INFO Get User Success :108-New Swadeshi Distillery Unit
2021-10-06 13:03:00.4422 INFO Get Product Type Master List Success
2021-10-06 13:03:01.6178 INFO Get User Success :newswadeshi_dis
2021-10-06 13:03:09.9705 INFO Get User Success :108-New Swadeshi Distillery Unit
2021-10-06 13:03:11.4586 INFO Get Product Type Master List Success
2021-10-06 13:03:11.7199 INFO Get User Success :newswadeshi_dis
2021-10-06 13:03:17.5356 INFO Get User Success :108-New Swadeshi Distillery Unit
2021-10-06 13:03:17.5356 INFO Get Product Type Master List Success
2021-10-06 13:03:17.7968 INFO Get User Success :newswadeshi_dis
2021-10-06 13:03:23.4095 INFO Get User Success :108-New Swadeshi Distillery Unit
2021-10-06 13:03:23.4095 INFO Get VAT Master List Success
2021-10-06 13:03:23.4144 INFO Get Product Type Master List Success
2021-10-06 13:03:23.6377 INFO Get User Success :newswadeshi_dis
2021-10-06 13:24:19.1941 INFO Get User Success :44-Administrator
2021-10-06 13:24:26.1172 INFO Get User Success :44-Administrator
2021-10-06 13:24:26.1462 INFO Get Product Type Master List Success
2021-10-06 13:24:27.8990 INFO Get User Success :Admin
2021-10-06 13:24:32.1005 INFO Get User Success :44-Administrator
2021-10-06 13:24:33.3646 INFO Get Product Type Master List Success
2021-10-06 13:24:33.5586 INFO Get User Success :Admin
2021-10-06 13:24:36.3736 INFO Get User Success :44-Administrator
2021-10-06 13:24:36.3906 INFO Get Product Type Master List Success
2021-10-06 13:24:37.6376 INFO Get User Success :Admin
2021-10-06 13:24:41.0592 INFO Get User Success :44-Administrator
2021-10-06 13:24:41.0879 INFO Get Product Type Master List Success
2021-10-06 13:24:42.1676 INFO Get User Success :Admin
2021-10-06 13:24:46.7091 INFO Get User Success :44-Administrator
2021-10-06 13:24:46.7351 INFO Get Product Type Master List Success
2021-10-06 13:24:48.0039 INFO Get User Success :Admin
2021-10-06 13:24:51.3187 INFO Get User Success :44-Administrator
2021-10-06 13:24:51.3332 INFO Get Product Type Master List Success
2021-10-06 13:24:51.5271 INFO Get User Success :Admin
2021-10-06 13:24:58.1951 INFO Get User Success :44-Administrator
2021-10-06 13:24:58.2111 INFO Get Product Type Master List Success
2021-10-06 13:24:58.4065 INFO Get User Success :Admin
2021-10-06 13:26:10.2477 INFO Get User Success :44-Administrator
2021-10-06 13:26:10.2477 INFO Get Product Type Master List Success
2021-10-06 13:26:10.9395 INFO Get User Success :Admin
2021-10-06 13:26:16.5719 INFO Get User Success :44-Administrator
2021-10-06 13:26:16.5719 INFO Get Product Type Master List Success
2021-10-06 13:26:16.8146 INFO Get User Success :Admin
2021-10-06 13:30:34.3210 INFO Get User Success :44-Administrator
2021-10-06 13:30:34.3210 INFO Get Product Type Master List Success
2021-10-06 13:30:36.2070 INFO Get User Success :Admin
2021-10-06 13:30:42.9218 INFO Get User Success :44-Administrator
2021-10-06 13:30:42.9298 INFO Get Product Type Master List Success
2021-10-06 13:30:43.9426 INFO Get User Success :Admin
2021-10-06 14:40:07.4207 INFO Get User Success :44-Administrator
2021-10-06 14:40:07.5305 INFO Get User Success :44-Administrator
2021-10-06 14:40:07.5605 INFO Get Product Type Master List Success
2021-10-06 14:40:11.9748 INFO Get User Success :Admin
2021-10-06 14:40:23.0977 INFO Get User Success :44-Administrator
2021-10-06 14:43:11.3098 INFO Get Product Type Master List Success
2021-10-06 14:43:11.5424 INFO Get User Success :Admin
2021-10-06 14:43:26.2461 INFO Get User Success :44-Administrator
2021-10-06 14:43:26.3520 INFO Get User Success :44-Administrator
2021-10-06 14:43:26.3789 INFO Get Product Type Master List Success
2021-10-06 14:43:27.2754 INFO Get User Success :Admin
2021-10-06 14:43:31.3316 INFO Get User Success :44-Administrator
2021-10-06 14:43:32.4436 INFO Get Product Type Master List Success
2021-10-06 14:43:32.6611 INFO Get User Success :Admin
2021-10-06 14:43:35.4976 INFO Get User Success :44-Administrator
2021-10-06 14:43:35.5146 INFO Get Product Type Master List Success
2021-10-06 14:43:36.8226 INFO Get User Success :Admin
2021-10-06 14:43:38.9940 INFO Get User Success :44-Administrator
2021-10-06 14:43:39.0234 INFO Get Product Type Master List Success
2021-10-06 14:43:42.0711 INFO Get User Success :Admin
2021-10-06 14:44:09.6697 INFO Get User Success :44-Administrator
2021-10-06 14:44:09.6969 INFO Get Product Type Master List Success
2021-10-06 14:44:11.2133 INFO Get User Success :Admin
2021-10-06 14:44:21.2375 INFO Get User Success :44-Administrator
2021-10-06 14:44:21.2524 INFO Get Product Type Master List Success
2021-10-06 14:44:21.4720 INFO Get User Success :Admin
2021-10-06 14:44:25.1346 INFO Get User Success :44-Administrator
2021-10-06 14:44:25.1346 INFO Get Product Type Master List Success
2021-10-06 14:44:25.3422 INFO Get User Success :Admin
2021-10-06 14:44:35.3681 INFO Get User Success :44-Administrator
2021-10-06 14:44:39.4784 INFO Get User Success :44-Administrator
2021-10-06 14:44:39.5140 INFO Get User Success :44-Administrator
2021-10-06 14:44:39.5140 INFO Get Product Type Master List Success
2021-10-06 14:44:39.7044 INFO Get User Success :Admin
2021-10-06 14:44:45.8778 INFO Get User Success :44-Administrator
2021-10-06 14:45:02.4655 INFO Get User Success :44-Administrator
2021-10-06 14:45:02.5017 INFO Get User Success :44-Administrator
2021-10-06 14:45:02.5017 INFO Get Product Type Master List Success
2021-10-06 14:45:02.7017 INFO Get User Success :Admin
2021-10-06 14:45:06.6832 INFO Get User Success :44-Administrator
2021-10-06 14:45:08.2740 INFO Get Product Type Master List Success
2021-10-06 14:45:08.5173 INFO Get User Success :Admin
2021-10-06 14:45:11.6673 INFO Get User Success :44-Administrator
2021-10-06 14:45:11.6673 INFO Get Product Type Master List Success
2021-10-06 14:45:12.7575 INFO Get User Success :Admin
2021-10-06 14:45:17.2665 INFO Get User Success :44-Administrator
2021-10-06 14:45:21.3835 INFO Get User Success :44-Administrator
2021-10-06 14:45:21.4194 INFO Get User Success :44-Administrator
2021-10-06 14:45:21.4194 INFO Get Product Type Master List Success
2021-10-06 14:45:22.5247 INFO Get User Success :Admin
2021-10-06 14:48:30.8610 INFO Get User Success :44-Administrator
2021-10-06 14:48:30.9632 INFO Get User Success :44-Administrator
2021-10-06 14:48:30.9902 INFO Get Product Type Master List Success
2021-10-06 14:48:32.5223 INFO Get User Success :Admin
2021-10-06 14:48:36.1405 INFO Get User Success :44-Administrator
2021-10-06 14:48:37.6594 INFO Get Product Type Master List Success
2021-10-06 14:48:37.9012 INFO Get User Success :Admin
2021-10-06 14:48:41.4135 INFO Get User Success :44-Administrator
2021-10-06 14:48:41.4383 INFO Get Product Type Master List Success
2021-10-06 14:48:48.3187 INFO Get User Success :Admin
2021-10-06 14:48:52.9153 INFO Get User Success :44-Administrator
2021-10-06 14:54:12.2150 INFO Get User Success :44-Administrator
2021-10-06 14:54:12.3146 INFO Get User Success :44-Administrator
2021-10-06 14:54:12.3432 INFO Get Product Type Master List Success
2021-10-06 14:54:12.3515 INFO Get User Success :Admin
2021-10-06 14:54:16.6602 INFO Get User Success :44-Administrator
2021-10-06 14:54:18.4440 INFO Get Product Type Master List Success
2021-10-06 14:54:18.4490 INFO Get User Success :Admin
2021-10-06 14:54:22.1792 INFO Get User Success :44-Administrator
2021-10-06 14:54:22.2045 INFO Get Product Type Master List Success
2021-10-06 14:54:22.2045 INFO Get User Success :Admin
2021-10-06 14:54:24.6105 INFO Get User Success :44-Administrator
2021-10-06 14:56:03.1845 INFO Get User Success :44-Administrator
2021-10-06 14:56:03.2178 INFO Get User Success :44-Administrator
2021-10-06 14:56:03.2178 INFO Get Product Type Master List Success
2021-10-06 14:56:03.2178 INFO Get User Success :Admin
2021-10-06 14:56:07.2118 INFO Get User Success :44-Administrator
2021-10-06 14:56:08.5672 INFO Get Product Type Master List Success
2021-10-06 14:56:08.5722 INFO Get User Success :Admin
2021-10-06 14:56:10.9192 INFO Get User Success :44-Administrator
2021-10-06 14:56:10.9192 INFO Get Product Type Master List Success
2021-10-06 14:56:10.9310 INFO Get User Success :Admin
2021-10-06 14:56:16.3691 INFO Get User Success :44-Administrator
2021-10-06 14:56:16.3691 INFO Get VAT Master List Success
2021-10-06 14:57:00.9497 INFO Get User Success :44-Administrator
2021-10-06 14:57:00.9497 INFO Get Product Type Master List Success
2021-10-06 14:57:00.9615 INFO Get User Success :Admin
2021-10-06 15:00:08.9648 INFO Get User Success :104-Riga Distillery Division
2021-10-06 15:00:08.9982 INFO Get User Success :104-Riga Distillery Division
2021-10-06 15:00:09.0277 INFO Get Product Type Master List Success
2021-10-06 15:00:09.0277 INFO Get User Success :riga_dis
2021-10-06 15:00:14.8836 INFO Get User Success :104-Riga Distillery Division
2021-10-06 15:00:16.6590 INFO Get Product Type Master List Success
2021-10-06 15:00:16.6640 INFO Get User Success :riga_dis
2021-10-06 15:00:19.1196 INFO Get User Success :104-Riga Distillery Division
2021-10-06 15:00:19.1196 INFO Get Product Type Master List Success
2021-10-06 15:00:19.1196 INFO Get User Success :riga_dis
2021-10-06 15:00:20.6387 INFO Get User Success :104-Riga Distillery Division
2021-10-06 15:00:20.6387 INFO Get VAT Master List Success
2021-10-06 15:00:20.6496 INFO Get Product Type Master List Success
2021-10-06 15:00:20.6496 INFO Get User Success :riga_dis
2021-10-06 15:00:38.3394 INFO Get User Success :97-Harinagar Sugar Mills Ltd
2021-10-06 15:00:38.3740 INFO Get User Success :97-Harinagar Sugar Mills Ltd
2021-10-06 15:00:38.3839 INFO Get Product Type Master List Success
2021-10-06 15:00:38.3839 INFO Get User Success :harinagar_sgr
2021-10-06 15:00:43.0079 INFO Sugarcanepurchase Get List Success
2021-10-06 15:00:43.0079 INFO Get User Success :97-Harinagar Sugar Mills Ltd
2021-10-06 15:00:43.0292 INFO Get Product Type Master List Success
2021-10-06 15:00:43.0292 INFO Get User Success :harinagar_sgr
2021-10-06 15:00:44.3297 INFO Get User Success :97-Harinagar Sugar Mills Ltd
2021-10-06 15:00:44.3357 INFO Get Product Type Master List Success
2021-10-06 15:00:44.3357 INFO Get User Success :harinagar_sgr
2021-10-06 15:00:46.4355 INFO Get User Success :97-Harinagar Sugar Mills Ltd
2021-10-06 15:00:46.4355 INFO Get VAT Master List Success
2021-10-06 15:00:46.4469 INFO Get Product Type Master List Success
2021-10-06 15:00:46.4469 INFO Get User Success :harinagar_sgr
2021-10-06 15:00:48.9451 INFO Get User Success :97-Harinagar Sugar Mills Ltd
2021-10-06 15:00:48.9451 INFO Get Product Type Master List Success
2021-10-06 15:00:48.9451 INFO Get User Success :harinagar_sgr
2021-10-06 15:00:50.2333 INFO Get User Success :97-Harinagar Sugar Mills Ltd
2021-10-06 15:00:50.2333 INFO Get VAT Master List Success
2021-10-06 15:00:50.2413 INFO Get Product Type Master List Success
2021-10-06 15:00:50.2413 INFO Get User Success :harinagar_sgr
2021-10-06 15:00:52.6795 INFO Get User Success :97-Harinagar Sugar Mills Ltd
2021-10-06 15:00:52.6795 INFO Get Product Type Master List Success
2021-10-06 15:00:52.6795 INFO Get User Success :harinagar_sgr
2021-10-06 15:00:54.3668 INFO Get User Success :97-Harinagar Sugar Mills Ltd
2021-10-06 15:00:54.3668 INFO Get VAT Master List Success
2021-10-06 15:00:54.3668 INFO Get Product Type Master List Success
2021-10-06 15:00:54.3668 INFO Get User Success :harinagar_sgr
2021-10-06 15:00:56.3825 INFO Get User Success :97-Harinagar Sugar Mills Ltd
2021-10-06 15:00:56.3825 INFO Get Product Type Master List Success
2021-10-06 15:00:56.3825 INFO Get User Success :harinagar_sgr
2021-10-06 15:00:57.5820 INFO Get User Success :97-Harinagar Sugar Mills Ltd
2021-10-06 15:00:57.5820 INFO Get VAT Master List Success
2021-10-06 15:00:57.5900 INFO Get Product Type Master List Success
2021-10-06 15:00:57.5900 INFO Get User Success :harinagar_sgr
2021-10-06 15:00:59.1085 INFO Get User Success :97-Harinagar Sugar Mills Ltd
2021-10-06 15:00:59.1085 INFO Get Product Type Master List Success
2021-10-06 15:00:59.1178 INFO Get User Success :harinagar_sgr
2021-10-06 15:01:00.8283 INFO Get User Success :97-Harinagar Sugar Mills Ltd
2021-10-06 15:01:00.8283 INFO Get VAT Master List Success
2021-10-06 15:01:00.8353 INFO Get Product Type Master List Success
2021-10-06 15:01:00.8353 INFO Get User Success :harinagar_sgr
2021-10-06 15:01:02.5576 INFO Get User Success :97-Harinagar Sugar Mills Ltd
2021-10-06 15:01:02.5576 INFO Get Product Type Master List Success
2021-10-06 15:01:02.5576 INFO Get User Success :harinagar_sgr
2021-10-06 15:01:04.0541 INFO Get User Success :97-Harinagar Sugar Mills Ltd
2021-10-06 15:01:04.0541 INFO Get VAT Master List Success
2021-10-06 15:01:04.0541 INFO Get Product Type Master List Success
2021-10-06 15:01:04.0541 INFO Get User Success :harinagar_sgr
2021-10-06 15:01:07.5003 INFO Get User Success :97-Harinagar Sugar Mills Ltd
2021-10-06 15:01:07.5003 INFO Get Product Type Master List Success
2021-10-06 15:01:07.5092 INFO Get User Success :harinagar_sgr
2021-10-06 15:04:21.5871 INFO Get User Success :97-Harinagar Sugar Mills Ltd
2021-10-06 15:04:21.5871 INFO Get VAT Master List Success
2021-10-06 15:04:21.5871 INFO Get Product Type Master List Success
2021-10-06 15:04:21.5871 INFO Get User Success :harinagar_sgr
2021-10-06 15:04:23.6347 INFO Get User Success :97-Harinagar Sugar Mills Ltd
2021-10-06 15:04:23.6347 INFO Get Product Type Master List Success
2021-10-06 15:04:23.6347 INFO Get User Success :harinagar_sgr
2021-10-06 15:04:25.0939 INFO Sugarcanepurchase Get List Success
2021-10-06 15:04:25.0939 INFO Get User Success :97-Harinagar Sugar Mills Ltd
2021-10-06 15:04:25.0939 INFO Get Product Type Master List Success
2021-10-06 15:04:25.1023 INFO Get User Success :harinagar_sgr
2021-10-06 17:00:05.2969 INFO Get User Success :353-M and TP Unit
2021-10-06 17:00:05.4013 INFO Get User Success :353-M and TP Unit
2021-10-06 17:00:05.4518 INFO Get Product Type Master List Success
2021-10-06 17:00:05.4518 INFO Get User Success :mtp1
2021-10-06 17:00:13.8146 INFO Get User Success :353-M and TP Unit
2021-10-06 17:01:30.1996 INFO Get Product Type Master List Success
2021-10-06 17:01:30.1996 INFO Get User Success :mtp1
2021-10-06 17:01:36.6397 INFO Get User Success :353-M and TP Unit
2021-10-06 17:01:36.6397 INFO Get License_Type List Success
2021-10-06 17:01:36.6953 INFO Get License Fee List Fail
2021-10-06 17:01:36.6953 INFO Get State List Success
2021-10-06 17:01:55.8357 INFO Get Division List Success
2021-10-06 17:01:55.8606 INFO Get Product Type Master List Success
2021-10-06 17:01:55.8606 INFO Get User Success :mtp1
2021-10-06 17:02:36.4494 INFO Get User Success :353-M and TP Unit
2021-10-06 17:02:36.4494 INFO Get License_Type List Success
2021-10-06 17:02:36.4668 INFO Get License Fee List Fail
2021-10-06 17:02:36.4668 INFO Get State List Success
2021-10-06 17:03:46.4103 INFO Get Division List Success
2021-10-06 17:03:46.4193 INFO Get Product Type Master List Success
2021-10-06 17:03:46.4193 INFO Get User Success :mtp1
2021-10-06 17:03:51.9620 INFO Get User Success :353-M and TP Unit
2021-10-06 17:03:51.9620 INFO Get License_Type List Success
2021-10-06 17:05:37.4712 INFO Get License Fee List Success
2021-10-06 17:05:37.4712 INFO Get State List Success
2021-10-06 17:07:42.1050 INFO Get User Success :353-M and TP Unit
2021-10-06 17:07:42.2147 INFO Get User Success :353-M and TP Unit
2021-10-06 17:07:42.2633 INFO Get Product Type Master List Success
2021-10-06 17:07:42.2633 INFO Get User Success :mtp1
2021-10-06 17:07:45.0774 INFO Get User Success :353-M and TP Unit
2021-10-06 17:07:46.6962 INFO Get Product Type Master List Success
2021-10-06 17:07:46.6962 INFO Get User Success :mtp1
2021-10-06 17:07:49.8677 INFO Get User Success :353-M and TP Unit
2021-10-06 17:07:49.8677 INFO Get License_Type List Success
2021-10-06 17:07:51.9243 INFO Get License Fee List Success
2021-10-06 17:07:51.9243 INFO Get State List Success
2021-10-06 17:10:44.5999 INFO Get User Success :353-M and TP Unit
2021-10-06 17:10:47.1683 INFO Get Product Type Master List Success
2021-10-06 17:10:47.1683 INFO Get User Success :mtp1
2021-10-06 17:10:49.2669 INFO Get User Success :353-M and TP Unit
2021-10-06 17:10:49.2669 INFO Get License_Type List Success
2021-10-06 17:10:51.1144 INFO Get License Fee List Success
2021-10-06 17:10:51.1164 INFO Get State List Success
2021-10-06 17:14:19.1789 INFO Get User Success :353-M and TP Unit
2021-10-06 17:14:19.2805 INFO Get User Success :353-M and TP Unit
2021-10-06 17:14:19.3290 INFO Get Product Type Master List Success
2021-10-06 17:14:19.3380 INFO Get User Success :mtp1
2021-10-06 17:14:25.5984 INFO Get User Success :353-M and TP Unit
2021-10-06 17:14:27.7430 INFO Get Product Type Master List Success
2021-10-06 17:14:27.7430 INFO Get User Success :mtp1
2021-10-06 17:14:29.9831 INFO Get User Success :353-M and TP Unit
2021-10-06 17:14:29.9831 INFO Get License_Type List Success
2021-10-06 17:14:32.4002 INFO Get License Fee List Success
2021-10-06 17:14:32.4002 INFO Get State List Success
2021-10-06 17:15:50.9359 INFO Get User Success :353-M and TP Unit
2021-10-06 17:16:22.2428 INFO Get Product Type Master List Success
2021-10-06 17:16:22.2428 INFO Get User Success :mtp1
2021-10-06 17:16:24.7871 INFO Get User Success :353-M and TP Unit
2021-10-06 17:16:24.7871 INFO Get License_Type List Success
2021-10-06 17:16:26.1052 INFO Get License Fee List Success
2021-10-06 17:16:26.1052 INFO Get State List Success
2021-10-06 17:16:55.1759 INFO Get Division List Success
2021-10-06 17:16:55.2007 INFO Get Product Type Master List Success
2021-10-06 17:16:55.2007 INFO Get User Success :mtp1
2021-10-06 17:47:40.4546 INFO Get User Success :44-Administrator
2021-10-06 17:47:40.5568 INFO Get User Success :44-Administrator
2021-10-06 17:47:40.5843 INFO Get Product Type Master List Success
2021-10-06 17:47:40.5925 INFO Get User Success :Admin
2021-10-06 17:47:49.3139 INFO Get User Success :44-Administrator
2021-10-06 17:47:50.6553 INFO Get Product Type Master List Success
2021-10-06 17:47:50.6553 INFO Get User Success :Admin
2021-10-06 17:47:52.9659 INFO Get User Success :44-Administrator
2021-10-06 17:47:52.9907 INFO Get Pass List Success
2021-10-06 17:47:53.0127 INFO Get Product Type Master List Success
2021-10-06 17:47:53.0127 INFO Get User Success :Admin
2021-10-06 17:47:55.5838 INFO Get User Success :44-Administrator
2021-10-06 17:47:55.5864 INFO Get Dispach Master List Success
2021-10-06 17:47:57.0914 INFO Get VAT Master List Success
2021-10-06 17:47:57.9081 INFO Get Pass List Success
2021-10-06 17:47:58.5619 INFO Get Product Type Master List Success
2021-10-06 17:47:58.5619 INFO Get User Success :Admin
2021-10-06 17:48:19.0158 INFO Get User Success :44-Administrator
2021-10-06 17:48:19.0158 INFO Get Dispach Master List Success
2021-10-06 17:48:23.6321 INFO Get VAT Master List Success
2021-10-06 17:48:26.4920 INFO Get Pass List Success
2021-10-06 17:48:58.1420 INFO Get Product Type Master List Success
2021-10-06 17:49:34.2631 INFO Get User Success :Admin
