2021-09-17 10:11:14.1088 INFO Get User Success :108-New Swadeshi Distillery Unit
2021-09-17 10:11:14.2085 INFO Get User Success :108-New Swadeshi Distillery Unit
2021-09-17 10:11:14.2793 INFO Get Product Type Master List Success
2021-09-17 10:11:14.2884 INFO Get User Success :newswadeshi_dis
2021-09-17 10:11:17.0546 INFO Get User Success :108-New Swadeshi Distillery Unit
2021-09-17 10:11:17.1378 INFO Get Product Type Master List Success
2021-09-17 10:11:17.1378 INFO Get User Success :newswadeshi_dis
2021-09-17 10:11:19.8845 INFO Get User Success :108-New Swadeshi Distillery Unit
2021-09-17 10:11:19.9050 INFO Get Product Type Master List Success
2021-09-17 10:11:19.9050 INFO Get User Success :newswadeshi_dis
2021-09-17 10:11:30.3711 INFO Get User Success :108-New Swadeshi Distillery Unit
2021-09-17 10:11:30.3836 INFO Get Product Type Master List Success
2021-09-17 10:11:30.3836 INFO Get User Success :newswadeshi_dis
2021-09-17 10:13:58.5997 INFO Get User Success :108-New Swadeshi Distillery Unit
2021-09-17 10:13:58.6980 INFO Get User Success :108-New Swadeshi Distillery Unit
2021-09-17 10:13:58.7855 INFO Get Product Type Master List Success
2021-09-17 10:13:58.7855 INFO Get User Success :newswadeshi_dis
2021-09-17 10:14:01.1260 INFO Get User Success :108-New Swadeshi Distillery Unit
2021-09-17 10:14:01.2073 INFO Get Product Type Master List Success
2021-09-17 10:14:01.2073 INFO Get User Success :newswadeshi_dis
2021-09-17 10:14:03.1521 INFO Get User Success :108-New Swadeshi Distillery Unit
2021-09-17 10:14:03.1748 INFO Get Product Type Master List Success
2021-09-17 10:14:03.1800 INFO Get User Success :newswadeshi_dis
2021-09-17 10:14:15.9028 INFO Get User Success :108-New Swadeshi Distillery Unit
2021-09-17 10:14:15.9157 INFO Get Product Type Master List Success
2021-09-17 10:14:15.9157 INFO Get User Success :newswadeshi_dis
2021-09-17 10:18:46.5475 INFO Get User Success :108-New Swadeshi Distillery Unit
2021-09-17 10:18:46.5645 INFO Get Product Type Master List Success
2021-09-17 10:18:46.5715 INFO Get User Success :newswadeshi_dis
2021-09-17 10:21:15.8062 INFO Get User Success :108-New Swadeshi Distillery Unit
2021-09-17 10:21:15.9085 INFO Get User Success :108-New Swadeshi Distillery Unit
2021-09-17 10:21:15.9823 INFO Get Product Type Master List Success
2021-09-17 10:21:15.9910 INFO Get User Success :newswadeshi_dis
2021-09-17 10:21:19.2840 INFO Get User Success :108-New Swadeshi Distillery Unit
2021-09-17 10:21:19.3651 INFO Get Product Type Master List Success
2021-09-17 10:21:19.3651 INFO Get User Success :newswadeshi_dis
2021-09-17 10:21:20.9485 INFO Get User Success :108-New Swadeshi Distillery Unit
2021-09-17 10:21:20.9698 INFO Get Product Type Master List Success
2021-09-17 10:21:20.9747 INFO Get User Success :newswadeshi_dis
2021-09-17 10:21:35.7026 INFO Get User Success :108-New Swadeshi Distillery Unit
2021-09-17 10:21:35.7166 INFO Get Product Type Master List Success
2021-09-17 10:21:35.7166 INFO Get User Success :newswadeshi_dis
2021-09-17 10:32:35.5389 INFO Get User Success :108-New Swadeshi Distillery Unit
2021-09-17 10:32:35.6380 INFO Get User Success :108-New Swadeshi Distillery Unit
2021-09-17 10:32:35.7061 INFO Get Product Type Master List Success
2021-09-17 10:32:35.7147 INFO Get User Success :newswadeshi_dis
2021-09-17 10:32:38.9881 INFO Get User Success :108-New Swadeshi Distillery Unit
2021-09-17 10:32:39.0684 INFO Get Product Type Master List Success
2021-09-17 10:32:39.0684 INFO Get User Success :newswadeshi_dis
2021-09-17 10:32:41.1355 INFO Get User Success :108-New Swadeshi Distillery Unit
2021-09-17 10:32:41.1574 INFO Get Product Type Master List Success
2021-09-17 10:32:41.1630 INFO Get User Success :newswadeshi_dis
2021-09-17 10:32:45.1993 INFO Get User Success :108-New Swadeshi Distillery Unit
2021-09-17 10:32:45.2123 INFO Get Product Type Master List Success
2021-09-17 10:32:45.2123 INFO Get User Success :newswadeshi_dis
2021-09-17 10:42:53.9868 INFO Get User Success :108-New Swadeshi Distillery Unit
2021-09-17 10:42:53.9928 INFO Get Product Type Master List Success
2021-09-17 10:42:53.9928 INFO Get User Success :newswadeshi_dis
2021-09-17 10:43:00.6202 INFO Get User Success :108-New Swadeshi Distillery Unit
2021-09-17 10:43:00.6202 INFO Get Product Type Master List Success
2021-09-17 10:43:00.6301 INFO Get User Success :newswadeshi_dis
2021-09-17 10:53:25.1616 INFO Get User Success :108-New Swadeshi Distillery Unit
2021-09-17 10:53:25.2631 INFO Get User Success :108-New Swadeshi Distillery Unit
2021-09-17 10:53:25.3725 INFO Get Product Type Master List Success
2021-09-17 10:53:25.3864 INFO Get User Success :newswadeshi_dis
2021-09-17 10:53:32.4436 INFO Get User Success :108-New Swadeshi Distillery Unit
2021-09-17 10:53:32.5263 INFO Get Product Type Master List Success
2021-09-17 10:53:32.5263 INFO Get User Success :newswadeshi_dis
2021-09-17 10:53:36.1631 INFO Get User Success :108-New Swadeshi Distillery Unit
2021-09-17 10:53:36.1844 INFO Get Product Type Master List Success
2021-09-17 10:53:36.1844 INFO Get User Success :newswadeshi_dis
2021-09-17 10:53:42.4619 INFO Get User Success :108-New Swadeshi Distillery Unit
2021-09-17 10:53:42.4749 INFO Get Product Type Master List Success
2021-09-17 10:53:42.4749 INFO Get User Success :newswadeshi_dis
2021-09-17 11:04:18.4470 INFO Get User Success :108-New Swadeshi Distillery Unit
2021-09-17 11:04:18.4470 INFO Get Product Type Master List Success
2021-09-17 11:04:18.4600 INFO Get User Success :newswadeshi_dis
2021-09-17 11:16:42.2444 INFO Get User Success :108-New Swadeshi Distillery Unit
2021-09-17 11:16:42.3510 INFO Get User Success :108-New Swadeshi Distillery Unit
2021-09-17 11:16:42.4201 INFO Get Product Type Master List Success
2021-09-17 11:16:42.4293 INFO Get User Success :newswadeshi_dis
2021-09-17 11:16:47.7539 INFO Get User Success :108-New Swadeshi Distillery Unit
2021-09-17 11:16:47.8387 INFO Get Product Type Master List Success
2021-09-17 11:16:47.8387 INFO Get User Success :newswadeshi_dis
2021-09-17 11:16:49.2799 INFO Get User Success :108-New Swadeshi Distillery Unit
2021-09-17 11:16:49.3017 INFO Get Product Type Master List Success
2021-09-17 11:16:49.3017 INFO Get User Success :newswadeshi_dis
2021-09-17 11:16:52.2399 INFO Get User Success :108-New Swadeshi Distillery Unit
2021-09-17 11:16:52.2399 INFO Get Product Type Master List Success
2021-09-17 11:16:52.2579 INFO Get User Success :newswadeshi_dis
2021-09-17 11:22:23.1410 INFO Get User Success :108-New Swadeshi Distillery Unit
2021-09-17 11:22:23.1460 INFO Get Product Type Master List Success
2021-09-17 11:22:23.1460 INFO Get User Success :newswadeshi_dis
2021-09-17 11:22:27.1173 INFO Get User Success :108-New Swadeshi Distillery Unit
2021-09-17 11:22:27.1173 INFO Get Product Type Master List Success
2021-09-17 11:22:27.1173 INFO Get User Success :newswadeshi_dis
2021-09-17 11:35:52.3896 INFO Get User Success :108-New Swadeshi Distillery Unit
2021-09-17 11:35:52.4889 INFO Get User Success :108-New Swadeshi Distillery Unit
2021-09-17 11:35:52.5580 INFO Get Product Type Master List Success
2021-09-17 11:35:52.5669 INFO Get User Success :newswadeshi_dis
2021-09-17 11:35:55.2823 INFO Get User Success :108-New Swadeshi Distillery Unit
2021-09-17 11:35:55.3646 INFO Get Product Type Master List Success
2021-09-17 11:35:55.3646 INFO Get User Success :newswadeshi_dis
2021-09-17 11:35:57.1814 INFO Get User Success :108-New Swadeshi Distillery Unit
2021-09-17 11:35:57.2024 INFO Get Product Type Master List Success
2021-09-17 11:35:57.2081 INFO Get User Success :newswadeshi_dis
2021-09-17 11:36:00.7752 INFO Get User Success :108-New Swadeshi Distillery Unit
2021-09-17 11:36:00.7882 INFO Get Product Type Master List Success
2021-09-17 11:36:00.7882 INFO Get User Success :newswadeshi_dis
2021-09-17 12:27:54.5376 INFO Get User Success :108-New Swadeshi Distillery Unit
2021-09-17 12:27:54.6524 INFO Get User Success :108-New Swadeshi Distillery Unit
2021-09-17 12:27:54.7225 INFO Get Product Type Master List Success
2021-09-17 12:27:54.7314 INFO Get User Success :newswadeshi_dis
2021-09-17 12:27:57.5733 INFO Get User Success :108-New Swadeshi Distillery Unit
2021-09-17 12:27:57.6571 INFO Get Product Type Master List Success
2021-09-17 12:27:57.6621 INFO Get User Success :newswadeshi_dis
2021-09-17 12:27:59.3988 INFO Get User Success :108-New Swadeshi Distillery Unit
2021-09-17 12:27:59.4205 INFO Get Product Type Master List Success
2021-09-17 12:27:59.4260 INFO Get User Success :newswadeshi_dis
2021-09-17 12:28:02.6862 INFO Get User Success :108-New Swadeshi Distillery Unit
2021-09-17 12:28:02.7001 INFO Get Product Type Master List Success
2021-09-17 12:28:02.7001 INFO Get User Success :newswadeshi_dis
2021-09-17 12:28:23.3388 INFO Get User Success :108-New Swadeshi Distillery Unit
2021-09-17 12:28:23.3388 INFO Get Product Type Master List Success
2021-09-17 12:28:23.3488 INFO Get User Success :newswadeshi_dis
2021-09-17 12:28:26.8310 INFO Get User Success :108-New Swadeshi Distillery Unit
2021-09-17 12:28:27.0845 INFO Get Product Type Master List Success
2021-09-17 12:28:27.0845 INFO Get User Success :newswadeshi_dis
2021-09-17 12:35:00.9358 INFO Get User Success :108-New Swadeshi Distillery Unit
2021-09-17 12:35:00.9358 INFO Get Product Type Master List Success
2021-09-17 12:35:00.9448 INFO Get User Success :newswadeshi_dis
2021-09-17 12:35:07.2313 INFO Get User Success :108-New Swadeshi Distillery Unit
2021-09-17 12:35:07.2662 INFO Get Product Type Master List Success
2021-09-17 12:35:07.2721 INFO Get User Success :newswadeshi_dis
2021-09-17 12:35:12.8368 INFO Get User Success :108-New Swadeshi Distillery Unit
2021-09-17 12:35:12.8628 INFO Get Pass List Success
2021-09-17 12:35:12.8867 INFO Get Product Type Master List Success
2021-09-17 12:35:12.8867 INFO Get User Success :newswadeshi_dis
2021-09-17 12:35:21.5615 INFO Get Pass List Success
2021-09-17 12:35:30.5871 INFO Get Pass List Success
2021-09-17 12:35:35.1378 INFO Get User Success :108-New Swadeshi Distillery Unit
2021-09-17 12:35:35.1378 INFO Get Dispach Master List Success
2021-09-17 12:35:36.6852 INFO Get VAT Master List Success
2021-09-17 12:35:36.6852 INFO Get Pass List Success
2021-09-17 12:35:37.1039 INFO Get Product Type Master List Success
2021-09-17 12:35:37.1039 INFO Get User Success :newswadeshi_dis
2021-09-17 12:35:46.4075 INFO Get User Success :108-New Swadeshi Distillery Unit
2021-09-17 12:35:46.4264 INFO Get Pass List Success
2021-09-17 12:35:46.4264 INFO Get Product Type Master List Success
2021-09-17 12:35:46.4264 INFO Get User Success :newswadeshi_dis
2021-09-17 12:36:27.3508 INFO Get User Success :111-New Swadeshi Sugar Mills
2021-09-17 12:36:27.3914 INFO Get User Success :111-New Swadeshi Sugar Mills
2021-09-17 12:36:27.4082 INFO Get Product Type Master List Success
2021-09-17 12:36:27.4142 INFO Get User Success :newswadeshi_sgr
2021-09-17 12:36:38.6021 INFO Get User Success :111-New Swadeshi Sugar Mills
2021-09-17 12:36:40.4313 INFO Get Product Type Master List Success
2021-09-17 12:36:40.4313 INFO Get User Success :newswadeshi_sgr
2021-09-17 12:36:56.4571 INFO Get User Success :111-New Swadeshi Sugar Mills
2021-09-17 12:37:24.3349 INFO Get User Success :111-New Swadeshi Sugar Mills
2021-09-17 12:37:58.5940 INFO Get User Success :111-New Swadeshi Sugar Mills
2021-09-17 12:38:07.6675 INFO Get User Success :111-New Swadeshi Sugar Mills
2021-09-17 12:40:06.4346 INFO Get User Success :111-New Swadeshi Sugar Mills
2021-09-17 12:47:26.9703 INFO Sugarcanepurchase Get List Success
2021-09-17 12:47:26.9773 INFO Get User Success :111-New Swadeshi Sugar Mills
2021-09-17 12:47:26.9961 INFO Get Product Type Master List Success
2021-09-17 12:47:26.9961 INFO Get User Success :newswadeshi_sgr
2021-09-17 12:47:37.8180 INFO Get User Success :108-New Swadeshi Distillery Unit
2021-09-17 12:47:37.8571 INFO Get User Success :108-New Swadeshi Distillery Unit
2021-09-17 12:47:37.8982 INFO Get Product Type Master List Success
2021-09-17 12:47:37.8982 INFO Get User Success :newswadeshi_dis
2021-09-17 12:47:39.8342 INFO Get User Success :108-New Swadeshi Distillery Unit
2021-09-17 12:47:39.8616 INFO Get Product Type Master List Success
2021-09-17 12:47:39.8667 INFO Get User Success :newswadeshi_dis
2021-09-17 12:47:43.0714 INFO Get User Success :108-New Swadeshi Distillery Unit
2021-09-17 12:47:43.0884 INFO Get Product Type Master List Success
2021-09-17 12:47:43.0884 INFO Get User Success :newswadeshi_dis
2021-09-17 12:47:46.7697 INFO Get User Success :108-New Swadeshi Distillery Unit
2021-09-17 12:47:46.7974 INFO Get Product Type Master List Success
2021-09-17 12:47:46.8031 INFO Get User Success :newswadeshi_dis
2021-09-17 12:49:30.4859 INFO Get User Success :108-New Swadeshi Distillery Unit
2021-09-17 12:49:30.4909 INFO Get Product Type Master List Success
2021-09-17 12:49:30.4909 INFO Get User Success :newswadeshi_dis
2021-09-17 12:51:44.5988 INFO Get User Success :108-New Swadeshi Distillery Unit
2021-09-17 12:51:44.6239 INFO Get Product Type Master List Success
2021-09-17 12:51:44.6239 INFO Get User Success :newswadeshi_dis
2021-09-17 12:51:47.2259 INFO Get User Success :108-New Swadeshi Distillery Unit
2021-09-17 12:51:49.8450 INFO Get Product Type Master List Success
2021-09-17 12:51:49.8501 INFO Get User Success :newswadeshi_dis
2021-09-17 13:10:23.9160 INFO Get User Success :108-New Swadeshi Distillery Unit
2021-09-17 13:10:30.8686 INFO Get User Success :108-New Swadeshi Distillery Unit
2021-09-17 13:10:30.9474 INFO Get Product Type Master List Success
2021-09-17 13:10:30.9584 INFO Get User Success :newswadeshi_dis
2021-09-17 13:10:34.0611 INFO Get User Success :108-New Swadeshi Distillery Unit
2021-09-17 13:10:34.1415 INFO Get Product Type Master List Success
2021-09-17 13:10:34.1468 INFO Get User Success :newswadeshi_dis
2021-09-17 13:10:40.2029 INFO Get User Success :108-New Swadeshi Distillery Unit
2021-09-17 13:10:40.2248 INFO Get Product Type Master List Success
2021-09-17 13:10:40.2248 INFO Get User Success :newswadeshi_dis
2021-09-17 13:10:48.2901 INFO Get User Success :108-New Swadeshi Distillery Unit
2021-09-17 13:10:48.3041 INFO Get Product Type Master List Success
2021-09-17 13:10:48.3041 INFO Get User Success :newswadeshi_dis
2021-09-17 13:11:42.9025 INFO Get User Success :101-Commissioner
2021-09-17 13:11:42.9394 INFO Get User Success :101-Commissioner
2021-09-17 13:11:43.0180 INFO Get Product Type Master List Success
2021-09-17 13:11:43.0238 INFO Get User Success :com
2021-09-17 13:11:49.0021 INFO Get User Success :101-Commissioner
2021-09-17 13:11:49.0775 INFO Get User Success :101-Commissioner
2021-09-17 16:34:25.1192 INFO Get User Success :108-New Swadeshi Distillery Unit
2021-09-17 16:34:25.2226 INFO Get User Success :108-New Swadeshi Distillery Unit
2021-09-17 16:34:25.2930 INFO Get Product Type Master List Success
2021-09-17 16:34:25.3013 INFO Get User Success :newswadeshi_dis
2021-09-17 16:34:32.2013 INFO Get User Success :108-New Swadeshi Distillery Unit
2021-09-17 16:34:32.2851 INFO Get Product Type Master List Success
2021-09-17 16:34:32.2851 INFO Get User Success :newswadeshi_dis
2021-09-17 16:34:37.2788 INFO Get User Success :108-New Swadeshi Distillery Unit
2021-09-17 16:34:37.2937 INFO Get Product Type Master List Success
2021-09-17 16:34:37.2937 INFO Get User Success :newswadeshi_dis
2021-09-17 16:34:43.9270 INFO Get User Success :108-New Swadeshi Distillery Unit
2021-09-17 16:34:43.9270 INFO Get VAT Master List Success
2021-09-17 16:34:43.9270 INFO Get Product Type Master List Success
2021-09-17 16:34:43.9419 INFO Get User Success :newswadeshi_dis
2021-09-17 16:36:00.8786 INFO Get User Success :350-Globus Spirits Limited
2021-09-17 16:36:00.9579 INFO Get User Success :350-Globus Spirits Limited
2021-09-17 16:36:00.9579 INFO Get Product Type Master List Success
2021-09-17 16:36:00.9579 INFO Get User Success :globus_dis
2021-09-17 16:40:38.2217 INFO Get User Success :350-Globus Spirits Limited
2021-09-17 16:40:38.3198 INFO Get User Success :350-Globus Spirits Limited
2021-09-17 16:40:38.3328 INFO Get Product Type Master List Success
2021-09-17 16:40:38.3328 INFO Get User Success :globus_dis
2021-09-17 16:40:57.9223 INFO Get User Success :350-Globus Spirits Limited
2021-09-17 16:40:57.9931 INFO Get Product Type Master List Success
2021-09-17 16:40:57.9931 INFO Get User Success :globus_dis
2021-09-17 16:41:09.0031 INFO Get User Success :350-Globus Spirits Limited
2021-09-17 16:42:07.8962 INFO Get User Success :350-Globus Spirits Limited
2021-09-17 16:44:03.5514 INFO Get User Success :350-Globus Spirits Limited
2021-09-17 16:44:32.3442 INFO Get User Success :350-Globus Spirits Limited
2021-09-17 16:45:11.0456 INFO Get User Success :350-Globus Spirits Limited
2021-09-17 16:52:45.3281 INFO Get User Success :350-Globus Spirits Limited
2021-09-17 16:52:56.3184 INFO Get User Success :350-Globus Spirits Limited
2021-09-17 16:53:06.0864 INFO Get User Success :350-Globus Spirits Limited
2021-09-17 16:53:17.8632 INFO Get User Success :350-Globus Spirits Limited
2021-09-17 16:56:05.3057 INFO Get User Success :350-Globus Spirits Limited
2021-09-17 16:56:26.1964 INFO Get User Success :350-Globus Spirits Limited
2021-09-17 16:56:34.7998 INFO Get User Success :350-Globus Spirits Limited
2021-09-17 16:56:36.1497 INFO Get User Success :350-Globus Spirits Limited
2021-09-17 16:56:37.2736 INFO Get User Success :350-Globus Spirits Limited
2021-09-17 16:56:40.4787 INFO Get User Success :350-Globus Spirits Limited
2021-09-17 16:57:04.8798 INFO Get User Success :350-Globus Spirits Limited
2021-09-17 16:57:12.7922 INFO Get User Success :350-Globus Spirits Limited
2021-09-17 16:57:17.0767 INFO Get User Success :350-Globus Spirits Limited
2021-09-17 16:57:32.0298 INFO Get User Success :350-Globus Spirits Limited
2021-09-17 16:57:42.2414 INFO Get User Success :350-Globus Spirits Limited
2021-09-17 16:57:51.6608 INFO Get User Success :350-Globus Spirits Limited
2021-09-17 16:57:58.5583 INFO Get User Success :350-Globus Spirits Limited
2021-09-17 16:58:06.2512 INFO Get User Success :350-Globus Spirits Limited
2021-09-17 16:58:06.2749 INFO Get Pass List Success
2021-09-17 16:58:06.2928 INFO Get Product Type Master List Success
2021-09-17 16:58:06.2928 INFO Get User Success :globus_dis
2021-09-17 17:34:15.9911 INFO Get User Success :350-Globus Spirits Limited
2021-09-17 17:34:16.0854 INFO Get User Success :350-Globus Spirits Limited
2021-09-17 17:34:16.0854 INFO Get Product Type Master List Success
2021-09-17 17:34:16.1055 INFO Get User Success :globus_dis
2021-09-17 17:34:19.4375 INFO Get User Success :350-Globus Spirits Limited
2021-09-17 17:34:19.5094 INFO Get Product Type Master List Success
2021-09-17 17:34:19.5094 INFO Get User Success :globus_dis
2021-09-17 17:34:20.7920 INFO Get User Success :350-Globus Spirits Limited
2021-09-17 17:34:20.8169 INFO Get Pass List Success
2021-09-17 17:34:20.8359 INFO Get Product Type Master List Success
2021-09-17 17:34:20.8359 INFO Get User Success :globus_dis
2021-09-17 17:34:27.0897 INFO Get User Success :350-Globus Spirits Limited
2021-09-17 17:35:02.3565 INFO Get User Success :350-Globus Spirits Limited
2021-09-17 17:35:22.4813 INFO Get Pass List Success
2021-09-17 17:35:30.5007 INFO Get User Success :350-Globus Spirits Limited
2021-09-17 17:36:18.0222 INFO Get User Success :350-Globus Spirits Limited
2021-09-17 17:38:45.4691 INFO Get Pass List Success
2021-09-17 17:38:51.3660 INFO Get User Success :350-Globus Spirits Limited
2021-09-17 17:39:17.2845 INFO Get User Success :350-Globus Spirits Limited
2021-09-17 17:39:17.3034 INFO Get Pass List Success
2021-09-17 17:39:25.0268 INFO Get User Success :350-Globus Spirits Limited
2021-09-17 17:39:31.9550 INFO Get Pass List Success
2021-09-17 17:39:37.9873 INFO Get User Success :350-Globus Spirits Limited
2021-09-17 17:39:49.6679 INFO Get User Success :350-Globus Spirits Limited
2021-09-17 17:39:57.4574 INFO Get User Success :350-Globus Spirits Limited
2021-09-17 17:40:05.7073 INFO Get User Success :350-Globus Spirits Limited
2021-09-17 17:40:14.5070 INFO Get User Success :350-Globus Spirits Limited
2021-09-17 17:40:23.9327 INFO Get Pass List Success
2021-09-17 17:40:44.4683 INFO Get User Success :350-Globus Spirits Limited
2021-09-17 17:40:44.4883 INFO Get Pass List Success
2021-09-17 17:40:53.6214 INFO Get User Success :350-Globus Spirits Limited
2021-09-17 17:42:20.1062 INFO Get User Success :108-New Swadeshi Distillery Unit
2021-09-17 17:42:20.3600 INFO Get User Success :108-New Swadeshi Distillery Unit
2021-09-17 17:42:23.3662 INFO Get Product Type Master List Success
2021-09-17 17:42:23.5083 INFO Get User Success :newswadeshi_dis
2021-09-17 17:42:32.7003 INFO Get User Success :108-New Swadeshi Distillery Unit
2021-09-17 17:42:41.2428 INFO Get User Success :339-Bihar Distillers & Bottlers Pvt. Ltd - Unit- 1
2021-09-17 17:42:41.4408 INFO Get User Success :339-Bihar Distillers & Bottlers Pvt. Ltd - Unit- 1
2021-09-17 17:42:41.5752 INFO Get Product Type Master List Success
2021-09-17 17:42:41.6476 INFO Get User Success :bdbl_dis
2021-09-17 17:42:44.0328 INFO Get User Success :339-Bihar Distillers & Bottlers Pvt. Ltd - Unit- 1
2021-09-17 17:42:48.0240 INFO Get User Success :339-Bihar Distillers & Bottlers Pvt. Ltd - Unit- 1
2021-09-17 17:42:48.5989 INFO Get Product Type Master List Success
2021-09-17 17:42:48.6755 INFO Get User Success :bdbl_dis
2021-09-17 17:42:57.6177 INFO Get User Success :339-Bihar Distillers & Bottlers Pvt. Ltd - Unit- 1
2021-09-17 17:42:58.8633 INFO Get Product Type Master List Success
2021-09-17 17:42:58.9352 INFO Get User Success :bdbl_dis
2021-09-17 17:43:03.5005 INFO Get User Success :339-Bihar Distillers & Bottlers Pvt. Ltd - Unit- 1
2021-09-17 17:43:04.1280 INFO Get Product Type Master List Success
2021-09-17 17:43:04.2056 INFO Get User Success :bdbl_dis
2021-09-17 17:45:44.7255 INFO Get User Success :339-Bihar Distillers & Bottlers Pvt. Ltd - Unit- 1
2021-09-17 17:45:46.1062 INFO Get Product Type Master List Success
2021-09-17 17:45:46.1773 INFO Get User Success :bdbl_dis
2021-09-17 17:45:49.4691 INFO Get User Success :339-Bihar Distillers & Bottlers Pvt. Ltd - Unit- 1
2021-09-17 17:45:50.1002 INFO Get Product Type Master List Success
2021-09-17 17:45:50.1720 INFO Get User Success :bdbl_dis
2021-09-17 17:49:17.1912 INFO Get User Success :339-Bihar Distillers & Bottlers Pvt. Ltd - Unit- 1
2021-09-17 17:49:18.9468 INFO Get Product Type Master List Success
2021-09-17 17:49:19.1346 INFO Get User Success :bdbl_dis
2021-09-17 17:52:29.3682 INFO Get User Success :339-Bihar Distillers & Bottlers Pvt. Ltd - Unit- 1
2021-09-17 17:52:30.2004 INFO Get Product Type Master List Success
2021-09-17 17:52:30.2862 INFO Get User Success :bdbl_dis
