2021-11-03 09:24:29.2407 INFO Get User Success :44-Administrator
2021-11-03 09:24:29.3514 INFO Get User Success :44-Administrator
2021-11-03 09:24:29.3823 INFO Get Product Type Master List Success
2021-11-03 09:24:29.3903 INFO Get User Success :Admin
2021-11-03 09:24:36.2107 INFO Get User Success :44-Administrator
2021-11-03 09:24:38.3133 INFO Get Users List Success
2021-11-03 09:24:38.3283 INFO GetFinacListValues Success
2021-11-03 09:24:38.3283 INFO Get Product Type Master List Success
2021-11-03 09:24:38.3283 INFO Get User Success :Admin
2021-11-03 09:24:47.1586 INFO Get User Success :105-Majhaulia Sugar Industry Ltd Distillery Division
2021-11-03 09:30:20.6550 INFO Get Existing data Fail :rawmaterial_receipt
2021-11-03 09:30:47.2778 INFO Get Existing data Fail :rmreceipt_storage
2021-11-03 09:30:51.4997 INFO Get Existing data Fail :rawmaterial_fermenter
2021-11-03 09:31:07.7977 INFO Get Existing data Fail :fermenter_setup
2021-11-03 09:31:24.3162 INFO Get Existing data Fail :distillation
2021-11-03 09:31:27.1488 INFO Get Existing data Fail :distillation_tostore
2021-11-03 09:31:29.6405 INFO Get Existing data Fail :fermenter_receiver
2021-11-03 09:31:32.9382 INFO Get Existing data Fail :fermenter_receiver_input
2021-11-03 09:31:48.6642 INFO Get Existing data Fail :fermenter_receiver_output
2021-11-03 09:31:50.8256 INFO Get Existing data Fail :receiver_storage_receipt
2021-11-03 09:31:52.7694 INFO Get Existing data Fail :receiver_storage_receiptvat
2021-11-03 09:32:01.6478 INFO Get Existing data Fail :receiver_storage_transfer
2021-11-03 09:32:03.6356 INFO Get Existing data Fail :storage_dispatch
2021-11-03 09:32:10.1611 INFO Get Existing data Fail :dailydispatchclosure
2021-11-03 09:32:27.1207 INFO Get Existing data Fail :vat_transfer
2021-11-03 09:32:31.3241 INFO Get Existing data Fail :rawmaterial_wastage
2021-11-03 09:32:38.5471 INFO Get Existing data Fail :molasses_indent
2021-11-03 09:32:44.5565 INFO Get Existing data Fail :molasses_prov_prod
2021-11-03 09:32:52.3842 INFO Get Existing data Fail :molasses_allotment_request
2021-11-03 09:33:00.7572 INFO Get Existing data Fail :noc
2021-11-03 09:33:13.8930 INFO Get Existing data Fail :noc_depotdetail
2021-11-03 09:33:30.1481 INFO Get Existing data Fail :release_request
2021-11-03 09:33:36.7139 INFO Get Existing data Fail :request_for_pass
2021-11-03 09:33:54.4011 INFO Get Existing data Fail :pass
2021-11-03 09:44:20.4440 INFO Get User Success :44-Administrator
2021-11-03 09:44:20.5577 INFO Get User Success :44-Administrator
2021-11-03 09:44:20.5886 INFO Get Product Type Master List Success
2021-11-03 09:44:20.5976 INFO Get User Success :Admin
2021-11-03 09:44:31.0043 INFO Get User Success :44-Administrator
2021-11-03 09:44:32.2390 INFO Get Users List Success
2021-11-03 09:44:32.2510 INFO GetFinacListValues Success
2021-11-03 09:44:32.2510 INFO Get Product Type Master List Success
2021-11-03 09:44:32.2510 INFO Get User Success :Admin
2021-11-03 09:44:37.5890 INFO Get User Success :105-Majhaulia Sugar Industry Ltd Distillery Division
2021-11-03 09:44:42.9685 INFO Get Existing data Fail :rawmaterial_receipt
2021-11-03 09:44:44.2180 INFO Get Existing data Fail :rmreceipt_storage
2021-11-03 09:44:44.9330 INFO Get Existing data Fail :rawmaterial_fermenter
2021-11-03 09:44:45.6053 INFO Get Existing data Fail :fermenter_setup
2021-11-03 09:44:46.2696 INFO Get Existing data Fail :distillation
2021-11-03 09:44:46.9264 INFO Get Existing data Fail :distillation_tostore
2021-11-03 09:44:47.5830 INFO Get Existing data Fail :fermenter_receiver
2021-11-03 09:44:48.3798 INFO Get Existing data Fail :fermenter_receiver_input
2021-11-03 09:44:49.0494 INFO Get Existing data Fail :fermenter_receiver_output
2021-11-03 09:44:49.7143 INFO Get Existing data Fail :receiver_storage_receipt
2021-11-03 09:44:50.7957 INFO Get Existing data Fail :receiver_storage_receiptvat
2021-11-03 09:44:52.8104 INFO Get Existing data Fail :receiver_storage_transfer
2021-11-03 09:44:57.6608 INFO Get Existing data Fail :storage_dispatch
2021-11-03 09:44:58.4222 INFO Get Existing data Fail :dailydispatchclosure
2021-11-03 09:44:59.0798 INFO Get Existing data Fail :vat_transfer
2021-11-03 09:44:59.7240 INFO Get Existing data Fail :rawmaterial_wastage
2021-11-03 09:45:00.3701 INFO Get Existing data Fail :molasses_indent
2021-11-03 09:45:05.1788 INFO Get Existing data Fail :molasses_prov_prod
2021-11-03 09:45:16.9927 INFO Get Existing data Fail :molasses_allotment_request
2021-11-03 09:45:18.5462 INFO Get Existing data Fail :noc
2021-11-03 09:45:23.9804 INFO Get Existing data Fail :noc_depotdetail
2021-11-03 09:45:29.0349 INFO Get Existing data Fail :release_request
2021-11-03 09:45:36.0775 INFO Get Existing data Fail :request_for_pass
2021-11-03 09:45:41.7397 INFO Get Existing data Fail :pass
2021-11-03 09:49:21.6520 INFO Get Existing data Fail :openingbalance-Connection property has not been initialized.
2021-11-03 09:51:16.0543 INFO Get User Success :44-Administrator
2021-11-03 09:51:32.4817 INFO Get User Success :44-Administrator
2021-11-03 09:51:32.5105 INFO Get Product Type Master List Success
2021-11-03 09:51:32.5210 INFO Get User Success :Admin
2021-11-03 09:53:24.7795 INFO Get User Success :44-Administrator
2021-11-03 09:53:26.3968 INFO Get Users List Success
2021-11-03 09:53:26.4094 INFO GetFinacListValues Success
2021-11-03 09:53:26.4094 INFO Get Product Type Master List Success
2021-11-03 09:53:26.4094 INFO Get User Success :Admin
2021-11-03 09:53:30.9877 INFO Get User Success :105-Majhaulia Sugar Industry Ltd Distillery Division
2021-11-03 09:53:35.0682 INFO Get Existing data Fail :rawmaterial_receipt
2021-11-03 09:53:35.7552 INFO Get Existing data Fail :rmreceipt_storage
2021-11-03 09:53:36.3922 INFO Get Existing data Fail :rawmaterial_fermenter
2021-11-03 09:53:37.0379 INFO Get Existing data Fail :fermenter_setup
2021-11-03 09:53:37.6868 INFO Get Existing data Fail :distillation
2021-11-03 09:53:38.3774 INFO Get Existing data Fail :distillation_tostore
2021-11-03 09:53:39.3231 INFO Get Existing data Fail :fermenter_receiver
2021-11-03 09:53:41.2204 INFO Get Existing data Fail :fermenter_receiver_input
2021-11-03 09:53:41.9650 INFO Get Existing data Fail :fermenter_receiver_output
2021-11-03 09:53:42.6077 INFO Get Existing data Fail :receiver_storage_receipt
2021-11-03 09:53:43.2536 INFO Get Existing data Fail :receiver_storage_receiptvat
2021-11-03 09:53:47.3581 INFO Get Existing data Fail :receiver_storage_transfer
2021-11-03 09:53:48.0171 INFO Get Existing data Fail :storage_dispatch
2021-11-03 09:53:48.8055 INFO Get Existing data Fail :dailydispatchclosure
2021-11-03 09:53:53.0044 INFO Get Existing data Fail :vat_transfer
2021-11-03 09:53:54.1644 INFO Get Existing data Fail :rawmaterial_wastage
2021-11-03 09:53:55.1067 INFO Get Existing data Fail :molasses_indent
2021-11-03 09:53:55.7609 INFO Get Existing data Fail :molasses_prov_prod
2021-11-03 09:53:59.7732 INFO Get Existing data Fail :molasses_allotment_request
2021-11-03 09:54:00.4483 INFO Get Existing data Fail :noc
2021-11-03 09:54:04.6591 INFO Get Existing data Fail :noc_depotdetail
2021-11-03 09:54:09.0325 INFO Get Existing data Fail :release_request
2021-11-03 09:54:14.3718 INFO Get Existing data Fail :request_for_pass
2021-11-03 09:54:19.9085 INFO Get Existing data Fail :pass
2021-11-03 10:07:01.1127 INFO Get User Success :44-Administrator
2021-11-03 10:07:17.1114 INFO Get User Success :44-Administrator
2021-11-03 10:07:17.1655 INFO Get Product Type Master List Success
2021-11-03 10:07:17.1781 INFO Get User Success :Admin
2021-11-03 10:07:21.5037 INFO Get User Success :44-Administrator
2021-11-03 10:07:23.0980 INFO Get Users List Success
2021-11-03 10:07:23.1100 INFO GetFinacListValues Success
2021-11-03 10:07:23.1100 INFO Get Product Type Master List Success
2021-11-03 10:07:23.1100 INFO Get User Success :Admin
2021-11-03 10:07:30.4900 INFO Get User Success :105-Majhaulia Sugar Industry Ltd Distillery Division
2021-11-03 10:07:39.7201 INFO Get Existing data Fail :rawmaterial_receipt
2021-11-03 10:07:40.5559 INFO Get Existing data Fail :rmreceipt_storage
2021-11-03 10:07:41.2124 INFO Get Existing data Fail :rawmaterial_fermenter
2021-11-03 10:07:41.8733 INFO Get Existing data Fail :fermenter_setup
2021-11-03 10:07:42.5348 INFO Get Existing data Fail :distillation
2021-11-03 10:07:43.2157 INFO Get Existing data Fail :distillation_tostore
2021-11-03 10:07:43.9188 INFO Get Existing data Fail :fermenter_receiver
2021-11-03 10:07:44.6196 INFO Get Existing data Fail :fermenter_receiver_input
2021-11-03 10:07:45.3481 INFO Get Existing data Fail :fermenter_receiver_output
2021-11-03 10:07:46.1331 INFO Get Existing data Fail :receiver_storage_receipt
2021-11-03 10:07:46.9252 INFO Get Existing data Fail :receiver_storage_receiptvat
2021-11-03 10:07:47.7532 INFO Get Existing data Fail :receiver_storage_transfer
2021-11-03 10:07:52.5872 INFO Get Existing data Fail :storage_dispatch
2021-11-03 10:07:53.3390 INFO Get Existing data Fail :dailydispatchclosure
2021-11-03 10:07:54.1078 INFO Get Existing data Fail :vat_transfer
2021-11-03 10:07:54.8717 INFO Get Existing data Fail :rawmaterial_wastage
2021-11-03 10:07:55.6189 INFO Get Existing data Fail :molasses_indent
2021-11-03 10:07:56.3002 INFO Get Existing data Fail :molasses_prov_prod
2021-11-03 10:08:00.1898 INFO Get Existing data Fail :molasses_allotment_request
2021-11-03 10:08:00.9700 INFO Get Existing data Fail :noc
2021-11-03 10:08:01.6910 INFO Get Existing data Fail :noc_depotdetail
2021-11-03 10:08:02.3499 INFO Get Existing data Fail :release_request
2021-11-03 10:08:12.3452 INFO Get Existing data Fail :request_for_pass
2021-11-03 10:08:17.1358 INFO Get Existing data Fail :pass
2021-11-03 10:34:15.5946 INFO Get User Success :44-Administrator
2021-11-03 10:34:29.4633 INFO Get User Success :44-Administrator
2021-11-03 10:34:29.5035 INFO Get Product Type Master List Success
2021-11-03 10:34:29.5035 INFO Get User Success :Admin
2021-11-03 10:34:33.5700 INFO Get User Success :44-Administrator
2021-11-03 10:34:35.4652 INFO Get Users List Success
2021-11-03 10:34:35.4769 INFO GetFinacListValues Success
2021-11-03 10:34:35.4769 INFO Get Product Type Master List Success
2021-11-03 10:34:35.4840 INFO Get User Success :Admin
2021-11-03 10:34:43.4646 INFO Get User Success :105-Majhaulia Sugar Industry Ltd Distillery Division
2021-11-03 10:34:46.4064 INFO Get Existing data Fail :rawmaterial_receipt
2021-11-03 10:34:47.0851 INFO Get Existing data Fail :rmreceipt_storage
2021-11-03 10:34:47.7487 INFO Get Existing data Fail :rawmaterial_fermenter
2021-11-03 10:34:48.4343 INFO Get Existing data Fail :fermenter_setup
2021-11-03 10:34:49.1063 INFO Get Existing data Fail :distillation
2021-11-03 10:34:49.9207 INFO Get Existing data Fail :distillation_tostore
2021-11-03 10:34:51.1540 INFO Get Existing data Fail :fermenter_receiver
2021-11-03 10:34:52.3286 INFO Get Existing data Fail :fermenter_receiver_input
2021-11-03 10:34:53.8948 INFO Get Existing data Fail :fermenter_receiver_output
2021-11-03 10:34:55.9840 INFO Get Existing data Fail :receiver_storage_receipt
2021-11-03 10:34:56.6679 INFO Get Existing data Fail :receiver_storage_receiptvat
2021-11-03 10:34:57.3181 INFO Get Existing data Fail :receiver_storage_transfer
2021-11-03 10:34:57.9603 INFO Get Existing data Fail :storage_dispatch
2021-11-03 10:35:04.1398 INFO Get Existing data Fail :dailydispatchclosure
2021-11-03 10:35:04.8567 INFO Get Existing data Fail :vat_transfer
2021-11-03 10:35:05.5743 INFO Get Existing data Fail :rawmaterial_wastage
2021-11-03 10:35:06.2737 INFO Get Existing data Fail :molasses_indent
2021-11-03 10:35:06.9562 INFO Get Existing data Fail :molasses_prov_prod
2021-11-03 10:35:07.6468 INFO Get Existing data Fail :molasses_allotment_request
2021-11-03 10:35:11.5889 INFO Get Existing data Fail :noc
2021-11-03 10:35:12.2536 INFO Get Existing data Fail :noc_depotdetail
2021-11-03 10:35:16.2730 INFO Get Existing data Fail :release_request
2021-11-03 10:35:18.2860 INFO Get Existing data Fail :request_for_pass
2021-11-03 10:35:23.2778 INFO Get Existing data Fail :pass
2021-11-03 10:36:47.4454 INFO Get Existing data Fail :openingbalance-Connection property has not been initialized.
2021-11-03 10:59:52.6926 INFO Get User Success :105-Majhaulia Sugar Industry Ltd Distillery Division
2021-11-03 11:00:14.5433 INFO Get Existing data Fail :rawmaterial_receipt
2021-11-03 11:00:42.8932 INFO Get Existing data Fail :rmreceipt_storage
2021-11-03 11:00:52.9707 INFO Get Existing data Fail :rawmaterial_fermenter-Connection property has not been initialized.
2021-11-03 11:01:04.9464 INFO Get User Success :105-Majhaulia Sugar Industry Ltd Distillery Division
2021-11-03 11:09:48.3289 INFO Get Existing data Fail :rawmaterial_receipt-Connection property has not been initialized.
2021-11-03 11:09:52.7978 INFO Get User Success :105-Majhaulia Sugar Industry Ltd Distillery Division
2021-11-03 11:12:02.8229 INFO Get Existing data Fail :rawmaterial_receipt-Connection property has not been initialized.
2021-11-03 11:12:05.8553 INFO Get User Success :105-Majhaulia Sugar Industry Ltd Distillery Division
2021-11-03 11:13:26.4857 INFO Get Existing data Fail :rawmaterial_receipt
2021-11-03 11:13:27.7159 INFO Get Existing data Fail :rmreceipt_storage
2021-11-03 11:13:28.3976 INFO Get Existing data Fail :rawmaterial_fermenter
2021-11-03 11:13:29.0714 INFO Get Existing data Fail :fermenter_setup
2021-11-03 11:13:29.7371 INFO Get Existing data Fail :distillation
2021-11-03 11:13:30.4282 INFO Get Existing data Fail :distillation_tostore
2021-11-03 11:13:31.1885 INFO Get Existing data Fail :fermenter_receiver
2021-11-03 11:13:31.9501 INFO Get Existing data Fail :fermenter_receiver_input
2021-11-03 11:13:32.6378 INFO Get Existing data Fail :fermenter_receiver_output
2021-11-03 11:13:33.3586 INFO Get Existing data Fail :receiver_storage_receipt
2021-11-03 11:13:34.0726 INFO Get Existing data Fail :receiver_storage_receiptvat
2021-11-03 11:13:34.7905 INFO Get Existing data Fail :receiver_storage_transfer
2021-11-03 11:13:39.7869 INFO Get Existing data Fail :storage_dispatch
2021-11-03 11:13:40.4540 INFO Get Existing data Fail :dailydispatchclosure
2021-11-03 11:13:41.1097 INFO Get Existing data Fail :vat_transfer
2021-11-03 11:13:41.9300 INFO Get Existing data Fail :rawmaterial_wastage
2021-11-03 11:13:42.8142 INFO Get Existing data Fail :molasses_indent
2021-11-03 11:13:47.3435 INFO Get Existing data Fail :molasses_prov_prod
2021-11-03 11:13:51.2481 INFO Get Existing data Fail :molasses_allotment_request
2021-11-03 11:13:52.2306 INFO Get Existing data Fail :noc
2021-11-03 11:14:00.0547 INFO Get Existing data Fail :noc_depotdetail
2021-11-03 11:14:01.5186 INFO Get Existing data Fail :release_request
2021-11-03 11:14:06.8712 INFO Get Existing data Fail :request_for_pass
2021-11-03 11:14:20.1334 INFO Get Existing data Fail :pass
2021-11-03 11:26:34.2830 INFO Get Existing data Fail :openingbalance
2021-11-03 11:26:49.9457 INFO Get User Success :105-Majhaulia Sugar Industry Ltd Distillery Division
2021-11-03 11:26:49.9846 INFO Get User Success :105-Majhaulia Sugar Industry Ltd Distillery Division
2021-11-03 11:26:50.0785 INFO Get Product Type Master List Success
2021-11-03 11:26:50.0855 INFO Get User Success :majhaulia_dis
2021-11-03 11:26:53.0996 INFO Get User Success :105-Majhaulia Sugar Industry Ltd Distillery Division
2021-11-03 11:26:54.7536 INFO Get Product Type Master List Success
2021-11-03 11:26:54.7595 INFO Get User Success :majhaulia_dis
2021-11-03 11:26:58.0674 INFO Get User Success :105-Majhaulia Sugar Industry Ltd Distillery Division
2021-11-03 11:26:59.1193 INFO Get Product Type Master List Success
2021-11-03 11:26:59.1193 INFO Get User Success :majhaulia_dis
2021-11-03 11:27:04.0563 INFO Get User Success :105-Majhaulia Sugar Industry Ltd Distillery Division
2021-11-03 11:29:41.1844 INFO Get Product Type Master List Success
2021-11-03 11:29:41.1914 INFO Get User Success :majhaulia_dis
2021-11-03 11:29:45.7745 INFO Get User Success :105-Majhaulia Sugar Industry Ltd Distillery Division
2021-11-03 11:29:57.8297 INFO Get Product Type Master List Success
2021-11-03 11:29:57.8347 INFO Get User Success :majhaulia_dis
