2021-09-09 12:19:20.8297 INFO Get User Success :111-New Swadeshi Sugar Mills
2021-09-09 12:19:21.3017 INFO Get User Success :111-New Swadeshi Sugar Mills
2021-09-09 12:19:22.0867 INFO Get Product Type Master List Success
2021-09-09 12:19:22.2256 INFO Get User Success :newswadeshi_sgr
2021-09-09 12:19:49.0729 INFO Sugarcanepurchase Get List Success
2021-09-09 12:19:49.1179 INFO Get User Success :111-New Swadeshi Sugar Mills
2021-09-09 12:19:49.2368 INFO Get Product Type Master List Success
2021-09-09 12:19:49.3199 INFO Get User Success :newswadeshi_sgr
2021-09-09 12:20:14.5202 INFO Sugarcanepurchase Get List Success
2021-09-09 12:20:14.5732 INFO Get User Success :111-New Swadeshi Sugar Mills
2021-09-09 12:20:28.8112 INFO Get User Success :44-Administrator
2021-09-09 12:20:29.0292 INFO Get User Success :44-Administrator
2021-09-09 12:20:29.0662 INFO Get Product Type Master List Success
2021-09-09 12:20:29.1402 INFO Get User Success :Admin
2021-09-09 12:20:34.6059 INFO Get Dept List Success
2021-09-09 12:20:34.6849 INFO Get Product Type Master List Success
2021-09-09 12:20:34.7519 INFO Get User Success :Admin
2021-09-09 12:20:39.6895 INFO Get Users List Success
2021-09-09 12:20:39.9015 INFO Get Product Type Master List Success
2021-09-09 12:20:39.9595 INFO Get User Success :Admin
2021-09-09 12:20:53.8926 INFO Get Users List Success
2021-09-09 12:21:12.4104 INFO Get Users List Success
2021-09-09 12:21:17.0531 INFO Get Users List Success
2021-09-09 12:21:17.1051 INFO Get Product Type Master List Success
2021-09-09 12:21:17.1721 INFO Get User Success :Admin
2021-09-09 12:43:28.6796 INFO Get User Success :44-Administrator
2021-09-09 12:43:29.1256 INFO Get User Success :44-Administrator
2021-09-09 12:43:29.4506 INFO Get Product Type Master List Success
2021-09-09 12:43:29.5326 INFO Get User Success :Admin
2021-09-09 12:44:01.5545 INFO Get Dept List Success
2021-09-09 12:44:01.6695 INFO Get Product Type Master List Success
2021-09-09 12:44:01.7315 INFO Get User Success :Admin
2021-09-09 12:44:13.1507 INFO Get Users List Success
2021-09-09 12:44:13.4637 INFO Get Product Type Master List Success
2021-09-09 12:44:13.5467 INFO Get User Success :Admin
2021-09-09 12:44:55.1870 INFO Get Users List Success
2021-09-09 12:45:14.7217 INFO Get Users List Success
2021-09-09 12:45:17.2915 INFO Get Users List Success
2021-09-09 13:23:49.5897 INFO Get User Success :108-New Swadeshi Distillery Unit
2021-09-09 13:23:50.0826 INFO Get User Success :108-New Swadeshi Distillery Unit
2021-09-09 13:23:50.6136 INFO Get Product Type Master List Success
2021-09-09 13:23:50.7556 INFO Get User Success :newswadeshi_dis
2021-09-09 13:23:56.0343 INFO Get User Success :108-New Swadeshi Distillery Unit
2021-09-09 13:23:56.5342 INFO Get Product Type Master List Success
2021-09-09 13:23:56.5992 INFO Get User Success :newswadeshi_dis
2021-09-09 13:24:04.8297 INFO Get User Success :108-New Swadeshi Distillery Unit
2021-09-09 13:24:14.9601 INFO Get Product Type Master List Success
2021-09-09 13:24:15.3010 INFO Get User Success :newswadeshi_dis
2021-09-09 13:24:42.5992 INFO Get User Success :108-New Swadeshi Distillery Unit
2021-09-09 13:24:42.9532 INFO Get Product Type Master List Success
2021-09-09 13:24:43.0692 INFO Get User Success :newswadeshi_dis
2021-09-09 13:24:50.4257 INFO Get User Success :108-New Swadeshi Distillery Unit
2021-09-09 13:24:53.2475 INFO Get Product Type Master List Success
2021-09-09 13:24:53.3595 INFO Get User Success :newswadeshi_dis
