2021-11-20 10:43:48.4945 INFO Get User Success :339-Bihar Distillers & Bottlers Pvt. Ltd - Unit- 1
2021-11-20 10:43:48.5941 INFO Get User Success :339-Bihar Distillers & Bottlers Pvt. Ltd - Unit- 1
2021-11-20 10:43:48.6080 INFO Get Product Type Master List Success
2021-11-20 10:43:48.6080 INFO Get User Success :bdbl_dis
2021-11-20 10:43:51.4941 INFO Get User Success :339-Bihar Distillers & Bottlers Pvt. Ltd - Unit- 1
2021-11-20 10:43:51.5040 INFO Get User Success :339-Bihar Distillers & Bottlers Pvt. Ltd - Unit- 1
2021-11-20 10:43:53.0069 INFO Get Product Type Master List Success
2021-11-20 10:43:53.0069 INFO Get User Success :bdbl_dis
2021-11-20 10:43:57.5138 INFO Get User Success :339-Bihar Distillers & Bottlers Pvt. Ltd - Unit- 1
2021-11-20 10:44:03.8041 INFO Get User Success :339-Bihar Distillers & Bottlers Pvt. Ltd - Unit- 1
2021-11-20 10:44:03.8041 INFO Get Dispach Master List Success
2021-11-20 10:44:06.0603 INFO Get VAT Master List Success
2021-11-20 10:44:06.5588 INFO Get Product Type Master List Success
2021-11-20 10:44:06.5648 INFO Get User Success :bdbl_dis
2021-11-20 10:45:23.7165 INFO Pass Insertion Sucess:913-BDB
2021-11-20 10:45:23.7573 INFO Get User Success :339-Bihar Distillers & Bottlers Pvt. Ltd - Unit- 1
2021-11-20 10:45:23.7778 INFO Get Pass List Success
2021-11-20 10:45:23.7806 INFO Get User Success :339-Bihar Distillers & Bottlers Pvt. Ltd - Unit- 1
2021-11-20 10:45:23.7996 INFO Get Product Type Master List Success
2021-11-20 10:45:23.7996 INFO Get User Success :bdbl_dis
2021-11-20 10:45:31.7193 INFO Get Pass List Success
2021-11-20 10:45:31.7193 INFO Get User Success :339-Bihar Distillers & Bottlers Pvt. Ltd - Unit- 1
2021-11-20 10:46:31.6600 INFO Get User Success :340-Bihar Distillers & Bottlers Pvt. Ltd -Bond Officer
2021-11-20 10:46:31.6869 INFO Get User Success :340-Bihar Distillers & Bottlers Pvt. Ltd -Bond Officer
2021-11-20 10:46:31.6869 INFO Get Product Type Master List Success
2021-11-20 10:46:31.6869 INFO Get User Success :bdbl_disbo
2021-11-20 10:46:39.8048 INFO Get User Success :340-Bihar Distillers & Bottlers Pvt. Ltd -Bond Officer
2021-11-20 10:46:39.8048 INFO Get User Success :340-Bihar Distillers & Bottlers Pvt. Ltd -Bond Officer
2021-11-20 10:46:41.3630 INFO Get Product Type Master List Success
2021-11-20 10:46:41.3630 INFO Get User Success :bdbl_disbo
2021-11-20 10:46:43.8971 INFO Get User Success :340-Bihar Distillers & Bottlers Pvt. Ltd -Bond Officer
2021-11-20 10:46:43.9121 INFO Get Pass List Success
2021-11-20 10:46:43.9121 INFO Get User Success :340-Bihar Distillers & Bottlers Pvt. Ltd -Bond Officer
2021-11-20 10:46:43.9121 INFO Get Product Type Master List Success
2021-11-20 10:46:43.9229 INFO Get User Success :bdbl_disbo
2021-11-20 10:46:46.3274 INFO Get Pass List Success
2021-11-20 10:46:46.3274 INFO Get User Success :340-Bihar Distillers & Bottlers Pvt. Ltd -Bond Officer
2021-11-20 10:46:52.5666 INFO Get User Success :340-Bihar Distillers & Bottlers Pvt. Ltd -Bond Officer
2021-11-20 10:46:52.5666 INFO Get Dispach Master List Success
2021-11-20 10:46:54.3059 INFO Get VAT Master List Success
2021-11-20 10:46:54.5378 INFO Get Pass List Success
2021-11-20 10:46:55.0050 INFO Get Product Type Master List Success
2021-11-20 10:46:55.0050 INFO Get User Success :bdbl_disbo
2021-11-20 10:46:59.9769 INFO Get User Success :340-Bihar Distillers & Bottlers Pvt. Ltd -Bond Officer
2021-11-20 10:46:59.9919 INFO Get Pass List Success
2021-11-20 10:46:59.9919 INFO Get User Success :340-Bihar Distillers & Bottlers Pvt. Ltd -Bond Officer
2021-11-20 10:46:59.9919 INFO Get Product Type Master List Success
2021-11-20 10:47:00.0014 INFO Get User Success :bdbl_disbo
2021-11-20 10:47:03.8535 INFO Get Pass List Success
2021-11-20 10:47:03.8535 INFO Get User Success :340-Bihar Distillers & Bottlers Pvt. Ltd -Bond Officer
2021-11-20 10:47:07.9656 INFO Get User Success :340-Bihar Distillers & Bottlers Pvt. Ltd -Bond Officer
2021-11-20 10:47:07.9686 INFO Get Dispach Master List Success
2021-11-20 10:47:09.3863 INFO Get VAT Master List Success
2021-11-20 10:47:09.9891 INFO Get Pass List Success
2021-11-20 10:47:11.1947 INFO Get Product Type Master List Success
2021-11-20 10:47:11.1947 INFO Get User Success :bdbl_disbo
2021-11-20 10:54:42.4683 INFO Pass Issued Sucess:BDB
2021-11-20 10:54:48.4032 INFO Get User Success :340-Bihar Distillers & Bottlers Pvt. Ltd -Bond Officer
2021-11-20 10:54:48.4181 INFO Get Pass List Success
2021-11-20 10:54:48.4214 INFO Get User Success :340-Bihar Distillers & Bottlers Pvt. Ltd -Bond Officer
2021-11-20 10:54:48.4214 INFO Get Product Type Master List Success
2021-11-20 10:54:48.4214 INFO Get User Success :bdbl_disbo
2021-11-20 10:54:56.8711 INFO Get Pass List Success
2021-11-20 10:54:56.8744 INFO Get User Success :340-Bihar Distillers & Bottlers Pvt. Ltd -Bond Officer
2021-11-20 10:55:08.2591 INFO Get User Success :340-Bihar Distillers & Bottlers Pvt. Ltd -Bond Officer
2021-11-20 10:55:08.2591 INFO Get Dispach Master List Success
2021-11-20 10:55:10.2910 INFO Get VAT Master List Success
2021-11-20 10:55:10.5238 INFO Get Pass List Success
2021-11-20 10:55:10.9986 INFO Get Product Type Master List Success
2021-11-20 10:55:10.9986 INFO Get User Success :bdbl_disbo
2021-11-20 11:34:49.4824 INFO Get User Success :44-Administrator
2021-11-20 11:34:49.5901 INFO Get User Success :44-Administrator
2021-11-20 11:34:49.6180 INFO Get Product Type Master List Success
2021-11-20 11:34:49.6260 INFO Get User Success :Admin
2021-11-20 11:34:54.1776 INFO Get Party Master List Success
2021-11-20 11:36:52.1798 INFO Get Party Master List Success
2021-11-20 11:36:52.2008 INFO GetFinacListValues Success
2021-11-20 11:36:52.2030 INFO Get Product Type Master List Success
2021-11-20 11:36:52.2030 INFO Get User Success :Admin
2021-11-20 11:37:41.7095 INFO Get Party Master List Success
2021-11-20 11:38:49.7489 INFO Get Party Master List Success
2021-11-20 11:38:49.7489 INFO GetFinacListValues Success
2021-11-20 11:38:49.7489 INFO Get Product Type Master List Success
2021-11-20 11:38:49.7489 INFO Get User Success :Admin
2021-11-20 11:39:29.4447 INFO Get Party Master List Success
2021-11-20 11:39:29.4447 INFO GetFinacListValues Success
2021-11-20 11:39:29.4447 INFO Get Product Type Master List Success
2021-11-20 11:39:29.4532 INFO Get User Success :Admin
2021-11-20 11:40:06.6049 INFO Get Party Master List Success :Index and length must refer to a location within the string.
Parameter name: length
2021-11-20 11:40:06.6083 INFO GetFinacListValues Success
2021-11-20 11:40:06.6083 INFO Get Product Type Master List Success
2021-11-20 11:40:06.6083 INFO Get User Success :Admin
2021-11-20 11:40:15.8478 INFO Get Party Master List Success :Index and length must refer to a location within the string.
Parameter name: length
2021-11-20 11:40:15.8478 INFO GetFinacListValues Success
2021-11-20 11:40:15.8478 INFO Get Product Type Master List Success
2021-11-20 11:40:15.8478 INFO Get User Success :Admin
2021-11-20 11:40:28.1793 INFO Get Party Master List Success
2021-11-20 11:40:28.1942 INFO GetFinacListValues Success
2021-11-20 11:40:28.1942 INFO Get Product Type Master List Success
2021-11-20 11:40:28.2008 INFO Get User Success :Admin
2021-11-20 11:41:50.7653 INFO Get Party Master List Success :String was not recognized as a valid DateTime.
2021-11-20 11:41:50.7653 INFO GetFinacListValues Success
2021-11-20 11:41:50.7653 INFO Get Product Type Master List Success
2021-11-20 11:41:50.7653 INFO Get User Success :Admin
2021-11-20 11:46:55.6790 INFO Get User Success :44-Administrator
2021-11-20 11:46:55.7897 INFO Get User Success :44-Administrator
2021-11-20 11:46:55.8205 INFO Get Product Type Master List Success
2021-11-20 11:46:55.8334 INFO Get User Success :Admin
2021-11-20 11:48:54.7592 INFO Get Party Master List Success :Index and length must refer to a location within the string.
Parameter name: length
2021-11-20 11:48:54.8031 INFO GetFinacListValues Success
2021-11-20 11:48:54.8031 INFO Get Product Type Master List Success
2021-11-20 11:48:54.8031 INFO Get User Success :Admin
2021-11-20 11:49:13.4716 INFO Get Party Master List Success
2021-11-20 11:49:13.4988 INFO GetFinacListValues Success
2021-11-20 11:49:13.4988 INFO Get Product Type Master List Success
2021-11-20 11:49:13.4988 INFO Get User Success :Admin
2021-11-20 11:50:47.9478 INFO Get Party Master List Success
2021-11-20 11:50:47.9508 INFO GetFinacListValues Success
2021-11-20 11:50:47.9508 INFO Get Product Type Master List Success
2021-11-20 11:50:47.9508 INFO Get User Success :Admin
2021-11-20 11:50:55.0179 INFO Get Party Master List Success
2021-11-20 11:50:55.5205 INFO Get Party Master List Success
2021-11-20 11:50:55.5474 INFO Get Party Master List Success
2021-11-20 11:51:02.8657 INFO Get Party Master List Success
2021-11-20 11:51:10.1783 INFO Get User Success :44-Administrator
2021-11-20 11:51:12.2756 INFO Get Users List Success
2021-11-20 11:51:12.2756 INFO GetFinacListValues Success
2021-11-20 11:51:12.2886 INFO Get Product Type Master List Success
2021-11-20 11:51:12.2886 INFO Get User Success :Admin
2021-11-20 11:51:22.7841 INFO Get User Success :44-Administrator
2021-11-20 11:51:30.6900 INFO Get Users List Success
2021-11-20 11:51:30.6900 INFO GetFinacListValues Success
2021-11-20 11:53:27.5226 INFO Get Product Type Master List Success
2021-11-20 11:53:27.5226 INFO Get User Success :Admin
2021-11-20 11:59:33.3555 INFO Get Party Master List Success
2021-11-20 11:59:33.3595 INFO GetFinacListValues Success
2021-11-20 11:59:33.3754 INFO Get Product Type Master List Success
2021-11-20 11:59:33.3754 INFO Get User Success :Admin
2021-11-20 11:59:37.8348 INFO Get User Success :44-Administrator
2021-11-20 11:59:42.2756 INFO GetFinacListValues Success
2021-11-20 11:59:42.9789 INFO Get Users List Success
2021-11-20 11:59:42.9789 INFO Get Product Type Master List Success
2021-11-20 11:59:42.9859 INFO Get User Success :Admin
2021-11-20 11:59:52.4798 INFO Get Party Master List Success
2021-11-20 11:59:52.4798 INFO GetFinacListValues Success
2021-11-20 11:59:52.4828 INFO Get Product Type Master List Success
2021-11-20 11:59:52.4828 INFO Get User Success :Admin
2021-11-20 11:59:56.7775 INFO Get User Success :44-Administrator
2021-11-20 11:59:58.2095 INFO GetFinacListValues Success
2021-11-20 11:59:58.4892 INFO Get Users List Success
2021-11-20 11:59:58.4892 INFO Get Product Type Master List Success
2021-11-20 11:59:58.4892 INFO Get User Success :Admin
2021-11-20 12:00:10.6791 INFO Get Party Master List Success
2021-11-20 12:00:10.6791 INFO GetFinacListValues Success
2021-11-20 12:00:10.6791 INFO Get Product Type Master List Success
2021-11-20 12:00:10.6871 INFO Get User Success :Admin
2021-11-20 12:01:10.0063 INFO Get User Success :44-Administrator
2021-11-20 12:01:12.2773 INFO GetFinacListValues Success
2021-11-20 12:01:12.5553 INFO Get Users List Success
2021-11-20 12:01:12.5613 INFO Get Product Type Master List Success
2021-11-20 12:01:12.5613 INFO Get User Success :Admin
2021-11-20 12:01:16.4299 INFO Get Party Master List Success
2021-11-20 12:01:16.4299 INFO GetFinacListValues Success
2021-11-20 12:01:16.4299 INFO Get Product Type Master List Success
2021-11-20 12:01:16.4389 INFO Get User Success :Admin
2021-11-20 12:01:18.5380 INFO Get User Success :44-Administrator
2021-11-20 12:01:19.7764 INFO GetFinacListValues Success
2021-11-20 12:01:20.0667 INFO Get Users List Success
2021-11-20 12:01:20.0667 INFO Get Product Type Master List Success
2021-11-20 12:01:20.0667 INFO Get User Success :Admin
2021-11-20 12:01:24.0094 INFO Get Party Master List Success
2021-11-20 12:01:24.0094 INFO GetFinacListValues Success
2021-11-20 12:01:24.0094 INFO Get Product Type Master List Success
2021-11-20 12:01:24.0174 INFO Get User Success :Admin
2021-11-20 12:04:46.3938 INFO Get Party Master List Success
2021-11-20 12:04:46.3938 INFO GetFinacListValues Success
2021-11-20 12:04:46.3938 INFO Get Product Type Master List Success
2021-11-20 12:04:46.3938 INFO Get User Success :Admin
2021-11-20 12:13:56.5814 INFO Get User Success :353-M and TP Unit
2021-11-20 12:13:56.6253 INFO Get User Success :353-M and TP Unit
2021-11-20 12:13:56.6622 INFO Get Product Type Master List Success
2021-11-20 12:13:56.6622 INFO Get User Success :mtp1
2021-11-20 12:13:59.6770 INFO Get User Success :353-M and TP Unit
2021-11-20 12:14:01.1981 INFO Get Product Type Master List Success
2021-11-20 12:14:01.2020 INFO Get User Success :mtp1
2021-11-20 12:14:03.3220 INFO Get User Success :353-M and TP Unit
2021-11-20 12:14:03.3261 INFO Get Allotment List Success
2021-11-20 12:14:03.3261 INFO Get Product Type Master List Success
2021-11-20 12:14:03.3261 INFO Get User Success :mtp1
2021-11-20 12:14:07.9032 INFO Get User Success :353-M and TP Unit
2021-11-20 12:14:07.9065 INFO Get Product Master List Success
2021-11-20 12:14:07.9065 INFO Get VAT Master List Success
2021-11-20 12:14:07.9065 INFO Get VAT Master List Success
2021-11-20 12:14:07.9065 INFO Get Product Type Master List Success
2021-11-20 12:14:07.9065 INFO Get User Success :mtp1
2021-11-20 12:14:20.5526 INFO Get VAT Details Fail :Field not found in row: party_name
2021-11-20 12:14:50.1609 INFO Get User Success :353-M and TP Unit
2021-11-20 12:14:50.1609 INFO Get Allotment List Success
2021-11-20 12:14:50.1609 INFO Get Product Type Master List Success
2021-11-20 12:14:50.1609 INFO Get User Success :mtp1
2021-11-20 12:14:52.0678 INFO Get User Success :353-M and TP Unit
2021-11-20 12:14:52.0678 INFO Get Allotment List Success
2021-11-20 12:14:52.0768 INFO Get Product Type Master List Success
2021-11-20 12:14:52.0768 INFO Get User Success :mtp1
2021-11-20 12:14:54.9996 INFO Get User Success :353-M and TP Unit
2021-11-20 12:14:54.9996 INFO Get Product Master List Success
2021-11-20 12:14:54.9996 INFO Get VAT Master List Success
2021-11-20 12:14:54.9996 INFO Get Product Type Master List Success
2021-11-20 12:14:54.9996 INFO Get User Success :mtp1
2021-11-20 12:14:57.6945 INFO Get VAT Details Fail :Field not found in row: party_name
2021-11-20 12:15:17.9072 INFO Get User Success :353-M and TP Unit
2021-11-20 12:15:17.9072 INFO Get Allotment List Success
2021-11-20 12:15:17.9072 INFO Get Product Type Master List Success
2021-11-20 12:15:17.9072 INFO Get User Success :mtp1
2021-11-20 14:45:00.2749 INFO Get User Success :98-Harinagar Sugar Mills Limited(Distillery Division)
2021-11-20 14:45:00.3755 INFO Get User Success :98-Harinagar Sugar Mills Limited(Distillery Division)
2021-11-20 14:45:00.4255 INFO Get Product Type Master List Success
2021-11-20 14:45:00.4255 INFO Get User Success :harinagar_dis
2021-11-20 14:45:03.4025 INFO Get User Success :98-Harinagar Sugar Mills Limited(Distillery Division)
2021-11-20 14:45:05.1134 INFO Get Product Type Master List Success
2021-11-20 14:45:05.1134 INFO Get User Success :harinagar_dis
2021-11-20 14:45:06.8003 INFO Get User Success :98-Harinagar Sugar Mills Limited(Distillery Division)
2021-11-20 14:45:08.1244 INFO Get Pass List Success
2021-11-20 14:45:08.1244 INFO Get User Success :98-Harinagar Sugar Mills Limited(Distillery Division)
2021-11-20 14:45:08.1244 INFO Get Product Type Master List Success
2021-11-20 14:45:08.1244 INFO Get User Success :harinagar_dis
2021-11-20 14:45:15.8394 INFO Get Pass List Success
2021-11-20 14:45:15.8414 INFO Get User Success :98-Harinagar Sugar Mills Limited(Distillery Division)
2021-11-20 14:45:27.1623 INFO Get User Success :98-Harinagar Sugar Mills Limited(Distillery Division)
2021-11-20 14:45:28.7126 INFO Get Product Type Master List Success
2021-11-20 14:45:28.7176 INFO Get User Success :harinagar_dis
2021-11-20 14:45:40.6811 INFO Get User Success :98-Harinagar Sugar Mills Limited(Distillery Division)
2021-11-20 14:45:40.6811 INFO Get Dispach Master List Success
2021-11-20 14:45:42.9290 INFO Get VAT Master List Success
2021-11-20 14:45:42.9290 INFO Get Product Type Master List Success
2021-11-20 14:45:42.9370 INFO Get User Success :harinagar_dis
