2021-10-27 17:52:42.3665 INFO Get User Success :350-Globus Spirits Limited
2021-10-27 17:52:42.4734 INFO Get User Success :350-Globus Spirits Limited
2021-10-27 17:52:42.4863 INFO Get Product Type Master List Success
2021-10-27 17:52:42.4863 INFO Get User Success :globus_dis
2021-10-27 17:52:45.7138 INFO Get User Success :350-Globus Spirits Limited
2021-10-27 17:53:14.6695 INFO Get User Success :44-Administrator
2021-10-27 17:53:14.7450 INFO Get User Success :44-Administrator
2021-10-27 17:53:14.7810 INFO Get Product Type Master List Success
2021-10-27 17:53:14.7810 INFO Get User Success :Admin
2021-10-27 17:53:23.7408 INFO Get User Success :44-Administrator
2021-10-27 17:53:23.7628 INFO Get Users List Success
2021-10-27 17:53:23.7747 INFO GetFinacListValues Success
2021-10-27 17:53:23.7747 INFO Get Product Type Master List Success
2021-10-27 17:53:23.7807 INFO Get User Success :Admin
2021-10-27 17:59:14.5134 INFO Get User Success :44-Administrator
2021-10-27 17:59:14.5316 INFO Get Users List Success
2021-10-27 17:59:14.5316 INFO GetFinacListValues Success
2021-10-27 17:59:14.5316 INFO Get Product Type Master List Success
2021-10-27 17:59:14.5316 INFO Get User Success :Admin
2021-10-27 17:59:51.3167 INFO Get User Success :105-Majhaulia Sugar Industry Ltd Distillery Division
2021-10-27 18:00:26.9100 INFO Get User Success :105-Majhaulia Sugar Industry Ltd Distillery Division
