2021-07-31 10:59:01.7963 INFO Get User Success :108-New Swadeshi Distillery Unit
2021-07-31 10:59:02.2123 INFO Get User Success :108-New Swadeshi Distillery Unit
2021-07-31 10:59:07.5079 INFO Get Product Type Master List Success
2021-07-31 10:59:07.7479 INFO Get User Success :newswadeshi_dis
2021-07-31 10:59:14.6875 INFO Get User Success :108-New Swadeshi Distillery Unit
2021-07-31 10:59:25.3248 INFO Get User Success :100-Deputy Commissioner
2021-07-31 10:59:25.5848 INFO Get User Success :100-Deputy Commissioner
2021-07-31 10:59:31.1524 INFO Get Product Type Master List Success
2021-07-31 10:59:31.2145 INFO Get User Success :hodyco
2021-07-31 10:59:53.0000 INFO Get User Success :100-Deputy Commissioner
2021-07-31 10:59:53.1881 INFO Get User Success :100-Deputy Commissioner
2021-07-31 10:59:53.2620 INFO Check WorkFlow List Success
2021-07-31 11:00:23.8471 INFO Get RR List Success
2021-07-31 11:00:24.1971 INFO Get Product Type Master List Success
2021-07-31 11:00:24.4240 INFO Get User Success :hodyco
2021-07-31 11:00:58.8118 INFO Get User Success :100-Deputy Commissioner
2021-07-31 11:00:58.8688 INFO Check WorkFlow List Success
2021-07-31 11:01:18.4626 INFO Get RR List Success
2021-07-31 11:01:18.5685 INFO Get Product Type Master List Success
2021-07-31 11:01:18.6905 INFO Get User Success :hodyco
2021-07-31 11:01:26.0781 INFO Get User Success :100-Deputy Commissioner
2021-07-31 11:01:26.1261 INFO Check WorkFlow List Success
2021-07-31 11:01:44.5479 INFO Get RR List Success
2021-07-31 11:01:52.6554 INFO Get User Success :100-Deputy Commissioner
2021-07-31 11:01:52.7334 INFO Check WorkFlow List Success
2021-07-31 11:02:13.8280 INFO Get RR List Success
2021-07-31 11:02:13.8950 INFO Get Product Type Master List Success
2021-07-31 11:02:14.0150 INFO Get User Success :hodyco
2021-07-31 11:02:14.6179 INFO Get User Success :100-Deputy Commissioner
2021-07-31 11:02:14.6829 INFO Check WorkFlow List Success
2021-07-31 11:02:35.1337 INFO Get RR List Success
2021-07-31 11:02:35.2446 INFO Get Product Type Master List Success
2021-07-31 11:02:35.3626 INFO Get User Success :hodyco
2021-07-31 11:04:31.2832 INFO Get User Success :100-Deputy Commissioner
2021-07-31 11:04:46.9582 INFO Check WorkFlow List Success
2021-07-31 11:05:10.0157 INFO Get RR List Success
2021-07-31 11:05:35.7451 INFO Get User Success :100-Deputy Commissioner
2021-07-31 11:05:38.3149 INFO Check WorkFlow List Success
2021-07-31 11:06:01.4434 INFO Get RR List Success
2021-07-31 11:09:48.0109 INFO Get User Success :100-Deputy Commissioner
2021-07-31 11:09:49.0818 INFO Check WorkFlow List Success
2021-07-31 11:10:08.5476 INFO Get RR List Success
2021-07-31 11:10:13.3452 INFO Get User Success :100-Deputy Commissioner
2021-07-31 11:10:18.1579 INFO Check WorkFlow List Success
2021-07-31 11:10:37.9297 INFO Get RR List Success
2021-07-31 11:11:53.2218 INFO Get User Success :100-Deputy Commissioner
2021-07-31 11:11:53.5468 INFO Check WorkFlow List Success
2021-07-31 11:12:18.9212 INFO Get RR List Success
2021-07-31 11:12:23.9229 INFO Get User Success :100-Deputy Commissioner
2021-07-31 11:12:23.9869 INFO Check WorkFlow List Success
2021-07-31 11:13:03.7873 INFO Get RR List Success
2021-07-31 11:13:03.8843 INFO Get Product Type Master List Success
2021-07-31 11:13:03.9973 INFO Get User Success :hodyco
2021-07-31 11:13:07.4851 INFO Get User Success :100-Deputy Commissioner
2021-07-31 11:13:07.8971 INFO Check WorkFlow List Success
2021-07-31 11:13:29.5687 INFO Get RR List Success
2021-07-31 11:13:33.0514 INFO Get User Success :100-Deputy Commissioner
2021-07-31 11:13:33.1194 INFO Check WorkFlow List Success
2021-07-31 13:27:03.8863 INFO Get User Success :108-New Swadeshi Distillery Unit
2021-07-31 13:27:12.1678 INFO Get User Success :108-New Swadeshi Distillery Unit
2021-07-31 13:30:13.6671 INFO Get Product Type Master List Success
2021-07-31 13:30:13.8941 INFO Get User Success :newswadeshi_dis
2021-07-31 13:30:36.2657 INFO Get User Success :108-New Swadeshi Distillery Unit
2021-07-31 13:30:36.3817 INFO Get Indent List Success
2021-07-31 13:30:36.5437 INFO Get Product Type Master List Success
2021-07-31 13:30:36.9277 INFO Get User Success :newswadeshi_dis
2021-07-31 13:30:40.0065 INFO Get User Success :108-New Swadeshi Distillery Unit
2021-07-31 13:30:40.0645 INFO Get Indent List Success
2021-07-31 13:30:40.8854 INFO Get User Success :108-New Swadeshi Distillery Unit
2021-07-31 13:30:41.3224 INFO Get Allotment List Success
2021-07-31 13:30:41.4384 INFO Get Product Type Master List Success
2021-07-31 13:30:41.6074 INFO Get User Success :newswadeshi_dis
2021-07-31 13:30:44.1852 INFO Get User Success :108-New Swadeshi Distillery Unit
2021-07-31 13:30:44.6282 INFO Get Allotment List Success
2021-07-31 13:35:46.6698 INFO Get User Success :108-New Swadeshi Distillery Unit
2021-07-31 13:35:46.8778 INFO Get Allotment List Success
2021-07-31 13:36:03.5267 INFO Get User Success :108-New Swadeshi Distillery Unit
2021-07-31 13:36:03.7597 INFO Get User Success :108-New Swadeshi Distillery Unit
2021-07-31 13:36:10.6173 INFO Get Product Type Master List Success
2021-07-31 13:36:10.7572 INFO Get User Success :newswadeshi_dis
2021-07-31 13:36:38.2215 INFO Get User Success :108-New Swadeshi Distillery Unit
2021-07-31 13:36:38.2875 INFO Get Indent List Success
2021-07-31 13:36:38.4535 INFO Get Product Type Master List Success
2021-07-31 13:36:38.8264 INFO Get User Success :newswadeshi_dis
2021-07-31 13:36:41.5473 INFO Get User Success :108-New Swadeshi Distillery Unit
2021-07-31 13:36:41.6843 INFO Get Indent List Success
2021-07-31 13:36:41.9503 INFO Get User Success :108-New Swadeshi Distillery Unit
2021-07-31 13:36:42.2272 INFO Get Allotment List Success
2021-07-31 13:36:42.6192 INFO Get Product Type Master List Success
2021-07-31 13:36:43.0072 INFO Get User Success :newswadeshi_dis
2021-07-31 13:36:47.6309 INFO Get User Success :108-New Swadeshi Distillery Unit
2021-07-31 13:36:47.9589 INFO Get Allotment List Success
2021-07-31 13:36:48.2028 INFO Get User Success :108-New Swadeshi Distillery Unit
2021-07-31 13:36:48.5049 INFO Get Allotment List Success
2021-07-31 13:36:52.1776 INFO Get User Success :108-New Swadeshi Distillery Unit
2021-07-31 13:36:52.3986 INFO Get Allotment List Success
2021-07-31 13:36:52.6576 INFO Get User Success :108-New Swadeshi Distillery Unit
2021-07-31 13:36:52.8756 INFO Get Allotment List Success
2021-07-31 13:37:17.2870 INFO Get User Success :108-New Swadeshi Distillery Unit
2021-07-31 13:37:17.5880 INFO Get Allotment List Success
2021-07-31 13:37:17.8249 INFO Get User Success :108-New Swadeshi Distillery Unit
2021-07-31 13:37:18.0439 INFO Get Allotment List Success
2021-07-31 13:37:20.8968 INFO Get User Success :108-New Swadeshi Distillery Unit
2021-07-31 13:37:21.1067 INFO Get Allotment List Success
2021-07-31 13:37:21.4047 INFO Get User Success :108-New Swadeshi Distillery Unit
2021-07-31 13:37:21.6347 INFO Get Allotment List Success
2021-07-31 13:37:31.0171 INFO Get User Success :108-New Swadeshi Distillery Unit
2021-07-31 13:37:31.4031 INFO Get Allotment List Success
2021-07-31 13:37:31.6621 INFO Get User Success :108-New Swadeshi Distillery Unit
2021-07-31 13:37:32.0650 INFO Get Allotment List Success
2021-07-31 13:37:36.3078 INFO Get User Success :108-New Swadeshi Distillery Unit
2021-07-31 13:37:39.8095 INFO Get Product Type Master List Success
2021-07-31 13:37:40.2045 INFO Get User Success :newswadeshi_dis
2021-07-31 14:31:39.0673 INFO Get User Success :108-New Swadeshi Distillery Unit
2021-07-31 14:31:39.5452 INFO Get User Success :108-New Swadeshi Distillery Unit
2021-07-31 14:31:46.9937 INFO Get Product Type Master List Success
2021-07-31 14:31:47.1907 INFO Get User Success :newswadeshi_dis
2021-07-31 14:31:59.1959 INFO Get User Success :108-New Swadeshi Distillery Unit
2021-07-31 14:32:03.9606 INFO Get Product Type Master List Success
2021-07-31 14:32:04.0806 INFO Get User Success :newswadeshi_dis
2021-07-31 14:32:27.1672 INFO Get User Success :108-New Swadeshi Distillery Unit
2021-07-31 14:32:39.7113 INFO Get Product Type Master List Success
2021-07-31 14:32:39.8144 INFO Get User Success :newswadeshi_dis
2021-07-31 14:32:49.7067 INFO Get User Success :108-New Swadeshi Distillery Unit
2021-07-31 14:32:53.4435 INFO Get Product Type Master List Success
2021-07-31 14:32:53.7055 INFO Get User Success :newswadeshi_dis
2021-07-31 14:33:28.6223 INFO Get User Success :44-Administrator
2021-07-31 14:33:28.8312 INFO Get User Success :44-Administrator
2021-07-31 14:33:37.5346 INFO Get Product Type Master List Success
2021-07-31 14:33:37.6127 INFO Get User Success :Admin
2021-07-31 14:33:44.7772 INFO Sugarcanepurchase Get List Success
2021-07-31 14:33:44.8212 INFO Get User Success :44-Administrator
2021-07-31 14:33:45.0002 INFO Get Product Type Master List Success
2021-07-31 14:33:45.0552 INFO Get User Success :Admin
2021-07-31 14:33:55.2995 INFO Get User Success :44-Administrator
2021-07-31 14:34:00.3602 INFO Get Product Type Master List Success
2021-07-31 14:34:00.4352 INFO Get User Success :Admin
2021-07-31 14:34:08.0267 INFO Get User Success :44-Administrator
2021-07-31 14:34:08.4957 INFO Get Product Type Master List Success
2021-07-31 14:34:08.5576 INFO Get User Success :Admin
2021-07-31 14:34:11.4375 INFO Get User Success :44-Administrator
2021-07-31 14:34:28.0224 INFO Get Product Type Master List Success
2021-07-31 14:34:28.0904 INFO Get User Success :Admin
2021-07-31 14:35:24.3988 INFO Get User Success :44-Administrator
2021-07-31 14:35:28.6915 INFO Get Product Type Master List Success
2021-07-31 14:35:28.9175 INFO Get User Success :Admin
2021-07-31 14:35:32.7493 INFO Get User Success :44-Administrator
2021-07-31 14:35:51.0821 INFO Get Product Type Master List Success
2021-07-31 14:35:51.1551 INFO Get User Success :Admin
2021-07-31 14:36:01.8724 INFO Get User Success :44-Administrator
2021-07-31 14:40:28.2363 INFO Get Product Type Master List Success
2021-07-31 14:40:28.3143 INFO Get User Success :Admin
2021-07-31 14:40:43.2884 INFO Sugarcanepurchase Get List Success
2021-07-31 14:40:43.3414 INFO Get User Success :44-Administrator
2021-07-31 14:40:43.3973 INFO Get Product Type Master List Success
2021-07-31 14:40:43.4694 INFO Get User Success :Admin
2021-07-31 14:40:46.4572 INFO Get User Success :44-Administrator
2021-07-31 14:40:51.0158 INFO Get Product Type Master List Success
2021-07-31 14:40:51.0729 INFO Get User Success :Admin
2021-07-31 14:40:59.4363 INFO Get User Success :44-Administrator
2021-07-31 14:43:26.2159 INFO Get Product Type Master List Success
2021-07-31 14:43:26.2859 INFO Get User Success :Admin
2021-07-31 17:32:32.9445 INFO Get User Success :108-New Swadeshi Distillery Unit
2021-07-31 17:32:33.4544 INFO Get User Success :108-New Swadeshi Distillery Unit
2021-07-31 17:32:41.3149 INFO Get Product Type Master List Success
2021-07-31 17:32:41.4440 INFO Get User Success :newswadeshi_dis
2021-07-31 17:32:48.2545 INFO Get User Success :108-New Swadeshi Distillery Unit
2021-07-31 17:32:52.2032 INFO Get Product Type Master List Success
2021-07-31 17:32:52.3382 INFO Get User Success :newswadeshi_dis
2021-07-31 17:32:55.5170 INFO Get User Success :108-New Swadeshi Distillery Unit
2021-07-31 17:32:55.9470 INFO Get Product Type Master List Success
2021-07-31 17:32:56.1730 INFO Get User Success :newswadeshi_dis
2021-07-31 17:33:00.6217 INFO Get User Success :108-New Swadeshi Distillery Unit
2021-07-31 17:33:02.7806 INFO Get Product Type Master List Success
2021-07-31 17:33:02.9956 INFO Get User Success :newswadeshi_dis
2021-07-31 17:33:30.4138 INFO Get User Success :108-New Swadeshi Distillery Unit
2021-07-31 17:33:30.4938 INFO Get Product Type Master List Success
2021-07-31 17:33:30.6528 INFO Get User Success :newswadeshi_dis
