2021-09-06 14:11:00.3687 INFO Get User Success :101-Commissioner
2021-09-06 14:11:17.3936 INFO Get User Success :101-Commissioner
2021-09-06 14:11:18.1986 INFO Get Product Type Master List Success
2021-09-06 14:11:18.3017 INFO Get User Success :com
2021-09-06 14:11:41.9122 INFO Get User Success :101-Commissioner
2021-09-06 14:11:42.0132 INFO Get Product Master List Success
2021-09-06 14:11:42.2562 INFO Get User Success :101-Commissioner
2021-09-06 14:11:42.3052 INFO Get Product Master List Success
2021-09-06 14:11:48.1909 INFO Check WorkFlow List Success
2021-09-06 14:12:19.9571 INFO Get RR List Success
2021-09-06 14:12:20.1841 INFO Get Product Type Master List Success
2021-09-06 14:12:20.2570 INFO Get User Success :com
2021-09-06 14:12:36.3522 INFO Get User Success :101-Commissioner
2021-09-06 14:12:36.3941 INFO Get Product Master List Success
2021-09-06 14:12:36.4451 INFO Check WorkFlow List Success
2021-09-06 14:13:05.8225 INFO Get RR List Success
2021-09-06 14:13:05.9054 INFO Get Product Type Master List Success
2021-09-06 14:13:05.9634 INFO Get User Success :com
2021-09-06 14:13:10.5711 INFO Get User Success :101-Commissioner
2021-09-06 14:13:10.6141 INFO Get Product Master List Success
2021-09-06 14:13:10.6672 INFO Check WorkFlow List Success
2021-09-06 14:13:42.3054 INFO Get RR List Success
2021-09-06 14:13:42.5384 INFO Get Product Type Master List Success
2021-09-06 14:13:42.6044 INFO Get User Success :com
2021-09-06 14:19:50.7132 INFO Get User Success :100-Deputy Commissioner
2021-09-06 14:19:50.9122 INFO Get User Success :100-Deputy Commissioner
2021-09-06 14:19:51.6971 INFO Get Product Type Master List Success
2021-09-06 14:19:51.7701 INFO Get User Success :hodyco
2021-09-06 14:19:56.2919 INFO Get User Success :100-Deputy Commissioner
2021-09-06 14:19:56.3359 INFO Get Product Master List Success
2021-09-06 14:19:56.4499 INFO Get User Success :100-Deputy Commissioner
2021-09-06 14:19:56.5048 INFO Get Product Master List Success
2021-09-06 14:19:59.1507 INFO Check WorkFlow List Success
2021-09-06 14:20:33.8268 INFO Get RR List Success
2021-09-06 14:20:33.8777 INFO Get Product Type Master List Success
2021-09-06 14:20:33.9437 INFO Get User Success :hodyco
2021-09-06 14:20:38.0995 INFO Get User Success :100-Deputy Commissioner
2021-09-06 14:20:38.1475 INFO Get Product Master List Success
2021-09-06 14:20:38.1995 INFO Check WorkFlow List Success
2021-09-06 14:21:16.2563 INFO Get RR List Success
2021-09-06 14:21:16.3063 INFO Get Product Type Master List Success
2021-09-06 14:21:16.4473 INFO Get User Success :hodyco
2021-09-06 14:21:22.3180 INFO Get User Success :100-Deputy Commissioner
2021-09-06 14:21:22.3669 INFO Get Product Master List Success
2021-09-06 14:21:22.4109 INFO Check WorkFlow List Success
2021-09-06 14:21:54.2761 INFO Get RR List Success
2021-09-06 14:21:54.3791 INFO Get Product Type Master List Success
2021-09-06 14:21:54.4911 INFO Get User Success :hodyco
2021-09-06 14:28:25.4706 INFO Get User Success :108-New Swadeshi Distillery Unit
2021-09-06 14:28:25.7386 INFO Get User Success :108-New Swadeshi Distillery Unit
2021-09-06 14:28:26.2346 INFO Get Product Type Master List Success
2021-09-06 14:28:26.3396 INFO Get User Success :newswadeshi_dis
2021-09-06 14:28:30.3914 INFO Get User Success :108-New Swadeshi Distillery Unit
2021-09-06 14:28:30.9113 INFO Get Product Type Master List Success
2021-09-06 14:28:30.9833 INFO Get User Success :newswadeshi_dis
2021-09-06 14:28:33.9431 INFO Get User Success :108-New Swadeshi Distillery Unit
2021-09-06 14:28:34.0211 INFO Get Product Type Master List Success
2021-09-06 14:28:34.1011 INFO Get User Success :newswadeshi_dis
2021-09-06 14:28:37.0900 INFO Get User Success :108-New Swadeshi Distillery Unit
2021-09-06 14:28:37.5559 INFO Get Product Type Master List Success
2021-09-06 14:28:37.6179 INFO Get User Success :newswadeshi_dis
2021-09-06 14:28:48.4093 INFO Get User Success :108-New Swadeshi Distillery Unit
2021-09-06 15:24:20.0441 INFO Get User Success :108-New Swadeshi Distillery Unit
2021-09-06 15:24:20.5971 INFO Get User Success :108-New Swadeshi Distillery Unit
2021-09-06 15:24:21.2090 INFO Get Product Type Master List Success
2021-09-06 15:24:21.3711 INFO Get User Success :newswadeshi_dis
2021-09-06 15:24:25.4598 INFO Get User Success :108-New Swadeshi Distillery Unit
2021-09-06 15:24:26.0288 INFO Get Product Type Master List Success
2021-09-06 15:24:26.1008 INFO Get User Success :newswadeshi_dis
2021-09-06 15:24:29.8945 INFO Get User Success :108-New Swadeshi Distillery Unit
2021-09-06 15:24:29.9785 INFO Get Product Type Master List Success
2021-09-06 15:24:30.0445 INFO Get User Success :newswadeshi_dis
2021-09-06 15:24:33.6483 INFO Get User Success :108-New Swadeshi Distillery Unit
2021-09-06 15:24:34.0013 INFO Get Product Type Master List Success
2021-09-06 15:24:34.0714 INFO Get User Success :newswadeshi_dis
2021-09-06 15:24:51.5133 INFO Get User Success :108-New Swadeshi Distillery Unit
2021-09-06 15:25:00.4178 INFO Get User Success :108-New Swadeshi Distillery Unit
2021-09-06 15:25:14.7280 INFO Get User Success :108-New Swadeshi Distillery Unit
2021-09-06 15:25:21.4686 INFO Get User Success :108-New Swadeshi Distillery Unit
2021-09-06 15:25:21.6516 INFO Get VAT Master List Success
2021-09-06 15:25:21.7206 INFO Get Product Type Master List Success
2021-09-06 15:25:21.8026 INFO Get User Success :newswadeshi_dis
2021-09-06 15:26:24.5370 INFO Get User Success :108-New Swadeshi Distillery Unit
2021-09-06 15:26:24.7989 INFO Get Form84 List Success
2021-09-06 15:26:24.8809 INFO Get Product Type Master List Success
2021-09-06 15:26:24.9599 INFO Get User Success :newswadeshi_dis
2021-09-06 15:27:12.4452 INFO Get User Success :108-New Swadeshi Distillery Unit
2021-09-06 15:28:17.4955 INFO Get Form84 List Success
2021-09-06 15:28:23.9831 INFO Get User Success :108-New Swadeshi Distillery Unit
2021-09-06 15:28:37.5403 INFO Get Form84 List Success
2021-09-06 15:47:47.1073 INFO Get User Fail :-The operation has timed out.
2021-09-06 15:52:42.9134 INFO Get User Success :108-New Swadeshi Distillery Unit
2021-09-06 15:53:02.4202 INFO Get User Success :108-New Swadeshi Distillery Unit
2021-09-06 15:53:03.0553 INFO Get Product Type Master List Success
2021-09-06 15:53:03.1832 INFO Get User Success :newswadeshi_dis
2021-09-06 15:53:27.7388 INFO Get User Success :108-New Swadeshi Distillery Unit
2021-09-06 15:53:28.3248 INFO Get Product Type Master List Success
2021-09-06 15:53:28.4438 INFO Get User Success :newswadeshi_dis
2021-09-06 15:53:32.9705 INFO Get User Success :108-New Swadeshi Distillery Unit
2021-09-06 15:53:33.4125 INFO Get Form84 List Success
2021-09-06 15:53:33.4895 INFO Get Product Type Master List Success
2021-09-06 15:53:33.5825 INFO Get User Success :newswadeshi_dis
2021-09-06 15:53:35.9703 INFO Get User Success :108-New Swadeshi Distillery Unit
2021-09-06 15:53:36.1424 INFO Get Form84 List Success
2021-09-06 15:53:36.2373 INFO Get Product Type Master List Success
2021-09-06 15:53:36.3623 INFO Get User Success :newswadeshi_dis
2021-09-06 15:54:02.3598 INFO Get User Success :108-New Swadeshi Distillery Unit
2021-09-06 15:54:27.3944 INFO Get User Success :108-New Swadeshi Distillery Unit
2021-09-06 15:55:05.9932 INFO Get User Success :108-New Swadeshi Distillery Unit
2021-09-06 15:55:13.5807 INFO Get User Success :108-New Swadeshi Distillery Unit
2021-09-06 15:55:13.8757 INFO Get Product Type Master List Success
2021-09-06 15:55:14.0758 INFO Get User Success :newswadeshi_dis
2021-09-06 15:55:18.7455 INFO Get User Success :108-New Swadeshi Distillery Unit
2021-09-06 15:55:19.6494 INFO Get Product Type Master List Success
2021-09-06 15:55:20.4884 INFO Get User Success :newswadeshi_dis
2021-09-06 15:55:23.9491 INFO Get User Success :108-New Swadeshi Distillery Unit
2021-09-06 15:55:24.1101 INFO Get Product Type Master List Success
2021-09-06 15:55:24.3411 INFO Get User Success :newswadeshi_dis
2021-09-06 15:55:29.4338 INFO Get User Success :108-New Swadeshi Distillery Unit
2021-09-06 15:55:29.5358 INFO Get Product Type Master List Success
2021-09-06 15:55:29.6688 INFO Get User Success :newswadeshi_dis
2021-09-06 15:55:35.0575 INFO Get User Success :108-New Swadeshi Distillery Unit
2021-09-06 15:55:35.2585 INFO Get Product Type Master List Success
2021-09-06 15:55:35.3965 INFO Get User Success :newswadeshi_dis
2021-09-06 15:58:16.4623 INFO Get User Success :108-New Swadeshi Distillery Unit
2021-09-06 15:58:16.8342 INFO Get Form84 List Success
2021-09-06 15:58:16.8852 INFO Get Product Type Master List Success
2021-09-06 15:58:17.0632 INFO Get User Success :newswadeshi_dis
2021-09-06 15:58:20.2760 INFO Get User Success :108-New Swadeshi Distillery Unit
2021-09-06 15:58:20.4330 INFO Get Form84 List Success
2021-09-06 15:58:20.4810 INFO Get Product Type Master List Success
2021-09-06 15:58:20.5940 INFO Get User Success :newswadeshi_dis
2021-09-06 15:58:24.4238 INFO Get User Success :108-New Swadeshi Distillery Unit
2021-09-06 16:10:38.2277 INFO Get User Success :108-New Swadeshi Distillery Unit
2021-09-06 16:10:38.6027 INFO Get User Success :108-New Swadeshi Distillery Unit
2021-09-06 16:10:39.3716 INFO Get Product Type Master List Success
2021-09-06 16:10:39.4936 INFO Get User Success :newswadeshi_dis
2021-09-06 16:11:07.8789 INFO Get User Success :108-New Swadeshi Distillery Unit
2021-09-06 16:11:49.8145 INFO Get Product Type Master List Success
2021-09-06 16:11:49.9235 INFO Get User Success :newswadeshi_dis
2021-09-06 16:12:40.1727 INFO Get User Success :108-New Swadeshi Distillery Unit
2021-09-06 16:12:42.8455 INFO Get Product Type Master List Success
2021-09-06 16:12:43.1845 INFO Get User Success :newswadeshi_dis
2021-09-06 16:16:17.6192 INFO Get User Success :108-New Swadeshi Distillery Unit
2021-09-06 16:16:19.9410 INFO Get Product Type Master List Success
2021-09-06 16:16:20.0670 INFO Get User Success :newswadeshi_dis
2021-09-06 16:16:25.2977 INFO Get User Success :108-New Swadeshi Distillery Unit
2021-09-06 16:17:46.7711 INFO Get User Success :108-New Swadeshi Distillery Unit
2021-09-06 16:17:47.1470 INFO Get Product Type Master List Success
2021-09-06 16:17:47.2521 INFO Get User Success :newswadeshi_dis
2021-09-06 16:18:03.4601 INFO Get User Success :111-New Swadeshi Sugar Mills
2021-09-06 16:18:03.7351 INFO Get User Success :111-New Swadeshi Sugar Mills
2021-09-06 16:18:04.4830 INFO Get Product Type Master List Success
2021-09-06 16:18:05.0291 INFO Get User Success :newswadeshi_sgr
2021-09-06 16:18:09.8787 INFO Sugarcanepurchase Get List Success
2021-09-06 16:18:10.0287 INFO Get User Success :111-New Swadeshi Sugar Mills
2021-09-06 16:18:10.1437 INFO Get Product Type Master List Success
2021-09-06 16:18:10.2567 INFO Get User Success :newswadeshi_sgr
2021-09-06 16:18:27.6067 INFO Get User Success :111-New Swadeshi Sugar Mills
2021-09-06 16:18:28.4607 INFO MIR GetList Sucess
2021-09-06 16:18:29.2216 INFO Get Product Type Master List Success
2021-09-06 16:18:29.9636 INFO Get User Success :newswadeshi_sgr
2021-09-06 16:18:46.0137 INFO Get Party Type Master List Success
2021-09-06 16:18:46.0797 INFO Get User Success :111-New Swadeshi Sugar Mills
2021-09-06 17:42:15.0582 INFO Get User Success :108-New Swadeshi Distillery Unit
2021-09-06 17:42:15.8902 INFO Get User Success :108-New Swadeshi Distillery Unit
2021-09-06 17:42:16.5942 INFO Get Product Type Master List Success
2021-09-06 17:42:16.7222 INFO Get User Success :newswadeshi_dis
2021-09-06 17:42:59.6387 INFO Get User Success :108-New Swadeshi Distillery Unit
2021-09-06 17:43:06.2733 INFO Get Product Type Master List Success
2021-09-06 17:43:06.3883 INFO Get User Success :newswadeshi_dis
2021-09-06 17:43:13.5789 INFO Get User Success :108-New Swadeshi Distillery Unit
2021-09-06 17:43:13.6529 INFO Get Product Type Master List Success
2021-09-06 17:43:13.7609 INFO Get User Success :newswadeshi_dis
2021-09-06 17:43:35.5267 INFO Get User Success :108-New Swadeshi Distillery Unit
2021-09-06 17:44:24.6858 INFO Get User Success :108-New Swadeshi Distillery Unit
2021-09-06 17:44:50.4813 INFO Get User Success :108-New Swadeshi Distillery Unit
2021-09-06 17:44:50.6723 INFO Get Product Type Master List Success
2021-09-06 17:44:50.7793 INFO Get User Success :newswadeshi_dis
2021-09-06 17:44:54.1281 INFO Get User Success :108-New Swadeshi Distillery Unit
2021-09-06 17:45:11.0601 INFO Get Product Type Master List Success
2021-09-06 17:45:11.2941 INFO Get User Success :newswadeshi_dis
