2021-11-19 10:46:54.9799 INFO Get User Success :97-Harinagar Sugar Mills Ltd
2021-11-19 10:46:57.8880 INFO Get User Success :97-Harinagar Sugar Mills Ltd
2021-11-19 10:46:57.9976 INFO Get Product Type Master List Success
2021-11-19 10:46:58.0094 INFO Get User Success :harinagar_sgr
2021-11-19 10:47:06.7115 INFO Sugarcanepurchase Get List Success
2021-11-19 10:47:06.7115 INFO Get User Success :97-Harinagar Sugar Mills Ltd
2021-11-19 10:47:06.7624 INFO Get Product Type Master List Success
2021-11-19 10:47:06.7675 INFO Get User Success :harinagar_sgr
2021-11-19 10:47:08.1731 INFO Get User Success :97-Harinagar Sugar Mills Ltd
2021-11-19 10:47:08.1961 INFO Get Product Type Master List Success
2021-11-19 10:47:08.2010 INFO Get User Success :harinagar_sgr
2021-11-19 10:47:14.1736 INFO Get User Success :97-Harinagar Sugar Mills Ltd
2021-11-19 10:47:14.1736 INFO Get VAT Master List Success
2021-11-19 10:47:21.9597 INFO Get Product Type Master List Success
2021-11-19 10:47:21.9597 INFO Get User Success :harinagar_sgr
2021-11-19 11:01:54.2044 INFO Get User Success :97-Harinagar Sugar Mills Ltd
2021-11-19 11:01:54.2044 INFO Get Product Type Master List Success
2021-11-19 11:01:54.2174 INFO Get User Success :harinagar_sgr
2021-11-19 11:01:55.2879 INFO Get User Success :97-Harinagar Sugar Mills Ltd
2021-11-19 11:01:55.2879 INFO Get VAT Master List Success
2021-11-19 11:01:56.9127 INFO Get Product Type Master List Success
2021-11-19 11:01:56.9127 INFO Get User Success :harinagar_sgr
2021-11-19 11:03:13.9407 INFO Get User Success :97-Harinagar Sugar Mills Ltd
2021-11-19 11:03:13.9585 INFO MIR GetList Sucess
2021-11-19 11:03:13.9770 INFO Get Product Type Master List Success
2021-11-19 11:03:13.9770 INFO Get User Success :harinagar_sgr
2021-11-19 11:03:49.0514 INFO Get User Success :97-Harinagar Sugar Mills Ltd
2021-11-19 11:03:49.0654 INFO Get VAT Master List Success
2021-11-19 11:03:49.0913 INFO Get Pass List Success
2021-11-19 11:03:49.0939 INFO Get Product Type Master List Success
2021-11-19 11:03:49.0939 INFO Get User Success :harinagar_sgr
2021-11-19 11:03:57.5578 INFO Get Pass List Success
2021-11-19 11:04:06.5724 INFO Get User Success :97-Harinagar Sugar Mills Ltd
2021-11-19 11:04:11.5492 INFO Get Product Type Master List Success
2021-11-19 11:04:11.5492 INFO Get User Success :harinagar_sgr
2021-11-19 11:04:19.6878 INFO Get User Success :97-Harinagar Sugar Mills Ltd
2021-11-19 11:04:19.6878 INFO MIR GetList Sucess
2021-11-19 11:04:19.7032 INFO Get Product Type Master List Success
2021-11-19 11:04:19.7032 INFO Get User Success :harinagar_sgr
2021-11-19 11:05:11.7718 INFO Sugarcanepurchase Get List Success
2021-11-19 11:05:11.7718 INFO Get User Success :97-Harinagar Sugar Mills Ltd
2021-11-19 11:05:11.7718 INFO Get Product Type Master List Success
2021-11-19 11:05:11.7818 INFO Get User Success :harinagar_sgr
2021-11-19 11:05:22.9890 INFO Get User Success :98-Harinagar Sugar Mills Limited(Distillery Division)
2021-11-19 11:05:23.0238 INFO Get User Success :98-Harinagar Sugar Mills Limited(Distillery Division)
2021-11-19 11:05:23.0747 INFO Get Product Type Master List Success
2021-11-19 11:05:23.0797 INFO Get User Success :harinagar_dis
2021-11-19 11:05:28.5575 INFO Get User Success :98-Harinagar Sugar Mills Limited(Distillery Division)
2021-11-19 11:05:29.1319 INFO Get Indent List Success
2021-11-19 11:05:29.1489 INFO Get Product Type Master List Success
2021-11-19 11:05:29.1555 INFO Get User Success :harinagar_dis
2021-11-19 11:05:32.1471 INFO Get User Success :98-Harinagar Sugar Mills Limited(Distillery Division)
2021-11-19 11:05:33.9871 INFO Get Product Type Master List Success
2021-11-19 11:05:33.9871 INFO Get User Success :harinagar_dis
2021-11-19 11:05:37.3602 INFO Get User Success :98-Harinagar Sugar Mills Limited(Distillery Division)
2021-11-19 11:05:37.3776 INFO Get Product Type Master List Success
2021-11-19 11:05:37.3776 INFO Get User Success :harinagar_dis
2021-11-19 11:05:44.1122 INFO Get User Success :98-Harinagar Sugar Mills Limited(Distillery Division)
2021-11-19 11:05:44.1122 INFO Get VAT Master List Success
2021-11-19 11:05:44.1498 INFO Get Product Type Master List Success
2021-11-19 11:05:44.1547 INFO Get User Success :harinagar_dis
2021-11-19 11:06:05.0403 INFO Get User Success :98-Harinagar Sugar Mills Limited(Distillery Division)
2021-11-19 11:06:05.0468 INFO Get VAT Master List Success
2021-11-19 11:06:05.0468 INFO Get Product Type Master List Success
2021-11-19 11:06:05.0468 INFO Get User Success :harinagar_dis
2021-11-19 11:06:06.3973 INFO Get User Success :98-Harinagar Sugar Mills Limited(Distillery Division)
2021-11-19 11:06:06.4053 INFO Get Form84 List Success
2021-11-19 11:06:06.4053 INFO Get Product Type Master List Success
2021-11-19 11:06:06.4053 INFO Get User Success :harinagar_dis
2021-11-19 11:06:14.6393 INFO Get User Success :108-New Swadeshi Distillery Unit
2021-11-19 11:06:14.6742 INFO Get User Success :108-New Swadeshi Distillery Unit
2021-11-19 11:06:14.6742 INFO Get Product Type Master List Success
2021-11-19 11:06:14.6881 INFO Get User Success :newswadeshi_dis
2021-11-19 11:06:18.1338 INFO Get User Success :108-New Swadeshi Distillery Unit
2021-11-19 11:06:19.9441 INFO Get Product Type Master List Success
2021-11-19 11:06:19.9441 INFO Get User Success :newswadeshi_dis
2021-11-19 11:06:21.9894 INFO Get User Success :108-New Swadeshi Distillery Unit
2021-11-19 11:06:21.9894 INFO Get Product Type Master List Success
2021-11-19 11:06:21.9894 INFO Get User Success :newswadeshi_dis
2021-11-19 11:06:23.2226 INFO Get User Success :108-New Swadeshi Distillery Unit
2021-11-19 11:06:23.2226 INFO Get VAT Master List Success
2021-11-19 11:06:23.2226 INFO Get Product Type Master List Success
2021-11-19 11:06:23.2326 INFO Get User Success :newswadeshi_dis
2021-11-19 11:06:23.8804 INFO Get User Success :108-New Swadeshi Distillery Unit
2021-11-19 11:06:23.8804 INFO Get Form84 List Success
2021-11-19 11:06:23.8804 INFO Get Product Type Master List Success
2021-11-19 11:06:23.8923 INFO Get User Success :newswadeshi_dis
2021-11-19 11:06:24.5057 INFO Get User Success :108-New Swadeshi Distillery Unit
2021-11-19 11:06:24.5157 INFO Get Product Type Master List Success
2021-11-19 11:06:24.5157 INFO Get User Success :newswadeshi_dis
2021-11-19 11:33:35.8403 INFO Get User Success :97-Harinagar Sugar Mills Ltd
2021-11-19 11:33:35.8772 INFO Get User Success :97-Harinagar Sugar Mills Ltd
2021-11-19 11:33:35.9291 INFO Get Product Type Master List Success
2021-11-19 11:33:35.9291 INFO Get User Success :harinagar_sgr
2021-11-19 11:33:38.5835 INFO Sugarcanepurchase Get List Success
2021-11-19 11:33:38.5835 INFO Get User Success :97-Harinagar Sugar Mills Ltd
2021-11-19 11:33:38.5835 INFO Get Product Type Master List Success
2021-11-19 11:33:38.5938 INFO Get User Success :harinagar_sgr
2021-11-19 11:33:39.8453 INFO Get User Success :97-Harinagar Sugar Mills Ltd
2021-11-19 11:33:39.8613 INFO MIR GetList Sucess
2021-11-19 11:33:39.8613 INFO Get Product Type Master List Success
2021-11-19 11:33:39.8613 INFO Get User Success :harinagar_sgr
2021-11-19 11:33:57.9386 INFO Get User Success :97-Harinagar Sugar Mills Ltd
2021-11-19 11:33:57.9386 INFO Get VAT Master List Success
2021-11-19 11:33:57.9652 INFO Get Pass List Success
2021-11-19 11:33:57.9652 INFO Get Product Type Master List Success
2021-11-19 11:33:57.9703 INFO Get User Success :harinagar_sgr
2021-11-19 11:34:00.6075 INFO Get Pass List Success
2021-11-19 11:39:22.8791 INFO Get User Success :97-Harinagar Sugar Mills Ltd
2021-11-19 11:39:22.8791 INFO Get State List Success
2021-11-19 11:39:22.9010 INFO Get Product Type Master List Success
2021-11-19 11:39:22.9063 INFO Get User Success :harinagar_sgr
2021-11-19 11:39:28.2071 INFO Get User Success :97-Harinagar Sugar Mills Ltd
2021-11-19 11:39:28.2071 INFO Get State List Success
2021-11-19 11:39:28.2071 INFO Get Product Type Master List Success
2021-11-19 11:39:28.2175 INFO Get User Success :harinagar_sgr
2021-11-19 11:40:22.3258 INFO Get User Success :97-Harinagar Sugar Mills Ltd
2021-11-19 11:40:22.3298 INFO Get State List Success
2021-11-19 11:40:22.3298 INFO Get Product Type Master List Success
2021-11-19 11:40:22.3298 INFO Get User Success :harinagar_sgr
2021-11-19 11:41:24.4628 INFO Get User Success :97-Harinagar Sugar Mills Ltd
2021-11-19 11:41:24.4668 INFO Get Product Master List Success
2021-11-19 11:41:24.8895 INFO Get RR List Success
2021-11-19 11:41:24.9134 INFO Get Product Type Master List Success
2021-11-19 11:41:24.9134 INFO Get User Success :harinagar_sgr
2021-11-19 11:41:30.1695 INFO Get User Success :97-Harinagar Sugar Mills Ltd
2021-11-19 11:41:30.1717 INFO Get Product Master List Success
2021-11-19 11:41:30.2173 INFO Get State List Success
2021-11-19 11:41:30.2173 INFO Get NOC Sucess:473
2021-11-19 11:41:32.2214 INFO Get NOC Sucess:Req/WC/HSM/MOL-NOC/2020-21/2020-21/230
2021-11-19 11:41:32.2214 INFO Get Product Type Master List Success
2021-11-19 11:41:32.2214 INFO Get User Success :harinagar_sgr
2021-11-19 11:41:35.4844 INFO Get User Success :97-Harinagar Sugar Mills Ltd
2021-11-19 11:41:35.4844 INFO Get Product Master List Success
2021-11-19 11:41:35.8828 INFO Get RR List Success
2021-11-19 11:41:35.8828 INFO Get Product Type Master List Success
2021-11-19 11:41:35.8895 INFO Get User Success :harinagar_sgr
2021-11-19 11:41:37.9006 INFO Get User Success :97-Harinagar Sugar Mills Ltd
2021-11-19 11:41:37.9006 INFO Get Product Master List Success
2021-11-19 11:41:37.9202 INFO Get State List Success
2021-11-19 11:41:37.9202 INFO Get NOC Sucess:473
2021-11-19 11:41:39.4789 INFO Get NOC Sucess:Req/WC/HSM/MOL-NOC/2020-21/2020-21/230
2021-11-19 11:41:39.7658 INFO Get NOC Details Success
2021-11-19 11:41:39.7658 INFO Get Customer Details Success
2021-11-19 11:41:40.2405 INFO Check WorkFlow List Success
2021-11-19 11:41:40.4296 INFO Get Product Type Master List Success
2021-11-19 11:41:40.4296 INFO Get User Success :harinagar_sgr
2021-11-19 11:42:21.6701 INFO Get User Success :97-Harinagar Sugar Mills Ltd
2021-11-19 11:42:21.6701 INFO Get Product Master List Success
2021-11-19 11:42:22.1155 INFO Get RR List Success
2021-11-19 11:42:22.1155 INFO Get Product Type Master List Success
2021-11-19 11:42:22.1236 INFO Get User Success :harinagar_sgr
2021-11-19 11:42:23.6954 INFO Get User Success :97-Harinagar Sugar Mills Ltd
2021-11-19 11:42:23.6954 INFO Get Product Master List Success
2021-11-19 11:42:23.7144 INFO Get State List Success
2021-11-19 11:42:23.7144 INFO Get NOC Sucess:473
2021-11-19 11:42:25.4859 INFO Get NOC Sucess:Req/WC/HSM/MOL-NOC/2020-21/2020-21/230
2021-11-19 11:42:25.4859 INFO Get Product Type Master List Success
2021-11-19 11:42:25.4859 INFO Get User Success :harinagar_sgr
2021-11-19 11:52:57.4789 INFO Get User Success :97-Harinagar Sugar Mills Ltd
2021-11-19 11:52:57.4789 INFO Get Product Master List Success
2021-11-19 11:52:57.8826 INFO Get RR List Success
2021-11-19 11:52:57.8826 INFO Get Product Type Master List Success
2021-11-19 11:52:57.8931 INFO Get User Success :harinagar_sgr
2021-11-19 11:52:59.7112 INFO Get User Success :97-Harinagar Sugar Mills Ltd
2021-11-19 11:53:01.4191 INFO Get Product Type Master List Success
2021-11-19 11:53:01.4301 INFO Get User Success :harinagar_sgr
2021-11-19 11:53:24.5781 INFO Get User Success :98-Harinagar Sugar Mills Limited(Distillery Division)
2021-11-19 11:53:24.6379 INFO Get User Success :98-Harinagar Sugar Mills Limited(Distillery Division)
2021-11-19 11:53:24.6818 INFO Get Product Type Master List Success
2021-11-19 11:53:24.6868 INFO Get User Success :harinagar_dis
2021-11-19 11:53:28.6417 INFO Get User Success :98-Harinagar Sugar Mills Limited(Distillery Division)
2021-11-19 11:53:30.0813 INFO Get Product Type Master List Success
2021-11-19 11:53:30.0813 INFO Get User Success :harinagar_dis
2021-11-19 11:53:35.5634 INFO Get User Success :98-Harinagar Sugar Mills Limited(Distillery Division)
2021-11-19 11:53:35.5895 INFO Get RR List Success
2021-11-19 11:53:35.5945 INFO Get Product Type Master List Success
2021-11-19 11:53:35.5945 INFO Get User Success :harinagar_dis
2021-11-19 11:53:38.8469 INFO Get RR List Success
2021-11-19 11:53:38.8469 INFO Get Balance Request Pass Success
2021-11-19 11:53:45.7114 INFO Insert Request Pass Success
2021-11-19 11:53:45.7367 INFO Get User Success :98-Harinagar Sugar Mills Limited(Distillery Division)
2021-11-19 11:54:09.8852 INFO Get Product Type Master List Success
2021-11-19 11:54:09.8904 INFO Get User Success :harinagar_dis
2021-11-19 11:54:22.5793 INFO Get User Success :98-Harinagar Sugar Mills Limited(Distillery Division)
2021-11-19 11:54:22.5996 INFO Get RR List Success
2021-11-19 11:54:22.6243 INFO Get RR List Success
2021-11-19 11:54:22.6243 INFO Get Balance Request Pass Success
2021-11-19 11:54:22.6243 INFO Get Product Type Master List Success
2021-11-19 11:54:22.6243 INFO Get User Success :harinagar_dis
2021-11-19 11:56:44.6956 INFO Get User Success :98-Harinagar Sugar Mills Limited(Distillery Division)
2021-11-19 11:56:46.2985 INFO Get Product Type Master List Success
2021-11-19 11:56:46.2985 INFO Get User Success :harinagar_dis
2021-11-19 11:56:50.0339 INFO Get User Success :98-Harinagar Sugar Mills Limited(Distillery Division)
2021-11-19 11:56:50.0550 INFO Get RR List Success
2021-11-19 11:56:50.0744 INFO Get RR List Success
2021-11-19 11:56:50.0744 INFO Get Balance Request Pass Success
2021-11-19 11:56:50.0744 INFO Get Product Type Master List Success
2021-11-19 11:56:50.0809 INFO Get User Success :harinagar_dis
2021-11-19 12:01:44.4292 INFO Get User Success :98-Harinagar Sugar Mills Limited(Distillery Division)
2021-11-19 12:01:44.5358 INFO Get User Success :98-Harinagar Sugar Mills Limited(Distillery Division)
2021-11-19 12:01:44.6074 INFO Get Product Type Master List Success
2021-11-19 12:01:44.6074 INFO Get User Success :harinagar_dis
2021-11-19 12:01:48.9873 INFO Get User Success :98-Harinagar Sugar Mills Limited(Distillery Division)
2021-11-19 12:01:51.0220 INFO Get Product Type Master List Success
2021-11-19 12:01:51.0220 INFO Get User Success :harinagar_dis
2021-11-19 12:02:00.6744 INFO Get User Success :98-Harinagar Sugar Mills Limited(Distillery Division)
2021-11-19 12:02:00.7064 INFO Get RR List Success
2021-11-19 12:02:00.7367 INFO Get RR List Success
2021-11-19 12:02:00.7367 INFO Get Balance Request Pass Success
2021-11-19 12:02:00.7367 INFO Get Product Type Master List Success
2021-11-19 12:02:00.7367 INFO Get User Success :harinagar_dis
2021-11-19 12:04:02.2439 INFO Get User Success :98-Harinagar Sugar Mills Limited(Distillery Division)
2021-11-19 12:04:03.9697 INFO Get Product Type Master List Success
2021-11-19 12:04:03.9697 INFO Get User Success :harinagar_dis
2021-11-19 12:04:13.1201 INFO Get User Success :98-Harinagar Sugar Mills Limited(Distillery Division)
2021-11-19 12:04:13.1400 INFO Get RR List Success
2021-11-19 12:04:13.1600 INFO Get RR List Success
2021-11-19 12:04:13.1600 INFO Get Balance Request Pass Success
2021-11-19 12:04:13.1600 INFO Get Product Type Master List Success
2021-11-19 12:04:13.1600 INFO Get User Success :harinagar_dis
2021-11-19 12:04:38.8400 INFO Get User Success :98-Harinagar Sugar Mills Limited(Distillery Division)
2021-11-19 12:04:40.2130 INFO Get Product Type Master List Success
2021-11-19 12:04:40.2180 INFO Get User Success :harinagar_dis
2021-11-19 12:04:57.8321 INFO Get User Success :98-Harinagar Sugar Mills Limited(Distillery Division)
2021-11-19 12:04:57.8575 INFO Get RR List Success
2021-11-19 12:04:57.8575 INFO Get Product Type Master List Success
2021-11-19 12:04:57.8575 INFO Get User Success :harinagar_dis
2021-11-19 12:05:00.2118 INFO Get RR List Success
2021-11-19 12:05:00.2118 INFO Get Balance Request Pass Success
2021-11-19 12:05:30.8959 INFO Get User Success :98-Harinagar Sugar Mills Limited(Distillery Division)
2021-11-19 12:05:32.2232 INFO Get Product Type Master List Success
2021-11-19 12:05:32.2232 INFO Get User Success :harinagar_dis
2021-11-19 12:07:10.1256 INFO Get User Success :98-Harinagar Sugar Mills Limited(Distillery Division)
2021-11-19 12:07:10.1501 INFO Get RR List Success
2021-11-19 12:07:10.1501 INFO Get Product Type Master List Success
2021-11-19 12:07:10.1557 INFO Get User Success :harinagar_dis
2021-11-19 12:10:45.5169 INFO Get User Success :98-Harinagar Sugar Mills Limited(Distillery Division)
2021-11-19 12:10:47.2018 INFO Get Product Type Master List Success
2021-11-19 12:10:47.2018 INFO Get User Success :harinagar_dis
2021-11-19 12:10:56.2110 INFO Get User Success :98-Harinagar Sugar Mills Limited(Distillery Division)
2021-11-19 12:10:56.7788 INFO Get RR List Success
2021-11-19 12:10:56.7808 INFO Get Product Type Master List Success
2021-11-19 12:10:56.7808 INFO Get User Success :harinagar_dis
2021-11-19 12:11:08.5610 INFO Get NOC Details Success
2021-11-19 12:11:19.9337 INFO Get NOC Details Success
2021-11-19 12:11:19.9337 INFO Get Balance Request Pass Success
2021-11-19 12:15:16.7812 INFO Get User Success :98-Harinagar Sugar Mills Limited(Distillery Division)
2021-11-19 12:15:18.3633 INFO Get Product Type Master List Success
2021-11-19 12:15:18.3633 INFO Get User Success :harinagar_dis
2021-11-19 12:15:21.5488 INFO Get User Success :98-Harinagar Sugar Mills Limited(Distillery Division)
2021-11-19 12:15:21.5720 INFO Get RR List Success
2021-11-19 12:15:21.5720 INFO Get Product Type Master List Success
2021-11-19 12:15:21.5769 INFO Get User Success :harinagar_dis
2021-11-19 12:15:32.2712 INFO Get RR List Success
2021-11-19 12:15:32.2712 INFO Get Balance Request Pass Success
2021-11-19 12:16:02.2319 INFO Get User Success :98-Harinagar Sugar Mills Limited(Distillery Division)
2021-11-19 12:16:03.6345 INFO Get Product Type Master List Success
2021-11-19 12:16:03.6404 INFO Get User Success :harinagar_dis
2021-11-19 12:22:32.1830 INFO Get User Success :98-Harinagar Sugar Mills Limited(Distillery Division)
2021-11-19 12:22:32.2111 INFO Get RR List Success
2021-11-19 12:22:32.2331 INFO Get RR List Success
2021-11-19 12:22:32.2331 INFO Get Balance Request Pass Success
2021-11-19 12:22:32.2331 INFO Get Product Type Master List Success
2021-11-19 12:22:32.2331 INFO Get User Success :harinagar_dis
2021-11-19 12:22:33.9280 INFO Get User Success :98-Harinagar Sugar Mills Limited(Distillery Division)
2021-11-19 12:51:53.2823 INFO Get Product Type Master List Success
2021-11-19 12:51:53.2823 INFO Get User Success :harinagar_dis
2021-11-19 12:52:29.5280 INFO Get User Success :98-Harinagar Sugar Mills Limited(Distillery Division)
2021-11-19 12:52:29.6279 INFO Get User Success :98-Harinagar Sugar Mills Limited(Distillery Division)
2021-11-19 12:52:29.6692 INFO Get Product Type Master List Success
2021-11-19 12:52:29.6776 INFO Get User Success :harinagar_dis
2021-11-19 12:52:32.8415 INFO Get User Success :98-Harinagar Sugar Mills Limited(Distillery Division)
2021-11-19 12:52:34.2633 INFO Get Product Type Master List Success
2021-11-19 12:52:34.2683 INFO Get User Success :harinagar_dis
2021-11-19 12:52:37.4685 INFO Get User Success :98-Harinagar Sugar Mills Limited(Distillery Division)
2021-11-19 12:52:37.5026 INFO Get RR List Success
2021-11-19 12:52:37.5026 INFO Get Product Type Master List Success
2021-11-19 12:52:37.5026 INFO Get User Success :harinagar_dis
2021-11-19 12:52:51.0911 INFO Get RR List Success
2021-11-19 12:52:51.0931 INFO Get Balance Request Pass Success
2021-11-19 13:12:54.1983 INFO Get User Success :98-Harinagar Sugar Mills Limited(Distillery Division)
2021-11-19 13:12:54.3006 INFO Get User Success :98-Harinagar Sugar Mills Limited(Distillery Division)
2021-11-19 13:12:54.3560 INFO Get Product Type Master List Success
2021-11-19 13:12:54.3667 INFO Get User Success :harinagar_dis
2021-11-19 13:12:59.4834 INFO Get User Success :98-Harinagar Sugar Mills Limited(Distillery Division)
2021-11-19 13:13:01.2808 INFO Get Product Type Master List Success
2021-11-19 13:13:01.2808 INFO Get User Success :harinagar_dis
2021-11-19 13:13:05.5438 INFO Get User Success :98-Harinagar Sugar Mills Limited(Distillery Division)
2021-11-19 13:13:05.5765 INFO Get RR List Success
2021-11-19 13:13:05.5765 INFO Get Product Type Master List Success
2021-11-19 13:13:05.5765 INFO Get User Success :harinagar_dis
2021-11-19 13:13:11.1364 INFO Get RR List Success
2021-11-19 13:13:11.1390 INFO Get Balance Request Pass Success
2021-11-19 13:14:55.9920 INFO Get User Success :98-Harinagar Sugar Mills Limited(Distillery Division)
2021-11-19 13:14:57.4173 INFO Get Product Type Master List Success
2021-11-19 13:14:57.4223 INFO Get User Success :harinagar_dis
2021-11-19 13:15:11.6814 INFO Get User Success :98-Harinagar Sugar Mills Limited(Distillery Division)
2021-11-19 13:15:11.6999 INFO Get RR List Success
2021-11-19 13:15:11.6999 INFO Get Product Type Master List Success
2021-11-19 13:15:11.7046 INFO Get User Success :harinagar_dis
2021-11-19 13:15:17.3071 INFO Get RR List Success
2021-11-19 13:15:17.3071 INFO Get Balance Request Pass Success
2021-11-19 13:15:50.8517 INFO Get User Success :98-Harinagar Sugar Mills Limited(Distillery Division)
2021-11-19 13:15:51.8355 INFO Get Product Type Master List Success
2021-11-19 13:15:51.8415 INFO Get User Success :harinagar_dis
2021-11-19 13:15:55.3392 INFO Get User Success :98-Harinagar Sugar Mills Limited(Distillery Division)
2021-11-19 13:15:55.3683 INFO Get RR List Success
2021-11-19 13:15:55.3683 INFO Get Product Type Master List Success
2021-11-19 13:15:55.3735 INFO Get User Success :harinagar_dis
2021-11-19 13:17:40.2637 INFO Get User Success :98-Harinagar Sugar Mills Limited(Distillery Division)
2021-11-19 13:22:48.9393 INFO Get Product Type Master List Success
2021-11-19 13:22:48.9393 INFO Get User Success :harinagar_dis
2021-11-19 13:23:55.1061 INFO Get User Success :98-Harinagar Sugar Mills Limited(Distillery Division)
2021-11-19 13:23:55.2067 INFO Get User Success :98-Harinagar Sugar Mills Limited(Distillery Division)
2021-11-19 13:23:55.2597 INFO Get Product Type Master List Success
2021-11-19 13:23:55.2686 INFO Get User Success :harinagar_dis
2021-11-19 13:24:00.5647 INFO Get User Success :98-Harinagar Sugar Mills Limited(Distillery Division)
2021-11-19 13:24:02.0523 INFO Get Product Type Master List Success
2021-11-19 13:24:02.0612 INFO Get User Success :harinagar_dis
2021-11-19 13:24:04.7381 INFO Get User Success :98-Harinagar Sugar Mills Limited(Distillery Division)
2021-11-19 13:24:04.7674 INFO Get RR List Success
2021-11-19 13:24:04.7955 INFO Get RR List Success
2021-11-19 13:24:04.7955 INFO Get Balance Request Pass Success
2021-11-19 13:24:04.7955 INFO Get Product Type Master List Success
2021-11-19 13:24:04.7955 INFO Get User Success :harinagar_dis
2021-11-19 13:25:29.2470 INFO Get User Success :98-Harinagar Sugar Mills Limited(Distillery Division)
2021-11-19 13:25:29.2679 INFO Get RR List Success
2021-11-19 13:25:29.2892 INFO Get RR List Success
2021-11-19 13:25:29.2892 INFO Get Balance Request Pass Success
2021-11-19 13:25:29.2892 INFO Get Product Type Master List Success
2021-11-19 13:25:29.2959 INFO Get User Success :harinagar_dis
2021-11-19 13:25:38.3199 INFO Get User Success :98-Harinagar Sugar Mills Limited(Distillery Division)
2021-11-19 13:39:19.9289 INFO Get User Success :98-Harinagar Sugar Mills Limited(Distillery Division)
2021-11-19 13:39:24.9011 INFO Get User Success :98-Harinagar Sugar Mills Limited(Distillery Division)
2021-11-19 13:39:24.9592 INFO Get Product Type Master List Success
2021-11-19 13:39:24.9692 INFO Get User Success :harinagar_dis
2021-11-19 13:44:30.5189 INFO Get User Success :98-Harinagar Sugar Mills Limited(Distillery Division)
2021-11-19 13:44:34.5290 INFO Get Product Type Master List Success
2021-11-19 13:44:34.5290 INFO Get User Success :harinagar_dis
2021-11-19 13:44:40.1963 INFO Get User Success :98-Harinagar Sugar Mills Limited(Distillery Division)
2021-11-19 13:44:40.2246 INFO Get RR List Success
2021-11-19 13:44:40.2246 INFO Get Product Type Master List Success
2021-11-19 13:44:40.2327 INFO Get User Success :harinagar_dis
2021-11-19 13:44:45.0691 INFO Get RR List Success
2021-11-19 13:44:45.0691 INFO Get Balance Request Pass Success
2021-11-19 13:45:26.9903 INFO Get User Success :98-Harinagar Sugar Mills Limited(Distillery Division)
2021-11-19 13:45:28.7296 INFO Get Product Type Master List Success
2021-11-19 13:45:28.7345 INFO Get User Success :harinagar_dis
2021-11-19 13:45:31.4843 INFO Get User Success :98-Harinagar Sugar Mills Limited(Distillery Division)
2021-11-19 13:45:31.5065 INFO Get RR List Success
2021-11-19 13:45:31.5405 INFO Get RR List Success
2021-11-19 13:45:31.5405 INFO Get Balance Request Pass Success
2021-11-19 13:45:31.5405 INFO Get Product Type Master List Success
2021-11-19 13:45:31.5475 INFO Get User Success :harinagar_dis
2021-11-19 13:46:18.9207 INFO Get User Success :98-Harinagar Sugar Mills Limited(Distillery Division)
2021-11-19 13:46:20.7900 INFO Get Product Type Master List Success
2021-11-19 13:46:20.7951 INFO Get User Success :harinagar_dis
2021-11-19 13:46:27.8775 INFO Get User Success :98-Harinagar Sugar Mills Limited(Distillery Division)
2021-11-19 13:46:28.4798 INFO Get RR List Success
2021-11-19 13:46:28.4826 INFO Get Product Type Master List Success
2021-11-19 13:46:28.4826 INFO Get User Success :harinagar_dis
2021-11-19 13:47:28.5607 INFO Get NOC Details Success
2021-11-19 13:47:46.3034 INFO Get NOC Details Success
2021-11-19 13:47:46.3034 INFO Get Balance Request Pass Success
2021-11-19 13:48:23.5107 INFO Get User Success :98-Harinagar Sugar Mills Limited(Distillery Division)
2021-11-19 13:48:25.0657 INFO Get Product Type Master List Success
2021-11-19 13:48:25.0657 INFO Get User Success :harinagar_dis
2021-11-19 13:48:32.9273 INFO Get User Success :98-Harinagar Sugar Mills Limited(Distillery Division)
2021-11-19 13:48:33.4980 INFO Get RR List Success
2021-11-19 13:48:33.4980 INFO Get Product Type Master List Success
2021-11-19 13:48:33.4980 INFO Get User Success :harinagar_dis
2021-11-19 13:48:40.4753 INFO Get NOC Details Success
2021-11-19 13:48:47.1144 INFO Get NOC Details Success
2021-11-19 13:48:47.1144 INFO Get Balance Request Pass Success
2021-11-19 13:49:00.4632 INFO Get User Success :98-Harinagar Sugar Mills Limited(Distillery Division)
2021-11-19 13:49:02.2105 INFO Get Product Type Master List Success
2021-11-19 13:49:02.2105 INFO Get User Success :harinagar_dis
2021-11-19 14:17:42.0424 INFO Get User Success :340-Bihar Distillers & Bottlers Pvt. Ltd -Bond Officer
2021-11-19 14:17:42.1271 INFO Get User Success :340-Bihar Distillers & Bottlers Pvt. Ltd -Bond Officer
2021-11-19 14:17:42.1271 INFO Get Product Type Master List Success
2021-11-19 14:17:42.1401 INFO Get User Success :bdbl_disbo
2021-11-19 14:17:46.1612 INFO Get User Success :340-Bihar Distillers & Bottlers Pvt. Ltd -Bond Officer
2021-11-19 14:17:47.6623 INFO Get User Success :340-Bihar Distillers & Bottlers Pvt. Ltd -Bond Officer
2021-11-19 14:17:48.3297 INFO Get Product Type Master List Success
2021-11-19 14:17:48.3437 INFO Get User Success :bdbl_disbo
2021-11-19 14:17:50.9719 INFO Get User Success :340-Bihar Distillers & Bottlers Pvt. Ltd -Bond Officer
2021-11-19 14:17:51.0038 INFO Get Product Type Master List Success
2021-11-19 14:17:51.0038 INFO Get User Success :bdbl_disbo
2021-11-19 14:17:52.7918 INFO Get User Success :340-Bihar Distillers & Bottlers Pvt. Ltd -Bond Officer
2021-11-19 14:18:51.8170 INFO Get Product Type Master List Success
2021-11-19 14:18:51.8170 INFO Get User Success :bdbl_disbo
2021-11-19 14:19:02.1239 INFO Get User Success :340-Bihar Distillers & Bottlers Pvt. Ltd -Bond Officer
2021-11-19 14:19:51.3882 INFO Get Product Type Master List Success
2021-11-19 14:19:51.3942 INFO Get User Success :bdbl_disbo
2021-11-19 14:22:06.8636 INFO Get User Success :340-Bihar Distillers & Bottlers Pvt. Ltd -Bond Officer
2021-11-19 14:22:06.8636 INFO Get VAT Master List Success
2021-11-19 14:22:06.8840 INFO Get Product Type Master List Success
2021-11-19 14:22:06.8892 INFO Get User Success :bdbl_disbo
2021-11-19 14:22:12.3622 INFO Get User Success :340-Bihar Distillers & Bottlers Pvt. Ltd -Bond Officer
2021-11-19 14:22:12.3622 INFO Get VAT Master List Success
2021-11-19 14:24:16.6446 INFO Get User Success :340-Bihar Distillers & Bottlers Pvt. Ltd -Bond Officer
2021-11-19 14:24:16.7462 INFO Get User Success :340-Bihar Distillers & Bottlers Pvt. Ltd -Bond Officer
2021-11-19 14:24:16.7593 INFO Get Product Type Master List Success
2021-11-19 14:24:16.7689 INFO Get User Success :bdbl_disbo
2021-11-19 14:24:23.1600 INFO Get User Success :340-Bihar Distillers & Bottlers Pvt. Ltd -Bond Officer
2021-11-19 14:24:29.6273 INFO Get User Success :340-Bihar Distillers & Bottlers Pvt. Ltd -Bond Officer
2021-11-19 14:24:32.9719 INFO Get Product Type Master List Success
2021-11-19 14:24:32.9719 INFO Get User Success :bdbl_disbo
2021-11-19 14:24:38.3233 INFO Get User Success :340-Bihar Distillers & Bottlers Pvt. Ltd -Bond Officer
2021-11-19 14:24:38.3291 INFO Get VAT Master List Success
2021-11-19 14:24:38.3550 INFO Get Product Type Master List Success
2021-11-19 14:24:38.3599 INFO Get User Success :bdbl_disbo
2021-11-19 14:24:40.1294 INFO Get User Success :340-Bihar Distillers & Bottlers Pvt. Ltd -Bond Officer
2021-11-19 14:24:40.1294 INFO Get VAT Master List Success
2021-11-19 14:24:41.5290 INFO Get Product Type Master List Success
2021-11-19 14:24:41.5290 INFO Get User Success :bdbl_disbo
2021-11-19 14:24:51.3381 INFO Get User Success :340-Bihar Distillers & Bottlers Pvt. Ltd -Bond Officer
2021-11-19 14:24:51.3451 INFO Get Form84 List Success
2021-11-19 14:24:51.3618 INFO Get Product Type Master List Success
2021-11-19 14:24:51.3618 INFO Get User Success :bdbl_disbo
2021-11-19 14:24:54.4756 INFO Get User Success :340-Bihar Distillers & Bottlers Pvt. Ltd -Bond Officer
2021-11-19 14:24:54.5003 INFO Get Product Type Master List Success
2021-11-19 14:24:54.5003 INFO Get User Success :bdbl_disbo
2021-11-19 14:24:56.8271 INFO Get User Success :340-Bihar Distillers & Bottlers Pvt. Ltd -Bond Officer
2021-11-19 14:24:56.8271 INFO Get VAT Master List Success
2021-11-19 14:24:56.8271 INFO Get VAT Master List Success
2021-11-19 14:24:56.8442 INFO Get Product Type Master List Success
2021-11-19 14:24:56.8442 INFO Get User Success :bdbl_disbo
2021-11-19 14:33:05.9717 INFO Get User Success :340-Bihar Distillers & Bottlers Pvt. Ltd -Bond Officer
2021-11-19 14:33:05.9717 INFO Get Product Type Master List Success
2021-11-19 14:33:05.9717 INFO Get User Success :bdbl_disbo
2021-11-19 14:33:09.7472 INFO Get User Success :340-Bihar Distillers & Bottlers Pvt. Ltd -Bond Officer
2021-11-19 14:33:09.7492 INFO Get VAT Master List Success
2021-11-19 14:33:09.7492 INFO Get VAT Master List Success
2021-11-19 14:33:09.7492 INFO Get Product Type Master List Success
2021-11-19 14:33:09.7670 INFO Get User Success :bdbl_disbo
2021-11-19 14:33:16.8451 INFO Get User Success :340-Bihar Distillers & Bottlers Pvt. Ltd -Bond Officer
2021-11-19 14:33:16.8451 INFO Get Product Type Master List Success
2021-11-19 14:33:16.8588 INFO Get User Success :bdbl_disbo
2021-11-19 15:04:23.1966 INFO Get User Success :340-Bihar Distillers & Bottlers Pvt. Ltd -Bond Officer
2021-11-19 15:04:23.3037 INFO Get User Success :340-Bihar Distillers & Bottlers Pvt. Ltd -Bond Officer
2021-11-19 15:04:23.3179 INFO Get Product Type Master List Success
2021-11-19 15:04:23.3356 INFO Get User Success :bdbl_disbo
2021-11-19 15:04:28.0286 INFO Get User Success :340-Bihar Distillers & Bottlers Pvt. Ltd -Bond Officer
2021-11-19 15:04:40.0190 INFO Get User Success :339-Bihar Distillers & Bottlers Pvt. Ltd - Unit- 1
2021-11-19 15:04:40.0410 INFO Get User Success :339-Bihar Distillers & Bottlers Pvt. Ltd - Unit- 1
2021-11-19 15:04:40.0410 INFO Get Product Type Master List Success
2021-11-19 15:04:40.0520 INFO Get User Success :bdbl_dis
2021-11-19 15:04:45.8727 INFO Get User Success :339-Bihar Distillers & Bottlers Pvt. Ltd - Unit- 1
2021-11-19 15:04:45.8820 INFO Get User Success :339-Bihar Distillers & Bottlers Pvt. Ltd - Unit- 1
2021-11-19 15:04:47.6210 INFO Get Product Type Master List Success
2021-11-19 15:04:47.6280 INFO Get User Success :bdbl_dis
2021-11-19 15:04:55.4530 INFO Get User Success :339-Bihar Distillers & Bottlers Pvt. Ltd - Unit- 1
2021-11-19 15:05:37.5134 INFO Get User Success :339-Bihar Distillers & Bottlers Pvt. Ltd - Unit- 1
2021-11-19 15:05:40.3143 INFO Get Product Master List Success
2021-11-19 15:05:40.8776 INFO Get User Success :339-Bihar Distillers & Bottlers Pvt. Ltd - Unit- 1
2021-11-19 15:05:40.8776 INFO Get Balance Request Pass Success
2021-11-19 15:05:41.0860 INFO Get User Success :339-Bihar Distillers & Bottlers Pvt. Ltd - Unit- 1
2021-11-19 15:05:41.0860 INFO Get Balance Request Pass Success
2021-11-19 15:05:41.3269 INFO Get Product Type Master List Success
2021-11-19 15:05:41.3269 INFO Get User Success :bdbl_dis
2021-11-19 15:05:43.9181 INFO Get User Success :339-Bihar Distillers & Bottlers Pvt. Ltd - Unit- 1
2021-11-19 15:05:43.9201 INFO Get User Success :339-Bihar Distillers & Bottlers Pvt. Ltd - Unit- 1
2021-11-19 15:05:56.2943 INFO Get Product Type Master List Success
2021-11-19 15:05:56.3006 INFO Get User Success :bdbl_dis
2021-11-19 15:05:59.6834 INFO Get User Success :339-Bihar Distillers & Bottlers Pvt. Ltd - Unit- 1
2021-11-19 15:06:05.2571 INFO Get User Success :339-Bihar Distillers & Bottlers Pvt. Ltd - Unit- 1
2021-11-19 15:08:30.5591 INFO Get RR List Success
2021-11-19 15:08:32.5350 INFO Get NOC Details Success
2021-11-19 15:08:32.7814 INFO Get NOC Details Success
2021-11-19 15:08:32.7814 INFO Get User Success :339-Bihar Distillers & Bottlers Pvt. Ltd - Unit- 1
2021-11-19 15:08:32.7954 INFO Get Balance Request Pass Success
2021-11-19 15:08:32.7954 INFO Get Product Type Master List Success
2021-11-19 15:08:32.7954 INFO Get User Success :bdbl_dis
2021-11-19 15:08:57.9008 INFO Get User Success :339-Bihar Distillers & Bottlers Pvt. Ltd - Unit- 1
2021-11-19 15:08:57.9220 INFO Get Pass List Success
2021-11-19 15:08:57.9220 INFO Get User Success :339-Bihar Distillers & Bottlers Pvt. Ltd - Unit- 1
2021-11-19 15:08:57.9452 INFO Get Product Type Master List Success
2021-11-19 15:08:57.9527 INFO Get User Success :bdbl_dis
2021-11-19 15:09:02.4548 INFO Get Pass List Success
2021-11-19 15:09:02.4548 INFO Get User Success :339-Bihar Distillers & Bottlers Pvt. Ltd - Unit- 1
2021-11-19 15:09:15.6236 INFO Get User Success :339-Bihar Distillers & Bottlers Pvt. Ltd - Unit- 1
2021-11-19 15:09:15.6236 INFO Get User Success :339-Bihar Distillers & Bottlers Pvt. Ltd - Unit- 1
2021-11-19 15:09:17.3281 INFO Get Product Type Master List Success
2021-11-19 15:09:17.3281 INFO Get User Success :bdbl_dis
2021-11-19 15:09:21.7143 INFO Get User Success :339-Bihar Distillers & Bottlers Pvt. Ltd - Unit- 1
2021-11-19 15:09:25.4849 INFO Get User Success :339-Bihar Distillers & Bottlers Pvt. Ltd - Unit- 1
2021-11-19 15:09:25.4985 INFO Get Dispach Master List Success
2021-11-19 15:09:27.3818 INFO Get VAT Master List Success
2021-11-19 15:09:27.5459 INFO Get Product Type Master List Success
2021-11-19 15:09:27.5459 INFO Get User Success :bdbl_dis
2021-11-19 15:10:01.0828 INFO Get User Success :339-Bihar Distillers & Bottlers Pvt. Ltd - Unit- 1
2021-11-19 15:10:01.0828 INFO Get User Success :339-Bihar Distillers & Bottlers Pvt. Ltd - Unit- 1
2021-11-19 15:10:02.4815 INFO Get Product Type Master List Success
2021-11-19 15:10:02.4875 INFO Get User Success :bdbl_dis
2021-11-19 15:10:08.1694 INFO Get User Success :339-Bihar Distillers & Bottlers Pvt. Ltd - Unit- 1
2021-11-19 15:10:16.3229 INFO Get User Success :339-Bihar Distillers & Bottlers Pvt. Ltd - Unit- 1
2021-11-19 15:10:16.3229 INFO Get Dispach Master List Success
2021-11-19 15:10:18.6328 INFO Get VAT Master List Success
2021-11-19 15:10:19.2259 INFO Get Product Type Master List Success
2021-11-19 15:10:19.2439 INFO Get User Success :bdbl_dis
2021-11-19 15:11:11.0673 INFO Get User Success :339-Bihar Distillers & Bottlers Pvt. Ltd - Unit- 1
2021-11-19 15:11:11.0673 INFO Get User Success :339-Bihar Distillers & Bottlers Pvt. Ltd - Unit- 1
2021-11-19 15:11:12.6449 INFO Get Product Type Master List Success
2021-11-19 15:11:12.6449 INFO Get User Success :bdbl_dis
2021-11-19 15:11:16.6002 INFO Get User Success :339-Bihar Distillers & Bottlers Pvt. Ltd - Unit- 1
2021-11-19 15:11:22.6735 INFO Get User Success :339-Bihar Distillers & Bottlers Pvt. Ltd - Unit- 1
2021-11-19 15:13:15.7784 INFO Get RR List Success
2021-11-19 15:13:53.0142 INFO Get NOC Details Success
2021-11-19 15:13:53.2620 INFO Get NOC Details Success
2021-11-19 15:13:53.2709 INFO Get User Success :339-Bihar Distillers & Bottlers Pvt. Ltd - Unit- 1
2021-11-19 15:13:53.2709 INFO Get Balance Request Pass Success
2021-11-19 15:13:53.2709 INFO Get Product Type Master List Success
2021-11-19 15:13:53.2824 INFO Get User Success :bdbl_dis
2021-11-19 15:17:35.9014 INFO Get User Success :339-Bihar Distillers & Bottlers Pvt. Ltd - Unit- 1
2021-11-19 15:17:35.9044 INFO Get User Success :339-Bihar Distillers & Bottlers Pvt. Ltd - Unit- 1
2021-11-19 15:17:38.5632 INFO Get Product Type Master List Success
2021-11-19 15:17:38.5632 INFO Get User Success :bdbl_dis
2021-11-19 15:17:42.5220 INFO Get User Success :339-Bihar Distillers & Bottlers Pvt. Ltd - Unit- 1
2021-11-19 15:17:46.7129 INFO Get User Success :339-Bihar Distillers & Bottlers Pvt. Ltd - Unit- 1
2021-11-19 15:17:46.7129 INFO Get Dispach Master List Success
2021-11-19 15:17:53.3085 INFO Get VAT Master List Success
2021-11-19 15:17:54.6435 INFO Get Product Type Master List Success
2021-11-19 15:17:54.6435 INFO Get User Success :bdbl_dis
2021-11-19 15:23:28.3811 INFO Get User Success :339-Bihar Distillers & Bottlers Pvt. Ltd - Unit- 1
2021-11-19 15:23:28.4001 INFO Get Pass List Success
2021-11-19 15:23:28.4001 INFO Get User Success :339-Bihar Distillers & Bottlers Pvt. Ltd - Unit- 1
2021-11-19 15:23:28.4046 INFO Get Product Type Master List Success
2021-11-19 15:23:28.4046 INFO Get User Success :bdbl_dis
2021-11-19 15:23:32.9284 INFO Get User Success :339-Bihar Distillers & Bottlers Pvt. Ltd - Unit- 1
2021-11-19 15:23:32.9284 INFO Get User Success :339-Bihar Distillers & Bottlers Pvt. Ltd - Unit- 1
2021-11-19 15:23:34.6786 INFO Get Product Type Master List Success
2021-11-19 15:23:34.6786 INFO Get User Success :bdbl_dis
2021-11-19 15:23:43.9332 INFO Get User Success :339-Bihar Distillers & Bottlers Pvt. Ltd - Unit- 1
2021-11-19 15:23:53.1058 INFO Get User Success :339-Bihar Distillers & Bottlers Pvt. Ltd - Unit- 1
2021-11-19 15:23:53.1058 INFO Get Dispach Master List Success
2021-11-19 15:23:55.3495 INFO Get VAT Master List Success
2021-11-19 15:23:55.7306 INFO Get Product Type Master List Success
2021-11-19 15:23:55.7366 INFO Get User Success :bdbl_dis
2021-11-19 15:30:37.3387 INFO Get User Success :339-Bihar Distillers & Bottlers Pvt. Ltd - Unit- 1
2021-11-19 15:30:37.3387 INFO Get User Success :339-Bihar Distillers & Bottlers Pvt. Ltd - Unit- 1
2021-11-19 15:30:39.2807 INFO Get Product Type Master List Success
2021-11-19 15:30:39.2807 INFO Get User Success :bdbl_dis
2021-11-19 15:30:53.9249 INFO Get User Success :339-Bihar Distillers & Bottlers Pvt. Ltd - Unit- 1
2021-11-19 15:30:53.9409 INFO Get Pass List Success
2021-11-19 15:30:53.9409 INFO Get User Success :339-Bihar Distillers & Bottlers Pvt. Ltd - Unit- 1
2021-11-19 15:30:53.9409 INFO Get Product Type Master List Success
2021-11-19 15:30:53.9519 INFO Get User Success :bdbl_dis
2021-11-19 15:31:01.0558 INFO Get User Success :339-Bihar Distillers & Bottlers Pvt. Ltd - Unit- 1
2021-11-19 15:31:01.0558 INFO Get Dispach Master List Success
2021-11-19 15:31:03.0852 INFO Get VAT Master List Success
2021-11-19 15:31:03.3168 INFO Get Pass List Success
2021-11-19 15:31:03.7022 INFO Get Product Type Master List Success
2021-11-19 15:31:03.7022 INFO Get User Success :bdbl_dis
2021-11-19 15:31:17.9967 INFO Get User Success :339-Bihar Distillers & Bottlers Pvt. Ltd - Unit- 1
2021-11-19 15:31:18.0136 INFO Get Pass List Success
2021-11-19 15:31:18.0136 INFO Get User Success :339-Bihar Distillers & Bottlers Pvt. Ltd - Unit- 1
2021-11-19 15:31:18.0136 INFO Get Product Type Master List Success
2021-11-19 15:31:18.0136 INFO Get User Success :bdbl_dis
2021-11-19 15:31:27.4734 INFO Get User Success :339-Bihar Distillers & Bottlers Pvt. Ltd - Unit- 1
2021-11-19 15:31:27.4734 INFO Get User Success :339-Bihar Distillers & Bottlers Pvt. Ltd - Unit- 1
2021-11-19 15:32:55.4360 INFO Get Product Type Master List Success
2021-11-19 15:32:55.4360 INFO Get User Success :bdbl_dis
2021-11-19 15:33:08.0455 INFO Get User Success :339-Bihar Distillers & Bottlers Pvt. Ltd - Unit- 1
2021-11-19 15:33:12.6311 INFO Get User Success :339-Bihar Distillers & Bottlers Pvt. Ltd - Unit- 1
2021-11-19 15:33:12.6311 INFO Get Dispach Master List Success
2021-11-19 15:33:15.4338 INFO Get VAT Master List Success
2021-11-19 15:33:16.0291 INFO Get Product Type Master List Success
2021-11-19 15:33:16.0291 INFO Get User Success :bdbl_dis
2021-11-19 15:33:34.2803 INFO Get User Success :339-Bihar Distillers & Bottlers Pvt. Ltd - Unit- 1
2021-11-19 15:33:34.2803 INFO Get Dispach Master List Success
2021-11-19 15:34:10.7348 INFO Get VAT Master List Success
2021-11-19 15:34:10.9576 INFO Get Product Type Master List Success
2021-11-19 15:34:10.9576 INFO Get User Success :bdbl_dis
2021-11-19 15:34:30.1366 INFO Get User Success :339-Bihar Distillers & Bottlers Pvt. Ltd - Unit- 1
2021-11-19 15:34:30.1516 INFO Get Pass List Success
2021-11-19 15:34:30.1645 INFO Get User Success :339-Bihar Distillers & Bottlers Pvt. Ltd - Unit- 1
2021-11-19 15:34:30.1805 INFO Get Product Type Master List Success
2021-11-19 15:34:30.1885 INFO Get User Success :bdbl_dis
2021-11-19 15:34:30.3291 INFO Get User Success :339-Bihar Distillers & Bottlers Pvt. Ltd - Unit- 1
2021-11-19 15:34:30.3291 INFO Get Dispach Master List Success
2021-11-19 15:34:32.4320 INFO Get VAT Master List Success
2021-11-19 15:34:32.6899 INFO Get Product Type Master List Success
2021-11-19 15:34:32.6899 INFO Get User Success :bdbl_dis
2021-11-19 15:34:37.4009 INFO Get User Success :339-Bihar Distillers & Bottlers Pvt. Ltd - Unit- 1
2021-11-19 15:34:37.4009 INFO Get Dispach Master List Success
2021-11-19 15:34:39.3628 INFO Get VAT Master List Success
2021-11-19 15:34:39.5942 INFO Get Pass List Success
2021-11-19 15:34:39.9994 INFO Get Product Type Master List Success
2021-11-19 15:34:39.9994 INFO Get User Success :bdbl_dis
2021-11-19 15:34:49.6836 INFO Get User Success :339-Bihar Distillers & Bottlers Pvt. Ltd - Unit- 1
2021-11-19 15:34:49.6996 INFO Get Pass List Success
2021-11-19 15:34:49.7026 INFO Get User Success :339-Bihar Distillers & Bottlers Pvt. Ltd - Unit- 1
2021-11-19 15:34:49.7026 INFO Get Product Type Master List Success
2021-11-19 15:34:49.7026 INFO Get User Success :bdbl_dis
2021-11-19 15:34:51.9145 INFO Get Pass List Success
2021-11-19 15:34:51.9145 INFO Get User Success :339-Bihar Distillers & Bottlers Pvt. Ltd - Unit- 1
2021-11-19 15:34:53.7369 INFO Get User Success :339-Bihar Distillers & Bottlers Pvt. Ltd - Unit- 1
2021-11-19 15:34:53.7369 INFO Get User Success :339-Bihar Distillers & Bottlers Pvt. Ltd - Unit- 1
2021-11-19 15:34:56.1728 INFO Get Product Type Master List Success
2021-11-19 15:34:56.1728 INFO Get User Success :bdbl_dis
2021-11-19 15:34:58.7827 INFO Get User Success :339-Bihar Distillers & Bottlers Pvt. Ltd - Unit- 1
2021-11-19 15:35:03.3732 INFO Get User Success :339-Bihar Distillers & Bottlers Pvt. Ltd - Unit- 1
2021-11-19 15:35:04.9797 INFO Get RR List Success
2021-11-19 15:35:05.7593 INFO Get NOC Details Success
2021-11-19 15:35:05.9787 INFO Get NOC Details Success
2021-11-19 15:35:05.9787 INFO Get User Success :339-Bihar Distillers & Bottlers Pvt. Ltd - Unit- 1
2021-11-19 15:35:05.9826 INFO Get Balance Request Pass Success
2021-11-19 15:35:05.9826 INFO Get Product Type Master List Success
2021-11-19 15:35:05.9826 INFO Get User Success :bdbl_dis
2021-11-19 15:35:18.1226 INFO Get User Success :339-Bihar Distillers & Bottlers Pvt. Ltd - Unit- 1
2021-11-19 15:35:18.1256 INFO Get User Success :339-Bihar Distillers & Bottlers Pvt. Ltd - Unit- 1
2021-11-19 15:35:19.4302 INFO Get Product Type Master List Success
2021-11-19 15:35:19.4362 INFO Get User Success :bdbl_dis
2021-11-19 15:35:24.7013 INFO Get User Success :339-Bihar Distillers & Bottlers Pvt. Ltd - Unit- 1
2021-11-19 15:35:28.4376 INFO Get User Success :339-Bihar Distillers & Bottlers Pvt. Ltd - Unit- 1
2021-11-19 15:35:28.4376 INFO Get Dispach Master List Success
2021-11-19 15:35:36.4753 INFO Get VAT Master List Success
2021-11-19 15:35:36.7801 INFO Get Product Type Master List Success
2021-11-19 15:35:36.7801 INFO Get User Success :bdbl_dis
2021-11-19 15:35:42.0527 INFO Get User Success :339-Bihar Distillers & Bottlers Pvt. Ltd - Unit- 1
2021-11-19 15:35:42.0687 INFO Get Pass List Success
2021-11-19 15:35:42.0687 INFO Get User Success :339-Bihar Distillers & Bottlers Pvt. Ltd - Unit- 1
2021-11-19 15:35:42.0687 INFO Get Product Type Master List Success
2021-11-19 15:35:42.0786 INFO Get User Success :bdbl_dis
2021-11-19 15:35:44.5290 INFO Get User Success :339-Bihar Distillers & Bottlers Pvt. Ltd - Unit- 1
2021-11-19 15:35:44.5290 INFO Get User Success :339-Bihar Distillers & Bottlers Pvt. Ltd - Unit- 1
2021-11-19 15:35:45.9266 INFO Get Product Type Master List Success
2021-11-19 15:35:45.9266 INFO Get User Success :bdbl_dis
2021-11-19 15:35:48.9643 INFO Get User Success :339-Bihar Distillers & Bottlers Pvt. Ltd - Unit- 1
2021-11-19 15:35:52.4981 INFO Get User Success :339-Bihar Distillers & Bottlers Pvt. Ltd - Unit- 1
2021-11-19 15:35:54.2103 INFO Get RR List Success
2021-11-19 15:35:54.9745 INFO Get NOC Details Success
2021-11-19 15:35:55.1825 INFO Get NOC Details Success
2021-11-19 15:35:55.1855 INFO Get User Success :339-Bihar Distillers & Bottlers Pvt. Ltd - Unit- 1
2021-11-19 15:35:55.1855 INFO Get Balance Request Pass Success
2021-11-19 15:35:55.1855 INFO Get Product Type Master List Success
2021-11-19 15:35:55.1855 INFO Get User Success :bdbl_dis
2021-11-19 15:50:15.4262 INFO Get User Success :339-Bihar Distillers & Bottlers Pvt. Ltd - Unit- 1
2021-11-19 15:50:15.5268 INFO Get User Success :339-Bihar Distillers & Bottlers Pvt. Ltd - Unit- 1
2021-11-19 15:50:15.5407 INFO Get Product Type Master List Success
2021-11-19 15:50:15.5507 INFO Get User Success :bdbl_dis
2021-11-19 15:50:21.6898 INFO Get User Success :339-Bihar Distillers & Bottlers Pvt. Ltd - Unit- 1
2021-11-19 15:50:25.2351 INFO Get User Success :339-Bihar Distillers & Bottlers Pvt. Ltd - Unit- 1
2021-11-19 15:50:25.8212 INFO Get Product Type Master List Success
2021-11-19 15:50:25.8272 INFO Get User Success :bdbl_dis
2021-11-19 15:50:42.7367 INFO Get User Success :339-Bihar Distillers & Bottlers Pvt. Ltd - Unit- 1
2021-11-19 15:50:42.7496 INFO Get Form84 List Success
2021-11-19 15:50:42.7804 INFO Get Product Type Master List Success
2021-11-19 15:50:42.7804 INFO Get User Success :bdbl_dis
2021-11-19 15:50:51.3250 INFO Get User Success :339-Bihar Distillers & Bottlers Pvt. Ltd - Unit- 1
2021-11-19 15:50:51.3283 INFO Get VAT Master List Success
2021-11-19 15:50:51.3283 INFO Get VAT Master List Success
2021-11-19 15:50:51.3283 INFO Get VAT Master List Success
2021-11-19 15:50:51.3283 INFO Get VAT Master List Success
2021-11-19 15:50:51.3462 INFO Get VAT Master List Success
2021-11-19 15:50:51.3462 INFO Get VAT Master List Success
2021-11-19 15:50:51.3462 INFO Get VAT Master List Success
2021-11-19 15:50:51.3462 INFO Get VAT Master List Success
2021-11-19 15:50:51.3462 INFO Get VAT Master List Success
2021-11-19 15:50:51.3702 INFO Get Product Type Master List Success
2021-11-19 15:50:51.3762 INFO Get User Success :bdbl_dis
2021-11-19 15:51:14.0370 INFO Get User Success :339-Bihar Distillers & Bottlers Pvt. Ltd - Unit- 1
2021-11-19 15:51:14.0370 INFO Get Form84 List Success
2021-11-19 15:51:14.0370 INFO Get Product Type Master List Success
2021-11-19 15:51:14.0486 INFO Get User Success :bdbl_dis
2021-11-19 15:51:16.2999 INFO Get User Success :339-Bihar Distillers & Bottlers Pvt. Ltd - Unit- 1
2021-11-19 15:51:16.2999 INFO Get VAT Master List Success
2021-11-19 15:51:16.2999 INFO Get VAT Master List Success
2021-11-19 15:51:16.2999 INFO Get VAT Master List Success
2021-11-19 15:51:16.2999 INFO Get VAT Master List Success
2021-11-19 15:51:16.3155 INFO Get VAT Master List Success
2021-11-19 15:51:16.3155 INFO Get VAT Master List Success
2021-11-19 15:51:16.3155 INFO Get VAT Master List Success
2021-11-19 15:51:16.3155 INFO Get VAT Master List Success
2021-11-19 15:51:16.3155 INFO Get VAT Master List Success
2021-11-19 15:51:16.3268 INFO Get Product Type Master List Success
2021-11-19 15:51:16.3268 INFO Get User Success :bdbl_dis
2021-11-19 15:51:21.1550 INFO Get User Success :339-Bihar Distillers & Bottlers Pvt. Ltd - Unit- 1
2021-11-19 15:51:21.1795 INFO Get Product Type Master List Success
2021-11-19 15:51:21.1854 INFO Get User Success :bdbl_dis
2021-11-19 15:51:30.1977 INFO Get User Success :339-Bihar Distillers & Bottlers Pvt. Ltd - Unit- 1
2021-11-19 15:51:30.2027 INFO Get VAT Master List Success
2021-11-19 15:51:30.2027 INFO Get Product Type Master List Success
2021-11-19 15:51:30.2027 INFO Get User Success :bdbl_dis
2021-11-19 15:51:32.1198 INFO Get VAT Master List Success
2021-11-19 15:51:48.8856 INFO Get User Success :339-Bihar Distillers & Bottlers Pvt. Ltd - Unit- 1
2021-11-19 15:51:48.8896 INFO Get Product Type Master List Success
2021-11-19 15:51:48.8896 INFO Get User Success :bdbl_dis
2021-11-19 15:51:51.0166 INFO Get User Success :339-Bihar Distillers & Bottlers Pvt. Ltd - Unit- 1
2021-11-19 15:51:51.0166 INFO Get Form84 List Success
2021-11-19 15:51:51.0166 INFO Get Product Type Master List Success
2021-11-19 15:51:51.0166 INFO Get User Success :bdbl_dis
2021-11-19 15:51:54.0150 INFO Get User Success :339-Bihar Distillers & Bottlers Pvt. Ltd - Unit- 1
2021-11-19 15:51:54.0438 INFO Get VAT Master List Success
2021-11-19 15:51:54.0580 INFO Get Product Type Master List Success
2021-11-19 15:51:54.0639 INFO Get User Success :bdbl_dis
2021-11-19 15:51:55.6515 INFO Get User Success :339-Bihar Distillers & Bottlers Pvt. Ltd - Unit- 1
2021-11-19 15:51:55.6608 INFO Get VAT Master List Success
2021-11-19 15:51:55.6608 INFO Get Product Type Master List Success
2021-11-19 15:51:55.6718 INFO Get User Success :bdbl_dis
2021-11-19 15:51:57.8257 INFO Get User Success :339-Bihar Distillers & Bottlers Pvt. Ltd - Unit- 1
2021-11-19 15:51:57.8297 INFO Get VAT Master List Success
2021-11-19 15:51:57.8297 INFO Get Product Type Master List Success
2021-11-19 15:51:57.8297 INFO Get User Success :bdbl_dis
2021-11-19 15:51:59.3870 INFO Get User Success :339-Bihar Distillers & Bottlers Pvt. Ltd - Unit- 1
2021-11-19 15:51:59.3890 INFO Get VAT Master List Success
2021-11-19 15:52:00.9751 INFO Get Product Type Master List Success
2021-11-19 15:52:00.9751 INFO Get User Success :bdbl_dis
2021-11-19 15:53:21.3757 INFO Get User Success :339-Bihar Distillers & Bottlers Pvt. Ltd - Unit- 1
2021-11-19 15:53:21.3757 INFO Get Form84 List Success
2021-11-19 15:53:21.3757 INFO Get Product Type Master List Success
2021-11-19 15:53:21.3757 INFO Get User Success :bdbl_dis
2021-11-19 15:53:25.2934 INFO Get User Success :339-Bihar Distillers & Bottlers Pvt. Ltd - Unit- 1
2021-11-19 15:53:25.2934 INFO Get VAT Master List Success
2021-11-19 15:53:25.2964 INFO Get VAT Master List Success
2021-11-19 15:53:25.2964 INFO Get VAT Master List Success
2021-11-19 15:53:25.2964 INFO Get VAT Master List Success
2021-11-19 15:53:25.2964 INFO Get VAT Master List Success
2021-11-19 15:53:25.2964 INFO Get VAT Master List Success
2021-11-19 15:53:25.2964 INFO Get VAT Master List Success
2021-11-19 15:53:25.2964 INFO Get VAT Master List Success
2021-11-19 15:53:25.2964 INFO Get VAT Master List Success
2021-11-19 15:53:25.3133 INFO Get Product Type Master List Success
2021-11-19 15:53:25.3133 INFO Get User Success :bdbl_dis
2021-11-19 15:53:33.9560 INFO Get User Success :339-Bihar Distillers & Bottlers Pvt. Ltd - Unit- 1
2021-11-19 15:53:33.9560 INFO Get Form84 List Success
2021-11-19 15:53:33.9776 INFO Get Product Type Master List Success
2021-11-19 15:53:33.9834 INFO Get User Success :bdbl_dis
2021-11-19 15:53:35.3634 INFO Get User Success :339-Bihar Distillers & Bottlers Pvt. Ltd - Unit- 1
2021-11-19 15:53:35.3634 INFO Get Form84 List Success
2021-11-19 15:53:35.3634 INFO Get Product Type Master List Success
2021-11-19 15:53:35.3754 INFO Get User Success :bdbl_dis
2021-11-19 15:53:39.1840 INFO Get User Success :339-Bihar Distillers & Bottlers Pvt. Ltd - Unit- 1
2021-11-19 15:53:39.1869 INFO Get Form84 List Success
2021-11-19 15:53:39.1869 INFO Get Product Type Master List Success
2021-11-19 15:53:39.1869 INFO Get User Success :bdbl_dis
2021-11-19 15:53:44.6604 INFO Get User Success :339-Bihar Distillers & Bottlers Pvt. Ltd - Unit- 1
2021-11-19 15:53:44.6604 INFO Get VAT Master List Success
2021-11-19 15:53:44.6604 INFO Get Product Type Master List Success
2021-11-19 15:53:44.6704 INFO Get User Success :bdbl_dis
2021-11-19 15:53:59.9133 INFO Get User Success :339-Bihar Distillers & Bottlers Pvt. Ltd - Unit- 1
2021-11-19 15:53:59.9133 INFO Get VAT Master List Success
2021-11-19 15:53:59.9212 INFO Get Product Type Master List Success
2021-11-19 15:53:59.9212 INFO Get User Success :bdbl_dis
2021-11-19 15:54:01.2096 INFO Get User Success :339-Bihar Distillers & Bottlers Pvt. Ltd - Unit- 1
2021-11-19 15:54:01.2096 INFO Get VAT Master List Success
2021-11-19 15:54:02.9507 INFO Get Product Type Master List Success
2021-11-19 15:54:02.9557 INFO Get User Success :bdbl_dis
2021-11-19 15:54:40.3518 INFO Get User Success :339-Bihar Distillers & Bottlers Pvt. Ltd - Unit- 1
2021-11-19 15:54:40.3518 INFO Get Form84 List Success
2021-11-19 15:54:40.3572 INFO Get Product Type Master List Success
2021-11-19 15:54:40.3572 INFO Get User Success :bdbl_dis
2021-11-19 15:54:41.8510 INFO Get User Success :339-Bihar Distillers & Bottlers Pvt. Ltd - Unit- 1
2021-11-19 15:54:41.8510 INFO Get VAT Master List Success
2021-11-19 15:54:41.8510 INFO Get Product Type Master List Success
2021-11-19 15:54:41.8609 INFO Get User Success :bdbl_dis
2021-11-19 15:54:44.4266 INFO Get VAT Master List Success
2021-11-19 15:54:50.7342 INFO Get VAT Master List Success
2021-11-19 15:54:50.7342 INFO Get VAT Master List Success
2021-11-19 15:54:50.7342 INFO Get VAT Master List Success
2021-11-19 15:54:50.7342 INFO Get VAT Master List Success
2021-11-19 15:54:50.7342 INFO Get VAT Master List Success
2021-11-19 15:54:57.0719 INFO Get VAT Master List Success
2021-11-19 15:54:57.0719 INFO Get VAT Master List Success
2021-11-19 15:54:57.0719 INFO Get VAT Master List Success
2021-11-19 15:54:57.0765 INFO Get VAT Master List Success
2021-11-19 15:54:57.0765 INFO Get VAT Master List Success
2021-11-19 15:54:59.9667 INFO Get VAT Master List Success
2021-11-19 15:54:59.9667 INFO Get VAT Master List Success
2021-11-19 15:54:59.9667 INFO Get VAT Master List Success
2021-11-19 15:54:59.9667 INFO Get VAT Master List Success
2021-11-19 15:54:59.9667 INFO Get VAT Master List Success
2021-11-19 15:55:37.8624 INFO Get VAT Master List Success
2021-11-19 15:55:37.8624 INFO Get VAT Master List Success
2021-11-19 15:55:37.8624 INFO Get VAT Master List Success
2021-11-19 15:55:37.8624 INFO Get VAT Master List Success
2021-11-19 15:55:37.8624 INFO Get VAT Master List Success
2021-11-19 15:56:08.2268 INFO Get User Success :339-Bihar Distillers & Bottlers Pvt. Ltd - Unit- 1
2021-11-19 15:56:08.2268 INFO Get VAT Master List Success
2021-11-19 15:56:08.2268 INFO Get Product Type Master List Success
2021-11-19 15:56:08.2378 INFO Get User Success :bdbl_dis
2021-11-19 15:56:11.2575 INFO Get User Success :339-Bihar Distillers & Bottlers Pvt. Ltd - Unit- 1
2021-11-19 15:56:11.2575 INFO Get VAT Master List Success
2021-11-19 15:56:13.4217 INFO Get Product Type Master List Success
2021-11-19 15:56:13.4217 INFO Get User Success :bdbl_dis
2021-11-19 15:56:34.3421 INFO Get User Success :339-Bihar Distillers & Bottlers Pvt. Ltd - Unit- 1
2021-11-19 15:56:34.3581 INFO Get Product Type Master List Success
2021-11-19 15:56:34.3581 INFO Get User Success :bdbl_dis
2021-11-19 15:56:37.1100 INFO Get User Success :339-Bihar Distillers & Bottlers Pvt. Ltd - Unit- 1
2021-11-19 15:56:38.6798 INFO Get Product Type Master List Success
2021-11-19 15:56:38.6858 INFO Get User Success :bdbl_dis
2021-11-19 15:56:45.7906 INFO Get User Success :339-Bihar Distillers & Bottlers Pvt. Ltd - Unit- 1
2021-11-19 15:56:45.7906 INFO Get VAT Master List Success
2021-11-19 15:56:48.4652 INFO Get Product Type Master List Success
2021-11-19 15:56:48.4722 INFO Get User Success :bdbl_dis
2021-11-19 15:57:47.5824 INFO Get User Success :339-Bihar Distillers & Bottlers Pvt. Ltd - Unit- 1
2021-11-19 15:57:47.5921 INFO Get User Success :339-Bihar Distillers & Bottlers Pvt. Ltd - Unit- 1
2021-11-19 15:57:49.4636 INFO Get Product Type Master List Success
2021-11-19 15:57:49.4696 INFO Get User Success :bdbl_dis
2021-11-19 15:58:05.3704 INFO Get User Success :339-Bihar Distillers & Bottlers Pvt. Ltd - Unit- 1
2021-11-19 15:58:06.5655 INFO Get User Success :339-Bihar Distillers & Bottlers Pvt. Ltd - Unit- 1
2021-11-19 15:58:07.2117 INFO Get Product Type Master List Success
2021-11-19 15:58:07.2187 INFO Get User Success :bdbl_dis
2021-11-19 15:58:09.7286 INFO Get User Success :339-Bihar Distillers & Bottlers Pvt. Ltd - Unit- 1
2021-11-19 15:58:18.8106 INFO Get Product Type Master List Success
2021-11-19 15:58:18.8106 INFO Get User Success :bdbl_dis
2021-11-19 15:58:21.5427 INFO Get User Success :339-Bihar Distillers & Bottlers Pvt. Ltd - Unit- 1
2021-11-19 15:58:23.7539 INFO Get Product Type Master List Success
2021-11-19 15:58:23.7539 INFO Get User Success :bdbl_dis
2021-11-19 15:59:04.2564 INFO Get User Success :339-Bihar Distillers & Bottlers Pvt. Ltd - Unit- 1
2021-11-19 15:59:04.2564 INFO Get Product Type Master List Success
2021-11-19 15:59:04.2645 INFO Get User Success :bdbl_dis
2021-11-19 15:59:07.5086 INFO Get User Success :339-Bihar Distillers & Bottlers Pvt. Ltd - Unit- 1
2021-11-19 15:59:09.0446 INFO Get Product Type Master List Success
2021-11-19 15:59:09.0446 INFO Get User Success :bdbl_dis
2021-11-19 15:59:12.0359 INFO Get User Success :339-Bihar Distillers & Bottlers Pvt. Ltd - Unit- 1
2021-11-19 15:59:12.0359 INFO Get VAT Master List Success
2021-11-19 15:59:14.9618 INFO Get Product Type Master List Success
2021-11-19 15:59:14.9678 INFO Get User Success :bdbl_dis
2021-11-19 15:59:20.9110 INFO Get User Success :339-Bihar Distillers & Bottlers Pvt. Ltd - Unit- 1
2021-11-19 15:59:22.5217 INFO Get Product Type Master List Success
2021-11-19 15:59:22.5217 INFO Get User Success :bdbl_dis
2021-11-19 15:59:26.3018 INFO Get User Success :339-Bihar Distillers & Bottlers Pvt. Ltd - Unit- 1
2021-11-19 15:59:26.3018 INFO Get VAT Master List Success
2021-11-19 15:59:29.0581 INFO Get Product Type Master List Success
2021-11-19 15:59:29.0641 INFO Get User Success :bdbl_dis
2021-11-19 15:59:34.9014 INFO Get User Success :339-Bihar Distillers & Bottlers Pvt. Ltd - Unit- 1
2021-11-19 15:59:36.5055 INFO Get Product Type Master List Success
2021-11-19 15:59:36.5055 INFO Get User Success :bdbl_dis
2021-11-19 15:59:38.6426 INFO Get User Success :339-Bihar Distillers & Bottlers Pvt. Ltd - Unit- 1
2021-11-19 15:59:38.6426 INFO Get VAT Master List Success
2021-11-19 15:59:41.4540 INFO Get Product Type Master List Success
2021-11-19 15:59:41.4540 INFO Get User Success :bdbl_dis
2021-11-19 16:00:03.8415 INFO Get User Success :339-Bihar Distillers & Bottlers Pvt. Ltd - Unit- 1
2021-11-19 16:00:03.8415 INFO Get VAT Master List Success
2021-11-19 16:00:03.8415 INFO Get Product Type Master List Success
2021-11-19 16:00:03.8415 INFO Get User Success :bdbl_dis
2021-11-19 16:00:05.9733 INFO Get User Success :339-Bihar Distillers & Bottlers Pvt. Ltd - Unit- 1
2021-11-19 16:00:05.9733 INFO Get VAT Master List Success
2021-11-19 16:00:07.7421 INFO Get Product Type Master List Success
2021-11-19 16:00:07.7421 INFO Get User Success :bdbl_dis
2021-11-19 16:00:16.4776 INFO Get User Success :339-Bihar Distillers & Bottlers Pvt. Ltd - Unit- 1
2021-11-19 16:00:16.4776 INFO Get Product Type Master List Success
2021-11-19 16:00:16.4856 INFO Get User Success :bdbl_dis
2021-11-19 16:00:17.8161 INFO Get User Success :339-Bihar Distillers & Bottlers Pvt. Ltd - Unit- 1
2021-11-19 16:00:19.1827 INFO Get Product Type Master List Success
2021-11-19 16:00:19.1946 INFO Get User Success :bdbl_dis
2021-11-19 16:00:21.4116 INFO Get User Success :339-Bihar Distillers & Bottlers Pvt. Ltd - Unit- 1
2021-11-19 16:00:21.4116 INFO Get VAT Master List Success
2021-11-19 16:00:22.5570 INFO Get Product Type Master List Success
2021-11-19 16:00:22.5630 INFO Get User Success :bdbl_dis
2021-11-19 16:06:34.6267 INFO Get User Success :339-Bihar Distillers & Bottlers Pvt. Ltd - Unit- 1
2021-11-19 16:06:34.6267 INFO Get VAT Master List Success
2021-11-19 16:06:34.6267 INFO Get Product Type Master List Success
2021-11-19 16:06:34.6398 INFO Get User Success :bdbl_dis
2021-11-19 16:06:37.0430 INFO Get User Success :339-Bihar Distillers & Bottlers Pvt. Ltd - Unit- 1
2021-11-19 16:06:37.0471 INFO Get VAT Master List Success
2021-11-19 16:06:37.0471 INFO Get Product Type Master List Success
2021-11-19 16:06:37.0471 INFO Get User Success :bdbl_dis
2021-11-19 16:06:38.8845 INFO Get User Success :339-Bihar Distillers & Bottlers Pvt. Ltd - Unit- 1
2021-11-19 16:06:38.8895 INFO Get VAT Master List Success
2021-11-19 16:06:38.8895 INFO Get Product Type Master List Success
2021-11-19 16:06:38.8895 INFO Get User Success :bdbl_dis
2021-11-19 16:06:39.8481 INFO Get User Success :339-Bihar Distillers & Bottlers Pvt. Ltd - Unit- 1
2021-11-19 16:06:39.8481 INFO Get VAT Master List Success
2021-11-19 16:06:41.1544 INFO Get Product Type Master List Success
2021-11-19 16:06:41.1544 INFO Get User Success :bdbl_dis
2021-11-19 16:06:47.7022 INFO Get User Success :339-Bihar Distillers & Bottlers Pvt. Ltd - Unit- 1
2021-11-19 16:06:47.7022 INFO Get VAT Master List Success
2021-11-19 16:06:47.7022 INFO Get Product Type Master List Success
2021-11-19 16:06:47.7022 INFO Get User Success :bdbl_dis
2021-11-19 16:07:28.7183 INFO Get User Success :339-Bihar Distillers & Bottlers Pvt. Ltd - Unit- 1
2021-11-19 16:07:28.7183 INFO Get Form84 List Success
2021-11-19 16:07:28.7183 INFO Get Product Type Master List Success
2021-11-19 16:07:28.7183 INFO Get User Success :bdbl_dis
2021-11-19 16:07:31.6107 INFO Get User Success :339-Bihar Distillers & Bottlers Pvt. Ltd - Unit- 1
2021-11-19 16:07:31.6107 INFO Get VAT Master List Success
2021-11-19 16:07:31.6107 INFO Get Product Type Master List Success
2021-11-19 16:07:31.6107 INFO Get User Success :bdbl_dis
2021-11-19 16:07:33.3067 INFO Get User Success :339-Bihar Distillers & Bottlers Pvt. Ltd - Unit- 1
2021-11-19 16:07:33.3067 INFO Get VAT Master List Success
2021-11-19 16:07:34.6786 INFO Get Product Type Master List Success
2021-11-19 16:07:34.6855 INFO Get User Success :bdbl_dis
2021-11-19 16:08:38.6837 INFO Get User Success :339-Bihar Distillers & Bottlers Pvt. Ltd - Unit- 1
2021-11-19 16:08:38.6856 INFO Get Product Type Master List Success
2021-11-19 16:08:38.6856 INFO Get User Success :bdbl_dis
2021-11-19 16:08:40.2867 INFO Get User Success :339-Bihar Distillers & Bottlers Pvt. Ltd - Unit- 1
2021-11-19 16:08:40.2867 INFO Get VAT Master List Success
2021-11-19 16:08:40.3095 INFO Get Product Type Master List Success
2021-11-19 16:08:40.3152 INFO Get User Success :bdbl_dis
2021-11-19 16:08:46.2342 INFO Get User Success :339-Bihar Distillers & Bottlers Pvt. Ltd - Unit- 1
2021-11-19 16:08:46.2342 INFO Get Product Type Master List Success
2021-11-19 16:08:46.2342 INFO Get User Success :bdbl_dis
2021-11-19 16:08:47.4073 INFO Get User Success :339-Bihar Distillers & Bottlers Pvt. Ltd - Unit- 1
2021-11-19 16:08:49.1906 INFO Get Product Type Master List Success
2021-11-19 16:08:49.2045 INFO Get User Success :bdbl_dis
2021-11-19 16:08:52.1274 INFO Get User Success :339-Bihar Distillers & Bottlers Pvt. Ltd - Unit- 1
2021-11-19 16:08:52.1274 INFO Get VAT Master List Success
2021-11-19 16:08:54.8456 INFO Get Product Type Master List Success
2021-11-19 16:08:54.8456 INFO Get User Success :bdbl_dis
2021-11-19 16:14:47.4908 INFO Get User Success :339-Bihar Distillers & Bottlers Pvt. Ltd - Unit- 1
