2021-12-24 10:04:28.4948 INFO Get User Success :339-Bihar Distillers & Bottlers Pvt. Ltd - Unit- 1
2021-12-24 10:04:28.5920 INFO Get User Success :339-Bihar Distillers & Bottlers Pvt. Ltd - Unit- 1
2021-12-24 10:04:28.6057 INFO Get Product Type Master List Success
2021-12-24 10:04:31.1166 INFO Get User Success :bdbl_dis
2021-12-24 10:11:54.8742 INFO Get User Success :339-Bihar Distillers & Bottlers Pvt. Ltd - Unit- 1
2021-12-24 10:11:54.8742 INFO Get Product Type Master List Success
2021-12-24 10:11:56.2212 INFO Get User Success :bdbl_dis
2021-12-24 10:12:00.7161 INFO Get User Success :339-Bihar Distillers & Bottlers Pvt. Ltd - Unit- 1
2021-12-24 10:12:00.7161 INFO Get Party Master List Success
2021-12-24 10:12:00.7250 INFO GetFinacListValues Success
2021-12-24 10:12:02.7235 INFO Get Product Type Master List Success
2021-12-24 10:12:03.2324 INFO Get User Success :bdbl_dis
2021-12-24 10:12:07.3216 INFO Get User Success :339-Bihar Distillers & Bottlers Pvt. Ltd - Unit- 1
2021-12-24 10:12:08.8078 INFO GetFinacListValues Success
2021-12-24 10:12:09.0925 INFO Get Users List Success
2021-12-24 10:12:09.3150 INFO Get Party Master Details Success
2021-12-24 10:12:10.0197 INFO Get Product Type Master List Success
2021-12-24 10:12:10.5077 INFO Get User Success :bdbl_dis
2021-12-24 10:12:16.3234 INFO Get User Success :339-Bihar Distillers & Bottlers Pvt. Ltd - Unit- 1
2021-12-24 10:12:17.5675 INFO GetFinacListValues Success
2021-12-24 10:12:19.4403 INFO Get Existing data Fail :openingbalance
2021-12-24 10:12:20.4258 INFO GetFinacListValues Success
2021-12-24 10:12:21.6613 INFO Get Existing data Fail :vat_master
2021-12-24 10:12:21.6932 INFO Get User Success :339-Bihar Distillers & Bottlers Pvt. Ltd - Unit- 1
2021-12-24 10:12:21.6932 INFO Get Party Master List Success
2021-12-24 10:12:21.6932 INFO GetFinacListValues Success
2021-12-24 10:12:22.5643 INFO Get Product Type Master List Success
2021-12-24 10:12:23.0428 INFO Get User Success :bdbl_dis
2021-12-24 10:12:30.5423 INFO Get User Success :340-Bihar Distillers & Bottlers Pvt. Ltd -Bond Officer
2021-12-24 10:12:30.5752 INFO Get User Success :340-Bihar Distillers & Bottlers Pvt. Ltd -Bond Officer
2021-12-24 10:12:30.5752 INFO Get Product Type Master List Success
2021-12-24 10:12:31.6175 INFO Get User Success :bdbl_disbo
2021-12-24 10:12:36.8250 INFO Get User Success :340-Bihar Distillers & Bottlers Pvt. Ltd -Bond Officer
2021-12-24 10:12:36.8250 INFO Get Party Master List Success
2021-12-24 10:12:36.8250 INFO GetFinacListValues Success
2021-12-24 10:12:38.2446 INFO Get Product Type Master List Success
2021-12-24 10:12:38.6709 INFO Get User Success :bdbl_disbo
2021-12-24 10:12:41.0804 INFO Get User Success :340-Bihar Distillers & Bottlers Pvt. Ltd -Bond Officer
2021-12-24 10:12:42.3963 INFO GetFinacListValues Success
2021-12-24 10:12:42.6788 INFO Get Users List Success
2021-12-24 10:12:42.9373 INFO Get Party Master Details Success
2021-12-24 10:12:44.4338 INFO Get Product Type Master List Success
2021-12-24 10:12:44.8617 INFO Get User Success :bdbl_disbo
2021-12-24 10:12:51.3051 INFO Get User Success :340-Bihar Distillers & Bottlers Pvt. Ltd -Bond Officer
2021-12-24 10:12:51.3051 INFO Get Party Master List Success
2021-12-24 10:12:51.3051 INFO GetFinacListValues Success
2021-12-24 10:12:52.1819 INFO Get Product Type Master List Success
2021-12-24 10:12:52.6370 INFO Get User Success :bdbl_disbo
2021-12-24 10:13:00.5941 INFO Get User Success :100-Deputy Commissioner
2021-12-24 10:13:12.6155 INFO Get User Success :100-Deputy Commissioner
2021-12-24 10:13:12.6907 INFO Get Product Type Master List Success
2021-12-24 10:13:14.3928 INFO Get User Success :hodyco
2021-12-24 10:13:17.4247 INFO Get User Success :100-Deputy Commissioner
2021-12-24 10:13:17.4297 INFO Get Party Master List Success
2021-12-24 10:13:17.4297 INFO GetFinacListValues Success
2021-12-24 10:13:19.3402 INFO Get Product Type Master List Success
2021-12-24 10:13:19.7922 INFO Get User Success :hodyco
2021-12-24 10:13:25.4252 INFO Get User Success :100-Deputy Commissioner
2021-12-24 10:13:27.2063 INFO GetFinacListValues Success
2021-12-24 10:13:27.4605 INFO Get Users List Success
2021-12-24 10:13:27.6658 INFO Get Party Master Details Success
2021-12-24 10:13:28.9794 INFO Get Product Type Master List Success
2021-12-24 10:13:29.4892 INFO Get User Success :hodyco
2021-12-24 10:13:35.8820 INFO Get User Success :100-Deputy Commissioner
2021-12-24 10:13:35.8820 INFO Get Party Master List Success
2021-12-24 10:13:35.8820 INFO GetFinacListValues Success
2021-12-24 10:13:37.1553 INFO Get Product Type Master List Success
2021-12-24 10:13:37.5920 INFO Get User Success :hodyco
2021-12-24 10:13:50.1748 INFO Get User Success :101-Commissioner
2021-12-24 10:13:50.2167 INFO Get User Success :101-Commissioner
2021-12-24 10:13:50.2514 INFO Get Product Type Master List Success
2021-12-24 10:13:52.0722 INFO Get User Success :com
2021-12-24 10:13:56.0019 INFO Get User Success :101-Commissioner
2021-12-24 10:13:56.0052 INFO Get Party Master List Success
2021-12-24 10:13:56.0052 INFO GetFinacListValues Success
2021-12-24 10:13:57.5237 INFO Get Product Type Master List Success
2021-12-24 10:13:57.9701 INFO Get User Success :com
2021-12-24 10:14:03.4737 INFO Get User Success :101-Commissioner
2021-12-24 10:14:05.0047 INFO GetFinacListValues Success
2021-12-24 10:14:05.2602 INFO Get Users List Success
2021-12-24 10:14:05.4746 INFO Get Party Master Details Success
2021-12-24 10:14:06.7071 INFO Get Product Type Master List Success
2021-12-24 10:14:07.2018 INFO Get User Success :com
2021-12-24 10:14:14.3395 INFO Get User Success :101-Commissioner
2021-12-24 10:14:14.3395 INFO Get Party Master List Success
2021-12-24 10:14:14.3485 INFO GetFinacListValues Success
2021-12-24 10:14:15.8788 INFO Get Product Type Master List Success
2021-12-24 10:14:16.4073 INFO Get User Success :com
2021-12-24 10:14:27.1256 INFO Get User Success :339-Bihar Distillers & Bottlers Pvt. Ltd - Unit- 1
2021-12-24 10:14:27.1516 INFO Get User Success :339-Bihar Distillers & Bottlers Pvt. Ltd - Unit- 1
2021-12-24 10:14:27.1516 INFO Get Product Type Master List Success
2021-12-24 10:14:31.3594 INFO Get User Success :bdbl_dis
2021-12-24 10:14:35.7424 INFO Get User Success :339-Bihar Distillers & Bottlers Pvt. Ltd - Unit- 1
2021-12-24 10:14:37.3674 INFO Get User Success :339-Bihar Distillers & Bottlers Pvt. Ltd - Unit- 1
2021-12-24 10:14:38.4451 INFO Get Product Type Master List Success
2021-12-24 10:14:38.9462 INFO Get User Success :bdbl_dis
2021-12-24 10:14:44.9712 INFO Get User Success :339-Bihar Distillers & Bottlers Pvt. Ltd - Unit- 1
2021-12-24 10:14:46.3890 INFO Get Product Type Master List Success
2021-12-24 10:14:46.8855 INFO Get User Success :bdbl_dis
2021-12-24 10:14:58.7383 INFO Get User Success :339-Bihar Distillers & Bottlers Pvt. Ltd - Unit- 1
2021-12-24 10:15:00.3997 INFO Get Product Type Master List Success
2021-12-24 10:15:00.8306 INFO Get User Success :bdbl_dis
2021-12-24 10:16:15.8845 INFO Get User Success :339-Bihar Distillers & Bottlers Pvt. Ltd - Unit- 1
2021-12-24 10:19:19.7972 INFO Get User Success :339-Bihar Distillers & Bottlers Pvt. Ltd - Unit- 1
2021-12-24 10:19:19.8965 INFO Get User Success :339-Bihar Distillers & Bottlers Pvt. Ltd - Unit- 1
2021-12-24 10:19:19.8965 INFO Get Product Type Master List Success
2021-12-24 10:19:21.5116 INFO Get User Success :bdbl_dis
2021-12-24 10:19:24.3802 INFO Get User Success :339-Bihar Distillers & Bottlers Pvt. Ltd - Unit- 1
2021-12-24 10:19:25.8613 INFO Get User Success :339-Bihar Distillers & Bottlers Pvt. Ltd - Unit- 1
2021-12-24 10:19:33.2670 INFO Get User Success :339-Bihar Distillers & Bottlers Pvt. Ltd - Unit- 1
2021-12-24 10:19:35.5207 INFO Get Product Type Master List Success
2021-12-24 10:19:36.1010 INFO Get User Success :bdbl_dis
2021-12-24 10:19:53.2885 INFO Get User Success :339-Bihar Distillers & Bottlers Pvt. Ltd - Unit- 1
2021-12-24 10:19:53.2885 INFO Get User Success :339-Bihar Distillers & Bottlers Pvt. Ltd - Unit- 1
2021-12-24 10:19:55.0187 INFO Get Product Type Master List Success
2021-12-24 10:19:56.6877 INFO Get User Success :bdbl_dis
2021-12-24 10:19:59.9555 INFO Get User Success :339-Bihar Distillers & Bottlers Pvt. Ltd - Unit- 1
2021-12-24 10:20:14.5240 INFO Get User Success :339-Bihar Distillers & Bottlers Pvt. Ltd - Unit- 1
2021-12-24 10:20:14.5240 INFO Get Product Master List Success
2021-12-24 10:20:21.8176 INFO Get RR List Success
2021-12-24 10:20:22.7011 INFO Get Product Type Master List Success
2021-12-24 10:20:23.2172 INFO Get User Success :bdbl_dis
2021-12-24 10:20:27.5265 INFO Get User Success :339-Bihar Distillers & Bottlers Pvt. Ltd - Unit- 1
2021-12-24 10:20:27.5265 INFO Get Product Master List Success
2021-12-24 10:20:27.5265 INFO Get State List Success
2021-12-24 10:20:27.5364 INFO Get NOC Sucess:654
2021-12-24 10:20:29.3227 INFO Get NOC Sucess:Req/BH/BDB/NOC/2021-2022/1
2021-12-24 10:20:29.3227 INFO Get Product Type Master List Success
2021-12-24 10:20:29.7758 INFO Get User Success :bdbl_dis
2021-12-24 10:22:56.7551 INFO Get User Success :339-Bihar Distillers & Bottlers Pvt. Ltd - Unit- 1
2021-12-24 10:22:58.1100 INFO Get User Success :339-Bihar Distillers & Bottlers Pvt. Ltd - Unit- 1
2021-12-24 10:22:58.7645 INFO Get User Success :339-Bihar Distillers & Bottlers Pvt. Ltd - Unit- 1
2021-12-24 10:22:59.2996 INFO Get Product Type Master List Success
2021-12-24 10:22:59.8500 INFO Get User Success :bdbl_dis
2021-12-24 10:23:02.4552 INFO Get User Success :339-Bihar Distillers & Bottlers Pvt. Ltd - Unit- 1
2021-12-24 10:23:18.6852 INFO Get Product Type Master List Success
2021-12-24 10:23:21.5595 INFO Get User Success :bdbl_dis
2021-12-24 10:23:28.6730 INFO Get User Success :339-Bihar Distillers & Bottlers Pvt. Ltd - Unit- 1
2021-12-24 10:23:30.1390 INFO Get Product Type Master List Success
2021-12-24 10:23:30.1390 INFO Get User Success :bdbl_dis
2021-12-24 10:23:34.4884 INFO Get User Success :339-Bihar Distillers & Bottlers Pvt. Ltd - Unit- 1
2021-12-24 10:23:43.6047 INFO Get Product Type Master List Success
2021-12-24 10:23:43.6047 INFO Get User Success :bdbl_dis
2021-12-24 10:25:14.6856 INFO Get User Success :339-Bihar Distillers & Bottlers Pvt. Ltd - Unit- 1
2021-12-24 10:25:16.2168 INFO Get Product Type Master List Success
2021-12-24 10:25:16.2168 INFO Get User Success :bdbl_dis
2021-12-24 10:25:20.2485 INFO Get User Success :339-Bihar Distillers & Bottlers Pvt. Ltd - Unit- 1
2021-12-24 10:25:20.2485 INFO Get Product Master List Success
2021-12-24 10:25:24.0253 INFO Get RR List Success
2021-12-24 10:27:43.3387 INFO Get Product Type Master List Success
2021-12-24 10:27:43.3387 INFO Get User Success :bdbl_dis
2021-12-24 10:27:43.8594 INFO Get User Success :339-Bihar Distillers & Bottlers Pvt. Ltd - Unit- 1
2021-12-24 10:27:43.8594 INFO Get User Success :339-Bihar Distillers & Bottlers Pvt. Ltd - Unit- 1
2021-12-24 10:27:52.8567 INFO Get Product Type Master List Success
2021-12-24 10:27:52.8567 INFO Get User Success :bdbl_dis
2021-12-24 10:27:57.6127 INFO Get User Success :339-Bihar Distillers & Bottlers Pvt. Ltd - Unit- 1
2021-12-24 10:27:57.6149 INFO Get Product Master List Success
2021-12-24 10:28:40.9628 INFO Get RR List Success
2021-12-24 10:28:42.7624 INFO Get Product Type Master List Success
2021-12-24 10:28:42.7624 INFO Get User Success :bdbl_dis
2021-12-24 10:34:14.7480 INFO Get User Success :339-Bihar Distillers & Bottlers Pvt. Ltd - Unit- 1
2021-12-24 10:34:14.8477 INFO Get User Success :339-Bihar Distillers & Bottlers Pvt. Ltd - Unit- 1
2021-12-24 10:34:14.8608 INFO Get Product Type Master List Success
2021-12-24 10:34:16.9162 INFO Get User Success :bdbl_dis
2021-12-24 10:34:27.3944 INFO Get User Success :339-Bihar Distillers & Bottlers Pvt. Ltd - Unit- 1
2021-12-24 10:34:39.5066 INFO Get User Success :339-Bihar Distillers & Bottlers Pvt. Ltd - Unit- 1
2021-12-24 10:34:44.2395 INFO Get User Success :339-Bihar Distillers & Bottlers Pvt. Ltd - Unit- 1
2021-12-24 10:34:45.2262 INFO Get Product Type Master List Success
2021-12-24 10:34:46.2799 INFO Get User Success :bdbl_dis
2021-12-24 10:34:51.7579 INFO Get User Success :339-Bihar Distillers & Bottlers Pvt. Ltd - Unit- 1
2021-12-24 10:35:06.3659 INFO Get Product Type Master List Success
2021-12-24 10:35:07.6102 INFO Get User Success :bdbl_dis
2021-12-24 10:36:36.4548 INFO Get MaxID Success :openingbalance
2021-12-24 10:36:36.5214 INFO Get User Success :339-Bihar Distillers & Bottlers Pvt. Ltd - Unit- 1
2021-12-24 10:36:40.1291 INFO Get Product Type Master List Success
2021-12-24 10:36:41.7869 INFO Get User Success :bdbl_dis
2021-12-24 10:36:44.2932 INFO Get User Success :339-Bihar Distillers & Bottlers Pvt. Ltd - Unit- 1
2021-12-24 10:36:46.8515 INFO Get Product Type Master List Success
2021-12-24 10:36:47.3576 INFO Get User Success :bdbl_dis
2021-12-24 10:36:50.6004 INFO Get MaxID Success :openingbalance
2021-12-24 10:36:50.6712 INFO Get User Success :339-Bihar Distillers & Bottlers Pvt. Ltd - Unit- 1
2021-12-24 10:36:51.9724 INFO Get Product Type Master List Success
2021-12-24 10:36:53.0385 INFO Get User Success :bdbl_dis
2021-12-24 10:37:04.1328 INFO Get User Success :340-Bihar Distillers & Bottlers Pvt. Ltd -Bond Officer
2021-12-24 10:37:04.1581 INFO Get User Success :340-Bihar Distillers & Bottlers Pvt. Ltd -Bond Officer
2021-12-24 10:37:04.1611 INFO Get Product Type Master List Success
2021-12-24 10:37:05.5791 INFO Get User Success :bdbl_disbo
2021-12-24 10:37:08.4873 INFO Get User Success :340-Bihar Distillers & Bottlers Pvt. Ltd -Bond Officer
2021-12-24 10:37:10.2852 INFO Get User Success :340-Bihar Distillers & Bottlers Pvt. Ltd -Bond Officer
2021-12-24 10:37:11.0930 INFO Get User Success :340-Bihar Distillers & Bottlers Pvt. Ltd -Bond Officer
2021-12-24 10:37:11.1209 INFO Get Product Type Master List Success
2021-12-24 10:37:11.7671 INFO Get User Success :bdbl_disbo
2021-12-24 10:37:15.2511 INFO Get User Success :340-Bihar Distillers & Bottlers Pvt. Ltd -Bond Officer
2021-12-24 10:37:16.3887 INFO Get Product Type Master List Success
2021-12-24 10:37:16.8549 INFO Get User Success :bdbl_disbo
2021-12-24 10:37:23.7567 INFO Get User Success :340-Bihar Distillers & Bottlers Pvt. Ltd -Bond Officer
2021-12-24 10:37:23.7716 INFO Get Product Type Master List Success
2021-12-24 10:37:25.8007 INFO Get User Success :bdbl_disbo
2021-12-24 10:37:34.8210 INFO Get User Success :340-Bihar Distillers & Bottlers Pvt. Ltd -Bond Officer
2021-12-24 10:37:34.8210 INFO Get User Success :340-Bihar Distillers & Bottlers Pvt. Ltd -Bond Officer
2021-12-24 10:37:36.5673 INFO Get Product Type Master List Success
2021-12-24 10:39:51.5851 INFO Get User Success :bdbl_disbo
2021-12-24 10:40:07.1414 INFO Get User Success :339-Bihar Distillers & Bottlers Pvt. Ltd - Unit- 1
2021-12-24 10:40:07.1713 INFO Get User Success :339-Bihar Distillers & Bottlers Pvt. Ltd - Unit- 1
2021-12-24 10:40:07.1713 INFO Get Product Type Master List Success
2021-12-24 10:40:08.2633 INFO Get User Success :bdbl_dis
2021-12-24 10:40:13.0481 INFO Get User Success :339-Bihar Distillers & Bottlers Pvt. Ltd - Unit- 1
2021-12-24 10:40:13.0515 INFO Get Product Master List Success
2021-12-24 10:40:15.5147 INFO Get RR List Success
2021-12-24 10:40:17.1416 INFO Get Product Type Master List Success
2021-12-24 10:40:17.6612 INFO Get User Success :bdbl_dis
2021-12-24 10:40:23.9565 INFO Get User Success :339-Bihar Distillers & Bottlers Pvt. Ltd - Unit- 1
2021-12-24 10:40:23.9587 INFO Get Product Master List Success
2021-12-24 10:40:23.9587 INFO Get State List Success
2021-12-24 10:40:23.9587 INFO Get NOC Sucess:654
2021-12-24 10:40:27.3363 INFO Get NOC Sucess:Req/BH/BDB/NOC/2021-2022/1
2021-12-24 10:40:27.3363 INFO Get Product Type Master List Success
2021-12-24 10:40:27.8456 INFO Get User Success :bdbl_dis
2021-12-24 10:40:38.2971 INFO Get Customer Details Success
2021-12-24 10:41:11.4771 INFO NOC Insertion Sucess:654-BDB
2021-12-24 10:41:11.4984 INFO Get User Success :339-Bihar Distillers & Bottlers Pvt. Ltd - Unit- 1
2021-12-24 10:41:11.4984 INFO Get Product Master List Success
2021-12-24 10:41:14.0081 INFO Get RR List Success
2021-12-24 10:41:15.4095 INFO Get Product Type Master List Success
2021-12-24 10:41:16.6162 INFO Get User Success :bdbl_dis
2021-12-24 10:45:20.4279 INFO Get User Success :339-Bihar Distillers & Bottlers Pvt. Ltd - Unit- 1
2021-12-24 10:45:40.8165 INFO Get User Success :339-Bihar Distillers & Bottlers Pvt. Ltd - Unit- 1
2021-12-24 10:45:53.0678 INFO Get User Success :339-Bihar Distillers & Bottlers Pvt. Ltd - Unit- 1
2021-12-24 10:45:53.0678 INFO Get Product Master List Success
2021-12-24 10:45:53.0678 INFO Get State List Success
2021-12-24 10:45:53.0678 INFO Get NOC Sucess:655
2021-12-24 10:45:55.4231 INFO Get NOC Sucess:Req/BH/BDB/NOC/2021-2022/2
2021-12-24 10:45:55.6501 INFO Get NOC Details Success
2021-12-24 10:45:55.6501 INFO Get Customer Details Success
2021-12-24 10:45:56.6748 INFO Get Product Type Master List Success
2021-12-24 10:45:57.1815 INFO Get User Success :bdbl_dis
2021-12-24 10:46:23.2395 INFO Get User Success :339-Bihar Distillers & Bottlers Pvt. Ltd - Unit- 1
2021-12-24 10:46:23.2395 INFO Get Product Master List Success
2021-12-24 10:46:25.0276 INFO Get RR List Success
2021-12-24 10:46:26.7148 INFO Get Product Type Master List Success
2021-12-24 10:46:27.7671 INFO Get User Success :bdbl_dis
2021-12-24 10:46:43.1600 INFO Get User Success :338-Assistant Commissioner, Bhojpur
2021-12-24 10:46:43.2393 INFO Get User Success :338-Assistant Commissioner, Bhojpur
2021-12-24 10:46:43.2623 INFO Get Product Type Master List Success
2021-12-24 10:46:44.5434 INFO Get User Success :bhedo
2021-12-24 10:46:47.6472 INFO Get User Success :338-Assistant Commissioner, Bhojpur
2021-12-24 10:46:47.6472 INFO Get Product Master List Success
2021-12-24 10:46:49.0365 INFO Get User Success :338-Assistant Commissioner, Bhojpur
2021-12-24 10:46:49.0365 INFO Get Product Master List Success
2021-12-24 10:46:49.0365 INFO Check WorkFlow List Success
2021-12-24 10:46:51.1875 INFO Get RR List Success
2021-12-24 10:46:52.5067 INFO Get Product Type Master List Success
2021-12-24 10:46:52.9924 INFO Get User Success :bhedo
2021-12-24 10:47:08.2195 INFO Get User Success :338-Assistant Commissioner, Bhojpur
2021-12-24 10:47:08.2195 INFO Get Product Master List Success
2021-12-24 10:47:08.2405 INFO Get State List Success
2021-12-24 10:47:08.2405 INFO Get NOC Sucess:656
2021-12-24 10:47:09.2704 INFO Get NOC Sucess:Req/2020-21/1
2021-12-24 10:47:09.2704 INFO Get State List Success
2021-12-24 10:47:09.4390 INFO Get NOC Details Success
2021-12-24 10:47:09.4390 INFO Get Customer Details Success
2021-12-24 10:47:11.0274 INFO Check WorkFlow List Success
2021-12-24 10:47:11.3444 INFO Get Product Type Master List Success
2021-12-24 10:47:11.8378 INFO Get User Success :bhedo
2021-12-24 10:47:19.3270 INFO Get User Success :338-Assistant Commissioner, Bhojpur
2021-12-24 10:47:20.2904 INFO NOC Approve Sucess:654
2021-12-24 10:47:20.3137 INFO Get User Success :338-Assistant Commissioner, Bhojpur
2021-12-24 10:47:20.3216 INFO Get Product Master List Success
2021-12-24 10:47:20.9312 INFO Get User Success :338-Assistant Commissioner, Bhojpur
2021-12-24 10:47:20.9312 INFO Get Product Master List Success
2021-12-24 10:47:20.9312 INFO Check WorkFlow List Success
2021-12-24 10:47:23.0083 INFO Get RR List Success
2021-12-24 10:47:24.5311 INFO Get Product Type Master List Success
2021-12-24 10:47:25.6561 INFO Get User Success :bhedo
2021-12-24 10:47:36.7946 INFO Get User Success :100-Deputy Commissioner
2021-12-24 10:47:36.8351 INFO Get User Success :100-Deputy Commissioner
2021-12-24 10:47:36.9128 INFO Get Product Type Master List Success
2021-12-24 10:47:38.1369 INFO Get User Success :hodyco
2021-12-24 10:47:41.4484 INFO Get User Success :100-Deputy Commissioner
2021-12-24 10:47:41.4484 INFO Get Product Master List Success
2021-12-24 10:47:42.7339 INFO Get User Success :100-Deputy Commissioner
2021-12-24 10:47:42.7339 INFO Get Product Master List Success
2021-12-24 10:47:42.7339 INFO Check WorkFlow List Success
2021-12-24 10:47:44.9466 INFO Get RR List Success
2021-12-24 10:47:46.0100 INFO Get Product Type Master List Success
2021-12-24 10:47:46.5865 INFO Get User Success :hodyco
2021-12-24 10:48:20.9584 INFO Get User Success :100-Deputy Commissioner
2021-12-24 10:48:20.9584 INFO Get Product Master List Success
2021-12-24 10:48:20.9789 INFO Get State List Success
2021-12-24 10:48:20.9789 INFO Get NOC Sucess:656
2021-12-24 10:48:22.0052 INFO Get NOC Sucess:Req/2020-21/1
2021-12-24 10:48:22.0052 INFO Get State List Success
2021-12-24 10:48:22.1645 INFO Get NOC Details Success
2021-12-24 10:48:22.1645 INFO Get Customer Details Success
2021-12-24 10:48:23.1157 INFO Check WorkFlow List Success
2021-12-24 10:48:23.1157 INFO Get Product Type Master List Success
2021-12-24 10:48:23.6112 INFO Get User Success :hodyco
2021-12-24 10:49:09.7638 INFO Get User Success :100-Deputy Commissioner
2021-12-24 10:49:10.7060 INFO NOC Approve Sucess:654
2021-12-24 10:49:10.7272 INFO Get User Success :100-Deputy Commissioner
2021-12-24 10:49:10.7272 INFO Get Product Master List Success
2021-12-24 10:49:11.3686 INFO Get User Success :100-Deputy Commissioner
2021-12-24 10:49:11.3686 INFO Get Product Master List Success
2021-12-24 10:49:11.3686 INFO Check WorkFlow List Success
2021-12-24 10:49:14.0392 INFO Get RR List Success
2021-12-24 10:49:15.9236 INFO Get Product Type Master List Success
2021-12-24 10:49:17.2720 INFO Get User Success :hodyco
2021-12-24 10:49:37.0060 INFO Get User Success :101-Commissioner
2021-12-24 10:49:37.0468 INFO Get User Success :101-Commissioner
2021-12-24 10:49:37.0804 INFO Get Product Type Master List Success
2021-12-24 10:49:38.5098 INFO Get User Success :com
2021-12-24 10:49:57.0240 INFO Get User Success :101-Commissioner
2021-12-24 10:49:57.0240 INFO Get Product Master List Success
2021-12-24 10:49:58.1430 INFO Get User Success :101-Commissioner
2021-12-24 10:49:58.1450 INFO Get Product Master List Success
2021-12-24 10:49:58.1450 INFO Check WorkFlow List Success
2021-12-24 10:50:00.4997 INFO Get RR List Success
2021-12-24 10:50:01.8267 INFO Get Product Type Master List Success
2021-12-24 10:50:02.3877 INFO Get User Success :com
2021-12-24 10:50:07.9323 INFO Get User Success :101-Commissioner
2021-12-24 10:50:07.9323 INFO Get Product Master List Success
2021-12-24 10:50:07.9535 INFO Get State List Success
2021-12-24 10:50:07.9535 INFO Get NOC Sucess:656
2021-12-24 10:50:08.9802 INFO Get NOC Sucess:Req/2020-21/1
2021-12-24 10:50:08.9802 INFO Get State List Success
2021-12-24 10:50:09.1424 INFO Get NOC Details Success
2021-12-24 10:50:09.1424 INFO Get Customer Details Success
2021-12-24 10:50:10.3436 INFO Check WorkFlow List Success
2021-12-24 10:50:10.5538 INFO Get Product Type Master List Success
2021-12-24 10:50:11.0442 INFO Get User Success :com
2021-12-24 10:50:40.1318 INFO Get User Success :101-Commissioner
2021-12-24 10:50:40.5853 INFO NOC Approve Sucess:654
2021-12-24 10:50:40.6076 INFO Get User Success :101-Commissioner
2021-12-24 10:50:40.6076 INFO Get Product Master List Success
2021-12-24 10:50:41.3325 INFO Get User Success :101-Commissioner
2021-12-24 10:50:41.3325 INFO Get Product Master List Success
2021-12-24 10:50:41.3325 INFO Check WorkFlow List Success
2021-12-24 10:50:43.4357 INFO Get RR List Success
2021-12-24 10:50:44.8472 INFO Get Product Type Master List Success
2021-12-24 10:50:45.3740 INFO Get User Success :com
2021-12-24 10:50:57.8487 INFO Get User Success :100-Deputy Commissioner
2021-12-24 10:50:57.8944 INFO Get User Success :100-Deputy Commissioner
2021-12-24 10:50:57.9289 INFO Get Product Type Master List Success
2021-12-24 10:51:07.0476 INFO Get User Success :hodyco
2021-12-24 10:51:10.2109 INFO Get User Success :100-Deputy Commissioner
2021-12-24 10:51:10.2109 INFO Get Product Master List Success
2021-12-24 10:51:11.3369 INFO Get User Success :100-Deputy Commissioner
2021-12-24 10:51:11.3369 INFO Get Product Master List Success
2021-12-24 10:51:11.3369 INFO Check WorkFlow List Success
2021-12-24 10:51:13.6186 INFO Get RR List Success
2021-12-24 10:51:14.8672 INFO Get Product Type Master List Success
2021-12-24 10:51:15.8715 INFO Get User Success :hodyco
2021-12-24 10:51:20.5727 INFO Get User Success :100-Deputy Commissioner
2021-12-24 10:51:20.5727 INFO Get Product Master List Success
2021-12-24 10:51:20.5727 INFO Check WorkFlow List Success
2021-12-24 10:51:22.4316 INFO Get RR List Success
2021-12-24 10:51:24.1741 INFO Get Product Type Master List Success
2021-12-24 10:51:24.7613 INFO Get User Success :hodyco
2021-12-24 10:51:32.3281 INFO Check WorkFlow List Success
2021-12-24 10:51:32.8840 INFO NOC Approve Sucess:654
2021-12-24 10:51:34.3833 INFO Get RR List Success
2021-12-24 10:51:34.3833 INFO Get Report  Success
2021-12-24 10:51:34.5638 INFO Get GetSeverList Success
2021-12-24 10:51:51.2917 INFO Get User Success :338-Assistant Commissioner, Bhojpur
2021-12-24 10:51:51.3396 INFO Get User Success :338-Assistant Commissioner, Bhojpur
2021-12-24 10:51:51.3396 INFO Get Product Type Master List Success
2021-12-24 10:51:52.7740 INFO Get User Success :bhedo
2021-12-24 10:51:56.6077 INFO Get User Success :338-Assistant Commissioner, Bhojpur
2021-12-24 10:51:56.6077 INFO Get Product Master List Success
2021-12-24 10:52:00.4781 INFO Get User Success :338-Assistant Commissioner, Bhojpur
2021-12-24 10:52:00.4781 INFO Get Product Master List Success
2021-12-24 10:52:00.4781 INFO Check WorkFlow List Success
2021-12-24 10:52:02.6831 INFO Get RR List Success
2021-12-24 10:52:03.9247 INFO Get Product Type Master List Success
2021-12-24 10:52:04.4866 INFO Get User Success :bhedo
2021-12-24 10:52:07.7686 INFO Get User Success :338-Assistant Commissioner, Bhojpur
2021-12-24 10:52:07.7706 INFO Get Product Master List Success
2021-12-24 10:52:07.7706 INFO Check WorkFlow List Success
2021-12-24 10:52:09.5995 INFO Get RR List Success
2021-12-24 10:52:10.4642 INFO Get Product Type Master List Success
2021-12-24 10:52:11.0644 INFO Get User Success :bhedo
2021-12-24 10:52:21.1427 INFO Get User Success :338-Assistant Commissioner, Bhojpur
2021-12-24 10:52:23.7359 INFO Get RR List Success
2021-12-24 10:52:24.9456 INFO Check WorkFlow List Success
2021-12-24 10:52:31.0479 INFO Get User Success :338-Assistant Commissioner, Bhojpur
2021-12-24 10:52:33.8058 INFO Get RR List Success
2021-12-24 10:52:35.3220 INFO Check WorkFlow List Success
2021-12-24 10:52:50.0572 INFO Get User Success :338-Assistant Commissioner, Bhojpur
2021-12-24 10:52:52.9776 INFO Get RR List Success
2021-12-24 10:52:54.5870 INFO Check WorkFlow List Success
2021-12-24 10:53:01.2498 INFO Get User Success :134-Assistant Commissioner, Gopalgunj
2021-12-24 10:53:01.2905 INFO Get User Success :134-Assistant Commissioner, Gopalgunj
2021-12-24 10:53:01.2905 INFO Get Product Type Master List Success
2021-12-24 10:53:02.7179 INFO Get User Success :goedo
2021-12-24 10:53:05.4405 INFO Get User Success :134-Assistant Commissioner, Gopalgunj
2021-12-24 10:53:05.4405 INFO Get Product Master List Success
2021-12-24 10:53:06.8785 INFO Get User Success :134-Assistant Commissioner, Gopalgunj
2021-12-24 10:53:06.8795 INFO Get Product Master List Success
2021-12-24 10:53:06.8795 INFO Check WorkFlow List Success
2021-12-24 10:53:09.0062 INFO Get RR List Success
2021-12-24 10:53:10.3052 INFO Get Product Type Master List Success
2021-12-24 10:53:11.4208 INFO Get User Success :goedo
2021-12-24 10:53:43.5731 INFO Get User Success :343-Assistant Commissioner, Vaishali
2021-12-24 10:53:43.6207 INFO Get User Success :343-Assistant Commissioner, Vaishali
2021-12-24 10:53:43.6207 INFO Get Product Type Master List Success
2021-12-24 10:53:45.8592 INFO Get User Success :vaedo
2021-12-24 10:53:49.4399 INFO Get User Success :343-Assistant Commissioner, Vaishali
2021-12-24 10:53:49.4399 INFO Get Product Master List Success
2021-12-24 10:53:50.7298 INFO Get User Success :343-Assistant Commissioner, Vaishali
2021-12-24 10:53:50.7298 INFO Get Product Master List Success
2021-12-24 10:53:50.7298 INFO Check WorkFlow List Success
2021-12-24 10:53:52.9815 INFO Get RR List Success
2021-12-24 10:53:55.9328 INFO Get Product Type Master List Success
2021-12-24 10:53:56.5646 INFO Get User Success :vaedo
2021-12-24 11:01:17.8460 INFO Get User Success :339-Bihar Distillers & Bottlers Pvt. Ltd - Unit- 1
2021-12-24 11:01:17.8761 INFO Get User Success :339-Bihar Distillers & Bottlers Pvt. Ltd - Unit- 1
2021-12-24 11:01:17.8761 INFO Get Product Type Master List Success
2021-12-24 11:01:19.7922 INFO Get User Success :bdbl_dis
2021-12-24 11:01:23.4826 INFO Get User Success :339-Bihar Distillers & Bottlers Pvt. Ltd - Unit- 1
2021-12-24 11:01:23.4826 INFO Get User Success :339-Bihar Distillers & Bottlers Pvt. Ltd - Unit- 1
2021-12-24 11:01:24.8174 INFO Get Product Type Master List Success
2021-12-24 11:01:25.3466 INFO Get User Success :bdbl_dis
2021-12-24 11:01:28.4341 INFO Get User Success :339-Bihar Distillers & Bottlers Pvt. Ltd - Unit- 1
2021-12-24 11:01:32.4938 INFO Get User Success :339-Bihar Distillers & Bottlers Pvt. Ltd - Unit- 1
2021-12-24 11:01:34.6183 INFO Get RR List Success
2021-12-24 11:01:35.3736 INFO Get Product Type Master List Success
2021-12-24 11:01:36.0226 INFO Get User Success :bdbl_dis
2021-12-24 11:04:12.2523 INFO Get NOC Details Success
2021-12-24 11:06:05.1315 INFO Get NOC Details Success
2021-12-24 11:06:05.1315 INFO Get User Success :339-Bihar Distillers & Bottlers Pvt. Ltd - Unit- 1
2021-12-24 11:06:05.1315 INFO Get Balance Request Pass Success
2021-12-24 11:06:38.9169 INFO Insert Request Pass Success
2021-12-24 11:06:38.9445 INFO Get User Success :339-Bihar Distillers & Bottlers Pvt. Ltd - Unit- 1
2021-12-24 11:06:38.9445 INFO Get User Success :339-Bihar Distillers & Bottlers Pvt. Ltd - Unit- 1
2021-12-24 11:06:41.1257 INFO Get Product Type Master List Success
2021-12-24 11:06:41.6164 INFO Get User Success :bdbl_dis
2021-12-24 11:06:45.7898 INFO Get User Success :339-Bihar Distillers & Bottlers Pvt. Ltd - Unit- 1
2021-12-24 11:06:59.5713 INFO Get User Success :339-Bihar Distillers & Bottlers Pvt. Ltd - Unit- 1
2021-12-24 11:07:04.3019 INFO Get User Success :339-Bihar Distillers & Bottlers Pvt. Ltd - Unit- 1
2021-12-24 11:07:06.3661 INFO Get User Success :339-Bihar Distillers & Bottlers Pvt. Ltd - Unit- 1
2021-12-24 11:07:07.7173 INFO Get User Success :339-Bihar Distillers & Bottlers Pvt. Ltd - Unit- 1
2021-12-24 11:07:24.9267 INFO Get User Success :339-Bihar Distillers & Bottlers Pvt. Ltd - Unit- 1
2021-12-24 11:07:26.9498 INFO Get User Success :339-Bihar Distillers & Bottlers Pvt. Ltd - Unit- 1
2021-12-24 11:07:30.2613 INFO Get User Success :339-Bihar Distillers & Bottlers Pvt. Ltd - Unit- 1
2021-12-24 11:07:31.2702 INFO Get User Success :339-Bihar Distillers & Bottlers Pvt. Ltd - Unit- 1
2021-12-24 11:07:31.9454 INFO Get User Success :339-Bihar Distillers & Bottlers Pvt. Ltd - Unit- 1
2021-12-24 11:07:32.6129 INFO Get User Success :339-Bihar Distillers & Bottlers Pvt. Ltd - Unit- 1
2021-12-24 11:07:33.1994 INFO Get User Success :339-Bihar Distillers & Bottlers Pvt. Ltd - Unit- 1
2021-12-24 11:07:33.8228 INFO Get User Success :339-Bihar Distillers & Bottlers Pvt. Ltd - Unit- 1
2021-12-24 11:07:34.3847 INFO Get User Success :339-Bihar Distillers & Bottlers Pvt. Ltd - Unit- 1
2021-12-24 11:07:50.1706 INFO Get User Success :339-Bihar Distillers & Bottlers Pvt. Ltd - Unit- 1
2021-12-24 11:07:54.8687 INFO Get User Success :339-Bihar Distillers & Bottlers Pvt. Ltd - Unit- 1
2021-12-24 11:07:57.7658 INFO Get User Success :339-Bihar Distillers & Bottlers Pvt. Ltd - Unit- 1
2021-12-24 11:08:20.6437 INFO Get User Success :339-Bihar Distillers & Bottlers Pvt. Ltd - Unit- 1
2021-12-24 11:08:30.1406 INFO Get User Success :339-Bihar Distillers & Bottlers Pvt. Ltd - Unit- 1
2021-12-24 11:08:32.2854 INFO Get RR List Success
2021-12-24 11:08:34.1276 INFO Get NOC Details Success
2021-12-24 11:08:34.3826 INFO Get NOC Details Success
2021-12-24 11:08:34.3826 INFO Get User Success :339-Bihar Distillers & Bottlers Pvt. Ltd - Unit- 1
2021-12-24 11:08:34.3826 INFO Get Balance Request Pass Success
2021-12-24 11:08:34.3961 INFO Get Product Type Master List Success
2021-12-24 11:08:34.8670 INFO Get User Success :bdbl_dis
2021-12-24 11:08:38.4998 INFO Update Request Pass Success
2021-12-24 11:08:38.5246 INFO Get User Success :339-Bihar Distillers & Bottlers Pvt. Ltd - Unit- 1
2021-12-24 11:08:38.5246 INFO Get User Success :339-Bihar Distillers & Bottlers Pvt. Ltd - Unit- 1
2021-12-24 11:08:41.5235 INFO Get Product Type Master List Success
2021-12-24 11:08:42.0496 INFO Get User Success :bdbl_dis
2021-12-24 11:08:49.6041 INFO Get User Success :340-Bihar Distillers & Bottlers Pvt. Ltd -Bond Officer
2021-12-24 11:08:49.6350 INFO Get User Success :340-Bihar Distillers & Bottlers Pvt. Ltd -Bond Officer
2021-12-24 11:08:49.6350 INFO Get Product Type Master List Success
2021-12-24 11:08:50.6923 INFO Get User Success :bdbl_disbo
2021-12-24 11:08:53.9446 INFO Get User Success :340-Bihar Distillers & Bottlers Pvt. Ltd -Bond Officer
2021-12-24 11:08:53.9446 INFO Get User Success :340-Bihar Distillers & Bottlers Pvt. Ltd -Bond Officer
2021-12-24 11:08:55.0207 INFO Get Product Type Master List Success
2021-12-24 11:08:55.5533 INFO Get User Success :bdbl_disbo
2021-12-24 11:08:58.3157 INFO Get User Success :340-Bihar Distillers & Bottlers Pvt. Ltd -Bond Officer
2021-12-24 11:09:11.2064 INFO Get User Success :340-Bihar Distillers & Bottlers Pvt. Ltd -Bond Officer
2021-12-24 11:09:15.7210 INFO Get User Success :340-Bihar Distillers & Bottlers Pvt. Ltd -Bond Officer
2021-12-24 11:09:17.7148 INFO Get RR List Success
2021-12-24 11:09:20.2002 INFO Get NOC Details Success
2021-12-24 11:09:20.4317 INFO Get NOC Details Success
2021-12-24 11:09:20.4317 INFO Get User Success :339-Bihar Distillers & Bottlers Pvt. Ltd - Unit- 1
2021-12-24 11:09:20.4317 INFO Get Balance Request Pass Success
2021-12-24 11:09:20.4441 INFO Get Product Type Master List Success
2021-12-24 11:09:20.8963 INFO Get User Success :bdbl_disbo
2021-12-24 11:09:46.4025 INFO Approve Request Pass Success
2021-12-24 11:09:46.4261 INFO Get User Success :340-Bihar Distillers & Bottlers Pvt. Ltd -Bond Officer
2021-12-24 11:09:46.4291 INFO Get User Success :340-Bihar Distillers & Bottlers Pvt. Ltd -Bond Officer
2021-12-24 11:09:47.6070 INFO Get Product Type Master List Success
2021-12-24 11:09:48.5441 INFO Get User Success :bdbl_disbo
2021-12-24 11:09:57.8108 INFO Get User Success :340-Bihar Distillers & Bottlers Pvt. Ltd -Bond Officer
2021-12-24 11:10:01.4288 INFO Get User Success :340-Bihar Distillers & Bottlers Pvt. Ltd -Bond Officer
2021-12-24 11:10:05.1282 INFO Get User Success :340-Bihar Distillers & Bottlers Pvt. Ltd -Bond Officer
2021-12-24 11:10:07.4837 INFO Get RR List Success
2021-12-24 11:10:09.4701 INFO Get NOC Details Success
2021-12-24 11:10:09.6234 INFO Get NOC Details Success
2021-12-24 11:10:09.6234 INFO Get User Success :339-Bihar Distillers & Bottlers Pvt. Ltd - Unit- 1
2021-12-24 11:10:09.6234 INFO Get Balance Request Pass Success
2021-12-24 11:10:09.6387 INFO Get Product Type Master List Success
2021-12-24 11:10:10.1436 INFO Get User Success :bdbl_disbo
2021-12-24 11:10:17.5385 INFO Approve Request Pass Success
2021-12-24 11:10:17.5625 INFO Get User Success :340-Bihar Distillers & Bottlers Pvt. Ltd -Bond Officer
2021-12-24 11:10:17.5625 INFO Get User Success :340-Bihar Distillers & Bottlers Pvt. Ltd -Bond Officer
2021-12-24 11:10:18.1019 INFO Get Product Type Master List Success
2021-12-24 11:10:18.5739 INFO Get User Success :bdbl_disbo
2021-12-24 11:10:26.6227 INFO Get User Success :339-Bihar Distillers & Bottlers Pvt. Ltd - Unit- 1
2021-12-24 11:10:26.6502 INFO Get User Success :339-Bihar Distillers & Bottlers Pvt. Ltd - Unit- 1
2021-12-24 11:10:26.6502 INFO Get Product Type Master List Success
2021-12-24 11:10:27.6487 INFO Get User Success :bdbl_dis
2021-12-24 11:10:30.9205 INFO Get User Success :339-Bihar Distillers & Bottlers Pvt. Ltd - Unit- 1
2021-12-24 11:10:30.9205 INFO Get User Success :339-Bihar Distillers & Bottlers Pvt. Ltd - Unit- 1
2021-12-24 11:10:32.2610 INFO Get Product Type Master List Success
2021-12-24 11:10:32.7522 INFO Get User Success :bdbl_dis
2021-12-24 11:10:35.7327 INFO Get User Success :339-Bihar Distillers & Bottlers Pvt. Ltd - Unit- 1
2021-12-24 11:10:48.7916 INFO Get User Success :339-Bihar Distillers & Bottlers Pvt. Ltd - Unit- 1
2021-12-24 11:11:08.5395 INFO Get User Success :339-Bihar Distillers & Bottlers Pvt. Ltd - Unit- 1
2021-12-24 11:11:12.3738 INFO Get User Success :339-Bihar Distillers & Bottlers Pvt. Ltd - Unit- 1
2021-12-24 11:11:12.3738 INFO Get Dispach Master List Success
2021-12-24 11:11:14.5074 INFO Get VAT Master List Success
2021-12-24 11:11:15.1704 INFO Get Product Type Master List Success
2021-12-24 11:11:16.2240 INFO Get User Success :bdbl_dis
2021-12-24 11:12:48.9103 INFO Pass Insertion Sucess:11-BDB
2021-12-24 11:12:48.9550 INFO Get User Success :339-Bihar Distillers & Bottlers Pvt. Ltd - Unit- 1
2021-12-24 11:12:49.6185 INFO Get Pass List Success
2021-12-24 11:12:49.6185 INFO Get User Success :339-Bihar Distillers & Bottlers Pvt. Ltd - Unit- 1
2021-12-24 11:12:49.6185 INFO Get Product Type Master List Success
2021-12-24 11:12:50.4583 INFO Get User Success :bdbl_dis
2021-12-24 11:12:56.7949 INFO Get Pass List Success
2021-12-24 11:12:56.7949 INFO Get User Success :339-Bihar Distillers & Bottlers Pvt. Ltd - Unit- 1
2021-12-24 11:13:15.5964 INFO Get User Success :339-Bihar Distillers & Bottlers Pvt. Ltd - Unit- 1
2021-12-24 11:13:16.2108 INFO Get Pass List Success
2021-12-24 11:13:20.1226 INFO Get User Success :339-Bihar Distillers & Bottlers Pvt. Ltd - Unit- 1
2021-12-24 11:13:20.1226 INFO Get Dispach Master List Success
2021-12-24 11:14:30.5828 INFO Get VAT Master List Success
2021-12-24 11:14:31.9647 INFO Get Pass List Success
2021-12-24 11:14:32.7963 INFO Get Product Type Master List Success
2021-12-24 11:14:33.7332 INFO Get User Success :bdbl_dis
2021-12-24 11:14:50.3370 INFO Get User Success :339-Bihar Distillers & Bottlers Pvt. Ltd - Unit- 1
2021-12-24 11:14:50.3370 INFO Get Dispach Master List Success
2021-12-24 11:14:52.7926 INFO Get VAT Master List Success
2021-12-24 11:14:53.6776 INFO Get Pass List Success
2021-12-24 11:14:54.4140 INFO Get Product Type Master List Success
2021-12-24 11:14:54.7215 INFO Get User Success :bdbl_dis
2021-12-24 11:15:00.8133 INFO Pass Insertion Sucess:0-BDB
2021-12-24 11:15:00.8433 INFO Get User Success :339-Bihar Distillers & Bottlers Pvt. Ltd - Unit- 1
2021-12-24 11:15:01.5100 INFO Get Pass List Success
2021-12-24 11:15:01.5100 INFO Get User Success :339-Bihar Distillers & Bottlers Pvt. Ltd - Unit- 1
2021-12-24 11:15:01.5231 INFO Get Product Type Master List Success
2021-12-24 11:15:02.2794 INFO Get User Success :bdbl_dis
2021-12-24 11:15:08.5975 INFO Get Pass List Success
2021-12-24 11:15:08.6005 INFO Get User Success :339-Bihar Distillers & Bottlers Pvt. Ltd - Unit- 1
2021-12-24 11:15:10.0503 INFO Get User Success :339-Bihar Distillers & Bottlers Pvt. Ltd - Unit- 1
2021-12-24 11:15:10.6925 INFO Get Pass List Success
2021-12-24 11:16:16.5645 INFO Get User Success :340-Bihar Distillers & Bottlers Pvt. Ltd -Bond Officer
2021-12-24 11:16:16.5914 INFO Get User Success :340-Bihar Distillers & Bottlers Pvt. Ltd -Bond Officer
2021-12-24 11:16:16.5914 INFO Get Product Type Master List Success
2021-12-24 11:16:17.7826 INFO Get User Success :bdbl_disbo
2021-12-24 11:16:21.1602 INFO Get User Success :340-Bihar Distillers & Bottlers Pvt. Ltd -Bond Officer
2021-12-24 11:16:21.1622 INFO Get User Success :340-Bihar Distillers & Bottlers Pvt. Ltd -Bond Officer
2021-12-24 11:16:22.2751 INFO Get Product Type Master List Success
2021-12-24 11:16:22.8451 INFO Get User Success :bdbl_disbo
2021-12-24 11:16:25.7152 INFO Get User Success :340-Bihar Distillers & Bottlers Pvt. Ltd -Bond Officer
2021-12-24 11:16:26.3427 INFO Get Pass List Success
2021-12-24 11:16:26.3427 INFO Get User Success :340-Bihar Distillers & Bottlers Pvt. Ltd -Bond Officer
2021-12-24 11:16:26.3525 INFO Get Product Type Master List Success
2021-12-24 11:16:27.5142 INFO Get User Success :bdbl_disbo
2021-12-24 11:16:30.7604 INFO Get Pass List Success
2021-12-24 11:16:30.7604 INFO Get User Success :340-Bihar Distillers & Bottlers Pvt. Ltd -Bond Officer
2021-12-24 11:16:45.0640 INFO Get User Success :340-Bihar Distillers & Bottlers Pvt. Ltd -Bond Officer
2021-12-24 11:16:45.6828 INFO Get Pass List Success
2021-12-24 11:16:47.4304 INFO Get User Success :340-Bihar Distillers & Bottlers Pvt. Ltd -Bond Officer
2021-12-24 11:16:47.4304 INFO Get Dispach Master List Success
2021-12-24 11:16:48.9054 INFO Get VAT Master List Success
2021-12-24 11:16:49.1532 INFO Get Pass List Success
2021-12-24 11:16:49.6564 INFO Get Product Type Master List Success
2021-12-24 11:16:49.8933 INFO Get User Success :bdbl_disbo
2021-12-24 11:17:12.2718 INFO Get User Success :340-Bihar Distillers & Bottlers Pvt. Ltd -Bond Officer
2021-12-24 11:17:12.8903 INFO Get Pass List Success
2021-12-24 11:17:12.8903 INFO Get User Success :340-Bihar Distillers & Bottlers Pvt. Ltd -Bond Officer
2021-12-24 11:17:12.9005 INFO Get Product Type Master List Success
2021-12-24 11:20:49.4670 INFO Get User Success :bdbl_disbo
2021-12-24 11:20:53.3996 INFO Get Pass List Success
2021-12-24 11:20:53.3996 INFO Get User Success :340-Bihar Distillers & Bottlers Pvt. Ltd -Bond Officer
2021-12-24 11:20:55.1692 INFO Get User Success :340-Bihar Distillers & Bottlers Pvt. Ltd -Bond Officer
2021-12-24 11:20:55.8556 INFO Get Pass List Success
2021-12-24 11:20:57.6559 INFO Get User Success :340-Bihar Distillers & Bottlers Pvt. Ltd -Bond Officer
2021-12-24 11:20:57.6559 INFO Get Dispach Master List Success
2021-12-24 11:28:00.3436 INFO Get Pass List Success
2021-12-24 11:31:16.6339 INFO Get User Success :340-Bihar Distillers & Bottlers Pvt. Ltd -Bond Officer
2021-12-24 11:31:16.6339 INFO Get Dispach Master List Success
2021-12-24 11:32:09.9360 INFO Get VAT Master List Success
2021-12-24 11:33:28.8939 INFO Get Pass List Success
2021-12-24 11:35:28.8338 INFO Get Product Type Master List Success
2021-12-24 11:35:29.8578 INFO Get User Success :bdbl_disbo
2021-12-24 11:35:37.9065 INFO Get User Success :100-Deputy Commissioner
2021-12-24 11:35:37.9524 INFO Get User Success :100-Deputy Commissioner
2021-12-24 11:35:38.0164 INFO Get Product Type Master List Success
2021-12-24 11:35:39.2972 INFO Get User Success :hodyco
2021-12-24 11:35:44.0674 INFO Get User Success :100-Deputy Commissioner
2021-12-24 11:35:49.3243 INFO Get User Success :338-Assistant Commissioner, Bhojpur
2021-12-24 11:35:49.3646 INFO Get User Success :338-Assistant Commissioner, Bhojpur
2021-12-24 11:35:49.3646 INFO Get Product Type Master List Success
2021-12-24 11:35:50.4932 INFO Get User Success :bhedo
2021-12-24 11:35:54.7430 INFO Get User Success :338-Assistant Commissioner, Bhojpur
2021-12-24 11:36:05.2300 INFO Get User Success :339-Bihar Distillers & Bottlers Pvt. Ltd - Unit- 1
2021-12-24 11:36:05.2601 INFO Get User Success :339-Bihar Distillers & Bottlers Pvt. Ltd - Unit- 1
2021-12-24 11:36:05.2601 INFO Get Product Type Master List Success
2021-12-24 11:36:06.6458 INFO Get User Success :bdbl_dis
2021-12-24 11:36:09.6233 INFO Get User Success :339-Bihar Distillers & Bottlers Pvt. Ltd - Unit- 1
2021-12-24 11:36:09.6233 INFO Get User Success :339-Bihar Distillers & Bottlers Pvt. Ltd - Unit- 1
2021-12-24 11:36:11.1485 INFO Get Product Type Master List Success
2021-12-24 11:36:11.9071 INFO Get User Success :bdbl_dis
2021-12-24 11:36:14.4752 INFO Get User Success :339-Bihar Distillers & Bottlers Pvt. Ltd - Unit- 1
2021-12-24 11:36:15.1295 INFO Get Pass List Success
2021-12-24 11:36:15.1295 INFO Get User Success :339-Bihar Distillers & Bottlers Pvt. Ltd - Unit- 1
2021-12-24 11:36:15.1295 INFO Get Product Type Master List Success
2021-12-24 11:36:16.4252 INFO Get User Success :bdbl_dis
2021-12-24 11:36:20.7129 INFO Get Pass List Success
2021-12-24 11:36:20.7129 INFO Get User Success :339-Bihar Distillers & Bottlers Pvt. Ltd - Unit- 1
2021-12-24 11:36:22.9141 INFO Get User Success :339-Bihar Distillers & Bottlers Pvt. Ltd - Unit- 1
2021-12-24 11:36:22.9141 INFO Get Dispach Master List Success
2021-12-24 11:36:32.8135 INFO Get User Success :339-Bihar Distillers & Bottlers Pvt. Ltd - Unit- 1
2021-12-24 11:36:32.8135 INFO Get Dispach Master List Success
2021-12-24 11:37:04.8980 INFO Get User Success :339-Bihar Distillers & Bottlers Pvt. Ltd - Unit- 1
2021-12-24 11:37:04.8980 INFO Get Dispach Master List Success
2021-12-24 11:37:36.8629 INFO Get User Success :339-Bihar Distillers & Bottlers Pvt. Ltd - Unit- 1
2021-12-24 11:37:36.8639 INFO Get Dispach Master List Success
2021-12-24 11:38:26.0101 INFO Get User Success :339-Bihar Distillers & Bottlers Pvt. Ltd - Unit- 1
2021-12-24 11:38:26.6128 INFO Get Pass List Success
2021-12-24 11:38:28.2345 INFO Get User Success :339-Bihar Distillers & Bottlers Pvt. Ltd - Unit- 1
2021-12-24 11:38:28.2345 INFO Get Dispach Master List Success
2021-12-24 11:41:55.8913 INFO Get VAT Master List Success
2021-12-24 11:41:56.6807 INFO Get Pass List Success
2021-12-24 11:41:58.2959 INFO Get Product Type Master List Success
2021-12-24 11:41:58.8419 INFO Get User Success :bdbl_dis
2021-12-24 11:42:03.2983 INFO Get User Success :339-Bihar Distillers & Bottlers Pvt. Ltd - Unit- 1
2021-12-24 11:42:03.2983 INFO Get Dispach Master List Success
2021-12-24 11:42:05.6719 INFO Get VAT Master List Success
2021-12-24 11:42:14.3292 INFO Get Pass List Success
2021-12-24 11:42:29.5114 INFO Get Product Type Master List Success
2021-12-24 11:42:30.7479 INFO Get User Success :bdbl_dis
2021-12-24 11:42:38.2703 INFO Get User Success :340-Bihar Distillers & Bottlers Pvt. Ltd -Bond Officer
2021-12-24 11:42:38.2962 INFO Get User Success :340-Bihar Distillers & Bottlers Pvt. Ltd -Bond Officer
2021-12-24 11:42:38.2962 INFO Get Product Type Master List Success
2021-12-24 11:42:41.2652 INFO Get User Success :bdbl_disbo
2021-12-24 11:42:47.0311 INFO Get User Success :340-Bihar Distillers & Bottlers Pvt. Ltd -Bond Officer
2021-12-24 11:42:47.0311 INFO Get User Success :340-Bihar Distillers & Bottlers Pvt. Ltd -Bond Officer
2021-12-24 11:42:49.8127 INFO Get Product Type Master List Success
2021-12-24 11:42:50.4066 INFO Get User Success :bdbl_disbo
2021-12-24 11:42:52.4118 INFO Get User Success :340-Bihar Distillers & Bottlers Pvt. Ltd -Bond Officer
2021-12-24 11:42:53.0651 INFO Get Pass List Success
2021-12-24 11:42:53.0671 INFO Get User Success :340-Bihar Distillers & Bottlers Pvt. Ltd -Bond Officer
2021-12-24 11:42:53.0671 INFO Get Product Type Master List Success
2021-12-24 11:42:54.1252 INFO Get User Success :bdbl_disbo
2021-12-24 11:42:57.3473 INFO Get Pass List Success
2021-12-24 11:42:57.3513 INFO Get User Success :340-Bihar Distillers & Bottlers Pvt. Ltd -Bond Officer
2021-12-24 11:43:10.8579 INFO Get User Success :340-Bihar Distillers & Bottlers Pvt. Ltd -Bond Officer
2021-12-24 11:43:11.5000 INFO Get Pass List Success
2021-12-24 11:43:13.4070 INFO Get User Success :340-Bihar Distillers & Bottlers Pvt. Ltd -Bond Officer
2021-12-24 11:43:13.4070 INFO Get Dispach Master List Success
2021-12-24 11:44:05.4469 INFO Get VAT Master List Success
2021-12-24 11:44:08.1908 INFO Get Pass List Success
2021-12-24 11:44:17.2518 INFO Get Product Type Master List Success
2021-12-24 11:44:17.4969 INFO Get User Success :bdbl_disbo
2021-12-24 11:44:21.3688 INFO Get User Success :340-Bihar Distillers & Bottlers Pvt. Ltd -Bond Officer
2021-12-24 11:44:21.3688 INFO Get Dispach Master List Success
2021-12-24 11:44:59.0012 INFO Get VAT Master List Success
2021-12-24 11:45:00.3200 INFO Get Pass List Success
2021-12-24 11:45:06.5303 INFO Get Product Type Master List Success
2021-12-24 11:45:07.1973 INFO Get User Success :bdbl_disbo
2021-12-24 11:45:17.3340 INFO Pass Issued Sucess:BDB
2021-12-24 11:45:17.3661 INFO Get User Success :340-Bihar Distillers & Bottlers Pvt. Ltd -Bond Officer
2021-12-24 11:45:18.0059 INFO Get Pass List Success
2021-12-24 11:45:18.0059 INFO Get User Success :340-Bihar Distillers & Bottlers Pvt. Ltd -Bond Officer
2021-12-24 11:45:18.0059 INFO Get Product Type Master List Success
2021-12-24 11:45:19.5373 INFO Get User Success :bdbl_disbo
2021-12-24 11:45:23.2596 INFO Get Pass List Success
2021-12-24 11:45:23.2596 INFO Get User Success :340-Bihar Distillers & Bottlers Pvt. Ltd -Bond Officer
2021-12-24 11:45:24.7613 INFO Get User Success :340-Bihar Distillers & Bottlers Pvt. Ltd -Bond Officer
2021-12-24 11:45:25.3840 INFO Get Pass List Success
2021-12-24 11:45:29.2546 INFO Get User Success :340-Bihar Distillers & Bottlers Pvt. Ltd -Bond Officer
2021-12-24 11:45:30.7421 INFO Get User Success :340-Bihar Distillers & Bottlers Pvt. Ltd -Bond Officer
2021-12-24 11:45:31.8075 INFO Get Product Type Master List Success
2021-12-24 11:45:32.0432 INFO Get User Success :bdbl_disbo
2021-12-24 11:46:37.2756 INFO Get User Success :340-Bihar Distillers & Bottlers Pvt. Ltd -Bond Officer
2021-12-24 11:49:54.2535 INFO Get Product Type Master List Success
2021-12-24 11:49:55.3816 INFO Get User Success :bdbl_disbo
2021-12-24 11:49:59.4405 INFO Get User Success :340-Bihar Distillers & Bottlers Pvt. Ltd -Bond Officer
2021-12-24 11:49:59.4425 INFO Get User Success :340-Bihar Distillers & Bottlers Pvt. Ltd -Bond Officer
2021-12-24 11:50:00.6179 INFO Get Product Type Master List Success
2021-12-24 11:50:00.8688 INFO Get User Success :bdbl_disbo
2021-12-24 11:50:04.0734 INFO Get User Success :340-Bihar Distillers & Bottlers Pvt. Ltd -Bond Officer
2021-12-24 11:50:18.9856 INFO Get User Success :340-Bihar Distillers & Bottlers Pvt. Ltd -Bond Officer
2021-12-24 11:50:37.4014 INFO Get User Success :340-Bihar Distillers & Bottlers Pvt. Ltd -Bond Officer
2021-12-24 12:52:19.5113 INFO Get User Success :341-Globus Spirits Limited
2021-12-24 12:52:19.6231 INFO Get User Success :341-Globus Spirits Limited
2021-12-24 12:52:19.6379 INFO Get Product Type Master List Success
2021-12-24 12:52:21.3370 INFO Get User Success :globus_dis
2021-12-24 12:52:25.0882 INFO Get User Success :341-Globus Spirits Limited
2021-12-24 12:52:25.1001 INFO Get User Success :341-Globus Spirits Limited
2021-12-24 12:52:26.7543 INFO Get Product Type Master List Success
2021-12-24 12:52:27.0135 INFO Get User Success :globus_dis
2021-12-24 12:52:29.8558 INFO Get User Success :341-Globus Spirits Limited
2021-12-24 12:52:30.5048 INFO Get Pass List Success
2021-12-24 12:52:30.5048 INFO Get User Success :341-Globus Spirits Limited
2021-12-24 12:52:30.5048 INFO Get Product Type Master List Success
2021-12-24 12:52:31.7429 INFO Get User Success :globus_dis
2021-12-24 12:52:35.2457 INFO Get Pass List Success
2021-12-24 12:52:35.2457 INFO Get User Success :341-Globus Spirits Limited
2021-12-24 12:53:01.2067 INFO Get User Success :341-Globus Spirits Limited
2021-12-24 12:53:03.0112 INFO Get User Success :341-Globus Spirits Limited
2021-12-24 12:53:04.0259 INFO Get Product Type Master List Success
2021-12-24 12:53:04.2623 INFO Get User Success :globus_dis
2021-12-24 12:53:10.4201 INFO Get User Success :341-Globus Spirits Limited
2021-12-24 12:53:10.4798 INFO Get Product Type Master List Success
2021-12-24 12:53:11.6174 INFO Get User Success :globus_dis
2021-12-24 12:53:15.3634 INFO Get User Success :341-Globus Spirits Limited
2021-12-24 12:53:15.4051 INFO Get Product Type Master List Success
2021-12-24 12:53:15.9913 INFO Get User Success :globus_dis
2021-12-24 12:55:22.4190 INFO Get User Success :341-Globus Spirits Limited
2021-12-24 12:55:22.4190 INFO Get User Success :341-Globus Spirits Limited
2021-12-24 12:55:23.8322 INFO Get Product Type Master List Success
2021-12-24 12:55:24.3725 INFO Get User Success :globus_dis
2021-12-24 12:55:27.6131 INFO Get User Success :341-Globus Spirits Limited
2021-12-24 12:55:28.2414 INFO Get Pass List Success
2021-12-24 12:55:28.2414 INFO Get User Success :341-Globus Spirits Limited
2021-12-24 12:55:28.2553 INFO Get Product Type Master List Success
2021-12-24 12:55:29.5925 INFO Get User Success :globus_dis
2021-12-24 12:55:32.6330 INFO Get Pass List Success
2021-12-24 12:55:32.6330 INFO Get User Success :341-Globus Spirits Limited
2021-12-24 12:55:35.9764 INFO Get User Success :341-Globus Spirits Limited
2021-12-24 12:55:35.9764 INFO Get Dispach Master List Success
2021-12-24 12:55:37.7320 INFO Get VAT Master List Success
2021-12-24 12:55:38.1666 INFO Get Pass List Success
2021-12-24 12:55:39.5835 INFO Get Product Type Master List Success
2021-12-24 12:55:39.8960 INFO Get User Success :globus_dis
2021-12-24 12:56:07.4792 INFO Get User Success :44-Administrator
2021-12-24 12:56:07.5583 INFO Get User Success :44-Administrator
2021-12-24 12:56:07.5762 INFO Get Product Type Master List Success
2021-12-24 12:56:09.0615 INFO Get User Success :Admin
2021-12-24 12:56:15.7422 INFO Get Party Type Master List Success
2021-12-24 12:56:15.7562 INFO Get Product Type Master List Success
2021-12-24 12:56:16.9971 INFO Get User Success :Admin
2021-12-24 12:56:20.8007 INFO Get Product Master List Success
2021-12-24 12:56:20.8143 INFO Get Product Type Master List Success
2021-12-24 12:56:22.1900 INFO Get User Success :Admin
2021-12-24 12:56:52.9952 INFO Get VAT Master List Success
2021-12-24 12:56:53.0126 INFO Get Product Type Master List Success
2021-12-24 12:56:54.2684 INFO Get User Success :Admin
2021-12-24 12:57:03.4299 INFO Get VAT Master List Success
2021-12-24 12:57:06.2711 INFO Get VAT Master List Success
2021-12-24 12:57:14.4811 INFO Get VAT Master List Success
2021-12-24 13:06:35.6395 INFO Get Product Master List Success
2021-12-24 13:06:35.6395 INFO Get Product Type Master List Success
2021-12-24 13:06:37.4073 INFO Get User Success :Admin
2021-12-24 13:11:26.0203 INFO Get VAT Master List Success
2021-12-24 13:11:26.0203 INFO Get Product Type Master List Success
2021-12-24 13:11:27.3737 INFO Get User Success :Admin
2021-12-24 13:11:31.2311 INFO Get VAT Master List Success
2021-12-24 13:13:08.0831 INFO Get Product Master List Success
2021-12-24 13:13:08.0831 INFO Get Product Type Master List Success
2021-12-24 13:13:09.3735 INFO Get User Success :Admin
2021-12-24 13:13:53.4867 INFO Get VAT Master List Success
2021-12-24 13:13:53.4899 INFO Get Product Type Master List Success
2021-12-24 13:13:54.8531 INFO Get User Success :Admin
2021-12-24 13:13:58.7173 INFO Get VAT Master List Success
2021-12-24 13:14:01.2059 INFO Get Party Type Master List Success
2021-12-24 13:14:01.2079 INFO Get UOM List Success
2021-12-24 13:14:01.2079 INFO Get Product Type Master List Success
2021-12-24 13:14:01.2079 INFO Get VAT Type Master List Success
2021-12-24 13:14:01.2409 INFO Get VAT Details Fail :Field not found in row: party_name
2021-12-24 13:14:01.2409 INFO Get Party Master List Success
2021-12-24 13:14:01.2409 INFO Get Product Master List Success
2021-12-24 13:14:01.2409 INFO Get Product Type Master List Success
2021-12-24 13:14:02.4072 INFO Get User Success :Admin
2021-12-24 13:14:10.4264 INFO Get VAT Master List Success
2021-12-24 13:14:10.4264 INFO Get Product Type Master List Success
2021-12-24 13:14:11.8215 INFO Get User Success :Admin
2021-12-24 13:14:15.3737 INFO Get Party Type Master List Success
2021-12-24 13:14:15.3817 INFO Get UOM List Success
2021-12-24 13:14:15.3817 INFO Get Product Type Master List Success
2021-12-24 13:14:15.3817 INFO Get VAT Type Master List Success
2021-12-24 13:14:15.4016 INFO Get VAT Details Fail :Field not found in row: party_name
2021-12-24 13:14:15.4016 INFO Get Party Master List Success
2021-12-24 13:14:15.4016 INFO Get Product Master List Success
2021-12-24 13:14:15.4016 INFO Get Product Type Master List Success
2021-12-24 13:14:16.6047 INFO Get User Success :Admin
2021-12-24 13:14:28.8200 INFO Get VAT Master List Success
2021-12-24 13:14:28.8200 INFO Get Product Type Master List Success
2021-12-24 13:14:30.1692 INFO Get User Success :Admin
2021-12-24 13:14:34.7677 INFO Get VAT Master List Success
2021-12-24 13:14:38.4664 INFO Get Party Type Master List Success
2021-12-24 13:14:38.4755 INFO Get UOM List Success
2021-12-24 13:14:38.4755 INFO Get Product Type Master List Success
2021-12-24 13:14:38.4755 INFO Get VAT Type Master List Success
2021-12-24 13:14:38.4943 INFO Get VAT Details Fail :Field not found in row: party_name
2021-12-24 13:14:38.4943 INFO Get Party Master List Success
2021-12-24 13:14:38.5043 INFO Get Product Master List Success
2021-12-24 13:14:38.5043 INFO Get Product Type Master List Success
2021-12-24 13:14:39.9655 INFO Get User Success :Admin
2021-12-24 13:30:17.7808 INFO Get User Success :341-Globus Spirits Limited
2021-12-24 13:30:17.8060 INFO Get User Success :341-Globus Spirits Limited
2021-12-24 13:30:17.8060 INFO Get Product Type Master List Success
2021-12-24 13:30:19.4875 INFO Get User Success :globus_dis
2021-12-24 13:30:22.3132 INFO Get User Success :341-Globus Spirits Limited
2021-12-24 13:30:23.6269 INFO Get User Success :341-Globus Spirits Limited
2021-12-24 13:30:24.8867 INFO Get Product Type Master List Success
2021-12-24 13:30:25.1484 INFO Get User Success :globus_dis
2021-12-24 13:30:28.3267 INFO Get User Success :341-Globus Spirits Limited
2021-12-24 13:30:28.3902 INFO Get Product Type Master List Success
2021-12-24 13:30:29.4583 INFO Get User Success :globus_dis
2021-12-24 13:30:32.6284 INFO Get User Success :341-Globus Spirits Limited
2021-12-24 13:30:32.6663 INFO Get Product Type Master List Success
2021-12-24 13:30:33.1923 INFO Get User Success :globus_dis
2021-12-24 13:33:14.4567 INFO Get User Success :341-Globus Spirits Limited
2021-12-24 13:33:22.3356 INFO Get User Success :341-Globus Spirits Limited
2021-12-24 13:33:23.4361 INFO Get Product Type Master List Success
2021-12-24 13:33:23.9605 INFO Get User Success :globus_dis
2021-12-24 13:33:32.3603 INFO Get User Success :341-Globus Spirits Limited
2021-12-24 13:34:56.0130 INFO Get Product Type Master List Success
2021-12-24 13:34:57.0301 INFO Get User Success :globus_dis
2021-12-24 13:35:03.0123 INFO Get User Success :341-Globus Spirits Limited
2021-12-24 13:35:03.0544 INFO Get VAT Master List Success
2021-12-24 13:35:03.0712 INFO Get Product Type Master List Success
2021-12-24 13:35:04.3533 INFO Get User Success :globus_dis
2021-12-24 13:35:09.0465 INFO Get User Success :341-Globus Spirits Limited
2021-12-24 13:35:09.0465 INFO Get VAT Master List Success
2021-12-24 13:35:10.5952 INFO Get Product Type Master List Success
2021-12-24 13:35:11.1795 INFO Get User Success :globus_dis
2021-12-24 13:35:51.3167 INFO Get User Success :341-Globus Spirits Limited
2021-12-24 13:35:51.3566 INFO Get VAT Master List Success
2021-12-24 13:35:51.3566 INFO Get Product Type Master List Success
2021-12-24 13:35:57.9214 INFO Get User Success :globus_dis
2021-12-24 13:36:00.5538 INFO Get User Success :341-Globus Spirits Limited
2021-12-24 13:36:00.5538 INFO Get VAT Master List Success
2021-12-24 13:36:01.8580 INFO Get Product Type Master List Success
2021-12-24 13:36:02.4146 INFO Get User Success :globus_dis
2021-12-24 14:40:55.5526 INFO Get User Success :341-Globus Spirits Limited
2021-12-24 14:40:55.5785 INFO Get User Success :341-Globus Spirits Limited
2021-12-24 14:40:55.5785 INFO Get Product Type Master List Success
2021-12-24 14:42:48.6938 INFO Get User Success :globus_dis
2021-12-24 14:43:05.7156 INFO Get User Success :341-Globus Spirits Limited
2021-12-24 14:43:07.0614 INFO Get User Success :341-Globus Spirits Limited
2021-12-24 14:43:07.7883 INFO Get Product Type Master List Success
2021-12-24 14:43:08.2139 INFO Get User Success :globus_dis
2021-12-24 14:43:11.8995 INFO Get User Success :341-Globus Spirits Limited
2021-12-24 14:43:13.0478 INFO Get Product Type Master List Success
2021-12-24 14:43:13.6542 INFO Get User Success :globus_dis
2021-12-24 14:43:16.2080 INFO Get User Success :341-Globus Spirits Limited
2021-12-24 14:43:17.4354 INFO Get VAT Master List Success
2021-12-24 14:43:17.7711 INFO Get Product Type Master List Success
2021-12-24 14:43:18.4193 INFO Get User Success :globus_dis
2021-12-24 14:44:08.1649 INFO Insert Party Master Success :GSLSTO0006-GSLSTO0005
2021-12-24 14:44:09.5551 INFO Get User Success :341-Globus Spirits Limited
2021-12-24 14:44:10.6010 INFO Get Product Type Master List Success
2021-12-24 14:44:11.1695 INFO Get User Success :globus_dis
2021-12-24 14:44:16.9263 INFO Get User Success :341-Globus Spirits Limited
2021-12-24 14:44:18.0769 INFO Get VAT Master List Success
2021-12-24 14:44:18.3408 INFO Get Product Type Master List Success
2021-12-24 14:44:18.8537 INFO Get User Success :globus_dis
2021-12-24 14:44:25.0446 INFO Get User Success :341-Globus Spirits Limited
2021-12-24 14:44:26.1753 INFO Get Product Type Master List Success
2021-12-24 14:44:26.8647 INFO Get User Success :globus_dis
2021-12-24 14:44:33.9814 INFO Get User Success :341-Globus Spirits Limited
2021-12-24 14:44:35.3015 INFO Get VAT Master List Success
2021-12-24 14:44:35.5443 INFO Get Product Type Master List Success
2021-12-24 14:44:36.0705 INFO Get User Success :globus_dis
2021-12-24 14:44:38.4848 INFO Update vat_transfer Success :GSLSTO0006-GSLSTO0005-36
2021-12-24 14:44:38.5108 INFO Get User Success :341-Globus Spirits Limited
2021-12-24 14:44:39.7570 INFO Get Product Type Master List Success
2021-12-24 14:44:40.7749 INFO Get User Success :globus_dis
2021-12-24 14:45:05.3770 INFO Get User Success :342-Globus Spirits Limited, Bond Officer
2021-12-24 14:45:05.4045 INFO Get User Success :342-Globus Spirits Limited, Bond Officer
2021-12-24 14:45:05.4045 INFO Get Product Type Master List Success
2021-12-24 14:45:06.9819 INFO Get User Success :globus_disbo
2021-12-24 14:45:10.6907 INFO Get User Success :342-Globus Spirits Limited, Bond Officer
2021-12-24 14:45:12.0126 INFO Get User Success :342-Globus Spirits Limited, Bond Officer
2021-12-24 14:45:12.3762 INFO Get Product Type Master List Success
2021-12-24 14:45:12.7381 INFO Get User Success :globus_disbo
2021-12-24 14:45:15.4226 INFO Get User Success :342-Globus Spirits Limited, Bond Officer
2021-12-24 14:45:16.5154 INFO Get Product Type Master List Success
2021-12-24 14:45:17.0962 INFO Get User Success :globus_disbo
2021-12-24 14:45:20.2012 INFO Get User Success :342-Globus Spirits Limited, Bond Officer
2021-12-24 14:45:21.6112 INFO Get VAT Master List Success
2021-12-24 14:45:21.9140 INFO Get Product Type Master List Success
2021-12-24 14:45:22.4327 INFO Get User Success :globus_disbo
2021-12-24 14:45:30.8909 INFO vat_transfer  Approved By Bond Officer Sucess:36
2021-12-24 14:45:30.9263 INFO Get User Success :342-Globus Spirits Limited, Bond Officer
2021-12-24 14:45:31.4788 INFO Get Product Type Master List Success
2021-12-24 14:45:32.0327 INFO Get User Success :globus_disbo
2021-12-24 14:45:35.0326 INFO Get User Success :342-Globus Spirits Limited, Bond Officer
2021-12-24 14:45:36.2271 INFO Get VAT Master List Success
2021-12-24 14:45:36.4843 INFO Get Product Type Master List Success
2021-12-24 14:45:37.0134 INFO Get User Success :globus_disbo
2021-12-24 14:45:49.3059 INFO Get User Success :342-Globus Spirits Limited, Bond Officer
2021-12-24 14:45:50.8365 INFO Get Product Type Master List Success
2021-12-24 14:45:51.4007 INFO Get User Success :globus_disbo
2021-12-24 14:45:53.6109 INFO Get User Success :342-Globus Spirits Limited, Bond Officer
2021-12-24 14:47:15.7421 INFO Get VAT Master List Success
2021-12-24 14:47:17.7734 INFO Get Product Type Master List Success
2021-12-24 14:47:18.8280 INFO Get User Success :globus_disbo
2021-12-24 14:47:27.3798 INFO Get User Success :342-Globus Spirits Limited, Bond Officer
2021-12-24 14:47:28.6609 INFO Get Product Type Master List Success
2021-12-24 14:47:29.2798 INFO Get User Success :globus_disbo
2021-12-24 14:47:31.7375 INFO Get User Success :342-Globus Spirits Limited, Bond Officer
2021-12-24 14:47:35.6782 INFO Get VAT Master List Success
2021-12-24 14:49:19.1640 INFO Get Product Type Master List Success
2021-12-24 14:49:19.8935 INFO Get User Success :globus_disbo
2021-12-24 14:49:25.7666 INFO Get User Success :342-Globus Spirits Limited, Bond Officer
2021-12-24 14:49:54.8671 INFO Get VAT Master List Success
2021-12-24 14:49:56.1939 INFO Get Product Type Master List Success
2021-12-24 14:49:56.9168 INFO Get User Success :globus_disbo
2021-12-24 14:50:02.9367 INFO Get User Success :342-Globus Spirits Limited, Bond Officer
2021-12-24 14:50:04.8277 INFO Get Product Type Master List Success
2021-12-24 14:50:05.4325 INFO Get User Success :globus_disbo
2021-12-24 15:06:15.0683 INFO Get User Success :341-Globus Spirits Limited
2021-12-24 15:06:15.1690 INFO Get User Success :341-Globus Spirits Limited
2021-12-24 15:06:15.1820 INFO Get Product Type Master List Success
2021-12-24 15:06:16.4613 INFO Get User Success :globus_dis
2021-12-24 15:06:28.4343 INFO Get User Success :341-Globus Spirits Limited
2021-12-24 15:06:31.8331 INFO Get User Success :341-Globus Spirits Limited
2021-12-24 15:06:33.4551 INFO Get Product Type Master List Success
2021-12-24 15:06:34.2151 INFO Get User Success :globus_dis
2021-12-24 15:06:38.1624 INFO Get User Success :341-Globus Spirits Limited
2021-12-24 15:06:38.1624 INFO Get UOM List Success
2021-12-24 15:06:38.1624 INFO Get Party Master List Success
2021-12-24 15:06:43.1673 INFO Get User Success :341-Globus Spirits Limited
2021-12-24 15:09:46.7584 INFO Get Product Type Master List Success
2021-12-24 15:09:48.1881 INFO Get User Success :globus_dis
2021-12-24 15:10:25.1723 INFO Get User Success :341-Globus Spirits Limited
2021-12-24 15:10:25.1723 INFO Get UOM List Success
2021-12-24 15:10:25.1813 INFO Get Party Master List Success
2021-12-24 15:11:37.6106 INFO Get User Success :341-Globus Spirits Limited
2021-12-24 15:11:39.4013 INFO Get Product Type Master List Success
2021-12-24 15:11:39.9384 INFO Get User Success :globus_dis
2021-12-24 15:11:43.0405 INFO Get User Success :341-Globus Spirits Limited
2021-12-24 15:11:43.0405 INFO Get UOM List Success
2021-12-24 15:11:43.0405 INFO Get Party Master List Success
2021-12-24 15:11:44.4209 INFO Get Product Type Master List Success
2021-12-24 15:11:44.9549 INFO Get User Success :globus_dis
2021-12-24 15:11:51.0686 INFO Get User Success :341-Globus Spirits Limited
2021-12-24 15:11:51.5709 INFO Get Product Type Master List Success
2021-12-24 15:11:52.1080 INFO Get User Success :globus_dis
2021-12-24 15:20:12.7648 INFO Get User Success :342-Globus Spirits Limited, Bond Officer
2021-12-24 15:20:12.8631 INFO Get User Success :342-Globus Spirits Limited, Bond Officer
2021-12-24 15:20:12.8782 INFO Get Product Type Master List Success
2021-12-24 15:20:15.9293 INFO Get User Success :globus_disbo
2021-12-24 15:20:19.4588 INFO Get User Success :342-Globus Spirits Limited, Bond Officer
2021-12-24 15:20:40.6196 INFO Get User Success :342-Globus Spirits Limited, Bond Officer
2021-12-24 15:20:42.5763 INFO Get Product Type Master List Success
2021-12-24 15:20:43.3531 INFO Get User Success :globus_disbo
2021-12-24 15:20:46.1486 INFO Get User Success :342-Globus Spirits Limited, Bond Officer
2021-12-24 15:20:46.2204 INFO Get Product Type Master List Success
2021-12-24 15:20:50.4601 INFO Get User Success :globus_disbo
2021-12-24 15:22:32.5843 INFO Get User Success :342-Globus Spirits Limited, Bond Officer
2021-12-24 15:22:34.2030 INFO Get Product Type Master List Success
2021-12-24 15:22:35.0625 INFO Get User Success :globus_disbo
2021-12-24 15:23:13.3404 INFO Get User Success :342-Globus Spirits Limited, Bond Officer
2021-12-24 15:25:19.3813 INFO Get User Success :342-Globus Spirits Limited, Bond Officer
2021-12-24 15:25:19.4389 INFO Get Product Type Master List Success
2021-12-24 15:25:20.9807 INFO Get User Success :globus_disbo
2021-12-24 15:25:24.9748 INFO Get User Success :342-Globus Spirits Limited, Bond Officer
2021-12-24 15:25:47.2978 INFO Get Product Type Master List Success
2021-12-24 15:25:47.9824 INFO Get User Success :globus_disbo
2021-12-24 15:47:02.0596 INFO Get User Success :341-Globus Spirits Limited
2021-12-24 15:47:05.7499 INFO Get User Success :341-Globus Spirits Limited
2021-12-24 15:47:05.7649 INFO Get Product Type Master List Success
2021-12-24 15:47:07.5089 INFO Get User Success :globus_dis
2021-12-24 15:47:12.6851 INFO Get User Success :341-Globus Spirits Limited
2021-12-24 15:47:14.0384 INFO Get User Success :341-Globus Spirits Limited
2021-12-24 15:47:14.7303 INFO Get Product Type Master List Success
2021-12-24 15:47:14.9734 INFO Get User Success :globus_dis
2021-12-24 15:47:21.9742 INFO Get User Success :341-Globus Spirits Limited
2021-12-24 15:47:22.0478 INFO Get Product Type Master List Success
2021-12-24 15:47:24.6427 INFO Get User Success :globus_dis
2021-12-24 15:47:33.1764 INFO Get User Success :341-Globus Spirits Limited
2021-12-24 15:48:37.9928 INFO Get Product Type Master List Success
2021-12-24 15:48:38.6389 INFO Get User Success :globus_dis
2021-12-24 15:48:44.9052 INFO Get User Success :341-Globus Spirits Limited
2021-12-24 15:48:44.9631 INFO Get Product Type Master List Success
2021-12-24 15:48:45.4987 INFO Get User Success :globus_dis
2021-12-24 15:48:49.0567 INFO Get User Success :341-Globus Spirits Limited
2021-12-24 15:48:50.3029 INFO Get Product Type Master List Success
2021-12-24 15:48:51.0368 INFO Get User Success :globus_dis
2021-12-24 15:48:58.0699 INFO Get User Success :341-Globus Spirits Limited
2021-12-24 15:48:58.1287 INFO Get Product Type Master List Success
2021-12-24 15:48:58.6823 INFO Get User Success :globus_dis
2021-12-24 15:51:54.4119 INFO Get User Success :44-Administrator
2021-12-24 15:51:54.4881 INFO Get User Success :44-Administrator
2021-12-24 15:51:54.5117 INFO Get Product Type Master List Success
2021-12-24 15:51:56.2433 INFO Get User Success :Admin
2021-12-24 15:52:00.0937 INFO Get Dept List Success
2021-12-24 15:52:00.1066 INFO Get Product Type Master List Success
2021-12-24 15:52:01.3629 INFO Get User Success :Admin
2021-12-24 15:52:03.3464 INFO Get Users List Success
2021-12-24 15:52:03.3627 INFO Get Product Type Master List Success
2021-12-24 15:52:04.5013 INFO Get User Success :Admin
2021-12-24 15:52:15.1278 INFO Get Users List Success
2021-12-24 15:52:19.3376 INFO Org Get List Success
2021-12-24 15:52:19.3376 INFO Get Party Master List Success
2021-12-24 15:52:19.3376 INFO Get Role Level List Success
2021-12-24 15:52:19.3496 INFO Get access_type List Success
2021-12-24 15:52:19.3496 INFO Get view_Role_master List Success
2021-12-24 15:52:19.3496 INFO Get State List Success
2021-12-24 15:52:19.3496 INFO Get Dept List Success
2021-12-24 15:52:19.3656 INFO Get Emp List Success
2021-12-24 15:52:19.3656 INFO Get Users List Success
2021-12-24 15:52:19.3855 INFO Get User Success :348-mtp2
2021-12-24 15:52:19.3855 INFO Get Division List Success
2021-12-24 15:52:19.3855 INFO Get Product Type Master List Success
2021-12-24 15:52:20.7065 INFO Get User Success :Admin
2021-12-24 16:51:02.7550 INFO Get User Success :348-MTPUNIT
2021-12-24 16:51:02.7952 INFO Get User Success :348-MTPUNIT
2021-12-24 16:51:02.8247 INFO Get Product Type Master List Success
2021-12-24 16:51:03.8283 INFO Get User Success :mtp1
2021-12-24 16:51:09.8898 INFO Get User Success :348-MTPUNIT
2021-12-24 16:51:11.8582 INFO Get Product Type Master List Success
2021-12-24 16:51:12.4789 INFO Get User Success :mtp1
2021-12-24 16:51:19.2939 INFO Get User Success :348-MTPUNIT
2021-12-24 16:51:19.2939 INFO Get License_Type List Success
2021-12-24 16:51:20.7024 INFO Get License Fee List Success
2021-12-24 16:51:20.7024 INFO Get State List Success
2021-12-24 16:51:26.5213 INFO Get User Success :348-MTPUNIT
2021-12-24 16:51:31.8706 INFO Get Product Type Master List Success
2021-12-24 16:51:34.3384 INFO Get User Success :mtp1
2021-12-24 16:51:36.5125 INFO Get User Success :348-MTPUNIT
2021-12-24 16:51:36.5125 INFO Get License_Type List Success
2021-12-24 16:51:44.2714 INFO Get License Fee List Success
2021-12-24 16:51:44.2714 INFO Get State List Success
2021-12-24 16:55:09.6880 INFO Get User Success :348-MTPUNIT
2021-12-24 16:55:18.4611 INFO Get User Success :348-MTPUNIT
2021-12-24 16:55:18.5067 INFO Get Product Type Master List Success
2021-12-24 16:55:20.4314 INFO Get User Success :mtp1
2021-12-24 16:55:24.8893 INFO Get User Success :348-MTPUNIT
2021-12-24 16:55:29.5152 INFO Get Product Type Master List Success
2021-12-24 16:55:30.1666 INFO Get User Success :mtp1
2021-12-24 16:55:42.6828 INFO Get User Success :348-MTPUNIT
2021-12-24 16:55:42.6828 INFO Get License_Type List Success
2021-12-24 16:55:44.4061 INFO Get License Fee List Success
2021-12-24 16:55:44.4111 INFO Get State List Success
2021-12-24 16:55:45.8456 INFO Get Division List Success
2021-12-24 16:55:46.8004 INFO Get Product Type Master List Success
2021-12-24 16:55:47.4033 INFO Get User Success :mtp1
2021-12-24 16:55:56.0161 INFO Get User Success :348-MTPUNIT
2021-12-24 16:55:57.8710 INFO Get Product Type Master List Success
2021-12-24 16:55:58.4391 INFO Get User Success :mtp1
2021-12-24 16:56:00.8744 INFO Get User Success :348-MTPUNIT
2021-12-24 16:56:00.8744 INFO Get License_Type List Success
2021-12-24 16:56:02.1602 INFO Get License Fee List Success
2021-12-24 16:56:02.1622 INFO Get State List Success
2021-12-24 16:56:03.2277 INFO Get Division List Success
2021-12-24 16:56:03.7326 INFO Get Product Type Master List Success
2021-12-24 16:56:04.5088 INFO Get User Success :mtp1
2021-12-24 16:56:09.0544 INFO Get License_Type List Success
2021-12-24 16:56:11.3617 INFO Get License_Type List Success
2021-12-24 16:57:47.3853 INFO Get User Success :348-MTPUNIT
2021-12-24 16:57:49.5236 INFO Get Product Type Master List Success
2021-12-24 16:57:50.1784 INFO Get User Success :mtp1
2021-12-24 16:57:53.8853 INFO Get User Success :348-MTPUNIT
2021-12-24 16:57:53.8853 INFO Get License_Type List Success
2021-12-24 16:57:55.6356 INFO Get License Fee List Success
2021-12-24 16:57:55.6356 INFO Get State List Success
2021-12-24 16:57:56.6225 INFO Get Division List Success
2021-12-24 16:57:57.0992 INFO Get Product Type Master List Success
2021-12-24 16:57:57.8124 INFO Get User Success :mtp1
2021-12-24 16:58:06.8752 INFO Get User Success :348-MTPUNIT
2021-12-24 16:58:08.6413 INFO Get Product Type Master List Success
2021-12-24 16:58:09.2105 INFO Get User Success :mtp1
2021-12-24 16:58:45.8024 INFO Get User Success :348-MTPUNIT
2021-12-24 16:58:45.8024 INFO Get License_Type List Success
2021-12-24 16:58:47.0172 INFO Get License Fee List Success
2021-12-24 16:58:47.0172 INFO Get State List Success
2021-12-24 16:58:48.1856 INFO Get Division List Success
2021-12-24 16:58:48.6055 INFO Get Product Type Master List Success
2021-12-24 16:58:49.2238 INFO Get User Success :mtp1
2021-12-24 16:58:52.9026 INFO Get License_Type List Success
2021-12-24 16:58:54.4497 INFO Get License_Type List Success
2021-12-24 16:59:00.6547 INFO Get License_Type List Success
2021-12-24 16:59:14.4661 INFO Get User Success :348-MTPUNIT
2021-12-24 16:59:16.1912 INFO Get Product Type Master List Success
2021-12-24 16:59:17.3074 INFO Get User Success :mtp1
2021-12-24 16:59:28.7181 INFO Get User Success :338-Assistant Commissioner, Bhojpur
2021-12-24 16:59:28.7560 INFO Get User Success :338-Assistant Commissioner, Bhojpur
2021-12-24 16:59:28.7560 INFO Get Product Type Master List Success
2021-12-24 16:59:29.1634 INFO Get User Success :bhedo
2021-12-24 16:59:33.7793 INFO Get User Success :338-Assistant Commissioner, Bhojpur
2021-12-24 16:59:35.3631 INFO Get Product Type Master List Success
2021-12-24 16:59:35.9209 INFO Get User Success :bhedo
2021-12-24 16:59:39.9579 INFO Get User Success :338-Assistant Commissioner, Bhojpur
2021-12-24 16:59:39.9579 INFO Get License_Type List Success
2021-12-24 16:59:41.2095 INFO Get License Fee List Success
2021-12-24 16:59:41.2095 INFO Get State List Success
2021-12-24 16:59:42.1818 INFO Get Division List Success
2021-12-24 16:59:43.1527 INFO Get Product Type Master List Success
2021-12-24 16:59:43.7963 INFO Get User Success :bhedo
2021-12-24 17:00:08.9041 INFO Get User Success :338-Assistant Commissioner, Bhojpur
2021-12-24 17:00:09.9301 INFO Get Product Type Master List Success
2021-12-24 17:00:10.4718 INFO Get User Success :bhedo
2021-12-24 17:00:21.5314 INFO Get User Success :338-Assistant Commissioner, Bhojpur
2021-12-24 17:00:21.5314 INFO Get License_Type List Success
2021-12-24 17:00:22.8245 INFO Get License Fee List Success
2021-12-24 17:00:22.8245 INFO Get State List Success
2021-12-24 17:00:23.7601 INFO Get Division List Success
2021-12-24 17:00:24.6133 INFO Get Product Type Master List Success
2021-12-24 17:00:25.2201 INFO Get User Success :bhedo
2021-12-24 17:02:01.8416 INFO Get User Success :338-Assistant Commissioner, Bhojpur
2021-12-24 17:02:02.8743 INFO Get Product Type Master List Success
2021-12-24 17:02:03.4971 INFO Get User Success :bhedo
2021-12-24 17:02:54.7421 INFO Get User Success :338-Assistant Commissioner, Bhojpur
2021-12-24 17:02:54.7421 INFO Get License_Type List Success
2021-12-24 17:02:55.9424 INFO Get License Fee List Success
2021-12-24 17:02:55.9424 INFO Get State List Success
2021-12-24 17:02:56.9666 INFO Get Division List Success
2021-12-24 17:02:57.8211 INFO Get Product Type Master List Success
2021-12-24 17:02:58.4455 INFO Get User Success :bhedo
2021-12-24 17:07:34.9238 INFO Get User Success :338-Assistant Commissioner, Bhojpur
2021-12-24 17:07:36.2914 INFO Get Product Type Master List Success
2021-12-24 17:07:36.8754 INFO Get User Success :bhedo
2021-12-24 17:07:39.8571 INFO Get User Success :338-Assistant Commissioner, Bhojpur
2021-12-24 17:07:39.8571 INFO Get License_Type List Success
2021-12-24 17:07:41.1770 INFO Get License Fee List Success
2021-12-24 17:07:41.1770 INFO Get State List Success
2021-12-24 17:07:42.3853 INFO Get Division List Success
2021-12-24 17:07:43.3816 INFO Get Product Type Master List Success
2021-12-24 17:07:43.7048 INFO Get User Success :bhedo
2021-12-24 17:07:50.7598 INFO Get User Success :338-Assistant Commissioner, Bhojpur
2021-12-24 17:07:51.6599 INFO Get Product Type Master List Success
2021-12-24 17:07:52.2422 INFO Get User Success :bhedo
2021-12-24 17:08:01.3196 INFO Get User Success :100-Deputy Commissioner
2021-12-24 17:08:01.3671 INFO Get User Success :100-Deputy Commissioner
2021-12-24 17:08:01.4309 INFO Get Product Type Master List Success
2021-12-24 17:08:01.7972 INFO Get User Success :hodyco
2021-12-24 17:08:05.8333 INFO Get User Success :100-Deputy Commissioner
2021-12-24 17:08:07.1295 INFO Get Product Type Master List Success
2021-12-24 17:08:07.6801 INFO Get User Success :hodyco
2021-12-24 17:08:10.1102 INFO Get User Success :100-Deputy Commissioner
2021-12-24 17:08:10.1102 INFO Get License_Type List Success
2021-12-24 17:08:11.1816 INFO Get License Fee List Success
2021-12-24 17:08:11.1816 INFO Get State List Success
2021-12-24 17:08:12.2260 INFO Get Division List Success
2021-12-24 17:08:13.0955 INFO Get Product Type Master List Success
2021-12-24 17:08:13.3564 INFO Get User Success :hodyco
2021-12-24 17:08:38.0089 INFO Get User Success :100-Deputy Commissioner
2021-12-24 17:08:40.5725 INFO Get Product Type Master List Success
2021-12-24 17:08:41.2022 INFO Get User Success :hodyco
2021-12-24 17:08:49.5255 INFO Get User Success :101-Commissioner
2021-12-24 17:08:49.5628 INFO Get User Success :101-Commissioner
2021-12-24 17:08:49.5988 INFO Get Product Type Master List Success
2021-12-24 17:08:50.0863 INFO Get User Success :com
2021-12-24 17:08:55.8087 INFO Get User Success :101-Commissioner
2021-12-24 17:08:57.1570 INFO Get Product Type Master List Success
2021-12-24 17:08:57.6987 INFO Get User Success :com
2021-12-24 17:09:00.8240 INFO Get User Success :101-Commissioner
2021-12-24 17:09:00.8240 INFO Get License_Type List Success
2021-12-24 17:09:02.0241 INFO Get License Fee List Success
2021-12-24 17:09:02.0241 INFO Get State List Success
2021-12-24 17:09:03.0574 INFO Get Division List Success
2021-12-24 17:09:03.8644 INFO Get Product Type Master List Success
2021-12-24 17:09:04.1275 INFO Get User Success :com
2021-12-24 17:09:11.6723 INFO Get User Success :101-Commissioner
2021-12-24 17:09:12.4666 INFO Get Product Type Master List Success
2021-12-24 17:09:13.0394 INFO Get User Success :com
2021-12-24 17:09:22.0753 INFO Get User Success :100-Deputy Commissioner
2021-12-24 17:09:22.1142 INFO Get User Success :100-Deputy Commissioner
2021-12-24 17:09:22.1566 INFO Get Product Type Master List Success
2021-12-24 17:09:22.5220 INFO Get User Success :hodyco
2021-12-24 17:09:25.9048 INFO Get User Success :100-Deputy Commissioner
2021-12-24 17:09:27.4715 INFO Get Product Type Master List Success
2021-12-24 17:09:28.0009 INFO Get User Success :hodyco
2021-12-24 17:09:30.9350 INFO Get User Success :100-Deputy Commissioner
2021-12-24 17:09:30.9350 INFO Get License_Type List Success
2021-12-24 17:09:43.6334 INFO Get License Fee List Success
2021-12-24 17:09:43.6334 INFO Get State List Success
2021-12-24 17:09:44.6218 INFO Get Division List Success
2021-12-24 17:09:45.4563 INFO Get Product Type Master List Success
2021-12-24 17:09:45.7280 INFO Get User Success :hodyco
2021-12-24 17:09:54.9130 INFO Get User Success :100-Deputy Commissioner
2021-12-24 17:09:58.8590 INFO Get Product Type Master List Success
2021-12-24 17:10:00.0673 INFO Get User Success :hodyco
2021-12-24 17:10:03.7767 INFO Get User Success :100-Deputy Commissioner
2021-12-24 17:10:03.7767 INFO Get License_Type List Success
2021-12-24 17:11:19.8083 INFO Get License Fee List Success
2021-12-24 17:11:19.8083 INFO Get State List Success
2021-12-24 17:11:23.8685 INFO Get Division List Success
2021-12-24 17:12:04.1413 INFO Get Product Type Master List Success
2021-12-24 17:12:04.8998 INFO Get User Success :hodyco
2021-12-24 17:12:15.2368 INFO Get User Success :348-MTPUNIT
2021-12-24 17:12:15.2827 INFO Get User Success :348-MTPUNIT
2021-12-24 17:12:15.2961 INFO Get Product Type Master List Success
2021-12-24 17:12:15.6929 INFO Get User Success :mtp1
2021-12-24 17:12:51.4872 INFO Get User Success :348-MTPUNIT
2021-12-24 17:13:46.2334 INFO Get Allotment List Success
2021-12-24 17:13:46.2544 INFO Get Product Type Master List Success
2021-12-24 17:13:46.8011 INFO Get User Success :mtp1
2021-12-24 17:13:51.9415 INFO Get User Success :348-MTPUNIT
2021-12-24 17:13:53.6591 INFO Get Product Type Master List Success
2021-12-24 17:13:54.2494 INFO Get User Success :mtp1
2021-12-24 17:14:13.9258 INFO Get User Success :348-MTPUNIT
2021-12-24 17:14:13.9278 INFO Get License_Type List Success
2021-12-24 17:14:15.3131 INFO Get License Fee List Success
2021-12-24 17:14:15.3131 INFO Get State List Success
2021-12-24 17:14:16.2966 INFO Get Division List Success
2021-12-24 17:14:16.9169 INFO Get Product Type Master List Success
2021-12-24 17:14:17.1505 INFO Get User Success :mtp1
2021-12-24 17:32:37.4521 INFO Get User Success :100-Deputy Commissioner
2021-12-24 17:32:53.0480 INFO Get User Success :100-Deputy Commissioner
2021-12-24 17:32:53.1485 INFO Get Product Type Master List Success
2021-12-24 17:32:59.0914 INFO Get User Success :hodyco
2021-12-24 17:33:03.0456 INFO Get User Success :100-Deputy Commissioner
2021-12-24 17:33:05.2018 INFO Get Product Type Master List Success
2021-12-24 17:33:05.8479 INFO Get User Success :hodyco
2021-12-24 17:33:08.4556 INFO Get User Success :100-Deputy Commissioner
2021-12-24 17:33:08.4581 INFO Get License_Type List Success
2021-12-24 17:33:10.3546 INFO Get License Fee List Success
2021-12-24 17:33:10.3546 INFO Get State List Success
2021-12-24 17:33:19.1069 INFO Get Division List Success
2021-12-24 17:34:57.6720 INFO Get Product Type Master List Success
2021-12-24 17:35:00.6542 INFO Get User Success :hodyco
2021-12-24 17:35:07.9768 INFO Get User Success :100-Deputy Commissioner
2021-12-24 17:35:09.3404 INFO Get Product Type Master List Success
2021-12-24 17:35:09.9723 INFO Get User Success :hodyco
2021-12-24 17:35:12.8800 INFO Get User Success :100-Deputy Commissioner
2021-12-24 17:35:12.8800 INFO Get License_Type List Success
2021-12-24 17:35:14.0861 INFO Get License Fee List Success
2021-12-24 17:35:14.0991 INFO Get State List Success
2021-12-24 17:35:14.0991 INFO Check WorkFlow List Success
2021-12-24 17:35:15.3012 INFO Get Division List Success
2021-12-24 17:35:16.8162 INFO Get Product Type Master List Success
2021-12-24 17:35:17.1437 INFO Get User Success :hodyco
2021-12-24 17:35:24.4764 INFO Get User Success :100-Deputy Commissioner
2021-12-24 17:35:26.4473 INFO Get Product Type Master List Success
2021-12-24 17:35:27.0439 INFO Get User Success :hodyco
2021-12-24 17:35:41.7024 INFO Get User Success :348-MTPUNIT
2021-12-24 17:35:41.7574 INFO Get User Success :348-MTPUNIT
2021-12-24 17:35:41.7574 INFO Get Product Type Master List Success
2021-12-24 17:35:42.4265 INFO Get User Success :mtp1
2021-12-24 17:35:46.4685 INFO Get User Success :348-MTPUNIT
2021-12-24 17:35:48.2253 INFO Get Product Type Master List Success
2021-12-24 17:35:48.7888 INFO Get User Success :mtp1
2021-12-24 17:35:52.9024 INFO Get User Success :348-MTPUNIT
2021-12-24 17:35:52.9024 INFO Get License_Type List Success
2021-12-24 17:35:54.1999 INFO Get License Fee List Success
2021-12-24 17:35:54.1999 INFO Get State List Success
2021-12-24 17:35:54.1999 INFO Check WorkFlow List Success
2021-12-24 17:35:55.1936 INFO Get Division List Success
2021-12-24 17:35:56.3639 INFO Get Product Type Master List Success
2021-12-24 17:35:56.6278 INFO Get User Success :mtp1
