2021-08-13 16:33:38.2567 INFO Get User Success :44-Administrator
2021-08-13 16:33:39.1056 INFO Get User Success :44-Administrator
2021-08-13 16:34:02.1463 INFO Get Product Type Master List Success
2021-08-13 16:34:02.4062 INFO Get User Success :Admin
2021-08-13 16:36:23.8868 INFO Org Get List Success
2021-08-13 16:36:24.0758 INFO Get Product Type Master List Success
2021-08-13 16:36:24.1388 INFO Get User Success :Admin
2021-08-13 16:36:37.5799 INFO Org Get List Success
2021-08-13 16:36:38.5599 INFO Org Get List Success
2021-08-13 16:36:43.6186 INFO Org Get List Success
2021-08-13 16:36:45.8995 INFO Org Get List Success
2021-08-13 16:48:00.1101 INFO Org Get List Success
2021-08-13 16:48:19.1389 INFO Org Get List Success
2021-08-13 16:48:23.3807 INFO GetFinacListValues Success
2021-08-13 16:48:23.4577 INFO Get Product Type Master List Success
2021-08-13 16:48:23.5337 INFO Get User Success :Admin
2021-08-13 16:48:29.9153 INFO Module Get List Success
2021-08-13 16:48:29.9872 INFO Get Product Type Master List Success
2021-08-13 16:48:30.0633 INFO Get User Success :Admin
2021-08-13 16:48:40.4856 INFO Module Get List Success
2021-08-13 16:48:47.1312 INFO Module Get List Success
2021-08-13 16:48:55.5157 INFO Module Get List Success
2021-08-13 16:49:01.4924 INFO GetFinacListValues Success
2021-08-13 16:49:01.5374 INFO Get Product Type Master List Success
2021-08-13 16:49:01.6394 INFO Get User Success :Admin
2021-08-13 16:49:06.8210 INFO Module Get List Success
2021-08-13 16:49:06.8750 INFO Get Product Type Master List Success
2021-08-13 16:49:06.9430 INFO Get User Success :Admin
2021-08-13 16:49:22.2492 INFO Module Get List Success
2021-08-13 17:15:46.7922 INFO Get User Success :44-Administrator
2021-08-13 17:15:47.3481 INFO Get User Success :44-Administrator
2021-08-13 17:15:52.3789 INFO Get Product Type Master List Success
2021-08-13 17:15:52.4638 INFO Get User Success :Admin
