2021-12-03 11:22:01.4018 INFO Get User Success :391-Sonasati Distillery
2021-12-03 11:22:01.5285 INFO Get User Success :391-Sonasati Distillery
2021-12-03 11:22:01.5814 INFO Get Product Type Master List Success
2021-12-03 11:22:01.5913 INFO Get User Success :sonasati_dis
2021-12-03 11:22:07.5596 INFO Get User Success :391-Sonasati Distillery
2021-12-03 11:22:11.0602 INFO Get Product Type Master List Success
2021-12-03 11:22:11.0673 INFO Get User Success :sonasati_dis
2021-12-03 11:22:16.8550 INFO Get User Success :391-Sonasati Distillery
2021-12-03 11:22:17.1258 INFO Get Indent List Success
2021-12-03 11:22:17.1807 INFO Get Product Type Master List Success
2021-12-03 11:22:17.1807 INFO Get User Success :sonasati_dis
2021-12-03 11:22:23.0893 INFO Get User Success :391-Sonasati Distillery
2021-12-03 11:22:24.2355 INFO Get Party Master List Success
2021-12-03 11:22:24.2475 INFO Get Product Master List Success
2021-12-03 11:22:24.2475 INFO Get Product Type Master List Success
2021-12-03 11:22:24.2564 INFO Get User Success :sonasati_dis
2021-12-03 11:27:51.0502 INFO Get User Success :44-Administrator
2021-12-03 11:27:51.0837 INFO Get User Success :44-Administrator
2021-12-03 11:27:51.0837 INFO Get Product Type Master List Success
2021-12-03 11:27:51.0837 INFO Get User Success :Admin
2021-12-03 11:27:57.7183 INFO Get Party Master List Success
2021-12-03 11:27:57.7503 INFO GetFinacListValues Success
2021-12-03 11:27:57.7503 INFO Get Product Type Master List Success
2021-12-03 11:27:57.7587 INFO Get User Success :Admin
2021-12-03 11:49:30.8236 INFO Get User Success :391-Sonasati Distillery
2021-12-03 11:49:30.8599 INFO Get User Success :391-Sonasati Distillery
2021-12-03 11:49:30.8809 INFO Get Product Type Master List Success
2021-12-03 11:49:30.8809 INFO Get User Success :sonasati_dis
2021-12-03 11:49:36.4028 INFO Get User Success :391-Sonasati Distillery
2021-12-03 11:49:36.6936 INFO Get Indent List Success
2021-12-03 11:49:36.6936 INFO Get Product Type Master List Success
2021-12-03 11:49:36.6936 INFO Get User Success :sonasati_dis
2021-12-03 11:58:02.7794 INFO Get User Success :391-Sonasati Distillery
2021-12-03 11:58:04.6139 INFO Get Product Type Master List Success
2021-12-03 11:58:04.6139 INFO Get User Success :sonasati_dis
2021-12-03 11:58:21.8660 INFO Get User Success :391-Sonasati Distillery
2021-12-03 11:58:23.7185 INFO Get Product Type Master List Success
2021-12-03 11:58:23.7265 INFO Get User Success :sonasati_dis
2021-12-03 12:00:42.1324 INFO Get User Success :391-Sonasati Distillery
2021-12-03 12:00:43.5545 INFO Get RR List Success
2021-12-03 12:00:43.5759 INFO Get Product Type Master List Success
2021-12-03 12:00:43.5855 INFO Get User Success :sonasati_dis
2021-12-03 12:00:51.0231 INFO Get User Success :391-Sonasati Distillery
2021-12-03 12:00:52.3844 INFO Get RR List Success
2021-12-03 12:00:52.8081 INFO Get Product Type Master List Success
2021-12-03 12:00:52.8081 INFO Get User Success :sonasati_dis
2021-12-03 12:01:27.3498 INFO Get User Success :391-Sonasati Distillery
2021-12-03 12:01:29.0747 INFO Get Product Type Master List Success
2021-12-03 12:01:29.0826 INFO Get User Success :sonasati_dis
2021-12-03 12:01:39.7807 INFO Get User Success :391-Sonasati Distillery
2021-12-03 12:01:41.0432 INFO Get Pass List Success
2021-12-03 12:01:41.0432 INFO Get User Success :391-Sonasati Distillery
2021-12-03 12:01:41.0432 INFO Get Product Type Master List Success
2021-12-03 12:01:41.0555 INFO Get User Success :sonasati_dis
2021-12-03 12:01:45.9884 INFO Get Pass List Success
2021-12-03 12:01:45.9884 INFO Get User Success :391-Sonasati Distillery
2021-12-03 12:01:53.8250 INFO Get User Success :391-Sonasati Distillery
2021-12-03 12:01:55.2973 INFO Get Product Type Master List Success
2021-12-03 12:01:55.3043 INFO Get User Success :sonasati_dis
2021-12-03 12:05:26.9436 INFO Get User Success :391-Sonasati Distillery
2021-12-03 12:05:27.2016 INFO Get Indent List Success
2021-12-03 12:05:27.2016 INFO Get Product Type Master List Success
2021-12-03 12:05:27.2085 INFO Get User Success :sonasati_dis
2021-12-03 12:05:34.8946 INFO Get User Success :391-Sonasati Distillery
2021-12-03 12:05:36.2116 INFO Get RR List Success
2021-12-03 12:05:36.2116 INFO Get Product Type Master List Success
2021-12-03 12:05:36.2116 INFO Get User Success :sonasati_dis
2021-12-03 12:09:04.1403 INFO Get User Success :391-Sonasati Distillery
2021-12-03 12:09:04.1403 INFO Get Product Master List Success
2021-12-03 12:09:04.5697 INFO Get RR List Success
2021-12-03 12:09:04.5917 INFO Get Product Type Master List Success
2021-12-03 12:09:04.5977 INFO Get User Success :sonasati_dis
2021-12-03 12:09:16.3675 INFO Get User Success :391-Sonasati Distillery
2021-12-03 12:09:16.3675 INFO Get Product Master List Success
2021-12-03 12:09:16.4331 INFO Get State List Success
2021-12-03 12:09:16.4331 INFO Get NOC Sucess:489
2021-12-03 12:14:21.8403 INFO Get NOC Sucess:Req/GO/SOD/ETH-NOC/2020-21/2021-2022/4
2021-12-03 12:14:21.8852 INFO Get Product Type Master List Success
2021-12-03 12:14:21.8852 INFO Get User Success :sonasati_dis
2021-12-03 12:14:31.4295 INFO Get User Success :391-Sonasati Distillery
2021-12-03 12:14:31.4295 INFO Get Product Master List Success
2021-12-03 12:14:31.8582 INFO Get RR List Success
2021-12-03 12:14:31.8582 INFO Get Product Type Master List Success
2021-12-03 12:14:31.8661 INFO Get User Success :sonasati_dis
2021-12-03 12:15:55.1673 INFO Get User Success :391-Sonasati Distillery
2021-12-03 12:15:55.1673 INFO Get Product Master List Success
2021-12-03 12:15:55.5923 INFO Get RR List Success
2021-12-03 12:15:55.5923 INFO Get Product Type Master List Success
2021-12-03 12:15:55.6004 INFO Get User Success :sonasati_dis
2021-12-03 12:25:35.0730 INFO Get User Success :391-Sonasati Distillery
2021-12-03 12:25:36.9190 INFO Get RR List Success
2021-12-03 12:25:36.9190 INFO Get Product Type Master List Success
2021-12-03 12:25:36.9299 INFO Get User Success :sonasati_dis
2021-12-03 12:25:58.0123 INFO Get User Success :391-Sonasati Distillery
2021-12-03 12:25:59.7992 INFO Get RR List Success
2021-12-03 12:25:59.8028 INFO Get RR No Sucess:Req/GO/SOD/RR/2020-21/13
2021-12-03 12:26:00.2899 INFO Get RR List Success
2021-12-03 12:26:00.2899 INFO Get Product Type Master List Success
2021-12-03 12:26:00.3029 INFO Get User Success :sonasati_dis
2021-12-03 12:26:18.1490 INFO Get User Success :391-Sonasati Distillery
2021-12-03 12:26:20.1067 INFO Get RR List Success
2021-12-03 12:26:20.1067 INFO Get Product Type Master List Success
2021-12-03 12:26:20.1147 INFO Get User Success :sonasati_dis
2021-12-03 12:26:39.2658 INFO Get User Success :391-Sonasati Distillery
2021-12-03 12:26:41.0803 INFO Get RR List Success
2021-12-03 12:26:41.0823 INFO Get RR No Sucess:Req/GO/SOD/RR/2020-21/13
2021-12-03 12:26:41.6052 INFO Get RR List Success
2021-12-03 12:26:41.6052 INFO Get Product Type Master List Success
2021-12-03 12:26:41.6052 INFO Get User Success :sonasati_dis
2021-12-03 12:27:12.5405 INFO Get User Success :391-Sonasati Distillery
2021-12-03 12:27:14.6561 INFO Get RR List Success
2021-12-03 12:27:14.6561 INFO Get Product Type Master List Success
2021-12-03 12:27:14.6640 INFO Get User Success :sonasati_dis
2021-12-03 12:27:27.3921 INFO Get User Success :391-Sonasati Distillery
2021-12-03 12:27:28.8578 INFO Get RR List Success
2021-12-03 12:27:28.8578 INFO Get RR No Sucess:Req/GO/SOD/RR/2020-21/13
2021-12-03 12:27:29.3369 INFO Get RR List Success
2021-12-03 12:27:29.3369 INFO Get Product Type Master List Success
2021-12-03 12:27:29.3369 INFO Get User Success :sonasati_dis
2021-12-03 12:27:42.4004 INFO Get User Success :391-Sonasati Distillery
2021-12-03 12:27:43.6812 INFO Get RR List Success
2021-12-03 12:27:43.6812 INFO Get Product Type Master List Success
2021-12-03 12:27:43.6812 INFO Get User Success :sonasati_dis
