2021-10-09 12:00:15.2374 INFO Get User Success :341-Assistant Commissioner
2021-10-09 12:00:15.4633 INFO Get User Success :341-Assistant Commissioner
2021-10-09 12:00:15.4995 INFO Get Product Type Master List Success
2021-10-09 12:00:15.5221 INFO Get User Success :bhedo
2021-10-09 12:00:22.1166 INFO Get User Success :341-Assistant Commissioner
2021-10-09 12:00:22.1592 INFO Get RR List Success
2021-10-09 12:00:22.2087 INFO Get User Success :341-Assistant Commissioner
2021-10-09 12:00:22.2947 INFO Get RR List Success
2021-10-09 12:00:24.2675 INFO Get Product Type Master List Success
2021-10-09 12:00:24.2715 INFO Get User Success :bhedo
2021-10-09 12:00:31.4465 INFO Get User Success :341-Assistant Commissioner
2021-10-09 12:01:10.9045 INFO Get Product Type Master List Success
2021-10-09 12:01:10.9045 INFO Get User Success :bhedo
2021-10-09 12:01:14.8570 INFO Get User Success :341-Assistant Commissioner
2021-10-09 12:03:52.5035 INFO Get Product Type Master List Success
2021-10-09 12:03:52.5073 INFO Get User Success :bhedo
2021-10-09 12:09:09.3723 INFO Get User Success :341-Assistant Commissioner
2021-10-09 12:09:09.4092 INFO Get User Success :341-Assistant Commissioner
2021-10-09 12:09:09.4152 INFO Get Product Type Master List Success
2021-10-09 12:09:09.4152 INFO Get User Success :bhedo
2021-10-09 12:09:13.3273 INFO Get User Success :341-Assistant Commissioner
2021-10-09 12:13:22.3232 INFO Get Product Type Master List Success
2021-10-09 12:13:22.3232 INFO Get User Success :bhedo
2021-10-09 12:13:22.8459 INFO Get User Success :341-Assistant Commissioner
2021-10-09 12:13:26.1987 INFO Get User Success :341-Assistant Commissioner
2021-10-09 12:13:26.2336 INFO Get User Success :341-Assistant Commissioner
2021-10-09 12:13:26.2336 INFO Get Product Type Master List Success
2021-10-09 12:13:26.2386 INFO Get User Success :bhedo
2021-10-09 12:13:29.4763 INFO Get User Success :341-Assistant Commissioner
2021-10-09 12:13:31.5718 INFO Get Product Type Master List Success
2021-10-09 12:13:31.5718 INFO Get User Success :bhedo
2021-10-09 12:13:33.9682 INFO Get User Success :341-Assistant Commissioner
2021-10-09 12:13:33.9817 INFO Get License_Type List Success
2021-10-09 12:15:06.6410 INFO Get License Fee List Success
2021-10-09 12:15:06.6570 INFO Get State List Success
2021-10-09 12:16:12.0824 INFO Get Division List Success
2021-10-09 12:16:17.8025 INFO Get Product Type Master List Success
2021-10-09 12:16:17.8025 INFO Get User Success :bhedo
2021-10-09 12:19:27.7475 INFO Get User Success :341-Assistant Commissioner
2021-10-09 12:19:27.7475 INFO Get License_Type List Success
2021-10-09 12:24:06.6954 INFO Get License Fee List Success
2021-10-09 12:24:06.6954 INFO Get State List Success
2021-10-09 12:24:08.6258 INFO Get Division List Success
2021-10-09 12:24:09.3951 INFO Get Product Type Master List Success
2021-10-09 12:24:09.3951 INFO Get User Success :bhedo
2021-10-09 12:32:42.3651 INFO Get User Success :341-Assistant Commissioner
2021-10-09 12:32:42.5297 INFO Get User Success :341-Assistant Commissioner
2021-10-09 12:32:42.5775 INFO Get Product Type Master List Success
2021-10-09 12:32:42.5855 INFO Get User Success :bhedo
2021-10-09 12:32:46.7268 INFO Get User Success :341-Assistant Commissioner
2021-10-09 12:32:47.9451 INFO Get Product Type Master List Success
2021-10-09 12:32:47.9451 INFO Get User Success :bhedo
2021-10-09 12:32:50.9498 INFO Get User Success :341-Assistant Commissioner
2021-10-09 12:32:51.0772 INFO Get User Success :341-Assistant Commissioner
2021-10-09 12:32:51.0772 INFO Get License_Type List Success
2021-10-09 12:32:53.8869 INFO Get License Fee List Success
2021-10-09 12:32:53.8869 INFO Get State List Success
2021-10-09 12:32:56.9165 INFO Get Division List Success
2021-10-09 12:32:57.6333 INFO Get Product Type Master List Success
2021-10-09 12:32:57.6333 INFO Get User Success :bhedo
2021-10-09 12:34:35.6695 INFO Get User Success :341-Assistant Commissioner
2021-10-09 12:34:36.5143 INFO Get Product Type Master List Success
2021-10-09 12:34:36.5143 INFO Get User Success :bhedo
2021-10-09 12:34:45.5370 INFO Get User Success :341-Assistant Commissioner
2021-10-09 12:34:50.9236 INFO Get Product Type Master List Success
2021-10-09 12:34:50.9286 INFO Get User Success :bhedo
2021-10-09 12:35:05.6223 INFO Get User Success :341-Assistant Commissioner
2021-10-09 12:35:05.6223 INFO Get License_Type List Success
2021-10-09 12:35:11.1200 INFO Get License Fee List Success
2021-10-09 12:35:11.1200 INFO Get State List Success
2021-10-09 12:35:26.3236 INFO Get Division List Success
2021-10-09 12:35:27.7866 INFO Get Product Type Master List Success
2021-10-09 12:35:27.7866 INFO Get User Success :bhedo
2021-10-09 12:37:17.2274 INFO Get User Success :341-Assistant Commissioner
2021-10-09 12:37:17.2274 INFO Get License_Type List Success
2021-10-09 12:38:32.7977 INFO Get License Fee List Success
2021-10-09 12:38:32.7977 INFO Get State List Success
2021-10-09 12:39:08.7788 INFO Get Division List Success
2021-10-09 12:39:10.2004 INFO Get Product Type Master List Success
2021-10-09 12:39:10.2004 INFO Get User Success :bhedo
2021-10-09 12:39:36.5698 INFO Get User Success :341-Assistant Commissioner
2021-10-09 12:39:36.5698 INFO Get License_Type List Success
2021-10-09 12:40:37.7897 INFO Get License Fee List Success
2021-10-09 12:40:37.7897 INFO Get State List Success
2021-10-09 12:41:43.3065 INFO Get Division List Success
2021-10-09 12:41:43.9989 INFO Get Product Type Master List Success
2021-10-09 12:41:44.0038 INFO Get User Success :bhedo
2021-10-09 12:52:52.5895 INFO Get User Success :341-Assistant Commissioner
2021-10-09 12:53:05.4228 INFO Get User Success :341-Assistant Commissioner
2021-10-09 12:53:05.4713 INFO Get Product Type Master List Success
2021-10-09 12:53:05.4826 INFO Get User Success :bhedo
2021-10-09 12:53:09.2572 INFO Get User Success :341-Assistant Commissioner
2021-10-09 12:53:10.6950 INFO Get Product Type Master List Success
2021-10-09 12:53:10.6950 INFO Get User Success :bhedo
2021-10-09 12:53:13.0457 INFO Get User Success :341-Assistant Commissioner
2021-10-09 12:53:13.0457 INFO Get License_Type List Success
2021-10-09 12:53:14.5250 INFO Get License Fee List Success
2021-10-09 12:53:14.5250 INFO Get State List Success
2021-10-09 12:53:15.7478 INFO Get Division List Success
2021-10-09 12:53:16.4579 INFO Get Product Type Master List Success
2021-10-09 12:53:16.4579 INFO Get User Success :bhedo
2021-10-09 12:54:27.8310 INFO Get User Success :341-Assistant Commissioner
2021-10-09 12:54:28.8278 INFO Get Product Type Master List Success
2021-10-09 12:54:28.8328 INFO Get User Success :bhedo
2021-10-09 12:55:03.2340 INFO Get User Success :100-Deputy Commissioner
2021-10-09 12:55:03.2701 INFO Get User Success :100-Deputy Commissioner
2021-10-09 12:55:03.3814 INFO Get Product Type Master List Success
2021-10-09 12:55:03.3814 INFO Get User Success :hodyco
2021-10-09 12:55:06.2365 INFO Get User Success :100-Deputy Commissioner
2021-10-09 12:55:07.4793 INFO Get Product Type Master List Success
2021-10-09 12:55:07.4793 INFO Get User Success :hodyco
2021-10-09 12:55:10.3047 INFO Get User Success :100-Deputy Commissioner
2021-10-09 12:55:10.3047 INFO Get License_Type List Success
2021-10-09 12:55:11.8752 INFO Get License Fee List Success
2021-10-09 12:55:11.8752 INFO Get State List Success
2021-10-09 12:55:13.8568 INFO Get Division List Success
2021-10-09 12:55:14.4564 INFO Get Product Type Master List Success
2021-10-09 12:55:14.4614 INFO Get User Success :hodyco
2021-10-09 12:55:35.4725 INFO Get User Success :100-Deputy Commissioner
2021-10-09 12:55:35.4725 INFO Get License_Type List Success
2021-10-09 12:59:08.6606 INFO Get License Fee List Success
2021-10-09 12:59:08.6606 INFO Get State List Success
2021-10-09 12:59:14.4502 INFO Get Division List Success
2021-10-09 12:59:15.1124 INFO Get Product Type Master List Success
2021-10-09 12:59:15.1174 INFO Get User Success :hodyco
2021-10-09 12:59:30.3597 INFO Get User Success :100-Deputy Commissioner
2021-10-09 12:59:31.8422 INFO Get Product Type Master List Success
2021-10-09 12:59:31.8422 INFO Get User Success :hodyco
2021-10-09 12:59:41.6360 INFO Get User Success :353-M and TP Unit
2021-10-09 12:59:41.6706 INFO Get User Success :353-M and TP Unit
2021-10-09 12:59:41.6776 INFO Get Product Type Master List Success
2021-10-09 12:59:41.6776 INFO Get User Success :mtp1
2021-10-09 12:59:44.7189 INFO Get User Success :353-M and TP Unit
2021-10-09 12:59:46.4452 INFO Get Product Type Master List Success
2021-10-09 12:59:46.4452 INFO Get User Success :mtp1
2021-10-09 12:59:50.1929 INFO Get User Success :353-M and TP Unit
2021-10-09 12:59:50.1929 INFO Get Allotment List Success
2021-10-09 12:59:51.1878 INFO Get NOC Sucess:Req/BJ/MTP/PER/2020-21/2
2021-10-09 12:59:51.1878 INFO Get Product Master List Success
2021-10-09 12:59:51.1927 INFO Get UOM List Success
2021-10-09 12:59:51.1927 INFO Get Product Type Master List Success
2021-10-09 12:59:51.1927 INFO Get User Success :mtp1
2021-10-09 13:00:02.8798 INFO Get User Success :353-M and TP Unit
2021-10-09 13:00:03.1669 INFO Get Product Type Master List Success
2021-10-09 13:00:03.1669 INFO Get User Success :mtp1
2021-10-09 13:00:06.1640 INFO Get User Success :353-M and TP Unit
2021-10-09 13:00:07.7048 INFO Get Product Type Master List Success
2021-10-09 13:00:07.7098 INFO Get User Success :mtp1
2021-10-09 13:00:13.9781 INFO Get User Success :353-M and TP Unit
2021-10-09 13:00:13.9781 INFO Get License_Type List Success
2021-10-09 13:00:15.6822 INFO Get License Fee List Success
2021-10-09 13:00:15.6822 INFO Get State List Success
2021-10-09 13:00:17.4571 INFO Get Division List Success
2021-10-09 13:00:19.0302 INFO Get Product Type Master List Success
2021-10-09 13:00:19.0352 INFO Get User Success :mtp1
2021-10-09 13:00:41.0245 INFO Get User Success :353-M and TP Unit
2021-10-09 13:00:41.0245 INFO Get License_Type List Success
2021-10-09 13:03:29.1916 INFO Get License Fee List Success
2021-10-09 13:03:29.1916 INFO Get State List Success
2021-10-09 13:04:32.4321 INFO Get Division List Success
2021-10-09 13:04:33.2009 INFO Get Product Type Master List Success
2021-10-09 13:04:33.2069 INFO Get User Success :mtp1
2021-10-09 13:04:44.5001 INFO Get User Success :353-M and TP Unit
2021-10-09 13:04:48.1313 INFO Get Product Type Master List Success
2021-10-09 13:04:48.1313 INFO Get User Success :mtp1
2021-10-09 13:04:53.3839 INFO Get User Success :353-M and TP Unit
2021-10-09 13:04:53.3839 INFO Get License_Type List Success
2021-10-09 13:04:55.9230 INFO Get License Fee List Success
2021-10-09 13:04:55.9230 INFO Get State List Success
2021-10-09 13:06:42.8685 INFO Get Division List Success
2021-10-09 13:12:59.1456 INFO Get Product Type Master List Success
2021-10-09 13:12:59.1456 INFO Get User Success :mtp1
2021-10-09 13:13:13.4844 INFO Get User Success :353-M and TP Unit
2021-10-09 13:13:15.0027 INFO Get Product Type Master List Success
2021-10-09 13:13:15.0077 INFO Get User Success :mtp1
2021-10-09 13:13:52.0580 INFO Get User Success :353-M and TP Unit
2021-10-09 13:13:53.3997 INFO Get Product Type Master List Success
2021-10-09 13:13:53.3997 INFO Get User Success :mtp1
2021-10-09 13:14:06.2972 INFO Get User Success :350-Globus Spirits Limited
2021-10-09 13:14:06.3681 INFO Get User Success :350-Globus Spirits Limited
2021-10-09 13:14:06.3681 INFO Get Product Type Master List Success
2021-10-09 13:14:06.3681 INFO Get User Success :globus_dis
2021-10-09 13:14:09.3082 INFO Get User Success :350-Globus Spirits Limited
2021-10-09 13:14:09.3221 INFO Get Product Type Master List Success
2021-10-09 13:14:09.3221 INFO Get User Success :globus_dis
2021-10-09 13:14:11.4000 INFO Get User Success :350-Globus Spirits Limited
2021-10-09 13:14:12.9211 INFO Get User Success :350-Globus Spirits Limited
2021-10-09 13:14:14.0973 INFO Get Product Type Master List Success
2021-10-09 13:14:14.1023 INFO Get User Success :globus_dis
2021-10-09 13:30:40.5127 INFO Get User Success :382-Retailer 
2021-10-09 13:30:40.6115 INFO Get User Success :382-Retailer 
2021-10-09 13:30:40.6394 INFO Get Product Type Master List Success
2021-10-09 13:30:40.6464 INFO Get User Success :mtp_ret
2021-10-09 13:30:43.6395 INFO Get User Success :382-Retailer 
2021-10-09 13:30:45.1332 INFO Get Product Type Master List Success
2021-10-09 13:30:45.1332 INFO Get User Success :mtp_ret
2021-10-09 13:31:05.8486 INFO Get User Success :382-Retailer 
2021-10-09 13:31:10.3880 INFO Get Product Type Master List Success
2021-10-09 13:31:10.3880 INFO Get User Success :mtp_ret
2021-10-09 13:31:18.2645 INFO Get User Success :382-Retailer 
2021-10-09 13:31:18.2910 INFO Get Product Type Master List Success
2021-10-09 13:31:18.2910 INFO Get User Success :mtp_ret
2021-10-09 13:31:20.5427 INFO Get User Success :382-Retailer 
2021-10-09 13:31:22.0574 INFO Get Product Type Master List Success
2021-10-09 13:31:22.0574 INFO Get User Success :mtp_ret
2021-10-09 13:31:24.0043 INFO Get User Success :382-Retailer 
2021-10-09 13:31:24.0043 INFO Get Product Type Master List Success
2021-10-09 13:31:24.0043 INFO Get User Success :mtp_ret
2021-10-09 13:31:26.5491 INFO Get User Success :382-Retailer 
2021-10-09 13:31:30.4348 INFO Get Product Type Master List Success
2021-10-09 13:31:30.4348 INFO Get User Success :mtp_ret
2021-10-09 13:32:00.9662 INFO Get User Success :382-Retailer 
2021-10-09 13:32:48.3821 INFO Get Product Type Master List Success
2021-10-09 13:32:48.3821 INFO Get User Success :mtp_ret
2021-10-09 13:34:39.6931 INFO Get User Success :382-Retailer 
2021-10-09 13:34:39.8886 INFO Get User Success :382-Retailer 
2021-10-09 13:34:39.9125 INFO Get Product Type Master List Success
2021-10-09 13:34:39.9125 INFO Get User Success :mtp_ret
2021-10-09 13:34:42.5003 INFO Get User Success :382-Retailer 
2021-10-09 13:34:43.8987 INFO Get Product Type Master List Success
2021-10-09 13:34:43.8987 INFO Get User Success :mtp_ret
2021-10-09 13:34:53.8222 INFO Get User Success :382-Retailer 
2021-10-09 13:34:55.6016 INFO Get Product Type Master List Success
2021-10-09 13:34:55.6016 INFO Get User Success :mtp_ret
2021-10-09 13:34:57.7854 INFO Get User Success :382-Retailer 
2021-10-09 13:34:57.8013 INFO Get Product Type Master List Success
2021-10-09 13:34:57.8013 INFO Get User Success :mtp_ret
2021-10-09 13:37:55.3438 INFO Get User Success :382-Retailer 
2021-10-09 13:37:55.4446 INFO Get User Success :382-Retailer 
2021-10-09 13:37:55.4726 INFO Get Product Type Master List Success
2021-10-09 13:37:55.4726 INFO Get User Success :mtp_ret
2021-10-09 13:38:10.5315 INFO Get User Success :382-Retailer 
2021-10-09 13:38:12.9024 INFO Get Product Type Master List Success
2021-10-09 13:38:12.9024 INFO Get User Success :mtp_ret
2021-10-09 13:38:16.7939 INFO Get User Success :382-Retailer 
2021-10-09 13:38:16.7939 INFO Get Allotment List Success
2021-10-09 13:38:16.8019 INFO Get Product Type Master List Success
2021-10-09 13:38:16.8019 INFO Get User Success :mtp_ret
2021-10-09 13:38:18.5970 INFO Get User Success :382-Retailer 
2021-10-09 13:38:18.6225 INFO Get Product Type Master List Success
2021-10-09 13:38:18.6225 INFO Get User Success :mtp_ret
2021-10-09 13:38:19.6593 INFO Get User Success :382-Retailer 
2021-10-09 13:38:19.6613 INFO Get Allotment List Success
2021-10-09 13:38:19.6613 INFO Get Product Type Master List Success
2021-10-09 13:38:19.6613 INFO Get User Success :mtp_ret
2021-10-09 13:38:21.0577 INFO Get User Success :382-Retailer 
2021-10-09 13:38:22.5558 INFO Get Product Type Master List Success
2021-10-09 13:38:22.5558 INFO Get User Success :mtp_ret
2021-10-09 13:38:24.3949 INFO Get User Success :382-Retailer 
2021-10-09 13:38:24.3949 INFO Get Allotment List Success
2021-10-09 13:38:24.3949 INFO Get Product Type Master List Success
2021-10-09 13:38:24.3949 INFO Get User Success :mtp_ret
2021-10-09 13:38:25.5298 INFO Get User Success :382-Retailer 
2021-10-09 13:38:25.5358 INFO Get Product Type Master List Success
2021-10-09 13:38:25.5358 INFO Get User Success :mtp_ret
2021-10-09 13:38:26.7212 INFO Get User Success :382-Retailer 
2021-10-09 13:38:26.7212 INFO Get Allotment List Success
2021-10-09 13:38:26.7242 INFO Get Product Type Master List Success
2021-10-09 13:38:26.7242 INFO Get User Success :mtp_ret
2021-10-09 13:38:27.6338 INFO Get User Success :382-Retailer 
2021-10-09 13:38:29.1238 INFO Get Product Type Master List Success
2021-10-09 13:38:29.1238 INFO Get User Success :mtp_ret
2021-10-09 13:38:31.2027 INFO Get User Success :382-Retailer 
2021-10-09 13:38:31.2027 INFO Get Allotment List Success
2021-10-09 13:38:31.2027 INFO Get Product Type Master List Success
2021-10-09 13:38:31.2097 INFO Get User Success :mtp_ret
2021-10-09 13:38:32.9567 INFO Get User Success :382-Retailer 
2021-10-09 13:38:32.9627 INFO Get Product Type Master List Success
2021-10-09 13:38:32.9627 INFO Get User Success :mtp_ret
2021-10-09 13:38:35.4457 INFO Get User Success :382-Retailer 
2021-10-09 13:38:38.8982 INFO Get Product Type Master List Success
2021-10-09 13:38:38.8982 INFO Get User Success :mtp_ret
2021-10-09 13:38:41.0274 INFO Get User Success :382-Retailer 
2021-10-09 13:38:41.0274 INFO Get Allotment List Success
2021-10-09 13:38:41.0274 INFO Get Product Type Master List Success
2021-10-09 13:38:41.0274 INFO Get User Success :mtp_ret
2021-10-09 13:38:42.3648 INFO Get User Success :382-Retailer 
2021-10-09 13:38:43.8001 INFO Get Product Type Master List Success
2021-10-09 13:38:43.8041 INFO Get User Success :mtp_ret
2021-10-09 13:38:46.1958 INFO Get User Success :382-Retailer 
2021-10-09 13:38:46.1958 INFO Get Allotment List Success
2021-10-09 13:38:46.1958 INFO Get Product Type Master List Success
2021-10-09 13:38:46.1958 INFO Get User Success :mtp_ret
2021-10-09 13:38:47.1634 INFO Get User Success :382-Retailer 
2021-10-09 13:38:47.1634 INFO Get Product Type Master List Success
2021-10-09 13:38:47.1634 INFO Get User Success :mtp_ret
2021-10-09 13:38:47.9480 INFO Get User Success :382-Retailer 
2021-10-09 13:38:47.9480 INFO Get Allotment List Success
2021-10-09 13:38:47.9480 INFO Get Product Type Master List Success
2021-10-09 13:38:47.9480 INFO Get User Success :mtp_ret
2021-10-09 13:38:48.9306 INFO Get User Success :382-Retailer 
2021-10-09 13:38:50.2729 INFO Get Product Type Master List Success
2021-10-09 13:38:50.2729 INFO Get User Success :mtp_ret
2021-10-09 13:38:53.1729 INFO Get User Success :382-Retailer 
2021-10-09 13:38:53.1729 INFO Get Allotment List Success
2021-10-09 13:38:53.1759 INFO Get Product Type Master List Success
2021-10-09 13:38:53.1759 INFO Get User Success :mtp_ret
