2021-09-14 17:47:07.6975 INFO Get User Success :108-New Swadeshi Distillery Unit
2021-09-14 17:47:08.6907 INFO Get User Success :108-New Swadeshi Distillery Unit
2021-09-14 17:47:08.7425 INFO Get Product Type Master List Success
2021-09-14 17:47:08.7425 INFO Get User Success :newswadeshi_dis
2021-09-14 17:50:36.8667 INFO Get User Success :108-New Swadeshi Distillery Unit
2021-09-14 17:50:36.9698 INFO Get User Success :108-New Swadeshi Distillery Unit
2021-09-14 17:50:37.0195 INFO Get Product Type Master List Success
2021-09-14 17:50:37.0281 INFO Get User Success :newswadeshi_dis
2021-09-14 17:50:58.1299 INFO Get User Success :108-New Swadeshi Distillery Unit
2021-09-14 17:50:58.1362 INFO Get State List Success
2021-09-14 17:50:58.1792 INFO Get Product Type Master List Success
2021-09-14 17:50:58.1848 INFO Get User Success :newswadeshi_dis
2021-09-14 17:51:08.4369 INFO Get User Success :108-New Swadeshi Distillery Unit
2021-09-14 17:51:20.4208 INFO Get User Success :108-New Swadeshi Distillery Unit
2021-09-14 17:52:06.7802 INFO Get User Success :108-New Swadeshi Distillery Unit
2021-09-14 17:52:11.1706 INFO Get User Success :108-New Swadeshi Distillery Unit
2021-09-14 17:53:29.1500 INFO Get User Success :108-New Swadeshi Distillery Unit
2021-09-14 17:53:29.1500 INFO Get Indent List Success
2021-09-14 17:53:29.1760 INFO Get Product Type Master List Success
2021-09-14 17:53:29.1820 INFO Get User Success :newswadeshi_dis
2021-09-14 17:53:46.3095 INFO Get User Success :108-New Swadeshi Distillery Unit
2021-09-14 17:53:46.3095 INFO Get State List Success
2021-09-14 17:53:46.3264 INFO Get Product Type Master List Success
2021-09-14 17:53:46.3264 INFO Get User Success :newswadeshi_dis
2021-09-14 17:54:13.8370 INFO Get State List Success
2021-09-14 17:54:29.0772 INFO Get User Success :108-New Swadeshi Distillery Unit
2021-09-14 17:54:39.7081 INFO Get User Success :108-New Swadeshi Distillery Unit
2021-09-14 17:54:48.2674 INFO Get User Success :108-New Swadeshi Distillery Unit
2021-09-14 17:55:17.2718 INFO Get User Success :44-Administrator
2021-09-14 17:55:17.3077 INFO Get User Success :44-Administrator
2021-09-14 17:55:17.3077 INFO Get Product Type Master List Success
2021-09-14 17:55:17.3077 INFO Get User Success :Admin
2021-09-14 17:55:21.4422 INFO Get Product Type Master List Success
2021-09-14 17:55:21.4482 INFO Get User Success :Admin
2021-09-14 17:55:45.0937 INFO Get User Success :108-New Swadeshi Distillery Unit
2021-09-14 17:55:45.1339 INFO Get User Success :108-New Swadeshi Distillery Unit
2021-09-14 17:55:45.1525 INFO Get Product Type Master List Success
2021-09-14 17:55:45.1525 INFO Get User Success :newswadeshi_dis
2021-09-14 17:56:28.4380 INFO Get User Success :108-New Swadeshi Distillery Unit
2021-09-14 17:56:28.4380 INFO Get State List Success
2021-09-14 17:56:28.4380 INFO Get Product Type Master List Success
2021-09-14 17:56:28.4497 INFO Get User Success :newswadeshi_dis
2021-09-14 18:02:35.7088 INFO Get User Success :108-New Swadeshi Distillery Unit
2021-09-14 18:02:35.7137 INFO Get State List Success
2021-09-14 18:02:35.7267 INFO Get Product Type Master List Success
2021-09-14 18:02:35.7267 INFO Get User Success :newswadeshi_dis
2021-09-14 18:02:41.7152 INFO Get User Success :108-New Swadeshi Distillery Unit
2021-09-14 18:03:11.2463 INFO Get User Success :108-New Swadeshi Distillery Unit
2021-09-14 18:03:11.2463 INFO Get Indent List Success
2021-09-14 18:03:11.2463 INFO Get Product Type Master List Success
2021-09-14 18:03:11.2600 INFO Get User Success :newswadeshi_dis
2021-09-14 18:03:23.1798 INFO Get User Success :108-New Swadeshi Distillery Unit
2021-09-14 18:03:23.1798 INFO Get Indent List Success
2021-09-14 18:03:37.1484 INFO Get User Success :108-New Swadeshi Distillery Unit
2021-09-14 18:03:37.1514 INFO Get Indent List Success
