2021-10-20 13:10:10.3555 INFO Get User Success :387-Assistant Commissioner, Patna
2021-10-20 13:10:14.7703 INFO Get User Success :387-Assistant Commissioner, Patna
2021-10-20 13:10:14.8134 INFO Get Product Type Master List Success
2021-10-20 13:10:14.8134 INFO Get User Success :paedo
2021-10-20 13:10:38.5152 INFO Get User Success :387-Assistant Commissioner, Patna
2021-10-20 13:10:41.8597 INFO Get Product Type Master List Success
2021-10-20 13:10:41.8597 INFO Get User Success :paedo
2021-10-20 13:10:44.7234 INFO Get User Success :387-Assistant Commissioner, Patna
2021-10-20 13:10:44.7234 INFO Get License_Type List Success
2021-10-20 13:10:46.1514 INFO Get License Fee List Success
2021-10-20 13:10:46.1553 INFO Get State List Success
2021-10-20 13:10:47.7675 INFO Get Division List Success
2021-10-20 13:10:48.5800 INFO Get Product Type Master List Success
2021-10-20 13:10:48.5800 INFO Get User Success :paedo
2021-10-20 13:17:07.2057 INFO Get User Success :387-Assistant Commissioner, Patna
2021-10-20 13:17:08.1485 INFO Get Product Type Master List Success
2021-10-20 13:17:08.1485 INFO Get User Success :paedo
2021-10-20 13:47:30.3067 INFO Get User Success :387-Assistant Commissioner, Patna
2021-10-20 13:47:30.4123 INFO Get User Success :387-Assistant Commissioner, Patna
2021-10-20 13:47:30.4391 INFO Get Product Type Master List Success
2021-10-20 13:47:30.4391 INFO Get User Success :paedo
2021-10-20 13:47:33.3845 INFO Get User Success :387-Assistant Commissioner, Patna
2021-10-20 13:47:35.0046 INFO Get Product Type Master List Success
2021-10-20 13:47:35.0046 INFO Get User Success :paedo
2021-10-20 13:47:47.7008 INFO Get User Success :387-Assistant Commissioner, Patna
2021-10-20 13:47:47.7035 INFO Get License_Type List Success
2021-10-20 13:48:05.4505 INFO Get License Fee List Success
2021-10-20 13:48:05.4545 INFO Get State List Success
2021-10-20 13:48:23.8175 INFO Get Division List Success
2021-10-20 13:48:34.0679 INFO Get Product Type Master List Success
2021-10-20 13:48:34.0679 INFO Get User Success :paedo
2021-10-20 13:48:42.7122 INFO Get User Success :387-Assistant Commissioner, Patna
2021-10-20 13:48:44.8467 INFO Get Product Type Master List Success
2021-10-20 13:48:44.8467 INFO Get User Success :paedo
2021-10-20 13:49:13.4098 INFO Get User Success :387-Assistant Commissioner, Patna
2021-10-20 16:09:58.9062 INFO Get Product Type Master List Success
2021-10-20 16:09:58.9062 INFO Get User Success :paedo
2021-10-20 16:10:20.4220 INFO Get User Success :111-New Swadeshi Sugar Mills
2021-10-20 16:10:20.4639 INFO Get User Success :111-New Swadeshi Sugar Mills
2021-10-20 16:10:20.4918 INFO Get Product Type Master List Success
2021-10-20 16:10:20.4918 INFO Get User Success :newswadeshi_sgr
2021-10-20 16:10:34.4702 INFO Sugarcanepurchase Get List Success
2021-10-20 16:10:34.4702 INFO Get User Success :111-New Swadeshi Sugar Mills
2021-10-20 16:10:34.4931 INFO Get Product Type Master List Success
2021-10-20 16:10:34.4991 INFO Get User Success :newswadeshi_sgr
2021-10-20 16:10:45.2788 INFO Get User Success :111-New Swadeshi Sugar Mills
2021-10-20 16:10:45.2838 INFO Get MF2 List Success
2021-10-20 16:10:45.3008 INFO Get Product Type Master List Success
2021-10-20 16:10:45.3008 INFO Get User Success :newswadeshi_sgr
2021-10-20 16:10:56.5849 INFO Get User Success :111-New Swadeshi Sugar Mills
2021-10-20 16:10:56.5849 INFO Get Party Master List Success
2021-10-20 16:10:56.5922 INFO Get Party Master List Success
2021-10-20 16:10:56.5922 INFO Get Product Master List Success
2021-10-20 16:10:56.5922 INFO Get VAT Master List Success
2021-10-20 16:10:56.6354 INFO Get Product Type Master List Success
2021-10-20 16:10:56.6409 INFO Get User Success :newswadeshi_sgr
2021-10-20 16:11:25.1177 INFO Get User Success :111-New Swadeshi Sugar Mills
2021-10-20 16:11:25.1177 INFO Get MF2 List Success
2021-10-20 16:11:25.1237 INFO Get Product Type Master List Success
2021-10-20 16:11:25.1237 INFO Get User Success :newswadeshi_sgr
2021-10-20 16:11:32.8884 INFO Get User Success :111-New Swadeshi Sugar Mills
2021-10-20 16:11:32.8914 INFO Get Party Master List Success
2021-10-20 16:11:32.8914 INFO Get Party Master List Success
2021-10-20 16:11:32.8914 INFO Get Product Master List Success
2021-10-20 16:11:32.8914 INFO Get VAT Master List Success
2021-10-20 16:11:32.8914 INFO Get Product Type Master List Success
2021-10-20 16:11:32.8914 INFO Get User Success :newswadeshi_sgr
2021-10-20 16:11:55.5104 INFO Get User Success :111-New Swadeshi Sugar Mills
2021-10-20 16:11:55.5104 INFO Get MF3 List Success
2021-10-20 16:11:55.5164 INFO Get Product Type Master List Success
2021-10-20 16:11:55.5164 INFO Get User Success :newswadeshi_sgr
2021-10-20 16:11:57.1916 INFO Get User Success :111-New Swadeshi Sugar Mills
2021-10-20 16:11:57.1916 INFO Get VAT Master List Success
2021-10-20 16:11:57.1916 INFO Get Product Master List Success
2021-10-20 16:11:57.1916 INFO Get Product Type Master List Success
2021-10-20 16:11:57.2025 INFO Get User Success :newswadeshi_sgr
2021-10-20 16:12:07.0173 INFO Get User Success :111-New Swadeshi Sugar Mills
2021-10-20 16:12:07.0173 INFO Get MF3 List Success
2021-10-20 16:12:07.0173 INFO Get Product Type Master List Success
2021-10-20 16:12:07.0173 INFO Get User Success :newswadeshi_sgr
2021-10-20 16:12:14.1726 INFO Get User Success :111-New Swadeshi Sugar Mills
2021-10-20 16:12:14.1726 INFO Get MF2 List Success
2021-10-20 16:12:14.1726 INFO Get Product Type Master List Success
2021-10-20 16:12:14.1726 INFO Get User Success :newswadeshi_sgr
2021-10-20 16:12:34.1209 INFO Get User Success :108-New Swadeshi Distillery Unit
2021-10-20 16:12:34.1638 INFO Get User Success :108-New Swadeshi Distillery Unit
2021-10-20 16:12:34.1935 INFO Get Product Type Master List Success
2021-10-20 16:12:34.1935 INFO Get User Success :newswadeshi_dis
2021-10-20 16:12:40.4946 INFO Get User Success :108-New Swadeshi Distillery Unit
2021-10-20 16:12:40.5026 INFO Get Indent List Success
2021-10-20 16:12:40.5207 INFO Get Product Type Master List Success
2021-10-20 16:12:40.5207 INFO Get User Success :newswadeshi_dis
2021-10-20 16:12:45.1597 INFO Get User Success :108-New Swadeshi Distillery Unit
2021-10-20 16:12:45.1597 INFO Get Party Master List Success
2021-10-20 16:12:45.1597 INFO Get Product Master List Success
2021-10-20 16:12:45.1597 INFO Get Product Type Master List Success
2021-10-20 16:12:45.1707 INFO Get User Success :newswadeshi_dis
2021-10-20 16:12:59.4050 INFO Get User Success :108-New Swadeshi Distillery Unit
2021-10-20 16:12:59.4050 INFO Get Indent List Success
2021-10-20 16:12:59.4050 INFO Get Product Type Master List Success
2021-10-20 16:12:59.4050 INFO Get User Success :newswadeshi_dis
2021-10-20 16:13:04.9891 INFO Get User Success :108-New Swadeshi Distillery Unit
2021-10-20 16:13:04.9891 INFO Get Party Master List Success
2021-10-20 16:13:04.9891 INFO Get Product Master List Success
2021-10-20 16:13:04.9891 INFO Get Product Type Master List Success
2021-10-20 16:13:04.9990 INFO Get User Success :newswadeshi_dis
2021-10-20 16:14:12.5456 INFO Insert Indent Success :20-10-2021-NSD
2021-10-20 16:14:14.4094 INFO Get User Success :108-New Swadeshi Distillery Unit
2021-10-20 16:14:14.4094 INFO Get Indent List Success
2021-10-20 16:14:14.4094 INFO Get Product Type Master List Success
2021-10-20 16:14:14.4094 INFO Get User Success :newswadeshi_dis
2021-10-20 16:14:22.5415 INFO Get User Success :108-New Swadeshi Distillery Unit
2021-10-20 16:14:22.5515 INFO Get Allotment List Success
2021-10-20 16:14:22.5764 INFO Get Product Type Master List Success
2021-10-20 16:14:22.5824 INFO Get User Success :newswadeshi_dis
2021-10-20 16:14:33.5943 INFO Get User Success :108-New Swadeshi Distillery Unit
2021-10-20 16:14:33.5943 INFO Get Party Master List Success
2021-10-20 16:14:33.5943 INFO Get Indent List Success
2021-10-20 16:14:33.5943 INFO Get Product Type Master List Success
2021-10-20 16:14:33.6083 INFO Get User Success :newswadeshi_dis
2021-10-20 16:14:34.0753 INFO Get User Success :108-New Swadeshi Distillery Unit
2021-10-20 16:14:34.0773 INFO Get Party Master List Success
2021-10-20 16:14:34.0773 INFO Get Indent List Success
2021-10-20 16:14:34.0773 INFO Get Product Type Master List Success
2021-10-20 16:14:34.0773 INFO Get User Success :newswadeshi_dis
2021-10-20 16:16:33.5198 INFO Get User Success :108-New Swadeshi Distillery Unit
2021-10-20 16:16:33.5198 INFO Get Allotment List Success
2021-10-20 16:16:33.5198 INFO Get Product Type Master List Success
2021-10-20 16:16:33.5348 INFO Get User Success :newswadeshi_dis
2021-10-20 16:16:37.2193 INFO Get User Success :108-New Swadeshi Distillery Unit
2021-10-20 16:16:37.2193 INFO Get Party Master List Success
2021-10-20 16:16:37.2193 INFO Get Indent List Success
2021-10-20 16:16:37.2193 INFO Get Product Type Master List Success
2021-10-20 16:16:37.2193 INFO Get User Success :newswadeshi_dis
2021-10-20 16:16:43.3259 INFO Get User Success :108-New Swadeshi Distillery Unit
2021-10-20 16:16:43.3329 INFO Get Allotment List Success
2021-10-20 16:16:43.3329 INFO Get Product Type Master List Success
2021-10-20 16:16:43.3329 INFO Get User Success :newswadeshi_dis
2021-10-20 16:16:47.3737 INFO Get User Success :108-New Swadeshi Distillery Unit
2021-10-20 16:16:47.3737 INFO Get Indent List Success
2021-10-20 16:16:47.3737 INFO Get Product Type Master List Success
2021-10-20 16:16:47.3737 INFO Get User Success :newswadeshi_dis
2021-10-20 16:17:09.2060 INFO Get User Success :111-New Swadeshi Sugar Mills
2021-10-20 16:17:09.2451 INFO Get User Success :111-New Swadeshi Sugar Mills
2021-10-20 16:17:09.2491 INFO Get Product Type Master List Success
2021-10-20 16:17:09.2491 INFO Get User Success :newswadeshi_sgr
2021-10-20 16:17:14.8995 INFO Get User Success :111-New Swadeshi Sugar Mills
2021-10-20 16:17:14.8995 INFO Get MF2 List Success
2021-10-20 16:17:14.8995 INFO Get Product Type Master List Success
2021-10-20 16:17:14.9085 INFO Get User Success :newswadeshi_sgr
2021-10-20 16:17:20.0104 INFO Get User Success :111-New Swadeshi Sugar Mills
2021-10-20 16:17:20.0104 INFO Get Party Master List Success
2021-10-20 16:17:20.0144 INFO Get Party Master List Success
2021-10-20 16:17:20.0144 INFO Get Product Master List Success
2021-10-20 16:17:20.0144 INFO Get VAT Master List Success
2021-10-20 16:17:20.0144 INFO Get Product Type Master List Success
2021-10-20 16:17:20.0144 INFO Get User Success :newswadeshi_sgr
2021-10-20 16:19:03.2676 INFO Get User Success :111-New Swadeshi Sugar Mills
2021-10-20 16:19:03.2676 INFO Get MF2 List Success
2021-10-20 16:19:03.2676 INFO Get Product Type Master List Success
2021-10-20 16:19:03.2676 INFO Get User Success :newswadeshi_sgr
2021-10-20 16:19:06.4360 INFO Get User Success :111-New Swadeshi Sugar Mills
2021-10-20 16:19:06.4360 INFO Get MF3 List Success
2021-10-20 16:19:06.4360 INFO Get Product Type Master List Success
2021-10-20 16:19:06.4360 INFO Get User Success :newswadeshi_sgr
2021-10-20 16:19:08.7135 INFO Get User Success :111-New Swadeshi Sugar Mills
2021-10-20 16:19:08.7135 INFO Get VAT Master List Success
2021-10-20 16:19:08.7135 INFO Get Product Master List Success
2021-10-20 16:19:08.7182 INFO Get Product Type Master List Success
2021-10-20 16:19:08.7182 INFO Get User Success :newswadeshi_sgr
2021-10-20 17:00:32.8536 INFO Get User Success :387-Assistant Commissioner, Patna
2021-10-20 17:00:39.1970 INFO Get User Success :387-Assistant Commissioner, Patna
2021-10-20 17:00:39.2529 INFO Get Product Type Master List Success
2021-10-20 17:00:39.2529 INFO Get User Success :paedo
2021-10-20 17:01:00.7274 INFO Get User Success :387-Assistant Commissioner, Patna
2021-10-20 17:01:04.1023 INFO Get Product Type Master List Success
2021-10-20 17:01:04.1023 INFO Get User Success :paedo
2021-10-20 17:01:09.4845 INFO Get User Success :387-Assistant Commissioner, Patna
2021-10-20 17:01:09.4845 INFO Get License_Type List Success
2021-10-20 17:01:12.3327 INFO Get License Fee List Success
2021-10-20 17:01:12.3327 INFO Get State List Success
2021-10-20 17:01:18.4556 INFO Get Division List Success
2021-10-20 17:01:27.8744 INFO Get Product Type Master List Success
2021-10-20 17:01:27.8744 INFO Get User Success :paedo
2021-10-20 17:01:32.8818 INFO Get User Success :387-Assistant Commissioner, Patna
2021-10-20 17:01:32.8818 INFO Get License_Type List Success
2021-10-20 17:01:35.4986 INFO Get License Fee List Success
2021-10-20 17:01:35.4986 INFO Get State List Success
2021-10-20 17:01:38.3518 INFO Get Division List Success
2021-10-20 17:02:07.7540 INFO Get Product Type Master List Success
2021-10-20 17:02:07.7540 INFO Get User Success :paedo
2021-10-20 17:02:20.7673 INFO Get User Success :387-Assistant Commissioner, Patna
2021-10-20 17:02:23.0743 INFO Get Product Type Master List Success
2021-10-20 17:02:23.0783 INFO Get User Success :paedo
2021-10-20 17:02:25.3179 INFO Get User Success :387-Assistant Commissioner, Patna
2021-10-20 17:02:25.3179 INFO Get License_Type List Success
2021-10-20 17:02:26.3774 INFO Get License Fee List Success
2021-10-20 17:02:26.3774 INFO Get State List Success
2021-10-20 17:02:27.2241 INFO Get Division List Success
2021-10-20 17:02:28.4169 INFO Get Product Type Master List Success
2021-10-20 17:02:28.4219 INFO Get User Success :paedo
