2021-08-25 13:01:23.0232 INFO Get User Success :341-Globus Spirits Limited
2021-08-25 13:01:24.8101 INFO Get User Success :341-Globus Spirits Limited
2021-08-25 13:01:28.0719 INFO Get Product Type Master List Success
2021-08-25 13:01:28.3659 INFO Get User Success :globus_dis
2021-08-25 13:01:37.6953 INFO Get User Success :341-Globus Spirits Limited
2021-08-25 13:03:24.3197 INFO Get Report  Success
2021-08-25 13:03:26.0656 INFO Get Party Master List Success
2021-08-25 13:03:26.2906 INFO Get Product Type Master List Success
2021-08-25 13:03:26.4846 INFO Get User Success :globus_dis
2021-08-25 13:03:58.9066 INFO Get VAT Master List Success
2021-08-25 13:04:47.0676 INFO Get GetSeverList Success
2021-08-25 16:47:01.2903 INFO Get User Success :44-Administrator
2021-08-25 16:47:19.1931 INFO Get User Success :44-Administrator
2021-08-25 16:47:24.5138 INFO Get Product Type Master List Success
2021-08-25 16:47:26.1168 INFO Get User Success :Admin
2021-08-25 16:47:41.0818 INFO Sugarcanepurchase Get List Success
2021-08-25 16:47:41.1788 INFO Get User Success :44-Administrator
2021-08-25 16:47:41.4717 INFO Get Product Type Master List Success
2021-08-25 16:47:41.5858 INFO Get User Success :Admin
2021-08-25 16:48:43.8188 INFO Get User Success :44-Administrator
2021-08-25 16:48:44.4777 INFO Get Product Type Master List Success
2021-08-25 16:48:44.5377 INFO Get User Success :Admin
2021-08-25 16:48:54.3321 INFO Get User Success :44-Administrator
2021-08-25 16:48:55.0121 INFO MIR GetList Sucess
2021-08-25 16:48:55.1431 INFO Get Product Type Master List Success
2021-08-25 16:48:55.2561 INFO Get User Success :Admin
2021-08-25 16:48:55.7720 INFO Get User Success :44-Administrator
2021-08-25 16:48:56.5440 INFO MIR GetList Sucess
2021-08-25 16:48:56.6630 INFO Get Product Type Master List Success
2021-08-25 16:48:56.7540 INFO Get User Success :Admin
2021-08-25 16:50:54.1665 INFO Get Party Type Master List Success
2021-08-25 16:50:54.2835 INFO Get User Success :44-Administrator
2021-08-25 16:51:20.9838 INFO Get Party Type Master List Success
2021-08-25 16:51:21.0648 INFO Get User Success :44-Administrator
2021-08-25 16:54:59.0460 INFO Get Party Type Master List Success :42703: column "pass_issuedno" does not exist
2021-08-25 16:54:59.1950 INFO Get User Success :44-Administrator
2021-08-25 16:55:15.6100 INFO Get Party Type Master List Success :42703: column "pass_issuedno" does not exist
2021-08-25 16:55:15.6620 INFO Get User Success :44-Administrator
2021-08-25 17:11:52.2169 INFO Get Party Type Master List Success :42703: column "pass_issuedno" does not exist
2021-08-25 17:11:52.2619 INFO Get User Success :44-Administrator
2021-08-25 17:13:56.9900 INFO Get Party Type Master List Success
2021-08-25 17:13:57.0300 INFO Get User Success :44-Administrator
2021-08-25 17:14:07.8713 INFO Get User Success :44-Administrator
2021-08-25 17:14:11.1171 INFO Get Product Type Master List Success
2021-08-25 17:14:11.1841 INFO Get User Success :Admin
2021-08-25 17:14:20.9265 INFO Get User Success :44-Administrator
2021-08-25 17:14:21.0475 INFO Get Party Type Master List Success :42703: column "transfered_date" does not exist
2021-08-25 17:14:21.1355 INFO Get Party Type Master List Success :42703: column "transfered_date" does not exist
2021-08-25 17:14:25.5842 INFO Get User Success :44-Administrator
2021-08-25 17:15:25.3964 INFO Get Product Type Master List Success
2021-08-25 17:15:25.4534 INFO Get User Success :Admin
2021-08-25 17:21:21.7338 INFO Get User Success :44-Administrator
