2021-09-15 10:25:37.9733 INFO Get User Success :108-New Swadeshi Distillery Unit
2021-09-15 10:25:38.2509 INFO Get User Success :108-New Swadeshi Distillery Unit
2021-09-15 10:25:38.3019 INFO Get Product Type Master List Success
2021-09-15 10:25:38.3467 INFO Get User Success :newswadeshi_dis
2021-09-15 10:25:53.0015 INFO Get User Success :108-New Swadeshi Distillery Unit
2021-09-15 10:25:53.0207 INFO Get Indent List Success
2021-09-15 10:25:53.0732 INFO Get Product Type Master List Success
2021-09-15 10:25:53.0732 INFO Get User Success :newswadeshi_dis
2021-09-15 10:26:03.8263 INFO Get User Success :108-New Swadeshi Distillery Unit
2021-09-15 10:26:03.8263 INFO Get Indent List Success
2021-09-15 10:27:13.0716 INFO Get User Success :108-New Swadeshi Distillery Unit
2021-09-15 10:28:31.7165 INFO Get User Success :108-New Swadeshi Distillery Unit
2021-09-15 10:29:46.1799 INFO Get User Success :108-New Swadeshi Distillery Unit
2021-09-15 10:30:04.9539 INFO Get User Success :108-New Swadeshi Distillery Unit
2021-09-15 10:30:25.8588 INFO Get User Success :108-New Swadeshi Distillery Unit
2021-09-15 10:39:24.6984 INFO Get User Success :108-New Swadeshi Distillery Unit
2021-09-15 10:39:31.3490 INFO Get User Success :108-New Swadeshi Distillery Unit
2021-09-15 10:39:31.3979 INFO Get Product Type Master List Success
2021-09-15 10:39:31.4079 INFO Get User Success :newswadeshi_dis
2021-09-15 10:39:42.3067 INFO Get User Success :108-New Swadeshi Distillery Unit
2021-09-15 10:39:42.3067 INFO Get Indent List Success
2021-09-15 10:39:42.3556 INFO Get Product Type Master List Success
2021-09-15 10:39:42.3556 INFO Get User Success :newswadeshi_dis
2021-09-15 10:39:54.9591 INFO Get User Success :108-New Swadeshi Distillery Unit
2021-09-15 10:41:28.7956 INFO Get User Success :108-New Swadeshi Distillery Unit
2021-09-15 10:41:36.8429 INFO Get User Success :108-New Swadeshi Distillery Unit
2021-09-15 10:41:36.8529 INFO Get Allotment List Success
2021-09-15 10:41:36.8760 INFO Get Product Type Master List Success
2021-09-15 10:41:36.8760 INFO Get User Success :newswadeshi_dis
2021-09-15 10:41:47.1642 INFO Get User Success :108-New Swadeshi Distillery Unit
2021-09-15 10:41:47.1642 INFO Get Allotment List Success
2021-09-15 10:43:19.9604 INFO Get User Success :108-New Swadeshi Distillery Unit
2021-09-15 10:54:58.1283 INFO Get User Success :108-New Swadeshi Distillery Unit
2021-09-15 10:55:39.7585 INFO Get User Success :108-New Swadeshi Distillery Unit
2021-09-15 10:56:05.4458 INFO Get User Success :108-New Swadeshi Distillery Unit
2021-09-15 10:57:07.8514 INFO Get User Success :108-New Swadeshi Distillery Unit
2021-09-15 11:06:45.6432 INFO Get User Success :108-New Swadeshi Distillery Unit
2021-09-15 11:06:45.7469 INFO Get User Success :108-New Swadeshi Distillery Unit
2021-09-15 11:06:45.8018 INFO Get Product Type Master List Success
2021-09-15 11:06:45.8106 INFO Get User Success :newswadeshi_dis
2021-09-15 11:06:52.6798 INFO Get User Success :108-New Swadeshi Distillery Unit
2021-09-15 11:06:52.6798 INFO Get Indent List Success
2021-09-15 11:06:52.7287 INFO Get Product Type Master List Success
2021-09-15 11:06:52.7287 INFO Get User Success :newswadeshi_dis
2021-09-15 11:06:56.3370 INFO Get User Success :108-New Swadeshi Distillery Unit
2021-09-15 11:06:56.3370 INFO Get Allotment List Success
2021-09-15 11:06:56.3712 INFO Get Product Type Master List Success
2021-09-15 11:06:56.3712 INFO Get User Success :newswadeshi_dis
2021-09-15 11:07:12.8025 INFO Get User Success :108-New Swadeshi Distillery Unit
2021-09-15 11:07:12.8115 INFO Get Allotment List Success
2021-09-15 11:07:32.3840 INFO Get User Success :108-New Swadeshi Distillery Unit
2021-09-15 11:07:32.3840 INFO Get Allotment List Success
2021-09-15 11:08:43.6004 INFO Get User Success :108-New Swadeshi Distillery Unit
2021-09-15 11:08:43.6034 INFO Get Indent List Success
2021-09-15 11:08:43.6034 INFO Get Product Type Master List Success
2021-09-15 11:08:43.6034 INFO Get User Success :newswadeshi_dis
2021-09-15 11:08:50.5200 INFO Get User Success :108-New Swadeshi Distillery Unit
2021-09-15 11:08:50.5270 INFO Get Allotment List Success
2021-09-15 11:08:50.5270 INFO Get Product Type Master List Success
2021-09-15 11:08:50.5270 INFO Get User Success :newswadeshi_dis
2021-09-15 11:09:11.6725 INFO Get User Success :108-New Swadeshi Distillery Unit
2021-09-15 11:14:51.5680 INFO Get User Success :108-New Swadeshi Distillery Unit
2021-09-15 11:15:27.7958 INFO Get User Success :108-New Swadeshi Distillery Unit
2021-09-15 11:16:01.6398 INFO Get User Success :108-New Swadeshi Distillery Unit
2021-09-15 11:19:17.6565 INFO Get User Success :108-New Swadeshi Distillery Unit
2021-09-15 11:19:17.6565 INFO Get Indent List Success
2021-09-15 11:19:17.6565 INFO Get Product Type Master List Success
2021-09-15 11:19:17.6655 INFO Get User Success :newswadeshi_dis
2021-09-15 11:19:21.8724 INFO Get User Success :108-New Swadeshi Distillery Unit
2021-09-15 11:19:21.8724 INFO Get Allotment List Success
2021-09-15 11:19:21.8834 INFO Get Product Type Master List Success
2021-09-15 11:19:21.8834 INFO Get User Success :newswadeshi_dis
2021-09-15 11:19:31.9484 INFO Get User Success :108-New Swadeshi Distillery Unit
2021-09-15 11:19:31.9484 INFO Get Allotment List Success
2021-09-15 11:20:53.7188 INFO Get User Success :108-New Swadeshi Distillery Unit
2021-09-15 11:20:56.0503 INFO Get User Success :108-New Swadeshi Distillery Unit
2021-09-15 11:21:17.7095 INFO Get User Success :108-New Swadeshi Distillery Unit
2021-09-15 11:21:17.7212 INFO Get RR List Success
2021-09-15 11:21:17.7391 INFO Get Product Type Master List Success
2021-09-15 11:21:17.7446 INFO Get User Success :newswadeshi_dis
2021-09-15 11:21:18.1942 INFO Get User Success :108-New Swadeshi Distillery Unit
2021-09-15 11:21:18.2044 INFO Get RR List Success
2021-09-15 11:21:18.2044 INFO Get Product Type Master List Success
2021-09-15 11:21:18.2154 INFO Get User Success :newswadeshi_dis
2021-09-15 11:21:34.0798 INFO Get User Success :108-New Swadeshi Distillery Unit
2021-09-15 11:22:16.4922 INFO Get User Success :108-New Swadeshi Distillery Unit
2021-09-15 11:26:42.9571 INFO Get User Success :108-New Swadeshi Distillery Unit
2021-09-15 11:26:50.1090 INFO Get User Success :108-New Swadeshi Distillery Unit
2021-09-15 11:26:50.1090 INFO Get RR List Success
2021-09-15 11:26:50.1090 INFO Get Product Type Master List Success
2021-09-15 11:26:50.1219 INFO Get User Success :newswadeshi_dis
2021-09-15 11:26:53.5071 INFO Get User Success :108-New Swadeshi Distillery Unit
2021-09-15 11:26:53.5091 INFO Get Indent List Success
2021-09-15 11:26:53.5091 INFO Get Product Type Master List Success
2021-09-15 11:26:53.5091 INFO Get User Success :newswadeshi_dis
2021-09-15 11:29:12.5939 INFO Get User Success :108-New Swadeshi Distillery Unit
2021-09-15 11:29:12.5939 INFO Get Allotment List Success
2021-09-15 11:29:12.6029 INFO Get Product Type Master List Success
2021-09-15 11:29:12.6029 INFO Get User Success :newswadeshi_dis
2021-09-15 11:29:20.0192 INFO Get User Success :108-New Swadeshi Distillery Unit
2021-09-15 11:29:35.5684 INFO Get User Success :108-New Swadeshi Distillery Unit
2021-09-15 11:29:35.5714 INFO Get Indent List Success
2021-09-15 11:29:35.5714 INFO Get Product Type Master List Success
2021-09-15 11:29:35.5714 INFO Get User Success :newswadeshi_dis
2021-09-15 11:29:37.8193 INFO Get User Success :108-New Swadeshi Distillery Unit
2021-09-15 11:29:37.8255 INFO Get RR List Success
2021-09-15 11:29:37.8255 INFO Get Product Type Master List Success
2021-09-15 11:29:37.8255 INFO Get User Success :newswadeshi_dis
2021-09-15 11:29:41.9072 INFO Get User Success :108-New Swadeshi Distillery Unit
2021-09-15 11:31:44.0579 INFO Get User Success :108-New Swadeshi Distillery Unit
2021-09-15 11:31:44.1598 INFO Get User Success :108-New Swadeshi Distillery Unit
2021-09-15 11:31:44.2116 INFO Get Product Type Master List Success
2021-09-15 11:31:44.2116 INFO Get User Success :newswadeshi_dis
2021-09-15 11:31:49.1210 INFO Get User Success :108-New Swadeshi Distillery Unit
2021-09-15 11:31:49.1357 INFO Get RR List Success
2021-09-15 11:31:49.1835 INFO Get Product Type Master List Success
2021-09-15 11:31:49.1835 INFO Get User Success :newswadeshi_dis
2021-09-15 11:31:59.6792 INFO Get User Success :108-New Swadeshi Distillery Unit
2021-09-15 11:32:16.5326 INFO Get User Success :108-New Swadeshi Distillery Unit
2021-09-15 11:33:21.3888 INFO Get User Success :108-New Swadeshi Distillery Unit
2021-09-15 11:35:20.9564 INFO Get User Success :108-New Swadeshi Distillery Unit
2021-09-15 11:43:28.7609 INFO Get User Success :108-New Swadeshi Distillery Unit
2021-09-15 11:43:32.1074 INFO Get User Success :108-New Swadeshi Distillery Unit
2021-09-15 11:43:32.1579 INFO Get Product Type Master List Success
2021-09-15 11:43:32.1668 INFO Get User Success :newswadeshi_dis
2021-09-15 11:43:42.6094 INFO Get User Success :108-New Swadeshi Distillery Unit
2021-09-15 11:43:42.6199 INFO Get RR List Success
2021-09-15 11:43:42.6667 INFO Get Product Type Master List Success
2021-09-15 11:43:42.6667 INFO Get User Success :newswadeshi_dis
2021-09-15 11:44:01.5375 INFO Get User Success :108-New Swadeshi Distillery Unit
2021-09-15 11:44:01.5452 INFO Get RR List Success
2021-09-15 11:44:29.6041 INFO Get User Success :108-New Swadeshi Distillery Unit
2021-09-15 11:44:29.6041 INFO Get RR List Success
2021-09-15 11:44:56.9528 INFO Get User Success :108-New Swadeshi Distillery Unit
2021-09-15 11:45:20.5484 INFO Get User Success :108-New Swadeshi Distillery Unit
2021-09-15 12:00:49.3081 INFO Get User Success :108-New Swadeshi Distillery Unit
2021-09-15 12:00:49.4128 INFO Get User Success :108-New Swadeshi Distillery Unit
2021-09-15 12:00:49.4632 INFO Get Product Type Master List Success
2021-09-15 12:00:49.4632 INFO Get User Success :newswadeshi_dis
2021-09-15 12:00:54.0291 INFO Get User Success :108-New Swadeshi Distillery Unit
2021-09-15 12:00:54.0404 INFO Get RR List Success
2021-09-15 12:00:54.0883 INFO Get Product Type Master List Success
2021-09-15 12:00:54.0883 INFO Get User Success :newswadeshi_dis
2021-09-15 12:01:01.3288 INFO Get User Success :108-New Swadeshi Distillery Unit
2021-09-15 12:01:14.2749 INFO Get User Success :108-New Swadeshi Distillery Unit
2021-09-15 12:01:23.3946 INFO Get User Success :108-New Swadeshi Distillery Unit
2021-09-15 12:01:39.6584 INFO Get User Success :108-New Swadeshi Distillery Unit
2021-09-15 12:01:39.6660 INFO Get RR List Success
2021-09-15 12:01:55.4228 INFO Get User Success :108-New Swadeshi Distillery Unit
2021-09-15 12:01:55.4228 INFO Get RR List Success
2021-09-15 12:02:30.5940 INFO Get User Success :108-New Swadeshi Distillery Unit
2021-09-15 12:05:26.0942 INFO Get User Success :108-New Swadeshi Distillery Unit
2021-09-15 12:05:26.0942 INFO Get RR List Success
2021-09-15 12:05:37.2575 INFO Get User Success :108-New Swadeshi Distillery Unit
2021-09-15 12:05:54.5319 INFO Get User Success :108-New Swadeshi Distillery Unit
2021-09-15 12:05:54.5319 INFO Get RR List Success
2021-09-15 12:06:16.7975 INFO Get User Success :108-New Swadeshi Distillery Unit
2021-09-15 12:06:31.7621 INFO Get RR List Success
2021-09-15 12:09:13.6596 INFO Get User Success :108-New Swadeshi Distillery Unit
2021-09-15 12:09:15.0870 INFO Get RR List Success
2021-09-15 12:09:59.0041 INFO Get User Success :108-New Swadeshi Distillery Unit
2021-09-15 12:09:59.0672 INFO Get RR List Success
2021-09-15 12:09:59.0852 INFO Get Product Type Master List Success
2021-09-15 12:09:59.0912 INFO Get User Success :newswadeshi_dis
2021-09-15 12:10:05.1480 INFO Get User Success :108-New Swadeshi Distillery Unit
2021-09-15 12:17:12.0911 INFO Get User Success :108-New Swadeshi Distillery Unit
2021-09-15 12:17:12.0911 INFO Get RR List Success
2021-09-15 12:17:12.0911 INFO Get Product Type Master List Success
2021-09-15 12:17:12.1041 INFO Get User Success :newswadeshi_dis
2021-09-15 12:17:13.2305 INFO Get User Success :108-New Swadeshi Distillery Unit
2021-09-15 12:17:13.2773 INFO Get RR List Success
2021-09-15 12:17:13.2773 INFO Get Product Type Master List Success
2021-09-15 12:17:13.2773 INFO Get User Success :newswadeshi_dis
2021-09-15 12:17:19.0042 INFO Get User Success :108-New Swadeshi Distillery Unit
2021-09-15 12:17:34.7873 INFO Get User Success :108-New Swadeshi Distillery Unit
2021-09-15 12:26:54.5492 INFO Get User Success :108-New Swadeshi Distillery Unit
2021-09-15 12:26:54.6559 INFO Get User Success :108-New Swadeshi Distillery Unit
2021-09-15 12:26:54.7200 INFO Get Product Type Master List Success
2021-09-15 12:26:54.7298 INFO Get User Success :newswadeshi_dis
2021-09-15 12:27:05.7153 INFO Get User Success :108-New Swadeshi Distillery Unit
2021-09-15 12:27:05.7153 INFO Get RR List Success
2021-09-15 12:27:05.7726 INFO Get Product Type Master List Success
2021-09-15 12:27:05.7781 INFO Get User Success :newswadeshi_dis
2021-09-15 12:27:11.2793 INFO Get User Success :108-New Swadeshi Distillery Unit
2021-09-15 12:27:11.3406 INFO Get RR List Success
2021-09-15 12:27:11.3596 INFO Get Product Type Master List Success
2021-09-15 12:27:11.3596 INFO Get User Success :newswadeshi_dis
2021-09-15 12:27:18.6140 INFO Get User Success :108-New Swadeshi Distillery Unit
2021-09-15 12:28:59.8068 INFO Get User Success :108-New Swadeshi Distillery Unit
2021-09-15 12:30:19.7184 INFO Get User Success :108-New Swadeshi Distillery Unit
2021-09-15 12:30:19.8204 INFO Get User Success :108-New Swadeshi Distillery Unit
2021-09-15 12:30:19.8696 INFO Get Product Type Master List Success
2021-09-15 12:30:19.8696 INFO Get User Success :newswadeshi_dis
2021-09-15 12:30:27.1350 INFO Get User Success :108-New Swadeshi Distillery Unit
2021-09-15 12:30:27.1350 INFO Get RR List Success
2021-09-15 12:30:27.1953 INFO Get Product Type Master List Success
2021-09-15 12:30:27.2004 INFO Get User Success :newswadeshi_dis
2021-09-15 12:30:40.2290 INFO Get User Success :108-New Swadeshi Distillery Unit
2021-09-15 12:30:40.2907 INFO Get RR List Success
2021-09-15 12:30:40.3099 INFO Get Product Type Master List Success
2021-09-15 12:30:40.3099 INFO Get User Success :newswadeshi_dis
2021-09-15 12:30:48.0087 INFO Get User Success :108-New Swadeshi Distillery Unit
2021-09-15 12:33:51.6561 INFO Get User Success :108-New Swadeshi Distillery Unit
2021-09-15 12:36:00.4396 INFO Get User Success :108-New Swadeshi Distillery Unit
2021-09-15 12:36:00.5420 INFO Get User Success :108-New Swadeshi Distillery Unit
2021-09-15 12:36:00.6059 INFO Get Product Type Master List Success
2021-09-15 12:36:00.6059 INFO Get User Success :newswadeshi_dis
2021-09-15 12:36:06.8321 INFO Get User Success :108-New Swadeshi Distillery Unit
2021-09-15 12:36:06.8431 INFO Get RR List Success
2021-09-15 12:36:06.8930 INFO Get Product Type Master List Success
2021-09-15 12:36:06.9010 INFO Get User Success :newswadeshi_dis
2021-09-15 12:36:12.7324 INFO Get User Success :108-New Swadeshi Distillery Unit
2021-09-15 12:36:12.7923 INFO Get RR List Success
2021-09-15 12:36:12.8107 INFO Get Product Type Master List Success
2021-09-15 12:36:12.8107 INFO Get User Success :newswadeshi_dis
2021-09-15 12:36:19.0311 INFO Get User Success :108-New Swadeshi Distillery Unit
2021-09-15 12:41:23.2805 INFO Get User Success :108-New Swadeshi Distillery Unit
2021-09-15 12:41:23.3844 INFO Get User Success :108-New Swadeshi Distillery Unit
2021-09-15 12:41:23.4411 INFO Get Product Type Master List Success
2021-09-15 12:41:23.4512 INFO Get User Success :newswadeshi_dis
2021-09-15 12:41:28.0321 INFO Get User Success :108-New Swadeshi Distillery Unit
2021-09-15 12:41:28.0447 INFO Get RR List Success
2021-09-15 12:41:28.0973 INFO Get Product Type Master List Success
2021-09-15 12:41:28.1023 INFO Get User Success :newswadeshi_dis
2021-09-15 12:41:29.2642 INFO Get User Success :108-New Swadeshi Distillery Unit
2021-09-15 12:41:29.3210 INFO Get RR List Success
2021-09-15 12:41:29.3409 INFO Get Product Type Master List Success
2021-09-15 12:41:29.3409 INFO Get User Success :newswadeshi_dis
2021-09-15 12:41:34.4152 INFO Get User Success :108-New Swadeshi Distillery Unit
2021-09-15 12:41:35.8280 INFO Get RR List Success
2021-09-15 12:41:47.9242 INFO Get User Success :108-New Swadeshi Distillery Unit
2021-09-15 12:41:49.6068 INFO Get RR List Success
2021-09-15 12:41:58.0610 INFO Get User Success :108-New Swadeshi Distillery Unit
2021-09-15 12:43:18.1368 INFO Get RR List Success
2021-09-15 12:43:20.6540 INFO Get User Success :108-New Swadeshi Distillery Unit
2021-09-15 12:43:21.3277 INFO Get RR List Success
2021-09-15 12:43:32.7100 INFO Get User Success :108-New Swadeshi Distillery Unit
2021-09-15 12:43:41.9582 INFO Get RR List Success
2021-09-15 12:51:13.4954 INFO Get User Success :108-New Swadeshi Distillery Unit
2021-09-15 12:51:13.6022 INFO Get User Success :108-New Swadeshi Distillery Unit
2021-09-15 12:51:13.6532 INFO Get Product Type Master List Success
2021-09-15 12:51:13.6532 INFO Get User Success :newswadeshi_dis
2021-09-15 12:51:16.3044 INFO Get User Success :108-New Swadeshi Distillery Unit
2021-09-15 12:51:16.3153 INFO Get RR List Success
2021-09-15 12:51:16.3672 INFO Get Product Type Master List Success
2021-09-15 12:51:16.3672 INFO Get User Success :newswadeshi_dis
2021-09-15 12:51:17.1957 INFO Get User Success :108-New Swadeshi Distillery Unit
2021-09-15 12:51:17.2560 INFO Get RR List Success
2021-09-15 12:51:18.4261 INFO Get Product Type Master List Success
2021-09-15 12:51:18.4321 INFO Get User Success :newswadeshi_dis
2021-09-15 12:51:28.8415 INFO Get User Success :108-New Swadeshi Distillery Unit
2021-09-15 12:51:30.3455 INFO Get RR List Success
2021-09-15 12:51:40.6776 INFO Get User Success :108-New Swadeshi Distillery Unit
2021-09-15 12:51:40.7293 INFO Get RR List Success
2021-09-15 12:52:04.9033 INFO Get User Success :108-New Swadeshi Distillery Unit
2021-09-15 12:52:04.9532 INFO Get RR List Success
2021-09-15 12:52:14.4927 INFO Get User Success :108-New Swadeshi Distillery Unit
2021-09-15 12:52:15.5671 INFO Get RR List Success
2021-09-15 12:52:31.5468 INFO Get User Success :108-New Swadeshi Distillery Unit
2021-09-15 12:52:32.9973 INFO Get RR List Success
2021-09-15 12:52:43.8787 INFO Get User Success :108-New Swadeshi Distillery Unit
2021-09-15 12:52:45.0314 INFO Get RR List Success
2021-09-15 12:52:52.3260 INFO Get User Success :108-New Swadeshi Distillery Unit
2021-09-15 12:54:57.2657 INFO Get RR List Success
2021-09-15 12:55:16.4952 INFO Get User Success :108-New Swadeshi Distillery Unit
2021-09-15 12:55:17.8563 INFO Get RR List Success
2021-09-15 12:55:23.5464 INFO Get User Success :108-New Swadeshi Distillery Unit
2021-09-15 12:55:23.5464 INFO Get Product Master List Success
2021-09-15 12:55:23.8939 INFO Get RR List Success
2021-09-15 12:55:23.9179 INFO Get Product Type Master List Success
2021-09-15 12:55:23.9179 INFO Get User Success :newswadeshi_dis
2021-09-15 12:55:33.3472 INFO Get User Success :108-New Swadeshi Distillery Unit
2021-09-15 12:56:14.1489 INFO Get User Success :108-New Swadeshi Distillery Unit
2021-09-15 13:01:48.0692 INFO Get User Success :108-New Swadeshi Distillery Unit
2021-09-15 13:01:51.4480 INFO Get User Success :108-New Swadeshi Distillery Unit
2021-09-15 13:02:00.1635 INFO Get User Success :108-New Swadeshi Distillery Unit
2021-09-15 13:02:07.1047 INFO Get User Success :108-New Swadeshi Distillery Unit
2021-09-15 13:02:08.5117 INFO Get User Success :108-New Swadeshi Distillery Unit
2021-09-15 13:02:20.8075 INFO Get User Success :108-New Swadeshi Distillery Unit
2021-09-15 13:02:34.3164 INFO Get User Success :108-New Swadeshi Distillery Unit
2021-09-15 13:03:37.8950 INFO Get User Success :108-New Swadeshi Distillery Unit
2021-09-15 13:05:55.1446 INFO Get User Success :108-New Swadeshi Distillery Unit
2021-09-15 13:10:23.2479 INFO Get User Success :108-New Swadeshi Distillery Unit
2021-09-15 13:13:57.6633 INFO Get User Success :108-New Swadeshi Distillery Unit
2021-09-15 13:14:20.3570 INFO Get User Success :108-New Swadeshi Distillery Unit
2021-09-15 13:14:20.6940 INFO Get RR List Success
2021-09-15 13:14:37.0602 INFO Get User Success :108-New Swadeshi Distillery Unit
2021-09-15 13:14:37.0959 INFO Get Product Type Master List Success
2021-09-15 13:14:37.0959 INFO Get User Success :newswadeshi_dis
2021-09-15 13:14:57.8140 INFO Get User Success :108-New Swadeshi Distillery Unit
2021-09-15 13:14:57.8210 INFO Get Indent List Success
2021-09-15 13:14:57.8390 INFO Get Product Type Master List Success
2021-09-15 13:14:57.8390 INFO Get User Success :newswadeshi_dis
2021-09-15 13:15:05.6714 INFO Get User Success :108-New Swadeshi Distillery Unit
2021-09-15 13:15:05.6804 INFO Get Allotment List Success
2021-09-15 13:15:05.7043 INFO Get Product Type Master List Success
2021-09-15 13:15:05.7043 INFO Get User Success :newswadeshi_dis
2021-09-15 13:15:14.6699 INFO Get User Success :108-New Swadeshi Distillery Unit
2021-09-15 13:15:14.6699 INFO Get RR List Success
2021-09-15 13:15:14.6699 INFO Get Product Type Master List Success
2021-09-15 13:15:14.6842 INFO Get User Success :newswadeshi_dis
2021-09-15 13:16:12.5963 INFO Get User Success :108-New Swadeshi Distillery Unit
2021-09-15 13:16:12.6063 INFO Get Product Type Master List Success
2021-09-15 13:16:12.6063 INFO Get User Success :newswadeshi_dis
2021-09-15 13:16:18.7603 INFO Get User Success :108-New Swadeshi Distillery Unit
2021-09-15 13:17:08.3092 INFO Get User Success :108-New Swadeshi Distillery Unit
2021-09-15 13:17:17.8861 INFO Get User Success :108-New Swadeshi Distillery Unit
2021-09-15 13:17:17.8861 INFO Get Product Master List Success
2021-09-15 13:17:18.2535 INFO Get RR List Success
2021-09-15 13:17:18.2535 INFO Get Product Type Master List Success
2021-09-15 13:17:18.2603 INFO Get User Success :newswadeshi_dis
2021-09-15 13:19:27.2212 INFO Get User Success :108-New Swadeshi Distillery Unit
2021-09-15 13:19:27.2301 INFO Get Product Type Master List Success
2021-09-15 13:19:27.2301 INFO Get User Success :newswadeshi_dis
2021-09-15 13:19:36.9521 INFO Get User Success :108-New Swadeshi Distillery Unit
2021-09-15 13:19:55.9476 INFO Get User Success :108-New Swadeshi Distillery Unit
2021-09-15 13:20:20.2798 INFO Get User Success :108-New Swadeshi Distillery Unit
2021-09-15 13:25:41.4637 INFO Get User Success :108-New Swadeshi Distillery Unit
2021-09-15 13:26:01.4650 INFO Get User Success :108-New Swadeshi Distillery Unit
2021-09-15 13:31:19.1934 INFO Get User Success :108-New Swadeshi Distillery Unit
2021-09-15 13:31:33.0717 INFO Get User Success :108-New Swadeshi Distillery Unit
2021-09-15 13:31:41.9837 INFO Get User Success :108-New Swadeshi Distillery Unit
2021-09-15 13:31:54.2049 INFO Get User Success :108-New Swadeshi Distillery Unit
2021-09-15 13:32:23.4207 INFO Get User Success :108-New Swadeshi Distillery Unit
2021-09-15 13:33:00.5554 INFO Get User Success :108-New Swadeshi Distillery Unit
2021-09-15 13:33:00.5803 INFO Get Product Type Master List Success
2021-09-15 13:33:00.5863 INFO Get User Success :newswadeshi_dis
2021-09-15 13:33:14.1924 INFO Get User Success :108-New Swadeshi Distillery Unit
2021-09-15 13:33:23.0989 INFO Get User Success :108-New Swadeshi Distillery Unit
2021-09-15 13:33:43.9432 INFO Get User Success :108-New Swadeshi Distillery Unit
2021-09-15 13:33:51.7926 INFO Get User Success :108-New Swadeshi Distillery Unit
2021-09-15 13:36:24.0553 INFO Get User Success :108-New Swadeshi Distillery Unit
2021-09-15 13:36:24.0784 INFO Get Product Type Master List Success
2021-09-15 13:36:24.0784 INFO Get User Success :newswadeshi_dis
2021-09-15 13:36:37.7447 INFO Get User Success :108-New Swadeshi Distillery Unit
2021-09-15 13:36:47.7348 INFO Get User Success :108-New Swadeshi Distillery Unit
2021-09-15 13:37:02.0019 INFO Get User Success :108-New Swadeshi Distillery Unit
2021-09-15 13:37:12.9138 INFO Get User Success :108-New Swadeshi Distillery Unit
2021-09-15 14:05:34.4847 INFO Get User Success :108-New Swadeshi Distillery Unit
2021-09-15 14:05:34.5146 INFO Get Pass List Success
2021-09-15 14:05:34.5362 INFO Get Product Type Master List Success
2021-09-15 14:05:34.5416 INFO Get User Success :newswadeshi_dis
2021-09-15 14:06:08.8541 INFO Get User Success :108-New Swadeshi Distillery Unit
2021-09-15 14:06:15.1891 INFO Get User Success :108-New Swadeshi Distillery Unit
2021-09-15 14:10:12.3558 INFO Get Pass List Success
2021-09-15 14:10:22.2251 INFO Get User Success :108-New Swadeshi Distillery Unit
2021-09-15 14:11:06.9630 INFO Get User Success :108-New Swadeshi Distillery Unit
2021-09-15 14:11:15.1698 INFO Get User Success :108-New Swadeshi Distillery Unit
2021-09-15 14:24:54.9186 INFO Get User Success :108-New Swadeshi Distillery Unit
2021-09-15 14:24:55.0247 INFO Get User Success :108-New Swadeshi Distillery Unit
2021-09-15 14:24:55.0925 INFO Get Product Type Master List Success
2021-09-15 14:24:55.1025 INFO Get User Success :newswadeshi_dis
2021-09-15 14:25:00.4498 INFO Get User Success :108-New Swadeshi Distillery Unit
2021-09-15 14:25:00.5082 INFO Get Product Type Master List Success
2021-09-15 14:25:00.5082 INFO Get User Success :newswadeshi_dis
2021-09-15 14:25:02.5778 INFO Get User Success :108-New Swadeshi Distillery Unit
2021-09-15 14:25:02.6024 INFO Get Pass List Success
2021-09-15 14:25:02.6233 INFO Get Product Type Master List Success
2021-09-15 14:25:02.6233 INFO Get User Success :newswadeshi_dis
2021-09-15 14:25:14.5106 INFO Get User Success :108-New Swadeshi Distillery Unit
2021-09-15 14:25:28.2076 INFO Get User Success :108-New Swadeshi Distillery Unit
2021-09-15 14:25:44.1216 INFO Get User Success :108-New Swadeshi Distillery Unit
2021-09-15 14:25:54.5878 INFO Get User Success :108-New Swadeshi Distillery Unit
2021-09-15 14:26:04.3287 INFO Get User Success :108-New Swadeshi Distillery Unit
2021-09-15 14:26:26.0719 INFO Get User Success :108-New Swadeshi Distillery Unit
2021-09-15 14:26:26.0928 INFO Get Pass List Success
2021-09-15 14:27:26.7085 INFO Get User Success :108-New Swadeshi Distillery Unit
2021-09-15 14:27:32.9877 INFO Get Pass List Success
2021-09-15 14:28:52.7219 INFO Get User Success :108-New Swadeshi Distillery Unit
2021-09-15 14:28:55.5972 INFO Get Pass List Success
2021-09-15 14:32:47.7075 INFO Get User Success :108-New Swadeshi Distillery Unit
2021-09-15 14:32:49.0847 INFO Get Pass List Success
2021-09-15 14:33:10.0596 INFO Get User Success :108-New Swadeshi Distillery Unit
2021-09-15 14:33:13.3239 INFO Get Pass List Success
2021-09-15 14:34:54.1464 INFO Get User Success :108-New Swadeshi Distillery Unit
2021-09-15 14:34:54.1853 INFO Get User Success :108-New Swadeshi Distillery Unit
2021-09-15 14:34:54.2072 INFO Get Product Type Master List Success
2021-09-15 14:34:54.2122 INFO Get User Success :newswadeshi_dis
2021-09-15 14:34:58.2991 INFO Get User Success :108-New Swadeshi Distillery Unit
2021-09-15 14:34:58.3083 INFO Get Product Type Master List Success
2021-09-15 14:34:58.3083 INFO Get User Success :newswadeshi_dis
2021-09-15 14:34:59.4859 INFO Get User Success :108-New Swadeshi Distillery Unit
2021-09-15 14:34:59.5049 INFO Get Pass List Success
2021-09-15 14:34:59.5049 INFO Get Product Type Master List Success
2021-09-15 14:34:59.5126 INFO Get User Success :newswadeshi_dis
2021-09-15 14:35:09.8611 INFO Get User Success :108-New Swadeshi Distillery Unit
2021-09-15 14:35:29.7212 INFO Get User Success :108-New Swadeshi Distillery Unit
2021-09-15 14:35:47.1123 INFO Get User Success :108-New Swadeshi Distillery Unit
2021-09-15 14:35:50.1690 INFO Get Pass List Success
2021-09-15 14:37:09.6595 INFO Get Pass List Success
2021-09-15 14:37:15.5892 INFO Get User Success :108-New Swadeshi Distillery Unit
2021-09-15 14:37:16.7704 INFO Get Pass List Success
2021-09-15 14:38:07.7248 INFO Get Pass List Success
2021-09-15 14:38:28.8779 INFO Get User Success :108-New Swadeshi Distillery Unit
2021-09-15 14:38:30.1490 INFO Get Pass List Success
2021-09-15 14:39:15.3942 INFO Get Pass List Success
2021-09-15 14:39:35.2366 INFO Get User Success :108-New Swadeshi Distillery Unit
2021-09-15 14:39:38.5238 INFO Get Pass List Success
2021-09-15 14:45:36.1568 INFO Get Pass List Success
2021-09-15 14:45:50.2538 INFO Get User Success :108-New Swadeshi Distillery Unit
2021-09-15 14:46:01.0399 INFO Get Pass List Success
2021-09-15 14:54:03.1580 INFO Get User Success :108-New Swadeshi Distillery Unit
2021-09-15 14:54:14.8926 INFO Get Pass List Success
2021-09-15 14:55:20.7031 INFO Get Pass List Success
2021-09-15 14:55:40.2666 INFO Get User Success :108-New Swadeshi Distillery Unit
2021-09-15 14:55:42.7636 INFO Get Pass List Success
2021-09-15 14:57:45.8401 INFO Get Pass List Success
2021-09-15 14:58:03.6691 INFO Get User Success :108-New Swadeshi Distillery Unit
2021-09-15 14:58:04.9950 INFO Get Pass List Success
2021-09-15 15:00:24.7392 INFO Get Pass List Success
2021-09-15 15:00:44.1439 INFO Get Pass List Success
2021-09-15 15:00:48.9931 INFO Get Pass List Success
2021-09-15 15:07:23.6394 INFO Get Pass List Success
2021-09-15 15:07:27.7843 INFO Get User Success :108-New Swadeshi Distillery Unit
2021-09-15 15:09:18.9989 INFO Get Pass List Success
2021-09-15 15:09:34.6908 INFO Get User Success :111-New Swadeshi Sugar Mills
2021-09-15 15:09:34.7287 INFO Get User Success :111-New Swadeshi Sugar Mills
2021-09-15 15:09:34.7527 INFO Get Product Type Master List Success
2021-09-15 15:09:34.7587 INFO Get User Success :newswadeshi_sgr
2021-09-15 15:09:48.6222 INFO Get User Success :111-New Swadeshi Sugar Mills
2021-09-15 15:09:48.6335 INFO Get RR List Success
2021-09-15 15:09:48.6335 INFO Get Product Type Master List Success
2021-09-15 15:09:48.6335 INFO Get User Success :newswadeshi_sgr
2021-09-15 15:10:04.8737 INFO Get User Success :111-New Swadeshi Sugar Mills
2021-09-15 15:10:04.9314 INFO Get RR List Success
2021-09-15 15:10:04.9314 INFO Get Product Type Master List Success
2021-09-15 15:10:04.9314 INFO Get User Success :newswadeshi_sgr
2021-09-15 15:25:39.3919 INFO Get User Success :111-New Swadeshi Sugar Mills
2021-09-15 15:25:39.4937 INFO Get User Success :111-New Swadeshi Sugar Mills
2021-09-15 15:25:39.5436 INFO Get Product Type Master List Success
2021-09-15 15:25:39.5436 INFO Get User Success :newswadeshi_sgr
2021-09-15 15:58:02.0753 INFO Get User Success :111-New Swadeshi Sugar Mills
2021-09-15 15:58:02.1759 INFO Get User Success :111-New Swadeshi Sugar Mills
2021-09-15 15:58:02.2276 INFO Get Product Type Master List Success
2021-09-15 15:58:02.2276 INFO Get User Success :newswadeshi_sgr
2021-09-15 16:00:37.7930 INFO Get User Success :111-New Swadeshi Sugar Mills
2021-09-15 16:00:45.8803 INFO Get User Success :111-New Swadeshi Sugar Mills
2021-09-15 16:00:45.9342 INFO Get Product Type Master List Success
2021-09-15 16:00:45.9342 INFO Get User Success :newswadeshi_sgr
2021-09-15 16:17:41.3164 INFO Get User Success :111-New Swadeshi Sugar Mills
2021-09-15 16:17:41.4279 INFO Get User Success :111-New Swadeshi Sugar Mills
2021-09-15 16:17:41.4777 INFO Get Product Type Master List Success
2021-09-15 16:17:41.4777 INFO Get User Success :newswadeshi_sgr
2021-09-15 16:17:50.3540 INFO Get User Success :111-New Swadeshi Sugar Mills
2021-09-15 16:17:50.3540 INFO Get MF2 List Success
2021-09-15 16:17:50.3982 INFO Get Product Type Master List Success
2021-09-15 16:17:50.4052 INFO Get User Success :newswadeshi_sgr
2021-09-15 16:20:05.0402 INFO Get User Success :111-New Swadeshi Sugar Mills
2021-09-15 16:20:05.1423 INFO Get User Success :111-New Swadeshi Sugar Mills
2021-09-15 16:20:05.1933 INFO Get Product Type Master List Success
2021-09-15 16:20:05.2027 INFO Get User Success :newswadeshi_sgr
2021-09-15 16:20:09.4100 INFO Get User Success :111-New Swadeshi Sugar Mills
2021-09-15 16:20:09.4260 INFO Get MF2 List Success
2021-09-15 16:20:09.4659 INFO Get Product Type Master List Success
2021-09-15 16:20:09.4659 INFO Get User Success :newswadeshi_sgr
2021-09-15 16:20:13.6184 INFO Get User Success :111-New Swadeshi Sugar Mills
2021-09-15 16:20:13.6184 INFO Get MF3 List Success
2021-09-15 16:20:13.6184 INFO Get Product Type Master List Success
2021-09-15 16:20:13.6184 INFO Get User Success :newswadeshi_sgr
2021-09-15 16:20:17.8321 INFO Get User Success :111-New Swadeshi Sugar Mills
2021-09-15 16:20:17.8321 INFO Get MF2 List Success
2021-09-15 16:20:17.8321 INFO Get Product Type Master List Success
2021-09-15 16:20:17.8411 INFO Get User Success :newswadeshi_sgr
2021-09-15 16:21:09.0815 INFO Get User Success :111-New Swadeshi Sugar Mills
2021-09-15 16:21:09.0815 INFO Get MF3 List Success
2021-09-15 16:21:09.0815 INFO Get Product Type Master List Success
2021-09-15 16:21:09.0905 INFO Get User Success :newswadeshi_sgr
2021-09-15 16:30:11.5744 INFO Get User Success :108-New Swadeshi Distillery Unit
2021-09-15 16:30:11.6750 INFO Get User Success :108-New Swadeshi Distillery Unit
2021-09-15 16:30:11.7502 INFO Get Product Type Master List Success
2021-09-15 16:30:11.7598 INFO Get User Success :newswadeshi_dis
2021-09-15 16:30:14.2235 INFO Get User Success :108-New Swadeshi Distillery Unit
2021-09-15 16:30:14.3100 INFO Get Product Type Master List Success
2021-09-15 16:30:14.3100 INFO Get User Success :newswadeshi_dis
2021-09-15 16:30:17.1111 INFO Get User Success :108-New Swadeshi Distillery Unit
2021-09-15 16:30:17.1329 INFO Get Product Type Master List Success
2021-09-15 16:30:17.1329 INFO Get User Success :newswadeshi_dis
2021-09-15 16:48:58.7501 INFO Get User Success :108-New Swadeshi Distillery Unit
2021-09-15 16:48:58.8530 INFO Get User Success :108-New Swadeshi Distillery Unit
2021-09-15 16:48:58.9022 INFO Get Product Type Master List Success
2021-09-15 16:48:58.9022 INFO Get User Success :newswadeshi_dis
2021-09-15 16:49:01.5935 INFO Get User Success :108-New Swadeshi Distillery Unit
2021-09-15 16:49:01.6775 INFO Get Product Type Master List Success
2021-09-15 16:49:01.6834 INFO Get User Success :newswadeshi_dis
2021-09-15 16:49:04.0049 INFO Get User Success :108-New Swadeshi Distillery Unit
2021-09-15 16:49:04.0252 INFO Get Product Type Master List Success
2021-09-15 16:49:04.0252 INFO Get User Success :newswadeshi_dis
2021-09-15 16:49:06.7702 INFO Get User Success :108-New Swadeshi Distillery Unit
2021-09-15 16:49:06.7839 INFO Get Product Type Master List Success
2021-09-15 16:49:06.7894 INFO Get User Success :newswadeshi_dis
2021-09-15 16:49:09.5755 INFO Get User Success :108-New Swadeshi Distillery Unit
2021-09-15 16:49:09.5755 INFO Get Product Type Master List Success
2021-09-15 16:49:09.5755 INFO Get User Success :newswadeshi_dis
2021-09-15 16:49:11.6048 INFO Get User Success :108-New Swadeshi Distillery Unit
2021-09-15 16:49:11.6048 INFO Get Product Type Master List Success
2021-09-15 16:49:11.6048 INFO Get User Success :newswadeshi_dis
2021-09-15 16:50:05.8708 INFO Get User Success :108-New Swadeshi Distillery Unit
2021-09-15 16:50:05.8708 INFO Get Product Type Master List Success
2021-09-15 16:50:05.8708 INFO Get User Success :newswadeshi_dis
2021-09-15 16:50:09.4720 INFO Get User Success :108-New Swadeshi Distillery Unit
2021-09-15 16:50:09.4780 INFO Get Product Type Master List Success
2021-09-15 16:50:09.4780 INFO Get User Success :newswadeshi_dis
2021-09-15 16:50:40.3916 INFO Get User Success :108-New Swadeshi Distillery Unit
2021-09-15 16:50:40.3985 INFO Get Product Type Master List Success
2021-09-15 16:50:40.3985 INFO Get User Success :newswadeshi_dis
2021-09-15 16:50:42.3750 INFO Get User Success :108-New Swadeshi Distillery Unit
2021-09-15 16:50:42.3750 INFO Get Product Type Master List Success
2021-09-15 16:50:42.3840 INFO Get User Success :newswadeshi_dis
2021-09-15 16:50:45.2228 INFO Get User Success :108-New Swadeshi Distillery Unit
2021-09-15 16:50:45.2534 INFO Get Product Type Master List Success
2021-09-15 16:50:45.2620 INFO Get User Success :newswadeshi_dis
2021-09-15 16:50:54.7167 INFO Get User Success :108-New Swadeshi Distillery Unit
2021-09-15 16:50:54.7167 INFO Get Product Type Master List Success
2021-09-15 16:50:54.7267 INFO Get User Success :newswadeshi_dis
2021-09-15 16:50:56.6470 INFO Get User Success :108-New Swadeshi Distillery Unit
2021-09-15 16:50:56.6649 INFO Get Product Type Master List Success
2021-09-15 16:50:56.6649 INFO Get User Success :newswadeshi_dis
2021-09-15 16:51:02.2903 INFO Get User Success :108-New Swadeshi Distillery Unit
2021-09-15 16:51:02.2903 INFO Get Product Type Master List Success
2021-09-15 16:51:02.2903 INFO Get User Success :newswadeshi_dis
2021-09-15 16:51:04.3162 INFO Get User Success :108-New Swadeshi Distillery Unit
2021-09-15 16:51:04.3319 INFO Get Product Type Master List Success
2021-09-15 16:51:04.3373 INFO Get User Success :newswadeshi_dis
2021-09-15 16:51:09.8010 INFO Get User Success :108-New Swadeshi Distillery Unit
2021-09-15 16:51:09.8049 INFO Get Product Type Master List Success
2021-09-15 16:51:09.8049 INFO Get User Success :newswadeshi_dis
2021-09-15 16:51:13.9998 INFO Get User Success :108-New Swadeshi Distillery Unit
2021-09-15 16:51:14.0127 INFO Get Product Type Master List Success
2021-09-15 16:51:14.0127 INFO Get User Success :newswadeshi_dis
2021-09-15 16:51:21.0758 INFO Get User Success :108-New Swadeshi Distillery Unit
2021-09-15 16:51:21.0758 INFO Get Product Type Master List Success
2021-09-15 16:51:21.0758 INFO Get User Success :newswadeshi_dis
2021-09-15 16:51:35.9028 INFO Get User Success :108-New Swadeshi Distillery Unit
2021-09-15 16:51:35.9028 INFO Get Product Type Master List Success
2021-09-15 16:51:35.9028 INFO Get User Success :newswadeshi_dis
2021-09-15 16:51:40.5192 INFO Get User Success :108-New Swadeshi Distillery Unit
2021-09-15 16:51:40.5192 INFO Get Product Type Master List Success
2021-09-15 16:51:40.5281 INFO Get User Success :newswadeshi_dis
2021-09-15 16:51:43.9237 INFO Get User Success :108-New Swadeshi Distillery Unit
2021-09-15 16:51:43.9237 INFO Get Product Type Master List Success
2021-09-15 16:51:43.9346 INFO Get User Success :newswadeshi_dis
2021-09-15 17:16:15.0903 INFO Get User Success :108-New Swadeshi Distillery Unit
2021-09-15 17:16:15.1965 INFO Get User Success :108-New Swadeshi Distillery Unit
2021-09-15 17:16:15.2496 INFO Get Product Type Master List Success
2021-09-15 17:16:15.2612 INFO Get User Success :newswadeshi_dis
2021-09-15 17:16:44.0698 INFO Get User Success :108-New Swadeshi Distillery Unit
2021-09-15 17:16:44.1542 INFO Get Product Type Master List Success
2021-09-15 17:16:44.1542 INFO Get User Success :newswadeshi_dis
2021-09-15 17:16:46.9753 INFO Get User Success :108-New Swadeshi Distillery Unit
2021-09-15 17:16:46.9963 INFO Get Product Type Master List Success
2021-09-15 17:16:46.9963 INFO Get User Success :newswadeshi_dis
2021-09-15 17:16:50.8428 INFO Get User Success :108-New Swadeshi Distillery Unit
2021-09-15 17:16:50.8912 INFO Get Product Type Master List Success
2021-09-15 17:16:50.8912 INFO Get User Success :newswadeshi_dis
2021-09-15 17:16:58.8446 INFO Get User Success :108-New Swadeshi Distillery Unit
2021-09-15 17:16:58.8446 INFO Get Product Type Master List Success
2021-09-15 17:16:58.8546 INFO Get User Success :newswadeshi_dis
2021-09-15 17:17:01.2297 INFO Get User Success :108-New Swadeshi Distillery Unit
2021-09-15 17:17:01.2297 INFO Get Product Type Master List Success
2021-09-15 17:17:01.2424 INFO Get User Success :newswadeshi_dis
2021-09-15 17:17:24.3781 INFO Get User Success :108-New Swadeshi Distillery Unit
2021-09-15 17:17:24.3781 INFO Get Product Type Master List Success
2021-09-15 17:17:24.3895 INFO Get User Success :newswadeshi_dis
2021-09-15 17:17:55.4089 INFO Get User Success :108-New Swadeshi Distillery Unit
2021-09-15 17:18:03.3565 INFO Get User Success :108-New Swadeshi Distillery Unit
2021-09-15 17:18:03.3739 INFO Get Product Type Master List Success
2021-09-15 17:18:03.3739 INFO Get User Success :newswadeshi_dis
2021-09-15 17:18:04.6935 INFO Get User Success :108-New Swadeshi Distillery Unit
2021-09-15 17:18:04.7024 INFO Get VAT Master List Success
2021-09-15 17:18:04.7184 INFO Get Product Type Master List Success
2021-09-15 17:18:04.7184 INFO Get User Success :newswadeshi_dis
2021-09-15 17:18:07.1017 INFO Get User Success :108-New Swadeshi Distillery Unit
2021-09-15 17:18:07.1235 INFO Get Product Type Master List Success
2021-09-15 17:18:07.1235 INFO Get User Success :newswadeshi_dis
2021-09-15 17:18:38.0183 INFO Get User Success :108-New Swadeshi Distillery Unit
2021-09-15 17:18:38.0183 INFO Get Product Type Master List Success
2021-09-15 17:18:38.0293 INFO Get User Success :newswadeshi_dis
2021-09-15 17:18:39.4971 INFO Get User Success :108-New Swadeshi Distillery Unit
2021-09-15 17:18:39.4971 INFO Get Product Type Master List Success
2021-09-15 17:18:39.5113 INFO Get User Success :newswadeshi_dis
2021-09-15 17:18:46.4828 INFO Get User Success :108-New Swadeshi Distillery Unit
2021-09-15 17:18:46.4987 INFO Get Product Type Master List Success
2021-09-15 17:18:46.4987 INFO Get User Success :newswadeshi_dis
2021-09-15 17:18:47.0180 INFO Get User Success :108-New Swadeshi Distillery Unit
2021-09-15 17:18:47.0180 INFO Get Product Type Master List Success
2021-09-15 17:18:47.0290 INFO Get User Success :newswadeshi_dis
2021-09-15 17:18:51.7306 INFO Get User Success :108-New Swadeshi Distillery Unit
2021-09-15 17:18:51.7306 INFO Get Product Type Master List Success
2021-09-15 17:18:51.7426 INFO Get User Success :newswadeshi_dis
2021-09-15 17:21:14.1414 INFO Get User Success :108-New Swadeshi Distillery Unit
2021-09-15 17:21:14.1414 INFO Get Product Type Master List Success
2021-09-15 17:21:14.1524 INFO Get User Success :newswadeshi_dis
2021-09-15 17:29:43.4971 INFO Get User Success :108-New Swadeshi Distillery Unit
2021-09-15 17:29:43.5184 INFO Get Product Type Master List Success
2021-09-15 17:29:43.5241 INFO Get User Success :newswadeshi_dis
2021-09-15 17:29:48.3880 INFO Get User Success :108-New Swadeshi Distillery Unit
2021-09-15 17:29:48.3880 INFO Get Product Type Master List Success
2021-09-15 17:29:48.3880 INFO Get User Success :newswadeshi_dis
2021-09-15 17:29:51.8255 INFO Get User Success :108-New Swadeshi Distillery Unit
2021-09-15 17:29:51.8407 INFO Get Product Type Master List Success
2021-09-15 17:29:51.8407 INFO Get User Success :newswadeshi_dis
2021-09-15 17:30:01.3921 INFO Get User Success :108-New Swadeshi Distillery Unit
2021-09-15 17:30:01.3921 INFO Get Product Type Master List Success
2021-09-15 17:30:01.4021 INFO Get User Success :newswadeshi_dis
2021-09-15 17:30:04.7386 INFO Get User Success :108-New Swadeshi Distillery Unit
2021-09-15 17:30:04.7541 INFO Get Product Type Master List Success
2021-09-15 17:30:04.7611 INFO Get User Success :newswadeshi_dis
2021-09-15 17:30:18.5040 INFO Get User Success :108-New Swadeshi Distillery Unit
2021-09-15 17:30:18.5090 INFO Get Product Type Master List Success
2021-09-15 17:30:18.5090 INFO Get User Success :newswadeshi_dis
2021-09-15 17:30:20.9379 INFO Get User Success :108-New Swadeshi Distillery Unit
2021-09-15 17:30:20.9379 INFO Get Product Type Master List Success
2021-09-15 17:30:20.9489 INFO Get User Success :newswadeshi_dis
2021-09-15 17:30:42.7381 INFO Get User Success :108-New Swadeshi Distillery Unit
2021-09-15 17:30:42.7430 INFO Get Product Type Master List Success
2021-09-15 17:30:42.7430 INFO Get User Success :newswadeshi_dis
2021-09-15 17:30:46.8665 INFO Get User Success :108-New Swadeshi Distillery Unit
2021-09-15 17:30:46.8725 INFO Get Product Type Master List Success
2021-09-15 17:30:46.8725 INFO Get User Success :newswadeshi_dis
2021-09-15 17:36:17.9240 INFO Get User Success :108-New Swadeshi Distillery Unit
2021-09-15 17:36:18.0272 INFO Get User Success :108-New Swadeshi Distillery Unit
2021-09-15 17:36:18.0804 INFO Get Product Type Master List Success
2021-09-15 17:36:18.0910 INFO Get User Success :newswadeshi_dis
2021-09-15 17:36:36.8975 INFO Get User Success :108-New Swadeshi Distillery Unit
2021-09-15 17:36:36.9875 INFO Get Product Type Master List Success
2021-09-15 17:36:36.9947 INFO Get User Success :newswadeshi_dis
2021-09-15 17:36:50.9143 INFO Get User Success :108-New Swadeshi Distillery Unit
2021-09-15 17:36:50.9362 INFO Get Product Type Master List Success
2021-09-15 17:36:50.9362 INFO Get User Success :newswadeshi_dis
2021-09-15 17:36:55.1647 INFO Get User Success :108-New Swadeshi Distillery Unit
2021-09-15 17:36:55.1647 INFO Get Product Type Master List Success
2021-09-15 17:36:55.1847 INFO Get User Success :newswadeshi_dis
2021-09-15 17:50:35.0438 INFO Get User Success :108-New Swadeshi Distillery Unit
2021-09-15 17:50:35.1487 INFO Get User Success :108-New Swadeshi Distillery Unit
2021-09-15 17:50:35.1986 INFO Get Product Type Master List Success
2021-09-15 17:50:35.1986 INFO Get User Success :newswadeshi_dis
2021-09-15 17:50:42.7915 INFO Get User Success :108-New Swadeshi Distillery Unit
2021-09-15 17:50:42.8758 INFO Get Product Type Master List Success
2021-09-15 17:50:42.8758 INFO Get User Success :newswadeshi_dis
2021-09-15 17:50:44.2956 INFO Get User Success :108-New Swadeshi Distillery Unit
2021-09-15 17:50:44.3171 INFO Get Product Type Master List Success
2021-09-15 17:50:44.3243 INFO Get User Success :newswadeshi_dis
2021-09-15 17:50:56.1302 INFO Get User Success :108-New Swadeshi Distillery Unit
2021-09-15 17:50:56.1456 INFO Get Product Type Master List Success
2021-09-15 17:50:56.1526 INFO Get User Success :newswadeshi_dis
2021-09-15 17:57:38.9302 INFO Get User Success :108-New Swadeshi Distillery Unit
2021-09-15 17:57:39.0393 INFO Get User Success :108-New Swadeshi Distillery Unit
2021-09-15 17:57:39.0896 INFO Get Product Type Master List Success
2021-09-15 17:57:39.0896 INFO Get User Success :newswadeshi_dis
2021-09-15 17:57:47.1399 INFO Get User Success :108-New Swadeshi Distillery Unit
2021-09-15 17:57:47.2242 INFO Get Product Type Master List Success
2021-09-15 17:57:47.2315 INFO Get User Success :newswadeshi_dis
2021-09-15 17:57:51.7472 INFO Get User Success :108-New Swadeshi Distillery Unit
2021-09-15 17:57:51.7685 INFO Get Product Type Master List Success
2021-09-15 17:57:51.7685 INFO Get User Success :newswadeshi_dis
2021-09-15 17:57:58.9872 INFO Get User Success :108-New Swadeshi Distillery Unit
2021-09-15 17:57:59.0011 INFO Get Product Type Master List Success
2021-09-15 17:57:59.0011 INFO Get User Success :newswadeshi_dis
2021-09-15 18:01:07.9274 INFO Get User Success :108-New Swadeshi Distillery Unit
2021-09-15 18:01:08.0441 INFO Get User Success :108-New Swadeshi Distillery Unit
2021-09-15 18:01:08.0930 INFO Get Product Type Master List Success
2021-09-15 18:01:08.1020 INFO Get User Success :newswadeshi_dis
2021-09-15 18:03:10.4566 INFO Get User Success :108-New Swadeshi Distillery Unit
2021-09-15 18:03:10.5686 INFO Get User Success :108-New Swadeshi Distillery Unit
2021-09-15 18:03:10.6188 INFO Get Product Type Master List Success
2021-09-15 18:03:10.6537 INFO Get User Success :newswadeshi_dis
2021-09-15 18:03:14.7907 INFO Get User Success :108-New Swadeshi Distillery Unit
2021-09-15 18:03:14.8755 INFO Get Product Type Master List Success
2021-09-15 18:03:14.8755 INFO Get User Success :newswadeshi_dis
2021-09-15 18:03:16.4244 INFO Get User Success :108-New Swadeshi Distillery Unit
2021-09-15 18:03:16.4453 INFO Get Product Type Master List Success
2021-09-15 18:03:16.4453 INFO Get User Success :newswadeshi_dis
2021-09-15 18:03:20.8332 INFO Get User Success :108-New Swadeshi Distillery Unit
2021-09-15 18:03:20.8461 INFO Get Product Type Master List Success
2021-09-15 18:03:20.8521 INFO Get User Success :newswadeshi_dis
2021-09-15 18:05:56.6499 INFO Get User Success :108-New Swadeshi Distillery Unit
2021-09-15 18:05:56.7624 INFO Get User Success :108-New Swadeshi Distillery Unit
2021-09-15 18:05:56.8198 INFO Get Product Type Master List Success
2021-09-15 18:05:56.8321 INFO Get User Success :newswadeshi_dis
2021-09-15 18:06:05.5306 INFO Get User Success :108-New Swadeshi Distillery Unit
2021-09-15 18:06:05.6139 INFO Get Product Type Master List Success
2021-09-15 18:06:05.6220 INFO Get User Success :newswadeshi_dis
2021-09-15 18:06:07.4442 INFO Get User Success :108-New Swadeshi Distillery Unit
2021-09-15 18:06:07.4666 INFO Get Product Type Master List Success
2021-09-15 18:06:07.4666 INFO Get User Success :newswadeshi_dis
2021-09-15 18:06:11.0450 INFO Get User Success :108-New Swadeshi Distillery Unit
2021-09-15 18:06:11.0590 INFO Get Product Type Master List Success
2021-09-15 18:06:11.0590 INFO Get User Success :newswadeshi_dis
