2021-09-08 11:37:44.1127 INFO Get User Success :108-New Swadeshi Distillery Unit
2021-09-08 11:37:44.7867 INFO Get User Success :108-New Swadeshi Distillery Unit
2021-09-08 11:37:45.4036 INFO Get Product Type Master List Success
2021-09-08 11:37:45.5286 INFO Get User Success :newswadeshi_dis
2021-09-08 11:37:52.7511 INFO Get User Success :108-New Swadeshi Distillery Unit
2021-09-08 11:37:53.9900 INFO Get Product Type Master List Success
2021-09-08 11:37:54.5940 INFO Get User Success :newswadeshi_dis
2021-09-08 11:38:17.0005 INFO Get User Success :108-New Swadeshi Distillery Unit
2021-09-08 11:38:17.4705 INFO Get VAT Master List Success
2021-09-08 11:38:17.5525 INFO Get Product Type Master List Success
2021-09-08 11:38:17.6725 INFO Get User Success :newswadeshi_dis
2021-09-08 11:38:31.9946 INFO Get User Success :108-New Swadeshi Distillery Unit
2021-09-08 11:38:32.3826 INFO Get VAT Master List Success
2021-09-08 11:43:57.2283 INFO Get User Success :108-New Swadeshi Distillery Unit
2021-09-08 11:43:57.4382 INFO Get Form84 List Success
2021-09-08 11:43:57.5572 INFO Get Product Type Master List Success
2021-09-08 11:43:57.6252 INFO Get User Success :newswadeshi_dis
2021-09-08 11:44:16.7670 INFO Get User Success :108-New Swadeshi Distillery Unit
2021-09-08 11:45:55.6124 INFO Get Form84 List Success
2021-09-08 11:46:02.0380 INFO Get User Success :108-New Swadeshi Distillery Unit
2021-09-08 11:46:02.1490 INFO Get Form84 List Success
2021-09-08 11:46:02.2430 INFO Get Product Type Master List Success
2021-09-08 11:46:02.3260 INFO Get User Success :newswadeshi_dis
2021-09-08 11:46:21.3238 INFO Get User Success :108-New Swadeshi Distillery Unit
2021-09-08 11:46:21.4277 INFO Get Form84 List Success
