2021-09-23 12:24:33.6893 INFO Get User Success :337-Bihar Distillers & Bottlers Pvt. Ltd - Unit- 1
2021-09-23 12:24:34.1841 INFO Get User Success :337-Bihar Distillers & Bottlers Pvt. Ltd - Unit- 1
2021-09-23 12:24:34.6013 INFO Get Product Type Master List Success
2021-09-23 12:24:35.4081 INFO Get User Success :bdbl_dis
2021-09-23 12:24:39.1176 INFO Get User Success :337-Bihar Distillers & Bottlers Pvt. Ltd - Unit- 1
2021-09-23 12:24:39.2792 INFO Get Product Type Master List Success
2021-09-23 12:24:39.4337 INFO Get User Success :bdbl_dis
2021-09-23 12:24:43.0519 INFO Get User Success :337-Bihar Distillers & Bottlers Pvt. Ltd - Unit- 1
2021-09-23 12:24:43.2235 INFO Get User Success :337-Bihar Distillers & Bottlers Pvt. Ltd - Unit- 1
2021-09-23 12:25:59.4512 INFO Get Product Type Master List Success
2021-09-23 12:25:59.6048 INFO Get User Success :bdbl_dis
2021-09-23 12:38:11.7009 INFO Get Product Master List Success
2021-09-23 12:38:11.8167 INFO Get User Success :337-Bihar Distillers & Bottlers Pvt. Ltd - Unit- 1
2021-09-23 12:38:11.8706 INFO Get Balance Request Pass Success
2021-09-23 15:37:07.3557 INFO Get User Success :44-Administrator
2021-09-23 15:37:07.4549 INFO Get User Success :44-Administrator
2021-09-23 15:37:07.5007 INFO Get Product Type Master List Success
2021-09-23 15:37:07.5007 INFO Get User Success :Admin
2021-09-23 15:37:29.5866 INFO Get User Success :44-Administrator
2021-09-23 15:37:29.6027 INFO Get RR List Success
2021-09-23 15:37:29.6527 INFO Get Product Type Master List Success
2021-09-23 15:37:29.6527 INFO Get User Success :Admin
2021-09-23 15:37:38.5124 INFO Get User Success :44-Administrator
2021-09-23 15:37:38.5799 INFO Get RR List Success
2021-09-23 15:37:40.9451 INFO Get Product Type Master List Success
2021-09-23 15:37:40.9501 INFO Get User Success :Admin
2021-09-23 15:37:46.9209 INFO Get User Success :44-Administrator
2021-09-23 15:37:46.9209 INFO Get RR List Success
2021-09-23 15:37:46.9209 INFO Get Product Type Master List Success
2021-09-23 15:37:46.9359 INFO Get User Success :Admin
2021-09-23 15:38:11.4419 INFO Get User Success :44-Administrator
2021-09-23 15:38:11.4951 INFO Get RR List Success
2021-09-23 15:38:33.1771 INFO Get Product Type Master List Success
2021-09-23 15:38:33.1771 INFO Get User Success :Admin
2021-09-23 15:38:54.1475 INFO Get User Success :44-Administrator
2021-09-23 15:38:54.1562 INFO Get RR Details Success
2021-09-23 15:38:54.2141 INFO Get RR List Success
2021-09-23 15:38:54.2141 INFO Get Product Type Master List Success
2021-09-23 15:38:54.2141 INFO Get User Success :Admin
2021-09-23 16:30:28.4127 INFO Get User Success :337-Bihar Distillers & Bottlers Pvt. Ltd - Unit- 1
2021-09-23 16:30:28.6406 INFO Get User Success :337-Bihar Distillers & Bottlers Pvt. Ltd - Unit- 1
2021-09-23 16:30:28.7990 INFO Get Product Type Master List Success
2021-09-23 16:30:28.9428 INFO Get User Success :bdbl_dis
2021-09-23 16:30:33.0355 INFO Get User Success :337-Bihar Distillers & Bottlers Pvt. Ltd - Unit- 1
2021-09-23 16:30:33.3535 INFO Get Product Type Master List Success
2021-09-23 16:30:33.7225 INFO Get User Success :bdbl_dis
2021-09-23 16:34:05.4568 INFO Get User Success :337-Bihar Distillers & Bottlers Pvt. Ltd - Unit- 1
2021-09-23 16:34:05.5642 INFO Get Pass List Success
2021-09-23 16:34:05.7051 INFO Get Product Type Master List Success
2021-09-23 16:34:05.9453 INFO Get User Success :bdbl_dis
2021-09-23 16:34:13.2769 INFO Get User Success :337-Bihar Distillers & Bottlers Pvt. Ltd - Unit- 1
2021-09-23 16:34:13.4184 INFO Get Product Type Master List Success
2021-09-23 16:34:13.5531 INFO Get User Success :bdbl_dis
2021-09-23 16:34:49.7074 INFO Get User Success :337-Bihar Distillers & Bottlers Pvt. Ltd - Unit- 1
2021-09-23 16:34:49.7852 INFO Get Pass List Success
2021-09-23 16:34:49.8559 INFO Get Product Type Master List Success
2021-09-23 16:34:49.9988 INFO Get User Success :bdbl_dis
2021-09-23 16:35:21.5105 INFO Get User Success :337-Bihar Distillers & Bottlers Pvt. Ltd - Unit- 1
2021-09-23 16:35:21.6504 INFO Get Product Type Master List Success
2021-09-23 16:35:21.7830 INFO Get User Success :bdbl_dis
2021-09-23 16:35:39.0435 INFO Get User Success :337-Bihar Distillers & Bottlers Pvt. Ltd - Unit- 1
2021-09-23 16:35:39.1516 INFO Get Pass List Success
2021-09-23 16:35:39.2769 INFO Get Product Type Master List Success
2021-09-23 16:35:39.5461 INFO Get User Success :bdbl_dis
2021-09-23 16:35:43.8897 INFO Get Pass List Success
2021-09-23 16:35:54.5702 INFO Get User Success :337-Bihar Distillers & Bottlers Pvt. Ltd - Unit- 1
2021-09-23 16:35:54.7117 INFO Get Product Type Master List Success
2021-09-23 16:35:54.8465 INFO Get User Success :bdbl_dis
2021-09-23 16:35:58.0016 INFO Get User Success :337-Bihar Distillers & Bottlers Pvt. Ltd - Unit- 1
2021-09-23 16:35:58.1384 INFO Get Pass List Success
2021-09-23 16:35:58.2141 INFO Get Product Type Master List Success
2021-09-23 16:35:58.4734 INFO Get User Success :bdbl_dis
2021-09-23 16:40:16.9561 INFO Get User Success :339-Bihar Distillers & Bottlers Pvt. Ltd - Unit- 1
2021-09-23 16:40:17.0509 INFO Get User Success :339-Bihar Distillers & Bottlers Pvt. Ltd - Unit- 1
2021-09-23 16:40:17.0636 INFO Get Product Type Master List Success
2021-09-23 16:40:17.0729 INFO Get User Success :bdbl_dis
2021-09-23 16:40:19.4517 INFO Get User Success :339-Bihar Distillers & Bottlers Pvt. Ltd - Unit- 1
2021-09-23 16:40:19.5354 INFO Get Product Type Master List Success
2021-09-23 16:40:19.5354 INFO Get User Success :bdbl_dis
2021-09-23 16:40:22.7670 INFO Get User Success :339-Bihar Distillers & Bottlers Pvt. Ltd - Unit- 1
2021-09-23 16:40:22.8359 INFO Get User Success :339-Bihar Distillers & Bottlers Pvt. Ltd - Unit- 1
2021-09-23 16:40:24.3402 INFO Get Product Type Master List Success
2021-09-23 16:40:24.3402 INFO Get User Success :bdbl_dis
2021-09-23 16:40:28.5393 INFO Get User Success :339-Bihar Distillers & Bottlers Pvt. Ltd - Unit- 1
2021-09-23 16:40:28.5453 INFO Get Product Type Master List Success
2021-09-23 16:40:28.5453 INFO Get User Success :bdbl_dis
2021-09-23 16:40:36.8274 INFO Get User Success :350-Globus Spirits Limited
2021-09-23 16:40:36.8494 INFO Get User Success :350-Globus Spirits Limited
2021-09-23 16:40:36.8494 INFO Get Product Type Master List Success
2021-09-23 16:40:36.8563 INFO Get User Success :globus_dis
2021-09-23 16:40:40.1789 INFO Get User Success :350-Globus Spirits Limited
2021-09-23 16:40:40.1839 INFO Get Product Type Master List Success
2021-09-23 16:40:40.1839 INFO Get User Success :globus_dis
2021-09-23 16:40:43.2487 INFO Get User Success :350-Globus Spirits Limited
2021-09-23 16:40:43.2726 INFO Get User Success :350-Globus Spirits Limited
2021-09-23 16:40:44.5243 INFO Get Product Type Master List Success
2021-09-23 16:40:44.5303 INFO Get User Success :globus_dis
2021-09-23 16:40:48.1188 INFO Get User Success :350-Globus Spirits Limited
2021-09-23 16:40:48.1238 INFO Get Product Type Master List Success
2021-09-23 16:40:48.1238 INFO Get User Success :globus_dis
2021-09-23 16:40:52.3753 INFO Get User Success :350-Globus Spirits Limited
2021-09-23 16:40:52.4012 INFO Get Pass List Success
2021-09-23 16:40:52.4218 INFO Get Product Type Master List Success
2021-09-23 16:40:52.4218 INFO Get User Success :globus_dis
2021-09-23 16:40:53.3811 INFO Get User Success :350-Globus Spirits Limited
2021-09-23 16:40:53.3861 INFO Get Product Type Master List Success
2021-09-23 16:40:53.3861 INFO Get User Success :globus_dis
2021-09-23 16:40:55.7429 INFO Get User Success :350-Globus Spirits Limited
2021-09-23 16:40:55.7628 INFO Get Pass List Success
2021-09-23 16:40:55.7628 INFO Get Product Type Master List Success
2021-09-23 16:40:55.7628 INFO Get User Success :globus_dis
2021-09-23 16:49:50.6772 INFO Get User Success :353-M and TP Unit
2021-09-23 16:49:50.9016 INFO Get User Success :353-M and TP Unit
2021-09-23 16:49:50.9802 INFO Get Product Type Master List Success
2021-09-23 16:49:50.9802 INFO Get User Success :mtp1
2021-09-23 16:49:55.7986 INFO Get User Success :353-M and TP Unit
2021-09-23 16:49:55.8554 INFO Get Product Type Master List Success
2021-09-23 16:49:55.8554 INFO Get User Success :mtp1
2021-09-23 16:50:03.3209 INFO Get User Success :353-M and TP Unit
2021-09-23 16:50:03.3351 INFO Get Allotment List Success
2021-09-23 16:50:03.3410 INFO Get NOC Sucess:Req/BJ/MTP/PER/2020-21/31
2021-09-23 16:50:03.3410 INFO Get Product Master List Success
2021-09-23 16:50:03.3410 INFO Get UOM List Success
2021-09-23 16:50:03.3689 INFO Get Allotment Details Success
2021-09-23 16:50:03.4058 INFO Get Product Type Master List Success
2021-09-23 16:50:03.4058 INFO Get User Success :mtp1
2021-09-23 16:50:38.1479 INFO Get User Success :353-M and TP Unit
2021-09-23 16:50:38.1519 INFO Get Product Type Master List Success
2021-09-23 16:50:38.1519 INFO Get User Success :mtp1
2021-09-23 16:50:54.6858 INFO Get User Success :354-M and TP Bond Officer
2021-09-23 16:50:54.7205 INFO Get User Success :354-M and TP Bond Officer
2021-09-23 16:50:54.7205 INFO Get Product Type Master List Success
2021-09-23 16:50:54.7205 INFO Get User Success :mtp1_bo
2021-09-23 16:51:01.1546 INFO Get User Success :354-M and TP Bond Officer
2021-09-23 16:51:16.3169 INFO Get User Success :135-Assistant Commissioner
2021-09-23 16:51:16.3501 INFO Get User Success :135-Assistant Commissioner
2021-09-23 16:51:16.3501 INFO Get Product Type Master List Success
2021-09-23 16:51:16.3561 INFO Get User Success :ecedo
2021-09-23 16:51:22.4259 INFO Get User Success :135-Assistant Commissioner
2021-09-23 17:04:47.2058 INFO Get User Success :354-M and TP Bond Officer
2021-09-23 17:04:47.2406 INFO Get User Success :354-M and TP Bond Officer
2021-09-23 17:04:47.2591 INFO Get Product Type Master List Success
2021-09-23 17:04:47.2650 INFO Get User Success :mtp1_bo
2021-09-23 17:04:52.7511 INFO Get User Success :354-M and TP Bond Officer
2021-09-23 17:04:52.7511 INFO Get Product Type Master List Success
2021-09-23 17:04:52.7511 INFO Get User Success :mtp1_bo
2021-09-23 17:04:54.3093 INFO Get User Success :354-M and TP Bond Officer
2021-09-23 17:04:54.3093 INFO Get Product Type Master List Success
2021-09-23 17:04:54.3093 INFO Get User Success :mtp1_bo
2021-09-23 17:06:44.9911 INFO Get User Success :341-Assistant Commissioner
2021-09-23 17:06:45.0260 INFO Get User Success :341-Assistant Commissioner
2021-09-23 17:06:45.0260 INFO Get Product Type Master List Success
2021-09-23 17:06:45.0260 INFO Get User Success :bhedo
2021-09-23 17:06:48.6063 INFO Get User Success :341-Assistant Commissioner
2021-09-23 17:06:48.6063 INFO Get Product Type Master List Success
2021-09-23 17:06:48.6063 INFO Get User Success :bhedo
2021-09-23 17:06:58.5192 INFO Get User Success :341-Assistant Commissioner
2021-09-23 17:06:58.5192 INFO Get Allotment List Success
2021-09-23 17:06:58.5272 INFO Get NOC Sucess:Req//1
2021-09-23 17:06:58.5272 INFO Get Product Master List Success
2021-09-23 17:06:58.5272 INFO Get UOM List Success
2021-09-23 17:06:58.5272 INFO Get Allotment Details Success
2021-09-23 17:06:58.5674 INFO Get Product Type Master List Success
2021-09-23 17:06:58.5674 INFO Get User Success :bhedo
2021-09-23 17:07:06.5688 INFO Get User Success :341-Assistant Commissioner
2021-09-23 17:07:06.5688 INFO Get Product Type Master List Success
2021-09-23 17:07:06.5777 INFO Get User Success :bhedo
2021-09-23 17:07:40.2578 INFO Get User Success :339-Bihar Distillers & Bottlers Pvt. Ltd - Unit- 1
2021-09-23 17:07:40.4351 INFO Get User Success :339-Bihar Distillers & Bottlers Pvt. Ltd - Unit- 1
2021-09-23 17:07:40.4351 INFO Get Product Type Master List Success
2021-09-23 17:07:40.4351 INFO Get User Success :bdbl_dis
2021-09-23 17:07:43.6214 INFO Get User Success :339-Bihar Distillers & Bottlers Pvt. Ltd - Unit- 1
2021-09-23 17:07:43.6543 INFO Get Product Type Master List Success
2021-09-23 17:07:43.6543 INFO Get User Success :bdbl_dis
2021-09-23 17:07:47.6071 INFO Get User Success :339-Bihar Distillers & Bottlers Pvt. Ltd - Unit- 1
2021-09-23 17:07:47.6937 INFO Get User Success :339-Bihar Distillers & Bottlers Pvt. Ltd - Unit- 1
2021-09-23 17:07:49.0343 INFO Get Product Type Master List Success
2021-09-23 17:07:49.0343 INFO Get User Success :bdbl_dis
2021-09-23 17:08:03.0181 INFO Get User Success :350-Globus Spirits Limited
2021-09-23 17:08:03.0410 INFO Get User Success :350-Globus Spirits Limited
2021-09-23 17:08:03.0420 INFO Get Product Type Master List Success
2021-09-23 17:08:03.0420 INFO Get User Success :globus_dis
2021-09-23 17:08:06.1034 INFO Get User Success :350-Globus Spirits Limited
2021-09-23 17:08:06.1094 INFO Get Product Type Master List Success
2021-09-23 17:08:06.1094 INFO Get User Success :globus_dis
2021-09-23 17:08:08.8758 INFO Get User Success :350-Globus Spirits Limited
2021-09-23 17:08:08.8998 INFO Get User Success :350-Globus Spirits Limited
2021-09-23 17:08:10.2327 INFO Get Product Type Master List Success
2021-09-23 17:08:10.2327 INFO Get User Success :globus_dis
2021-09-23 17:08:24.3450 INFO Get User Success :353-M and TP Unit
2021-09-23 17:08:24.3830 INFO Get User Success :353-M and TP Unit
2021-09-23 17:08:24.3889 INFO Get Product Type Master List Success
2021-09-23 17:08:24.3889 INFO Get User Success :mtp1
2021-09-23 17:08:27.3498 INFO Get User Success :353-M and TP Unit
2021-09-23 17:08:27.3498 INFO Get Product Type Master List Success
2021-09-23 17:08:27.3593 INFO Get User Success :mtp1
2021-09-23 17:08:33.2545 INFO Get User Success :353-M and TP Unit
2021-09-23 17:08:33.2605 INFO Get Allotment List Success
2021-09-23 17:08:33.2605 INFO Get NOC Sucess:Req/BJ/MTP/PER/2020-21/31
2021-09-23 17:08:33.2605 INFO Get Product Master List Success
2021-09-23 17:08:33.2605 INFO Get UOM List Success
2021-09-23 17:08:33.2605 INFO Get Allotment Details Success
2021-09-23 17:08:33.3001 INFO Get Product Type Master List Success
2021-09-23 17:08:33.3001 INFO Get User Success :mtp1
2021-09-23 17:08:45.2947 INFO Get User Success :353-M and TP Unit
2021-09-23 17:08:45.2947 INFO Get Product Type Master List Success
2021-09-23 17:08:45.2947 INFO Get User Success :mtp1
2021-09-23 17:09:01.0531 INFO Get User Success :341-Assistant Commissioner
2021-09-23 17:09:01.0865 INFO Get User Success :341-Assistant Commissioner
2021-09-23 17:09:01.0865 INFO Get Product Type Master List Success
2021-09-23 17:09:01.0925 INFO Get User Success :bhedo
2021-09-23 17:09:04.2458 INFO Get User Success :341-Assistant Commissioner
2021-09-23 17:09:04.2458 INFO Get Product Type Master List Success
2021-09-23 17:09:04.2458 INFO Get User Success :bhedo
2021-09-23 17:09:08.6054 INFO Get User Success :341-Assistant Commissioner
2021-09-23 17:09:08.6054 INFO Get Allotment List Success
2021-09-23 17:09:08.6054 INFO Get NOC Sucess:Req//1
2021-09-23 17:09:08.6054 INFO Get Product Master List Success
2021-09-23 17:09:08.6054 INFO Get UOM List Success
2021-09-23 17:09:08.6224 INFO Get Allotment Details Success
2021-09-23 17:09:08.6493 INFO Get Product Type Master List Success
2021-09-23 17:09:08.6530 INFO Get User Success :bhedo
2021-09-23 17:09:20.6053 INFO Get User Success :341-Assistant Commissioner
2021-09-23 17:09:20.6053 INFO Get Product Type Master List Success
2021-09-23 17:09:20.6053 INFO Get User Success :bhedo
2021-09-23 17:09:32.5332 INFO Get GetSeverList Success
2021-09-23 17:09:46.9175 INFO Get User Success :339-Bihar Distillers & Bottlers Pvt. Ltd - Unit- 1
2021-09-23 17:09:46.9507 INFO Get User Success :339-Bihar Distillers & Bottlers Pvt. Ltd - Unit- 1
2021-09-23 17:09:46.9507 INFO Get Product Type Master List Success
2021-09-23 17:09:46.9507 INFO Get User Success :bdbl_dis
2021-09-23 17:09:50.4238 INFO Get User Success :339-Bihar Distillers & Bottlers Pvt. Ltd - Unit- 1
2021-09-23 17:09:50.4238 INFO Get Product Type Master List Success
2021-09-23 17:09:50.4348 INFO Get User Success :bdbl_dis
2021-09-23 17:09:52.7767 INFO Get User Success :339-Bihar Distillers & Bottlers Pvt. Ltd - Unit- 1
2021-09-23 17:09:52.7987 INFO Get User Success :339-Bihar Distillers & Bottlers Pvt. Ltd - Unit- 1
2021-09-23 17:09:53.9440 INFO Get Product Type Master List Success
2021-09-23 17:09:53.9510 INFO Get User Success :bdbl_dis
2021-09-23 17:09:57.8419 INFO Get User Success :339-Bihar Distillers & Bottlers Pvt. Ltd - Unit- 1
2021-09-23 17:09:57.8419 INFO Get Product Type Master List Success
2021-09-23 17:09:57.8419 INFO Get User Success :bdbl_dis
2021-09-23 17:10:15.8366 INFO Get User Success :353-M and TP Unit
2021-09-23 17:10:15.8781 INFO Get User Success :353-M and TP Unit
2021-09-23 17:10:15.8781 INFO Get Product Type Master List Success
2021-09-23 17:10:15.8884 INFO Get User Success :mtp1
2021-09-23 17:10:19.2694 INFO Get User Success :353-M and TP Unit
2021-09-23 17:10:19.2694 INFO Get Product Type Master List Success
2021-09-23 17:10:19.2783 INFO Get User Success :mtp1
2021-09-23 17:10:39.6498 INFO Get User Success :353-M and TP Unit
2021-09-23 17:10:39.6547 INFO Get Allotment List Success
2021-09-23 17:10:39.6547 INFO Get NOC Sucess:Req/BJ/MTP/PER/2020-21/31
2021-09-23 17:10:39.6547 INFO Get Product Master List Success
2021-09-23 17:10:39.6547 INFO Get UOM List Success
2021-09-23 17:10:39.6679 INFO Get Allotment Details Success
2021-09-23 17:10:39.6946 INFO Get Product Type Master List Success
2021-09-23 17:10:39.6984 INFO Get User Success :mtp1
2021-09-23 17:10:41.7327 INFO Get User Success :353-M and TP Unit
2021-09-23 17:10:41.7327 INFO Get Product Type Master List Success
2021-09-23 17:10:41.7327 INFO Get User Success :mtp1
2021-09-23 17:10:54.0499 INFO Get User Success :341-Assistant Commissioner
2021-09-23 17:10:54.0871 INFO Get User Success :341-Assistant Commissioner
2021-09-23 17:10:54.0871 INFO Get Product Type Master List Success
2021-09-23 17:10:54.0921 INFO Get User Success :bhedo
2021-09-23 17:10:58.7664 INFO Get User Success :341-Assistant Commissioner
2021-09-23 17:10:58.7664 INFO Get Product Type Master List Success
2021-09-23 17:10:58.7664 INFO Get User Success :bhedo
2021-09-23 17:11:01.6403 INFO Get User Success :341-Assistant Commissioner
2021-09-23 17:11:01.6403 INFO Get Allotment List Success
2021-09-23 17:11:01.6403 INFO Get NOC Sucess:Req//1
2021-09-23 17:11:01.6403 INFO Get Product Master List Success
2021-09-23 17:11:01.6403 INFO Get UOM List Success
2021-09-23 17:11:01.6583 INFO Get Allotment Details Success
2021-09-23 17:11:01.6860 INFO Get Product Type Master List Success
2021-09-23 17:11:01.6860 INFO Get User Success :bhedo
2021-09-23 17:11:07.7860 INFO Get User Success :341-Assistant Commissioner
2021-09-23 17:11:07.7860 INFO Get Product Type Master List Success
2021-09-23 17:11:07.7950 INFO Get User Success :bhedo
2021-09-23 17:11:12.6405 INFO Get User Success :341-Assistant Commissioner
2021-09-23 17:11:12.6405 INFO Get Allotment List Success
2021-09-23 17:11:12.6405 INFO Get NOC Sucess:Req//1
2021-09-23 17:11:12.6405 INFO Get Product Master List Success
2021-09-23 17:11:12.6405 INFO Get UOM List Success
2021-09-23 17:11:12.6586 INFO Get Allotment Details Success
2021-09-23 17:11:12.6865 INFO Get Product Type Master List Success
2021-09-23 17:11:12.6865 INFO Get User Success :bhedo
2021-09-23 17:11:25.9121 INFO Get User Success :341-Assistant Commissioner
2021-09-23 17:11:25.9177 INFO Get Product Type Master List Success
2021-09-23 17:11:25.9177 INFO Get User Success :bhedo
2021-09-23 17:11:37.0960 INFO Get User Success :353-M and TP Unit
2021-09-23 17:11:37.1320 INFO Get User Success :353-M and TP Unit
2021-09-23 17:11:37.1370 INFO Get Product Type Master List Success
2021-09-23 17:11:37.1370 INFO Get User Success :mtp1
2021-09-23 17:11:40.7898 INFO Get User Success :353-M and TP Unit
2021-09-23 17:11:40.7948 INFO Get Product Type Master List Success
2021-09-23 17:11:40.7948 INFO Get User Success :mtp1
2021-09-23 17:11:42.2891 INFO Get User Success :353-M and TP Unit
2021-09-23 17:11:42.2940 INFO Get Allotment List Success
2021-09-23 17:11:42.2940 INFO Get NOC Sucess:Req/BJ/MTP/PER/2020-21/31
2021-09-23 17:11:42.2940 INFO Get Product Master List Success
2021-09-23 17:11:42.2940 INFO Get UOM List Success
2021-09-23 17:11:42.2940 INFO Get Product Type Master List Success
2021-09-23 17:11:42.2940 INFO Get User Success :mtp1
2021-09-23 17:11:55.3110 INFO Get Allotment Details Success
2021-09-23 17:12:21.4207 INFO Get User Success :353-M and TP Unit
2021-09-23 17:12:21.4207 INFO Get Product Type Master List Success
2021-09-23 17:12:21.4207 INFO Get User Success :mtp1
2021-09-23 17:12:34.5057 INFO Get User Success :354-M and TP Bond Officer
2021-09-23 17:12:34.5416 INFO Get User Success :354-M and TP Bond Officer
2021-09-23 17:12:34.5416 INFO Get Product Type Master List Success
2021-09-23 17:12:34.5416 INFO Get User Success :mtp1_bo
2021-09-23 17:12:39.9270 INFO Get User Success :354-M and TP Bond Officer
2021-09-23 17:12:45.6165 INFO Get User Success :341-Assistant Commissioner
2021-09-23 17:12:45.6524 INFO Get User Success :341-Assistant Commissioner
2021-09-23 17:12:45.6524 INFO Get Product Type Master List Success
2021-09-23 17:12:45.6524 INFO Get User Success :bhedo
2021-09-23 17:12:49.5401 INFO Get User Success :341-Assistant Commissioner
2021-09-23 17:12:49.5451 INFO Get Product Type Master List Success
2021-09-23 17:12:49.5451 INFO Get User Success :bhedo
2021-09-23 17:12:51.3985 INFO Get User Success :341-Assistant Commissioner
2021-09-23 17:12:51.4024 INFO Get Allotment List Success
2021-09-23 17:12:51.4024 INFO Get NOC Sucess:Req//1
2021-09-23 17:12:51.4024 INFO Get Product Master List Success
2021-09-23 17:12:51.4024 INFO Get UOM List Success
2021-09-23 17:12:51.4024 INFO Get Allotment Details Success
2021-09-23 17:12:51.4448 INFO Get Product Type Master List Success
2021-09-23 17:12:51.4484 INFO Get User Success :bhedo
2021-09-23 17:13:04.4221 INFO Get User Success :341-Assistant Commissioner
2021-09-23 17:13:04.4221 INFO Get Product Type Master List Success
2021-09-23 17:13:04.4221 INFO Get User Success :bhedo
2021-09-23 17:13:08.1158 INFO Get User Success :341-Assistant Commissioner
2021-09-23 17:13:08.1208 INFO Get Allotment List Success
2021-09-23 17:13:08.1208 INFO Get NOC Sucess:Req//1
2021-09-23 17:13:08.1208 INFO Get Product Master List Success
2021-09-23 17:13:08.1208 INFO Get UOM List Success
2021-09-23 17:13:08.1208 INFO Get Allotment Details Success
2021-09-23 17:13:08.1608 INFO Get Product Type Master List Success
2021-09-23 17:13:08.1608 INFO Get User Success :bhedo
2021-09-23 17:13:11.2435 INFO Get User Success :341-Assistant Commissioner
2021-09-23 17:13:11.2485 INFO Get Product Type Master List Success
2021-09-23 17:13:11.2485 INFO Get User Success :bhedo
2021-09-23 17:13:18.7556 INFO Get User Success :350-Globus Spirits Limited
2021-09-23 17:13:18.7819 INFO Get User Success :350-Globus Spirits Limited
2021-09-23 17:13:18.7819 INFO Get Product Type Master List Success
2021-09-23 17:13:18.7819 INFO Get User Success :globus_dis
2021-09-23 17:13:22.3430 INFO Get User Success :350-Globus Spirits Limited
2021-09-23 17:13:22.3430 INFO Get Product Type Master List Success
2021-09-23 17:13:22.3430 INFO Get User Success :globus_dis
2021-09-23 17:13:25.5582 INFO Get User Success :350-Globus Spirits Limited
2021-09-23 17:13:25.5824 INFO Get User Success :350-Globus Spirits Limited
2021-09-23 17:13:26.8323 INFO Get Product Type Master List Success
2021-09-23 17:13:26.8323 INFO Get User Success :globus_dis
2021-09-23 17:13:32.5053 INFO Get User Success :350-Globus Spirits Limited
2021-09-23 17:13:32.5113 INFO Get Product Type Master List Success
2021-09-23 17:13:32.5113 INFO Get User Success :globus_dis
2021-09-23 17:15:11.2161 INFO Get User Success :350-Globus Spirits Limited
2021-09-23 17:15:21.4151 INFO Get User Success :350-Globus Spirits Limited
2021-09-23 17:16:36.6031 INFO Get Product Type Master List Success
2021-09-23 17:16:36.6091 INFO Get User Success :globus_dis
2021-09-23 17:16:49.3704 INFO Get Product Master List Success
2021-09-23 17:16:49.3704 INFO Get User Success :350-Globus Spirits Limited
2021-09-23 17:16:49.3704 INFO Get Balance Request Pass Success
2021-09-23 17:18:28.1118 INFO Insert Request Pass Success
2021-09-23 17:18:28.1377 INFO Get User Success :350-Globus Spirits Limited
2021-09-23 17:18:28.1377 INFO Get Product Type Master List Success
2021-09-23 17:18:28.1377 INFO Get User Success :globus_dis
2021-09-23 17:18:35.5819 INFO Get User Success :350-Globus Spirits Limited
2021-09-23 17:18:35.6035 INFO Get User Success :350-Globus Spirits Limited
2021-09-23 17:18:37.4236 INFO Get Product Master List Success
2021-09-23 17:18:37.4236 INFO Get User Success :350-Globus Spirits Limited
2021-09-23 17:18:37.4236 INFO Get Balance Request Pass Success
2021-09-23 17:18:37.4366 INFO Get User Success :350-Globus Spirits Limited
2021-09-23 17:18:37.4366 INFO Get Balance Request Pass Success
2021-09-23 17:18:37.4366 INFO Get Product Type Master List Success
2021-09-23 17:18:37.4366 INFO Get User Success :globus_dis
2021-09-23 17:18:45.0483 INFO Update Request Pass Success
2021-09-23 17:18:45.0744 INFO Get User Success :350-Globus Spirits Limited
2021-09-23 17:18:45.0744 INFO Get Product Type Master List Success
2021-09-23 17:18:45.0744 INFO Get User Success :globus_dis
2021-09-23 17:18:57.8077 INFO Get User Success :351-Globus Spirits Limited, Bond Officer
2021-09-23 17:18:57.8306 INFO Get User Success :351-Globus Spirits Limited, Bond Officer
2021-09-23 17:18:57.8306 INFO Get Product Type Master List Success
2021-09-23 17:18:57.8306 INFO Get User Success :globus_disbo
2021-09-23 17:19:01.2549 INFO Get User Success :351-Globus Spirits Limited, Bond Officer
2021-09-23 17:19:01.2609 INFO Get Product Type Master List Success
2021-09-23 17:19:01.2609 INFO Get User Success :globus_disbo
2021-09-23 17:19:03.8172 INFO Get User Success :351-Globus Spirits Limited, Bond Officer
2021-09-23 17:19:03.8381 INFO Get User Success :351-Globus Spirits Limited, Bond Officer
2021-09-23 17:20:09.3763 INFO Get Product Master List Success
2021-09-23 17:20:09.3763 INFO Get User Success :350-Globus Spirits Limited
2021-09-23 17:20:09.3763 INFO Get Balance Request Pass Success
2021-09-23 17:20:09.3886 INFO Get User Success :350-Globus Spirits Limited
2021-09-23 17:20:09.3886 INFO Get Balance Request Pass Success
2021-09-23 17:20:09.6598 INFO Get Product Type Master List Success
2021-09-23 17:20:09.6598 INFO Get User Success :globus_disbo
2021-09-23 17:20:19.2734 INFO Approve Request Pass Success
2021-09-23 17:20:19.2983 INFO Get User Success :351-Globus Spirits Limited, Bond Officer
2021-09-23 17:20:19.2983 INFO Get Product Type Master List Success
2021-09-23 17:20:19.3072 INFO Get User Success :globus_disbo
2021-09-23 17:20:23.4144 INFO Get User Success :351-Globus Spirits Limited, Bond Officer
2021-09-23 17:20:23.4381 INFO Get User Success :351-Globus Spirits Limited, Bond Officer
2021-09-23 17:20:26.6728 INFO Get Product Master List Success
2021-09-23 17:20:26.6728 INFO Get User Success :350-Globus Spirits Limited
2021-09-23 17:20:26.6728 INFO Get Balance Request Pass Success
2021-09-23 17:20:26.6858 INFO Get User Success :350-Globus Spirits Limited
2021-09-23 17:20:26.6858 INFO Get Balance Request Pass Success
2021-09-23 17:20:27.0838 INFO Get Product Type Master List Success
2021-09-23 17:20:27.0838 INFO Get User Success :globus_disbo
2021-09-23 17:20:37.8242 INFO Approve Request Pass Success
2021-09-23 17:20:37.8498 INFO Get User Success :351-Globus Spirits Limited, Bond Officer
2021-09-23 17:20:37.8548 INFO Get Product Type Master List Success
2021-09-23 17:20:37.8548 INFO Get User Success :globus_disbo
2021-09-23 17:21:43.7577 INFO Get User Success :350-Globus Spirits Limited
2021-09-23 17:21:43.7886 INFO Get User Success :350-Globus Spirits Limited
2021-09-23 17:21:43.7886 INFO Get Product Type Master List Success
2021-09-23 17:21:43.7956 INFO Get User Success :globus_dis
2021-09-23 17:21:46.9910 INFO Get User Success :350-Globus Spirits Limited
2021-09-23 17:21:46.9971 INFO Get Product Type Master List Success
2021-09-23 17:21:46.9971 INFO Get User Success :globus_dis
2021-09-23 17:21:53.6565 INFO Get User Success :350-Globus Spirits Limited
2021-09-23 17:21:53.6565 INFO Get Dispach Master List Success
2021-09-23 17:21:53.6732 INFO Get VAT Master List Success
2021-09-23 17:21:53.6732 INFO Get Product Type Master List Success
2021-09-23 17:21:53.6732 INFO Get User Success :globus_dis
