2021-08-23 11:39:40.0150 INFO Get User Success :44-Administrator
2021-08-23 11:39:47.2516 INFO Get User Success :44-Administrator
2021-08-23 11:40:00.3688 INFO Get Product Type Master List Success
2021-08-23 11:40:00.4488 INFO Get User Success :Admin
2021-08-23 11:44:17.5735 INFO Get Party Type Master List Success
2021-08-23 11:44:17.7005 INFO Get Product Type Master List Success
2021-08-23 11:44:17.7564 INFO Get User Success :Admin
2021-08-23 11:44:20.7783 INFO Get Party Master List Success
2021-08-23 11:44:20.8593 INFO Get Product Type Master List Success
2021-08-23 11:44:21.0243 INFO Get User Success :Admin
2021-08-23 11:44:56.6821 INFO Get Party Master List Success
2021-08-23 11:45:18.7379 INFO Get Party Master List Success
2021-08-23 11:45:26.4534 INFO Get Party Master List Success
2021-08-23 11:45:47.0101 INFO Get Product Type Master List Success
2021-08-23 11:45:47.0981 INFO Get Product Type Master List Success
2021-08-23 11:45:47.1641 INFO Get User Success :Admin
2021-08-23 11:52:09.3224 INFO Get Product Type Master List Success
2021-08-23 11:52:18.1388 INFO Get Product Master List Success
2021-08-23 11:52:18.2348 INFO Get Product Type Master List Success
2021-08-23 11:52:18.2948 INFO Get User Success :Admin
2021-08-23 11:52:39.8445 INFO Get Product Master List Success
2021-08-23 11:54:17.4378 INFO Get Product Master List Success
2021-08-23 11:54:17.9967 INFO Get Product Master List Success
2021-08-23 11:54:19.0416 INFO Get Product Master List Success
2021-08-23 11:54:19.5376 INFO Get Product Master List Success
2021-08-23 11:54:19.9976 INFO Get Product Master List Success
2021-08-23 11:54:27.1871 INFO Get Product Master List Success
2021-08-23 11:54:52.1487 INFO Get UOM List Success
2021-08-23 11:54:52.5466 INFO Get Product Type Master List Success
2021-08-23 11:54:52.7256 INFO Get User Success :Admin
2021-08-23 11:55:04.5059 INFO Get UOM List Success
2021-08-23 11:55:07.4887 INFO Get Product Type Master List Success
2021-08-23 11:55:07.5537 INFO Get User Success :Admin
2021-08-23 11:55:21.5379 INFO Get Product Type Master List Success
2021-08-23 11:55:21.6079 INFO Get User Success :Admin
2021-08-23 11:56:16.1916 INFO Get VAT Type Master List Success
2021-08-23 11:56:16.2587 INFO Get Product Type Master List Success
2021-08-23 11:56:16.3436 INFO Get User Success :Admin
2021-08-23 11:56:25.2561 INFO Get VAT Type Master List Success
2021-08-23 11:56:27.9480 INFO Get VAT Master List Success
2021-08-23 11:56:28.0249 INFO Get Product Type Master List Success
2021-08-23 11:56:28.0879 INFO Get User Success :Admin
2021-08-23 11:56:30.4648 INFO Get VAT Type Master List Success
2021-08-23 11:56:30.5228 INFO Get Product Type Master List Success
2021-08-23 11:56:30.5808 INFO Get User Success :Admin
2021-08-23 11:56:36.3304 INFO Get VAT Master List Success
2021-08-23 11:56:36.3804 INFO Get Product Type Master List Success
2021-08-23 11:56:36.4504 INFO Get User Success :Admin
2021-08-23 11:56:54.7333 INFO Get VAT Master List Success
2021-08-23 11:57:24.2846 INFO Get VAT Master List Success
2021-08-23 11:57:36.3089 INFO Get VAT Master List Success
2021-08-23 11:57:49.2972 INFO Get VAT Master List Success
2021-08-23 11:58:02.0844 INFO Get VAT Master List Success
2021-08-23 11:58:07.1730 INFO Get VAT Master List Success
2021-08-23 15:03:33.6843 INFO Get User Success :44-Administrator
2021-08-23 15:03:47.1145 INFO Get User Success :44-Administrator
2021-08-23 15:03:51.9873 INFO Get Product Type Master List Success
2021-08-23 15:03:52.0783 INFO Get User Success :Admin
2021-08-23 15:04:29.5880 INFO Get Party Type Master List Success
2021-08-23 15:04:29.7430 INFO Get Product Type Master List Success
2021-08-23 15:04:29.7960 INFO Get User Success :Admin
2021-08-23 15:05:14.6103 INFO Get Party Master List Success
2021-08-23 15:05:14.6603 INFO Get Product Type Master List Success
2021-08-23 15:05:14.7254 INFO Get User Success :Admin
2021-08-23 15:05:19.0461 INFO Get Party Type Master List Success
2021-08-23 15:05:19.1091 INFO Get Product Type Master List Success
2021-08-23 15:05:19.1661 INFO Get User Success :Admin
