2021-10-19 10:46:49.0639 INFO Get User Success :108-New Swadeshi Distillery Unit
2021-10-19 10:46:49.1827 INFO Get User Success :108-New Swadeshi Distillery Unit
2021-10-19 10:46:49.2521 INFO Get Product Type Master List Success
2021-10-19 10:46:49.2612 INFO Get User Success :newswadeshi_dis
2021-10-19 10:46:52.9145 INFO Get User Success :108-New Swadeshi Distillery Unit
2021-10-19 10:46:54.4145 INFO Get Product Type Master List Success
2021-10-19 10:46:54.4145 INFO Get User Success :newswadeshi_dis
2021-10-19 10:47:01.1434 INFO Get User Success :108-New Swadeshi Distillery Unit
2021-10-19 10:47:01.1574 INFO Get Product Type Master List Success
2021-10-19 10:47:01.1624 INFO Get User Success :newswadeshi_dis
2021-10-19 10:47:10.9103 INFO Get User Success :108-New Swadeshi Distillery Unit
2021-10-19 10:47:10.9103 INFO Get VAT Master List Success
2021-10-19 10:47:10.9297 INFO Get Product Type Master List Success
2021-10-19 10:47:10.9297 INFO Get User Success :newswadeshi_dis
2021-10-19 10:49:02.8411 INFO Get User Success :108-New Swadeshi Distillery Unit
2021-10-19 10:49:02.8411 INFO Get Product Type Master List Success
2021-10-19 10:49:02.8411 INFO Get User Success :newswadeshi_dis
2021-10-19 10:49:04.6013 INFO Get User Success :108-New Swadeshi Distillery Unit
2021-10-19 10:49:04.6013 INFO Get Product Type Master List Success
2021-10-19 10:49:04.6013 INFO Get User Success :newswadeshi_dis
2021-10-19 10:49:21.8738 INFO Get User Success :108-New Swadeshi Distillery Unit
2021-10-19 10:49:21.8738 INFO Get VAT Master List Success
2021-10-19 10:49:25.3873 INFO Get Product Type Master List Success
2021-10-19 10:49:25.3873 INFO Get User Success :newswadeshi_dis
2021-10-19 10:49:34.2826 INFO Get User Success :108-New Swadeshi Distillery Unit
2021-10-19 10:49:34.2826 INFO Get Product Type Master List Success
2021-10-19 10:49:34.2896 INFO Get User Success :newswadeshi_dis
2021-10-19 10:49:35.9968 INFO Get User Success :108-New Swadeshi Distillery Unit
2021-10-19 10:49:35.9968 INFO Get VAT Master List Success
2021-10-19 10:49:35.9968 INFO Get Product Type Master List Success
2021-10-19 10:49:36.0057 INFO Get User Success :newswadeshi_dis
2021-10-19 10:49:48.4184 INFO Get User Success :108-New Swadeshi Distillery Unit
2021-10-19 10:49:48.4184 INFO Get Product Type Master List Success
2021-10-19 10:49:48.4184 INFO Get User Success :newswadeshi_dis
2021-10-19 10:49:52.3243 INFO Get User Success :108-New Swadeshi Distillery Unit
2021-10-19 10:49:52.3243 INFO Get VAT Master List Success
2021-10-19 10:49:52.3243 INFO Get Product Type Master List Success
2021-10-19 10:49:52.3323 INFO Get User Success :newswadeshi_dis
2021-10-19 10:49:56.3759 INFO Get User Success :108-New Swadeshi Distillery Unit
2021-10-19 10:49:56.3759 INFO Get Product Type Master List Success
2021-10-19 10:49:56.3819 INFO Get User Success :newswadeshi_dis
2021-10-19 10:50:29.1572 INFO Get User Success :108-New Swadeshi Distillery Unit
2021-10-19 10:50:29.1572 INFO Get VAT Master List Success
2021-10-19 10:51:15.5398 INFO Get Product Type Master List Success
2021-10-19 10:51:15.5398 INFO Get User Success :newswadeshi_dis
2021-10-19 10:52:44.6333 INFO Get User Success :108-New Swadeshi Distillery Unit
2021-10-19 10:52:44.6333 INFO Get Product Type Master List Success
2021-10-19 10:52:44.6333 INFO Get User Success :newswadeshi_dis
2021-10-19 10:52:51.7936 INFO Get User Success :108-New Swadeshi Distillery Unit
2021-10-19 10:52:51.7936 INFO Get VAT Master List Success
2021-10-19 10:52:52.0687 INFO Get Product Type Master List Success
2021-10-19 10:52:52.0687 INFO Get User Success :newswadeshi_dis
2021-10-19 10:53:00.8118 INFO Get User Success :108-New Swadeshi Distillery Unit
2021-10-19 10:53:00.8118 INFO Get Product Type Master List Success
2021-10-19 10:53:00.8182 INFO Get User Success :newswadeshi_dis
2021-10-19 10:53:04.6584 INFO Get User Success :108-New Swadeshi Distillery Unit
2021-10-19 10:53:04.6604 INFO Get VAT Master List Success
2021-10-19 10:53:04.8973 INFO Get Product Type Master List Success
2021-10-19 10:53:04.8973 INFO Get User Success :newswadeshi_dis
2021-10-19 10:53:13.7392 INFO Get User Success :108-New Swadeshi Distillery Unit
2021-10-19 10:53:13.7392 INFO Get Product Type Master List Success
2021-10-19 10:53:13.7392 INFO Get User Success :newswadeshi_dis
2021-10-19 10:54:15.6956 INFO Get User Success :108-New Swadeshi Distillery Unit
2021-10-19 10:54:15.6956 INFO Get VAT Master List Success
2021-10-19 10:54:15.9214 INFO Get Product Type Master List Success
2021-10-19 10:54:15.9263 INFO Get User Success :newswadeshi_dis
2021-10-19 10:54:29.1475 INFO Get User Success :108-New Swadeshi Distillery Unit
2021-10-19 10:54:29.1475 INFO Get Product Type Master List Success
2021-10-19 10:54:29.1475 INFO Get User Success :newswadeshi_dis
2021-10-19 10:54:49.1570 INFO Get User Success :108-New Swadeshi Distillery Unit
2021-10-19 10:54:49.1570 INFO Get VAT Master List Success
2021-10-19 10:54:49.3613 INFO Get Product Type Master List Success
2021-10-19 10:54:49.3672 INFO Get User Success :newswadeshi_dis
2021-10-19 10:58:40.1642 INFO Get User Success :108-New Swadeshi Distillery Unit
2021-10-19 10:58:40.1642 INFO Get Product Type Master List Success
2021-10-19 10:58:40.1642 INFO Get User Success :newswadeshi_dis
2021-10-19 10:58:45.3135 INFO Get User Success :108-New Swadeshi Distillery Unit
2021-10-19 10:58:45.3135 INFO Get VAT Master List Success
2021-10-19 10:58:45.5147 INFO Get Product Type Master List Success
2021-10-19 10:58:45.5207 INFO Get User Success :newswadeshi_dis
2021-10-19 10:59:11.1658 INFO Get User Success :108-New Swadeshi Distillery Unit
2021-10-19 10:59:11.1850 INFO Get Product Type Master List Success
2021-10-19 10:59:11.1850 INFO Get User Success :newswadeshi_dis
2021-10-19 11:00:31.3107 INFO Get User Success :108-New Swadeshi Distillery Unit
2021-10-19 11:01:45.3979 INFO Get Product Type Master List Success
2021-10-19 11:01:45.3979 INFO Get User Success :newswadeshi_dis
2021-10-19 11:01:45.9798 INFO Get User Success :108-New Swadeshi Distillery Unit
2021-10-19 11:01:45.9798 INFO Get Product Type Master List Success
2021-10-19 11:01:45.9798 INFO Get User Success :newswadeshi_dis
2021-10-19 11:09:45.0239 INFO Get User Success :108-New Swadeshi Distillery Unit
2021-10-19 11:09:45.0239 INFO Get VAT Master List Success
2021-10-19 11:34:51.0744 INFO Get Product Type Master List Success
2021-10-19 11:34:51.0825 INFO Get User Success :newswadeshi_dis
2021-10-19 11:35:13.6951 INFO Get User Success :108-New Swadeshi Distillery Unit
2021-10-19 11:35:13.6951 INFO Get Product Type Master List Success
2021-10-19 11:35:13.6951 INFO Get User Success :newswadeshi_dis
2021-10-19 11:35:17.9805 INFO Get User Success :108-New Swadeshi Distillery Unit
2021-10-19 11:35:17.9805 INFO Get VAT Master List Success
2021-10-19 11:35:18.2004 INFO Get Product Type Master List Success
2021-10-19 11:35:18.2004 INFO Get User Success :newswadeshi_dis
2021-10-19 11:42:01.5730 INFO Get User Success :108-New Swadeshi Distillery Unit
2021-10-19 11:42:01.5730 INFO Get VAT Master List Success
2021-10-19 11:49:43.2533 INFO Get Product Type Master List Success
2021-10-19 11:49:43.2632 INFO Get User Success :newswadeshi_dis
2021-10-19 11:51:24.6604 INFO Get User Success :108-New Swadeshi Distillery Unit
2021-10-19 11:51:24.6604 INFO Get Product Type Master List Success
2021-10-19 11:51:24.6604 INFO Get User Success :newswadeshi_dis
2021-10-19 11:51:31.3257 INFO Get User Success :108-New Swadeshi Distillery Unit
2021-10-19 11:51:31.3257 INFO Get VAT Master List Success
2021-10-19 11:51:31.6315 INFO Get Product Type Master List Success
2021-10-19 11:51:31.6315 INFO Get User Success :newswadeshi_dis
2021-10-19 11:51:41.8058 INFO Get User Success :108-New Swadeshi Distillery Unit
2021-10-19 11:51:41.8058 INFO Get Product Type Master List Success
2021-10-19 11:51:41.8058 INFO Get User Success :newswadeshi_dis
2021-10-19 11:51:59.2630 INFO Get User Success :108-New Swadeshi Distillery Unit
2021-10-19 11:51:59.2630 INFO Get VAT Master List Success
2021-10-19 11:53:22.3178 INFO Get Product Type Master List Success
2021-10-19 11:53:22.3178 INFO Get User Success :newswadeshi_dis
2021-10-19 11:53:29.9009 INFO Get User Success :108-New Swadeshi Distillery Unit
2021-10-19 11:53:29.9009 INFO Get Product Type Master List Success
2021-10-19 11:53:29.9009 INFO Get User Success :newswadeshi_dis
2021-10-19 11:53:35.6529 INFO Get User Success :108-New Swadeshi Distillery Unit
2021-10-19 11:53:35.6529 INFO Get VAT Master List Success
2021-10-19 11:53:36.3073 INFO Get Product Type Master List Success
2021-10-19 11:53:36.3073 INFO Get User Success :newswadeshi_dis
2021-10-19 11:58:05.9281 INFO Get User Success :383-M & TP Wholesaler
2021-10-19 11:58:06.0263 INFO Get User Success :383-M & TP Wholesaler
2021-10-19 11:58:06.0551 INFO Get Product Type Master List Success
2021-10-19 11:58:06.0551 INFO Get User Success :mtp_who
2021-10-19 11:58:11.9637 INFO Get User Success :383-M & TP Wholesaler
2021-10-19 11:58:11.9637 INFO Get Report  Success
2021-10-19 11:58:11.9798 INFO Get Party Master List Success
2021-10-19 11:58:11.9798 INFO Get Product Type Master List Success
2021-10-19 11:58:11.9798 INFO Get User Success :mtp_who
2021-10-19 11:58:31.3830 INFO Get VAT Master List Success
2021-10-19 11:59:53.9675 INFO Get GetSeverList Success
2021-10-19 12:00:34.0156 INFO Get GetSeverList Success
2021-10-19 12:00:50.0357 INFO Get GetSeverList Success
2021-10-19 12:25:09.9025 INFO Get User Success :108-New Swadeshi Distillery Unit
2021-10-19 12:25:10.0064 INFO Get User Success :108-New Swadeshi Distillery Unit
2021-10-19 12:25:10.0973 INFO Get Product Type Master List Success
2021-10-19 12:25:10.1103 INFO Get User Success :newswadeshi_dis
2021-10-19 12:25:25.8915 INFO Get User Success :108-New Swadeshi Distillery Unit
2021-10-19 12:25:30.1117 INFO Get Product Type Master List Success
2021-10-19 12:25:30.1177 INFO Get User Success :newswadeshi_dis
2021-10-19 12:26:33.0192 INFO Get User Success :108-New Swadeshi Distillery Unit
2021-10-19 12:26:33.0372 INFO Get Product Type Master List Success
2021-10-19 12:26:33.0372 INFO Get User Success :newswadeshi_dis
2021-10-19 12:26:35.1132 INFO Get User Success :108-New Swadeshi Distillery Unit
2021-10-19 12:26:35.1421 INFO Get Product Type Master List Success
2021-10-19 12:26:35.1477 INFO Get User Success :newswadeshi_dis
2021-10-19 12:26:37.3522 INFO Get User Success :108-New Swadeshi Distillery Unit
2021-10-19 12:26:37.3522 INFO Get VAT Master List Success
2021-10-19 12:26:37.3767 INFO Get Product Type Master List Success
2021-10-19 12:26:37.3820 INFO Get User Success :newswadeshi_dis
2021-10-19 12:26:39.2559 INFO Get User Success :108-New Swadeshi Distillery Unit
2021-10-19 12:26:39.2559 INFO Get Form84 List Success
2021-10-19 12:26:39.2878 INFO Get Product Type Master List Success
2021-10-19 12:26:39.2878 INFO Get User Success :newswadeshi_dis
2021-10-19 12:26:42.9653 INFO Get User Success :108-New Swadeshi Distillery Unit
2021-10-19 12:26:42.9883 INFO Get Product Type Master List Success
2021-10-19 12:26:42.9883 INFO Get User Success :newswadeshi_dis
2021-10-19 12:26:43.3014 INFO Get User Success :108-New Swadeshi Distillery Unit
2021-10-19 12:26:43.3274 INFO Get Product Type Master List Success
2021-10-19 12:26:43.3334 INFO Get User Success :newswadeshi_dis
2021-10-19 12:26:45.1493 INFO Get User Success :108-New Swadeshi Distillery Unit
2021-10-19 12:26:45.1493 INFO Get Product Type Master List Success
2021-10-19 12:26:45.1493 INFO Get User Success :newswadeshi_dis
2021-10-19 12:26:46.7494 INFO Get User Success :108-New Swadeshi Distillery Unit
2021-10-19 12:26:46.7694 INFO Get Product Type Master List Success
2021-10-19 12:26:46.7744 INFO Get User Success :newswadeshi_dis
2021-10-19 14:52:27.0634 INFO Get User Success :383-M & TP Wholesaler
2021-10-19 14:52:44.8210 INFO Get User Success :383-M & TP Wholesaler
2021-10-19 14:52:44.8520 INFO Get Product Type Master List Success
2021-10-19 14:52:44.8520 INFO Get User Success :mtp_who
2021-10-19 14:52:47.5753 INFO Get User Success :383-M & TP Wholesaler
2021-10-19 14:52:48.8358 INFO Get Product Type Master List Success
2021-10-19 14:52:48.8358 INFO Get User Success :mtp_who
2021-10-19 14:53:36.2910 INFO Get User Success :383-M & TP Wholesaler
2021-10-19 15:22:15.6721 INFO Get User Success :383-M & TP Wholesaler
2021-10-19 15:22:15.8446 INFO Get User Success :383-M & TP Wholesaler
2021-10-19 15:22:15.8868 INFO Get Product Type Master List Success
2021-10-19 15:22:15.9049 INFO Get User Success :mtp_who
2021-10-19 15:22:20.8773 INFO Get User Success :383-M & TP Wholesaler
2021-10-19 15:22:23.1057 INFO Get Product Type Master List Success
2021-10-19 15:22:23.1057 INFO Get User Success :mtp_who
2021-10-19 15:23:10.3175 INFO Get GetSeverList Success
2021-10-19 15:40:12.1127 INFO Get User Success :108-New Swadeshi Distillery Unit
2021-10-19 15:40:12.2126 INFO Get User Success :108-New Swadeshi Distillery Unit
2021-10-19 15:40:12.2910 INFO Get Product Type Master List Success
2021-10-19 15:40:12.3043 INFO Get User Success :newswadeshi_dis
2021-10-19 15:40:26.5373 INFO Get User Success :108-New Swadeshi Distillery Unit
2021-10-19 15:40:28.8237 INFO Get Product Type Master List Success
2021-10-19 15:40:28.8237 INFO Get User Success :newswadeshi_dis
2021-10-19 15:40:38.3474 INFO Get User Success :108-New Swadeshi Distillery Unit
2021-10-19 15:40:38.3694 INFO Get Product Type Master List Success
2021-10-19 15:40:38.3694 INFO Get User Success :newswadeshi_dis
2021-10-19 15:40:40.4794 INFO Get User Success :108-New Swadeshi Distillery Unit
2021-10-19 15:40:40.4794 INFO Get VAT Master List Success
2021-10-19 15:40:42.5254 INFO Get Product Type Master List Success
2021-10-19 15:40:42.5254 INFO Get User Success :newswadeshi_dis
2021-10-19 15:41:08.2359 INFO Insert Party Master Success :NSDDEN0006-NSDDEN0007
2021-10-19 15:41:08.2668 INFO Get User Success :108-New Swadeshi Distillery Unit
2021-10-19 15:41:08.2868 INFO Get Product Type Master List Success
2021-10-19 15:41:08.2868 INFO Get User Success :newswadeshi_dis
2021-10-19 15:41:09.7560 INFO Get User Success :108-New Swadeshi Distillery Unit
2021-10-19 15:41:09.7560 INFO Get VAT Master List Success
2021-10-19 15:41:13.2264 INFO Get Product Type Master List Success
2021-10-19 15:41:13.2264 INFO Get User Success :newswadeshi_dis
2021-10-19 15:45:42.0293 INFO Get User Success :108-New Swadeshi Distillery Unit
2021-10-19 15:45:42.0293 INFO Get Product Type Master List Success
2021-10-19 15:45:42.0383 INFO Get User Success :newswadeshi_dis
2021-10-19 15:45:46.2042 INFO Get User Success :108-New Swadeshi Distillery Unit
2021-10-19 15:45:46.2042 INFO Get VAT Master List Success
2021-10-19 15:45:48.1086 INFO Get Product Type Master List Success
2021-10-19 15:45:48.1146 INFO Get User Success :newswadeshi_dis
2021-10-19 15:46:02.1102 INFO Update vat_transfer Success :NSDDEN0006-NSDDEN0007-84
2021-10-19 15:46:02.1306 INFO Get User Success :108-New Swadeshi Distillery Unit
2021-10-19 15:46:02.1306 INFO Get Product Type Master List Success
2021-10-19 15:46:02.1306 INFO Get User Success :newswadeshi_dis
2021-10-19 15:46:03.7277 INFO Get User Success :108-New Swadeshi Distillery Unit
2021-10-19 15:46:03.7277 INFO Get VAT Master List Success
2021-10-19 15:46:05.6859 INFO Get Product Type Master List Success
2021-10-19 15:46:05.6859 INFO Get User Success :newswadeshi_dis
2021-10-19 15:46:40.9943 INFO Get User Success :108-New Swadeshi Distillery Unit
2021-10-19 15:46:40.9943 INFO Get Product Type Master List Success
2021-10-19 15:46:40.9943 INFO Get User Success :newswadeshi_dis
2021-10-19 15:46:42.2319 INFO Get User Success :108-New Swadeshi Distillery Unit
2021-10-19 15:46:42.2319 INFO Get VAT Master List Success
2021-10-19 15:48:59.5476 INFO Get Product Type Master List Success
2021-10-19 15:48:59.5535 INFO Get User Success :newswadeshi_dis
2021-10-19 15:49:05.1243 INFO Get User Success :108-New Swadeshi Distillery Unit
2021-10-19 15:49:05.1243 INFO Get Product Type Master List Success
2021-10-19 15:49:05.1323 INFO Get User Success :newswadeshi_dis
2021-10-19 15:49:07.3232 INFO Get User Success :108-New Swadeshi Distillery Unit
2021-10-19 15:49:07.3232 INFO Get VAT Master List Success
2021-10-19 15:49:08.7866 INFO Get Product Type Master List Success
2021-10-19 15:49:08.7866 INFO Get User Success :newswadeshi_dis
2021-10-19 15:49:13.7234 INFO Get User Success :108-New Swadeshi Distillery Unit
2021-10-19 15:49:13.7234 INFO Get Product Type Master List Success
2021-10-19 15:49:13.7234 INFO Get User Success :newswadeshi_dis
2021-10-19 15:49:28.1155 INFO Get User Success :108-New Swadeshi Distillery Unit
2021-10-19 15:49:28.1155 INFO Get VAT Master List Success
2021-10-19 15:49:44.2873 INFO Get Product Type Master List Success
2021-10-19 15:49:44.2873 INFO Get User Success :newswadeshi_dis
2021-10-19 15:49:53.7161 INFO Get User Success :108-New Swadeshi Distillery Unit
2021-10-19 15:49:53.7161 INFO Get Product Type Master List Success
2021-10-19 15:49:53.7250 INFO Get User Success :newswadeshi_dis
2021-10-19 15:50:01.7125 INFO Get User Success :108-New Swadeshi Distillery Unit
2021-10-19 15:50:01.7125 INFO Get VAT Master List Success
2021-10-19 15:50:03.1391 INFO Get Product Type Master List Success
2021-10-19 15:50:03.1451 INFO Get User Success :newswadeshi_dis
2021-10-19 15:50:28.5809 INFO Insert Party Master Success :NSDREC0001-NSDREC0002
2021-10-19 15:50:28.6005 INFO Get User Success :108-New Swadeshi Distillery Unit
2021-10-19 15:50:28.6005 INFO Get Product Type Master List Success
2021-10-19 15:50:28.6005 INFO Get User Success :newswadeshi_dis
2021-10-19 15:50:30.1709 INFO Get User Success :108-New Swadeshi Distillery Unit
2021-10-19 15:50:30.1709 INFO Get VAT Master List Success
2021-10-19 15:50:31.6147 INFO Get Product Type Master List Success
2021-10-19 15:50:31.6147 INFO Get User Success :newswadeshi_dis
2021-10-19 15:50:36.6436 INFO Get User Success :108-New Swadeshi Distillery Unit
2021-10-19 15:50:36.6466 INFO Get Product Type Master List Success
2021-10-19 15:50:36.6466 INFO Get User Success :newswadeshi_dis
2021-10-19 15:50:39.7390 INFO Get User Success :108-New Swadeshi Distillery Unit
2021-10-19 15:50:39.7390 INFO Get VAT Master List Success
2021-10-19 15:50:40.9223 INFO Get Product Type Master List Success
2021-10-19 15:50:40.9272 INFO Get User Success :newswadeshi_dis
2021-10-19 15:51:30.3364 INFO Get User Success :108-New Swadeshi Distillery Unit
2021-10-19 15:51:30.3364 INFO Get Product Type Master List Success
2021-10-19 15:51:30.3364 INFO Get User Success :newswadeshi_dis
2021-10-19 15:51:32.2040 INFO Get User Success :108-New Swadeshi Distillery Unit
2021-10-19 15:51:32.2040 INFO Get VAT Master List Success
2021-10-19 15:51:33.8726 INFO Get Product Type Master List Success
2021-10-19 15:51:33.8726 INFO Get User Success :newswadeshi_dis
2021-10-19 15:51:37.7943 INFO Get User Success :108-New Swadeshi Distillery Unit
2021-10-19 15:51:37.7943 INFO Get Product Type Master List Success
2021-10-19 15:51:37.8023 INFO Get User Success :newswadeshi_dis
2021-10-19 15:52:34.4489 INFO Get User Success :108-New Swadeshi Distillery Unit
2021-10-19 15:52:34.4489 INFO Get VAT Master List Success
2021-10-19 15:52:35.7916 INFO Get Product Type Master List Success
2021-10-19 15:52:35.7916 INFO Get User Success :newswadeshi_dis
2021-10-19 15:52:41.7085 INFO Get User Success :108-New Swadeshi Distillery Unit
2021-10-19 15:52:41.7085 INFO Get Product Type Master List Success
2021-10-19 15:52:41.7085 INFO Get User Success :newswadeshi_dis
2021-10-19 15:52:43.6745 INFO Get User Success :108-New Swadeshi Distillery Unit
2021-10-19 15:52:43.6775 INFO Get VAT Master List Success
2021-10-19 15:52:45.1287 INFO Get Product Type Master List Success
2021-10-19 15:52:45.1356 INFO Get User Success :newswadeshi_dis
