2021-10-05 09:34:22.9404 INFO Get User Success :350-OM Laboratories
2021-10-05 09:34:23.2296 INFO Get User Success :350-OM Laboratories
2021-10-05 09:34:30.3491 INFO Get Product Type Master List Success
2021-10-05 09:34:30.4519 INFO Get User Success :om_lab
2021-10-05 09:34:36.0721 INFO Get User Success :350-OM Laboratories
2021-10-05 09:34:38.4784 INFO Get Product Type Master List Success
2021-10-05 09:34:38.6932 INFO Get User Success :om_lab
2021-10-05 09:35:03.7713 INFO Get User Success :350-OM Laboratories
2021-10-05 09:35:03.9645 INFO Get Allotment List Success
2021-10-05 09:35:07.6759 INFO Get NOC Sucess:Req/PA/OML/PER/2020-21/2
2021-10-05 09:35:08.3816 INFO Get Product Master List Success
2021-10-05 09:35:08.4825 INFO Get UOM List Success
2021-10-05 09:35:08.5763 INFO Get Product Type Master List Success
2021-10-05 09:35:09.9860 INFO Get User Success :om_lab
2021-10-05 10:15:13.4604 INFO Get User Success :339-Bihar Distillers & Bottlers Pvt. Ltd - Unit- 1
2021-10-05 10:15:13.5542 INFO Get User Success :339-Bihar Distillers & Bottlers Pvt. Ltd - Unit- 1
2021-10-05 10:15:13.5542 INFO Get Product Type Master List Success
2021-10-05 10:15:13.5751 INFO Get User Success :bdbl_dis
2021-10-05 10:15:16.0741 INFO Get User Success :339-Bihar Distillers & Bottlers Pvt. Ltd - Unit- 1
2021-10-05 10:15:16.1080 INFO Get Product Type Master List Success
2021-10-05 10:15:16.1080 INFO Get User Success :bdbl_dis
2021-10-05 10:15:17.5287 INFO Get User Success :339-Bihar Distillers & Bottlers Pvt. Ltd - Unit- 1
2021-10-05 10:15:17.5606 INFO Get Pass List Success
2021-10-05 10:15:17.5915 INFO Get Product Type Master List Success
2021-10-05 10:15:17.5915 INFO Get User Success :bdbl_dis
2021-10-05 10:15:20.4285 INFO Get User Success :339-Bihar Distillers & Bottlers Pvt. Ltd - Unit- 1
2021-10-05 10:15:20.4315 INFO Get Product Type Master List Success
2021-10-05 10:15:20.4315 INFO Get User Success :bdbl_dis
2021-10-05 10:17:26.1263 INFO Get User Success :339-Bihar Distillers & Bottlers Pvt. Ltd - Unit- 1
2021-10-05 10:17:26.1462 INFO Get Pass List Success
2021-10-05 10:17:26.1490 INFO Get Product Type Master List Success
2021-10-05 10:17:26.1490 INFO Get User Success :bdbl_dis
2021-10-05 10:36:21.5346 INFO Get User Success :339-Bihar Distillers & Bottlers Pvt. Ltd - Unit- 1
2021-10-05 10:36:43.3390 INFO Get User Success :339-Bihar Distillers & Bottlers Pvt. Ltd - Unit- 1
2021-10-05 10:36:43.3524 INFO Get Product Type Master List Success
2021-10-05 10:36:43.3524 INFO Get User Success :bdbl_dis
2021-10-05 17:28:30.7983 INFO Get User Success :370-Active
2021-10-05 17:28:30.8502 INFO Get Product Type Master List Success
2021-10-05 17:32:15.0731 INFO Get User Success :367-Active
2021-10-05 17:32:15.1310 INFO Get Product Type Master List Success
2021-10-05 17:37:43.9992 INFO Get User Success :367-Active
2021-10-05 17:37:44.0504 INFO Get Product Type Master List Success
2021-10-05 17:41:35.4023 INFO Get User Success :dm_patna
2021-10-05 17:42:15.7284 INFO Get User Success :367-Active
2021-10-05 17:42:15.7445 INFO Get User Success :367-Active
