2021-08-16 13:02:09.9409 INFO Get User Success :44-Administrator
2021-08-16 13:02:10.4748 INFO Get User Success :44-Administrator
2021-08-16 13:02:13.6677 INFO Get Product Type Master List Success
2021-08-16 13:02:13.9206 INFO Get User Success :Admin
2021-08-16 13:02:22.6441 INFO Get State List Success
2021-08-16 13:02:22.7731 INFO Get Product Type Master List Success
2021-08-16 13:02:22.8311 INFO Get User Success :Admin
2021-08-16 13:02:28.2058 INFO Get Product Type Master List Success
2021-08-16 13:02:28.2598 INFO Get User Success :Admin
2021-08-16 13:08:06.7497 INFO Get RolePermissions List Success
2021-08-16 13:08:06.8167 INFO Get Product Type Master List Success
2021-08-16 13:08:06.8677 INFO Get User Success :Admin
2021-08-16 13:08:15.8891 INFO Get Dept List Success
2021-08-16 13:08:15.9571 INFO Get Product Type Master List Success
2021-08-16 13:08:16.2191 INFO Get User Success :Admin
2021-08-16 13:08:20.9318 INFO Get Users List Success
2021-08-16 13:08:21.0008 INFO Get Product Type Master List Success
2021-08-16 13:08:21.0638 INFO Get User Success :Admin
2021-08-16 13:08:23.1437 INFO Get Emp List Success
2021-08-16 13:08:23.2047 INFO Get Product Type Master List Success
2021-08-16 13:08:23.2737 INFO Get User Success :Admin
2021-08-16 13:08:26.1965 INFO Get Dept List Success
2021-08-16 13:08:26.2475 INFO Get Product Type Master List Success
2021-08-16 13:08:26.3065 INFO Get User Success :Admin
2021-08-16 13:08:32.4662 INFO Get WorkFlow List Success
2021-08-16 13:08:32.5401 INFO Get Product Type Master List Success
2021-08-16 13:08:32.5971 INFO Get User Success :Admin
2021-08-16 13:08:43.9495 INFO Get State List Success
2021-08-16 13:08:44.4514 INFO Get Product Type Master List Success
2021-08-16 13:08:44.5044 INFO Get User Success :Admin
2021-08-16 13:08:50.1491 INFO Get License_Type List Success
2021-08-16 13:08:50.2231 INFO Get Product Type Master List Success
2021-08-16 13:08:50.2901 INFO Get User Success :Admin
2021-08-16 13:08:50.7731 INFO Get License_Type List Success
2021-08-16 13:08:50.8191 INFO Get Product Type Master List Success
2021-08-16 13:08:50.8791 INFO Get User Success :Admin
2021-08-16 13:08:52.8699 INFO Get Product Type Master List Success
2021-08-16 13:08:52.9519 INFO Get User Success :Admin
2021-08-16 13:08:53.5219 INFO Get Product Type Master List Success
2021-08-16 13:08:53.5879 INFO Get User Success :Admin
2021-08-16 14:39:40.7774 INFO Get User Success :44-Administrator
2021-08-16 14:39:47.7470 INFO Get User Success :44-Administrator
2021-08-16 14:39:52.5097 INFO Get Product Type Master List Success
2021-08-16 14:39:52.6057 INFO Get User Success :Admin
2021-08-16 14:39:57.5984 INFO Get User Success :44-Administrator
2021-08-16 14:40:16.8163 INFO Get User Success :362-Active
2021-08-16 14:40:17.0743 INFO Get Product Type Master List Success
2021-08-16 14:42:27.9255 INFO Get User Success :362-Active
2021-08-16 14:42:28.0715 INFO Get Product Type Master List Success
2021-08-16 14:42:36.4120 INFO Get User Success :362-Active
2021-08-16 14:42:51.6781 INFO Get User Success :362-Active
2021-08-16 14:42:51.8171 INFO Get Product Type Master List Success
2021-08-16 14:43:33.2006 INFO Get User Success :362-Active
2021-08-16 14:43:58.4251 INFO Get User Success :362-Active
2021-08-16 14:43:58.5971 INFO Get Product Type Master List Success
2021-08-16 14:44:40.2476 INFO Get User Success :362-Active
2021-08-16 14:44:40.9486 INFO Get Product Type Master List Success
2021-08-16 14:50:27.9250 INFO Get User Success :362-Active
2021-08-16 14:50:28.1320 INFO Get Product Type Master List Success
2021-08-16 14:50:36.6075 INFO Get User Success :362-Active
2021-08-16 14:50:36.7925 INFO Get Product Type Master List Success
2021-08-16 14:52:46.0558 INFO Get User Success :362-Active
2021-08-16 14:52:46.5368 INFO Get Product Type Master List Success
2021-08-16 14:52:55.4682 INFO Get User Success :362-Active
2021-08-16 14:52:55.7672 INFO Get User Success :362-Active
