2021-09-04 10:52:14.5518 INFO Get User Success :339-Bihar Distillers & Bottlers Pvt. Ltd - Unit- 1
2021-09-04 10:52:19.2005 INFO Get User Success :339-Bihar Distillers & Bottlers Pvt. Ltd - Unit- 1
2021-09-04 10:52:19.3685 INFO Get Product Type Master List Success
2021-09-04 10:52:19.5435 INFO Get User Success :bdbl_dis
2021-09-04 10:53:10.6363 INFO Get User Success :339-Bihar Distillers & Bottlers Pvt. Ltd - Unit- 1
2021-09-04 10:53:10.8654 INFO Get Product Master List Success
2021-09-04 10:53:45.0942 INFO Get RR List Success
2021-09-04 10:53:45.3402 INFO Get Product Type Master List Success
2021-09-04 10:53:45.4193 INFO Get User Success :bdbl_dis
2021-09-04 10:58:09.3301 INFO Get User Success :100-Deputy Commissioner
2021-09-04 10:58:09.7021 INFO Get User Success :100-Deputy Commissioner
2021-09-04 10:58:10.3960 INFO Get Product Type Master List Success
2021-09-04 10:58:10.4710 INFO Get User Success :hodyco
2021-09-04 10:58:15.9827 INFO Get User Success :100-Deputy Commissioner
2021-09-04 10:58:16.0677 INFO Get Product Master List Success
2021-09-04 10:58:19.8175 INFO Get User Success :100-Deputy Commissioner
2021-09-04 10:58:19.9605 INFO Get Product Master List Success
2021-09-04 10:58:20.0405 INFO Check WorkFlow List Success
2021-09-04 10:58:57.7372 INFO Get RR List Success
2021-09-04 10:58:57.8391 INFO Get Product Type Master List Success
2021-09-04 10:58:57.9142 INFO Get User Success :hodyco
2021-09-04 10:59:11.1644 INFO Get User Success :100-Deputy Commissioner
2021-09-04 10:59:11.2083 INFO Get Product Master List Success
2021-09-04 10:59:11.2534 INFO Check WorkFlow List Success
2021-09-04 10:59:49.3490 INFO Get RR List Success
2021-09-04 10:59:49.5830 INFO Get Product Type Master List Success
2021-09-04 10:59:50.0000 INFO Get User Success :hodyco
2021-09-04 10:59:51.3489 INFO Get User Success :100-Deputy Commissioner
2021-09-04 10:59:51.3989 INFO Get Product Master List Success
2021-09-04 10:59:51.4429 INFO Check WorkFlow List Success
2021-09-04 11:00:37.9900 INFO Get RR List Success
2021-09-04 11:00:38.0460 INFO Get Product Type Master List Success
2021-09-04 11:00:38.2430 INFO Get User Success :hodyco
2021-09-04 11:00:47.8375 INFO Get User Success :100-Deputy Commissioner
2021-09-04 11:00:47.8885 INFO Get Product Master List Success
2021-09-04 11:01:36.3995 INFO Check WorkFlow List Success
2021-09-04 11:02:16.8790 INFO Get RR List Success
2021-09-04 11:02:16.9390 INFO Get Product Type Master List Success
2021-09-04 11:02:17.0460 INFO Get User Success :hodyco
2021-09-04 11:08:16.6391 INFO Get User Success :100-Deputy Commissioner
2021-09-04 11:08:20.4378 INFO Get User Success :100-Deputy Commissioner
2021-09-04 11:08:21.1648 INFO Get Product Type Master List Success
2021-09-04 11:08:21.3188 INFO Get User Success :hodyco
2021-09-04 11:08:33.2580 INFO Get User Success :100-Deputy Commissioner
2021-09-04 11:08:33.2951 INFO Get Product Master List Success
2021-09-04 11:08:38.0158 INFO Get User Success :100-Deputy Commissioner
2021-09-04 11:08:38.0987 INFO Get Product Master List Success
2021-09-04 11:08:55.4757 INFO Check WorkFlow List Success
2021-09-04 11:09:43.9767 INFO Get RR List Success
2021-09-04 11:09:44.0887 INFO Get Product Type Master List Success
2021-09-04 11:09:44.2758 INFO Get User Success :hodyco
2021-09-04 11:11:11.3094 INFO Get User Success :100-Deputy Commissioner
2021-09-04 11:11:11.4004 INFO Get Product Master List Success
2021-09-04 11:11:11.4694 INFO Check WorkFlow List Success
2021-09-04 11:12:07.0690 INFO Get RR List Success
2021-09-04 11:12:07.1690 INFO Get Product Type Master List Success
2021-09-04 11:12:07.3610 INFO Get User Success :hodyco
2021-09-04 11:12:19.0443 INFO Get User Success :100-Deputy Commissioner
2021-09-04 11:12:19.0972 INFO Get Product Master List Success
2021-09-04 11:12:19.1522 INFO Check WorkFlow List Success
2021-09-04 11:12:59.5968 INFO Get RR List Success
2021-09-04 11:12:59.7168 INFO Get Product Type Master List Success
2021-09-04 11:12:59.8698 INFO Get User Success :hodyco
2021-09-04 11:32:57.7447 INFO Get User Success :339-Bihar Distillers & Bottlers Pvt. Ltd - Unit- 1
2021-09-04 11:33:07.3661 INFO Get User Success :339-Bihar Distillers & Bottlers Pvt. Ltd - Unit- 1
2021-09-04 11:33:07.5951 INFO Get Product Type Master List Success
2021-09-04 11:33:07.7460 INFO Get User Success :bdbl_dis
2021-09-04 11:33:14.0947 INFO Get User Success :339-Bihar Distillers & Bottlers Pvt. Ltd - Unit- 1
2021-09-04 11:33:14.1727 INFO Get Product Master List Success
2021-09-04 11:33:48.1916 INFO Get RR List Success
2021-09-04 11:33:48.2916 INFO Get Product Type Master List Success
2021-09-04 11:33:48.3606 INFO Get User Success :bdbl_dis
2021-09-04 11:33:48.6206 INFO Get User Success :339-Bihar Distillers & Bottlers Pvt. Ltd - Unit- 1
2021-09-04 11:33:48.6726 INFO Get Product Master List Success
2021-09-04 11:34:23.6195 INFO Get RR List Success
2021-09-04 11:34:23.6764 INFO Get Product Type Master List Success
2021-09-04 11:34:23.7685 INFO Get User Success :bdbl_dis
2021-09-04 11:34:28.4531 INFO Get User Success :339-Bihar Distillers & Bottlers Pvt. Ltd - Unit- 1
2021-09-04 11:34:28.5031 INFO Get Product Master List Success
2021-09-04 11:34:28.6701 INFO Get State List Success
2021-09-04 11:34:28.7351 INFO Get NOC Sucess:292
2021-09-04 11:34:28.8221 INFO Get NOC Sucess:Req/BH/BDB/NOC/2020-21/11
2021-09-04 11:34:28.9141 INFO Get Product Type Master List Success
2021-09-04 11:34:28.9801 INFO Get User Success :bdbl_dis
2021-09-04 11:34:44.0532 INFO Get Customer Details Success
2021-09-04 11:37:31.7350 INFO NOC Insertion Sucess:292-BDB
2021-09-04 11:37:31.8419 INFO Get User Success :339-Bihar Distillers & Bottlers Pvt. Ltd - Unit- 1
2021-09-04 11:37:31.8989 INFO Get Product Master List Success
2021-09-04 11:38:12.2295 INFO Get RR List Success
2021-09-04 11:38:12.2805 INFO Get Product Type Master List Success
2021-09-04 11:38:12.5195 INFO Get User Success :bdbl_dis
2021-09-04 11:39:49.9065 INFO Get User Success :339-Bihar Distillers & Bottlers Pvt. Ltd - Unit- 1
2021-09-04 11:39:49.9585 INFO Get Product Master List Success
2021-09-04 11:39:50.9544 INFO Get State List Success
2021-09-04 11:39:51.0074 INFO Get NOC Sucess:293
2021-09-04 11:39:51.2564 INFO Get NOC Sucess:Req/BH/BDB/NOC/2020-21/12
2021-09-04 11:39:51.6494 INFO Get NOC Details Success
2021-09-04 11:39:51.8174 INFO Get Customer Details Success
2021-09-04 11:39:51.9094 INFO Get Product Type Master List Success
2021-09-04 11:39:52.1814 INFO Get User Success :bdbl_dis
2021-09-04 11:40:00.4389 INFO Get User Success :339-Bihar Distillers & Bottlers Pvt. Ltd - Unit- 1
2021-09-04 11:40:00.4859 INFO Get Product Master List Success
2021-09-04 11:40:40.4355 INFO Get RR List Success
2021-09-04 11:40:40.4985 INFO Get Product Type Master List Success
2021-09-04 11:40:40.7904 INFO Get User Success :bdbl_dis
2021-09-04 11:41:44.1435 INFO Get User Success :341-Assistant Commissioner
2021-09-04 11:41:44.3675 INFO Get User Success :341-Assistant Commissioner
2021-09-04 11:41:44.5755 INFO Get Product Type Master List Success
2021-09-04 11:41:44.7615 INFO Get User Success :bhedo
2021-09-04 11:41:57.0078 INFO Get User Success :341-Assistant Commissioner
2021-09-04 11:41:57.0637 INFO Get Product Master List Success
2021-09-04 11:41:57.1737 INFO Get User Success :341-Assistant Commissioner
2021-09-04 11:41:57.2217 INFO Get Product Master List Success
2021-09-04 11:41:59.4716 INFO Check WorkFlow List Success
2021-09-04 11:42:41.0761 INFO Get RR List Success
2021-09-04 11:42:41.1241 INFO Get Product Type Master List Success
2021-09-04 11:42:41.1981 INFO Get User Success :bhedo
2021-09-04 11:43:19.4958 INFO Get User Success :341-Assistant Commissioner
2021-09-04 11:43:19.5427 INFO Get Product Master List Success
2021-09-04 11:43:19.8757 INFO Get State List Success
2021-09-04 11:43:19.9287 INFO Get NOC Sucess:293
2021-09-04 11:43:20.0437 INFO Get NOC Sucess:Req//1
2021-09-04 11:43:20.2597 INFO Get State List Success
2021-09-04 11:43:20.4927 INFO Get NOC Details Success
2021-09-04 11:43:20.5517 INFO Get Customer Details Success
2021-09-04 11:43:20.7266 INFO Check WorkFlow List Success
2021-09-04 11:43:20.8606 INFO Get Product Type Master List Success
2021-09-04 11:43:20.9256 INFO Get User Success :bhedo
2021-09-04 11:43:35.8027 INFO Get User Success :341-Assistant Commissioner
2021-09-04 11:43:35.8617 INFO Get Product Master List Success
2021-09-04 11:58:17.4839 INFO Check WorkFlow List Success
2021-09-04 11:58:56.5335 INFO Get RR List Success
2021-09-04 11:58:56.5925 INFO Get Product Type Master List Success
2021-09-04 11:58:56.7125 INFO Get User Success :bhedo
2021-09-04 12:00:31.6657 INFO Get User Success :341-Assistant Commissioner
2021-09-04 12:00:32.0627 INFO Get User Success :341-Assistant Commissioner
2021-09-04 12:00:32.4797 INFO Get Product Type Master List Success
2021-09-04 12:00:32.5607 INFO Get User Success :bhedo
2021-09-04 12:00:38.6053 INFO Get User Success :341-Assistant Commissioner
2021-09-04 12:00:38.7293 INFO Get Product Master List Success
2021-09-04 12:00:39.1063 INFO Get User Success :341-Assistant Commissioner
2021-09-04 12:00:39.1633 INFO Get Product Master List Success
2021-09-04 12:00:45.6139 INFO Check WorkFlow List Success
2021-09-04 12:01:30.6212 INFO Get RR List Success
2021-09-04 12:01:30.7871 INFO Get Product Type Master List Success
2021-09-04 12:01:30.9161 INFO Get User Success :bhedo
2021-09-04 12:01:49.2910 INFO Get User Success :341-Assistant Commissioner
2021-09-04 12:01:49.3320 INFO Get Product Master List Success
2021-09-04 12:02:20.1511 INFO Check WorkFlow List Success
2021-09-04 12:06:06.8003 INFO Get User Success :341-Assistant Commissioner
2021-09-04 12:06:10.0781 INFO Get User Success :341-Assistant Commissioner
2021-09-04 12:06:10.4251 INFO Get Product Type Master List Success
2021-09-04 12:06:10.5201 INFO Get User Success :bhedo
2021-09-04 12:06:20.6424 INFO Get User Success :341-Assistant Commissioner
2021-09-04 12:06:20.7664 INFO Get Product Master List Success
2021-09-04 12:06:25.4172 INFO Get User Success :341-Assistant Commissioner
2021-09-04 12:06:25.4831 INFO Get Product Master List Success
2021-09-04 12:06:30.3879 INFO Check WorkFlow List Success
2021-09-04 12:07:26.1724 INFO Get RR List Success
2021-09-04 12:07:26.3314 INFO Get Product Type Master List Success
2021-09-04 12:07:26.4354 INFO Get User Success :bhedo
2021-09-04 12:07:53.0368 INFO Get User Success :341-Assistant Commissioner
2021-09-04 12:07:53.0938 INFO Get Product Master List Success
2021-09-04 12:07:53.1458 INFO Check WorkFlow List Success
2021-09-04 12:08:35.1922 INFO Get RR List Success
2021-09-04 12:08:35.2923 INFO Get Product Type Master List Success
2021-09-04 12:08:35.3832 INFO Get User Success :bhedo
2021-09-04 12:09:00.5717 INFO Get User Success :341-Assistant Commissioner
2021-09-04 12:09:00.6337 INFO Get Product Master List Success
2021-09-04 12:09:02.9605 INFO Check WorkFlow List Success
2021-09-04 12:09:39.3303 INFO Get RR List Success
2021-09-04 12:09:39.3824 INFO Get Product Type Master List Success
2021-09-04 12:09:39.4473 INFO Get User Success :bhedo
2021-09-04 12:45:21.9286 INFO Get User Success :341-Assistant Commissioner
2021-09-04 12:45:21.9786 INFO Get Product Master List Success
2021-09-04 12:45:22.3625 INFO Get State List Success
2021-09-04 12:45:22.4175 INFO Get NOC Sucess:293
2021-09-04 12:45:22.5075 INFO Get NOC Sucess:Req//1
2021-09-04 12:45:22.5745 INFO Get State List Success
2021-09-04 12:45:22.7935 INFO Get NOC Details Success
2021-09-04 12:45:22.8835 INFO Get Customer Details Success
2021-09-04 12:45:23.1175 INFO Check WorkFlow List Success
2021-09-04 12:45:23.2205 INFO Get Product Type Master List Success
2021-09-04 12:45:23.2935 INFO Get User Success :bhedo
2021-09-04 12:45:38.6745 INFO Get User Success :341-Assistant Commissioner
2021-09-04 12:45:39.1435 INFO NOC Approve Sucess:292
2021-09-04 12:45:39.2685 INFO Get User Success :341-Assistant Commissioner
2021-09-04 12:45:39.3185 INFO Get Product Master List Success
2021-09-04 12:45:39.5745 INFO Get User Success :341-Assistant Commissioner
2021-09-04 12:45:39.6535 INFO Get Product Master List Success
2021-09-04 12:45:41.9653 INFO Check WorkFlow List Success
2021-09-04 12:46:25.3787 INFO Get RR List Success
2021-09-04 12:46:25.4357 INFO Get Product Type Master List Success
2021-09-04 12:46:25.5967 INFO Get User Success :bhedo
2021-09-04 12:46:42.3996 INFO Get User Success :100-Deputy Commissioner
2021-09-04 12:46:42.6396 INFO Get User Success :100-Deputy Commissioner
2021-09-04 12:46:43.6676 INFO Get Product Type Master List Success
2021-09-04 12:46:43.8426 INFO Get User Success :hodyco
2021-09-04 12:46:48.5613 INFO Get User Success :100-Deputy Commissioner
2021-09-04 12:46:48.6383 INFO Get Product Master List Success
2021-09-04 12:46:48.8003 INFO Get User Success :100-Deputy Commissioner
2021-09-04 12:46:48.8683 INFO Get Product Master List Success
2021-09-04 12:46:51.1891 INFO Check WorkFlow List Success
2021-09-04 12:47:32.0076 INFO Get RR List Success
2021-09-04 12:47:32.0696 INFO Get Product Type Master List Success
2021-09-04 12:47:32.3547 INFO Get User Success :hodyco
2021-09-04 13:33:31.4291 INFO Get User Success :108-New Swadeshi Distillery Unit
2021-09-04 13:33:32.5861 INFO Get User Success :108-New Swadeshi Distillery Unit
2021-09-04 13:33:38.8927 INFO Get Product Type Master List Success
2021-09-04 13:33:39.4906 INFO Get User Success :newswadeshi_dis
2021-09-04 13:34:02.8722 INFO Get User Success :108-New Swadeshi Distillery Unit
2021-09-04 13:34:04.5451 INFO Get Product Type Master List Success
2021-09-04 13:34:04.7891 INFO Get User Success :newswadeshi_dis
2021-09-04 13:34:15.9794 INFO Get User Success :108-New Swadeshi Distillery Unit
2021-09-04 13:34:59.6317 INFO Get Pass List Success
2021-09-04 13:34:59.8267 INFO Get Product Type Master List Success
2021-09-04 13:35:00.0787 INFO Get User Success :newswadeshi_dis
2021-09-04 13:35:03.8315 INFO Get User Success :108-New Swadeshi Distillery Unit
2021-09-04 13:36:00.2830 INFO Get Pass List Success
2021-09-04 13:36:00.4081 INFO Get Product Type Master List Success
2021-09-04 13:36:00.6450 INFO Get User Success :newswadeshi_dis
2021-09-04 13:36:58.8795 INFO Get Pass List Success
2021-09-04 13:37:12.4306 INFO Get User Success :108-New Swadeshi Distillery Unit
2021-09-04 13:37:12.5996 INFO Get Dispach Master List Success
2021-09-04 13:37:13.3306 INFO Get VAT Master List Success
2021-09-04 13:37:13.4766 INFO Get Pass List Success
2021-09-04 13:37:14.4645 INFO Get Product Type Master List Success
2021-09-04 13:37:14.6975 INFO Get User Success :newswadeshi_dis
2021-09-04 13:39:25.6775 INFO Get User Success :108-New Swadeshi Distillery Unit
2021-09-04 13:40:14.0836 INFO Get Pass List Success
2021-09-04 13:40:14.2135 INFO Get Product Type Master List Success
2021-09-04 13:40:14.4525 INFO Get User Success :newswadeshi_dis
2021-09-04 13:41:01.8126 INFO Get Pass List Success
2021-09-04 13:41:29.8839 INFO Get User Fail :-Exception while reading from stream
2021-09-04 13:45:13.9583 INFO Get User Fail :-The operation has timed out.
2021-09-04 14:41:23.8776 INFO Get User Success :108-New Swadeshi Distillery Unit
2021-09-04 14:41:28.7523 INFO Get User Success :108-New Swadeshi Distillery Unit
2021-09-04 14:41:33.4970 INFO Get Product Type Master List Success
2021-09-04 14:41:33.7400 INFO Get User Success :newswadeshi_dis
2021-09-04 14:42:45.7886 INFO Get User Success :108-New Swadeshi Distillery Unit
2021-09-04 14:42:46.8345 INFO Get Product Type Master List Success
2021-09-04 14:42:46.9606 INFO Get User Success :newswadeshi_dis
2021-09-04 14:43:04.4305 INFO Get User Success :108-New Swadeshi Distillery Unit
2021-09-04 14:43:32.6657 INFO Get Pass List Success
2021-09-04 14:43:32.8847 INFO Get Product Type Master List Success
2021-09-04 14:43:33.0208 INFO Get User Success :newswadeshi_dis
2021-09-04 14:43:57.8042 INFO Get Pass List Success
2021-09-04 14:44:15.8221 INFO Get User Success :108-New Swadeshi Distillery Unit
2021-09-04 14:44:16.0351 INFO Get Dispach Master List Success
