2021-11-23 09:47:11.4829 INFO Get User Success :109-Sona Sati Organics Pvt Ltd
2021-11-23 09:47:11.5995 INFO Get User Success :109-Sona Sati Organics Pvt Ltd
2021-11-23 09:47:11.6541 INFO Get Product Type Master List Success
2021-11-23 09:47:11.6635 INFO Get User Success :sonasati_dis
2021-11-23 09:47:16.8385 INFO Get User Success :109-Sona Sati Organics Pvt Ltd
2021-11-23 09:47:19.0127 INFO Get Product Type Master List Success
2021-11-23 09:47:19.0127 INFO Get User Success :sonasati_dis
2021-11-23 09:47:21.6741 INFO Get User Success :109-Sona Sati Organics Pvt Ltd
2021-11-23 09:47:21.7006 INFO Get Product Type Master List Success
2021-11-23 09:47:21.7006 INFO Get User Success :sonasati_dis
2021-11-23 09:47:22.7650 INFO Get User Success :109-Sona Sati Organics Pvt Ltd
2021-11-23 09:47:22.7716 INFO Get VAT Master List Success
2021-11-23 09:47:22.7885 INFO Get Product Type Master List Success
2021-11-23 09:47:22.7885 INFO Get User Success :sonasati_dis
2021-11-23 09:47:26.6686 INFO Get User Success :109-Sona Sati Organics Pvt Ltd
2021-11-23 09:47:26.6686 INFO Get VAT Master List Success
2021-11-23 09:47:26.6806 INFO Get Product Type Master List Success
2021-11-23 09:47:26.6806 INFO Get User Success :sonasati_dis
2021-11-23 09:47:31.4526 INFO Get User Success :109-Sona Sati Organics Pvt Ltd
2021-11-23 09:47:45.5767 INFO Get User Success :109-Sona Sati Organics Pvt Ltd
2021-11-23 10:18:55.3945 INFO Get User Success :109-Sona Sati Organics Pvt Ltd
2021-11-23 10:18:55.5111 INFO Get User Success :109-Sona Sati Organics Pvt Ltd
2021-11-23 10:18:55.5846 INFO Get Product Type Master List Success
2021-11-23 10:18:55.5846 INFO Get User Success :sonasati_dis
2021-11-23 10:19:00.3935 INFO Get User Success :109-Sona Sati Organics Pvt Ltd
2021-11-23 10:19:02.4449 INFO Get Product Type Master List Success
2021-11-23 10:19:02.4449 INFO Get User Success :sonasati_dis
2021-11-23 10:19:05.1949 INFO Get User Success :109-Sona Sati Organics Pvt Ltd
2021-11-23 10:19:05.2352 INFO Get Product Type Master List Success
2021-11-23 10:19:05.2418 INFO Get User Success :sonasati_dis
2021-11-23 10:19:06.8748 INFO Get User Success :109-Sona Sati Organics Pvt Ltd
2021-11-23 10:19:06.8748 INFO Get VAT Master List Success
2021-11-23 10:19:06.8897 INFO Get VAT Master List Success
2021-11-23 10:19:08.7709 INFO Get Product Type Master List Success
2021-11-23 10:19:08.7709 INFO Get User Success :sonasati_dis
2021-11-23 10:19:28.3245 INFO Get User Success :109-Sona Sati Organics Pvt Ltd
2021-11-23 10:19:28.3452 INFO Get Product Type Master List Success
2021-11-23 10:19:28.3516 INFO Get User Success :sonasati_dis
2021-11-23 10:19:34.7294 INFO Get User Success :109-Sona Sati Organics Pvt Ltd
2021-11-23 10:19:35.4283 INFO Get Product Type Master List Success
2021-11-23 10:19:35.4283 INFO Get User Success :sonasati_dis
2021-11-23 10:19:42.0034 INFO Get User Success :109-Sona Sati Organics Pvt Ltd
2021-11-23 10:19:42.0074 INFO Get Product Type Master List Success
2021-11-23 10:19:42.0074 INFO Get User Success :sonasati_dis
2021-11-23 10:19:45.7132 INFO Get User Success :109-Sona Sati Organics Pvt Ltd
2021-11-23 10:19:46.5033 INFO Get Product Type Master List Success
2021-11-23 10:19:46.5093 INFO Get User Success :sonasati_dis
2021-11-23 10:19:52.3182 INFO Get User Success :109-Sona Sati Organics Pvt Ltd
2021-11-23 10:19:52.3182 INFO Get Product Type Master List Success
2021-11-23 10:19:52.3182 INFO Get User Success :sonasati_dis
2021-11-23 10:19:55.9124 INFO Get User Success :109-Sona Sati Organics Pvt Ltd
2021-11-23 10:19:56.1810 INFO Get Product Type Master List Success
2021-11-23 10:19:56.1810 INFO Get User Success :sonasati_dis
2021-11-23 10:20:00.5441 INFO Get User Success :109-Sona Sati Organics Pvt Ltd
2021-11-23 10:20:00.5441 INFO Get Product Type Master List Success
2021-11-23 10:20:00.5561 INFO Get User Success :sonasati_dis
2021-11-23 10:20:02.7710 INFO Get User Success :109-Sona Sati Organics Pvt Ltd
2021-11-23 10:20:02.7710 INFO Get Product Type Master List Success
2021-11-23 10:20:02.7710 INFO Get User Success :sonasati_dis
2021-11-23 10:20:12.3453 INFO Get User Success :109-Sona Sati Organics Pvt Ltd
2021-11-23 10:20:12.3529 INFO Get Form84 List Success
2021-11-23 10:20:12.3698 INFO Get Product Type Master List Success
2021-11-23 10:20:12.3698 INFO Get User Success :sonasati_dis
2021-11-23 10:20:13.4960 INFO Get User Success :109-Sona Sati Organics Pvt Ltd
2021-11-23 10:20:13.4960 INFO Get VAT Master List Success
2021-11-23 10:20:13.5180 INFO Get Product Type Master List Success
2021-11-23 10:20:13.5249 INFO Get User Success :sonasati_dis
2021-11-23 10:20:17.8818 INFO Get User Success :109-Sona Sati Organics Pvt Ltd
2021-11-23 10:20:17.8981 INFO Get Product Type Master List Success
2021-11-23 10:20:17.8981 INFO Get User Success :sonasati_dis
2021-11-23 10:20:21.2733 INFO Get User Success :109-Sona Sati Organics Pvt Ltd
2021-11-23 10:46:00.3160 INFO Get Product Type Master List Success
2021-11-23 10:46:00.3252 INFO Get User Success :sonasati_dis
2021-11-23 10:46:10.7890 INFO Get User Success :109-Sona Sati Organics Pvt Ltd
2021-11-23 10:46:10.9974 INFO Get User Success :109-Sona Sati Organics Pvt Ltd
2021-11-23 10:46:11.0485 INFO Get Product Type Master List Success
2021-11-23 10:46:11.0686 INFO Get User Success :sonasati_dis
2021-11-23 10:46:13.4783 INFO Get User Success :109-Sona Sati Organics Pvt Ltd
2021-11-23 10:46:16.1195 INFO Get Product Type Master List Success
2021-11-23 10:46:16.1355 INFO Get User Success :sonasati_dis
2021-11-23 10:46:18.0863 INFO Get User Success :109-Sona Sati Organics Pvt Ltd
2021-11-23 10:46:18.1083 INFO Get Product Type Master List Success
2021-11-23 10:46:18.1148 INFO Get User Success :sonasati_dis
2021-11-23 10:46:24.6195 INFO Get User Success :109-Sona Sati Organics Pvt Ltd
2021-11-23 10:46:25.2710 INFO Get Product Type Master List Success
2021-11-23 10:46:25.2710 INFO Get User Success :sonasati_dis
2021-11-23 10:46:30.3572 INFO Get User Success :109-Sona Sati Organics Pvt Ltd
2021-11-23 10:46:30.3672 INFO Get Product Type Master List Success
2021-11-23 10:46:30.3672 INFO Get User Success :sonasati_dis
2021-11-23 10:46:32.7593 INFO Get User Success :109-Sona Sati Organics Pvt Ltd
2021-11-23 10:46:32.7795 INFO Get Product Type Master List Success
2021-11-23 10:46:32.7858 INFO Get User Success :sonasati_dis
2021-11-23 10:46:34.3941 INFO Get User Success :109-Sona Sati Organics Pvt Ltd
2021-11-23 10:46:34.3981 INFO Get VAT Master List Success
2021-11-23 10:46:34.3981 INFO Get VAT Master List Success
2021-11-23 10:46:36.2954 INFO Get Product Type Master List Success
2021-11-23 10:46:36.3013 INFO Get User Success :sonasati_dis
2021-11-23 10:46:39.9236 INFO Get User Success :109-Sona Sati Organics Pvt Ltd
2021-11-23 10:46:39.9312 INFO Get Form84 List Success
2021-11-23 10:46:39.9472 INFO Get Product Type Master List Success
2021-11-23 10:46:39.9472 INFO Get User Success :sonasati_dis
2021-11-23 10:46:41.6976 INFO Get User Success :109-Sona Sati Organics Pvt Ltd
2021-11-23 10:46:41.6976 INFO Get VAT Master List Success
2021-11-23 10:46:41.6976 INFO Get VAT Master List Success
2021-11-23 10:46:41.6976 INFO Get VAT Master List Success
2021-11-23 10:46:41.7092 INFO Get VAT Master List Success
2021-11-23 10:46:41.7092 INFO Get VAT Master List Success
2021-11-23 10:46:41.7092 INFO Get VAT Master List Success
2021-11-23 10:46:43.3778 INFO Get Product Type Master List Success
2021-11-23 10:46:43.3848 INFO Get User Success :sonasati_dis
2021-11-23 10:46:47.5849 INFO Get User Success :109-Sona Sati Organics Pvt Ltd
2021-11-23 10:46:47.5849 INFO Get VAT Master List Success
2021-11-23 10:46:47.6059 INFO Get Product Type Master List Success
2021-11-23 10:46:47.6059 INFO Get User Success :sonasati_dis
2021-11-23 10:46:49.4010 INFO Get User Success :109-Sona Sati Organics Pvt Ltd
2021-11-23 10:46:49.4180 INFO Get Product Type Master List Success
2021-11-23 10:46:49.4259 INFO Get User Success :sonasati_dis
2021-11-23 10:47:00.0833 INFO Get User Success :109-Sona Sati Organics Pvt Ltd
2021-11-23 14:21:00.5639 INFO Get User Success :105-Majhaulia Sugar Industry Ltd Distillery Division
2021-11-23 14:21:00.7436 INFO Get User Success :105-Majhaulia Sugar Industry Ltd Distillery Division
2021-11-23 14:21:00.8146 INFO Get Product Type Master List Success
2021-11-23 14:21:00.8261 INFO Get User Success :majhaulia_dis
2021-11-23 14:21:03.8243 INFO Get User Success :105-Majhaulia Sugar Industry Ltd Distillery Division
2021-11-23 14:21:05.7291 INFO Get Product Type Master List Success
2021-11-23 14:21:05.7291 INFO Get User Success :majhaulia_dis
2021-11-23 14:21:08.6711 INFO Get User Success :105-Majhaulia Sugar Industry Ltd Distillery Division
2021-11-23 14:21:09.7993 INFO Get Product Type Master List Success
2021-11-23 14:21:09.8043 INFO Get User Success :majhaulia_dis
2021-11-23 14:21:12.1359 INFO Get User Success :105-Majhaulia Sugar Industry Ltd Distillery Division
2021-11-23 14:21:14.1303 INFO Get Product Type Master List Success
2021-11-23 14:21:14.1303 INFO Get User Success :majhaulia_dis
2021-11-23 14:22:21.8597 INFO Get User Success :353-M and TP Unit
2021-11-23 14:22:21.9040 INFO Get User Success :353-M and TP Unit
2021-11-23 14:22:21.9040 INFO Get Product Type Master List Success
2021-11-23 14:22:21.9120 INFO Get User Success :mtp1
2021-11-23 14:22:35.8506 INFO Get User Success :353-M and TP Unit
2021-11-23 14:22:37.3340 INFO Get Product Type Master List Success
2021-11-23 14:22:37.3340 INFO Get User Success :mtp1
2021-11-23 14:23:04.2211 INFO Get User Success :353-M and TP Unit
2021-11-23 14:26:28.7621 INFO Get Allotment List Success
2021-11-23 14:26:28.9788 INFO Get NOC Sucess:Req/BJ/MTP/PER/2020-21/2021-2022/7
2021-11-23 14:26:28.9788 INFO Get Product Master List Success
2021-11-23 14:26:28.9788 INFO Get UOM List Success
2021-11-23 14:26:28.9788 INFO Get Product Type Master List Success
2021-11-23 14:26:28.9888 INFO Get User Success :mtp1
2021-11-23 14:26:35.0475 INFO Get User Success :353-M and TP Unit
2021-11-23 14:26:36.6538 INFO Get Allotment List Success
2021-11-23 14:26:36.6767 INFO Get Product Type Master List Success
2021-11-23 14:26:36.6767 INFO Get User Success :mtp1
2021-11-23 14:35:23.7393 INFO Get User Success :353-M and TP Unit
2021-11-23 14:35:25.0804 INFO Get Allotment List Success
2021-11-23 14:35:25.0844 INFO Get Product Type Master List Success
2021-11-23 14:35:25.0844 INFO Get User Success :mtp1
2021-11-23 14:43:19.9326 INFO Get User Success :353-M and TP Unit
2021-11-23 15:12:38.7862 INFO Get Product Type Master List Success
2021-11-23 15:12:38.7862 INFO Get User Success :mtp1
2021-11-23 15:12:49.0601 INFO Get User Success :350-Globus Spirits Limited
2021-11-23 15:12:49.1802 INFO Get User Success :350-Globus Spirits Limited
2021-11-23 15:12:49.1802 INFO Get Product Type Master List Success
2021-11-23 15:12:49.1802 INFO Get User Success :globus_dis
2021-11-23 15:12:52.2529 INFO Get User Success :350-Globus Spirits Limited
2021-11-23 15:12:52.2618 INFO Get User Success :350-Globus Spirits Limited
2021-11-23 15:12:53.9465 INFO Get Product Type Master List Success
2021-11-23 15:12:53.9465 INFO Get User Success :globus_dis
2021-11-23 15:13:58.5359 INFO Get User Success :350-Globus Spirits Limited
2021-11-23 15:14:00.0311 INFO Get User Success :350-Globus Spirits Limited
2021-11-23 15:14:02.9469 INFO Get Product Master List Success
2021-11-23 15:14:03.4223 INFO Get User Success :350-Globus Spirits Limited
2021-11-23 15:14:03.4223 INFO Get Balance Request Pass Success
2021-11-23 15:14:03.6522 INFO Get User Success :350-Globus Spirits Limited
2021-11-23 15:14:03.6522 INFO Get Balance Request Pass Success
2021-11-23 15:14:04.1242 INFO Get Product Type Master List Success
2021-11-23 15:14:04.1302 INFO Get User Success :globus_dis
2021-11-23 15:14:08.3367 INFO Get User Success :350-Globus Spirits Limited
2021-11-23 15:15:50.5288 INFO Get Product Master List Success
2021-11-23 15:15:51.3633 INFO Get User Success :350-Globus Spirits Limited
2021-11-23 15:15:51.3653 INFO Get Balance Request Pass Success
2021-11-23 15:15:51.7640 INFO Get User Success :350-Globus Spirits Limited
2021-11-23 15:15:51.7640 INFO Get Balance Request Pass Success
