2021-12-04 11:20:14.3970 INFO Get User Success :112-Riga Sugar Company Ltd
2021-12-04 11:20:14.4998 INFO Get User Success :112-Riga Sugar Company Ltd
2021-12-04 11:20:14.5726 INFO Get Product Type Master List Success
2021-12-04 11:20:14.5845 INFO Get User Success :riga_sgr
2021-12-04 11:20:25.6518 INFO Sugarcanepurchase Get List Success
2021-12-04 11:20:25.6518 INFO Get User Success :112-Riga Sugar Company Ltd
2021-12-04 11:20:25.7127 INFO Get Product Type Master List Success
2021-12-04 11:20:25.7127 INFO Get User Success :riga_sgr
2021-12-04 11:20:27.8348 INFO Get User Success :112-Riga Sugar Company Ltd
2021-12-04 11:20:27.8616 INFO Get Product Type Master List Success
2021-12-04 11:20:27.8698 INFO Get User Success :riga_sgr
2021-12-04 11:20:29.3697 INFO Get User Success :112-Riga Sugar Company Ltd
2021-12-04 11:20:29.3834 INFO MIR GetList Sucess
2021-12-04 11:20:29.3834 INFO Get Product Type Master List Success
2021-12-04 11:20:29.3962 INFO Get User Success :riga_sgr
2021-12-04 11:20:29.9798 INFO Get User Success :112-Riga Sugar Company Ltd
2021-12-04 11:20:31.9645 INFO Get Product Type Master List Success
2021-12-04 11:20:31.9725 INFO Get User Success :riga_sgr
2021-12-04 11:20:34.9101 INFO Get User Success :112-Riga Sugar Company Ltd
2021-12-04 11:20:36.8961 INFO Get Product Type Master List Success
2021-12-04 11:20:36.8961 INFO Get User Success :riga_sgr
2021-12-04 11:21:13.9593 INFO Get User Success :112-Riga Sugar Company Ltd
2021-12-04 11:21:15.6742 INFO Get Product Type Master List Success
2021-12-04 11:21:15.6832 INFO Get User Success :riga_sgr
2021-12-04 11:21:17.9241 INFO Get User Success :112-Riga Sugar Company Ltd
2021-12-04 11:21:40.9330 INFO Get Product Type Master List Success
2021-12-04 11:21:40.9410 INFO Get User Success :riga_sgr
2021-12-04 11:21:46.2623 INFO Get User Success :112-Riga Sugar Company Ltd
2021-12-04 11:39:02.1647 INFO Get User Success :112-Riga Sugar Company Ltd
2021-12-04 11:39:02.2712 INFO Get User Success :112-Riga Sugar Company Ltd
2021-12-04 11:39:02.3328 INFO Get Product Type Master List Success
2021-12-04 11:39:02.3328 INFO Get User Success :riga_sgr
2021-12-04 11:39:10.5793 INFO Sugarcanepurchase Get List Success
2021-12-04 11:39:10.5828 INFO Get User Success :112-Riga Sugar Company Ltd
2021-12-04 11:39:10.6286 INFO Get Product Type Master List Success
2021-12-04 11:39:10.6286 INFO Get User Success :riga_sgr
2021-12-04 11:39:12.4331 INFO Get User Success :112-Riga Sugar Company Ltd
2021-12-04 11:39:12.4331 INFO Get Product Type Master List Success
2021-12-04 11:39:12.4511 INFO Get User Success :riga_sgr
2021-12-04 11:39:17.4270 INFO Get User Success :112-Riga Sugar Company Ltd
2021-12-04 11:39:19.9419 INFO Get VAT Master List Success
2021-12-04 11:39:20.7588 INFO Get Product Type Master List Success
2021-12-04 11:39:20.7787 INFO Get User Success :riga_sgr
2021-12-04 11:39:33.9449 INFO Get User Success :112-Riga Sugar Company Ltd
2021-12-04 11:39:33.9449 INFO Get Product Type Master List Success
2021-12-04 11:39:33.9449 INFO Get User Success :riga_sgr
2021-12-04 11:39:36.4169 INFO Get User Success :112-Riga Sugar Company Ltd
2021-12-04 11:39:38.0913 INFO Get VAT Master List Success
2021-12-04 11:39:38.3528 INFO Get Product Type Master List Success
2021-12-04 11:39:38.3528 INFO Get User Success :riga_sgr
2021-12-04 11:41:28.5866 INFO Get User Success :112-Riga Sugar Company Ltd
2021-12-04 11:41:28.6006 INFO MIR GetList Sucess
2021-12-04 11:41:28.6006 INFO Get Product Type Master List Success
2021-12-04 11:41:28.6006 INFO Get User Success :riga_sgr
2021-12-04 11:41:30.7762 INFO Get User Success :112-Riga Sugar Company Ltd
2021-12-04 11:41:30.7864 INFO Get VAT Master List Success
2021-12-04 11:41:30.8066 INFO Get Pass List Success
2021-12-04 11:41:30.8066 INFO Get Product Type Master List Success
2021-12-04 11:41:30.8169 INFO Get User Success :riga_sgr
2021-12-04 11:52:32.6807 INFO Get User Success :112-Riga Sugar Company Ltd
2021-12-04 11:52:34.5372 INFO Get Product Type Master List Success
2021-12-04 11:52:34.5372 INFO Get User Success :riga_sgr
2021-12-04 11:52:42.4722 INFO Get User Success :112-Riga Sugar Company Ltd
2021-12-04 11:52:43.6385 INFO Get Pass List Success
2021-12-04 11:52:43.6385 INFO Get User Success :112-Riga Sugar Company Ltd
2021-12-04 11:52:43.6445 INFO Get Product Type Master List Success
2021-12-04 11:52:43.6445 INFO Get User Success :riga_sgr
2021-12-04 11:52:46.4589 INFO Get User Success :112-Riga Sugar Company Ltd
2021-12-04 11:52:48.5485 INFO Get Product Type Master List Success
2021-12-04 11:52:48.5575 INFO Get User Success :riga_sgr
2021-12-04 12:45:28.2408 INFO Get User Success :139-Bharath Sugar Mills,Sidhwalia
2021-12-04 12:45:28.2766 INFO Get User Success :139-Bharath Sugar Mills,Sidhwalia
2021-12-04 12:45:28.3125 INFO Get Product Type Master List Success
2021-12-04 12:45:28.3225 INFO Get User Success :bharath_sgr
2021-12-04 12:45:38.0932 INFO Sugarcanepurchase Get List Success
2021-12-04 12:45:38.0932 INFO Get User Success :139-Bharath Sugar Mills,Sidhwalia
2021-12-04 12:45:38.0974 INFO Get Product Type Master List Success
2021-12-04 12:45:38.0974 INFO Get User Success :bharath_sgr
2021-12-04 12:45:39.2441 INFO Get User Success :139-Bharath Sugar Mills,Sidhwalia
2021-12-04 12:45:39.2581 INFO MIR GetList Sucess
2021-12-04 12:45:39.2761 INFO Get Product Type Master List Success
2021-12-04 12:45:39.2761 INFO Get User Success :bharath_sgr
2021-12-04 12:45:53.4415 INFO Get User Success :139-Bharath Sugar Mills,Sidhwalia
2021-12-04 12:45:53.4415 INFO Get VAT Master List Success
2021-12-04 12:45:53.4682 INFO Get Pass List Success
2021-12-04 12:45:53.4682 INFO Get Product Type Master List Success
2021-12-04 12:45:53.4763 INFO Get User Success :bharath_sgr
2021-12-04 12:47:04.7320 INFO Get User Success :139-Bharath Sugar Mills,Sidhwalia
2021-12-04 12:47:04.7410 INFO Get VAT Master List Success
2021-12-04 12:47:04.7573 INFO Get Pass List Success
2021-12-04 12:47:04.7573 INFO Get Product Type Master List Success
2021-12-04 12:47:04.7573 INFO Get User Success :bharath_sgr
2021-12-04 12:48:42.3282 INFO Get User Success :139-Bharath Sugar Mills,Sidhwalia
2021-12-04 12:48:42.3372 INFO MIR GetList Sucess
2021-12-04 12:48:42.3372 INFO Get Product Type Master List Success
2021-12-04 12:48:42.3372 INFO Get User Success :bharath_sgr
2021-12-04 12:51:24.8479 INFO Get User Success :120-Bharat Sugar Mills, Sidhwalia, Bond Officer
2021-12-04 12:51:24.8825 INFO Get User Success :120-Bharat Sugar Mills, Sidhwalia, Bond Officer
2021-12-04 12:51:24.9123 INFO Get Product Type Master List Success
2021-12-04 12:51:24.9123 INFO Get User Success :bharat_sgrbo
2021-12-04 12:51:32.7734 INFO Sugarcanepurchase Get List Success
2021-12-04 12:51:32.7734 INFO Get User Success :120-Bharat Sugar Mills, Sidhwalia, Bond Officer
2021-12-04 12:51:32.7734 INFO Get Product Type Master List Success
2021-12-04 12:51:32.7734 INFO Get User Success :bharat_sgrbo
2021-12-04 12:51:34.4936 INFO Get User Success :120-Bharat Sugar Mills, Sidhwalia, Bond Officer
2021-12-04 12:51:34.5046 INFO MIR GetList Sucess
2021-12-04 12:51:34.5046 INFO Get Product Type Master List Success
2021-12-04 12:51:34.5046 INFO Get User Success :bharat_sgrbo
2021-12-04 12:51:36.4227 INFO Get User Success :120-Bharat Sugar Mills, Sidhwalia, Bond Officer
2021-12-04 12:51:36.4337 INFO Get VAT Master List Success
2021-12-04 12:51:36.4516 INFO Get Pass List Success
2021-12-04 12:51:36.4857 INFO MIR GetDetails Fail :Field not found in row: customer_id
2021-12-04 12:51:36.4949 INFO Get Pass List Success
2021-12-04 12:51:36.5073 INFO Get Product Type Master List Success
2021-12-04 12:51:36.5073 INFO Get User Success :bharat_sgrbo
2021-12-04 12:57:16.3543 INFO Get User Success :120-Bharat Sugar Mills, Sidhwalia, Bond Officer
2021-12-04 12:57:16.3697 INFO MIR GetList Sucess
2021-12-04 12:57:16.3697 INFO Get Product Type Master List Success
2021-12-04 12:57:16.3827 INFO Get User Success :bharat_sgrbo
2021-12-04 12:57:20.6265 INFO Get User Success :120-Bharat Sugar Mills, Sidhwalia, Bond Officer
2021-12-04 12:57:20.6375 INFO Get VAT Master List Success
2021-12-04 12:57:20.6562 INFO Get Pass List Success
2021-12-04 12:57:20.6721 INFO MIR GetDetails Fail :Field not found in row: customer_id
2021-12-04 12:57:20.6721 INFO Get Pass List Success
2021-12-04 12:57:20.6837 INFO Get Product Type Master List Success
2021-12-04 12:57:20.6837 INFO Get User Success :bharat_sgrbo
2021-12-04 12:57:23.7632 INFO Get User Success :120-Bharat Sugar Mills, Sidhwalia, Bond Officer
2021-12-04 12:57:23.7742 INFO MIR GetList Sucess
2021-12-04 12:57:23.7742 INFO Get Product Type Master List Success
2021-12-04 12:57:23.7742 INFO Get User Success :bharat_sgrbo
2021-12-04 12:58:02.5562 INFO Get User Success :120-Bharat Sugar Mills, Sidhwalia, Bond Officer
2021-12-04 12:58:02.5662 INFO Get VAT Master List Success
2021-12-04 12:58:02.5826 INFO Get Pass List Success
2021-12-04 12:58:02.5976 INFO MIR GetDetails Fail :Field not found in row: customer_id
2021-12-04 12:58:40.5483 INFO Get Pass List Success
2021-12-04 12:58:56.0961 INFO Get Product Type Master List Success
2021-12-04 12:58:56.1021 INFO Get User Success :bharat_sgrbo
2021-12-04 13:02:57.4878 INFO MIR Approve Sucess:447
2021-12-04 13:02:57.5155 INFO Get User Success :120-Bharat Sugar Mills, Sidhwalia, Bond Officer
2021-12-04 13:02:57.5255 INFO MIR GetList Sucess
2021-12-04 13:02:57.5255 INFO Get Product Type Master List Success
2021-12-04 13:02:57.5255 INFO Get User Success :bharat_sgrbo
2021-12-04 13:05:11.1558 INFO Get User Success :97-Harinagar Sugar Mills Ltd
2021-12-04 13:05:11.2853 INFO Get User Success :97-Harinagar Sugar Mills Ltd
2021-12-04 13:05:11.3342 INFO Get Product Type Master List Success
2021-12-04 13:05:11.3342 INFO Get User Success :harinagar_sgr
2021-12-04 13:05:13.9392 INFO Sugarcanepurchase Get List Success
2021-12-04 13:05:13.9417 INFO Get User Success :97-Harinagar Sugar Mills Ltd
2021-12-04 13:05:13.9417 INFO Get Product Type Master List Success
2021-12-04 13:05:13.9417 INFO Get User Success :harinagar_sgr
2021-12-04 13:05:15.4943 INFO Get User Success :97-Harinagar Sugar Mills Ltd
2021-12-04 13:05:17.1756 INFO Get Product Type Master List Success
2021-12-04 13:05:17.1756 INFO Get User Success :harinagar_sgr
2021-12-04 13:05:23.4815 INFO Get User Success :97-Harinagar Sugar Mills Ltd
2021-12-04 13:05:26.0193 INFO Get Product Type Master List Success
2021-12-04 13:05:26.0193 INFO Get User Success :harinagar_sgr
2021-12-04 13:06:11.7775 INFO Get MaxID Success :openingbalance
2021-12-04 13:06:11.8165 INFO Get User Success :97-Harinagar Sugar Mills Ltd
2021-12-04 13:06:14.0450 INFO Get Product Type Master List Success
2021-12-04 13:06:14.0520 INFO Get User Success :harinagar_sgr
2021-12-04 13:06:23.6964 INFO Get User Success :102-Harinagar Sugar Mills Ltd, Bond Officer
2021-12-04 13:06:23.7347 INFO Get User Success :102-Harinagar Sugar Mills Ltd, Bond Officer
2021-12-04 13:06:23.7427 INFO Get Product Type Master List Success
2021-12-04 13:06:23.7427 INFO Get User Success :harinagar_sgrbo
2021-12-04 13:06:28.7929 INFO Sugarcanepurchase Get List Success
2021-12-04 13:06:28.7929 INFO Get User Success :102-Harinagar Sugar Mills Ltd, Bond Officer
2021-12-04 13:06:28.7929 INFO Get Product Type Master List Success
2021-12-04 13:06:28.8028 INFO Get User Success :harinagar_sgrbo
2021-12-04 13:06:29.9966 INFO Get User Success :102-Harinagar Sugar Mills Ltd, Bond Officer
2021-12-04 13:06:31.1867 INFO Get Product Type Master List Success
2021-12-04 13:06:31.1916 INFO Get User Success :harinagar_sgrbo
2021-12-04 13:06:33.4152 INFO Get User Success :102-Harinagar Sugar Mills Ltd, Bond Officer
2021-12-04 13:06:34.9825 INFO Get Product Type Master List Success
2021-12-04 13:06:34.9825 INFO Get User Success :harinagar_sgrbo
2021-12-04 13:06:40.4329 INFO Get User Success :102-Harinagar Sugar Mills Ltd, Bond Officer
2021-12-04 13:06:42.9047 INFO Get Product Type Master List Success
2021-12-04 13:06:42.9047 INFO Get User Success :harinagar_sgrbo
2021-12-04 13:06:45.7732 INFO Get User Success :102-Harinagar Sugar Mills Ltd, Bond Officer
2021-12-04 13:06:47.3719 INFO Get Product Type Master List Success
2021-12-04 13:06:47.3719 INFO Get User Success :harinagar_sgrbo
2021-12-04 13:06:57.8234 INFO Get User Success :97-Harinagar Sugar Mills Ltd
2021-12-04 13:06:57.8656 INFO Get User Success :97-Harinagar Sugar Mills Ltd
2021-12-04 13:06:57.8656 INFO Get Product Type Master List Success
2021-12-04 13:06:57.8816 INFO Get User Success :harinagar_sgr
2021-12-04 13:07:01.2041 INFO Sugarcanepurchase Get List Success
2021-12-04 13:07:01.2074 INFO Get User Success :97-Harinagar Sugar Mills Ltd
2021-12-04 13:07:01.2074 INFO Get Product Type Master List Success
2021-12-04 13:07:01.2074 INFO Get User Success :harinagar_sgr
2021-12-04 13:07:02.5571 INFO Get User Success :97-Harinagar Sugar Mills Ltd
2021-12-04 13:07:04.0939 INFO Get Product Type Master List Success
2021-12-04 13:07:04.0998 INFO Get User Success :harinagar_sgr
2021-12-04 13:07:06.6719 INFO Get User Success :97-Harinagar Sugar Mills Ltd
2021-12-04 13:07:09.5676 INFO Get Product Type Master List Success
2021-12-04 13:07:09.5676 INFO Get User Success :harinagar_sgr
2021-12-04 13:07:16.7892 INFO Get User Success :97-Harinagar Sugar Mills Ltd
2021-12-04 13:07:18.5309 INFO Get Product Type Master List Success
2021-12-04 13:07:18.5370 INFO Get User Success :harinagar_sgr
2021-12-04 13:07:20.9322 INFO Get User Success :97-Harinagar Sugar Mills Ltd
2021-12-04 13:11:07.5709 INFO Get Product Type Master List Success
2021-12-04 13:11:07.5709 INFO Get User Success :harinagar_sgr
2021-12-04 13:11:13.4830 INFO Get User Success :97-Harinagar Sugar Mills Ltd
2021-12-04 13:11:15.1087 INFO Get Product Type Master List Success
2021-12-04 13:11:15.1157 INFO Get User Success :harinagar_sgr
2021-12-04 13:35:16.7948 INFO Get User Success :100-Deputy Commissioner
2021-12-04 13:35:16.8978 INFO Get User Success :100-Deputy Commissioner
2021-12-04 13:35:16.9669 INFO Get Product Type Master List Success
2021-12-04 13:35:16.9789 INFO Get User Success :hodyco
2021-12-04 13:35:21.0026 INFO Get User Success :100-Deputy Commissioner
2021-12-04 13:35:21.0063 INFO Get Product Master List Success
2021-12-04 13:35:22.2385 INFO Get User Success :100-Deputy Commissioner
2021-12-04 13:35:22.2385 INFO Get Product Master List Success
2021-12-04 13:35:22.2385 INFO Check WorkFlow List Success
2021-12-04 13:35:22.9782 INFO Get RR List Success
2021-12-04 13:35:23.0211 INFO Get Product Type Master List Success
2021-12-04 13:35:23.0211 INFO Get User Success :hodyco
2021-12-04 13:35:46.1464 INFO Get User Success :100-Deputy Commissioner
2021-12-04 13:35:46.1464 INFO Get Product Master List Success
2021-12-04 13:35:46.1916 INFO Get State List Success
2021-12-04 13:35:46.1916 INFO Get NOC Sucess:490
2021-12-04 13:36:10.3610 INFO Get NOC Sucess:Req/TEST2020-21/1
2021-12-04 13:36:10.3650 INFO Get State List Success
2021-12-04 13:36:10.5851 INFO Get NOC Details Success
2021-12-04 13:36:10.5851 INFO Get Customer Details Success
2021-12-04 13:36:11.1308 INFO Check WorkFlow List Success
2021-12-04 13:36:11.1308 INFO Get Product Type Master List Success
2021-12-04 13:36:11.1477 INFO Get User Success :hodyco
2021-12-04 13:37:15.1173 INFO Check WorkFlow List Success
2021-12-04 13:43:06.8627 INFO NOC Approve Sucess:319
2021-12-04 13:43:06.8878 INFO Get User Success :100-Deputy Commissioner
2021-12-04 13:43:06.8958 INFO Get Product Master List Success
2021-12-04 13:43:08.4766 INFO Get User Success :100-Deputy Commissioner
2021-12-04 13:43:08.4766 INFO Get Product Master List Success
2021-12-04 13:43:08.4766 INFO Check WorkFlow List Success
2021-12-04 13:43:09.1754 INFO Get RR List Success
2021-12-04 13:43:09.1754 INFO Get Product Type Master List Success
2021-12-04 13:43:09.1754 INFO Get User Success :hodyco
2021-12-04 13:43:39.0072 INFO Get User Success :99-Assistant Commissioner
2021-12-04 13:43:39.0518 INFO Get User Success :99-Assistant Commissioner
2021-12-04 13:43:39.0518 INFO Get Product Type Master List Success
2021-12-04 13:43:39.0518 INFO Get User Success :wcedo
2021-12-04 13:43:42.1827 INFO Get User Success :99-Assistant Commissioner
2021-12-04 13:43:42.1827 INFO Get Product Master List Success
2021-12-04 13:43:43.5207 INFO Get User Success :99-Assistant Commissioner
2021-12-04 13:43:43.5207 INFO Get Product Master List Success
2021-12-04 13:43:43.5207 INFO Check WorkFlow List Success
2021-12-04 13:43:44.2362 INFO Get RR List Success
2021-12-04 13:43:44.2392 INFO Get Product Type Master List Success
2021-12-04 13:43:44.2392 INFO Get User Success :wcedo
2021-12-04 13:43:47.1584 INFO Get User Success :99-Assistant Commissioner
2021-12-04 13:43:47.1634 INFO Get Product Master List Success
2021-12-04 13:43:47.1634 INFO Check WorkFlow List Success
2021-12-04 13:43:47.5913 INFO Get RR List Success
2021-12-04 13:43:47.6112 INFO Get Product Type Master List Success
2021-12-04 13:43:47.6172 INFO Get User Success :wcedo
2021-12-04 13:43:50.8824 INFO Get User Success :99-Assistant Commissioner
2021-12-04 13:43:50.8824 INFO Get Product Master List Success
2021-12-04 13:43:50.9093 INFO Get State List Success
2021-12-04 13:43:50.9103 INFO Get NOC Sucess:490
2021-12-04 13:43:52.5178 INFO Get NOC Sucess:Req/TEST2020-21/1
2021-12-04 13:43:52.5207 INFO Get State List Success
2021-12-04 13:43:52.7641 INFO Get NOC Details Success
2021-12-04 13:43:52.7641 INFO Get Customer Details Success
2021-12-04 13:43:53.2206 INFO Check WorkFlow List Success
2021-12-04 13:43:53.4480 INFO Get Product Type Master List Success
2021-12-04 13:43:53.4480 INFO Get User Success :wcedo
2021-12-04 13:44:46.4271 INFO Get User Success :99-Assistant Commissioner
2021-12-04 13:44:46.4271 INFO Get Product Master List Success
2021-12-04 13:44:46.4271 INFO Check WorkFlow List Success
2021-12-04 13:44:46.8547 INFO Get RR List Success
2021-12-04 13:44:46.8547 INFO Get Product Type Master List Success
2021-12-04 13:44:46.8547 INFO Get User Success :wcedo
2021-12-04 15:38:36.9307 INFO Get User Success :99-Assistant Commissioner
2021-12-04 15:38:37.0366 INFO Get User Success :99-Assistant Commissioner
2021-12-04 15:38:37.0655 INFO Get Product Type Master List Success
2021-12-04 15:38:37.0747 INFO Get User Success :wcedo
2021-12-04 15:39:01.3695 INFO Get User Success :99-Assistant Commissioner
2021-12-04 15:39:01.3695 INFO Get Product Master List Success
2021-12-04 15:39:04.3210 INFO Get User Success :99-Assistant Commissioner
2021-12-04 15:39:04.3210 INFO Get Product Master List Success
2021-12-04 15:39:04.3210 INFO Check WorkFlow List Success
2021-12-04 15:39:05.0373 INFO Get RR List Success
2021-12-04 15:39:05.0794 INFO Get Product Type Master List Success
2021-12-04 15:39:05.0843 INFO Get User Success :wcedo
2021-12-04 15:39:10.2484 INFO Get User Success :99-Assistant Commissioner
2021-12-04 15:39:10.2484 INFO Get Product Master List Success
2021-12-04 15:39:10.2484 INFO Check WorkFlow List Success
2021-12-04 15:39:10.6929 INFO Get RR List Success
2021-12-04 15:39:10.7119 INFO Get Product Type Master List Success
2021-12-04 15:39:10.7119 INFO Get User Success :wcedo
2021-12-04 15:39:13.3495 INFO Get User Success :99-Assistant Commissioner
2021-12-04 15:39:13.3495 INFO Get Product Master List Success
2021-12-04 15:39:13.3997 INFO Get State List Success
2021-12-04 15:39:13.3997 INFO Get NOC Sucess:491
2021-12-04 15:39:17.3120 INFO Get NOC Sucess:Req/TEST2020-21/1
2021-12-04 15:39:17.3160 INFO Get State List Success
2021-12-04 15:39:18.1772 INFO Get NOC Details Success
2021-12-04 15:39:18.1772 INFO Get Customer Details Success
2021-12-04 15:39:31.1602 INFO Check WorkFlow List Success
2021-12-04 15:39:31.8949 INFO Get Product Type Master List Success
2021-12-04 15:39:31.8949 INFO Get User Success :wcedo
2021-12-04 15:57:49.1005 INFO Get User Success :139-Bharath Sugar Mills,Sidhwalia
2021-12-04 15:57:49.2043 INFO Get User Success :139-Bharath Sugar Mills,Sidhwalia
2021-12-04 15:57:49.2651 INFO Get Product Type Master List Success
2021-12-04 15:57:49.2765 INFO Get User Success :bharath_sgr
2021-12-04 15:57:57.1754 INFO Get User Success :139-Bharath Sugar Mills,Sidhwalia
2021-12-04 15:57:59.2542 INFO Get Product Type Master List Success
2021-12-04 15:57:59.2542 INFO Get User Success :bharath_sgr
2021-12-04 15:58:58.0736 INFO Get User Success :139-Bharath Sugar Mills,Sidhwalia
2021-12-04 15:58:59.4862 INFO Get Pass List Success
2021-12-04 15:58:59.4882 INFO Get User Success :139-Bharath Sugar Mills,Sidhwalia
2021-12-04 15:58:59.5127 INFO Get Product Type Master List Success
2021-12-04 15:58:59.5194 INFO Get User Success :bharath_sgr
2021-12-04 16:05:36.6276 INFO Get User Success :139-Bharath Sugar Mills,Sidhwalia
2021-12-04 16:05:36.6316 INFO Get Dispach Master List Success
2021-12-04 16:05:39.1471 INFO Get VAT Master List Success
2021-12-04 16:05:39.4046 INFO Get Pass List Success
2021-12-04 16:05:39.7844 INFO Get Product Type Master List Success
2021-12-04 16:05:39.7934 INFO Get User Success :bharath_sgr
2021-12-04 16:05:58.0774 INFO Get User Success :139-Bharath Sugar Mills,Sidhwalia
2021-12-04 16:05:59.7448 INFO Get Pass List Success
2021-12-04 16:05:59.7448 INFO Get User Success :139-Bharath Sugar Mills,Sidhwalia
2021-12-04 16:05:59.7567 INFO Get Product Type Master List Success
2021-12-04 16:05:59.7567 INFO Get User Success :bharath_sgr
2021-12-04 16:06:03.1433 INFO Get User Success :139-Bharath Sugar Mills,Sidhwalia
2021-12-04 16:06:04.7149 INFO Get Product Type Master List Success
2021-12-04 16:06:04.7225 INFO Get User Success :bharath_sgr
2021-12-04 16:06:06.9195 INFO Get User Success :139-Bharath Sugar Mills,Sidhwalia
2021-12-04 16:06:06.9195 INFO Get Dispach Master List Success
2021-12-04 16:06:08.3170 INFO Get VAT Master List Success
2021-12-04 16:06:08.5605 INFO Get Product Type Master List Success
2021-12-04 16:06:08.5675 INFO Get User Success :bharath_sgr
2021-12-04 16:11:16.5788 INFO Get User Success :139-Bharath Sugar Mills,Sidhwalia
2021-12-04 16:11:16.5788 INFO Get Dispach Master List Success
2021-12-04 16:11:18.1114 INFO Get VAT Master List Success
2021-12-04 16:11:18.3090 INFO Get Product Type Master List Success
2021-12-04 16:11:18.3160 INFO Get User Success :bharath_sgr
2021-12-04 16:12:37.2187 INFO Get User Success :139-Bharath Sugar Mills,Sidhwalia
2021-12-04 16:12:38.9957 INFO Get Product Type Master List Success
2021-12-04 16:12:38.9957 INFO Get User Success :bharath_sgr
2021-12-04 16:12:47.1525 INFO Get User Success :139-Bharath Sugar Mills,Sidhwalia
2021-12-04 16:12:48.3989 INFO Get Pass List Success
2021-12-04 16:12:48.3989 INFO Get User Success :139-Bharath Sugar Mills,Sidhwalia
2021-12-04 16:12:48.3989 INFO Get Product Type Master List Success
2021-12-04 16:12:48.4109 INFO Get User Success :bharath_sgr
2021-12-04 16:13:55.7746 INFO Get Pass List Success
2021-12-04 16:13:55.7746 INFO Get User Success :139-Bharath Sugar Mills,Sidhwalia
2021-12-04 16:14:03.8218 INFO Get Pass List Success
2021-12-04 16:14:03.8218 INFO Get User Success :139-Bharath Sugar Mills,Sidhwalia
2021-12-04 16:14:24.7748 INFO Get User Success :139-Bharath Sugar Mills,Sidhwalia
2021-12-04 16:14:26.4854 INFO Get Product Type Master List Success
2021-12-04 16:14:26.4933 INFO Get User Success :bharath_sgr
2021-12-04 16:14:28.5239 INFO Get User Success :139-Bharath Sugar Mills,Sidhwalia
2021-12-04 16:14:28.5239 INFO Get Dispach Master List Success
2021-12-04 16:14:52.9475 INFO Get VAT Master List Success
2021-12-04 16:14:53.6783 INFO Get Product Type Master List Success
2021-12-04 16:14:53.6783 INFO Get User Success :bharath_sgr
2021-12-04 16:19:54.7315 INFO Get User Success :391-Sonasati Distillery
2021-12-04 16:19:54.7669 INFO Get User Success :391-Sonasati Distillery
2021-12-04 16:19:54.7911 INFO Get Product Type Master List Success
2021-12-04 16:19:54.7911 INFO Get User Success :sonasati_dis
2021-12-04 16:19:57.9226 INFO Get User Success :391-Sonasati Distillery
2021-12-04 16:20:00.6247 INFO Get Product Type Master List Success
2021-12-04 16:20:00.6307 INFO Get User Success :sonasati_dis
2021-12-04 16:20:21.5580 INFO Get User Success :391-Sonasati Distillery
2021-12-04 16:20:21.7688 INFO Get Indent List Success
2021-12-04 16:20:21.7868 INFO Get Product Type Master List Success
2021-12-04 16:20:21.7868 INFO Get User Success :sonasati_dis
2021-12-04 16:20:32.5256 INFO Get User Success :391-Sonasati Distillery
2021-12-04 16:20:34.0243 INFO Get Product Type Master List Success
2021-12-04 16:20:34.0243 INFO Get User Success :sonasati_dis
2021-12-04 16:20:39.3866 INFO Get User Success :391-Sonasati Distillery
2021-12-04 16:20:42.0467 INFO Get Product Type Master List Success
2021-12-04 16:20:42.0836 INFO Get User Success :sonasati_dis
2021-12-04 16:20:58.9109 INFO Get User Success :391-Sonasati Distillery
2021-12-04 16:21:00.9773 INFO Get Product Type Master List Success
2021-12-04 16:21:00.9773 INFO Get User Success :sonasati_dis
2021-12-04 16:21:06.5062 INFO Get User Success :391-Sonasati Distillery
2021-12-04 16:21:08.9944 INFO Get Product Type Master List Success
2021-12-04 16:21:08.9944 INFO Get User Success :sonasati_dis
2021-12-04 16:21:18.4588 INFO Get User Success :391-Sonasati Distillery
2021-12-04 16:21:24.6144 INFO Get Product Type Master List Success
2021-12-04 16:21:24.6144 INFO Get User Success :sonasati_dis
2021-12-04 16:29:39.2062 INFO Get User Success :391-Sonasati Distillery
2021-12-04 16:35:51.4483 INFO Get RR List Success
2021-12-04 16:35:51.4702 INFO Get Product Type Master List Success
2021-12-04 16:35:51.4872 INFO Get User Success :sonasati_dis
2021-12-04 16:36:18.0221 INFO Get User Success :391-Sonasati Distillery
2021-12-04 16:36:19.6345 INFO Get RR List Success
2021-12-04 16:36:19.6345 INFO Get RR No Sucess:Req/GO/SOD/RR/2020-21/18
2021-12-04 16:36:20.1746 INFO Get RR List Success
2021-12-04 16:36:20.1816 INFO Get Product Type Master List Success
2021-12-04 16:36:20.1966 INFO Get User Success :sonasati_dis
2021-12-04 16:36:31.0811 INFO Get User Success :391-Sonasati Distillery
2021-12-04 16:36:34.1622 INFO Get RR List Success
2021-12-04 16:36:34.1622 INFO Get RR No Sucess:Req/GO/SOD/RR/2020-21/18
2021-12-04 16:37:44.4461 INFO Get RR List Success
2021-12-04 16:37:44.4461 INFO Get Product Type Master List Success
2021-12-04 16:37:44.4461 INFO Get User Success :sonasati_dis
2021-12-04 16:37:48.3860 INFO Get User Success :391-Sonasati Distillery
2021-12-04 16:38:01.5221 INFO Get RR List Success
2021-12-04 16:38:01.5221 INFO Get RR No Sucess:Req/GO/SOD/RR/2020-21/18
2021-12-04 16:39:34.1465 INFO Get RR List Success
2021-12-04 16:39:34.1465 INFO Get Product Type Master List Success
2021-12-04 16:39:34.1465 INFO Get User Success :sonasati_dis
2021-12-04 16:42:26.2256 INFO Get User Success :391-Sonasati Distillery
2021-12-04 16:42:29.2732 INFO Get RR List Success
2021-12-04 16:42:29.2732 INFO Get Product Type Master List Success
2021-12-04 16:42:29.2732 INFO Get User Success :sonasati_dis
2021-12-04 16:42:29.7813 INFO Get User Success :391-Sonasati Distillery
2021-12-04 16:42:30.5732 INFO Get RR List Success
2021-12-04 16:42:30.5732 INFO Get RR No Sucess:Req/GO/SOD/RR/2020-21/18
2021-12-04 16:42:31.0382 INFO Get RR List Success
2021-12-04 16:42:31.0382 INFO Get Product Type Master List Success
2021-12-04 16:42:31.0522 INFO Get User Success :sonasati_dis
2021-12-04 16:42:33.8220 INFO Get User Success :391-Sonasati Distillery
2021-12-04 16:42:35.2895 INFO Get RR List Success
2021-12-04 16:42:35.2895 INFO Get RR No Sucess:Req/GO/SOD/RR/2020-21/18
2021-12-04 16:42:35.8181 INFO Get RR List Success
2021-12-04 16:42:35.8181 INFO Get Product Type Master List Success
2021-12-04 16:42:35.8181 INFO Get User Success :sonasati_dis
2021-12-04 16:42:47.1379 INFO Get User Success :391-Sonasati Distillery
2021-12-04 16:44:25.6162 INFO Get RR List Success
2021-12-04 16:44:25.6162 INFO Get Product Type Master List Success
2021-12-04 16:44:25.6162 INFO Get User Success :sonasati_dis
2021-12-04 16:46:34.0373 INFO Get User Success :391-Sonasati Distillery
2021-12-04 17:06:31.1651 INFO Get RR List Success
2021-12-04 17:06:31.1651 INFO Get Product Type Master List Success
2021-12-04 17:06:31.1787 INFO Get User Success :sonasati_dis
2021-12-04 17:06:35.4956 INFO Get User Success :391-Sonasati Distillery
2021-12-04 17:06:36.7064 INFO Get RR List Success
2021-12-04 17:06:36.7074 INFO Get Product Type Master List Success
2021-12-04 17:06:36.7074 INFO Get User Success :sonasati_dis
2021-12-04 17:06:44.8132 INFO Get User Success :391-Sonasati Distillery
2021-12-04 17:08:33.8689 INFO Get RR List Success
2021-12-04 17:08:33.8689 INFO Get Product Type Master List Success
2021-12-04 17:08:33.8799 INFO Get User Success :sonasati_dis
2021-12-04 17:11:39.3000 INFO Get User Success :391-Sonasati Distillery
2021-12-04 17:15:49.6404 INFO Get RR List Success
2021-12-04 17:15:49.6404 INFO Get Product Type Master List Success
2021-12-04 17:15:49.6623 INFO Get User Success :sonasati_dis
2021-12-04 17:15:55.1129 INFO Get User Success :391-Sonasati Distillery
2021-12-04 17:15:55.1129 INFO Get MF2 List Success
2021-12-04 17:15:55.1129 INFO Get Product Type Master List Success
2021-12-04 17:15:55.1129 INFO Get User Success :sonasati_dis
2021-12-04 17:16:02.4103 INFO Get User Success :391-Sonasati Distillery
2021-12-04 17:16:02.6687 INFO Get Indent List Success
2021-12-04 17:16:02.6687 INFO Get Product Type Master List Success
2021-12-04 17:16:02.6765 INFO Get User Success :sonasati_dis
2021-12-04 17:22:05.7420 INFO Get User Success :391-Sonasati Distillery
2021-12-04 17:22:06.4716 INFO Get Indent List Success
2021-12-04 17:22:06.4726 INFO Get Product Type Master List Success
2021-12-04 17:22:06.4726 INFO Get User Success :sonasati_dis
2021-12-04 17:22:20.5453 INFO Get User Success :391-Sonasati Distillery
2021-12-04 17:22:22.3970 INFO Get Product Type Master List Success
2021-12-04 17:22:22.3970 INFO Get User Success :sonasati_dis
2021-12-04 17:27:09.5263 INFO Get User Success :391-Sonasati Distillery
2021-12-04 17:27:09.8227 INFO Get Indent List Success
2021-12-04 17:27:09.8227 INFO Get Product Type Master List Success
2021-12-04 17:27:09.8227 INFO Get User Success :sonasati_dis
2021-12-04 17:33:02.4312 INFO Get User Success :391-Sonasati Distillery
2021-12-04 17:34:28.9526 INFO Get RR List Success
2021-12-04 17:34:28.9526 INFO Get Product Type Master List Success
2021-12-04 17:34:28.9646 INFO Get User Success :sonasati_dis
2021-12-04 17:34:31.7823 INFO Get User Success :391-Sonasati Distillery
2021-12-04 17:34:33.3313 INFO Get Product Type Master List Success
2021-12-04 17:34:33.3383 INFO Get User Success :sonasati_dis
2021-12-04 17:34:57.3389 INFO Get User Success :391-Sonasati Distillery
2021-12-04 17:34:57.3389 INFO Get Product Master List Success
2021-12-04 17:34:57.8221 INFO Get RR List Success
2021-12-04 17:34:57.8470 INFO Get Product Type Master List Success
2021-12-04 17:34:57.8538 INFO Get User Success :sonasati_dis
2021-12-04 17:35:08.4551 INFO Get User Success :391-Sonasati Distillery
2021-12-04 17:35:08.4571 INFO Get Product Master List Success
2021-12-04 17:35:08.5021 INFO Get State List Success
2021-12-04 17:35:08.5045 INFO Get NOC Sucess:491
2021-12-04 17:35:09.9887 INFO Get NOC Sucess:Req/GO/SOD/ETH-NOC/2020-21/2021-2022/5
2021-12-04 17:35:10.0126 INFO Get Product Type Master List Success
2021-12-04 17:35:10.0126 INFO Get User Success :sonasati_dis
2021-12-04 17:35:16.8930 INFO Get Customer Details Success
2021-12-04 17:35:59.6566 INFO NOC Insertion Sucess:491-SOD
2021-12-04 17:36:05.5701 INFO Get User Success :391-Sonasati Distillery
2021-12-04 17:36:05.5701 INFO Get Product Master List Success
2021-12-04 17:36:06.0711 INFO Get RR List Success
2021-12-04 17:36:06.0711 INFO Get Product Type Master List Success
2021-12-04 17:36:06.0711 INFO Get User Success :sonasati_dis
2021-12-04 17:36:10.2659 INFO Get User Success :391-Sonasati Distillery
2021-12-04 17:36:10.2718 INFO Get Product Master List Success
2021-12-04 17:36:10.2918 INFO Get State List Success
2021-12-04 17:36:10.2918 INFO Get NOC Sucess:492
2021-12-04 17:36:11.6624 INFO Get NOC Sucess:Req/GO/SOD/ETH-NOC/2020-21/2021-2022/6
2021-12-04 17:36:11.6873 INFO Get Product Type Master List Success
2021-12-04 17:36:11.6943 INFO Get User Success :sonasati_dis
2021-12-04 17:36:17.7045 INFO Get Customer Details Success
2021-12-04 17:37:01.0572 INFO NOC Insertion Sucess:492-SOD
2021-12-04 17:37:04.2542 INFO Get User Success :391-Sonasati Distillery
2021-12-04 17:37:04.2542 INFO Get Product Master List Success
2021-12-04 17:37:04.7122 INFO Get RR List Success
2021-12-04 17:37:04.7122 INFO Get Product Type Master List Success
2021-12-04 17:37:04.7122 INFO Get User Success :sonasati_dis
2021-12-04 17:37:13.3087 INFO Get User Success :391-Sonasati Distillery
2021-12-04 17:37:13.3087 INFO Get Product Master List Success
2021-12-04 17:37:13.3299 INFO Get State List Success
2021-12-04 17:37:13.3299 INFO Get NOC Sucess:493
2021-12-04 17:37:14.7003 INFO Get NOC Sucess:Req/GO/SOD/ETH-NOC/2020-21/2021-2022/7
2021-12-04 17:37:14.9283 INFO Get NOC Details Success
2021-12-04 17:37:14.9283 INFO Get Customer Details Success
2021-12-04 17:37:15.5196 INFO Get Product Type Master List Success
2021-12-04 17:37:15.5196 INFO Get User Success :sonasati_dis
2021-12-04 17:37:51.6880 INFO Get User Success :391-Sonasati Distillery
2021-12-04 17:37:51.6880 INFO Get Product Master List Success
2021-12-04 17:37:52.1173 INFO Get RR List Success
2021-12-04 17:37:52.1173 INFO Get Product Type Master List Success
2021-12-04 17:37:52.1173 INFO Get User Success :sonasati_dis
2021-12-04 17:58:36.6396 INFO Get User Success :106-HPCL Biofuels Limited, Distillery Division, WC
2021-12-04 17:58:36.7643 INFO Get User Success :106-HPCL Biofuels Limited, Distillery Division, WC
2021-12-04 17:58:36.8420 INFO Get Product Type Master List Success
2021-12-04 17:58:36.8520 INFO Get User Success :hpcl_wc
2021-12-04 17:58:40.9961 INFO Get User Success :106-HPCL Biofuels Limited, Distillery Division, WC
2021-12-04 17:58:43.4118 INFO Get Product Type Master List Success
2021-12-04 17:58:43.4118 INFO Get User Success :hpcl_wc
2021-12-04 17:58:47.4023 INFO Get User Success :106-HPCL Biofuels Limited, Distillery Division, WC
2021-12-04 17:59:10.4670 INFO Get Product Type Master List Success
2021-12-04 17:59:10.4730 INFO Get User Success :hpcl_wc
2021-12-04 17:59:14.2756 INFO Get User Success :106-HPCL Biofuels Limited, Distillery Division, WC
2021-12-04 18:00:14.0149 INFO Get Product Type Master List Success
2021-12-04 18:00:14.0219 INFO Get User Success :hpcl_wc
2021-12-04 18:00:17.4112 INFO Get User Success :106-HPCL Biofuels Limited, Distillery Division, WC
2021-12-04 18:00:29.3627 INFO Get Product Type Master List Success
2021-12-04 18:00:29.3697 INFO Get User Success :hpcl_wc
2021-12-04 18:08:32.0449 INFO Get User Success :391-Sonasati Distillery
2021-12-04 18:08:32.1614 INFO Get User Success :391-Sonasati Distillery
2021-12-04 18:08:32.2171 INFO Get Product Type Master List Success
2021-12-04 18:08:32.2281 INFO Get User Success :sonasati_dis
2021-12-04 18:08:37.2998 INFO Get User Success :391-Sonasati Distillery
2021-12-04 18:08:38.8240 INFO Get Product Type Master List Success
2021-12-04 18:08:38.8240 INFO Get User Success :sonasati_dis
2021-12-04 18:08:40.7791 INFO Get User Success :391-Sonasati Distillery
2021-12-04 18:08:40.7981 INFO Get Product Type Master List Success
2021-12-04 18:08:40.8041 INFO Get User Success :sonasati_dis
2021-12-04 18:08:44.6762 INFO Get User Success :391-Sonasati Distillery
2021-12-04 18:08:44.6762 INFO Get VAT Master List Success
2021-12-04 18:08:44.6762 INFO Get Product Type Master List Success
2021-12-04 18:08:44.6919 INFO Get User Success :sonasati_dis
2021-12-04 18:09:37.5660 INFO Get User Success :391-Sonasati Distillery
2021-12-04 18:09:37.5660 INFO Get Form84 List Success
2021-12-04 18:09:37.5924 INFO Get Product Type Master List Success
2021-12-04 18:09:37.5994 INFO Get User Success :sonasati_dis
2021-12-04 18:09:42.8937 INFO Get User Success :391-Sonasati Distillery
2021-12-04 18:09:42.8987 INFO Get VAT Master List Success
2021-12-04 18:09:42.8987 INFO Get VAT Master List Success
2021-12-04 18:09:42.8987 INFO Get VAT Master List Success
2021-12-04 18:09:42.9133 INFO Get VAT Master List Success
2021-12-04 18:09:42.9133 INFO Get VAT Master List Success
2021-12-04 18:09:44.4593 INFO Get Product Type Master List Success
2021-12-04 18:09:44.4593 INFO Get User Success :sonasati_dis
2021-12-04 18:09:49.8854 INFO Get User Success :391-Sonasati Distillery
2021-12-04 18:09:49.8854 INFO Get VAT Master List Success
2021-12-04 18:09:49.8854 INFO Get VAT Master List Success
2021-12-04 18:09:49.8854 INFO Get VAT Master List Success
2021-12-04 18:09:49.8944 INFO Get VAT Master List Success
2021-12-04 18:09:49.8944 INFO Get VAT Master List Success
2021-12-04 18:13:06.6613 INFO Get Product Type Master List Success
2021-12-04 18:13:06.6613 INFO Get User Success :sonasati_dis
2021-12-04 18:13:11.4708 INFO Get User Success :391-Sonasati Distillery
2021-12-04 18:13:11.4731 INFO Get VAT Master List Success
2021-12-04 18:13:11.4731 INFO Get VAT Master List Success
2021-12-04 18:13:11.4731 INFO Get VAT Master List Success
2021-12-04 18:13:11.4731 INFO Get VAT Master List Success
2021-12-04 18:13:11.4731 INFO Get VAT Master List Success
2021-12-04 18:13:12.6392 INFO Get Product Type Master List Success
2021-12-04 18:13:12.6461 INFO Get User Success :sonasati_dis
2021-12-04 18:13:16.7769 INFO Get User Success :391-Sonasati Distillery
2021-12-04 18:13:16.7979 INFO Get Product Type Master List Success
2021-12-04 18:13:16.8052 INFO Get User Success :sonasati_dis
2021-12-04 18:13:26.5732 INFO Get User Success :129-Sona Sati Organics Pvt Ltd,Bond Officer
2021-12-04 18:13:26.6157 INFO Get User Success :129-Sona Sati Organics Pvt Ltd,Bond Officer
2021-12-04 18:13:26.6157 INFO Get Product Type Master List Success
2021-12-04 18:13:26.6288 INFO Get User Success :sonasati_disbo
2021-12-04 18:13:30.3439 INFO Get User Success :129-Sona Sati Organics Pvt Ltd,Bond Officer
2021-12-04 18:13:31.4928 INFO Get Product Type Master List Success
2021-12-04 18:13:31.4928 INFO Get User Success :sonasati_disbo
2021-12-04 18:13:34.7929 INFO Get User Success :129-Sona Sati Organics Pvt Ltd,Bond Officer
2021-12-04 18:13:34.8009 INFO Get Product Type Master List Success
2021-12-04 18:13:34.8009 INFO Get User Success :sonasati_disbo
2021-12-04 18:13:59.2308 INFO Get User Success :129-Sona Sati Organics Pvt Ltd,Bond Officer
2021-12-04 18:14:00.3378 INFO Get VAT Master List Success
2021-12-04 18:14:00.5739 INFO Get Product Type Master List Success
2021-12-04 18:14:00.5739 INFO Get User Success :sonasati_disbo
