2021-08-04 10:09:32.0921 INFO Get User Success :44-Administrator
2021-08-04 10:09:32.6181 INFO Get User Success :44-Administrator
2021-08-04 10:09:38.8588 INFO Get Product Type Master List Success
2021-08-04 10:09:38.9268 INFO Get User Success :Admin
2021-08-04 10:12:48.6811 INFO Get State List Success
2021-08-04 10:12:49.1101 INFO Get Product Type Master List Success
2021-08-04 10:12:49.1861 INFO Get User Success :Admin
2021-08-04 10:13:30.6755 INFO Get State List Success
2021-08-04 12:53:10.8768 INFO Get User Success :339-Bihar Distillers & Bottlers Pvt. Ltd - Unit- 1
2021-08-04 12:53:11.3228 INFO Get User Success :339-Bihar Distillers & Bottlers Pvt. Ltd - Unit- 1
2021-08-04 12:53:23.0011 INFO Get Product Type Master List Success
2021-08-04 12:53:23.1641 INFO Get User Success :bdbl_dis
2021-08-04 12:53:27.7178 INFO Get User Success :339-Bihar Distillers & Bottlers Pvt. Ltd - Unit- 1
2021-08-04 12:53:30.0967 INFO Get Report  Success
2021-08-04 12:53:30.8106 INFO Get Party Master List Success
2021-08-04 12:53:30.8766 INFO Get Product Type Master List Success
2021-08-04 12:53:31.0016 INFO Get User Success :bdbl_dis
2021-08-04 12:53:40.8330 INFO Get VAT Master List Success
2021-08-04 12:59:11.4727 INFO Get VAT Master List Success
2021-08-04 12:59:49.5684 INFO Get User Success :339-Bihar Distillers & Bottlers Pvt. Ltd - Unit- 1
2021-08-04 12:59:50.3354 INFO Get User Success :339-Bihar Distillers & Bottlers Pvt. Ltd - Unit- 1
2021-08-04 13:00:08.0022 INFO Get Product Type Master List Success
2021-08-04 13:00:08.1503 INFO Get User Success :bdbl_dis
2021-08-04 13:00:12.4090 INFO Get User Success :339-Bihar Distillers & Bottlers Pvt. Ltd - Unit- 1
2021-08-04 13:00:15.0839 INFO Get Report  Success
2021-08-04 13:00:15.7098 INFO Get Party Master List Success
2021-08-04 13:00:15.7728 INFO Get Product Type Master List Success
2021-08-04 13:00:15.8508 INFO Get User Success :bdbl_dis
2021-08-04 13:00:23.3453 INFO Get VAT Master List Success
2021-08-04 13:02:35.2772 INFO Get VAT Master List Success
2021-08-04 13:04:19.8288 INFO Get GetSeverList Success
