2021-08-26 11:36:29.9410 INFO Get User Success :108-New Swadeshi Distillery Unit
2021-08-26 11:36:52.4916 INFO Get User Success :108-New Swadeshi Distillery Unit
2021-08-26 11:36:57.8942 INFO Get Product Type Master List Success
2021-08-26 11:36:58.0272 INFO Get User Success :newswadeshi_dis
2021-08-26 11:37:32.7470 INFO Get User Success :108-New Swadeshi Distillery Unit
2021-08-26 11:37:37.4497 INFO Get Product Type Master List Success
2021-08-26 11:37:37.5687 INFO Get User Success :newswadeshi_dis
2021-08-26 11:37:43.4403 INFO Get User Success :108-New Swadeshi Distillery Unit
2021-08-26 11:37:43.6983 INFO Get Form84 List Success
2021-08-26 11:37:43.7733 INFO Get Product Type Master List Success
2021-08-26 11:37:43.8423 INFO Get User Success :newswadeshi_dis
2021-08-26 11:37:50.8529 INFO Get User Success :108-New Swadeshi Distillery Unit
2021-08-26 11:37:53.2757 INFO Get VAT Master List Success
2021-08-26 11:37:53.3297 INFO Get Product Type Master List Success
2021-08-26 11:37:53.4367 INFO Get User Success :newswadeshi_dis
2021-08-26 11:38:09.8916 INFO Get VAT Master List Success
2021-08-26 11:38:17.6682 INFO Get VAT Master List Success
2021-08-26 11:38:18.4671 INFO Get VAT Master List Success
2021-08-26 11:38:26.6926 INFO Get User Success :108-New Swadeshi Distillery Unit
2021-08-26 11:39:15.7735 INFO Get VAT Master List Success
2021-08-26 11:39:15.8295 INFO Get Product Type Master List Success
2021-08-26 11:39:15.9805 INFO Get User Success :newswadeshi_dis
2021-08-26 11:39:26.1288 INFO Get VAT Master List Success
2021-08-26 11:40:05.2214 INFO Get User Success :108-New Swadeshi Distillery Unit
2021-08-26 11:40:05.4013 INFO Get Form84 List Success
2021-08-26 11:40:05.4693 INFO Get Product Type Master List Success
2021-08-26 11:40:05.6583 INFO Get User Success :newswadeshi_dis
2021-08-26 12:00:04.0865 INFO Get User Success :108-New Swadeshi Distillery Unit
2021-08-26 12:57:26.9775 INFO Get VAT Master List Success
2021-08-26 12:57:27.1165 INFO Get VAT Master List Success
2021-08-26 12:57:27.3185 INFO Get VAT Master List Success
2021-08-26 12:57:27.7205 INFO Get VAT Master List Success
2021-08-26 12:57:28.5264 INFO Get VAT Master List Success
2021-08-26 12:57:29.0414 INFO Get Product Type Master List Success
2021-08-26 12:57:29.5264 INFO Get User Success :newswadeshi_dis
2021-08-26 15:31:55.8962 INFO Get User Fail :-Exception while writing to stream
2021-08-26 15:44:48.4109 INFO Get User Success :108-New Swadeshi Distillery Unit
2021-08-26 15:44:48.8148 INFO Get User Success :108-New Swadeshi Distillery Unit
2021-08-26 15:44:52.5476 INFO Get Product Type Master List Success
2021-08-26 15:44:52.6596 INFO Get User Success :newswadeshi_dis
2021-08-26 15:45:04.9969 INFO Get User Success :108-New Swadeshi Distillery Unit
2021-08-26 15:46:20.6540 INFO Get Product Type Master List Success
2021-08-26 15:46:20.7600 INFO Get User Success :newswadeshi_dis
2021-08-26 15:46:29.4364 INFO Get User Success :108-New Swadeshi Distillery Unit
2021-08-26 15:46:32.0203 INFO Get Product Type Master List Success
2021-08-26 15:46:32.1423 INFO Get User Success :newswadeshi_dis
2021-08-26 15:47:21.2242 INFO Get User Success :108-New Swadeshi Distillery Unit
2021-08-26 15:48:02.8955 INFO Get Product Type Master List Success
2021-08-26 15:48:02.9965 INFO Get User Success :newswadeshi_dis
2021-08-26 15:48:20.6713 INFO Get User Success :108-New Swadeshi Distillery Unit
2021-08-26 15:51:31.4422 INFO Get User Success :108-New Swadeshi Distillery Unit
2021-08-26 15:51:31.5032 INFO Get User Success :108-New Swadeshi Distillery Unit
2021-08-26 15:51:31.5692 INFO Get User Success :108-New Swadeshi Distillery Unit
2021-08-26 15:51:31.6401 INFO Get User Success :108-New Swadeshi Distillery Unit
2021-08-26 15:51:31.7002 INFO Get User Success :108-New Swadeshi Distillery Unit
2021-08-26 15:51:31.7622 INFO Get User Success :108-New Swadeshi Distillery Unit
2021-08-26 15:51:31.8292 INFO Get User Success :108-New Swadeshi Distillery Unit
2021-08-26 15:51:31.9002 INFO Get User Success :108-New Swadeshi Distillery Unit
2021-08-26 15:51:31.9632 INFO Get User Success :108-New Swadeshi Distillery Unit
2021-08-26 15:51:32.0142 INFO Get User Success :108-New Swadeshi Distillery Unit
2021-08-26 15:51:32.0832 INFO Get User Success :108-New Swadeshi Distillery Unit
2021-08-26 15:51:32.1471 INFO Get User Success :108-New Swadeshi Distillery Unit
2021-08-26 15:51:32.2212 INFO Get User Success :108-New Swadeshi Distillery Unit
2021-08-26 15:51:32.2821 INFO Get User Success :108-New Swadeshi Distillery Unit
2021-08-26 15:51:32.3831 INFO Get User Success :108-New Swadeshi Distillery Unit
2021-08-26 15:51:57.7825 INFO Get User Success :108-New Swadeshi Distillery Unit
2021-08-26 15:55:36.0156 INFO Get User Success :108-New Swadeshi Distillery Unit
2021-08-26 15:55:36.0745 INFO Get User Success :108-New Swadeshi Distillery Unit
2021-08-26 15:55:52.5595 INFO Get User Success :108-New Swadeshi Distillery Unit
2021-08-26 15:57:42.5905 INFO Get User Success :108-New Swadeshi Distillery Unit
2021-08-26 15:57:42.6505 INFO Get User Success :108-New Swadeshi Distillery Unit
2021-08-26 15:58:02.8032 INFO Get User Success :108-New Swadeshi Distillery Unit
2021-08-26 16:05:13.0868 INFO Get User Success :108-New Swadeshi Distillery Unit
2021-08-26 16:05:14.4027 INFO Get User Success :108-New Swadeshi Distillery Unit
2021-08-26 16:05:32.1976 INFO Get User Success :108-New Swadeshi Distillery Unit
2021-08-26 16:05:41.2700 INFO Get User Success :108-New Swadeshi Distillery Unit
2021-08-26 16:05:42.7199 INFO Get User Success :108-New Swadeshi Distillery Unit
2021-08-26 16:11:15.5897 INFO Get User Success :108-New Swadeshi Distillery Unit
2021-08-26 16:12:55.6673 INFO Get User Success :108-New Swadeshi Distillery Unit
2021-08-26 16:12:59.1881 INFO Get User Success :108-New Swadeshi Distillery Unit
2021-08-26 16:13:04.5347 INFO Get User Success :108-New Swadeshi Distillery Unit
2021-08-26 16:20:57.0026 INFO Get User Success :108-New Swadeshi Distillery Unit
2021-08-26 16:20:57.4825 INFO Get User Success :108-New Swadeshi Distillery Unit
2021-08-26 16:21:05.0900 INFO Get Product Type Master List Success
2021-08-26 16:21:05.2130 INFO Get User Success :newswadeshi_dis
2021-08-26 17:19:09.3826 INFO Get User Success :108-New Swadeshi Distillery Unit
2021-08-26 17:19:09.8846 INFO Get User Success :108-New Swadeshi Distillery Unit
2021-08-26 17:19:12.5034 INFO Get Product Type Master List Success
2021-08-26 17:19:12.7764 INFO Get User Success :newswadeshi_dis
2021-08-26 17:19:40.9047 INFO Get User Success :108-New Swadeshi Distillery Unit
2021-08-26 17:19:47.5323 INFO Get Product Type Master List Success
2021-08-26 17:19:47.7593 INFO Get User Success :newswadeshi_dis
2021-08-26 17:20:15.2246 INFO Get User Success :108-New Swadeshi Distillery Unit
2021-08-26 17:20:23.4561 INFO Get Product Type Master List Success
2021-08-26 17:20:23.6701 INFO Get User Success :newswadeshi_dis
2021-08-26 17:20:36.8983 INFO Get User Success :108-New Swadeshi Distillery Unit
2021-08-26 17:20:39.4991 INFO Get Product Type Master List Success
2021-08-26 17:20:39.9161 INFO Get User Success :newswadeshi_dis
2021-08-26 17:21:01.8008 INFO Get User Success :108-New Swadeshi Distillery Unit
2021-08-26 17:21:31.8779 INFO Get User Success :108-New Swadeshi Distillery Unit
2021-08-26 17:31:57.1399 INFO Get User Success :108-New Swadeshi Distillery Unit
2021-08-26 17:31:57.9089 INFO Get User Success :108-New Swadeshi Distillery Unit
2021-08-26 17:32:06.7403 INFO Get Product Type Master List Success
2021-08-26 17:32:06.9993 INFO Get User Success :newswadeshi_dis
2021-08-26 17:32:58.6382 INFO Get User Success :108-New Swadeshi Distillery Unit
2021-08-26 17:33:05.1548 INFO Get Product Type Master List Success
2021-08-26 17:33:05.7877 INFO Get User Success :newswadeshi_dis
2021-08-26 17:33:17.0080 INFO Get User Success :108-New Swadeshi Distillery Unit
2021-08-26 17:33:31.4202 INFO Get Product Type Master List Success
2021-08-26 17:33:35.7969 INFO Get User Success :newswadeshi_dis
2021-08-26 17:33:45.2663 INFO Get User Success :108-New Swadeshi Distillery Unit
2021-08-26 17:33:47.5842 INFO Get Product Type Master List Success
2021-08-26 17:33:47.7582 INFO Get User Success :newswadeshi_dis
2021-08-26 17:34:04.3582 INFO Get User Success :108-New Swadeshi Distillery Unit
2021-08-26 17:34:20.5562 INFO Get User Success :108-New Swadeshi Distillery Unit
2021-08-26 17:35:47.5259 INFO Get User Success :108-New Swadeshi Distillery Unit
2021-08-26 17:37:11.7818 INFO Get User Success :108-New Swadeshi Distillery Unit
2021-08-26 17:37:21.6052 INFO Get User Success :108-New Swadeshi Distillery Unit
2021-08-26 17:37:24.6650 INFO Get User Success :108-New Swadeshi Distillery Unit
2021-08-26 17:37:40.1850 INFO Get User Success :108-New Swadeshi Distillery Unit
2021-08-26 17:37:46.1407 INFO Get User Success :108-New Swadeshi Distillery Unit
2021-08-26 17:38:00.9278 INFO Get User Success :108-New Swadeshi Distillery Unit
2021-08-26 17:38:04.2576 INFO Get User Success :108-New Swadeshi Distillery Unit
