2022-02-26 10:42:45.0948 INFO Get User Success :3072-Receiving Section Chemical Lab
2022-02-26 10:42:55.3353 INFO Get Product Type Master List Success
2022-02-26 10:42:55.4032 INFO Get User Success :recsec
2022-02-26 10:44:57.2108 INFO Get User Success :3570-Receiving Section Chemical Lab
2022-02-26 10:47:35.9135 INFO Get User Success :3570-Receiving Section Chemical Lab
2022-02-26 10:47:48.9593 INFO Get User Success :3570-Receiving Section Chemical Lab
2022-02-26 10:48:08.0584 INFO Get User Success :3570-Receiving Section Chemical Lab
2022-02-26 10:48:18.4414 INFO Get User Success :3570-Receiving Section Chemical Lab
2022-02-26 10:48:30.6589 INFO Get User Success :3570-Receiving Section Chemical Lab
2022-02-26 10:48:33.4072 INFO Get User Success :3570-Receiving Section Chemical Lab
2022-02-26 10:48:33.4455 INFO Get User Success :3570-Receiving Section Chemical Lab
2022-02-26 10:48:38.6580 INFO Get User Success :3570-Receiving Section Chemical Lab
2022-02-26 10:48:43.5925 INFO Get User Success :3570-Receiving Section Chemical Lab
2022-02-26 10:48:43.6279 INFO Get User Success :3570-Receiving Section Chemical Lab
2022-02-26 10:49:56.5469 INFO Get User Success :3570-Receiving Section Chemical Lab
2022-02-26 10:50:01.6711 INFO Get User Success :3571-disoff Chemical Lab
2022-02-26 10:50:11.1496 INFO Get User Success :3571-disoff Chemical Lab
2022-02-26 11:13:44.1355 INFO Get User Success :3571-disoff Chemical Lab
2022-02-26 11:13:53.9001 INFO Get User Success :3571-disoff Chemical Lab
2022-02-26 11:25:59.2003 INFO Get User Success :3571-disoff Chemical Lab
2022-02-26 11:26:30.3807 INFO Get User Success :3571-disoff Chemical Lab
2022-02-26 11:30:46.4386 INFO Get User Success :3571-disoff Chemical Lab
2022-02-26 11:30:48.8460 INFO Get User Success :3571-disoff Chemical Lab
2022-02-26 11:30:50.1971 INFO Get User Success :3571-disoff Chemical Lab
2022-02-26 11:30:51.0488 INFO Get User Success :3571-disoff Chemical Lab
2022-02-26 11:30:51.7809 INFO Get User Success :3571-disoff Chemical Lab
2022-02-26 11:30:54.5314 INFO Get User Success :3571-disoff Chemical Lab
2022-02-26 11:31:12.5093 INFO Get User Success :3571-disoff Chemical Lab
2022-02-26 11:52:39.7511 INFO Get User Success :3571-disoff Chemical Lab
2022-02-26 12:01:55.5116 INFO Get User Success :3571-disoff Chemical Lab
2022-02-26 12:02:00.1070 INFO Get User Success :3570-Receiving Section Chemical Lab
2022-02-26 12:03:58.9354 INFO Get User Success :3570-Receiving Section Chemical Lab
2022-02-26 12:04:00.6189 INFO Get User Success :3570-Receiving Section Chemical Lab
2022-02-26 12:04:04.3790 INFO Get User Success :3570-Receiving Section Chemical Lab
2022-02-26 12:04:06.0595 INFO Get User Success :3570-Receiving Section Chemical Lab
2022-02-26 12:04:06.5398 INFO Get User Success :3570-Receiving Section Chemical Lab
2022-02-26 12:07:09.9949 INFO Get User Success :3570-Receiving Section Chemical Lab
2022-02-26 12:07:14.8327 INFO Get User Success :3570-Receiving Section Chemical Lab
2022-02-26 12:08:58.6650 INFO Get User Success :3570-Receiving Section Chemical Lab
2022-02-26 12:09:03.0371 INFO Get User Success :3570-Receiving Section Chemical Lab
2022-02-26 12:09:07.0510 INFO Get User Success :3570-Receiving Section Chemical Lab
2022-02-26 12:09:12.4687 INFO Get User Success :3570-Receiving Section Chemical Lab
2022-02-26 12:09:13.7815 INFO Get User Success :3570-Receiving Section Chemical Lab
2022-02-26 12:09:13.8179 INFO Get User Success :3570-Receiving Section Chemical Lab
2022-02-26 12:10:18.3641 INFO Get User Success :3570-Receiving Section Chemical Lab
2022-02-26 12:10:23.9832 INFO Get User Success :3570-Receiving Section Chemical Lab
2022-02-26 12:11:04.3094 INFO Get User Success :3570-Receiving Section Chemical Lab
2022-02-26 12:11:10.3480 INFO Get User Success :3570-Receiving Section Chemical Lab
2022-02-26 12:11:16.4644 INFO Get User Success :3570-Receiving Section Chemical Lab
2022-02-26 12:11:19.6818 INFO Get User Success :3570-Receiving Section Chemical Lab
2022-02-26 12:11:38.9507 INFO Get User Success :3570-Receiving Section Chemical Lab
2022-02-26 12:11:42.4156 INFO Get User Success :3570-Receiving Section Chemical Lab
2022-02-26 12:11:52.0339 INFO Get User Success :3570-Receiving Section Chemical Lab
2022-02-26 12:12:03.9186 INFO Get User Success :3570-Receiving Section Chemical Lab
2022-02-26 12:12:06.9127 INFO Get User Success :3570-Receiving Section Chemical Lab
2022-02-26 12:14:44.6219 INFO Get User Success :3570-Receiving Section Chemical Lab
2022-02-26 12:16:26.9299 INFO Get User Success :3570-Receiving Section Chemical Lab
2022-02-26 12:19:11.8844 INFO Get User Success :3570-Receiving Section Chemical Lab
2022-02-26 12:19:11.9189 INFO Get User Success :3570-Receiving Section Chemical Lab
2022-02-26 12:19:29.2318 INFO Get User Success :3570-Receiving Section Chemical Lab
2022-02-26 12:19:46.4456 INFO Get User Success :3570-Receiving Section Chemical Lab
2022-02-26 12:19:51.2517 INFO Get User Success :3570-Receiving Section Chemical Lab
2022-02-26 12:19:55.7413 INFO Get User Success :3570-Receiving Section Chemical Lab
2022-02-26 12:19:59.1417 INFO Get User Success :3570-Receiving Section Chemical Lab
2022-02-26 12:20:18.5529 INFO Get User Success :3570-Receiving Section Chemical Lab
2022-02-26 12:20:20.4490 INFO Get User Success :3570-Receiving Section Chemical Lab
2022-02-26 12:30:44.6035 INFO Get User Success :3570-Receiving Section Chemical Lab
2022-02-26 12:30:52.0610 INFO Get User Success :3570-Receiving Section Chemical Lab
2022-02-26 12:30:54.4790 INFO Get User Success :3570-Receiving Section Chemical Lab
2022-02-26 12:30:54.5189 INFO Get User Success :3570-Receiving Section Chemical Lab
2022-02-26 12:32:07.7504 INFO Get User Success :3570-Receiving Section Chemical Lab
2022-02-26 12:32:10.2807 INFO Get User Success :3570-Receiving Section Chemical Lab
2022-02-26 12:32:30.8295 INFO Get User Success :3570-Receiving Section Chemical Lab
2022-02-26 12:32:36.1999 INFO Get User Success :3570-Receiving Section Chemical Lab
2022-02-26 12:32:41.9893 INFO Get User Success :3570-Receiving Section Chemical Lab
2022-02-26 12:32:45.1094 INFO Get User Success :3570-Receiving Section Chemical Lab
2022-02-26 12:32:48.2945 INFO Get User Success :3570-Receiving Section Chemical Lab
2022-02-26 12:33:00.3927 INFO Get User Success :3570-Receiving Section Chemical Lab
2022-02-26 12:33:10.4328 INFO Get User Success :3570-Receiving Section Chemical Lab
2022-02-26 12:35:00.9071 INFO Get User Success :3570-Receiving Section Chemical Lab
2022-02-26 12:37:24.5289 INFO Get User Success :3570-Receiving Section Chemical Lab
2022-02-26 12:37:40.7211 INFO Get User Success :3570-Receiving Section Chemical Lab
2022-02-26 12:37:43.1107 INFO Get User Success :3570-Receiving Section Chemical Lab
2022-02-26 12:37:46.0131 INFO Get User Success :3570-Receiving Section Chemical Lab
2022-02-26 12:37:56.4542 INFO Get User Success :3570-Receiving Section Chemical Lab
2022-02-26 12:38:00.8233 INFO Get User Success :3570-Receiving Section Chemical Lab
2022-02-26 12:38:04.7582 INFO Get User Success :3570-Receiving Section Chemical Lab
2022-02-26 12:38:07.8317 INFO Get User Success :3570-Receiving Section Chemical Lab
2022-02-26 12:38:20.2497 INFO Get User Success :3570-Receiving Section Chemical Lab
2022-02-26 12:38:22.7840 INFO Get User Success :3570-Receiving Section Chemical Lab
2022-02-26 12:41:19.1733 INFO Get User Success :3570-Receiving Section Chemical Lab
2022-02-26 12:56:37.4378 INFO Get User Success :3570-Receiving Section Chemical Lab
2022-02-26 12:56:47.4142 INFO Get User Success :3570-Receiving Section Chemical Lab
2022-02-26 12:56:50.3651 INFO Get User Success :3570-Receiving Section Chemical Lab
2022-02-26 12:56:58.2707 INFO Get User Success :3570-Receiving Section Chemical Lab
2022-02-26 12:57:03.7032 INFO Get User Success :3570-Receiving Section Chemical Lab
2022-02-26 12:57:06.8416 INFO Get User Success :3570-Receiving Section Chemical Lab
2022-02-26 12:57:09.5953 INFO Get User Success :3570-Receiving Section Chemical Lab
2022-02-26 12:57:25.0280 INFO Get User Success :3570-Receiving Section Chemical Lab
2022-02-26 12:57:27.5903 INFO Get User Success :3570-Receiving Section Chemical Lab
2022-02-26 13:03:43.8604 INFO Get User Success :3570-Receiving Section Chemical Lab
2022-02-26 13:03:54.7456 INFO Get User Success :3570-Receiving Section Chemical Lab
2022-02-26 13:04:05.3373 INFO Get User Success :3570-Receiving Section Chemical Lab
2022-02-26 13:04:10.1610 INFO Get User Success :3570-Receiving Section Chemical Lab
2022-02-26 13:04:13.7193 INFO Get User Success :3570-Receiving Section Chemical Lab
2022-02-26 13:04:16.0882 INFO Get User Success :3570-Receiving Section Chemical Lab
2022-02-26 13:04:31.0926 INFO Get User Success :3570-Receiving Section Chemical Lab
2022-02-26 13:04:33.6225 INFO Get User Success :3570-Receiving Section Chemical Lab
2022-02-26 13:05:13.0643 INFO Get User Success :3570-Receiving Section Chemical Lab
2022-02-26 13:05:46.1928 INFO Get User Success :3570-Receiving Section Chemical Lab
2022-02-26 13:06:19.8348 INFO Get User Success :3570-Receiving Section Chemical Lab
2022-02-26 13:08:04.4429 INFO Get User Success :3570-Receiving Section Chemical Lab
2022-02-26 13:08:12.7767 INFO Get User Success :3570-Receiving Section Chemical Lab
2022-02-26 13:08:24.4276 INFO Get User Success :3570-Receiving Section Chemical Lab
2022-02-26 13:08:26.2886 INFO Get User Success :3570-Receiving Section Chemical Lab
2022-02-26 13:08:41.2543 INFO Get User Success :3570-Receiving Section Chemical Lab
2022-02-26 13:08:45.1422 INFO Get User Success :3570-Receiving Section Chemical Lab
2022-02-26 13:08:45.1800 INFO Get User Success :3570-Receiving Section Chemical Lab
2022-02-26 13:17:36.9045 INFO Get User Success :3570-Receiving Section Chemical Lab
2022-02-26 13:17:41.0406 INFO Get User Success :3570-Receiving Section Chemical Lab
2022-02-26 13:18:00.5717 INFO Get User Success :3570-Receiving Section Chemical Lab
2022-02-26 13:18:13.8335 INFO Get User Success :3570-Receiving Section Chemical Lab
2022-02-26 13:18:22.5428 INFO Get User Success :3570-Receiving Section Chemical Lab
2022-02-26 13:18:32.2232 INFO Get User Success :3570-Receiving Section Chemical Lab
2022-02-26 13:18:40.6609 INFO Get User Success :3570-Receiving Section Chemical Lab
2022-02-26 13:18:46.7327 INFO Get User Success :3570-Receiving Section Chemical Lab
2022-02-26 13:18:51.5230 INFO Get User Success :3570-Receiving Section Chemical Lab
2022-02-26 13:18:54.7056 INFO Get User Success :3570-Receiving Section Chemical Lab
2022-02-26 13:18:58.4109 INFO Get User Success :3570-Receiving Section Chemical Lab
2022-02-26 13:19:05.7551 INFO Get User Success :3570-Receiving Section Chemical Lab
2022-02-26 13:19:14.1705 INFO Get User Success :3570-Receiving Section Chemical Lab
2022-02-26 13:19:21.0840 INFO Get User Success :3570-Receiving Section Chemical Lab
2022-02-26 13:19:25.8562 INFO Get User Success :3570-Receiving Section Chemical Lab
2022-02-26 13:19:34.5541 INFO Get User Success :3570-Receiving Section Chemical Lab
2022-02-26 13:19:39.2043 INFO Get User Success :3570-Receiving Section Chemical Lab
2022-02-26 13:28:29.8865 INFO Get User Success :3570-Receiving Section Chemical Lab
2022-02-26 13:29:46.3709 INFO Get User Success :3570-Receiving Section Chemical Lab
2022-02-26 13:29:54.6256 INFO Get User Success :3570-Receiving Section Chemical Lab
2022-02-26 13:29:59.0123 INFO Get User Success :3570-Receiving Section Chemical Lab
2022-02-26 13:30:01.9634 INFO Get User Success :3570-Receiving Section Chemical Lab
2022-02-26 13:30:04.3856 INFO Get User Success :3570-Receiving Section Chemical Lab
2022-02-26 13:30:16.6520 INFO Get User Success :3570-Receiving Section Chemical Lab
2022-02-26 13:30:22.4804 INFO Get User Success :3570-Receiving Section Chemical Lab
2022-02-26 14:37:55.8520 INFO Get User Success :3570-Receiving Section Chemical Lab
2022-02-26 14:38:02.4916 INFO Get User Success :3570-Receiving Section Chemical Lab
2022-02-26 14:39:22.1360 INFO Get User Success :3570-Receiving Section Chemical Lab
2022-02-26 14:39:25.5868 INFO Get User Success :3570-Receiving Section Chemical Lab
2022-02-26 14:43:09.4076 INFO Get User Success :3570-Receiving Section Chemical Lab
2022-02-26 14:43:15.8969 INFO Get User Success :3570-Receiving Section Chemical Lab
2022-02-26 14:43:19.5306 INFO Get User Success :3570-Receiving Section Chemical Lab
2022-02-26 14:46:40.1834 INFO Get User Success :105-Majhaulia Sugar Industry Ltd Distillery Division
2022-02-26 14:46:46.4012 INFO Get User Success :105-Majhaulia Sugar Industry Ltd Distillery Division
2022-02-26 14:47:04.8975 INFO Get Product Type Master List Success
2022-02-26 14:47:05.0052 INFO Get User Success :majhaulia_dis
2022-02-26 14:47:14.5740 INFO Get User Success :105-Majhaulia Sugar Industry Ltd Distillery Division
2022-02-26 14:47:21.2963 INFO Get Product Type Master List Success
2022-02-26 14:47:21.3568 INFO Get User Success :majhaulia_dis
2022-02-26 14:47:26.1558 INFO Get User Success :105-Majhaulia Sugar Industry Ltd Distillery Division
2022-02-26 14:47:26.3946 INFO Get Product Type Master List Success
2022-02-26 14:47:26.4980 INFO Get User Success :majhaulia_dis
2022-02-26 14:47:46.4279 INFO Get User Success :105-Majhaulia Sugar Industry Ltd Distillery Division
2022-02-26 14:47:47.1248 INFO Get Product Type Master List Success
2022-02-26 14:47:47.1841 INFO Get User Success :majhaulia_dis
2022-02-26 14:48:00.0704 INFO Get User Success :105-Majhaulia Sugar Industry Ltd Distillery Division
2022-02-26 14:48:00.3098 INFO Get Product Type Master List Success
2022-02-26 14:48:00.4384 INFO Get User Success :majhaulia_dis
2022-02-26 14:48:51.6928 INFO Get User Success :105-Majhaulia Sugar Industry Ltd Distillery Division
2022-02-26 14:48:52.4181 INFO Get Product Type Master List Success
2022-02-26 14:48:52.4809 INFO Get User Success :majhaulia_dis
2022-02-26 14:48:55.6543 INFO Get User Success :105-Majhaulia Sugar Industry Ltd Distillery Division
2022-02-26 14:55:27.9413 INFO Get Product Type Master List Success
2022-02-26 14:55:28.0459 INFO Get User Success :majhaulia_dis
2022-02-26 14:55:38.8522 INFO Get User Success :105-Majhaulia Sugar Industry Ltd Distillery Division
2022-02-26 14:55:39.5079 INFO Get Product Type Master List Success
2022-02-26 14:55:39.5684 INFO Get User Success :majhaulia_dis
2022-02-26 14:55:42.3368 INFO Get User Success :105-Majhaulia Sugar Industry Ltd Distillery Division
2022-02-26 14:55:48.4393 INFO Get Product Type Master List Success
2022-02-26 14:55:48.5405 INFO Get User Success :majhaulia_dis
2022-02-26 14:55:53.2284 INFO Get User Success :105-Majhaulia Sugar Industry Ltd Distillery Division
2022-02-26 14:55:53.9666 INFO Get Product Type Master List Success
2022-02-26 14:55:54.0654 INFO Get User Success :majhaulia_dis
2022-02-26 14:55:58.2038 INFO Get User Success :105-Majhaulia Sugar Industry Ltd Distillery Division
2022-02-26 14:56:02.0405 INFO Get Product Type Master List Success
2022-02-26 14:56:02.1431 INFO Get User Success :majhaulia_dis
2022-02-26 14:56:17.6206 INFO Get User Success :105-Majhaulia Sugar Industry Ltd Distillery Division
2022-02-26 14:56:18.3669 INFO Get Product Type Master List Success
2022-02-26 14:56:18.4230 INFO Get User Success :majhaulia_dis
2022-02-26 14:56:20.9431 INFO Get User Success :105-Majhaulia Sugar Industry Ltd Distillery Division
2022-02-26 14:56:25.6917 INFO Get Product Type Master List Success
2022-02-26 14:56:25.7942 INFO Get User Success :majhaulia_dis
2022-02-26 15:00:03.8963 INFO Get User Success :105-Majhaulia Sugar Industry Ltd Distillery Division
2022-02-26 15:00:04.7212 INFO Get Product Type Master List Success
2022-02-26 15:00:04.8242 INFO Get User Success :majhaulia_dis
2022-02-26 15:00:07.0572 INFO Get User Success :105-Majhaulia Sugar Industry Ltd Distillery Division
2022-02-26 15:00:11.7138 INFO Get Product Type Master List Success
2022-02-26 15:00:11.8204 INFO Get User Success :majhaulia_dis
2022-02-26 15:00:37.0575 INFO Get User Success :105-Majhaulia Sugar Industry Ltd Distillery Division
2022-02-26 15:00:37.7871 INFO Get Product Type Master List Success
2022-02-26 15:00:37.8589 INFO Get User Success :majhaulia_dis
2022-02-26 15:00:41.3689 INFO Get User Success :105-Majhaulia Sugar Industry Ltd Distillery Division
2022-02-26 15:00:46.0845 INFO Get Product Type Master List Success
2022-02-26 15:00:46.1872 INFO Get User Success :majhaulia_dis
2022-02-26 15:01:45.8171 INFO Get User Success :202-excise_Muzaffarpur
2022-02-26 15:01:45.9317 INFO Get Product Type Master List Success
2022-02-26 15:01:46.0308 INFO Get User Success :excise_Muzaffarpur
2022-02-26 15:01:55.1272 INFO Get Division List Success
2022-02-26 15:02:04.6844 INFO Get User Success :202-excise_Muzaffarpur
2022-02-26 15:02:07.2654 INFO Get Product Type Master List Success
2022-02-26 15:02:07.3226 INFO Get User Success :excise_Muzaffarpur
2022-02-26 15:02:21.7107 INFO Get Thana List Success
2022-02-26 15:02:28.8251 INFO Get Product Type Master List Success
2022-02-26 15:02:28.9252 INFO Get User Success :excise_Muzaffarpur
2022-02-26 15:02:32.5801 INFO Get Product Type Master List Success
2022-02-26 15:02:32.6396 INFO Get User Success :excise_Muzaffarpur
2022-02-26 15:03:58.8992 INFO Get UOM List Success
2022-02-26 15:03:59.0042 INFO Get Product Type Master List Success
2022-02-26 15:03:59.0608 INFO Get User Success :excise_Muzaffarpur
2022-02-26 15:04:01.7059 INFO Get Product Type Master List Success
2022-02-26 15:04:01.8046 INFO Get User Success :excise_Muzaffarpur
2022-02-26 15:04:03.3080 INFO Get Division List Success
2022-02-26 15:04:03.8358 INFO Get User Success :202-excise_Muzaffarpur
2022-02-26 15:04:06.0764 INFO Get Product Type Master List Success
2022-02-26 15:04:06.1321 INFO Get User Success :excise_Muzaffarpur
2022-02-26 15:04:22.8287 INFO Get User Success :202-excise_Muzaffarpur
2022-02-26 15:04:24.6084 INFO Get Thana List Success
2022-02-26 15:04:24.8638 INFO Get Product Type Master List Success
2022-02-26 15:04:24.9635 INFO Get User Success :excise_Muzaffarpur
2022-02-26 15:04:27.2542 INFO Get Product Type Master List Success
2022-02-26 15:04:27.3560 INFO Get User Success :excise_Muzaffarpur
2022-02-26 15:06:09.2543 INFO Get Product Type Master List Success
2022-02-26 15:06:09.3559 INFO Get User Success :excise_Muzaffarpur
2022-02-26 15:06:14.2435 INFO Get Product Type Master List Success
2022-02-26 15:06:14.3423 INFO Get User Success :excise_Muzaffarpur
2022-02-26 15:06:17.8346 INFO Get Product Type Master List Success
2022-02-26 15:06:17.9456 INFO Get User Success :excise_Muzaffarpur
2022-02-26 15:06:20.7742 INFO Get Product Type Master List Success
2022-02-26 15:06:20.8795 INFO Get User Success :excise_Muzaffarpur
2022-02-26 15:06:23.3956 INFO Get Product Type Master List Success
2022-02-26 15:06:23.5005 INFO Get User Success :excise_Muzaffarpur
2022-02-26 15:06:31.1013 INFO Get Product Type Master List Success
2022-02-26 15:06:31.2049 INFO Get User Success :excise_Muzaffarpur
2022-02-26 17:26:48.7656 INFO Get User Success :3570-Receiving Section Chemical Lab
2022-02-26 17:27:00.1917 INFO Get User Success :3570-Receiving Section Chemical Lab
2022-02-26 17:27:07.5377 INFO Get User Success :3570-Receiving Section Chemical Lab
2022-02-26 17:27:11.5382 INFO Get User Success :3570-Receiving Section Chemical Lab
2022-02-26 17:27:16.3033 INFO Get User Success :3570-Receiving Section Chemical Lab
2022-02-26 17:27:18.4713 INFO Get User Success :3570-Receiving Section Chemical Lab
2022-02-26 17:27:32.5888 INFO Get User Success :3570-Receiving Section Chemical Lab
2022-02-26 17:27:38.0884 INFO Get User Success :3570-Receiving Section Chemical Lab
2022-02-26 17:28:31.2054 INFO Get User Success :3570-Receiving Section Chemical Lab
2022-02-26 17:38:43.8677 INFO Get User Success :3570-Receiving Section Chemical Lab
2022-02-26 17:38:45.8596 INFO Get User Success :3570-Receiving Section Chemical Lab
2022-02-26 17:38:56.6763 INFO Get User Success :3570-Receiving Section Chemical Lab
2022-02-26 17:39:01.1924 INFO Get User Success :3570-Receiving Section Chemical Lab
2022-02-26 17:39:06.9065 INFO Get User Success :3570-Receiving Section Chemical Lab
2022-02-26 17:39:09.1293 INFO Get User Success :3570-Receiving Section Chemical Lab
2022-02-26 17:39:21.4546 INFO Get User Success :3570-Receiving Section Chemical Lab
2022-02-26 17:40:30.4884 INFO Get User Success :3570-Receiving Section Chemical Lab
2022-02-26 17:40:33.2134 INFO Get User Success :3570-Receiving Section Chemical Lab
2022-02-26 17:40:38.4451 INFO Get User Success :3570-Receiving Section Chemical Lab
2022-02-26 17:40:47.7640 INFO Get User Success :3570-Receiving Section Chemical Lab
2022-02-26 17:40:49.3143 INFO Get User Success :3570-Receiving Section Chemical Lab
2022-02-26 17:40:56.5265 INFO Get User Success :3570-Receiving Section Chemical Lab
2022-02-26 17:41:01.9294 INFO Get User Success :3570-Receiving Section Chemical Lab
2022-02-26 17:41:05.6384 INFO Get User Success :3570-Receiving Section Chemical Lab
2022-02-26 17:41:08.6420 INFO Get User Success :3570-Receiving Section Chemical Lab
2022-02-26 17:41:23.4762 INFO Get User Success :3570-Receiving Section Chemical Lab
2022-02-26 17:41:26.8137 INFO Get User Success :3570-Receiving Section Chemical Lab
2022-02-26 18:00:05.3808 INFO Get User Success :105-Majhaulia Sugar Industry Ltd Distillery Division
2022-02-26 18:00:12.0809 INFO Get User Success :105-Majhaulia Sugar Industry Ltd Distillery Division
2022-02-26 18:00:20.7517 INFO Get Product Type Master List Success
2022-02-26 18:00:20.8834 INFO Get User Success :majhaulia_dis
2022-02-26 18:00:25.3370 INFO Get User Success :105-Majhaulia Sugar Industry Ltd Distillery Division
2022-02-26 18:00:33.0697 INFO Get Product Type Master List Success
2022-02-26 18:00:33.1395 INFO Get User Success :majhaulia_dis
2022-02-26 18:00:47.5526 INFO Get User Success :105-Majhaulia Sugar Industry Ltd Distillery Division
2022-02-26 18:00:50.1336 INFO Get Form84 List Success
2022-02-26 18:00:50.2523 INFO Get Product Type Master List Success
2022-02-26 18:00:50.3438 INFO Get User Success :majhaulia_dis
2022-02-26 18:00:55.4847 INFO Get User Success :105-Majhaulia Sugar Industry Ltd Distillery Division
2022-02-26 18:00:55.5606 INFO Get VAT Master List Success
2022-02-26 18:00:55.9410 INFO Get VAT Master List Success
2022-02-26 18:00:56.0037 INFO Get VAT Master List Success
2022-02-26 18:00:56.0815 INFO Get User Success :105-Majhaulia Sugar Industry Ltd Distillery Division
2022-02-26 18:00:56.2062 INFO Get VAT Master List Success
2022-02-26 18:00:56.2760 INFO Get VAT Master List Success
2022-02-26 18:00:56.4236 INFO Get Product Type Master List Success
2022-02-26 18:00:56.5483 INFO Get User Success :majhaulia_dis
2022-02-26 18:01:00.0243 INFO Get User Success :105-Majhaulia Sugar Industry Ltd Distillery Division
2022-02-26 18:01:02.4217 INFO Get Form84 List Success
2022-02-26 18:01:02.4845 INFO Get Product Type Master List Success
2022-02-26 18:01:02.5882 INFO Get User Success :majhaulia_dis
2022-02-26 18:01:04.2915 INFO Get User Success :105-Majhaulia Sugar Industry Ltd Distillery Division
2022-02-26 18:01:04.3534 INFO Get VAT Master List Success
2022-02-26 18:01:04.4192 INFO Get VAT Master List Success
2022-02-26 18:01:04.4830 INFO Get VAT Master List Success
2022-02-26 18:01:04.5439 INFO Get VAT Master List Success
2022-02-26 18:01:04.6067 INFO Get User Success :105-Majhaulia Sugar Industry Ltd Distillery Division
2022-02-26 18:02:25.6563 INFO Get User Success :105-Majhaulia Sugar Industry Ltd Distillery Division
2022-02-26 18:02:28.6331 INFO Get Form84 List Success
2022-02-26 18:02:28.6955 INFO Get Product Type Master List Success
2022-02-26 18:02:28.8229 INFO Get User Success :majhaulia_dis
2022-02-26 18:02:30.9300 INFO Get User Success :105-Majhaulia Sugar Industry Ltd Distillery Division
2022-02-26 18:02:30.9930 INFO Get VAT Master List Success
2022-02-26 18:06:48.2221 INFO Get VAT Master List Fail :22007: invalid input syntax for type timestamp: ""
2022-02-26 18:06:52.6001 INFO Get User Success :105-Majhaulia Sugar Industry Ltd Distillery Division
2022-02-26 18:06:55.4406 INFO Get Form84 List Success
2022-02-26 18:06:55.5044 INFO Get Product Type Master List Success
2022-02-26 18:06:55.5710 INFO Get User Success :majhaulia_dis
2022-02-26 18:07:00.9347 INFO Get User Success :105-Majhaulia Sugar Industry Ltd Distillery Division
2022-02-26 18:07:00.9946 INFO Get VAT Master List Success
2022-02-26 18:07:04.8990 INFO Get VAT Master List Success
2022-02-26 18:07:04.9619 INFO Get VAT Master List Success
2022-02-26 18:07:05.0466 INFO Get VAT Master List Success
2022-02-26 18:07:05.1085 INFO Get User Success :105-Majhaulia Sugar Industry Ltd Distillery Division
