2022-01-07 09:59:12.4424 INFO Get User Success :101-Commissioner
2022-01-07 09:59:12.7526 INFO Get User Success :101-Commissioner
2022-01-07 09:59:28.1081 INFO Get Product Type Master List Success
2022-01-07 09:59:28.1983 INFO Get User Success :com
2022-01-07 09:59:31.4972 INFO Get User Success :101-Commissioner
2022-01-07 09:59:34.5047 INFO Get Product Type Master List Success
2022-01-07 09:59:34.5819 INFO Get User Success :com
2022-01-07 09:59:47.2954 INFO Get User Success :101-Commissioner
2022-01-07 09:59:47.5553 INFO Get Product Type Master List Success
2022-01-07 09:59:47.6290 INFO Get User Success :com
2022-01-07 10:00:02.8268 INFO Get User Success :101-Commissioner
2022-01-07 10:00:03.0410 INFO Get Product Type Master List Success
2022-01-07 10:00:03.1352 INFO Get User Success :com
2022-01-07 10:00:06.0894 INFO Get User Success :101-Commissioner
2022-01-07 10:00:06.3771 INFO Get Product Type Master List Success
2022-01-07 10:00:06.4537 INFO Get User Success :com
2022-01-07 10:00:26.9050 INFO Get User Success :101-Commissioner
2022-01-07 10:02:28.8994 INFO Get Product Type Master List Success
2022-01-07 10:02:28.9750 INFO Get User Success :com
2022-01-07 10:02:31.6937 INFO Get User Success :101-Commissioner
2022-01-07 10:02:34.3127 INFO Get Product Type Master List Success
2022-01-07 10:02:34.4356 INFO Get User Success :com
2022-01-07 10:02:40.6109 INFO Get User Success :101-Commissioner
2022-01-07 10:02:55.4563 INFO Get Product Type Master List Success
2022-01-07 10:02:55.5326 INFO Get User Success :com
2022-01-07 10:03:00.7178 INFO Get User Success :101-Commissioner
2022-01-07 10:03:05.6637 INFO Get Product Type Master List Success
2022-01-07 10:03:05.8036 INFO Get User Success :com
2022-01-07 10:03:11.5483 INFO Get User Success :101-Commissioner
2022-01-07 10:03:26.6421 INFO Get Product Type Master List Success
2022-01-07 10:03:26.8482 INFO Get User Success :com
2022-01-07 10:03:30.5153 INFO Get User Success :101-Commissioner
2022-01-07 10:06:36.8413 INFO Get User Success :101-Commissioner
2022-01-07 10:06:39.2696 INFO Get Product Type Master List Success
2022-01-07 10:06:39.6208 INFO Get User Success :com
2022-01-07 10:06:45.8389 INFO Get User Success :101-Commissioner
2022-01-07 10:06:47.9447 INFO Get Product Type Master List Success
2022-01-07 10:06:48.0704 INFO Get User Success :com
2022-01-07 10:06:52.0007 INFO Get User Success :101-Commissioner
2022-01-07 10:06:53.6827 INFO Get Product Type Master List Success
2022-01-07 10:06:53.8487 INFO Get User Success :com
2022-01-07 10:06:57.6410 INFO Get User Success :101-Commissioner
2022-01-07 10:06:59.5270 INFO Get Product Type Master List Success
2022-01-07 10:06:59.6606 INFO Get User Success :com
2022-01-07 15:13:25.1179 INFO Get User Success :108-New Swadeshi Distillery Unit
2022-01-07 15:13:25.4330 INFO Get User Success :108-New Swadeshi Distillery Unit
2022-01-07 15:13:30.4622 INFO Get Product Type Master List Success
2022-01-07 15:13:30.7033 INFO Get User Success :newswadeshi_dis
2022-01-07 15:13:33.9875 INFO Get User Success :108-New Swadeshi Distillery Unit
2022-01-07 15:13:39.4814 INFO Get Product Type Master List Success
2022-01-07 15:13:39.6999 INFO Get User Success :newswadeshi_dis
2022-01-07 15:13:41.6072 INFO Get User Success :108-New Swadeshi Distillery Unit
2022-01-07 15:13:47.8712 INFO Get VAT Master List Success
2022-01-07 15:13:47.9879 INFO Get Product Type Master List Success
2022-01-07 15:13:48.2247 INFO Get User Success :newswadeshi_dis
2022-01-07 15:13:52.9281 INFO Get User Success :108-New Swadeshi Distillery Unit
2022-01-07 15:13:53.1721 INFO Get VAT Master List Success
2022-01-07 15:13:57.3899 INFO Get Product Type Master List Success
2022-01-07 15:13:57.9759 INFO Get User Success :newswadeshi_dis
2022-01-07 15:14:06.1817 INFO Get User Success :108-New Swadeshi Distillery Unit
2022-01-07 15:14:11.7700 INFO Get VAT Master List Success
2022-01-07 15:14:11.8500 INFO Get Product Type Master List Success
2022-01-07 15:14:12.0824 INFO Get User Success :newswadeshi_dis
2022-01-07 15:14:18.2624 INFO Get User Success :108-New Swadeshi Distillery Unit
2022-01-07 15:14:18.3471 INFO Get VAT Master List Success
2022-01-07 15:14:20.6886 INFO Get Product Type Master List Success
2022-01-07 15:14:20.8452 INFO Get User Success :newswadeshi_dis
2022-01-07 15:14:38.4636 INFO Get User Success :108-New Swadeshi Distillery Unit
2022-01-07 15:14:43.2819 INFO Get VAT Master List Success
2022-01-07 15:14:43.3634 INFO Get Product Type Master List Success
2022-01-07 15:14:43.5159 INFO Get User Success :newswadeshi_dis
2022-01-07 15:14:48.5103 INFO Get User Success :108-New Swadeshi Distillery Unit
2022-01-07 15:14:48.5946 INFO Get VAT Master List Success
2022-01-07 15:14:51.5678 INFO Get Product Type Master List Success
2022-01-07 15:14:52.1003 INFO Get User Success :newswadeshi_dis
2022-01-07 15:14:55.1214 INFO Get User Success :108-New Swadeshi Distillery Unit
2022-01-07 15:15:03.9432 INFO Get VAT Master List Success
2022-01-07 15:15:04.0352 INFO Get Product Type Master List Success
2022-01-07 15:15:04.2520 INFO Get User Success :newswadeshi_dis
2022-01-07 15:15:07.6158 INFO Get User Success :108-New Swadeshi Distillery Unit
2022-01-07 15:15:07.6926 INFO Get VAT Master List Success
2022-01-07 15:15:10.8538 INFO Get Product Type Master List Success
2022-01-07 15:15:11.3729 INFO Get User Success :newswadeshi_dis
2022-01-07 15:33:12.8966 INFO Get User Success :108-New Swadeshi Distillery Unit
2022-01-07 15:33:13.3374 INFO Get User Success :108-New Swadeshi Distillery Unit
2022-01-07 15:33:15.7026 INFO Get Product Type Master List Success
2022-01-07 15:33:15.8423 INFO Get User Success :newswadeshi_dis
2022-01-07 15:33:19.6652 INFO Get User Success :108-New Swadeshi Distillery Unit
2022-01-07 15:33:24.0446 INFO Get Product Type Master List Success
2022-01-07 15:33:24.3598 INFO Get User Success :newswadeshi_dis
2022-01-07 15:33:26.1322 INFO Get User Success :108-New Swadeshi Distillery Unit
2022-01-07 15:33:29.2358 INFO Get VAT Master List Success
2022-01-07 15:33:29.3113 INFO Get Product Type Master List Success
2022-01-07 15:33:29.3932 INFO Get User Success :newswadeshi_dis
2022-01-07 15:33:51.0303 INFO Get User Success :108-New Swadeshi Distillery Unit
2022-01-07 15:33:51.1070 INFO Get VAT Master List Success
2022-01-07 15:33:56.1955 INFO Get Product Type Master List Success
2022-01-07 15:33:56.3449 INFO Get User Success :newswadeshi_dis
2022-01-07 15:34:04.7735 INFO Get User Success :108-New Swadeshi Distillery Unit
2022-01-07 15:34:08.5566 INFO Get VAT Master List Success
2022-01-07 15:34:08.6309 INFO Get Product Type Master List Success
2022-01-07 15:34:08.7708 INFO Get User Success :newswadeshi_dis
2022-01-07 15:34:13.1663 INFO Get User Success :108-New Swadeshi Distillery Unit
2022-01-07 15:34:13.2424 INFO Get VAT Master List Success
2022-01-07 15:34:15.7084 INFO Get Product Type Master List Success
2022-01-07 15:34:15.8446 INFO Get User Success :newswadeshi_dis
2022-01-07 15:34:23.1018 INFO Get User Success :108-New Swadeshi Distillery Unit
2022-01-07 15:34:25.1510 INFO Get VAT Master List Success
2022-01-07 15:34:25.2229 INFO Get Product Type Master List Success
2022-01-07 15:34:25.3022 INFO Get User Success :newswadeshi_dis
2022-01-07 15:34:28.4298 INFO Get User Success :108-New Swadeshi Distillery Unit
2022-01-07 15:34:28.5676 INFO Get VAT Master List Success
2022-01-07 15:34:30.5617 INFO Get Product Type Master List Success
2022-01-07 15:34:30.7040 INFO Get User Success :newswadeshi_dis
2022-01-07 15:34:35.0019 INFO Get User Success :108-New Swadeshi Distillery Unit
2022-01-07 15:34:37.9453 INFO Get VAT Master List Success
2022-01-07 15:34:38.0232 INFO Get Product Type Master List Success
2022-01-07 15:34:38.2265 INFO Get User Success :newswadeshi_dis
2022-01-07 15:34:44.0683 INFO Get User Success :108-New Swadeshi Distillery Unit
2022-01-07 15:34:44.1975 INFO Get VAT Master List Success
2022-01-07 15:34:46.0356 INFO Get Product Type Master List Success
2022-01-07 15:34:46.1777 INFO Get User Success :newswadeshi_dis
2022-01-07 15:34:49.5026 INFO Get User Success :108-New Swadeshi Distillery Unit
2022-01-07 15:34:53.0227 INFO Get VAT Master List Success
2022-01-07 15:34:53.0964 INFO Get Product Type Master List Success
2022-01-07 15:34:53.2287 INFO Get User Success :newswadeshi_dis
2022-01-07 15:34:57.7966 INFO Get User Success :108-New Swadeshi Distillery Unit
2022-01-07 15:34:57.8674 INFO Get VAT Master List Success
2022-01-07 15:35:00.2976 INFO Get Product Type Master List Success
2022-01-07 15:35:00.4323 INFO Get User Success :newswadeshi_dis
2022-01-07 15:35:02.6092 INFO Get User Success :108-New Swadeshi Distillery Unit
2022-01-07 15:35:05.3027 INFO Get VAT Master List Success
2022-01-07 15:35:05.3721 INFO Get Product Type Master List Success
2022-01-07 15:35:05.5104 INFO Get User Success :newswadeshi_dis
2022-01-07 15:35:10.9394 INFO Get User Success :108-New Swadeshi Distillery Unit
2022-01-07 15:35:11.0092 INFO Get VAT Master List Success
2022-01-07 15:35:13.3890 INFO Get Product Type Master List Success
2022-01-07 15:35:13.7811 INFO Get User Success :newswadeshi_dis
2022-01-07 15:35:16.6532 INFO Get User Success :108-New Swadeshi Distillery Unit
2022-01-07 15:35:19.4365 INFO Get VAT Master List Success
2022-01-07 15:35:19.5053 INFO Get Product Type Master List Success
2022-01-07 15:35:19.5798 INFO Get User Success :newswadeshi_dis
2022-01-07 15:35:21.5396 INFO Get User Success :108-New Swadeshi Distillery Unit
2022-01-07 15:35:21.6712 INFO Get VAT Master List Success
2022-01-07 15:35:23.6774 INFO Get Product Type Master List Success
2022-01-07 15:35:23.8210 INFO Get User Success :newswadeshi_dis
2022-01-07 15:44:35.3789 INFO Get User Success :108-New Swadeshi Distillery Unit
2022-01-07 15:44:39.9028 INFO Get VAT Master List Success
2022-01-07 15:44:39.9776 INFO Get Product Type Master List Success
2022-01-07 15:44:40.1212 INFO Get User Success :newswadeshi_dis
2022-01-07 15:45:04.5490 INFO Get User Success :108-New Swadeshi Distillery Unit
2022-01-07 15:45:04.6288 INFO Get VAT Master List Success
2022-01-07 15:45:06.7510 INFO Get Product Type Master List Success
2022-01-07 15:45:06.8953 INFO Get User Success :newswadeshi_dis
