2022-03-23 13:15:05.5787 INFO Get User Success :346-Receiving Section Department
2022-03-23 13:15:16.3175 INFO Get User Success :346-Receiving Section Department
2022-03-23 13:15:30.2025 INFO Get User Success :346-Receiving Section Department
2022-03-23 13:15:38.8597 INFO Get User Success :346-Receiving Section Department
2022-03-23 13:15:43.4932 INFO Get User Success :346-Receiving Section Department
2022-03-23 13:15:49.3976 INFO Get User Success :346-Receiving Section Department
2022-03-23 13:16:07.0892 INFO Get User Success :346-Receiving Section Department
2022-03-23 13:16:09.0428 INFO Get User Success :346-Receiving Section Department
2022-03-23 13:16:49.5427 INFO Get User Success :346-Receiving Section Department
2022-03-23 13:16:56.5468 INFO Get User Success :346-Receiving Section Department
2022-03-23 13:17:28.8621 INFO Get User Success :346-Receiving Section Department
2022-03-23 13:19:16.8827 INFO Get User Success :346-Receiving Section Department
2022-03-23 13:19:26.0751 INFO Get User Success :348-Lab Technician
2022-03-23 13:19:27.7419 INFO Get User Success :348-Lab Technician
2022-03-23 13:19:27.8227 INFO Get User Success :348-Lab Technician
2022-03-23 13:19:43.4722 INFO Get User Success :348-Lab Technician
2022-03-23 13:19:48.7754 INFO Get User Success :348-Lab Technician
2022-03-23 13:19:49.1856 INFO Get User Success :348-Lab Technician
2022-03-23 13:19:54.1332 INFO Get User Success :348-Lab Technician
2022-03-23 13:19:54.1831 INFO Get User Success :348-Lab Technician
2022-03-23 13:20:00.0330 INFO Get User Success :348-Lab Technician
2022-03-23 13:20:05.4354 INFO Get User Success :347-Lab Incharge
2022-03-23 13:20:06.8337 INFO Get User Success :347-Lab Incharge
2022-03-23 13:20:06.9776 INFO Get User Success :347-Lab Incharge
2022-03-23 13:20:09.0965 INFO Get User Success :347-Lab Incharge
2022-03-23 13:20:18.0601 INFO Get User Success :347-Lab Incharge
2022-03-23 13:20:18.1822 INFO Get User Success :347-Lab Incharge
2022-03-23 13:20:21.0798 INFO Get User Success :347-Lab Incharge
2022-03-23 13:20:22.5570 INFO Get User Success :347-Lab Incharge
2022-03-23 13:20:22.6556 INFO Get User Success :347-Lab Incharge
2022-03-23 13:20:25.7719 INFO Get User Success :347-Lab Incharge
2022-03-23 13:20:35.6618 INFO Get User Success :349-District Officer
2022-03-23 13:20:56.7569 INFO Get User Success :349-District Officer
2022-03-23 13:21:12.6310 INFO Get User Success :349-District Officer
2022-03-23 13:24:55.0143 INFO Get User Success :349-District Officer
2022-03-23 13:26:31.6452 INFO Get User Success :346-Receiving Section Department
2022-03-23 13:27:46.5706 INFO Get User Success :346-Receiving Section Department
2022-03-23 13:28:15.1570 INFO Get User Success :346-Receiving Section Department
2022-03-23 13:33:22.3958 INFO Get User Success :346-Receiving Section Department
2022-03-23 13:33:33.0444 INFO Get User Success :346-Receiving Section Department
2022-03-23 13:33:45.2047 INFO Get User Success :346-Receiving Section Department
2022-03-23 13:33:50.0041 INFO Get User Success :346-Receiving Section Department
2022-03-23 13:33:53.4968 INFO Get User Success :346-Receiving Section Department
2022-03-23 13:33:56.2039 INFO Get User Success :346-Receiving Section Department
2022-03-23 13:34:08.8617 INFO Get User Success :346-Receiving Section Department
2022-03-23 13:34:10.9445 INFO Get User Success :346-Receiving Section Department
2022-03-23 13:34:55.7835 INFO Get User Success :346-Receiving Section Department
2022-03-23 13:48:30.4451 INFO Get User Success :346-Receiving Section Department
2022-03-23 13:48:38.3475 INFO Get User Success :346-Receiving Section Department
2022-03-23 13:48:52.5222 INFO Get User Success :346-Receiving Section Department
2022-03-23 13:49:07.0207 INFO Get User Success :346-Receiving Section Department
2022-03-23 13:49:09.1218 INFO Get User Success :346-Receiving Section Department
2022-03-23 14:39:14.1215 INFO Get User Success :346-Receiving Section Department
2022-03-23 14:39:22.1582 INFO Get User Success :346-Receiving Section Department
2022-03-23 14:39:36.7479 INFO Get User Success :346-Receiving Section Department
2022-03-23 14:40:17.8181 INFO Get User Success :346-Receiving Section Department
2022-03-23 14:40:32.1970 INFO Get User Success :346-Receiving Section Department
2022-03-23 14:40:34.0363 INFO Get User Success :346-Receiving Section Department
2022-03-23 14:41:41.2632 INFO Get User Success :346-Receiving Section Department
2022-03-23 14:41:47.5640 INFO Get User Success :346-Receiving Section Department
2022-03-23 14:41:52.5536 INFO Get User Success :346-Receiving Section Department
2022-03-23 14:41:58.8290 INFO Get User Success :346-Receiving Section Department
2022-03-23 14:42:00.8959 INFO Get User Success :346-Receiving Section Department
2022-03-23 15:07:51.6982 INFO Get User Success :346-Receiving Section Department
2022-03-23 15:23:51.0595 INFO Get User Success :346-Receiving Section Department
2022-03-23 15:24:01.7389 INFO Get User Success :346-Receiving Section Department
2022-03-23 15:24:17.9427 INFO Get User Success :346-Receiving Section Department
2022-03-23 15:24:34.7842 INFO Get User Success :346-Receiving Section Department
2022-03-23 15:24:36.5451 INFO Get User Success :346-Receiving Section Department
2022-03-23 15:24:45.8814 INFO Get User Success :346-Receiving Section Department
2022-03-23 15:25:20.8673 INFO Get User Success :346-Receiving Section Department
2022-03-23 15:26:24.4691 INFO Get User Success :346-Receiving Section Department
2022-03-23 15:28:20.5046 INFO Get User Success :346-Receiving Section Department
2022-03-23 15:31:44.9599 INFO Get User Success :346-Receiving Section Department
2022-03-23 15:31:56.7058 INFO Get User Success :346-Receiving Section Department
2022-03-23 15:41:31.0743 INFO Get User Success :346-Receiving Section Department
2022-03-23 15:41:40.0484 INFO Get User Success :346-Receiving Section Department
2022-03-23 15:41:49.3034 INFO Get User Success :346-Receiving Section Department
2022-03-23 15:41:55.9414 INFO Get User Success :346-Receiving Section Department
2022-03-23 15:43:45.6915 INFO Get User Success :346-Receiving Section Department
2022-03-23 15:43:51.7349 INFO Get User Success :346-Receiving Section Department
2022-03-23 15:44:02.6615 INFO Get User Success :346-Receiving Section Department
2022-03-23 15:44:15.9515 INFO Get User Success :346-Receiving Section Department
2022-03-23 15:46:32.3744 INFO Get User Success :346-Receiving Section Department
2022-03-23 15:46:37.4431 INFO Get User Success :346-Receiving Section Department
2022-03-23 15:46:47.2371 INFO Get User Success :346-Receiving Section Department
2022-03-23 15:47:01.8079 INFO Get User Success :346-Receiving Section Department
2022-03-23 15:47:16.8642 INFO Get User Success :346-Receiving Section Department
2022-03-23 15:47:18.9491 INFO Get User Success :346-Receiving Section Department
2022-03-23 15:56:22.4059 INFO Get User Success :346-Receiving Section Department
2022-03-23 16:01:30.1807 INFO Get User Success :346-Receiving Section Department
2022-03-23 16:01:41.9675 INFO Get User Success :346-Receiving Section Department
2022-03-23 16:02:10.7870 INFO Get User Success :346-Receiving Section Department
2022-03-23 16:07:01.2193 INFO Get User Success :346-Receiving Section Department
2022-03-23 16:07:38.7417 INFO Get User Success :346-Receiving Section Department
2022-03-23 16:07:57.0617 INFO Get User Success :346-Receiving Section Department
2022-03-23 16:08:12.2085 INFO Get User Success :346-Receiving Section Department
2022-03-23 16:08:15.0052 INFO Get User Success :346-Receiving Section Department
2022-03-23 16:08:42.4181 INFO Get User Success :346-Receiving Section Department
2022-03-23 16:16:27.9271 INFO Get User Success :346-Receiving Section Department
2022-03-23 16:23:42.9692 INFO Get User Success :346-Receiving Section Department
2022-03-23 16:23:56.0807 INFO Get User Success :346-Receiving Section Department
2022-03-23 16:24:08.7189 INFO Get User Success :346-Receiving Section Department
2022-03-23 16:24:16.9408 INFO Get User Success :346-Receiving Section Department
2022-03-23 16:24:43.1500 INFO Get User Success :346-Receiving Section Department
2022-03-23 16:24:54.0268 INFO Get User Success :348-Lab Technician
2022-03-23 16:24:55.7363 INFO Get User Success :348-Lab Technician
2022-03-23 16:24:55.8121 INFO Get User Success :348-Lab Technician
2022-03-23 16:25:01.6963 INFO Get User Success :348-Lab Technician
2022-03-23 16:25:05.0212 INFO Get User Success :348-Lab Technician
2022-03-23 16:25:05.0700 INFO Get User Success :348-Lab Technician
2022-03-23 16:25:22.2281 INFO Get User Success :348-Lab Technician
2022-03-23 16:25:29.6527 INFO Get User Success :348-Lab Technician
2022-03-23 16:25:30.0589 INFO Get User Success :348-Lab Technician
2022-03-23 16:25:35.8345 INFO Get User Success :348-Lab Technician
2022-03-23 16:25:35.8834 INFO Get User Success :348-Lab Technician
2022-03-23 16:25:45.4217 INFO Get User Success :348-Lab Technician
2022-03-23 16:25:55.0344 INFO Get User Success :348-Lab Technician
2022-03-23 16:26:00.7476 INFO Get User Success :347-Lab Incharge
2022-03-23 16:26:04.8377 INFO Get User Success :347-Lab Incharge
2022-03-23 16:26:06.5128 INFO Get User Success :347-Lab Incharge
2022-03-23 16:26:06.6583 INFO Get User Success :347-Lab Incharge
2022-03-23 16:26:29.2069 INFO Get User Success :347-Lab Incharge
2022-03-23 16:26:34.0273 INFO Get User Success :44-Administrator
2022-03-23 16:26:34.1085 INFO Get User Success :44-Administrator
2022-03-23 16:26:34.1345 INFO Get Product Type Master List Success
2022-03-23 16:26:34.1345 INFO Get User Success :Admin
2022-03-23 16:26:36.6037 INFO Get User Success :44-Administrator
2022-03-23 16:26:36.6037 INFO Get Report  Success
2022-03-23 16:26:36.6333 INFO GetFinacListValues Success
2022-03-23 16:26:36.6384 INFO Get Party Master List Success
2022-03-23 16:26:36.6384 INFO Get Product Type Master List Success
2022-03-23 16:26:36.6384 INFO Get User Success :Admin
2022-03-23 16:27:06.1851 INFO Get Party Master Details Success
2022-03-23 16:27:37.5859 INFO Get Party Master Details Success
2022-03-23 16:27:50.3188 INFO Get Report  Success
2022-03-23 16:27:50.6739 INFO Get GetSeverList Fail :Field not found in row: projectname
2022-03-23 17:34:38.1850 INFO Get User Success :3570-Receiving Section Chemical Lab
2022-03-23 17:34:49.2330 INFO Get User Success :3570-Receiving Section Chemical Lab
2022-03-23 17:35:07.3575 INFO Get User Success :3570-Receiving Section Chemical Lab
2022-03-23 17:37:20.3427 INFO Get User Success :3570-Receiving Section Chemical Lab
2022-03-23 17:37:35.0112 INFO Get User Success :3570-Receiving Section Chemical Lab
2022-03-23 17:37:50.4970 INFO Get User Success :3570-Receiving Section Chemical Lab
2022-03-23 17:37:52.8749 INFO Get User Success :3570-Receiving Section Chemical Lab
2022-03-23 17:40:59.1185 INFO Get User Success :3570-Receiving Section Chemical Lab
2022-03-23 17:41:00.9700 INFO Get User Success :3570-Receiving Section Chemical Lab
2022-03-23 17:41:19.8978 INFO Get User Success :3573-labtec Chemical Lab
2022-03-23 17:41:26.4016 INFO Get User Success :3573-labtec Chemical Lab
2022-03-23 17:41:26.5525 INFO Get User Success :3573-labtec Chemical Lab
2022-03-23 17:41:37.8384 INFO Get User Success :3573-labtec Chemical Lab
2022-03-23 17:41:42.6821 INFO Get User Success :3573-labtec Chemical Lab
2022-03-23 17:41:55.3019 INFO Get User Success :3572-labincharge Chemical Lab
2022-03-23 17:41:57.2275 INFO Get User Success :3572-labincharge Chemical Lab
2022-03-23 17:41:57.3817 INFO Get User Success :3572-labincharge Chemical Lab
2022-03-23 17:42:08.1083 INFO Get User Success :3572-labincharge Chemical Lab
2022-03-23 17:42:16.2305 INFO Get User Success :3571-disoff Chemical Lab
2022-03-23 17:42:28.9935 INFO Get User Success :3571-disoff Chemical Lab
2022-03-23 17:52:34.9467 INFO Get User Success :3571-disoff Chemical Lab
2022-03-23 17:52:41.2099 INFO Get User Success :3571-disoff Chemical Lab
2022-03-23 17:53:18.0657 INFO Get User Success :3571-disoff Chemical Lab
2022-03-23 17:54:32.6397 INFO Get User Success :3571-disoff Chemical Lab
2022-03-23 17:54:32.7556 INFO Get User Success :3571-disoff Chemical Lab
