2022-02-28 12:02:20.5417 INFO Get User Success :105-Majhaulia Sugar Industry Ltd Distillery Division
2022-02-28 12:02:26.5996 INFO Get User Success :105-Majhaulia Sugar Industry Ltd Distillery Division
2022-02-28 12:02:33.0563 INFO Get Product Type Master List Success
2022-02-28 12:02:33.1799 INFO Get User Success :majhaulia_dis
2022-02-28 12:02:48.7585 INFO Get User Success :105-Majhaulia Sugar Industry Ltd Distillery Division
2022-02-28 12:02:54.8155 INFO Get Product Type Master List Success
2022-02-28 12:02:54.9692 INFO Get User Success :majhaulia_dis
2022-02-28 12:03:18.7544 INFO Get User Success :105-Majhaulia Sugar Industry Ltd Distillery Division
2022-02-28 12:03:18.8339 INFO Get Product Type Master List Success
2022-02-28 12:03:19.0108 INFO Get User Success :majhaulia_dis
2022-02-28 12:03:22.7582 INFO Get User Success :105-Majhaulia Sugar Industry Ltd Distillery Division
2022-02-28 12:03:23.0768 INFO Get VAT Master List Success
2022-02-28 12:03:23.1304 INFO Get Product Type Master List Success
2022-02-28 12:03:23.3386 INFO Get User Success :majhaulia_dis
2022-02-28 13:20:26.1036 INFO Get User Success :105-Majhaulia Sugar Industry Ltd Distillery Division
2022-02-28 13:20:30.7435 INFO Get User Success :105-Majhaulia Sugar Industry Ltd Distillery Division
2022-02-28 13:20:37.5523 INFO Get Product Type Master List Success
2022-02-28 13:20:37.6644 INFO Get User Success :majhaulia_dis
2022-02-28 13:20:49.9307 INFO Get User Success :105-Majhaulia Sugar Industry Ltd Distillery Division
2022-02-28 13:20:53.6614 INFO Get Product Type Master List Success
2022-02-28 13:20:53.8152 INFO Get User Success :majhaulia_dis
2022-02-28 13:21:01.6905 INFO Get User Success :105-Majhaulia Sugar Industry Ltd Distillery Division
2022-02-28 13:21:01.7613 INFO Get Product Type Master List Success
2022-02-28 13:21:01.9214 INFO Get User Success :majhaulia_dis
2022-02-28 13:21:04.3961 INFO Get User Success :105-Majhaulia Sugar Industry Ltd Distillery Division
2022-02-28 13:21:04.4588 INFO Get VAT Master List Success
2022-02-28 13:21:04.5157 INFO Get Product Type Master List Success
2022-02-28 13:21:04.6733 INFO Get User Success :majhaulia_dis
2022-02-28 13:28:25.1332 INFO Get User Success :105-Majhaulia Sugar Industry Ltd Distillery Division
2022-02-28 13:28:29.6819 INFO Get User Success :105-Majhaulia Sugar Industry Ltd Distillery Division
2022-02-28 13:28:35.6173 INFO Get Product Type Master List Success
2022-02-28 13:28:35.7801 INFO Get User Success :majhaulia_dis
2022-02-28 13:28:41.7454 INFO Get User Success :105-Majhaulia Sugar Industry Ltd Distillery Division
2022-02-28 13:28:46.8393 INFO Get Product Type Master List Success
2022-02-28 13:28:47.1927 INFO Get User Success :majhaulia_dis
2022-02-28 13:28:54.1328 INFO Get User Success :105-Majhaulia Sugar Industry Ltd Distillery Division
2022-02-28 13:28:54.2136 INFO Get Product Type Master List Success
2022-02-28 13:28:54.3752 INFO Get User Success :majhaulia_dis
2022-02-28 13:28:56.4559 INFO Get User Success :105-Majhaulia Sugar Industry Ltd Distillery Division
2022-02-28 13:28:56.5128 INFO Get VAT Master List Success
2022-02-28 13:28:56.5726 INFO Get Product Type Master List Success
2022-02-28 13:28:56.7397 INFO Get User Success :majhaulia_dis
2022-02-28 13:47:39.9000 INFO Get User Success :105-Majhaulia Sugar Industry Ltd Distillery Division
2022-02-28 13:47:48.2859 INFO Get Form84 List Success
2022-02-28 13:47:48.3594 INFO Get Product Type Master List Success
2022-02-28 13:47:48.5798 INFO Get User Success :majhaulia_dis
2022-02-28 13:51:16.5074 INFO Get User Success :110-Hasanpur Sugar Mills
2022-02-28 13:51:16.6509 INFO Get User Success :110-Hasanpur Sugar Mills
2022-02-28 13:51:17.1799 INFO Get Product Type Master List Success
2022-02-28 13:51:17.4544 INFO Get User Success :hasanpur_sgr
2022-02-28 13:51:26.0810 INFO Sugarcanepurchase Get List Success
2022-02-28 13:51:26.1402 INFO Get User Success :110-Hasanpur Sugar Mills
2022-02-28 13:51:26.2025 INFO Get Product Type Master List Success
2022-02-28 13:51:26.4214 INFO Get User Success :hasanpur_sgr
2022-02-28 13:51:30.5692 INFO Get User Success :110-Hasanpur Sugar Mills
2022-02-28 13:51:30.6427 INFO Get User Success :110-Hasanpur Sugar Mills
2022-02-28 13:54:39.1645 INFO Get User Success :110-Hasanpur Sugar Mills
2022-02-28 13:54:46.7765 INFO Get User Success :110-Hasanpur Sugar Mills
2022-02-28 13:54:53.9453 INFO Get Product Type Master List Success
2022-02-28 13:54:54.1118 INFO Get User Success :hasanpur_sgr
2022-02-28 13:55:00.9933 INFO Get User Success :110-Hasanpur Sugar Mills
2022-02-28 13:55:01.0546 INFO Get User Success :110-Hasanpur Sugar Mills
2022-02-28 13:55:05.4538 INFO Get Product Type Master List Success
2022-02-28 13:55:05.7304 INFO Get User Success :hasanpur_sgr
2022-02-28 14:58:56.2760 INFO Get User Success :105-Majhaulia Sugar Industry Ltd Distillery Division
2022-02-28 14:58:56.4855 INFO Get User Success :105-Majhaulia Sugar Industry Ltd Distillery Division
2022-02-28 14:58:57.1810 INFO Get Product Type Master List Success
2022-02-28 14:58:57.4175 INFO Get User Success :majhaulia_dis
2022-02-28 14:58:59.9023 INFO Get User Success :105-Majhaulia Sugar Industry Ltd Distillery Division
2022-02-28 14:59:07.0131 INFO Get Product Type Master List Success
2022-02-28 14:59:07.2952 INFO Get User Success :majhaulia_dis
2022-02-28 14:59:23.2009 INFO Get User Success :105-Majhaulia Sugar Industry Ltd Distillery Division
2022-02-28 14:59:23.2993 INFO Get Product Type Master List Success
2022-02-28 14:59:23.4621 INFO Get User Success :majhaulia_dis
2022-02-28 15:01:57.8013 INFO Get User Success :105-Majhaulia Sugar Industry Ltd Distillery Division
2022-02-28 15:01:57.8980 INFO Get VAT Master List Success
2022-02-28 15:01:57.9858 INFO Get Product Type Master List Success
2022-02-28 15:01:58.5259 INFO Get User Success :majhaulia_dis
2022-02-28 15:12:22.4780 INFO Get User Success :105-Majhaulia Sugar Industry Ltd Distillery Division
2022-02-28 15:12:30.7485 INFO Get User Success :105-Majhaulia Sugar Industry Ltd Distillery Division
2022-02-28 15:12:39.4854 INFO Get Product Type Master List Success
2022-02-28 15:12:39.6583 INFO Get User Success :majhaulia_dis
2022-02-28 15:12:46.9939 INFO Get User Success :105-Majhaulia Sugar Industry Ltd Distillery Division
2022-02-28 15:12:52.4208 INFO Get Product Type Master List Success
2022-02-28 15:12:52.6398 INFO Get User Success :majhaulia_dis
2022-02-28 15:12:59.3745 INFO Get User Success :105-Majhaulia Sugar Industry Ltd Distillery Division
2022-02-28 15:12:59.4763 INFO Get Product Type Master List Success
2022-02-28 15:12:59.6917 INFO Get User Success :majhaulia_dis
2022-02-28 15:13:34.9530 INFO Get User Fail :-Exception while reading from stream
2022-02-28 15:15:05.6356 INFO Get User Fail :-Exception while reading from stream
2022-02-28 15:55:53.8128 INFO Get User Success :105-Majhaulia Sugar Industry Ltd Distillery Division
2022-02-28 15:56:00.0037 INFO Get User Success :105-Majhaulia Sugar Industry Ltd Distillery Division
2022-02-28 15:56:06.0734 INFO Get Product Type Master List Success
2022-02-28 15:56:06.2544 INFO Get User Success :majhaulia_dis
2022-02-28 15:56:31.8768 INFO Get User Success :105-Majhaulia Sugar Industry Ltd Distillery Division
2022-02-28 15:56:37.5811 INFO Get Product Type Master List Success
2022-02-28 15:56:37.7596 INFO Get User Success :majhaulia_dis
2022-02-28 15:56:44.5241 INFO Get User Success :105-Majhaulia Sugar Industry Ltd Distillery Division
2022-02-28 15:56:44.6268 INFO Get Product Type Master List Success
2022-02-28 15:56:44.8621 INFO Get User Success :majhaulia_dis
2022-02-28 15:56:46.3561 INFO Get User Success :105-Majhaulia Sugar Industry Ltd Distillery Division
2022-02-28 15:56:53.7389 INFO Get Form84 List Success
2022-02-28 15:56:53.8198 INFO Get Product Type Master List Success
2022-02-28 15:56:53.9943 INFO Get User Success :majhaulia_dis
2022-02-28 15:57:03.0333 INFO Get User Success :105-Majhaulia Sugar Industry Ltd Distillery Division
2022-02-28 15:57:03.1560 INFO Get Product Type Master List Success
2022-02-28 15:57:03.3375 INFO Get User Success :majhaulia_dis
2022-02-28 15:57:24.9350 INFO Get User Success :105-Majhaulia Sugar Industry Ltd Distillery Division
2022-02-28 15:57:34.5890 INFO Get Form84 List Success
2022-02-28 15:57:34.6538 INFO Get Product Type Master List Success
2022-02-28 15:57:35.6218 INFO Get User Success :majhaulia_dis
2022-02-28 15:57:36.3204 INFO Get User Success :105-Majhaulia Sugar Industry Ltd Distillery Division
2022-02-28 15:57:44.3544 INFO Get VAT Master List Success
2022-02-28 15:57:44.4272 INFO Get Product Type Master List Success
2022-02-28 15:57:44.6049 INFO Get User Success :majhaulia_dis
2022-02-28 16:00:59.1035 INFO Get User Success :105-Majhaulia Sugar Industry Ltd Distillery Division
2022-02-28 16:01:07.2054 INFO Get Form84 List Success
2022-02-28 16:01:07.2738 INFO Get Product Type Master List Success
2022-02-28 16:01:07.3979 INFO Get User Success :majhaulia_dis
2022-02-28 16:01:09.3370 INFO Get User Success :105-Majhaulia Sugar Industry Ltd Distillery Division
2022-02-28 16:01:09.3971 INFO Get VAT Master List Success
2022-02-28 16:01:09.4572 INFO Get Product Type Master List Success
2022-02-28 16:01:09.6355 INFO Get User Success :majhaulia_dis
2022-02-28 16:01:17.5551 INFO Get VAT Master List Success
2022-02-28 16:01:18.8856 INFO Get User Success :105-Majhaulia Sugar Industry Ltd Distillery Division
2022-02-28 16:01:19.3190 INFO Get VAT Master List Success
2022-02-28 16:01:19.3861 INFO Get VAT Master List Success
2022-02-28 16:01:49.2690 INFO Get VAT Master List Success
2022-02-28 16:01:51.7534 INFO Get User Success :105-Majhaulia Sugar Industry Ltd Distillery Division
2022-02-28 16:01:58.9575 INFO Get Form84 List Success
2022-02-28 16:01:59.0203 INFO Get Product Type Master List Success
2022-02-28 16:01:59.2025 INFO Get User Success :majhaulia_dis
2022-02-28 16:01:59.4474 INFO Get VAT Master List Success
2022-02-28 16:02:15.6643 INFO Get VAT Master List Success
2022-02-28 16:02:18.2916 INFO Get User Success :105-Majhaulia Sugar Industry Ltd Distillery Division
2022-02-28 16:02:26.4244 INFO Get Form84 List Success
2022-02-28 16:02:26.4882 INFO Get Product Type Master List Success
2022-02-28 16:02:26.7883 INFO Get User Success :majhaulia_dis
2022-02-28 16:02:26.9574 INFO Get User Success :105-Majhaulia Sugar Industry Ltd Distillery Division
2022-02-28 16:02:32.4268 INFO Get Form84 List Success
2022-02-28 16:02:32.4900 INFO Get Product Type Master List Success
2022-02-28 16:02:32.7282 INFO Get User Success :majhaulia_dis
2022-02-28 16:02:36.9193 INFO Get VAT Master List Success
2022-02-28 16:02:41.4029 INFO Get VAT Master List Success
2022-02-28 16:05:04.5412 INFO Get User Success :105-Majhaulia Sugar Industry Ltd Distillery Division
2022-02-28 16:05:12.6103 INFO Get Form84 List Success
2022-02-28 16:05:12.6715 INFO Get Product Type Master List Success
2022-02-28 16:05:12.9117 INFO Get User Success :majhaulia_dis
2022-02-28 16:05:20.5745 INFO Get User Success :105-Majhaulia Sugar Industry Ltd Distillery Division
2022-02-28 16:05:20.6363 INFO Get VAT Master List Success
2022-02-28 16:05:20.6984 INFO Get VAT Master List Success
2022-02-28 16:05:20.7573 INFO Get VAT Master List Success
2022-02-28 16:05:20.8195 INFO Get User Success :105-Majhaulia Sugar Industry Ltd Distillery Division
2022-02-28 16:05:20.9392 INFO Get VAT Master List Success
2022-02-28 16:05:21.0013 INFO Get VAT Master List Success
2022-02-28 16:05:21.1329 INFO Get Product Type Master List Success
2022-02-28 16:05:21.3682 INFO Get User Success :majhaulia_dis
2022-02-28 16:05:34.8042 INFO Get VAT Master List Success
2022-02-28 16:05:37.8956 INFO Get form84 Update Success
2022-02-28 16:05:38.2341 INFO Get User Success :105-Majhaulia Sugar Industry Ltd Distillery Division
2022-02-28 16:05:46.3170 INFO Get Form84 List Success
2022-02-28 16:05:46.3804 INFO Get Product Type Master List Success
2022-02-28 16:05:46.6127 INFO Get User Success :majhaulia_dis
2022-02-28 16:06:04.9679 INFO Get User Success :105-Majhaulia Sugar Industry Ltd Distillery Division
2022-02-28 16:06:12.9863 INFO Get Form84 List Success
2022-02-28 16:06:13.0542 INFO Get Product Type Master List Success
2022-02-28 16:06:13.3039 INFO Get User Success :majhaulia_dis
2022-02-28 16:12:36.3999 INFO Get User Success :105-Majhaulia Sugar Industry Ltd Distillery Division
2022-02-28 16:13:01.3188 INFO Get User Success :105-Majhaulia Sugar Industry Ltd Distillery Division
2022-02-28 16:13:09.7494 INFO Get Product Type Master List Success
2022-02-28 16:13:09.9371 INFO Get User Success :majhaulia_dis
2022-02-28 16:13:18.0560 INFO Get User Success :105-Majhaulia Sugar Industry Ltd Distillery Division
2022-02-28 16:13:27.1425 INFO Get Product Type Master List Success
2022-02-28 16:13:27.3204 INFO Get User Success :majhaulia_dis
2022-02-28 16:14:35.5798 INFO Get User Success :105-Majhaulia Sugar Industry Ltd Distillery Division
2022-02-28 16:14:43.9406 INFO Get VAT Master List Success
2022-02-28 16:14:44.0123 INFO Get Product Type Master List Success
2022-02-28 16:14:44.3456 INFO Get User Success :majhaulia_dis
2022-02-28 16:14:50.4877 INFO Get User Success :105-Majhaulia Sugar Industry Ltd Distillery Division
2022-02-28 16:15:00.5873 INFO Get VAT Master List Success
2022-02-28 16:15:02.4547 INFO Get User Success :105-Majhaulia Sugar Industry Ltd Distillery Division
2022-02-28 16:15:11.9600 INFO Get VAT Master List Success
2022-02-28 16:15:16.4079 INFO Get User Success :105-Majhaulia Sugar Industry Ltd Distillery Division
2022-02-28 16:15:23.8060 INFO Get VAT Master List Success
2022-02-28 16:15:28.3803 INFO Get User Success :105-Majhaulia Sugar Industry Ltd Distillery Division
2022-02-28 16:15:28.4421 INFO Get VAT Master List Success
2022-02-28 16:16:58.5355 INFO Get Product Type Master List Success
2022-02-28 16:16:58.7111 INFO Get User Success :majhaulia_dis
2022-02-28 16:17:07.0054 INFO Get User Success :105-Majhaulia Sugar Industry Ltd Distillery Division
2022-02-28 16:17:19.0001 INFO Get VAT Master List Success
2022-02-28 16:17:19.0646 INFO Get Product Type Master List Success
2022-02-28 16:17:19.3526 INFO Get User Success :majhaulia_dis
2022-02-28 16:17:22.7604 INFO Get User Success :105-Majhaulia Sugar Industry Ltd Distillery Division
2022-02-28 16:17:32.5773 INFO Get VAT Master List Success
2022-02-28 16:17:44.6628 INFO Get User Success :105-Majhaulia Sugar Industry Ltd Distillery Division
2022-02-28 16:17:44.7249 INFO Get VAT Master List Success
2022-02-28 16:23:23.1917 INFO Get User Success :105-Majhaulia Sugar Industry Ltd Distillery Division
2022-02-28 16:23:29.7313 INFO Get User Success :105-Majhaulia Sugar Industry Ltd Distillery Division
2022-02-28 16:23:37.8715 INFO Get Product Type Master List Success
2022-02-28 16:23:38.3690 INFO Get User Success :majhaulia_dis
2022-02-28 16:23:41.4591 INFO Get User Success :105-Majhaulia Sugar Industry Ltd Distillery Division
2022-02-28 16:23:49.4911 INFO Get Product Type Master List Success
2022-02-28 16:23:49.7284 INFO Get User Success :majhaulia_dis
2022-02-28 16:24:09.9622 INFO Get User Success :105-Majhaulia Sugar Industry Ltd Distillery Division
2022-02-28 16:24:10.0447 INFO Get Product Type Master List Success
2022-02-28 16:24:10.2800 INFO Get User Success :majhaulia_dis
2022-02-28 16:24:11.6495 INFO Get User Success :105-Majhaulia Sugar Industry Ltd Distillery Division
2022-02-28 16:24:20.1086 INFO Get VAT Master List Success
2022-02-28 16:24:20.1845 INFO Get Product Type Master List Success
2022-02-28 16:24:20.3641 INFO Get User Success :majhaulia_dis
2022-02-28 16:25:02.7044 INFO Get User Success :105-Majhaulia Sugar Industry Ltd Distillery Division
2022-02-28 16:25:11.3702 INFO Get VAT Master List Success
2022-02-28 16:25:15.3957 INFO Get User Success :105-Majhaulia Sugar Industry Ltd Distillery Division
2022-02-28 16:25:15.4705 INFO Get VAT Master List Success
2022-02-28 16:26:31.8763 INFO Get User Success :105-Majhaulia Sugar Industry Ltd Distillery Division
2022-02-28 16:26:31.9394 INFO Get VAT Master List Success
2022-02-28 16:26:39.0389 INFO Get Product Type Master List Success
2022-02-28 16:26:39.2185 INFO Get User Success :majhaulia_dis
2022-02-28 16:26:50.8117 INFO Get User Success :105-Majhaulia Sugar Industry Ltd Distillery Division
2022-02-28 16:26:59.7985 INFO Get VAT Master List Success
2022-02-28 16:26:59.8622 INFO Get Product Type Master List Success
2022-02-28 16:27:00.6573 INFO Get User Success :majhaulia_dis
2022-02-28 16:28:41.9319 INFO Get User Success :105-Majhaulia Sugar Industry Ltd Distillery Division
2022-02-28 16:28:50.4007 INFO Get VAT Master List Success
2022-02-28 16:28:55.3666 INFO Get User Success :105-Majhaulia Sugar Industry Ltd Distillery Division
2022-02-28 16:28:55.4847 INFO Get VAT Master List Success
2022-02-28 16:29:00.8948 INFO Get Product Type Master List Success
2022-02-28 16:29:01.0758 INFO Get User Success :majhaulia_dis
2022-02-28 16:33:18.2581 INFO Get User Success :105-Majhaulia Sugar Industry Ltd Distillery Division
2022-02-28 16:33:18.3126 INFO Get VAT Master List Success
2022-02-28 16:33:26.8067 INFO Get Product Type Master List Success
2022-02-28 16:33:27.1631 INFO Get User Success :majhaulia_dis
2022-02-28 16:33:37.3562 INFO Get User Success :105-Majhaulia Sugar Industry Ltd Distillery Division
2022-02-28 16:33:44.1537 INFO Get Form84 List Success
2022-02-28 16:33:44.2225 INFO Get Product Type Master List Success
2022-02-28 16:33:44.3815 INFO Get User Success :majhaulia_dis
2022-02-28 16:34:11.9417 INFO Get User Success :105-Majhaulia Sugar Industry Ltd Distillery Division
2022-02-28 16:34:12.0464 INFO Get Product Type Master List Success
2022-02-28 16:34:12.2559 INFO Get User Success :majhaulia_dis
2022-02-28 16:34:17.5733 INFO Get User Success :105-Majhaulia Sugar Industry Ltd Distillery Division
2022-02-28 16:34:21.1820 INFO Get Form84 List Success
2022-02-28 16:34:21.2368 INFO Get Product Type Master List Success
2022-02-28 16:34:21.3425 INFO Get User Success :majhaulia_dis
2022-02-28 16:38:11.0660 INFO Get User Success :105-Majhaulia Sugar Industry Ltd Distillery Division
2022-02-28 16:38:17.0060 INFO Get User Success :105-Majhaulia Sugar Industry Ltd Distillery Division
2022-02-28 16:38:25.1708 INFO Get Product Type Master List Success
2022-02-28 16:38:25.5802 INFO Get User Success :majhaulia_dis
2022-02-28 16:38:29.7488 INFO Get User Success :105-Majhaulia Sugar Industry Ltd Distillery Division
2022-02-28 16:38:35.7679 INFO Get Product Type Master List Success
2022-02-28 16:38:35.9785 INFO Get User Success :majhaulia_dis
2022-02-28 16:38:38.5538 INFO Get User Success :105-Majhaulia Sugar Industry Ltd Distillery Division
2022-02-28 16:38:43.9553 INFO Get Form84 List Success
2022-02-28 16:38:44.0370 INFO Get Product Type Master List Success
2022-02-28 16:38:44.1917 INFO Get User Success :majhaulia_dis
2022-02-28 16:38:47.0513 INFO Get User Success :105-Majhaulia Sugar Industry Ltd Distillery Division
2022-02-28 16:38:47.1162 INFO Get VAT Master List Success
2022-02-28 16:38:47.1783 INFO Get VAT Master List Success
2022-02-28 16:38:47.2336 INFO Get VAT Master List Success
2022-02-28 16:38:47.2896 INFO Get User Success :105-Majhaulia Sugar Industry Ltd Distillery Division
2022-02-28 16:38:47.3950 INFO Get VAT Master List Success
2022-02-28 16:38:47.4531 INFO Get VAT Master List Success
2022-02-28 16:38:47.5745 INFO Get Product Type Master List Success
2022-02-28 16:38:47.7288 INFO Get User Success :majhaulia_dis
2022-02-28 16:40:35.3803 INFO Get VAT Master List Success
2022-02-28 16:40:41.3597 INFO Get form84 Update Success
2022-02-28 16:40:54.7602 INFO Get VAT Master List Success
2022-02-28 16:40:57.6678 INFO Get form84 Update Success
2022-02-28 16:40:57.9502 INFO Get User Success :105-Majhaulia Sugar Industry Ltd Distillery Division
2022-02-28 16:41:05.0391 INFO Get Form84 List Success
2022-02-28 16:41:05.1000 INFO Get Product Type Master List Success
2022-02-28 16:41:05.3029 INFO Get User Success :majhaulia_dis
2022-02-28 16:41:49.2031 INFO Get VAT Master List Success
2022-02-28 16:41:52.1717 INFO Get form84 Update Success
2022-02-28 16:42:40.1901 INFO Get User Success :105-Majhaulia Sugar Industry Ltd Distillery Division
2022-02-28 16:42:40.2410 INFO Get VAT Master List Success
2022-02-28 16:42:40.2938 INFO Get VAT Master List Success
2022-02-28 16:42:40.3464 INFO Get VAT Master List Success
2022-02-28 16:42:40.4006 INFO Get User Success :105-Majhaulia Sugar Industry Ltd Distillery Division
2022-02-28 16:42:40.5041 INFO Get VAT Master List Success
2022-02-28 16:42:40.8084 INFO Get VAT Master List Success
2022-02-28 16:42:40.9156 INFO Get Product Type Master List Success
2022-02-28 16:42:41.3837 INFO Get User Success :majhaulia_dis
2022-02-28 16:42:55.6690 INFO Get VAT Master List Success
2022-02-28 16:42:55.9833 INFO Get form84 Update Success
2022-02-28 16:42:56.0748 INFO Get User Success :105-Majhaulia Sugar Industry Ltd Distillery Division
2022-02-28 16:43:01.0089 INFO Get Form84 List Success
2022-02-28 16:43:01.0618 INFO Get Product Type Master List Success
2022-02-28 16:43:01.1665 INFO Get User Success :majhaulia_dis
2022-02-28 16:43:01.3677 INFO Get VAT Master List Success
2022-02-28 16:43:01.6750 INFO Get form84 Update Success
2022-02-28 16:43:01.7468 INFO Get User Success :105-Majhaulia Sugar Industry Ltd Distillery Division
2022-02-28 16:43:07.0368 INFO Get Form84 List Success
2022-02-28 16:43:07.0906 INFO Get Product Type Master List Success
2022-02-28 16:43:07.2960 INFO Get User Success :majhaulia_dis
2022-02-28 16:43:28.0340 INFO Get User Success :105-Majhaulia Sugar Industry Ltd Distillery Division
2022-02-28 16:43:31.6492 INFO Get Product Type Master List Success
2022-02-28 16:43:31.9062 INFO Get User Success :majhaulia_dis
2022-02-28 16:43:49.4564 INFO Get User Success :105-Majhaulia Sugar Industry Ltd Distillery Division
2022-02-28 16:43:49.5312 INFO Get Product Type Master List Success
2022-02-28 16:43:49.6339 INFO Get User Success :majhaulia_dis
2022-02-28 16:43:51.4123 INFO Get User Success :105-Majhaulia Sugar Industry Ltd Distillery Division
2022-02-28 16:43:51.4682 INFO Get VAT Master List Success
2022-02-28 16:43:51.5221 INFO Get Product Type Master List Success
2022-02-28 16:43:51.6751 INFO Get User Success :majhaulia_dis
2022-02-28 16:45:29.1750 INFO Get User Success :105-Majhaulia Sugar Industry Ltd Distillery Division
2022-02-28 16:45:34.5539 INFO Get Form84 List Success
2022-02-28 16:45:34.6107 INFO Get Product Type Master List Success
2022-02-28 16:45:34.7731 INFO Get User Success :majhaulia_dis
2022-02-28 16:46:08.3490 INFO Get User Success :105-Majhaulia Sugar Industry Ltd Distillery Division
2022-02-28 16:46:14.8874 INFO Get Form84 List Success
2022-02-28 16:46:14.9413 INFO Get Product Type Master List Success
2022-02-28 16:46:15.1547 INFO Get User Success :majhaulia_dis
2022-02-28 16:46:15.7805 INFO Get User Success :105-Majhaulia Sugar Industry Ltd Distillery Division
2022-02-28 16:46:20.5884 INFO Get Form84 List Success
2022-02-28 16:46:20.6483 INFO Get Product Type Master List Success
2022-02-28 16:46:20.7533 INFO Get User Success :majhaulia_dis
2022-02-28 16:57:23.9429 INFO Get User Success :207-excise_Rohtas
2022-02-28 16:57:37.9217 INFO Get Product Type Master List Success
2022-02-28 16:57:38.0603 INFO Get User Success :excise_Rohtas
2022-02-28 16:57:50.9454 INFO Get Division List Success
2022-02-28 16:58:00.0872 INFO Get User Success :207-excise_Rohtas
2022-02-28 16:58:05.3407 INFO Get Product Type Master List Success
2022-02-28 16:58:05.5099 INFO Get User Success :excise_Rohtas
2022-02-28 16:58:09.5669 INFO Get Thana List Success
2022-02-28 16:58:15.7998 INFO Get Product Type Master List Success
2022-02-28 16:58:15.9640 INFO Get User Success :excise_Rohtas
2022-02-28 16:58:21.5241 INFO Get Product Type Master List Success
2022-02-28 16:58:21.6971 INFO Get User Success :excise_Rohtas
2022-02-28 16:58:24.4383 INFO Get Product Type Master List Success
2022-02-28 16:58:24.6027 INFO Get User Success :excise_Rohtas
2022-02-28 16:59:02.9969 INFO Get Product Type Master List Success
2022-02-28 16:59:03.1624 INFO Get User Success :excise_Rohtas
2022-02-28 16:59:47.9204 INFO Get Product Type Master List Success
2022-02-28 16:59:48.0823 INFO Get User Success :excise_Rohtas
2022-02-28 17:00:01.2232 INFO Get Division List Success
2022-02-28 17:00:01.7677 INFO Get User Success :207-excise_Rohtas
2022-02-28 17:00:07.4251 INFO Get Product Type Master List Success
2022-02-28 17:00:07.5427 INFO Get User Success :excise_Rohtas
2022-02-28 17:00:18.8161 INFO Get Thana List Success
2022-02-28 17:00:19.0625 INFO Get Product Type Master List Success
2022-02-28 17:00:19.1758 INFO Get User Success :excise_Rohtas
2022-02-28 17:00:21.6639 INFO Get Product Type Master List Success
2022-02-28 17:00:22.0826 INFO Get User Success :excise_Rohtas
2022-02-28 17:00:24.4309 INFO Get Product Type Master List Success
2022-02-28 17:00:24.5939 INFO Get User Success :excise_Rohtas
