2022-02-03 12:46:08.4189 INFO Get User Success :101-Commissioner
2022-02-03 12:46:21.0541 INFO Get User Success :101-Commissioner
2022-02-03 12:46:23.6545 INFO Get Product Type Master List Success
2022-02-03 12:46:23.7464 INFO Get User Success :com
2022-02-03 12:59:57.3733 INFO Get User Success :101-Commissioner
2022-02-03 13:00:56.0873 INFO Get Product Type Master List Success
2022-02-03 13:00:56.1551 INFO Get User Success :com
2022-02-03 13:21:45.0009 INFO Get User Fail :-Exception while reading from stream
2022-02-03 13:22:12.6855 INFO Get User Success :101-Commissioner
2022-02-03 13:22:13.0920 INFO Get User Success :101-Commissioner
2022-02-03 13:22:17.7593 INFO Get Product Type Master List Success
2022-02-03 13:22:17.9577 INFO Get User Success :com
2022-02-03 13:22:19.8485 INFO Get User Success :101-Commissioner
2022-02-03 13:22:21.7557 INFO Get Product Type Master List Success
2022-02-03 13:22:21.9185 INFO Get User Success :com
2022-02-03 13:24:38.7344 INFO Get User Success :101-Commissioner
2022-02-03 13:25:59.1044 INFO Get User Success :101-Commissioner
2022-02-03 13:26:10.3869 INFO Get User Success :101-Commissioner
2022-02-03 13:26:14.2939 INFO Get Product Type Master List Success
2022-02-03 13:26:14.4325 INFO Get User Success :com
2022-02-03 13:26:21.9261 INFO Get User Success :101-Commissioner
2022-02-03 13:29:41.3688 INFO Get Product Type Master List Success
2022-02-03 13:29:41.4396 INFO Get User Success :com
2022-02-03 13:30:01.4160 INFO Get User Success :101-Commissioner
2022-02-03 13:34:43.6019 INFO Get Product Type Master List Success
2022-02-03 13:34:43.6677 INFO Get User Success :com
2022-02-03 13:41:16.1058 INFO Get User Success :101-Commissioner
2022-02-03 13:46:09.6771 INFO Get Product Type Master List Success
2022-02-03 13:51:46.8256 INFO Get User Success :com
2022-02-03 13:52:23.7935 INFO Get User Success :44-Administrator
2022-02-03 13:52:24.7916 INFO Get User Success :44-Administrator
2022-02-03 13:52:25.8434 INFO Get Product Type Master List Success
2022-02-03 13:52:26.6944 INFO Get User Success :Admin
2022-02-03 13:52:55.4785 INFO Get RolePermissions List Success
2022-02-03 13:52:58.6140 INFO Get Product Type Master List Success
2022-02-03 13:52:59.6106 INFO Get User Success :Admin
2022-02-03 13:53:10.4404 INFO Org Get List Success
2022-02-03 13:53:10.5136 INFO Get Module_master In ViewModel Success 
2022-02-03 13:53:10.5843 INFO Get SubModule_master In ViewModel Success 
2022-02-03 13:53:10.8637 INFO Get TabName Master In ViewModel Success 
2022-02-03 13:53:10.8637 INFO Get TabName Master In ViewModel Success 
2022-02-03 13:53:10.8637 INFO Get SubModule_master In ViewModel Success 
2022-02-03 13:53:11.2294 INFO Get TabName Master In ViewModel Success 
2022-02-03 13:53:11.2294 INFO Get TabName Master In ViewModel Success 
2022-02-03 13:53:11.2294 INFO Get TabName Master In ViewModel Success 
2022-02-03 13:53:11.2294 INFO Get TabName Master In ViewModel Success 
2022-02-03 13:53:11.2294 INFO Get SubModule_master In ViewModel Success 
2022-02-03 13:53:11.2956 INFO Get TabName Master In ViewModel Success 
2022-02-03 13:53:11.2956 INFO Get SubModule_master In ViewModel Success 
2022-02-03 13:53:11.3627 INFO Get TabName Master In ViewModel Success 
2022-02-03 13:53:11.3627 INFO Get TabName Master In ViewModel Success 
2022-02-03 13:53:11.3627 INFO Get SubModule_master In ViewModel Success 
2022-02-03 13:53:11.4279 INFO Get TabName Master In ViewModel Success 
2022-02-03 13:53:11.4279 INFO Get TabName Master In ViewModel Success 
2022-02-03 13:53:11.4279 INFO Get TabName Master In ViewModel Success 
2022-02-03 13:53:11.4279 INFO Get SubModule_master In ViewModel Success 
2022-02-03 13:53:11.4937 INFO Get TabName Master In ViewModel Success 
2022-02-03 13:53:11.4937 INFO Get SubModule_master In ViewModel Success 
2022-02-03 13:53:11.5593 INFO Get TabName Master In ViewModel Success 
2022-02-03 13:53:11.5593 INFO Get TabName Master In ViewModel Success 
2022-02-03 13:53:11.5593 INFO Get SubModule_master In ViewModel Success 
2022-02-03 13:53:11.6268 INFO Get TabName Master In ViewModel Success 
2022-02-03 13:53:11.6268 INFO Get SubModule_master In ViewModel Success 
2022-02-03 13:53:11.6934 INFO Get TabName Master In ViewModel Success 
2022-02-03 13:53:11.6934 INFO Get SubModule_master In ViewModel Success 
2022-02-03 13:53:11.7594 INFO Get TabName Master In ViewModel Success 
2022-02-03 13:53:11.7594 INFO Get Module_master In ViewModel Success 
2022-02-03 13:53:11.8257 INFO Get SubModule_master In ViewModel Success 
2022-02-03 13:53:11.8924 INFO Get TabName Master In ViewModel Success 
2022-02-03 13:53:11.8924 INFO Get TabName Master In ViewModel Success 
2022-02-03 13:53:11.8924 INFO Get TabName Master In ViewModel Success 
2022-02-03 13:53:11.8924 INFO Get TabName Master In ViewModel Success 
2022-02-03 13:53:11.8924 INFO Get TabName Master In ViewModel Success 
2022-02-03 13:53:11.8924 INFO Get TabName Master In ViewModel Success 
2022-02-03 13:53:11.8924 INFO Get TabName Master In ViewModel Success 
2022-02-03 13:53:11.8924 INFO Get TabName Master In ViewModel Success 
2022-02-03 13:53:11.8924 INFO Get TabName Master In ViewModel Success 
2022-02-03 13:53:11.8924 INFO Get TabName Master In ViewModel Success 
2022-02-03 13:53:11.8924 INFO Get TabName Master In ViewModel Success 
2022-02-03 13:53:11.8924 INFO Get TabName Master In ViewModel Success 
2022-02-03 13:53:11.8924 INFO Get TabName Master In ViewModel Success 
2022-02-03 13:53:11.8924 INFO Get TabName Master In ViewModel Success 
2022-02-03 13:53:11.8924 INFO Get TabName Master In ViewModel Success 
2022-02-03 13:53:11.8924 INFO Get TabName Master In ViewModel Success 
2022-02-03 13:53:11.8924 INFO Get TabName Master In ViewModel Success 
2022-02-03 13:53:11.8924 INFO Get TabName Master In ViewModel Success 
2022-02-03 13:53:11.8924 INFO Get TabName Master In ViewModel Success 
2022-02-03 13:53:11.8924 INFO Get TabName Master In ViewModel Success 
2022-02-03 13:53:11.8924 INFO Get TabName Master In ViewModel Success 
2022-02-03 13:53:11.9004 INFO Get TabName Master In ViewModel Success 
2022-02-03 13:53:11.9004 INFO Get TabName Master In ViewModel Success 
2022-02-03 13:53:11.9004 INFO Get TabName Master In ViewModel Success 
2022-02-03 13:53:11.9004 INFO Get SubModule_master In ViewModel Success 
2022-02-03 13:53:11.9668 INFO Get TabName Master In ViewModel Success 
2022-02-03 13:53:11.9668 INFO Get TabName Master In ViewModel Success 
2022-02-03 13:53:11.9668 INFO Get TabName Master In ViewModel Success 
2022-02-03 13:53:11.9668 INFO Get TabName Master In ViewModel Success 
2022-02-03 13:53:11.9668 INFO Get SubModule_master In ViewModel Success 
2022-02-03 13:53:12.0317 INFO Get TabName Master In ViewModel Success 
2022-02-03 13:53:12.0317 INFO Get TabName Master In ViewModel Success 
2022-02-03 13:53:12.0317 INFO Get TabName Master In ViewModel Success 
2022-02-03 13:53:12.0317 INFO Get TabName Master In ViewModel Success 
2022-02-03 13:53:12.0317 INFO Get TabName Master In ViewModel Success 
2022-02-03 13:53:12.0317 INFO Get TabName Master In ViewModel Success 
2022-02-03 13:53:12.0317 INFO Get TabName Master In ViewModel Success 
2022-02-03 13:53:12.0317 INFO Get SubModule_master In ViewModel Success 
2022-02-03 13:53:12.0987 INFO Get TabName Master In ViewModel Success 
2022-02-03 13:53:12.0987 INFO Get TabName Master In ViewModel Success 
2022-02-03 13:53:12.0987 INFO Get TabName Master In ViewModel Success 
2022-02-03 13:53:12.0987 INFO Get Module_master In ViewModel Success 
2022-02-03 13:53:12.1638 INFO Get Module_master In ViewModel Success 
2022-02-03 13:53:12.2285 INFO Get SubModule_master In ViewModel Success 
2022-02-03 13:53:12.2933 INFO Get TabName Master In ViewModel Success 
2022-02-03 13:53:12.2933 INFO Get TabName Master In ViewModel Success 
2022-02-03 13:53:12.2933 INFO Get SubModule_master In ViewModel Success 
2022-02-03 13:53:12.3591 INFO Get TabName Master In ViewModel Success 
2022-02-03 13:53:12.3591 INFO Get Module_master In ViewModel Success 
2022-02-03 13:53:12.4240 INFO Get SubModule_master In ViewModel Success 
2022-02-03 13:53:12.4899 INFO Get TabName Master In ViewModel Success 
2022-02-03 13:53:12.4899 INFO Get TabName Master In ViewModel Success 
2022-02-03 13:53:12.4899 INFO Get TabName Master In ViewModel Success 
2022-02-03 13:53:12.4899 INFO Get TabName Master In ViewModel Success 
2022-02-03 13:53:12.4899 INFO Get TabName Master In ViewModel Success 
2022-02-03 13:53:12.4899 INFO Get TabName Master In ViewModel Success 
2022-02-03 13:53:12.4899 INFO Get TabName Master In ViewModel Success 
2022-02-03 13:53:12.4899 INFO Get TabName Master In ViewModel Success 
2022-02-03 13:53:12.4899 INFO Get TabName Master In ViewModel Success 
2022-02-03 13:53:12.4899 INFO Get TabName Master In ViewModel Success 
2022-02-03 13:53:12.4899 INFO Get SubModule_master In ViewModel Success 
2022-02-03 13:53:12.5567 INFO Get TabName Master In ViewModel Success 
2022-02-03 13:53:12.5567 INFO Get TabName Master In ViewModel Success 
2022-02-03 13:53:12.5567 INFO Get TabName Master In ViewModel Success 
2022-02-03 13:53:12.5567 INFO Get TabName Master In ViewModel Success 
2022-02-03 13:53:12.5567 INFO Get TabName Master In ViewModel Success 
2022-02-03 13:53:12.5567 INFO Get SubModule_master In ViewModel Success 
2022-02-03 13:53:12.6225 INFO Get TabName Master In ViewModel Success 
2022-02-03 13:53:12.6225 INFO Get TabName Master In ViewModel Success 
2022-02-03 13:53:12.6225 INFO Get TabName Master In ViewModel Success 
2022-02-03 13:53:12.6225 INFO Get TabName Master In ViewModel Success 
2022-02-03 13:53:12.6225 INFO Get TabName Master In ViewModel Success 
2022-02-03 13:53:12.6225 INFO Get TabName Master In ViewModel Success 
2022-02-03 13:53:12.6225 INFO Get TabName Master In ViewModel Success 
2022-02-03 13:53:12.6225 INFO Get SubModule_master In ViewModel Success 
2022-02-03 13:53:12.6884 INFO Get TabName Master In ViewModel Success 
2022-02-03 13:53:12.6884 INFO Get TabName Master In ViewModel Success 
2022-02-03 13:53:12.6884 INFO Get SubModule_master In ViewModel Success 
2022-02-03 13:53:12.7532 INFO Get TabName Master In ViewModel Success 
2022-02-03 13:53:12.7532 INFO Get SubModule_master In ViewModel Success 
2022-02-03 13:53:12.8194 INFO Get TabName Master In ViewModel Success 
2022-02-03 13:53:12.8194 INFO Get SubModule_master In ViewModel Success 
2022-02-03 13:53:12.8853 INFO Get SubModule_master In ViewModel Success 
2022-02-03 13:53:12.9501 INFO Get TabName Master In ViewModel Success 
2022-02-03 13:53:12.9501 INFO Get TabName Master In ViewModel Success 
2022-02-03 13:53:12.9501 INFO Get TabName Master In ViewModel Success 
2022-02-03 13:53:12.9501 INFO Get Module_master In ViewModel Success 
2022-02-03 13:53:13.0159 INFO Get SubModule_master In ViewModel Success 
2022-02-03 13:53:13.0869 INFO Get TabName Master In ViewModel Success 
2022-02-03 13:53:13.0879 INFO Get Module_master In ViewModel Success 
2022-02-03 13:53:13.1537 INFO Get SubModule_master In ViewModel Success 
2022-02-03 13:53:13.2193 INFO Get TabName Master In ViewModel Success 
2022-02-03 13:53:13.2193 INFO Get Module_master In ViewModel Success 
2022-02-03 13:53:13.2852 INFO Get ViewModel Success 
2022-02-03 13:53:19.1526 INFO Get Product Type Master List Success
2022-02-03 13:53:20.1739 INFO Get User Success :Admin
2022-02-03 13:53:21.6107 INFO Get RolePermission Success
2022-02-03 13:53:39.0100 INFO Get Single User Details Success
2022-02-03 13:53:47.7899 INFO Get Product Type Master List Success
2022-02-03 13:53:49.0220 INFO Get User Success :Admin
2022-02-03 13:53:57.5621 INFO Org Get List Success
2022-02-03 13:53:57.6369 INFO Get view_Role_master List Success
2022-02-03 13:53:57.7038 INFO Get Module_master In ViewModel Success 
2022-02-03 13:53:57.7696 INFO Get SubModule_master In ViewModel Success 
2022-02-03 13:53:57.8344 INFO Get TabName Master In ViewModel Success 
2022-02-03 13:53:57.8344 INFO Get TabName Master In ViewModel Success 
2022-02-03 13:53:57.8344 INFO Get SubModule_master In ViewModel Success 
2022-02-03 13:53:57.8993 INFO Get TabName Master In ViewModel Success 
2022-02-03 13:53:57.9002 INFO Get TabName Master In ViewModel Success 
2022-02-03 13:53:57.9002 INFO Get TabName Master In ViewModel Success 
2022-02-03 13:53:57.9002 INFO Get TabName Master In ViewModel Success 
2022-02-03 13:53:57.9002 INFO Get SubModule_master In ViewModel Success 
2022-02-03 13:53:57.9650 INFO Get TabName Master In ViewModel Success 
2022-02-03 13:53:57.9650 INFO Get SubModule_master In ViewModel Success 
2022-02-03 13:53:58.0307 INFO Get TabName Master In ViewModel Success 
2022-02-03 13:53:58.0307 INFO Get TabName Master In ViewModel Success 
2022-02-03 13:53:58.0307 INFO Get SubModule_master In ViewModel Success 
2022-02-03 13:53:58.0985 INFO Get TabName Master In ViewModel Success 
2022-02-03 13:53:58.0985 INFO Get TabName Master In ViewModel Success 
2022-02-03 13:53:58.0985 INFO Get TabName Master In ViewModel Success 
2022-02-03 13:53:58.0985 INFO Get SubModule_master In ViewModel Success 
2022-02-03 13:53:58.1643 INFO Get TabName Master In ViewModel Success 
2022-02-03 13:53:58.1643 INFO Get SubModule_master In ViewModel Success 
2022-02-03 13:53:58.2292 INFO Get TabName Master In ViewModel Success 
2022-02-03 13:53:58.2292 INFO Get TabName Master In ViewModel Success 
2022-02-03 13:53:58.2292 INFO Get SubModule_master In ViewModel Success 
2022-02-03 13:53:58.2950 INFO Get TabName Master In ViewModel Success 
2022-02-03 13:53:58.2950 INFO Get SubModule_master In ViewModel Success 
2022-02-03 13:53:58.3595 INFO Get TabName Master In ViewModel Success 
2022-02-03 13:53:58.3595 INFO Get SubModule_master In ViewModel Success 
2022-02-03 13:53:58.4263 INFO Get TabName Master In ViewModel Success 
2022-02-03 13:53:58.4263 INFO Get Module_master In ViewModel Success 
2022-02-03 13:53:58.4971 INFO Get SubModule_master In ViewModel Success 
2022-02-03 13:53:58.5640 INFO Get TabName Master In ViewModel Success 
2022-02-03 13:53:58.5640 INFO Get TabName Master In ViewModel Success 
2022-02-03 13:53:58.5640 INFO Get TabName Master In ViewModel Success 
2022-02-03 13:53:58.5640 INFO Get TabName Master In ViewModel Success 
2022-02-03 13:53:58.5640 INFO Get TabName Master In ViewModel Success 
2022-02-03 13:53:58.5640 INFO Get TabName Master In ViewModel Success 
2022-02-03 13:53:58.5640 INFO Get TabName Master In ViewModel Success 
2022-02-03 13:53:58.5640 INFO Get TabName Master In ViewModel Success 
2022-02-03 13:53:58.5640 INFO Get TabName Master In ViewModel Success 
2022-02-03 13:53:58.5640 INFO Get TabName Master In ViewModel Success 
2022-02-03 13:53:58.5640 INFO Get TabName Master In ViewModel Success 
2022-02-03 13:53:58.5640 INFO Get TabName Master In ViewModel Success 
2022-02-03 13:53:58.5640 INFO Get TabName Master In ViewModel Success 
2022-02-03 13:53:58.5640 INFO Get TabName Master In ViewModel Success 
2022-02-03 13:53:58.5640 INFO Get TabName Master In ViewModel Success 
2022-02-03 13:53:58.5640 INFO Get TabName Master In ViewModel Success 
2022-02-03 13:53:58.5640 INFO Get TabName Master In ViewModel Success 
2022-02-03 13:53:58.5640 INFO Get TabName Master In ViewModel Success 
2022-02-03 13:53:58.5640 INFO Get TabName Master In ViewModel Success 
2022-02-03 13:53:58.5640 INFO Get TabName Master In ViewModel Success 
2022-02-03 13:53:58.5640 INFO Get TabName Master In ViewModel Success 
2022-02-03 13:53:58.5640 INFO Get TabName Master In ViewModel Success 
2022-02-03 13:53:58.5640 INFO Get TabName Master In ViewModel Success 
2022-02-03 13:53:58.5640 INFO Get TabName Master In ViewModel Success 
2022-02-03 13:53:58.5640 INFO Get SubModule_master In ViewModel Success 
2022-02-03 13:53:58.6318 INFO Get TabName Master In ViewModel Success 
2022-02-03 13:53:58.6318 INFO Get TabName Master In ViewModel Success 
2022-02-03 13:53:58.6318 INFO Get TabName Master In ViewModel Success 
2022-02-03 13:53:58.6318 INFO Get TabName Master In ViewModel Success 
2022-02-03 13:53:58.6318 INFO Get SubModule_master In ViewModel Success 
2022-02-03 13:53:58.7016 INFO Get TabName Master In ViewModel Success 
2022-02-03 13:53:58.7016 INFO Get TabName Master In ViewModel Success 
2022-02-03 13:53:58.7016 INFO Get TabName Master In ViewModel Success 
2022-02-03 13:53:58.7016 INFO Get TabName Master In ViewModel Success 
2022-02-03 13:53:58.7016 INFO Get TabName Master In ViewModel Success 
2022-02-03 13:53:58.7016 INFO Get TabName Master In ViewModel Success 
2022-02-03 13:53:58.7016 INFO Get TabName Master In ViewModel Success 
2022-02-03 13:53:58.7016 INFO Get SubModule_master In ViewModel Success 
2022-02-03 13:53:58.7674 INFO Get TabName Master In ViewModel Success 
2022-02-03 13:53:58.7674 INFO Get TabName Master In ViewModel Success 
2022-02-03 13:53:58.7674 INFO Get TabName Master In ViewModel Success 
2022-02-03 13:53:58.7674 INFO Get Module_master In ViewModel Success 
2022-02-03 13:53:58.8332 INFO Get Module_master In ViewModel Success 
2022-02-03 13:53:58.8971 INFO Get SubModule_master In ViewModel Success 
2022-02-03 13:53:58.9659 INFO Get TabName Master In ViewModel Success 
2022-02-03 13:53:58.9659 INFO Get TabName Master In ViewModel Success 
2022-02-03 13:53:58.9659 INFO Get SubModule_master In ViewModel Success 
2022-02-03 13:53:59.0357 INFO Get TabName Master In ViewModel Success 
2022-02-03 13:53:59.0357 INFO Get Module_master In ViewModel Success 
2022-02-03 13:53:59.1018 INFO Get SubModule_master In ViewModel Success 
2022-02-03 13:53:59.1717 INFO Get TabName Master In ViewModel Success 
2022-02-03 13:53:59.1717 INFO Get TabName Master In ViewModel Success 
2022-02-03 13:53:59.1717 INFO Get TabName Master In ViewModel Success 
2022-02-03 13:53:59.1717 INFO Get TabName Master In ViewModel Success 
2022-02-03 13:53:59.1717 INFO Get TabName Master In ViewModel Success 
2022-02-03 13:53:59.1717 INFO Get TabName Master In ViewModel Success 
2022-02-03 13:53:59.1717 INFO Get TabName Master In ViewModel Success 
2022-02-03 13:53:59.1717 INFO Get TabName Master In ViewModel Success 
2022-02-03 13:53:59.1717 INFO Get TabName Master In ViewModel Success 
2022-02-03 13:53:59.1717 INFO Get TabName Master In ViewModel Success 
2022-02-03 13:53:59.1717 INFO Get SubModule_master In ViewModel Success 
2022-02-03 13:53:59.2385 INFO Get TabName Master In ViewModel Success 
2022-02-03 13:53:59.2385 INFO Get TabName Master In ViewModel Success 
2022-02-03 13:53:59.2385 INFO Get TabName Master In ViewModel Success 
2022-02-03 13:53:59.2385 INFO Get TabName Master In ViewModel Success 
2022-02-03 13:53:59.2385 INFO Get TabName Master In ViewModel Success 
2022-02-03 13:53:59.2385 INFO Get SubModule_master In ViewModel Success 
2022-02-03 13:53:59.3043 INFO Get TabName Master In ViewModel Success 
2022-02-03 13:53:59.3043 INFO Get TabName Master In ViewModel Success 
2022-02-03 13:53:59.3043 INFO Get TabName Master In ViewModel Success 
2022-02-03 13:53:59.3043 INFO Get TabName Master In ViewModel Success 
2022-02-03 13:53:59.3043 INFO Get TabName Master In ViewModel Success 
2022-02-03 13:53:59.3043 INFO Get TabName Master In ViewModel Success 
2022-02-03 13:53:59.3043 INFO Get TabName Master In ViewModel Success 
2022-02-03 13:53:59.3043 INFO Get SubModule_master In ViewModel Success 
2022-02-03 13:53:59.3711 INFO Get TabName Master In ViewModel Success 
2022-02-03 13:53:59.3711 INFO Get TabName Master In ViewModel Success 
2022-02-03 13:53:59.3711 INFO Get SubModule_master In ViewModel Success 
2022-02-03 13:53:59.4385 INFO Get TabName Master In ViewModel Success 
2022-02-03 13:53:59.4385 INFO Get SubModule_master In ViewModel Success 
2022-02-03 13:53:59.5074 INFO Get TabName Master In ViewModel Success 
2022-02-03 13:53:59.5074 INFO Get SubModule_master In ViewModel Success 
2022-02-03 13:53:59.5742 INFO Get SubModule_master In ViewModel Success 
2022-02-03 13:53:59.6410 INFO Get TabName Master In ViewModel Success 
2022-02-03 13:53:59.6410 INFO Get TabName Master In ViewModel Success 
2022-02-03 13:53:59.6410 INFO Get TabName Master In ViewModel Success 
2022-02-03 13:53:59.6410 INFO Get Module_master In ViewModel Success 
2022-02-03 13:53:59.7068 INFO Get SubModule_master In ViewModel Success 
2022-02-03 13:53:59.7726 INFO Get TabName Master In ViewModel Success 
2022-02-03 13:53:59.7726 INFO Get Module_master In ViewModel Success 
2022-02-03 13:53:59.8373 INFO Get SubModule_master In ViewModel Success 
2022-02-03 13:53:59.9029 INFO Get TabName Master In ViewModel Success 
2022-02-03 13:53:59.9029 INFO Get Module_master In ViewModel Success 
2022-02-03 13:53:59.9687 INFO Get ViewModel Success 
2022-02-03 13:54:00.0395 INFO Get GetMaxID Success : user_permission
2022-02-03 13:54:59.1885 INFO Get Product Type Master List Success
2022-02-03 13:55:00.2131 INFO Get User Success :Admin
2022-02-03 13:55:01.7148 INFO Get User Permission  Success
2022-02-03 13:55:24.5503 INFO Insert User_permission Delete Success : 5895-delete_role_permission
2022-02-03 13:55:24.6817 INFO Update User_permission  Success : 5895-review_role_permission
2022-02-03 13:55:24.8056 INFO Update User_permission  Success : 5895-approve_role_permission
2022-02-03 13:55:24.9936 INFO Insert User_permission Edit Success : 5896-edit_role_permission
2022-02-03 13:55:25.1245 INFO Update User_permission  Success : 5895-delete_role_permission
2022-02-03 13:55:25.2472 INFO Update User_permission  Success : 5895-review_role_permission
2022-02-03 13:55:25.3769 INFO Update User_permission  Success : 5895-approve_role_permission
2022-02-03 13:55:25.5644 INFO Insert User_permission Edit Success : 5897-edit_role_permission
2022-02-03 13:55:25.6867 INFO Update User_permission  Success : 5895-delete_role_permission
2022-02-03 13:55:25.8176 INFO Update User_permission  Success : 5895-review_role_permission
2022-02-03 13:55:25.9506 INFO Update User_permission  Success : 5895-approve_role_permission
2022-02-03 13:55:26.1468 INFO Insert User_permission Edit Success : 5898-edit_role_permission
2022-02-03 13:55:26.2779 INFO Update User_permission  Success : 5895-delete_role_permission
2022-02-03 13:55:26.4087 INFO Update User_permission  Success : 5895-review_role_permission
2022-02-03 13:55:26.5334 INFO Update User_permission  Success : 5895-approve_role_permission
2022-02-03 13:55:26.7217 INFO Insert User_permission Add Success : 5899-add_role_permission
2022-02-03 13:55:26.8529 INFO Update User_permission  Success : 5895-edit_role_permission
2022-02-03 13:55:26.9828 INFO Update User_permission  Success : 5895-delete_role_permission
2022-02-03 13:55:27.1074 INFO Update User_permission  Success : 5895-review_role_permission
2022-02-03 13:55:27.2390 INFO Update User_permission  Success : 5895-approve_role_permission
2022-02-03 13:55:27.4207 INFO Insert User_permission Add Success : 5900-add_role_permission
2022-02-03 13:55:27.5515 INFO Update User_permission  Success : 5895-edit_role_permission
2022-02-03 13:55:27.6825 INFO Update User_permission  Success : 5895-delete_role_permission
2022-02-03 13:55:27.8057 INFO Update User_permission  Success : 5895-review_role_permission
2022-02-03 13:55:27.9284 INFO Update User_permission  Success : 5895-approve_role_permission
2022-02-03 13:55:28.1245 INFO Insert User_permission Add Success : 5901-add_role_permission
2022-02-03 13:55:28.2476 INFO Update User_permission  Success : 5895-edit_role_permission
2022-02-03 13:55:28.3797 INFO Update User_permission  Success : 5895-delete_role_permission
2022-02-03 13:55:28.5042 INFO Update User_permission  Success : 5895-review_role_permission
2022-02-03 13:55:28.6361 INFO Update User_permission  Success : 5895-approve_role_permission
2022-02-03 13:55:28.8256 INFO Insert User_permission Add Success : 5902-add_role_permission
2022-02-03 13:55:29.2100 INFO Update User_permission  Success : 5895-edit_role_permission
2022-02-03 13:55:29.3337 INFO Update User_permission  Success : 5895-delete_role_permission
2022-02-03 13:55:29.4652 INFO Update User_permission  Success : 5895-review_role_permission
2022-02-03 13:55:29.5966 INFO Update User_permission  Success : 5895-approve_role_permission
2022-02-03 13:55:29.7851 INFO Insert User_permission Add Success : 5903-add_role_permission
2022-02-03 13:55:29.9090 INFO Update User_permission  Success : 5895-edit_role_permission
2022-02-03 13:55:30.0327 INFO Update User_permission  Success : 5895-delete_role_permission
2022-02-03 13:55:30.1564 INFO Update User_permission  Success : 5895-review_role_permission
2022-02-03 13:55:30.2807 INFO Update User_permission  Success : 5895-approve_role_permission
2022-02-03 13:55:30.4769 INFO Insert User_permission Add Success : 5904-add_role_permission
2022-02-03 13:55:30.6006 INFO Update User_permission  Success : 5895-edit_role_permission
2022-02-03 13:55:30.7319 INFO Update User_permission  Success : 5895-delete_role_permission
2022-02-03 13:55:30.8568 INFO Update User_permission  Success : 5895-review_role_permission
2022-02-03 13:55:30.9896 INFO Update User_permission  Success : 5895-approve_role_permission
2022-02-03 13:55:31.1770 INFO Insert User_permission Add Success : 5905-add_role_permission
2022-02-03 13:55:31.3085 INFO Update User_permission  Success : 5895-edit_role_permission
2022-02-03 13:55:31.4397 INFO Update User_permission  Success : 5895-delete_role_permission
2022-02-03 13:55:31.5724 INFO Update User_permission  Success : 5895-review_role_permission
2022-02-03 13:55:31.7034 INFO Update User_permission  Success : 5895-approve_role_permission
2022-02-03 13:55:31.8855 INFO Insert User_permission Add Success : 5906-add_role_permission
2022-02-03 13:55:32.0172 INFO Update User_permission  Success : 5895-edit_role_permission
2022-02-03 13:55:32.1494 INFO Update User_permission  Success : 5895-delete_role_permission
2022-02-03 13:55:32.2729 INFO Update User_permission  Success : 5895-review_role_permission
2022-02-03 13:55:32.3966 INFO Update User_permission  Success : 5895-approve_role_permission
2022-02-03 13:55:32.5843 INFO Insert User_permission Add Success : 5907-add_role_permission
2022-02-03 13:55:32.7152 INFO Update User_permission  Success : 5895-edit_role_permission
2022-02-03 13:55:32.8391 INFO Update User_permission  Success : 5895-delete_role_permission
2022-02-03 13:55:32.9629 INFO Update User_permission  Success : 5895-review_role_permission
2022-02-03 13:55:33.0866 INFO Update User_permission  Success : 5895-approve_role_permission
2022-02-03 13:55:33.2759 INFO Insert User_permission Add Success : 5908-add_role_permission
2022-02-03 13:55:33.3991 INFO Update User_permission  Success : 5895-edit_role_permission
2022-02-03 13:55:33.5310 INFO Update User_permission  Success : 5895-delete_role_permission
2022-02-03 13:55:33.6547 INFO Update User_permission  Success : 5895-review_role_permission
2022-02-03 13:55:33.7790 INFO Update User_permission  Success : 5895-approve_role_permission
2022-02-03 13:55:33.9747 INFO Insert User_permission Add Success : 5909-add_role_permission
2022-02-03 13:55:34.0985 INFO Update User_permission  Success : 5895-edit_role_permission
2022-02-03 13:55:34.2217 INFO Update User_permission  Success : 5895-delete_role_permission
2022-02-03 13:55:34.3550 INFO Update User_permission  Success : 5895-review_role_permission
2022-02-03 13:55:34.4802 INFO Update User_permission  Success : 5895-approve_role_permission
2022-02-03 13:55:34.6710 INFO Insert User_permission Add Success : 5910-add_role_permission
2022-02-03 13:55:34.7951 INFO Update User_permission  Success : 5895-edit_role_permission
2022-02-03 13:55:35.2500 INFO Update User_permission  Success : 5895-delete_role_permission
2022-02-03 13:55:35.3736 INFO Update User_permission  Success : 5895-review_role_permission
2022-02-03 13:55:35.5049 INFO Update User_permission  Success : 5895-approve_role_permission
2022-02-03 13:55:35.7049 INFO Insert User_permission Add Success : 5911-add_role_permission
2022-02-03 13:55:35.8287 INFO Update User_permission  Success : 5895-edit_role_permission
2022-02-03 13:55:35.9598 INFO Update User_permission  Success : 5895-delete_role_permission
2022-02-03 13:55:36.0841 INFO Update User_permission  Success : 5895-review_role_permission
2022-02-03 13:55:36.2152 INFO Update User_permission  Success : 5895-approve_role_permission
2022-02-03 13:55:36.4035 INFO Insert User_permission Add Success : 5912-add_role_permission
2022-02-03 13:55:36.5279 INFO Update User_permission  Success : 5895-edit_role_permission
2022-02-03 13:55:36.6587 INFO Update User_permission  Success : 5895-delete_role_permission
2022-02-03 13:55:36.7831 INFO Update User_permission  Success : 5895-review_role_permission
2022-02-03 13:55:36.9151 INFO Update User_permission  Success : 5895-approve_role_permission
2022-02-03 13:55:37.1034 INFO Insert User_permission Add Success : 5913-add_role_permission
2022-02-03 13:55:37.2348 INFO Update User_permission  Success : 5895-edit_role_permission
2022-02-03 13:55:37.3589 INFO Update User_permission  Success : 5895-delete_role_permission
2022-02-03 13:55:37.4909 INFO Update User_permission  Success : 5895-review_role_permission
2022-02-03 13:55:37.6146 INFO Update User_permission  Success : 5895-approve_role_permission
2022-02-03 13:55:37.8036 INFO Insert User_permission Add Success : 5914-add_role_permission
2022-02-03 13:55:37.9353 INFO Update User_permission  Success : 5895-edit_role_permission
2022-02-03 13:55:38.0591 INFO Update User_permission  Success : 5895-delete_role_permission
2022-02-03 13:55:38.1913 INFO Update User_permission  Success : 5895-review_role_permission
2022-02-03 13:55:38.3150 INFO Update User_permission  Success : 5895-approve_role_permission
2022-02-03 13:55:38.5045 INFO Insert User_permission Add Success : 5915-add_role_permission
2022-02-03 13:55:38.6278 INFO Update User_permission  Success : 5895-edit_role_permission
2022-02-03 13:55:38.7597 INFO Update User_permission  Success : 5895-delete_role_permission
2022-02-03 13:55:38.8926 INFO Update User_permission  Success : 5895-review_role_permission
2022-02-03 13:55:39.0249 INFO Update User_permission  Success : 5895-approve_role_permission
2022-02-03 13:55:39.2140 INFO Insert User_permission Add Success : 5916-add_role_permission
2022-02-03 13:55:39.3449 INFO Update User_permission  Success : 5895-edit_role_permission
2022-02-03 13:55:39.4764 INFO Update User_permission  Success : 5895-delete_role_permission
2022-02-03 13:55:39.6098 INFO Update User_permission  Success : 5895-review_role_permission
2022-02-03 13:55:39.7413 INFO Update User_permission  Success : 5895-approve_role_permission
2022-02-03 13:55:39.9312 INFO Insert User_permission Add Success : 5917-add_role_permission
2022-02-03 13:55:40.0558 INFO Update User_permission  Success : 5895-edit_role_permission
2022-02-03 13:55:40.1866 INFO Update User_permission  Success : 5895-delete_role_permission
2022-02-03 13:55:40.3099 INFO Update User_permission  Success : 5895-review_role_permission
2022-02-03 13:55:40.4423 INFO Update User_permission  Success : 5895-approve_role_permission
2022-02-03 13:55:40.6307 INFO Insert User_permission Add Success : 5918-add_role_permission
2022-02-03 13:55:40.7546 INFO Update User_permission  Success : 5895-edit_role_permission
2022-02-03 13:55:40.8865 INFO Update User_permission  Success : 5895-delete_role_permission
2022-02-03 13:55:41.0187 INFO Update User_permission  Success : 5895-review_role_permission
2022-02-03 13:55:41.1503 INFO Update User_permission  Success : 5895-approve_role_permission
2022-02-03 13:55:41.3312 INFO Insert User_permission Add Success : 5919-add_role_permission
2022-02-03 13:55:41.4623 INFO Update User_permission  Success : 5895-edit_role_permission
2022-02-03 13:55:41.5866 INFO Update User_permission  Success : 5895-delete_role_permission
2022-02-03 13:55:41.7183 INFO Update User_permission  Success : 5895-review_role_permission
2022-02-03 13:55:41.8422 INFO Update User_permission  Success : 5895-approve_role_permission
2022-02-03 13:55:42.0297 INFO Insert User_permission Add Success : 5920-add_role_permission
2022-02-03 13:55:42.1608 INFO Update User_permission  Success : 5895-edit_role_permission
2022-02-03 13:55:42.2851 INFO Update User_permission  Success : 5895-delete_role_permission
2022-02-03 13:55:42.4087 INFO Update User_permission  Success : 5895-review_role_permission
2022-02-03 13:55:42.8382 INFO Update User_permission  Success : 5895-approve_role_permission
2022-02-03 13:55:43.0279 INFO Insert User_permission Add Success : 5921-add_role_permission
2022-02-03 13:55:43.1521 INFO Update User_permission  Success : 5895-edit_role_permission
2022-02-03 13:55:43.2848 INFO Update User_permission  Success : 5895-delete_role_permission
2022-02-03 13:55:43.4082 INFO Update User_permission  Success : 5895-review_role_permission
2022-02-03 13:55:43.5319 INFO Update User_permission  Success : 5895-approve_role_permission
2022-02-03 13:55:43.7207 INFO Insert User_permission Add Success : 5922-add_role_permission
2022-02-03 13:55:43.9910 INFO Update User_permission  Success : 5895-edit_role_permission
2022-02-03 13:55:44.1195 INFO Update User_permission  Success : 5895-delete_role_permission
2022-02-03 13:55:44.2441 INFO Update User_permission  Success : 5895-review_role_permission
2022-02-03 13:55:44.3743 INFO Update User_permission  Success : 5895-approve_role_permission
2022-02-03 13:55:44.5617 INFO Insert User_permission Add Success : 5923-add_role_permission
2022-02-03 13:55:44.6931 INFO Update User_permission  Success : 5895-edit_role_permission
2022-02-03 13:55:44.8264 INFO Update User_permission  Success : 5895-delete_role_permission
2022-02-03 13:55:44.9508 INFO Update User_permission  Success : 5895-review_role_permission
2022-02-03 13:55:45.0824 INFO Update User_permission  Success : 5895-approve_role_permission
2022-02-03 13:55:45.2644 INFO Insert User_permission Add Success : 5924-add_role_permission
2022-02-03 13:55:45.3976 INFO Update User_permission  Success : 5895-edit_role_permission
2022-02-03 13:55:45.5222 INFO Update User_permission  Success : 5895-delete_role_permission
2022-02-03 13:55:45.6555 INFO Update User_permission  Success : 5895-review_role_permission
2022-02-03 13:55:45.7801 INFO Update User_permission  Success : 5895-approve_role_permission
2022-02-03 13:55:45.9733 INFO Insert User_permission Add Success : 5925-add_role_permission
2022-02-03 13:55:46.1043 INFO Update User_permission  Success : 5895-edit_role_permission
2022-02-03 13:55:46.2296 INFO Update User_permission  Success : 5895-delete_role_permission
2022-02-03 13:55:46.3529 INFO Update User_permission  Success : 5895-review_role_permission
2022-02-03 13:55:46.4776 INFO Update User_permission  Success : 5895-approve_role_permission
2022-02-03 13:55:46.9574 INFO Insert User_permission Add Success : 5926-add_role_permission
2022-02-03 13:55:47.0825 INFO Update User_permission  Success : 5895-edit_role_permission
2022-02-03 13:55:47.2148 INFO Update User_permission  Success : 5895-delete_role_permission
2022-02-03 13:55:47.3465 INFO Update User_permission  Success : 5895-review_role_permission
2022-02-03 13:55:47.4696 INFO Update User_permission  Success : 5895-approve_role_permission
2022-02-03 13:55:47.6594 INFO Insert User_permission Add Success : 5927-add_role_permission
2022-02-03 13:55:47.7823 INFO Update User_permission  Success : 5895-edit_role_permission
2022-02-03 13:55:47.9067 INFO Update User_permission  Success : 5895-delete_role_permission
2022-02-03 13:55:48.0307 INFO Update User_permission  Success : 5895-review_role_permission
2022-02-03 13:55:48.1554 INFO Update User_permission  Success : 5895-approve_role_permission
2022-02-03 13:55:48.3444 INFO Insert User_permission Add Success : 5928-add_role_permission
2022-02-03 13:55:48.4751 INFO Update User_permission  Success : 5895-edit_role_permission
2022-02-03 13:55:48.5997 INFO Update User_permission  Success : 5895-delete_role_permission
2022-02-03 13:55:48.7312 INFO Update User_permission  Success : 5895-review_role_permission
2022-02-03 13:55:48.8547 INFO Update User_permission  Success : 5895-approve_role_permission
2022-02-03 13:55:49.0427 INFO Insert User_permission Add Success : 5929-add_role_permission
2022-02-03 13:55:49.1748 INFO Update User_permission  Success : 5895-edit_role_permission
2022-02-03 13:55:49.2989 INFO Update User_permission  Success : 5895-delete_role_permission
2022-02-03 13:55:49.4314 INFO Update User_permission  Success : 5895-review_role_permission
2022-02-03 13:55:49.5550 INFO Update User_permission  Success : 5895-approve_role_permission
2022-02-03 13:55:49.7441 INFO Insert User_permission Add Success : 5930-add_role_permission
2022-02-03 13:55:49.8694 INFO Update User_permission  Success : 5895-edit_role_permission
2022-02-03 13:55:50.2639 INFO Update User_permission  Success : 5895-delete_role_permission
2022-02-03 13:55:51.1733 INFO Update User_permission  Success : 5895-review_role_permission
2022-02-03 13:55:51.2968 INFO Update User_permission  Success : 5895-approve_role_permission
2022-02-03 13:55:51.4857 INFO Insert User_permission Add Success : 5931-add_role_permission
2022-02-03 13:55:51.6178 INFO Update User_permission  Success : 5895-edit_role_permission
2022-02-03 13:55:51.7432 INFO Update User_permission  Success : 5895-delete_role_permission
2022-02-03 13:55:51.8747 INFO Update User_permission  Success : 5895-review_role_permission
2022-02-03 13:55:51.9986 INFO Update User_permission  Success : 5895-approve_role_permission
2022-02-03 13:55:52.1932 INFO Insert User_permission Add Success : 5932-add_role_permission
2022-02-03 13:55:52.3160 INFO Update User_permission  Success : 5895-edit_role_permission
2022-02-03 13:55:52.4389 INFO Update User_permission  Success : 5895-delete_role_permission
2022-02-03 13:55:52.5702 INFO Update User_permission  Success : 5895-review_role_permission
2022-02-03 13:55:52.6941 INFO Update User_permission  Success : 5895-approve_role_permission
2022-02-03 13:55:52.8826 INFO Insert User_permission Add Success : 5933-add_role_permission
2022-02-03 13:55:53.0141 INFO Update User_permission  Success : 5895-edit_role_permission
2022-02-03 13:55:53.1398 INFO Update User_permission  Success : 5895-delete_role_permission
2022-02-03 13:55:53.2715 INFO Update User_permission  Success : 5895-review_role_permission
2022-02-03 13:55:53.3947 INFO Update User_permission  Success : 5895-approve_role_permission
2022-02-03 13:55:53.5829 INFO Insert User_permission Add Success : 5934-add_role_permission
2022-02-03 13:55:53.7063 INFO Update User_permission  Success : 5895-edit_role_permission
2022-02-03 13:55:53.8298 INFO Update User_permission  Success : 5895-delete_role_permission
2022-02-03 13:55:53.9538 INFO Update User_permission  Success : 5895-review_role_permission
2022-02-03 13:55:54.0780 INFO Update User_permission  Success : 5895-approve_role_permission
2022-02-03 13:55:54.2755 INFO Insert User_permission Add Success : 5935-add_role_permission
2022-02-03 13:55:54.3980 INFO Update User_permission  Success : 5895-edit_role_permission
2022-02-03 13:55:54.5306 INFO Update User_permission  Success : 5895-delete_role_permission
2022-02-03 13:55:54.6634 INFO Update User_permission  Success : 5895-review_role_permission
2022-02-03 13:55:54.7958 INFO Update User_permission  Success : 5895-approve_role_permission
2022-02-03 13:55:54.9851 INFO Insert User_permission Add Success : 5936-add_role_permission
2022-02-03 13:55:55.1103 INFO Update User_permission  Success : 5895-edit_role_permission
2022-02-03 13:55:55.2408 INFO Update User_permission  Success : 5895-delete_role_permission
2022-02-03 13:55:55.4283 INFO Update User_permission  Success : 5895-review_role_permission
2022-02-03 13:55:55.5600 INFO Update User_permission  Success : 5895-approve_role_permission
2022-02-03 13:55:55.7498 INFO Insert User_permission Add Success : 5937-add_role_permission
2022-02-03 13:55:55.8735 INFO Update User_permission  Success : 5895-edit_role_permission
2022-02-03 13:55:56.0057 INFO Update User_permission  Success : 5895-delete_role_permission
2022-02-03 13:55:56.1295 INFO Update User_permission  Success : 5895-review_role_permission
2022-02-03 13:55:56.2613 INFO Update User_permission  Success : 5895-approve_role_permission
2022-02-03 13:55:56.4551 INFO Insert User_permission Add Success : 5938-add_role_permission
2022-02-03 13:55:56.5794 INFO Update User_permission  Success : 5895-edit_role_permission
2022-02-03 13:55:56.7117 INFO Update User_permission  Success : 5895-delete_role_permission
2022-02-03 13:55:56.8356 INFO Update User_permission  Success : 5895-review_role_permission
2022-02-03 13:55:56.9674 INFO Update User_permission  Success : 5895-approve_role_permission
2022-02-03 13:55:57.1566 INFO Insert User_permission Add Success : 5939-add_role_permission
2022-02-03 13:55:57.2884 INFO Update User_permission  Success : 5895-edit_role_permission
2022-02-03 13:55:57.4132 INFO Update User_permission  Success : 5895-delete_role_permission
2022-02-03 13:55:57.5442 INFO Update User_permission  Success : 5895-review_role_permission
2022-02-03 13:55:57.6685 INFO Update User_permission  Success : 5895-approve_role_permission
2022-02-03 13:55:57.8572 INFO Insert User_permission Edit Success : 5940-edit_role_permission
2022-02-03 13:55:57.9824 INFO Update User_permission  Success : 5895-delete_role_permission
2022-02-03 13:55:58.1136 INFO Update User_permission  Success : 5895-review_role_permission
2022-02-03 13:55:58.2385 INFO Update User_permission  Success : 5895-approve_role_permission
2022-02-03 13:56:01.7770 INFO Org Get List Success
2022-02-03 13:56:01.9078 INFO Get view_Role_master List Success
2022-02-03 13:56:01.9737 INFO Get Module_master In ViewModel Success 
2022-02-03 13:56:02.0393 INFO Get SubModule_master In ViewModel Success 
2022-02-03 13:56:02.1072 INFO Get TabName Master In ViewModel Success 
2022-02-03 13:56:02.1072 INFO Get TabName Master In ViewModel Success 
2022-02-03 13:56:02.1072 INFO Get SubModule_master In ViewModel Success 
2022-02-03 13:56:02.4345 INFO Get TabName Master In ViewModel Success 
2022-02-03 13:56:02.4345 INFO Get TabName Master In ViewModel Success 
2022-02-03 13:56:02.4345 INFO Get TabName Master In ViewModel Success 
2022-02-03 13:56:02.4345 INFO Get TabName Master In ViewModel Success 
2022-02-03 13:56:02.4345 INFO Get SubModule_master In ViewModel Success 
2022-02-03 13:56:02.5023 INFO Get TabName Master In ViewModel Success 
2022-02-03 13:56:02.5023 INFO Get SubModule_master In ViewModel Success 
2022-02-03 13:56:02.5702 INFO Get TabName Master In ViewModel Success 
2022-02-03 13:56:02.5702 INFO Get TabName Master In ViewModel Success 
2022-02-03 13:56:02.5702 INFO Get SubModule_master In ViewModel Success 
2022-02-03 13:56:02.6367 INFO Get TabName Master In ViewModel Success 
2022-02-03 13:56:02.6367 INFO Get TabName Master In ViewModel Success 
2022-02-03 13:56:02.6367 INFO Get TabName Master In ViewModel Success 
2022-02-03 13:56:02.6367 INFO Get SubModule_master In ViewModel Success 
2022-02-03 13:56:02.7082 INFO Get TabName Master In ViewModel Success 
2022-02-03 13:56:02.7082 INFO Get SubModule_master In ViewModel Success 
2022-02-03 13:56:02.7735 INFO Get TabName Master In ViewModel Success 
2022-02-03 13:56:02.7735 INFO Get TabName Master In ViewModel Success 
2022-02-03 13:56:02.7735 INFO Get SubModule_master In ViewModel Success 
2022-02-03 13:56:02.8411 INFO Get TabName Master In ViewModel Success 
2022-02-03 13:56:02.8411 INFO Get SubModule_master In ViewModel Success 
2022-02-03 13:56:03.1967 INFO Get TabName Master In ViewModel Success 
2022-02-03 13:56:03.1967 INFO Get SubModule_master In ViewModel Success 
2022-02-03 13:56:03.2616 INFO Get TabName Master In ViewModel Success 
2022-02-03 13:56:03.2616 INFO Get Module_master In ViewModel Success 
2022-02-03 13:56:03.3311 INFO Get SubModule_master In ViewModel Success 
2022-02-03 13:56:03.3970 INFO Get TabName Master In ViewModel Success 
2022-02-03 13:56:03.3970 INFO Get TabName Master In ViewModel Success 
2022-02-03 13:56:03.3970 INFO Get TabName Master In ViewModel Success 
2022-02-03 13:56:03.3970 INFO Get TabName Master In ViewModel Success 
2022-02-03 13:56:03.3970 INFO Get TabName Master In ViewModel Success 
2022-02-03 13:56:03.3970 INFO Get TabName Master In ViewModel Success 
2022-02-03 13:56:03.3970 INFO Get TabName Master In ViewModel Success 
2022-02-03 13:56:03.3970 INFO Get TabName Master In ViewModel Success 
2022-02-03 13:56:03.3970 INFO Get TabName Master In ViewModel Success 
2022-02-03 13:56:03.3970 INFO Get TabName Master In ViewModel Success 
2022-02-03 13:56:03.3970 INFO Get TabName Master In ViewModel Success 
2022-02-03 13:56:03.3970 INFO Get TabName Master In ViewModel Success 
2022-02-03 13:56:03.4000 INFO Get TabName Master In ViewModel Success 
2022-02-03 13:56:03.4000 INFO Get TabName Master In ViewModel Success 
2022-02-03 13:56:03.4000 INFO Get TabName Master In ViewModel Success 
2022-02-03 13:56:03.4000 INFO Get TabName Master In ViewModel Success 
2022-02-03 13:56:03.4000 INFO Get TabName Master In ViewModel Success 
2022-02-03 13:56:03.4000 INFO Get TabName Master In ViewModel Success 
2022-02-03 13:56:03.4000 INFO Get TabName Master In ViewModel Success 
2022-02-03 13:56:03.4000 INFO Get TabName Master In ViewModel Success 
2022-02-03 13:56:03.4000 INFO Get TabName Master In ViewModel Success 
2022-02-03 13:56:03.4000 INFO Get TabName Master In ViewModel Success 
2022-02-03 13:56:03.4000 INFO Get TabName Master In ViewModel Success 
2022-02-03 13:56:03.4000 INFO Get TabName Master In ViewModel Success 
2022-02-03 13:56:03.4000 INFO Get SubModule_master In ViewModel Success 
2022-02-03 13:56:03.4680 INFO Get TabName Master In ViewModel Success 
2022-02-03 13:56:03.4680 INFO Get TabName Master In ViewModel Success 
2022-02-03 13:56:03.4680 INFO Get TabName Master In ViewModel Success 
2022-02-03 13:56:03.4680 INFO Get TabName Master In ViewModel Success 
2022-02-03 13:56:03.4680 INFO Get SubModule_master In ViewModel Success 
2022-02-03 13:56:03.5363 INFO Get TabName Master In ViewModel Success 
2022-02-03 13:56:03.5363 INFO Get TabName Master In ViewModel Success 
2022-02-03 13:56:03.5363 INFO Get TabName Master In ViewModel Success 
2022-02-03 13:56:03.5363 INFO Get TabName Master In ViewModel Success 
2022-02-03 13:56:03.5363 INFO Get TabName Master In ViewModel Success 
2022-02-03 13:56:03.5363 INFO Get TabName Master In ViewModel Success 
2022-02-03 13:56:03.5363 INFO Get TabName Master In ViewModel Success 
2022-02-03 13:56:03.5363 INFO Get SubModule_master In ViewModel Success 
2022-02-03 13:56:03.6063 INFO Get TabName Master In ViewModel Success 
2022-02-03 13:56:03.6063 INFO Get TabName Master In ViewModel Success 
2022-02-03 13:56:03.6063 INFO Get TabName Master In ViewModel Success 
2022-02-03 13:56:03.6063 INFO Get Module_master In ViewModel Success 
2022-02-03 13:56:03.6745 INFO Get Module_master In ViewModel Success 
2022-02-03 13:56:03.7402 INFO Get SubModule_master In ViewModel Success 
2022-02-03 13:56:03.8072 INFO Get TabName Master In ViewModel Success 
2022-02-03 13:56:03.8072 INFO Get TabName Master In ViewModel Success 
2022-02-03 13:56:03.8072 INFO Get SubModule_master In ViewModel Success 
2022-02-03 13:56:03.8735 INFO Get TabName Master In ViewModel Success 
2022-02-03 13:56:03.8735 INFO Get Module_master In ViewModel Success 
2022-02-03 13:56:03.9410 INFO Get SubModule_master In ViewModel Success 
2022-02-03 13:56:04.0081 INFO Get TabName Master In ViewModel Success 
2022-02-03 13:56:04.0081 INFO Get TabName Master In ViewModel Success 
2022-02-03 13:56:04.0081 INFO Get TabName Master In ViewModel Success 
2022-02-03 13:56:04.0081 INFO Get TabName Master In ViewModel Success 
2022-02-03 13:56:04.0101 INFO Get TabName Master In ViewModel Success 
2022-02-03 13:56:04.0101 INFO Get TabName Master In ViewModel Success 
2022-02-03 13:56:04.0101 INFO Get TabName Master In ViewModel Success 
2022-02-03 13:56:04.0101 INFO Get TabName Master In ViewModel Success 
2022-02-03 13:56:04.0101 INFO Get TabName Master In ViewModel Success 
2022-02-03 13:56:04.0101 INFO Get TabName Master In ViewModel Success 
2022-02-03 13:56:04.0101 INFO Get SubModule_master In ViewModel Success 
2022-02-03 13:56:04.0773 INFO Get TabName Master In ViewModel Success 
2022-02-03 13:56:04.0773 INFO Get TabName Master In ViewModel Success 
2022-02-03 13:56:04.0773 INFO Get TabName Master In ViewModel Success 
2022-02-03 13:56:04.0773 INFO Get TabName Master In ViewModel Success 
2022-02-03 13:56:04.0773 INFO Get TabName Master In ViewModel Success 
2022-02-03 13:56:04.0773 INFO Get SubModule_master In ViewModel Success 
2022-02-03 13:56:04.1438 INFO Get TabName Master In ViewModel Success 
2022-02-03 13:56:04.1438 INFO Get TabName Master In ViewModel Success 
2022-02-03 13:56:04.1438 INFO Get TabName Master In ViewModel Success 
2022-02-03 13:56:04.1438 INFO Get TabName Master In ViewModel Success 
2022-02-03 13:56:04.1438 INFO Get TabName Master In ViewModel Success 
2022-02-03 13:56:04.1438 INFO Get TabName Master In ViewModel Success 
2022-02-03 13:56:04.1438 INFO Get TabName Master In ViewModel Success 
2022-02-03 13:56:04.1438 INFO Get SubModule_master In ViewModel Success 
2022-02-03 13:56:04.2127 INFO Get TabName Master In ViewModel Success 
2022-02-03 13:56:04.2127 INFO Get TabName Master In ViewModel Success 
2022-02-03 13:56:04.2127 INFO Get SubModule_master In ViewModel Success 
2022-02-03 13:56:04.2798 INFO Get TabName Master In ViewModel Success 
2022-02-03 13:56:04.2798 INFO Get SubModule_master In ViewModel Success 
2022-02-03 13:56:04.3469 INFO Get TabName Master In ViewModel Success 
2022-02-03 13:56:04.3469 INFO Get SubModule_master In ViewModel Success 
2022-02-03 13:56:04.4131 INFO Get SubModule_master In ViewModel Success 
2022-02-03 13:56:04.4791 INFO Get TabName Master In ViewModel Success 
2022-02-03 13:56:04.4791 INFO Get TabName Master In ViewModel Success 
2022-02-03 13:56:04.4791 INFO Get TabName Master In ViewModel Success 
2022-02-03 13:56:04.4791 INFO Get Module_master In ViewModel Success 
2022-02-03 13:56:04.5468 INFO Get SubModule_master In ViewModel Success 
2022-02-03 13:56:04.6126 INFO Get TabName Master In ViewModel Success 
2022-02-03 13:56:04.6126 INFO Get Module_master In ViewModel Success 
2022-02-03 13:56:04.6801 INFO Get SubModule_master In ViewModel Success 
2022-02-03 13:56:04.7459 INFO Get TabName Master In ViewModel Success 
2022-02-03 13:56:04.7459 INFO Get Module_master In ViewModel Success 
2022-02-03 13:56:04.8123 INFO Get ViewModel Success 
2022-02-03 13:56:04.8845 INFO Get GetMaxID Success : user_permission
2022-02-03 13:56:07.6394 INFO Org Get List Success
2022-02-03 13:56:08.4938 INFO Get view_Role_master List Success
2022-02-03 13:56:08.5607 INFO Get Module_master In ViewModel Success 
2022-02-03 13:56:08.6270 INFO Get SubModule_master In ViewModel Success 
2022-02-03 13:56:08.6929 INFO Get TabName Master In ViewModel Success 
2022-02-03 13:56:08.6929 INFO Get TabName Master In ViewModel Success 
2022-02-03 13:56:08.6929 INFO Get SubModule_master In ViewModel Success 
2022-02-03 13:56:08.7600 INFO Get TabName Master In ViewModel Success 
2022-02-03 13:56:08.7600 INFO Get TabName Master In ViewModel Success 
2022-02-03 13:56:08.7600 INFO Get TabName Master In ViewModel Success 
2022-02-03 13:56:08.7600 INFO Get TabName Master In ViewModel Success 
2022-02-03 13:56:08.7600 INFO Get SubModule_master In ViewModel Success 
2022-02-03 13:56:08.8277 INFO Get TabName Master In ViewModel Success 
2022-02-03 13:56:08.8277 INFO Get SubModule_master In ViewModel Success 
2022-02-03 13:56:08.8947 INFO Get TabName Master In ViewModel Success 
2022-02-03 13:56:08.8947 INFO Get TabName Master In ViewModel Success 
2022-02-03 13:56:08.8947 INFO Get SubModule_master In ViewModel Success 
2022-02-03 13:56:08.9621 INFO Get TabName Master In ViewModel Success 
2022-02-03 13:56:08.9631 INFO Get TabName Master In ViewModel Success 
2022-02-03 13:56:08.9631 INFO Get TabName Master In ViewModel Success 
2022-02-03 13:56:08.9631 INFO Get SubModule_master In ViewModel Success 
2022-02-03 13:56:09.0298 INFO Get TabName Master In ViewModel Success 
2022-02-03 13:56:09.0298 INFO Get SubModule_master In ViewModel Success 
2022-02-03 13:56:09.0963 INFO Get TabName Master In ViewModel Success 
2022-02-03 13:56:09.0963 INFO Get TabName Master In ViewModel Success 
2022-02-03 13:56:09.0963 INFO Get SubModule_master In ViewModel Success 
2022-02-03 13:56:09.1628 INFO Get TabName Master In ViewModel Success 
2022-02-03 13:56:09.1628 INFO Get SubModule_master In ViewModel Success 
2022-02-03 13:56:09.2296 INFO Get TabName Master In ViewModel Success 
2022-02-03 13:56:09.2296 INFO Get SubModule_master In ViewModel Success 
2022-02-03 13:56:09.2954 INFO Get TabName Master In ViewModel Success 
2022-02-03 13:56:09.2954 INFO Get Module_master In ViewModel Success 
2022-02-03 13:56:09.3617 INFO Get SubModule_master In ViewModel Success 
2022-02-03 13:56:09.4280 INFO Get TabName Master In ViewModel Success 
2022-02-03 13:56:09.4280 INFO Get TabName Master In ViewModel Success 
2022-02-03 13:56:09.4280 INFO Get TabName Master In ViewModel Success 
2022-02-03 13:56:09.4280 INFO Get TabName Master In ViewModel Success 
2022-02-03 13:56:09.4280 INFO Get TabName Master In ViewModel Success 
2022-02-03 13:56:09.4280 INFO Get TabName Master In ViewModel Success 
2022-02-03 13:56:09.4280 INFO Get TabName Master In ViewModel Success 
2022-02-03 13:56:09.4280 INFO Get TabName Master In ViewModel Success 
2022-02-03 13:56:09.4280 INFO Get TabName Master In ViewModel Success 
2022-02-03 13:56:09.4280 INFO Get TabName Master In ViewModel Success 
2022-02-03 13:56:09.4280 INFO Get TabName Master In ViewModel Success 
2022-02-03 13:56:09.4280 INFO Get TabName Master In ViewModel Success 
2022-02-03 13:56:09.4280 INFO Get TabName Master In ViewModel Success 
2022-02-03 13:56:09.4280 INFO Get TabName Master In ViewModel Success 
2022-02-03 13:56:09.4280 INFO Get TabName Master In ViewModel Success 
2022-02-03 13:56:09.4280 INFO Get TabName Master In ViewModel Success 
2022-02-03 13:56:09.4280 INFO Get TabName Master In ViewModel Success 
2022-02-03 13:56:09.4280 INFO Get TabName Master In ViewModel Success 
2022-02-03 13:56:09.4280 INFO Get TabName Master In ViewModel Success 
2022-02-03 13:56:09.4280 INFO Get TabName Master In ViewModel Success 
2022-02-03 13:56:09.4280 INFO Get TabName Master In ViewModel Success 
2022-02-03 13:56:09.4320 INFO Get TabName Master In ViewModel Success 
2022-02-03 13:56:09.4320 INFO Get TabName Master In ViewModel Success 
2022-02-03 13:56:09.4320 INFO Get TabName Master In ViewModel Success 
2022-02-03 13:56:09.4320 INFO Get SubModule_master In ViewModel Success 
2022-02-03 13:56:09.4968 INFO Get TabName Master In ViewModel Success 
2022-02-03 13:56:09.4968 INFO Get TabName Master In ViewModel Success 
2022-02-03 13:56:09.4968 INFO Get TabName Master In ViewModel Success 
2022-02-03 13:56:09.4968 INFO Get TabName Master In ViewModel Success 
2022-02-03 13:56:09.4968 INFO Get SubModule_master In ViewModel Success 
2022-02-03 13:56:09.5649 INFO Get TabName Master In ViewModel Success 
2022-02-03 13:56:09.5649 INFO Get TabName Master In ViewModel Success 
2022-02-03 13:56:09.5649 INFO Get TabName Master In ViewModel Success 
2022-02-03 13:56:09.5649 INFO Get TabName Master In ViewModel Success 
2022-02-03 13:56:09.5649 INFO Get TabName Master In ViewModel Success 
2022-02-03 13:56:09.5649 INFO Get TabName Master In ViewModel Success 
2022-02-03 13:56:09.5649 INFO Get TabName Master In ViewModel Success 
2022-02-03 13:56:09.5649 INFO Get SubModule_master In ViewModel Success 
2022-02-03 13:56:09.6324 INFO Get TabName Master In ViewModel Success 
2022-02-03 13:56:09.6324 INFO Get TabName Master In ViewModel Success 
2022-02-03 13:56:09.6324 INFO Get TabName Master In ViewModel Success 
2022-02-03 13:56:09.6324 INFO Get Module_master In ViewModel Success 
2022-02-03 13:56:09.6989 INFO Get Module_master In ViewModel Success 
2022-02-03 13:56:09.7651 INFO Get SubModule_master In ViewModel Success 
2022-02-03 13:56:09.8320 INFO Get TabName Master In ViewModel Success 
2022-02-03 13:56:09.8320 INFO Get TabName Master In ViewModel Success 
2022-02-03 13:56:09.8320 INFO Get SubModule_master In ViewModel Success 
2022-02-03 13:56:09.8976 INFO Get TabName Master In ViewModel Success 
2022-02-03 13:56:09.8976 INFO Get Module_master In ViewModel Success 
2022-02-03 13:56:09.9634 INFO Get SubModule_master In ViewModel Success 
2022-02-03 13:56:10.0306 INFO Get TabName Master In ViewModel Success 
2022-02-03 13:56:10.0306 INFO Get TabName Master In ViewModel Success 
2022-02-03 13:56:10.0306 INFO Get TabName Master In ViewModel Success 
2022-02-03 13:56:10.0306 INFO Get TabName Master In ViewModel Success 
2022-02-03 13:56:10.0306 INFO Get TabName Master In ViewModel Success 
2022-02-03 13:56:10.0306 INFO Get TabName Master In ViewModel Success 
2022-02-03 13:56:10.0306 INFO Get TabName Master In ViewModel Success 
2022-02-03 13:56:10.0306 INFO Get TabName Master In ViewModel Success 
2022-02-03 13:56:10.0306 INFO Get TabName Master In ViewModel Success 
2022-02-03 13:56:10.0306 INFO Get TabName Master In ViewModel Success 
2022-02-03 13:56:10.0306 INFO Get SubModule_master In ViewModel Success 
2022-02-03 13:56:10.1001 INFO Get TabName Master In ViewModel Success 
2022-02-03 13:56:10.1001 INFO Get TabName Master In ViewModel Success 
2022-02-03 13:56:10.1001 INFO Get TabName Master In ViewModel Success 
2022-02-03 13:56:10.1001 INFO Get TabName Master In ViewModel Success 
2022-02-03 13:56:10.1001 INFO Get TabName Master In ViewModel Success 
2022-02-03 13:56:10.1001 INFO Get SubModule_master In ViewModel Success 
2022-02-03 13:56:10.1699 INFO Get TabName Master In ViewModel Success 
2022-02-03 13:56:10.1699 INFO Get TabName Master In ViewModel Success 
2022-02-03 13:56:10.1699 INFO Get TabName Master In ViewModel Success 
2022-02-03 13:56:10.1699 INFO Get TabName Master In ViewModel Success 
2022-02-03 13:56:10.1699 INFO Get TabName Master In ViewModel Success 
2022-02-03 13:56:10.1699 INFO Get TabName Master In ViewModel Success 
2022-02-03 13:56:10.1699 INFO Get TabName Master In ViewModel Success 
2022-02-03 13:56:10.1699 INFO Get SubModule_master In ViewModel Success 
2022-02-03 13:56:10.2403 INFO Get TabName Master In ViewModel Success 
2022-02-03 13:56:10.2403 INFO Get TabName Master In ViewModel Success 
2022-02-03 13:56:10.2403 INFO Get SubModule_master In ViewModel Success 
2022-02-03 13:56:10.3066 INFO Get TabName Master In ViewModel Success 
2022-02-03 13:56:10.3066 INFO Get SubModule_master In ViewModel Success 
2022-02-03 13:56:10.3742 INFO Get TabName Master In ViewModel Success 
2022-02-03 13:56:10.3742 INFO Get SubModule_master In ViewModel Success 
2022-02-03 13:56:10.4408 INFO Get SubModule_master In ViewModel Success 
2022-02-03 13:56:10.5073 INFO Get TabName Master In ViewModel Success 
2022-02-03 13:56:10.5073 INFO Get TabName Master In ViewModel Success 
2022-02-03 13:56:10.5073 INFO Get TabName Master In ViewModel Success 
2022-02-03 13:56:10.5073 INFO Get Module_master In ViewModel Success 
2022-02-03 13:56:10.5763 INFO Get SubModule_master In ViewModel Success 
2022-02-03 13:56:10.6455 INFO Get TabName Master In ViewModel Success 
2022-02-03 13:56:10.6455 INFO Get Module_master In ViewModel Success 
2022-02-03 13:56:10.7120 INFO Get SubModule_master In ViewModel Success 
2022-02-03 13:56:10.7780 INFO Get TabName Master In ViewModel Success 
2022-02-03 13:56:10.7780 INFO Get Module_master In ViewModel Success 
2022-02-03 13:56:11.1663 INFO Get ViewModel Success 
2022-02-03 13:56:11.2368 INFO Get GetMaxID Success : user_permission
2022-02-03 13:56:26.8189 INFO Get User Success :101-Commissioner
2022-02-03 13:56:29.4484 INFO Get User Success :101-Commissioner
2022-02-03 13:56:34.0492 INFO Get Product Type Master List Success
2022-02-03 13:56:43.2621 INFO Get User Success :com
2022-02-03 13:58:22.2809 INFO Get User Success :101-Commissioner
2022-02-03 14:02:00.0345 INFO Get Product Type Master List Success
2022-02-03 14:02:15.3932 INFO Get User Success :com
2022-02-03 14:04:50.4356 INFO Get User Success :207-excise_Rohtas
2022-02-03 14:04:56.1508 INFO Get Product Type Master List Success
2022-02-03 14:05:54.1755 INFO Get User Success :excise_Rohtas
2022-02-03 14:06:13.0920 INFO Get User Success :207-excise_Rohtas
2022-02-03 14:06:25.1881 INFO Get Product Type Master List Success
2022-02-03 14:06:26.2563 INFO Get User Success :excise_Rohtas
2022-02-03 14:10:24.6884 INFO Get User Success :207-excise_Rohtas
2022-02-03 14:10:28.6835 INFO Get Product Type Master List Success
2022-02-03 14:10:29.9167 INFO Get User Success :excise_Rohtas
2022-02-03 14:10:43.8713 INFO Get User Success :207-excise_Rohtas
2022-02-03 14:14:04.5987 INFO Get Product Type Master List Success
2022-02-03 14:14:08.2510 INFO Get User Success :excise_Rohtas
2022-02-03 14:14:43.4364 INFO Get User Success :207-excise_Rohtas
2022-02-03 14:14:45.5640 INFO Get Product Type Master List Success
2022-02-03 14:14:46.2490 INFO Get User Success :excise_Rohtas
2022-02-03 14:14:54.7543 INFO Get User Success :207-excise_Rohtas
2022-02-03 15:16:48.8751 INFO Get User Success :207-excise_Rohtas
2022-02-03 15:16:52.7475 INFO Get Product Type Master List Success
2022-02-03 15:16:54.0385 INFO Get User Success :excise_Rohtas
2022-02-03 15:17:07.2303 INFO Get User Success :207-excise_Rohtas
2022-02-03 15:17:10.2905 INFO Get Product Type Master List Success
2022-02-03 15:17:14.0887 INFO Get User Success :excise_Rohtas
2022-02-03 15:17:22.0887 INFO Get User Success :207-excise_Rohtas
2022-02-03 15:17:23.5481 INFO Get Product Type Master List Success
2022-02-03 15:17:25.1892 INFO Get User Success :excise_Rohtas
2022-02-03 15:17:36.3374 INFO Get User Success :207-excise_Rohtas
2022-02-03 15:21:38.2897 INFO Get Product Type Master List Success
2022-02-03 15:21:41.0355 INFO Get User Success :excise_Rohtas
2022-02-03 15:24:21.3250 INFO Get User Success :236-excise_Rohtas4
2022-02-03 15:24:24.3392 INFO Get Product Type Master List Success
2022-02-03 15:24:25.5278 INFO Get User Success :excise_Rohtas4
2022-02-03 15:24:45.5743 INFO Get User Success :236-excise_Rohtas4
2022-02-03 15:24:54.0947 INFO Get Product Type Master List Success
2022-02-03 15:24:55.2776 INFO Get User Success :excise_Rohtas4
2022-02-03 15:26:14.4305 INFO Get User Success :235-excise_Rohtas3
2022-02-03 15:26:17.9098 INFO Get Product Type Master List Success
2022-02-03 15:26:19.5843 INFO Get User Success :excise_Rohtas3
2022-02-03 15:26:53.8027 INFO Get User Success :235-excise_Rohtas3
2022-02-03 15:26:55.2573 INFO Get Product Type Master List Success
2022-02-03 15:26:55.9494 INFO Get User Success :excise_Rohtas3
2022-02-03 15:27:05.7807 INFO Get User Success :235-excise_Rohtas3
2022-02-03 15:27:08.0431 INFO Get Product Type Master List Success
2022-02-03 15:27:09.5835 INFO Get User Success :excise_Rohtas3
2022-02-03 15:27:21.5498 INFO Get User Success :235-excise_Rohtas3
2022-02-03 15:27:31.8350 INFO Get Product Type Master List Success
2022-02-03 15:27:33.0887 INFO Get User Success :excise_Rohtas3
2022-02-03 15:27:52.8617 INFO Get User Success :234-excise_Rohtas2
2022-02-03 15:27:55.7703 INFO Get Product Type Master List Success
2022-02-03 15:27:57.5875 INFO Get User Success :excise_Rohtas2
2022-02-03 15:28:07.8896 INFO Get User Success :234-excise_Rohtas2
2022-02-03 15:28:18.4237 INFO Get Product Type Master List Success
2022-02-03 15:28:19.6386 INFO Get User Success :excise_Rohtas2
2022-02-03 15:31:49.8363 INFO Get User Success :101-Commissioner
2022-02-03 15:31:58.9235 INFO Get User Success :101-Commissioner
2022-02-03 15:32:10.9988 INFO Get Product Type Master List Success
2022-02-03 15:32:12.5752 INFO Get User Success :com
2022-02-03 15:32:42.5984 INFO Get User Success :101-Commissioner
2022-02-03 15:32:44.0966 INFO Get Product Type Master List Success
2022-02-03 15:32:46.0152 INFO Get User Success :com
2022-02-03 15:32:54.8432 INFO Get User Success :101-Commissioner
2022-02-03 15:32:55.5045 INFO Get Product Type Master List Success
2022-02-03 15:32:56.8033 INFO Get User Success :com
2022-02-03 15:33:13.6052 INFO Get User Success :101-Commissioner
2022-02-03 15:33:14.7097 INFO Get Product Type Master List Success
2022-02-03 15:33:15.6447 INFO Get User Success :com
2022-02-03 16:03:37.7915 INFO Get User Success :101-Commissioner
2022-02-03 16:03:58.3532 INFO Get User Success :101-Commissioner
2022-02-03 16:04:01.4912 INFO Get Product Type Master List Success
2022-02-03 16:04:02.8462 INFO Get User Success :com
2022-02-03 16:04:35.8541 INFO Get User Success :101-Commissioner
2022-02-03 16:04:37.9802 INFO Get Product Type Master List Success
2022-02-03 16:04:39.3645 INFO Get User Success :com
2022-02-03 16:04:44.6208 INFO Get User Success :101-Commissioner
2022-02-03 16:05:32.6890 INFO Get User Success :100-Deputy Commissioner
2022-02-03 16:05:34.4464 INFO Get User Success :100-Deputy Commissioner
2022-02-03 16:05:36.5659 INFO Get Product Type Master List Success
2022-02-03 16:05:38.3220 INFO Get User Success :hodyco
2022-02-03 16:05:47.6799 INFO Get User Success :100-Deputy Commissioner
2022-02-03 16:05:49.7963 INFO Get Product Type Master List Success
2022-02-03 16:05:50.9961 INFO Get User Success :hodyco
2022-02-03 16:06:01.3291 INFO Get User Success :100-Deputy Commissioner
2022-02-03 16:06:03.3736 INFO Get Product Type Master List Success
2022-02-03 16:06:04.2356 INFO Get User Success :hodyco
2022-02-03 16:07:21.2303 INFO Get User Success :100-Deputy Commissioner
2022-02-03 16:07:21.2961 INFO Get Product Master List Success
2022-02-03 16:07:21.4058 INFO Get User Success :100-Deputy Commissioner
2022-02-03 16:07:21.4666 INFO Get Product Master List Success
2022-02-03 16:07:21.5314 INFO Check WorkFlow List Success
2022-02-03 16:09:46.9337 INFO Get RR List Success
2022-02-03 16:09:50.4327 INFO Get Product Type Master List Success
2022-02-03 16:09:51.7609 INFO Get User Success :hodyco
2022-02-03 16:14:14.0855 INFO Get User Success :100-Deputy Commissioner
2022-02-03 16:14:22.6570 INFO Get User Success :100-Deputy Commissioner
2022-02-03 16:15:05.5029 INFO Get Product Type Master List Success
2022-02-03 16:15:06.8539 INFO Get User Success :hodyco
2022-02-03 16:15:16.3389 INFO Get User Success :100-Deputy Commissioner
2022-02-03 16:15:16.4038 INFO Get Product Master List Success
2022-02-03 16:15:16.5402 INFO Get User Success :100-Deputy Commissioner
2022-02-03 16:15:16.6016 INFO Get Product Master List Success
2022-02-03 16:15:16.6667 INFO Check WorkFlow List Success
2022-02-03 16:17:56.1150 INFO Get RR List Success
2022-02-03 16:18:01.0975 INFO Get Product Type Master List Success
2022-02-03 16:18:03.0534 INFO Get User Success :hodyco
2022-02-03 16:18:14.7281 INFO Get User Success :100-Deputy Commissioner
2022-02-03 16:18:14.8474 INFO Get Product Master List Success
2022-02-03 16:18:15.5309 INFO Get State List Success
2022-02-03 16:18:15.6031 INFO Get NOC Sucess:943
2022-02-03 16:18:15.7267 INFO Get NOC Sucess:Req/2020-2021/1
2022-02-03 16:18:16.3232 INFO Get State List Success
2022-02-03 16:18:44.0658 INFO Get NOC Details Success
2022-02-03 16:18:44.1408 INFO Get Customer Details Success
2022-02-03 16:18:44.3468 INFO Check WorkFlow List Success
2022-02-03 16:26:50.9814 INFO Get Product Type Master List Success
2022-02-03 16:26:52.5076 INFO Get User Success :hodyco
2022-02-03 16:28:30.2821 INFO Get User Success :101-Commissioner
2022-02-03 16:28:32.5032 INFO Get User Success :101-Commissioner
2022-02-03 16:28:35.6631 INFO Get Product Type Master List Success
2022-02-03 16:28:37.5451 INFO Get User Success :com
2022-02-03 16:28:44.3155 INFO Get User Success :101-Commissioner
2022-02-03 16:28:44.6489 INFO Get Report  Success
2022-02-03 16:28:55.4339 INFO Get Product Type Master List Success
2022-02-03 16:28:57.5340 INFO Get User Success :com
2022-02-03 16:29:59.0755 INFO Get Report  Success
2022-02-03 16:30:01.4677 INFO Get GetSeverList Success
2022-02-03 16:32:44.3640 INFO Get User Success :101-Commissioner
2022-02-03 16:32:46.7176 INFO Get Product Type Master List Success
2022-02-03 16:32:48.5025 INFO Get User Success :com
2022-02-03 16:33:15.1402 INFO Get User Success :207-excise_Rohtas
2022-02-03 16:33:19.1309 INFO Get Product Type Master List Success
2022-02-03 16:33:20.7591 INFO Get User Success :excise_Rohtas
2022-02-03 16:33:28.9064 INFO Get User Success :207-excise_Rohtas
2022-02-03 16:33:31.0952 INFO Get Product Type Master List Success
2022-02-03 16:33:32.9128 INFO Get User Success :excise_Rohtas
2022-02-03 16:33:41.3274 INFO Get User Success :207-excise_Rohtas
2022-02-03 16:33:44.3666 INFO Get Product Type Master List Success
2022-02-03 16:33:45.9187 INFO Get User Success :excise_Rohtas
2022-02-03 16:50:15.8551 INFO Get User Success :207-excise_Rohtas
2022-02-03 16:50:23.2540 INFO Get Product Type Master List Success
2022-02-03 16:50:24.8028 INFO Get User Success :excise_Rohtas
2022-02-03 16:50:36.7778 INFO Get User Success :207-excise_Rohtas
2022-02-03 16:50:38.7087 INFO Get Product Type Master List Success
2022-02-03 16:50:40.2516 INFO Get User Success :excise_Rohtas
2022-02-03 16:50:56.6292 INFO Get User Success :207-excise_Rohtas
2022-02-03 16:50:58.4174 INFO Get Product Type Master List Success
2022-02-03 16:51:00.0112 INFO Get User Success :excise_Rohtas
2022-02-03 16:51:13.6535 INFO Get User Success :207-excise_Rohtas
2022-02-03 16:51:22.4172 INFO Get Product Type Master List Success
2022-02-03 16:51:24.2238 INFO Get User Success :excise_Rohtas
2022-02-03 17:49:06.5776 INFO Get User Success :207-excise_Rohtas
2022-02-03 17:49:11.5134 INFO Get Product Type Master List Success
2022-02-03 17:49:13.3325 INFO Get User Success :excise_Rohtas
2022-02-03 17:49:18.0645 INFO Get User Success :207-excise_Rohtas
2022-02-03 17:49:22.8975 INFO Get Product Type Master List Success
2022-02-03 17:49:24.5208 INFO Get User Success :excise_Rohtas
