2022-02-01 10:02:25.3319 INFO Get User Success :209-excise_Samastipur
2022-02-01 10:02:29.0133 INFO Get Product Type Master List Success
2022-02-01 10:02:29.1298 INFO Get User Success :excise_Samastipur
2022-02-01 10:02:58.9494 INFO Get Product Type Master List Success
2022-02-01 10:02:59.1389 INFO Get User Success :excise_Samastipur
2022-02-01 10:03:15.0515 INFO Get Thana List Success
2022-02-01 10:03:15.3984 INFO Get Product Type Master List Success
2022-02-01 10:03:15.5566 INFO Get User Success :excise_Samastipur
2022-02-01 10:07:32.3610 INFO Get Product Type Master List Success
2022-02-01 10:07:32.4698 INFO Get User Success :excise_Samastipur
2022-02-01 10:07:37.7442 INFO Get Thana List Success
2022-02-01 10:07:38.0360 INFO Get Product Type Master List Success
2022-02-01 10:07:38.1756 INFO Get User Success :excise_Samastipur
2022-02-01 12:05:15.2476 INFO Get User Success :108-New Swadeshi Distillery Unit
2022-02-01 12:05:23.6576 INFO Get User Success :108-New Swadeshi Distillery Unit
2022-02-01 12:05:26.2393 INFO Get Product Type Master List Success
2022-02-01 12:05:26.4479 INFO Get User Success :newswadeshi_dis
2022-02-01 12:06:30.1911 INFO Get User Success :108-New Swadeshi Distillery Unit
2022-02-01 12:06:35.9553 INFO Get Product Type Master List Success
2022-02-01 12:06:37.2229 INFO Get User Success :newswadeshi_dis
2022-02-01 12:06:45.7737 INFO Get User Success :108-New Swadeshi Distillery Unit
2022-02-01 12:06:47.0742 INFO Get Product Type Master List Success
2022-02-01 12:06:47.2923 INFO Get User Success :newswadeshi_dis
2022-02-01 12:06:54.8604 INFO Get User Success :108-New Swadeshi Distillery Unit
2022-02-01 12:06:55.0090 INFO Get VAT Master List Success
2022-02-01 12:06:56.6805 INFO Get Product Type Master List Success
2022-02-01 12:06:57.6121 INFO Get User Success :newswadeshi_dis
2022-02-01 12:28:30.4444 INFO Get User Success :108-New Swadeshi Distillery Unit
2022-02-01 12:28:42.7290 INFO Get User Success :108-New Swadeshi Distillery Unit
2022-02-01 12:28:45.6298 INFO Get Product Type Master List Success
2022-02-01 12:28:45.8004 INFO Get User Success :newswadeshi_dis
2022-02-01 12:29:53.2344 INFO Get User Success :108-New Swadeshi Distillery Unit
2022-02-01 12:30:56.6062 INFO Get Product Type Master List Success
2022-02-01 12:30:56.7319 INFO Get User Success :newswadeshi_dis
2022-02-01 12:31:02.2931 INFO Get User Success :108-New Swadeshi Distillery Unit
2022-02-01 12:31:06.0684 INFO Get Product Type Master List Success
2022-02-01 12:31:06.2290 INFO Get User Success :newswadeshi_dis
2022-02-01 12:31:16.9827 INFO Get User Success :108-New Swadeshi Distillery Unit
2022-02-01 12:31:17.1094 INFO Get VAT Master List Success
2022-02-01 12:31:17.1734 INFO Get Product Type Master List Success
2022-02-01 12:31:17.3360 INFO Get User Success :newswadeshi_dis
2022-02-01 14:26:37.9878 INFO Get User Success :339-Bihar Distillers & Bottlers Pvt. Ltd - Unit- 1
2022-02-01 14:26:43.9862 INFO Get User Success :339-Bihar Distillers & Bottlers Pvt. Ltd - Unit- 1
2022-02-01 14:26:48.5099 INFO Get Product Type Master List Success
2022-02-01 14:26:48.5817 INFO Get User Success :bdbl_dis
2022-02-01 14:27:00.8584 INFO Get User Success :339-Bihar Distillers & Bottlers Pvt. Ltd - Unit- 1
2022-02-01 14:27:00.9213 INFO Get User Success :339-Bihar Distillers & Bottlers Pvt. Ltd - Unit- 1
2022-02-01 14:27:01.1210 INFO Get Product Type Master List Success
2022-02-01 14:27:01.1806 INFO Get User Success :bdbl_dis
2022-02-01 14:27:03.2918 INFO Get User Success :339-Bihar Distillers & Bottlers Pvt. Ltd - Unit- 1
2022-02-01 14:27:03.4235 INFO Get User Success :339-Bihar Distillers & Bottlers Pvt. Ltd - Unit- 1
2022-02-01 14:30:36.2833 INFO Get Product Master List Success
2022-02-01 14:30:38.6652 INFO Get User Success :339-Bihar Distillers & Bottlers Pvt. Ltd - Unit- 1
2022-02-01 14:30:38.9704 INFO Get Balance Request Pass Success
2022-02-01 14:30:40.8014 INFO Get User Success :339-Bihar Distillers & Bottlers Pvt. Ltd - Unit- 1
2022-02-01 14:30:40.8567 INFO Get Balance Request Pass Success
2022-02-01 14:30:40.9770 INFO Get Product Type Master List Success
2022-02-01 14:30:41.0391 INFO Get User Success :bdbl_dis
2022-02-01 14:30:51.1044 INFO Get User Success :339-Bihar Distillers & Bottlers Pvt. Ltd - Unit- 1
2022-02-01 14:30:51.1681 INFO Get User Success :339-Bihar Distillers & Bottlers Pvt. Ltd - Unit- 1
2022-02-01 14:30:51.2792 INFO Get Product Type Master List Success
2022-02-01 14:30:51.3412 INFO Get User Success :bdbl_dis
