2022-01-05 12:46:28.4682 INFO Get User Success :207-excise_Rohtas
2022-01-05 12:46:29.6021 INFO Get Product Type Master List Success
2022-01-05 12:46:29.8789 INFO Get User Success :excise_Rohtas
2022-01-05 12:47:45.3297 INFO Get User Success :207-excise_Rohtas
2022-01-05 12:47:52.0863 INFO Get User Success :101-Commissioner
2022-01-05 12:47:55.3649 INFO Get User Success :101-Commissioner
2022-01-05 12:48:00.4385 INFO Get Product Type Master List Success
2022-01-05 12:48:00.5033 INFO Get User Success :com
2022-01-05 12:48:05.9528 INFO Get User Success :101-Commissioner
2022-01-05 12:48:13.9853 INFO Get User Success :98-Harinagar Sugar Mills Limited(Distillery Division)
2022-01-05 12:48:14.1359 INFO Get User Success :98-Harinagar Sugar Mills Limited(Distillery Division)
2022-01-05 12:48:14.3770 INFO Get Product Type Master List Success
2022-01-05 12:48:14.5017 INFO Get User Success :harinagar_dis
2022-01-05 12:49:07.7183 INFO Get User Success :98-Harinagar Sugar Mills Limited(Distillery Division)
2022-01-05 12:56:01.9810 INFO Get User Success :98-Harinagar Sugar Mills Limited(Distillery Division)
2022-01-05 12:56:02.2549 INFO Get User Success :98-Harinagar Sugar Mills Limited(Distillery Division)
2022-01-05 12:56:02.9419 INFO Get Product Type Master List Success
2022-01-05 12:56:03.0855 INFO Get User Success :harinagar_dis
2022-01-05 12:56:11.3126 INFO Get User Success :98-Harinagar Sugar Mills Limited(Distillery Division)
2022-01-05 12:56:16.6503 INFO Get User Success :207-excise_Rohtas
2022-01-05 12:56:16.7859 INFO Get Product Type Master List Success
2022-01-05 12:56:16.9156 INFO Get User Success :excise_Rohtas
2022-01-05 12:56:20.0542 INFO Get User Success :207-excise_Rohtas
2022-01-05 12:56:26.7568 INFO Get User Success :378-DM Court Patna
2022-01-05 12:56:26.9203 INFO Get User Success :378-DM Court Patna
2022-01-05 12:56:26.9882 INFO Get Product Type Master List Success
2022-01-05 12:56:27.3791 INFO Get User Success :dm_patna
2022-01-05 12:56:29.9213 INFO Get User Success :378-DM Court Patna
2022-01-05 12:56:49.4695 INFO Get User Success :379-ADM Court Patna
2022-01-05 12:56:49.6251 INFO Get User Success :379-ADM Court Patna
2022-01-05 12:56:49.6849 INFO Get Product Type Master List Success
2022-01-05 12:56:49.7517 INFO Get User Success :adm_Patna
2022-01-05 12:57:01.8101 INFO Get User Success :379-ADM Court Patna
2022-01-05 12:57:07.5939 INFO Get User Success :101-Commissioner
2022-01-05 12:57:07.7495 INFO Get User Success :101-Commissioner
2022-01-05 12:57:43.5631 INFO Get Product Type Master List Success
2022-01-05 12:57:43.6312 INFO Get User Success :com
2022-01-05 13:24:59.8049 INFO Get User Success :378-DM Court Patna
2022-01-05 13:25:05.9045 INFO Get User Success :378-DM Court Patna
2022-01-05 13:32:55.2401 INFO Get User Success :378-DM Court Patna
2022-01-05 13:33:04.6484 INFO Get User Success :378-DM Court Patna
2022-01-05 13:33:29.0652 INFO Get Product Type Master List Success
2022-01-05 13:33:29.7444 INFO Get User Success :dm_patna
2022-01-05 13:33:37.0488 INFO Get User Success :378-DM Court Patna
2022-01-05 13:33:45.7894 INFO Get User Success :101-Commissioner
2022-01-05 13:33:46.1305 INFO Get User Success :101-Commissioner
2022-01-05 13:33:52.5284 INFO Get Product Type Master List Success
2022-01-05 13:33:52.7359 INFO Get User Success :com
2022-01-05 13:33:56.7900 INFO Get User Success :101-Commissioner
2022-01-05 13:34:06.8182 INFO Get User Success :98-Harinagar Sugar Mills Limited(Distillery Division)
2022-01-05 13:34:07.1563 INFO Get User Success :98-Harinagar Sugar Mills Limited(Distillery Division)
2022-01-05 13:34:10.4824 INFO Get Product Type Master List Success
2022-01-05 13:34:10.8145 INFO Get User Success :harinagar_dis
2022-01-05 13:34:15.7513 INFO Get User Success :98-Harinagar Sugar Mills Limited(Distillery Division)
2022-01-05 13:34:33.7033 INFO Get User Success :379-ADM Court Patna
2022-01-05 13:34:34.1202 INFO Get User Success :379-ADM Court Patna
2022-01-05 13:34:37.1192 INFO Get Product Type Master List Success
2022-01-05 13:34:37.2808 INFO Get User Success :adm_Patna
2022-01-05 13:34:39.8120 INFO Get User Success :379-ADM Court Patna
2022-01-05 13:34:48.0609 INFO Get User Success :378-DM Court Patna
2022-01-05 13:34:48.4020 INFO Get User Success :378-DM Court Patna
2022-01-05 13:34:51.0539 INFO Get Product Type Master List Success
2022-01-05 13:34:51.4977 INFO Get User Success :dm_patna
2022-01-05 13:34:54.3023 INFO Get User Success :378-DM Court Patna
2022-01-05 13:35:02.6847 INFO Get User Success :207-excise_Rohtas
2022-01-05 13:35:03.0059 INFO Get Product Type Master List Success
2022-01-05 13:35:03.2183 INFO Get User Success :excise_Rohtas
2022-01-05 13:35:11.7525 INFO Get User Success :207-excise_Rohtas
2022-01-05 14:25:38.5689 INFO Get User Success :99-Assistant Commissioner, West Champaran
2022-01-05 14:25:38.8498 INFO Get User Success :99-Assistant Commissioner, West Champaran
2022-01-05 14:25:43.8119 INFO Get Product Type Master List Success
2022-01-05 14:25:43.8868 INFO Get User Success :wcedo
2022-01-05 14:25:47.0504 INFO Get User Success :99-Assistant Commissioner, West Champaran
2022-01-05 14:25:47.1342 INFO Get Product Master List Success
2022-01-05 14:25:49.5200 INFO Get User Success :99-Assistant Commissioner, West Champaran
2022-01-05 14:25:49.5809 INFO Get Product Master List Success
2022-01-05 14:25:49.6677 INFO Check WorkFlow List Success
2022-01-05 14:28:05.6444 INFO Get RR List Success
2022-01-05 14:28:52.2673 INFO Get Product Type Master List Success
2022-01-05 14:28:52.3844 INFO Get User Success :wcedo
2022-01-05 14:29:10.0355 INFO Get User Success :99-Assistant Commissioner, West Champaran
2022-01-05 14:29:10.1382 INFO Get Product Master List Success
2022-01-05 14:29:10.7356 INFO Get State List Success
2022-01-05 14:29:10.7964 INFO Get NOC Sucess:721
2022-01-05 14:29:45.1314 INFO Get NOC Sucess:Req/2020-21/1
2022-01-05 14:29:58.3049 INFO Get State List Success
2022-01-05 14:30:03.6607 INFO Get NOC Details Success
2022-01-05 14:30:03.7205 INFO Get Customer Details Success
2022-01-05 14:30:16.2737 INFO Check WorkFlow List Success
2022-01-05 14:30:31.9085 INFO Get User Success :99-Assistant Commissioner, West Champaran
2022-01-05 14:30:31.9713 INFO Get Product Master List Success
2022-01-05 14:30:33.2646 INFO Check WorkFlow List Success
2022-01-05 14:32:19.1244 INFO Get User Success :99-Assistant Commissioner, West Champaran
2022-01-05 14:32:19.1922 INFO Get Product Master List Success
2022-01-05 14:32:42.9700 INFO Get User Success :99-Assistant Commissioner, West Champaran
2022-01-05 14:32:43.0358 INFO Get Product Master List Success
2022-01-05 14:32:44.2964 INFO Check WorkFlow List Success
2022-01-05 14:33:17.8245 INFO Get RR List Success
2022-01-05 14:33:39.2449 INFO Get Product Type Master List Success
2022-01-05 14:33:39.3650 INFO Get User Success :wcedo
2022-01-05 14:35:18.6140 INFO Get RR List Success
2022-01-05 14:36:25.2711 INFO Get Product Type Master List Success
2022-01-05 14:36:25.3440 INFO Get User Success :wcedo
2022-01-05 14:41:08.6501 INFO Get User Success :99-Assistant Commissioner, West Champaran
2022-01-05 14:41:08.7210 INFO Get Product Master List Success
2022-01-05 14:41:09.1491 INFO Get State List Success
2022-01-05 14:41:09.2074 INFO Get NOC Sucess:722
2022-01-05 14:41:42.2392 INFO Get NOC Sucess:Req/2020-21/1
2022-01-05 14:41:42.5823 INFO Get State List Success
2022-01-05 14:41:45.0106 INFO Get NOC Details Success
2022-01-05 14:41:45.0694 INFO Get Customer Details Success
2022-01-05 14:42:20.2769 INFO Check WorkFlow List Success
2022-01-05 15:15:38.1001 INFO Check WorkFlow List Success
2022-01-05 15:15:40.3909 INFO Get Product Type Master List Success
2022-01-05 15:15:40.4550 INFO Get User Success :wcedo
2022-01-05 15:16:12.2227 INFO Get User Success :339-Bihar Distillers & Bottlers Pvt. Ltd - Unit- 1
2022-01-05 15:16:12.4910 INFO Get User Success :339-Bihar Distillers & Bottlers Pvt. Ltd - Unit- 1
2022-01-05 15:16:12.6226 INFO Get Product Type Master List Success
2022-01-05 15:16:12.7712 INFO Get User Success :bdbl_dis
2022-01-05 15:17:49.6551 INFO Get User Success :339-Bihar Distillers & Bottlers Pvt. Ltd - Unit- 1
2022-01-05 15:17:49.7360 INFO Get User Success :339-Bihar Distillers & Bottlers Pvt. Ltd - Unit- 1
2022-01-05 15:17:52.4505 INFO Get Product Type Master List Success
2022-01-05 15:17:52.5819 INFO Get User Success :bdbl_dis
2022-01-05 15:17:54.9104 INFO Get User Success :339-Bihar Distillers & Bottlers Pvt. Ltd - Unit- 1
2022-01-05 15:18:42.7693 INFO Get Pass List Success
2022-01-05 15:18:42.8341 INFO Get User Success :339-Bihar Distillers & Bottlers Pvt. Ltd - Unit- 1
2022-01-05 15:18:42.9019 INFO Get Product Type Master List Success
2022-01-05 15:18:43.0236 INFO Get User Success :bdbl_dis
2022-01-05 15:18:43.4135 INFO Get User Success :339-Bihar Distillers & Bottlers Pvt. Ltd - Unit- 1
2022-01-05 15:19:04.6177 INFO Get User Success :339-Bihar Distillers & Bottlers Pvt. Ltd - Unit- 1
2022-01-05 15:19:08.2670 INFO Get User Success :339-Bihar Distillers & Bottlers Pvt. Ltd - Unit- 1
2022-01-05 15:19:20.7731 INFO Get User Success :339-Bihar Distillers & Bottlers Pvt. Ltd - Unit- 1
2022-01-05 15:19:43.9087 INFO Get User Success :339-Bihar Distillers & Bottlers Pvt. Ltd - Unit- 1
2022-01-05 15:19:58.0957 INFO Get User Success :339-Bihar Distillers & Bottlers Pvt. Ltd - Unit- 1
2022-01-05 15:20:57.7301 INFO Get User Success :339-Bihar Distillers & Bottlers Pvt. Ltd - Unit- 1
2022-01-05 15:23:48.5127 INFO Get User Success :339-Bihar Distillers & Bottlers Pvt. Ltd - Unit- 1
2022-01-05 15:24:21.8197 INFO Get Pass List Success
2022-01-05 15:24:21.8833 INFO Get User Success :339-Bihar Distillers & Bottlers Pvt. Ltd - Unit- 1
2022-01-05 15:24:21.9483 INFO Get Product Type Master List Success
2022-01-05 15:24:22.3398 INFO Get User Success :bdbl_dis
2022-01-05 15:28:23.1222 INFO Get Pass List Success
2022-01-05 15:28:23.4833 INFO Get User Success :339-Bihar Distillers & Bottlers Pvt. Ltd - Unit- 1
2022-01-05 15:28:49.0366 INFO Get User Success :339-Bihar Distillers & Bottlers Pvt. Ltd - Unit- 1
2022-01-05 15:34:49.6751 INFO Get Pass List Success
2022-01-05 15:34:49.7938 INFO Get User Success :339-Bihar Distillers & Bottlers Pvt. Ltd - Unit- 1
2022-01-05 15:35:04.2603 INFO Get User Success :339-Bihar Distillers & Bottlers Pvt. Ltd - Unit- 1
2022-01-05 15:35:22.0760 INFO Get User Success :339-Bihar Distillers & Bottlers Pvt. Ltd - Unit- 1
2022-01-05 17:26:57.9518 INFO Get User Success :207-excise_Rohtas
2022-01-05 17:26:58.2552 INFO Get Product Type Master List Success
2022-01-05 17:26:58.3463 INFO Get User Success :excise_Rohtas
2022-01-05 17:30:45.9798 INFO Get User Success :207-excise_Rohtas
2022-01-05 17:30:46.2694 INFO Get Product Type Master List Success
2022-01-05 17:30:46.4289 INFO Get User Success :excise_Rohtas
2022-01-05 17:31:02.5760 INFO Get Product Type Master List Success
2022-01-05 17:31:02.7013 INFO Get User Success :excise_Rohtas
2022-01-05 17:31:07.1072 INFO Get Thana List Success
2022-01-05 17:31:07.5105 INFO Get Product Type Master List Success
2022-01-05 17:31:07.6352 INFO Get User Success :excise_Rohtas
2022-01-05 17:31:11.7146 INFO Get Product Type Master List Success
2022-01-05 17:31:11.8360 INFO Get User Success :excise_Rohtas
2022-01-05 17:31:26.6709 INFO Get Product Type Master List Success
2022-01-05 17:31:26.8059 INFO Get User Success :excise_Rohtas
2022-01-05 17:33:12.8073 INFO Get Product Type Master List Success
2022-01-05 17:33:12.9325 INFO Get User Success :excise_Rohtas
2022-01-05 17:33:16.5079 INFO Get Product Type Master List Success
2022-01-05 17:33:16.6526 INFO Get User Success :excise_Rohtas
2022-01-05 17:33:23.6624 INFO Get Product Type Master List Success
2022-01-05 17:33:23.7969 INFO Get User Success :excise_Rohtas
2022-01-05 17:33:29.5480 INFO Get Thana List Success
2022-01-05 17:33:29.8307 INFO Get Product Type Master List Success
2022-01-05 17:33:29.9574 INFO Get User Success :excise_Rohtas
2022-01-05 17:33:33.3334 INFO Get Product Type Master List Success
2022-01-05 17:33:33.4620 INFO Get User Success :excise_Rohtas
2022-01-05 17:33:35.6877 INFO Get Product Type Master List Success
2022-01-05 17:33:35.8123 INFO Get User Success :excise_Rohtas
2022-01-05 17:34:39.7217 INFO Get Product Type Master List Success
2022-01-05 17:34:39.8694 INFO Get User Success :excise_Rohtas
2022-01-05 17:34:42.6292 INFO Get Product Type Master List Success
2022-01-05 17:34:42.7965 INFO Get User Success :excise_Rohtas
2022-01-05 17:34:53.1355 INFO Get Product Type Master List Success
2022-01-05 17:34:53.2951 INFO Get User Success :excise_Rohtas
2022-01-05 17:36:47.2742 INFO Get Product Type Master List Success
2022-01-05 17:36:47.3595 INFO Get User Success :excise_Rohtas
2022-01-05 17:37:21.0263 INFO Get Product Type Master List Success
2022-01-05 17:37:21.1272 INFO Get User Success :excise_Rohtas
2022-01-05 17:37:28.4082 INFO Get Product Type Master List Success
2022-01-05 17:37:28.5778 INFO Get User Success :excise_Rohtas
2022-01-05 17:37:31.5518 INFO Get Product Type Master List Success
2022-01-05 17:37:31.7893 INFO Get User Success :excise_Rohtas
2022-01-05 17:37:34.5184 INFO Get Product Type Master List Success
2022-01-05 17:37:34.7435 INFO Get User Success :excise_Rohtas
