2022-02-25 11:17:14.6134 INFO Get User Success :101-Commissioner
2022-02-25 11:17:29.2839 INFO Get User Success :101-Commissioner
2022-02-25 11:17:35.4412 INFO Get Product Type Master List Success
2022-02-25 11:17:35.5062 INFO Get User Success :com
2022-02-25 11:17:44.3190 INFO Get User Success :101-Commissioner
2022-02-25 11:17:44.4156 INFO Get Product Type Master List Success
2022-02-25 11:17:44.4767 INFO Get User Success :com
2022-02-25 11:17:46.7092 INFO Get UOM List Success
2022-02-25 11:17:50.1121 INFO Get User Success :101-Commissioner
2022-02-25 11:17:50.2424 INFO Get User Success :101-Commissioner
2022-02-25 11:17:50.2983 INFO Get Product Type Master List Success
2022-02-25 11:17:50.4280 INFO Get User Success :com
2022-02-25 11:20:34.7882 INFO Get User Success :101-Commissioner
2022-02-25 11:20:34.8481 INFO Get Product Type Master List Success
2022-02-25 11:20:34.9498 INFO Get User Success :com
2022-02-25 11:20:37.5024 INFO Get UOM List Success
2022-02-25 11:20:37.7751 INFO Get User Success :101-Commissioner
2022-02-25 11:20:37.8881 INFO Get User Success :101-Commissioner
2022-02-25 11:20:38.1643 INFO Get Product Type Master List Success
2022-02-25 11:20:38.2242 INFO Get User Success :com
2022-02-25 11:21:42.4267 INFO Get UOM List Success
2022-02-25 11:21:43.0058 INFO Get User Success :101-Commissioner
2022-02-25 11:21:43.1194 INFO Get User Success :101-Commissioner
2022-02-25 11:24:41.0994 INFO Get Product Type Master List Success
2022-02-25 11:24:41.2032 INFO Get User Success :com
2022-02-25 11:24:56.5661 INFO Get User Success :101-Commissioner
2022-02-25 11:24:56.6239 INFO Get Product Type Master List Success
2022-02-25 11:24:56.7285 INFO Get User Success :com
2022-02-25 11:24:58.2339 INFO Get UOM List Success
2022-02-25 11:24:59.0853 INFO Get User Success :101-Commissioner
2022-02-25 11:24:59.1994 INFO Get User Success :101-Commissioner
2022-02-25 11:24:59.2547 INFO Get Product Type Master List Success
2022-02-25 11:24:59.3774 INFO Get User Success :com
2022-02-25 11:27:04.9431 INFO Get User Success :101-Commissioner
2022-02-25 11:27:04.9991 INFO Get Product Type Master List Success
2022-02-25 11:27:05.0616 INFO Get User Success :com
2022-02-25 11:27:07.3627 INFO Get UOM List Success
2022-02-25 11:27:09.3709 INFO Get User Success :101-Commissioner
2022-02-25 11:27:09.5107 INFO Get User Success :101-Commissioner
2022-02-25 11:27:10.6762 INFO Get Product Type Master List Success
2022-02-25 11:27:10.7522 INFO Get User Success :com
2022-02-25 11:27:37.6847 INFO Get User Success :101-Commissioner
2022-02-25 11:27:37.7425 INFO Get Product Type Master List Success
2022-02-25 11:27:37.8033 INFO Get User Success :com
2022-02-25 11:27:43.2428 INFO Get UOM List Success
2022-02-25 11:27:45.3795 INFO Get User Success :101-Commissioner
2022-02-25 11:27:45.4976 INFO Get User Success :101-Commissioner
2022-02-25 11:27:46.5801 INFO Get Product Type Master List Success
2022-02-25 11:27:46.6423 INFO Get User Success :com
2022-02-25 14:17:57.4770 INFO Get User Success :178-Police Vaishali
2022-02-25 14:18:04.8571 INFO Get Product Type Master List Success
2022-02-25 14:18:04.9258 INFO Get User Success :police_Vaishali
2022-02-25 14:18:28.5686 INFO Get Division List Success
2022-02-25 14:18:34.5706 INFO Get User Success :178-Police Vaishali
2022-02-25 14:18:50.1796 INFO Get Product Type Master List Success
2022-02-25 14:18:50.2758 INFO Get User Success :police_Vaishali
2022-02-25 14:19:23.9482 INFO Get User Success :178-Police Vaishali
2022-02-25 14:19:36.4167 INFO Get User Success :178-Police Vaishali
2022-02-25 14:19:50.8774 INFO Get User Success :178-Police Vaishali
2022-02-25 14:20:13.4263 INFO Get Thana List Success
2022-02-25 14:20:29.8897 INFO Get Product Type Master List Success
2022-02-25 14:20:29.9518 INFO Get User Success :police_Vaishali
2022-02-25 14:20:49.4632 INFO Get Division List Success
2022-02-25 14:20:50.8789 INFO Get User Success :178-Police Vaishali
2022-02-25 14:21:00.0817 INFO Get Product Type Master List Success
2022-02-25 14:21:00.1448 INFO Get User Success :police_Vaishali
2022-02-25 14:21:00.8554 INFO Get Product Type Master List Success
2022-02-25 14:21:00.9186 INFO Get User Success :police_Vaishali
2022-02-25 14:21:01.3833 INFO Get Product Type Master List Success
2022-02-25 14:21:01.4464 INFO Get User Success :police_Vaishali
2022-02-25 14:21:09.7621 INFO Get Product Type Master List Success
2022-02-25 14:21:09.8262 INFO Get User Success :police_Vaishali
2022-02-25 14:21:32.9548 INFO Get Thana List Success
2022-02-25 14:21:46.6079 INFO Get Thana List Success
2022-02-25 14:21:46.8844 INFO Get Product Type Master List Success
2022-02-25 14:21:46.9476 INFO Get User Success :police_Vaishali
2022-02-25 14:21:51.7228 INFO Get Product Type Master List Success
2022-02-25 14:21:51.7873 INFO Get User Success :police_Vaishali
2022-02-25 14:21:54.7390 INFO Get Product Type Master List Success
2022-02-25 14:21:54.8029 INFO Get User Success :police_Vaishali
2022-02-25 14:22:40.9333 INFO Get Product Type Master List Success
2022-02-25 14:22:40.9965 INFO Get User Success :police_Vaishali
2022-02-25 14:22:44.5929 INFO Get Product Type Master List Success
2022-02-25 14:22:44.6577 INFO Get User Success :police_Vaishali
2022-02-25 14:22:54.3876 INFO Get Division List Success
2022-02-25 14:22:54.9879 INFO Get User Success :178-Police Vaishali
2022-02-25 14:23:01.6413 INFO Get Product Type Master List Success
2022-02-25 14:23:01.7031 INFO Get User Success :police_Vaishali
2022-02-25 14:23:06.0213 INFO Get Thana List Success
2022-02-25 14:23:07.3198 INFO Get Product Type Master List Success
2022-02-25 14:23:07.3868 INFO Get User Success :police_Vaishali
2022-02-25 14:23:37.9774 INFO Get Product Type Master List Success
2022-02-25 14:23:38.0403 INFO Get User Success :police_Vaishali
2022-02-25 14:23:40.7856 INFO Get Product Type Master List Success
2022-02-25 14:23:40.8485 INFO Get User Success :police_Vaishali
2022-02-25 14:25:08.3912 INFO Get Product Type Master List Success
2022-02-25 14:25:08.4553 INFO Get User Success :police_Vaishali
2022-02-25 14:25:12.1765 INFO Get Product Type Master List Success
2022-02-25 14:25:12.2395 INFO Get User Success :police_Vaishali
2022-02-25 14:27:20.3259 INFO Get Product Type Master List Success
2022-02-25 14:27:20.9502 INFO Get User Success :police_Vaishali
2022-02-25 14:27:23.2485 INFO Get Division List Success
2022-02-25 14:27:23.8391 INFO Get User Success :178-Police Vaishali
2022-02-25 14:27:30.5446 INFO Get Product Type Master List Success
2022-02-25 14:27:30.6078 INFO Get User Success :police_Vaishali
2022-02-25 14:27:33.9598 INFO Get Thana List Success
2022-02-25 14:27:34.2203 INFO Get Product Type Master List Success
2022-02-25 14:27:34.2828 INFO Get User Success :police_Vaishali
2022-02-25 14:27:37.0110 INFO Get Product Type Master List Success
2022-02-25 14:27:37.0986 INFO Get User Success :police_Vaishali
2022-02-25 14:27:42.5066 INFO Get Division List Success
2022-02-25 14:27:42.8787 INFO Get User Success :178-Police Vaishali
2022-02-25 14:27:49.8453 INFO Get Product Type Master List Success
2022-02-25 14:27:49.9061 INFO Get User Success :police_Vaishali
2022-02-25 14:27:53.9136 INFO Get User Success :178-Police Vaishali
2022-02-25 14:28:00.8369 INFO Get Thana List Success
2022-02-25 14:28:01.0979 INFO Get Product Type Master List Success
2022-02-25 14:28:01.1596 INFO Get User Success :police_Vaishali
2022-02-25 14:28:06.6703 INFO Get Product Type Master List Success
2022-02-25 14:28:06.7321 INFO Get User Success :police_Vaishali
2022-02-25 14:28:09.4512 INFO Get Product Type Master List Success
2022-02-25 14:28:09.5132 INFO Get User Success :police_Vaishali
