2022-03-02 10:34:56.2202 INFO Get User Success :44-Administrator
2022-03-02 10:35:00.4615 INFO Get User Success :44-Administrator
2022-03-02 10:35:05.9919 INFO Get Product Type Master List Success
2022-03-02 10:35:06.0604 INFO Get User Success :Admin
2022-03-02 10:35:11.1625 INFO Get User Success :44-Administrator
2022-03-02 10:35:11.2214 INFO Get Report  Success
2022-03-02 10:35:11.2862 INFO GetFinacListValues Success
2022-03-02 10:35:11.4517 INFO Get Party Master List Success
2022-03-02 10:35:11.5056 INFO Get Product Type Master List Success
2022-03-02 10:35:11.8176 INFO Get User Success :Admin
2022-03-02 10:35:22.1700 INFO Get Report  Success
2022-03-02 10:35:22.4083 INFO Get GetSeverList Success
2022-03-02 10:40:42.9997 INFO Get User Success :44-Administrator
2022-03-02 10:40:46.6490 INFO Get User Success :44-Administrator
2022-03-02 10:40:52.6337 INFO Get Product Type Master List Success
2022-03-02 10:40:52.6507 INFO Get User Success :Admin
2022-03-02 10:41:01.1928 INFO Get User Success :44-Administrator
2022-03-02 10:41:01.1928 INFO Get Report  Success
2022-03-02 10:41:01.2158 INFO GetFinacListValues Success
2022-03-02 10:41:01.2317 INFO Get Party Master List Success
2022-03-02 10:41:01.2636 INFO Get Product Type Master List Success
2022-03-02 10:41:01.2776 INFO Get User Success :Admin
2022-03-02 10:47:38.5832 INFO Get User Success :44-Administrator
2022-03-02 10:47:46.0511 INFO Get User Success :44-Administrator
2022-03-02 10:47:53.5416 INFO Get Product Type Master List Success
2022-03-02 10:47:53.5416 INFO Get User Success :Admin
2022-03-02 10:48:01.7288 INFO Get User Success :44-Administrator
2022-03-02 10:48:01.7288 INFO Get Report  Success
2022-03-02 10:48:01.7441 INFO GetFinacListValues Success
2022-03-02 10:48:01.7441 INFO Get Party Master List Success
2022-03-02 10:48:01.7441 INFO Get Product Type Master List Success
2022-03-02 10:48:01.7573 INFO Get User Success :Admin
2022-03-02 10:48:15.0711 INFO Get Report  Success
2022-03-02 10:48:15.2486 INFO Get GetSeverList Success
2022-03-02 11:47:02.7799 INFO Get User Success :3570-Receiving Section Chemical Lab
2022-03-02 11:47:17.1174 INFO Get User Success :3570-Receiving Section Chemical Lab
2022-03-02 11:47:28.7122 INFO Get User Success :3570-Receiving Section Chemical Lab
2022-03-02 11:47:36.5479 INFO Get User Success :3570-Receiving Section Chemical Lab
2022-03-02 11:47:41.1070 INFO Get User Success :3570-Receiving Section Chemical Lab
2022-03-02 11:47:44.7569 INFO Get User Success :3570-Receiving Section Chemical Lab
2022-03-02 11:48:13.3354 INFO Get User Success :3570-Receiving Section Chemical Lab
2022-03-02 11:48:16.0081 INFO Get User Success :3570-Receiving Section Chemical Lab
2022-03-02 11:48:52.0985 INFO Get User Success :3570-Receiving Section Chemical Lab
2022-03-02 11:49:06.3522 INFO Get User Success :3570-Receiving Section Chemical Lab
2022-03-02 11:49:22.5398 INFO Get User Success :3570-Receiving Section Chemical Lab
2022-03-02 11:49:24.4238 INFO Get User Success :3570-Receiving Section Chemical Lab
2022-03-02 11:49:44.3871 INFO Get User Success :3570-Receiving Section Chemical Lab
2022-03-02 11:49:47.3762 INFO Get User Success :3570-Receiving Section Chemical Lab
2022-03-02 11:50:21.1018 INFO Get Product Type Master List Success
2022-03-02 11:50:21.1018 INFO Get User Success :recsec
2022-03-02 11:52:28.2788 INFO Get User Success :3570-Receiving Section Chemical Lab
2022-03-02 11:52:28.3187 INFO Get User Success :3570-Receiving Section Chemical Lab
2022-03-02 11:52:43.3110 INFO Get User Success :3570-Receiving Section Chemical Lab
2022-03-02 11:52:45.9059 INFO Get User Success :3570-Receiving Section Chemical Lab
2022-03-02 11:53:00.0636 INFO Get User Success :3570-Receiving Section Chemical Lab
2022-03-02 11:53:21.1349 INFO Get User Success :3570-Receiving Section Chemical Lab
2022-03-02 11:53:26.3954 INFO Get User Success :3570-Receiving Section Chemical Lab
2022-03-02 11:53:32.5045 INFO Get User Success :3570-Receiving Section Chemical Lab
2022-03-02 11:53:39.5206 INFO Get User Success :3570-Receiving Section Chemical Lab
2022-03-02 11:53:52.2928 INFO Get User Success :3570-Receiving Section Chemical Lab
2022-03-02 11:53:53.8755 INFO Get User Success :3570-Receiving Section Chemical Lab
2022-03-02 11:54:30.6274 INFO Get User Success :3570-Receiving Section Chemical Lab
2022-03-02 11:54:41.3251 INFO Get User Success :3570-Receiving Section Chemical Lab
2022-03-02 11:55:01.5393 INFO Get User Success :3570-Receiving Section Chemical Lab
2022-03-02 11:55:07.3629 INFO Get User Success :3570-Receiving Section Chemical Lab
2022-03-02 11:56:17.8872 INFO Get User Success :3570-Receiving Section Chemical Lab
2022-03-02 11:56:20.4826 INFO Get User Success :3570-Receiving Section Chemical Lab
2022-03-02 12:03:18.8850 INFO Get User Success :3570-Receiving Section Chemical Lab
2022-03-02 12:03:20.3206 INFO Get User Success :3570-Receiving Section Chemical Lab
2022-03-02 12:11:32.3490 INFO Get User Success :3570-Receiving Section Chemical Lab
2022-03-02 12:14:18.4250 INFO Get User Success :3570-Receiving Section Chemical Lab
2022-03-02 12:15:00.0319 INFO Get User Success :3570-Receiving Section Chemical Lab
2022-03-02 12:15:08.5727 INFO Get User Success :3570-Receiving Section Chemical Lab
2022-03-02 12:17:03.6434 INFO Get User Success :3570-Receiving Section Chemical Lab
2022-03-02 12:17:03.6863 INFO Get User Success :3570-Receiving Section Chemical Lab
2022-03-02 12:19:32.8215 INFO Get User Success :3570-Receiving Section Chemical Lab
2022-03-02 12:19:48.4926 INFO Get User Success :3570-Receiving Section Chemical Lab
2022-03-02 12:20:11.8087 INFO Get User Success :3570-Receiving Section Chemical Lab
2022-03-02 12:20:13.4614 INFO Get User Success :3570-Receiving Section Chemical Lab
2022-03-02 12:21:11.9910 INFO Get User Success :3570-Receiving Section Chemical Lab
2022-03-02 12:21:56.2096 INFO Get User Success :3570-Receiving Section Chemical Lab
2022-03-02 12:35:03.3004 INFO Get User Success :3570-Receiving Section Chemical Lab
2022-03-02 12:35:06.4015 INFO Get User Success :3570-Receiving Section Chemical Lab
2022-03-02 12:35:09.8850 INFO Get User Success :3570-Receiving Section Chemical Lab
2022-03-02 12:35:49.7748 INFO Get User Success :3570-Receiving Section Chemical Lab
2022-03-02 12:37:47.2868 INFO Get User Success :3570-Receiving Section Chemical Lab
2022-03-02 12:37:49.9018 INFO Get User Success :3570-Receiving Section Chemical Lab
2022-03-02 12:42:04.6881 INFO Get User Success :3570-Receiving Section Chemical Lab
2022-03-02 12:47:03.9449 INFO Get User Success :3570-Receiving Section Chemical Lab
2022-03-02 12:53:20.7196 INFO Get User Success :3570-Receiving Section Chemical Lab
2022-03-02 12:55:57.4107 INFO Get User Success :3570-Receiving Section Chemical Lab
2022-03-02 12:57:00.4874 INFO Get User Success :3570-Receiving Section Chemical Lab
2022-03-02 12:57:11.8571 INFO Get User Success :3570-Receiving Section Chemical Lab
2022-03-02 12:57:16.6798 INFO Get User Success :3570-Receiving Section Chemical Lab
2022-03-02 16:24:20.7848 INFO Get User Success :3570-Receiving Section Chemical Lab
