2022-03-11 13:06:14.2005 INFO Get User Success :98-Harinagar Sugar Mills Limited(Distillery Division)
2022-03-11 13:08:46.6170 INFO Get User Success :98-Harinagar Sugar Mills Limited(Distillery Division)
2022-03-11 13:08:52.4758 INFO Get Product Type Master List Success
2022-03-11 13:08:52.6387 INFO Get User Success :harinagar_dis
2022-03-11 13:08:59.6369 INFO Get User Success :98-Harinagar Sugar Mills Limited(Distillery Division)
2022-03-11 13:08:59.7137 INFO Get User Success :98-Harinagar Sugar Mills Limited(Distillery Division)
2022-03-11 13:09:08.7313 INFO Get Product Type Master List Success
2022-03-11 13:09:08.9099 INFO Get User Success :harinagar_dis
2022-03-11 13:09:16.2941 INFO Get User Success :98-Harinagar Sugar Mills Limited(Distillery Division)
2022-03-11 13:09:37.0156 INFO Get User Success :98-Harinagar Sugar Mills Limited(Distillery Division)
2022-03-11 13:09:46.4802 INFO Get Pass List Success
2022-03-11 13:09:46.5734 INFO Get User Success :98-Harinagar Sugar Mills Limited(Distillery Division)
2022-03-11 13:09:46.6838 INFO Get Product Type Master List Success
2022-03-11 13:09:46.7801 INFO Get User Success :harinagar_dis
2022-03-11 13:09:58.9544 INFO Get Pass List Success
2022-03-11 13:09:59.0304 INFO Get User Success :98-Harinagar Sugar Mills Limited(Distillery Division)
2022-03-11 13:10:16.7152 INFO Get User Success :98-Harinagar Sugar Mills Limited(Distillery Division)
2022-03-11 13:10:16.7800 INFO Get Dispach Master List Success
2022-03-11 13:10:16.9376 INFO Get VAT Master List Success
2022-03-11 13:10:17.0469 INFO Get VAT Master List Success
2022-03-11 13:10:17.1167 INFO Get Pass List Success
2022-03-11 13:10:17.4528 INFO Get Product Type Master List Success
2022-03-11 13:10:17.5695 INFO Get User Success :harinagar_dis
2022-03-11 13:10:24.1383 INFO Get User Success :98-Harinagar Sugar Mills Limited(Distillery Division)
2022-03-11 13:10:33.1499 INFO Get Pass List Success
2022-03-11 13:10:33.2212 INFO Get User Success :98-Harinagar Sugar Mills Limited(Distillery Division)
2022-03-11 13:10:33.2890 INFO Get Product Type Master List Success
2022-03-11 13:10:33.3787 INFO Get User Success :harinagar_dis
2022-03-11 13:11:04.6492 INFO Get Pass List Success
2022-03-11 13:11:04.7259 INFO Get User Success :98-Harinagar Sugar Mills Limited(Distillery Division)
2022-03-11 13:11:13.6999 INFO Get Pass List Success
2022-03-11 13:11:13.7746 INFO Get User Success :98-Harinagar Sugar Mills Limited(Distillery Division)
2022-03-11 13:11:13.8681 INFO Get User Success :98-Harinagar Sugar Mills Limited(Distillery Division)
2022-03-11 13:11:13.9325 INFO Get User Success :98-Harinagar Sugar Mills Limited(Distillery Division)
2022-03-11 13:11:15.4618 INFO Get Product Type Master List Success
2022-03-11 13:11:15.5342 INFO Get User Success :harinagar_dis
2022-03-11 13:12:36.2818 INFO Get User Success :98-Harinagar Sugar Mills Limited(Distillery Division)
2022-03-11 13:13:35.4921 INFO Get User Success :98-Harinagar Sugar Mills Limited(Distillery Division)
2022-03-11 13:13:44.7589 INFO Get Pass List Success
2022-03-11 13:13:44.8378 INFO Get User Success :98-Harinagar Sugar Mills Limited(Distillery Division)
2022-03-11 13:13:44.9346 INFO Get Product Type Master List Success
2022-03-11 13:13:45.0323 INFO Get User Success :harinagar_dis
2022-03-11 13:13:58.3587 INFO Get Pass List Success
2022-03-11 13:13:58.4335 INFO Get User Success :98-Harinagar Sugar Mills Limited(Distillery Division)
