2022-01-06 11:24:56.4727 INFO Get User Success :98-Harinagar Sugar Mills Limited(Distillery Division)
2022-01-06 11:24:57.0452 INFO Get User Success :98-Harinagar Sugar Mills Limited(Distillery Division)
2022-01-06 11:25:07.9261 INFO Get Product Type Master List Success
2022-01-06 11:25:08.3171 INFO Get User Success :harinagar_dis
2022-01-06 11:25:18.8708 INFO Get User Success :98-Harinagar Sugar Mills Limited(Distillery Division)
2022-01-06 11:25:27.0329 INFO Get Product Type Master List Success
2022-01-06 11:25:27.8218 INFO Get User Success :harinagar_dis
2022-01-06 11:25:39.0358 INFO Get User Success :98-Harinagar Sugar Mills Limited(Distillery Division)
2022-01-06 11:25:47.0943 INFO Get Form84 List Success
2022-01-06 11:25:47.1970 INFO Get Product Type Master List Success
2022-01-06 11:25:47.3995 INFO Get User Success :harinagar_dis
2022-01-06 11:27:31.4054 INFO Get User Success :98-Harinagar Sugar Mills Limited(Distillery Division)
2022-01-06 11:27:38.7149 INFO Get VAT Master List Success
2022-01-06 11:27:39.1158 INFO Get Product Type Master List Success
2022-01-06 11:27:39.6134 INFO Get User Success :harinagar_dis
2022-01-06 11:32:21.7837 INFO Get User Success :98-Harinagar Sugar Mills Limited(Distillery Division)
2022-01-06 11:32:22.0360 INFO Get User Success :98-Harinagar Sugar Mills Limited(Distillery Division)
2022-01-06 11:32:27.0227 INFO Get Product Type Master List Success
2022-01-06 11:32:27.4375 INFO Get User Success :harinagar_dis
2022-01-06 11:32:34.3321 INFO Get User Success :98-Harinagar Sugar Mills Limited(Distillery Division)
2022-01-06 11:32:40.1084 INFO Get Product Type Master List Success
2022-01-06 11:32:40.2530 INFO Get User Success :harinagar_dis
2022-01-06 11:32:45.2118 INFO Get User Success :98-Harinagar Sugar Mills Limited(Distillery Division)
2022-01-06 11:32:48.8480 INFO Get Form84 List Success
2022-01-06 11:32:48.9607 INFO Get Product Type Master List Success
2022-01-06 11:32:49.0914 INFO Get User Success :harinagar_dis
2022-01-06 11:32:59.3948 INFO Get Form84 List Success
2022-01-06 11:33:19.3934 INFO Get User Success :98-Harinagar Sugar Mills Limited(Distillery Division)
2022-01-06 11:33:19.4851 INFO Get VAT Master List Success
2022-01-06 11:34:44.1860 INFO Get VAT Master List Success
2022-01-06 11:34:44.2588 INFO Get VAT Master List Success
2022-01-06 11:34:44.3276 INFO Get VAT Master List Success
2022-01-06 11:34:45.6650 INFO Get User Success :98-Harinagar Sugar Mills Limited(Distillery Division)
2022-01-06 11:34:46.3013 INFO Get VAT Master List Success
2022-01-06 11:34:47.2368 INFO Get VAT Master List Success
2022-01-06 11:34:47.3056 INFO Get VAT Master List Success
2022-01-06 11:34:48.4855 INFO Get VAT Master List Success
2022-01-06 11:34:48.5533 INFO Get VAT Master List Success
2022-01-06 11:34:49.6354 INFO Get Product Type Master List Success
2022-01-06 11:34:49.7730 INFO Get User Success :harinagar_dis
2022-01-06 11:37:21.7159 INFO Get User Success :98-Harinagar Sugar Mills Limited(Distillery Division)
2022-01-06 11:37:21.7818 INFO Get VAT Master List Success
2022-01-06 11:37:25.2408 INFO Get VAT Master List Success
2022-01-06 11:37:25.3126 INFO Get VAT Master List Success
2022-01-06 11:37:25.3854 INFO Get VAT Master List Success
2022-01-06 11:37:28.5510 INFO Get User Success :98-Harinagar Sugar Mills Limited(Distillery Division)
2022-01-06 12:08:29.4183 INFO Get User Success :98-Harinagar Sugar Mills Limited(Distillery Division)
2022-01-06 12:08:29.6817 INFO Get User Success :98-Harinagar Sugar Mills Limited(Distillery Division)
2022-01-06 12:47:21.2083 INFO Get User Success :98-Harinagar Sugar Mills Limited(Distillery Division)
2022-01-06 12:47:21.4677 INFO Get User Success :98-Harinagar Sugar Mills Limited(Distillery Division)
2022-01-06 12:47:26.5560 INFO Get Product Type Master List Success
2022-01-06 12:47:26.6967 INFO Get User Success :harinagar_dis
2022-01-06 12:47:34.4380 INFO Get User Success :98-Harinagar Sugar Mills Limited(Distillery Division)
2022-01-06 12:47:40.3372 INFO Get Product Type Master List Success
2022-01-06 12:47:40.4639 INFO Get User Success :harinagar_dis
2022-01-06 12:47:42.8954 INFO Get User Success :98-Harinagar Sugar Mills Limited(Distillery Division)
2022-01-06 12:47:45.2980 INFO Get Form84 List Success
2022-01-06 12:47:45.3897 INFO Get Product Type Master List Success
2022-01-06 12:47:45.5114 INFO Get User Success :harinagar_dis
2022-01-06 12:47:51.8873 INFO Get Form84 List Success
2022-01-06 12:48:35.4968 INFO Get User Success :98-Harinagar Sugar Mills Limited(Distillery Division)
2022-01-06 12:48:35.5776 INFO Get VAT Master List Success
2022-01-06 12:48:38.0390 INFO Get VAT Master List Success
2022-01-06 12:48:38.1088 INFO Get VAT Master List Success
2022-01-06 12:48:38.1746 INFO Get VAT Master List Success
2022-01-06 12:48:42.9120 INFO Get User Success :98-Harinagar Sugar Mills Limited(Distillery Division)
2022-01-06 12:48:45.0891 INFO Get VAT Master List Success
2022-01-06 12:48:46.1962 INFO Get VAT Master List Success
2022-01-06 12:48:47.4249 INFO Get Product Type Master List Success
2022-01-06 12:48:47.5545 INFO Get User Success :harinagar_dis
2022-01-06 13:27:22.7498 INFO Get User Success :98-Harinagar Sugar Mills Limited(Distillery Division)
2022-01-06 13:27:39.7036 INFO Get User Success :98-Harinagar Sugar Mills Limited(Distillery Division)
2022-01-06 13:27:46.0178 INFO Get Product Type Master List Success
2022-01-06 13:27:46.1766 INFO Get User Success :harinagar_dis
2022-01-06 13:27:55.9271 INFO Get User Success :98-Harinagar Sugar Mills Limited(Distillery Division)
2022-01-06 13:28:11.5025 INFO Get User Success :107-HPCL Biofuels Limited, Distillery Division, EC
2022-01-06 13:28:11.7219 INFO Get User Success :107-HPCL Biofuels Limited, Distillery Division, EC
2022-01-06 13:28:14.5684 INFO Get Product Type Master List Success
2022-01-06 13:28:14.8773 INFO Get User Success :hpcl_ec
2022-01-06 13:28:17.9441 INFO Get User Success :107-HPCL Biofuels Limited, Distillery Division, EC
2022-01-06 13:28:19.8769 INFO Get User Success :107-HPCL Biofuels Limited, Distillery Division, EC
2022-01-06 13:28:22.1818 INFO Get Product Type Master List Success
2022-01-06 13:28:22.7306 INFO Get User Success :hpcl_ec
2022-01-06 13:28:25.4812 INFO Get User Success :107-HPCL Biofuels Limited, Distillery Division, EC
2022-01-06 13:28:32.9467 INFO Get User Success :107-HPCL Biofuels Limited, Distillery Division, EC
2022-01-06 13:28:33.0095 INFO Get Dispach Master List Success
2022-01-06 13:29:22.8681 INFO Get VAT Master List Success
2022-01-06 13:32:22.6514 INFO Get Product Type Master List Success
2022-01-06 13:32:23.3557 INFO Get User Success :hpcl_ec
2022-01-06 13:32:33.5329 INFO Get User Success :167-Police Patna
2022-01-06 13:32:33.6871 INFO Get Product Type Master List Success
2022-01-06 13:32:33.7579 INFO Get User Success :police_Patna
2022-01-06 13:33:22.7109 INFO Get Product Type Master List Success
2022-01-06 13:33:22.8691 INFO Get User Success :police_Patna
2022-01-06 13:37:11.7693 INFO Get User Success :167-Police Patna
2022-01-06 13:37:12.0092 INFO Get Product Type Master List Success
2022-01-06 13:37:12.3865 INFO Get User Success :police_Patna
2022-01-06 13:41:27.3430 INFO Get User Success :167-Police Patna
2022-01-06 13:41:27.5354 INFO Get Product Type Master List Success
2022-01-06 13:41:27.6092 INFO Get User Success :police_Patna
2022-01-06 13:41:51.1650 INFO Get Product Type Master List Success
2022-01-06 13:41:51.4961 INFO Get User Success :police_Patna
2022-01-06 13:42:03.4574 INFO Get Thana List Success
2022-01-06 13:42:03.7656 INFO Get Product Type Master List Success
2022-01-06 13:42:03.8324 INFO Get User Success :police_Patna
2022-01-06 13:42:08.1922 INFO Get Product Type Master List Success
2022-01-06 13:42:08.2650 INFO Get User Success :police_Patna
2022-01-06 13:42:14.2942 INFO Get Product Type Master List Success
2022-01-06 13:42:14.3615 INFO Get User Success :police_Patna
2022-01-06 13:43:21.1836 INFO Get Product Type Master List Success
2022-01-06 13:43:21.2566 INFO Get User Success :police_Patna
2022-01-06 13:43:26.3986 INFO Get Product Type Master List Success
2022-01-06 13:43:26.4663 INFO Get User Success :police_Patna
2022-01-06 13:43:29.7360 INFO Get Product Type Master List Success
2022-01-06 13:43:29.8043 INFO Get User Success :police_Patna
2022-01-06 13:43:34.0487 INFO Get Product Type Master List Success
2022-01-06 13:43:34.1163 INFO Get User Success :police_Patna
2022-01-06 13:43:37.8905 INFO Get Product Type Master List Success
2022-01-06 13:43:37.9600 INFO Get User Success :police_Patna
2022-01-06 13:43:41.8641 INFO Get Product Type Master List Success
2022-01-06 13:43:41.9308 INFO Get User Success :police_Patna
2022-01-06 13:43:45.0422 INFO Get Product Type Master List Success
2022-01-06 13:43:45.1100 INFO Get User Success :police_Patna
2022-01-06 14:32:41.1171 INFO Get User Success :98-Harinagar Sugar Mills Limited(Distillery Division)
2022-01-06 14:32:41.3555 INFO Get User Success :98-Harinagar Sugar Mills Limited(Distillery Division)
2022-01-06 14:33:57.8638 INFO Get Product Type Master List Success
2022-01-06 14:33:58.0095 INFO Get User Success :harinagar_dis
2022-01-06 14:36:55.8381 INFO Get User Success :98-Harinagar Sugar Mills Limited(Distillery Division)
2022-01-06 14:37:21.0405 INFO Get Product Type Master List Success
2022-01-06 14:37:21.1761 INFO Get User Success :harinagar_dis
2022-01-06 14:38:03.6975 INFO Get User Success :98-Harinagar Sugar Mills Limited(Distillery Division)
2022-01-06 14:38:07.0061 INFO Get Form84 List Success
2022-01-06 14:38:07.1132 INFO Get Product Type Master List Success
2022-01-06 14:38:07.2493 INFO Get User Success :harinagar_dis
2022-01-06 14:38:16.7444 INFO Get Form84 List Success
2022-01-06 14:39:05.3139 INFO Get User Success :98-Harinagar Sugar Mills Limited(Distillery Division)
2022-01-06 14:39:05.4081 INFO Get Product Master List Success
2022-01-06 14:41:51.7875 INFO Get RR List Success
2022-01-06 14:41:54.1852 INFO Get Product Type Master List Success
2022-01-06 14:41:54.4495 INFO Get User Success :harinagar_dis
2022-01-06 14:44:04.8214 INFO Get User Success :98-Harinagar Sugar Mills Limited(Distillery Division)
2022-01-06 14:44:04.8952 INFO Get Product Master List Success
2022-01-06 14:44:05.4049 INFO Get State List Success
2022-01-06 14:44:05.4835 INFO Get NOC Sucess:731
2022-01-06 14:44:56.2831 INFO Get NOC Sucess:Req/WC/HDD/ETH-NOC/2021-2022/14
2022-01-06 14:44:56.5243 INFO Get Product Type Master List Success
2022-01-06 14:44:56.7391 INFO Get User Success :harinagar_dis
2022-01-06 14:45:25.1137 INFO Get User Success :98-Harinagar Sugar Mills Limited(Distillery Division)
2022-01-06 14:45:25.1823 INFO Get Product Master List Success
2022-01-06 14:45:26.0278 INFO Get State List Success
2022-01-06 14:45:26.1334 INFO Get NOC Sucess:731
2022-01-06 14:47:48.0920 INFO Get NOC Sucess:Req/WC/HDD/ETH-NOC/2021-2022/14
2022-01-06 14:47:48.2512 INFO Get Product Type Master List Success
2022-01-06 14:47:48.3942 INFO Get User Success :harinagar_dis
2022-01-06 14:50:57.5313 INFO Get User Success :98-Harinagar Sugar Mills Limited(Distillery Division)
2022-01-06 14:51:05.2322 INFO Get Product Type Master List Success
2022-01-06 14:51:05.3732 INFO Get User Success :harinagar_dis
2022-01-06 14:51:38.5470 INFO Get User Success :98-Harinagar Sugar Mills Limited(Distillery Division)
2022-01-06 14:51:42.2029 INFO Get Form84 List Success
2022-01-06 14:51:42.2773 INFO Get Product Type Master List Success
2022-01-06 14:51:42.3544 INFO Get User Success :harinagar_dis
2022-01-06 14:51:55.0114 INFO Get Form84 List Success
2022-01-06 14:52:00.6572 INFO Get User Success :98-Harinagar Sugar Mills Limited(Distillery Division)
2022-01-06 14:52:00.7259 INFO Get VAT Master List Success
2022-01-06 14:52:15.5584 INFO Get VAT Master List Success
2022-01-06 14:52:15.6273 INFO Get VAT Master List Success
2022-01-06 14:52:15.6979 INFO Get VAT Master List Success
2022-01-06 14:52:16.7773 INFO Get User Success :98-Harinagar Sugar Mills Limited(Distillery Division)
2022-01-06 14:52:17.8892 INFO Get VAT Master List Success
2022-01-06 14:52:19.1588 INFO Get VAT Master List Fail :42702: column reference "financial_year" is ambiguous
2022-01-06 14:52:19.2316 INFO Get VAT Master List Success
2022-01-06 14:52:20.1300 INFO Get VAT Master List Success
2022-01-06 14:52:20.9997 INFO Get Product Type Master List Success
2022-01-06 14:52:21.1435 INFO Get User Success :harinagar_dis
2022-01-06 14:58:42.6608 INFO Get User Success :98-Harinagar Sugar Mills Limited(Distillery Division)
2022-01-06 14:58:46.7502 INFO Get Form84 List Success
2022-01-06 14:58:46.8172 INFO Get Product Type Master List Success
2022-01-06 14:58:46.9526 INFO Get User Success :harinagar_dis
2022-01-06 14:59:03.8735 INFO Get User Success :98-Harinagar Sugar Mills Limited(Distillery Division)
2022-01-06 14:59:03.9473 INFO Get VAT Master List Success
2022-01-06 14:59:05.8462 INFO Get VAT Master List Success
2022-01-06 14:59:05.9121 INFO Get VAT Master List Success
2022-01-06 14:59:05.9769 INFO Get VAT Master List Success
2022-01-06 14:59:06.8922 INFO Get User Success :98-Harinagar Sugar Mills Limited(Distillery Division)
2022-01-06 14:59:07.5605 INFO Get VAT Master List Success
2022-01-06 14:59:07.9265 INFO Get VAT Master List Success
2022-01-06 14:59:08.6632 INFO Get Product Type Master List Success
2022-01-06 14:59:08.7979 INFO Get User Success :harinagar_dis
2022-01-06 14:59:22.5104 INFO Get User Success :98-Harinagar Sugar Mills Limited(Distillery Division)
2022-01-06 14:59:22.5732 INFO Get VAT Master List Success
2022-01-06 15:00:15.3186 INFO Get VAT Master List Success
2022-01-06 15:00:15.3885 INFO Get VAT Master List Success
2022-01-06 15:00:15.4527 INFO Get VAT Master List Success
2022-01-06 15:00:16.3568 INFO Get User Success :98-Harinagar Sugar Mills Limited(Distillery Division)
2022-01-06 15:00:17.0654 INFO Get VAT Master List Success
2022-01-06 15:00:17.4556 INFO Get VAT Master List Success
2022-01-06 15:00:17.9119 INFO Get Product Type Master List Success
2022-01-06 15:00:18.0973 INFO Get User Success :harinagar_dis
2022-01-06 15:04:09.0696 INFO Get User Success :98-Harinagar Sugar Mills Limited(Distillery Division)
2022-01-06 15:04:17.1859 INFO Get Form84 List Success
2022-01-06 15:04:17.2851 INFO Get Product Type Master List Success
2022-01-06 15:04:17.6021 INFO Get User Success :harinagar_dis
2022-01-06 15:04:29.0959 INFO Get Form84 List Success
2022-01-06 15:04:36.8681 INFO Get User Success :98-Harinagar Sugar Mills Limited(Distillery Division)
2022-01-06 15:04:36.9429 INFO Get VAT Master List Success
2022-01-06 15:04:39.0266 INFO Get VAT Master List Success
2022-01-06 15:04:39.0939 INFO Get VAT Master List Success
2022-01-06 15:04:39.1597 INFO Get VAT Master List Success
2022-01-06 15:04:40.0136 INFO Get User Success :98-Harinagar Sugar Mills Limited(Distillery Division)
2022-01-06 15:04:40.6888 INFO Get VAT Master List Success
2022-01-06 15:04:41.1366 INFO Get VAT Master List Fail :42702: column reference "financial_year" is ambiguous
2022-01-06 15:04:41.1985 INFO Get VAT Master List Success
2022-01-06 15:04:41.6832 INFO Get VAT Master List Success
2022-01-06 15:04:42.5439 INFO Get Product Type Master List Success
2022-01-06 15:04:43.0046 INFO Get User Success :harinagar_dis
2022-01-06 15:05:23.0951 INFO Get User Success :98-Harinagar Sugar Mills Limited(Distillery Division)
2022-01-06 15:05:23.2827 INFO Get VAT Master List Success
2022-01-06 15:05:36.5973 INFO Get VAT Master List Success
2022-01-06 15:05:36.7080 INFO Get VAT Master List Success
2022-01-06 15:05:36.8198 INFO Get VAT Master List Success
2022-01-06 15:05:38.2462 INFO Get User Success :98-Harinagar Sugar Mills Limited(Distillery Division)
2022-01-06 15:05:39.6387 INFO Get VAT Master List Success
2022-01-06 15:05:40.1062 INFO Get VAT Master List Fail :42702: column reference "financial_year" is ambiguous
2022-01-06 15:05:40.2209 INFO Get VAT Master List Success
2022-01-06 15:05:40.7036 INFO Get VAT Master List Success
2022-01-06 15:05:43.7971 INFO Get Product Type Master List Success
2022-01-06 15:05:44.1152 INFO Get User Success :harinagar_dis
2022-01-06 15:08:07.9011 INFO Get User Success :98-Harinagar Sugar Mills Limited(Distillery Division)
2022-01-06 15:08:11.6719 INFO Get Form84 List Success
2022-01-06 15:08:11.7416 INFO Get Product Type Master List Success
2022-01-06 15:08:11.8783 INFO Get User Success :harinagar_dis
2022-01-06 15:08:22.6316 INFO Get User Success :98-Harinagar Sugar Mills Limited(Distillery Division)
2022-01-06 15:08:22.7024 INFO Get VAT Master List Success
2022-01-06 15:08:32.7097 INFO Get VAT Master List Success
2022-01-06 15:08:32.7806 INFO Get VAT Master List Success
2022-01-06 15:08:32.8544 INFO Get VAT Master List Success
2022-01-06 15:08:33.7982 INFO Get User Success :98-Harinagar Sugar Mills Limited(Distillery Division)
2022-01-06 15:08:34.4793 INFO Get VAT Master List Success
2022-01-06 15:08:34.8359 INFO Get VAT Master List Success
2022-01-06 15:08:35.2765 INFO Get Product Type Master List Success
2022-01-06 15:08:35.6639 INFO Get User Success :harinagar_dis
2022-01-06 15:12:10.4752 INFO Get User Success :98-Harinagar Sugar Mills Limited(Distillery Division)
2022-01-06 15:12:17.1101 INFO Get Form84 List Success
2022-01-06 15:12:17.2094 INFO Get Product Type Master List Success
2022-01-06 15:12:17.3065 INFO Get User Success :harinagar_dis
2022-01-06 15:12:25.2013 INFO Get User Success :98-Harinagar Sugar Mills Limited(Distillery Division)
2022-01-06 15:12:25.2934 INFO Get VAT Master List Success
2022-01-06 15:12:27.3720 INFO Get VAT Master List Success
2022-01-06 15:12:27.4756 INFO Get VAT Master List Success
2022-01-06 15:12:27.8802 INFO Get VAT Master List Success
2022-01-06 15:12:28.8976 INFO Get User Success :98-Harinagar Sugar Mills Limited(Distillery Division)
2022-01-06 15:12:29.7169 INFO Get VAT Master List Success
2022-01-06 15:12:30.2242 INFO Get VAT Master List Success
2022-01-06 15:12:30.7312 INFO Get Product Type Master List Success
2022-01-06 15:12:30.9261 INFO Get User Success :harinagar_dis
2022-01-06 15:13:49.3806 INFO Get User Success :98-Harinagar Sugar Mills Limited(Distillery Division)
2022-01-06 15:13:53.2461 INFO Get Form84 List Success
2022-01-06 15:13:53.3414 INFO Get Product Type Master List Success
2022-01-06 15:13:53.8272 INFO Get User Success :harinagar_dis
2022-01-06 15:17:52.7911 INFO Get User Success :98-Harinagar Sugar Mills Limited(Distillery Division)
2022-01-06 15:17:52.8589 INFO Get VAT Master List Success
2022-01-06 15:17:54.5397 INFO Get VAT Master List Success
2022-01-06 15:17:54.6095 INFO Get VAT Master List Success
2022-01-06 15:17:54.6834 INFO Get VAT Master List Success
2022-01-06 15:17:55.4752 INFO Get User Success :98-Harinagar Sugar Mills Limited(Distillery Division)
2022-01-06 15:17:56.1664 INFO Get VAT Master List Success
2022-01-06 15:17:56.6052 INFO Get VAT Master List Fail :42702: column reference "financial_year" is ambiguous
2022-01-06 15:17:56.6810 INFO Get VAT Master List Success
2022-01-06 15:17:57.1759 INFO Get VAT Master List Success
2022-01-06 15:17:57.8939 INFO Get Product Type Master List Success
2022-01-06 15:17:58.0336 INFO Get User Success :harinagar_dis
2022-01-06 15:18:46.6160 INFO Get User Success :98-Harinagar Sugar Mills Limited(Distillery Division)
2022-01-06 15:18:46.6858 INFO Get VAT Master List Success
2022-01-06 15:27:56.8996 INFO Get VAT Master List Success
2022-01-06 15:27:56.9750 INFO Get VAT Master List Success
2022-01-06 15:27:57.0493 INFO Get VAT Master List Success
2022-01-06 15:27:58.0537 INFO Get User Success :98-Harinagar Sugar Mills Limited(Distillery Division)
2022-01-06 15:27:58.7563 INFO Get VAT Master List Success
2022-01-06 15:27:59.2194 INFO Get VAT Master List Fail :42702: column reference "financial_year" is ambiguous
2022-01-06 15:27:59.2875 INFO Get VAT Master List Success
2022-01-06 15:27:59.8921 INFO Get VAT Master List Success
2022-01-06 15:28:00.8478 INFO Get Product Type Master List Success
2022-01-06 15:28:00.9802 INFO Get User Success :harinagar_dis
2022-01-06 15:30:04.7985 INFO Get User Success :98-Harinagar Sugar Mills Limited(Distillery Division)
2022-01-06 15:30:08.4667 INFO Get Form84 List Success
2022-01-06 15:30:08.5435 INFO Get Product Type Master List Success
2022-01-06 15:30:08.6838 INFO Get User Success :harinagar_dis
2022-01-06 15:30:15.5224 INFO Get User Success :98-Harinagar Sugar Mills Limited(Distillery Division)
2022-01-06 15:30:15.5902 INFO Get VAT Master List Success
2022-01-06 15:30:15.6610 INFO Get Product Type Master List Success
2022-01-06 15:30:15.8046 INFO Get User Success :harinagar_dis
2022-01-06 15:30:18.3051 INFO Get User Success :98-Harinagar Sugar Mills Limited(Distillery Division)
2022-01-06 15:30:20.9681 INFO Get Form84 List Success
2022-01-06 15:30:21.0390 INFO Get Product Type Master List Success
2022-01-06 15:30:21.1268 INFO Get User Success :harinagar_dis
2022-01-06 15:30:43.6860 INFO Get Form84 List Success
2022-01-06 15:30:49.5059 INFO Get User Success :98-Harinagar Sugar Mills Limited(Distillery Division)
2022-01-06 15:30:49.5770 INFO Get VAT Master List Success
2022-01-06 15:30:51.8941 INFO Get VAT Master List Success
2022-01-06 15:30:51.9788 INFO Get VAT Master List Success
2022-01-06 15:30:52.0566 INFO Get VAT Master List Success
2022-01-06 15:30:52.4605 INFO Get User Success :98-Harinagar Sugar Mills Limited(Distillery Division)
2022-01-06 15:30:53.1639 INFO Get VAT Master List Success
2022-01-06 15:30:53.5251 INFO Get VAT Master List Success
2022-01-06 15:30:53.9628 INFO Get Product Type Master List Success
2022-01-06 15:30:54.1078 INFO Get User Success :harinagar_dis
2022-01-06 15:31:11.4372 INFO Get User Success :98-Harinagar Sugar Mills Limited(Distillery Division)
2022-01-06 15:31:15.8636 INFO Get Form84 List Success
2022-01-06 15:31:15.9641 INFO Get Product Type Master List Success
2022-01-06 15:31:16.1159 INFO Get User Success :harinagar_dis
2022-01-06 15:31:23.0243 INFO Get Form84 List Success
2022-01-06 15:31:29.0507 INFO Get User Success :98-Harinagar Sugar Mills Limited(Distillery Division)
2022-01-06 15:31:29.1231 INFO Get VAT Master List Success
2022-01-06 15:31:30.4078 INFO Get VAT Master List Success
2022-01-06 15:31:30.4837 INFO Get VAT Master List Success
2022-01-06 15:31:30.5647 INFO Get VAT Master List Success
2022-01-06 15:31:31.4364 INFO Get User Success :98-Harinagar Sugar Mills Limited(Distillery Division)
2022-01-06 15:31:32.1252 INFO Get VAT Master List Success
2022-01-06 15:31:32.5624 INFO Get VAT Master List Fail :42702: column reference "financial_year" is ambiguous
2022-01-06 15:31:32.6328 INFO Get VAT Master List Success
2022-01-06 15:31:33.0850 INFO Get VAT Master List Success
2022-01-06 15:31:33.8126 INFO Get Product Type Master List Success
2022-01-06 15:31:33.9541 INFO Get User Success :harinagar_dis
2022-01-06 15:31:58.2987 INFO Get User Success :98-Harinagar Sugar Mills Limited(Distillery Division)
2022-01-06 15:32:04.0996 INFO Get Form84 List Success
2022-01-06 15:32:04.5390 INFO Get Product Type Master List Success
2022-01-06 15:32:05.4594 INFO Get User Success :harinagar_dis
2022-01-06 15:32:35.8473 INFO Get Form84 List Success
2022-01-06 15:32:38.5997 INFO Get User Success :98-Harinagar Sugar Mills Limited(Distillery Division)
2022-01-06 15:32:38.6675 INFO Get VAT Master List Success
2022-01-06 15:32:46.8490 INFO Get VAT Master List Success
2022-01-06 15:32:46.9238 INFO Get VAT Master List Success
2022-01-06 15:32:46.9986 INFO Get VAT Master List Success
2022-01-06 15:32:47.3806 INFO Get User Success :98-Harinagar Sugar Mills Limited(Distillery Division)
2022-01-06 15:32:48.1635 INFO Get VAT Master List Success
2022-01-06 15:32:48.5983 INFO Get VAT Master List Success
2022-01-06 15:32:49.0930 INFO Get Product Type Master List Success
2022-01-06 15:32:50.2579 INFO Get User Success :harinagar_dis
2022-01-06 15:49:31.2153 INFO Get User Success :98-Harinagar Sugar Mills Limited(Distillery Division)
2022-01-06 15:49:41.0516 INFO Get Form84 List Success
2022-01-06 15:49:41.1504 INFO Get Product Type Master List Success
2022-01-06 15:49:41.6290 INFO Get User Success :harinagar_dis
2022-01-06 15:49:50.9404 INFO Get Form84 List Success
2022-01-06 15:50:02.7605 INFO Get User Success :98-Harinagar Sugar Mills Limited(Distillery Division)
2022-01-06 15:50:02.8532 INFO Get VAT Master List Success
2022-01-06 15:50:07.7483 INFO Get VAT Master List Success
2022-01-06 15:50:08.1421 INFO Get VAT Master List Success
2022-01-06 15:50:08.2426 INFO Get VAT Master List Success
2022-01-06 15:50:09.2288 INFO Get User Success :98-Harinagar Sugar Mills Limited(Distillery Division)
2022-01-06 15:50:10.2970 INFO Get VAT Master List Success
2022-01-06 15:50:11.3061 INFO Get VAT Master List Fail :42702: column reference "financial_year" is ambiguous
2022-01-06 15:50:11.4212 INFO Get VAT Master List Success
2022-01-06 15:50:11.9006 INFO Get VAT Master List Success
2022-01-06 15:50:12.8027 INFO Get Product Type Master List Success
2022-01-06 15:50:13.4099 INFO Get User Success :harinagar_dis
2022-01-06 15:50:33.5593 INFO Get User Success :98-Harinagar Sugar Mills Limited(Distillery Division)
2022-01-06 15:50:35.0868 INFO Get User Success :98-Harinagar Sugar Mills Limited(Distillery Division)
2022-01-06 15:50:39.1630 INFO Get Product Type Master List Success
2022-01-06 15:50:39.3446 INFO Get User Success :harinagar_dis
2022-01-06 15:50:42.6117 INFO Get User Success :98-Harinagar Sugar Mills Limited(Distillery Division)
2022-01-06 15:51:21.4255 INFO Get Pass List Success
2022-01-06 15:51:21.4954 INFO Get User Success :98-Harinagar Sugar Mills Limited(Distillery Division)
2022-01-06 15:51:24.8735 INFO Get Product Type Master List Success
2022-01-06 15:51:25.0271 INFO Get User Success :harinagar_dis
2022-01-06 15:51:33.6789 INFO Get Report  Success
2022-01-06 15:51:35.1235 INFO Get GetSeverList Success
2022-01-06 15:59:37.8641 INFO Get GetSeverList Success
2022-01-06 15:59:54.5241 INFO Get User Success :101-Commissioner
2022-01-06 15:59:54.6907 INFO Get User Success :101-Commissioner
2022-01-06 15:59:59.2043 INFO Get Product Type Master List Success
2022-01-06 15:59:59.2743 INFO Get User Success :com
2022-01-06 16:00:15.3770 INFO Get User Success :101-Commissioner
2022-01-06 16:00:15.7354 INFO Get Report  Success
2022-01-06 16:00:15.8726 INFO Get Product Type Master List Success
2022-01-06 16:00:15.9414 INFO Get User Success :com
2022-01-06 16:03:50.1290 INFO Get Product Type Master List Success
2022-01-06 16:03:50.1978 INFO Get User Success :com
2022-01-06 16:03:54.3625 INFO Get User Success :101-Commissioner
2022-01-06 16:03:54.4223 INFO Get Report  Success
2022-01-06 16:03:56.0609 INFO Get Product Type Master List Success
2022-01-06 16:03:56.1277 INFO Get User Success :com
2022-01-06 16:06:50.7289 INFO Get Report  Success
2022-01-06 16:07:08.6080 INFO Get GetSeverList Success
2022-01-06 17:13:42.4931 INFO Get User Success :2653-Secretary Court Case Registration
2022-01-06 17:13:42.7357 INFO Get Product Type Master List Success
2022-01-06 17:13:42.8293 INFO Get User Success :sec_court_reg
2022-01-06 17:14:51.3512 INFO Get User Success :2653-Secretary Court Case Registration
2022-01-06 17:14:51.5058 INFO Get Product Type Master List Success
2022-01-06 17:14:51.5806 INFO Get User Success :sec_court_reg
2022-01-06 17:16:35.6534 INFO Get User Success :2653-Secretary Court Case Registration
2022-01-06 17:16:35.8118 INFO Get Product Type Master List Success
2022-01-06 17:16:35.8888 INFO Get User Success :sec_court_reg
2022-01-06 17:18:25.2123 INFO Get Product Type Master List Success
2022-01-06 17:18:25.2804 INFO Get User Success :sec_court_reg
2022-01-06 17:18:40.5402 INFO Get Product Type Master List Success
2022-01-06 17:18:40.6070 INFO Get User Success :sec_court_reg
2022-01-06 17:19:03.6913 INFO Get Thana List Success
2022-01-06 17:19:05.5705 INFO Get Thana List Success
2022-01-06 17:19:15.1959 INFO Get Product Type Master List Success
2022-01-06 17:19:15.2642 INFO Get User Success :sec_court_reg
2022-01-06 17:22:49.1774 INFO Get User Success :101-Commissioner
2022-01-06 17:22:49.4224 INFO Get User Success :101-Commissioner
2022-01-06 17:22:54.2153 INFO Get Product Type Master List Success
2022-01-06 17:22:54.3071 INFO Get User Success :com
2022-01-06 17:22:59.0762 INFO Get User Success :101-Commissioner
2022-01-06 17:23:02.0007 INFO Get Product Type Master List Success
2022-01-06 17:23:02.0689 INFO Get User Success :com
2022-01-06 18:03:03.3470 INFO Get User Success :2653-Secretary Court Case Registration
2022-01-06 18:03:03.5488 INFO Get Product Type Master List Success
2022-01-06 18:03:03.6274 INFO Get User Success :sec_court_reg
2022-01-06 18:05:16.1475 INFO Get User Success :2653-Secretary Court Case Registration
2022-01-06 18:05:20.8220 INFO Get User Success :101-Commissioner
2022-01-06 18:05:21.0225 INFO Get User Success :101-Commissioner
2022-01-06 18:05:24.2337 INFO Get Product Type Master List Success
2022-01-06 18:05:24.3034 INFO Get User Success :com
2022-01-06 18:07:07.3140 INFO Get User Success :101-Commissioner
2022-01-06 18:13:37.0547 INFO Get User Success :101-Commissioner
2022-01-06 18:13:40.2973 INFO Get Product Type Master List Success
2022-01-06 18:13:40.3651 INFO Get User Success :com
2022-01-06 18:13:51.5804 INFO Get User Success :101-Commissioner
2022-01-06 18:13:59.3091 INFO Get User Success :101-Commissioner
2022-01-06 18:18:27.1472 INFO Get Product Type Master List Success
2022-01-06 18:18:27.2141 INFO Get User Success :com
2022-01-06 18:25:10.6771 INFO Get User Success :101-Commissioner
2022-01-06 18:25:11.1695 INFO Get User Success :101-Commissioner
2022-01-06 18:25:17.3885 INFO Get Product Type Master List Success
2022-01-06 18:25:17.4745 INFO Get User Success :com
2022-01-06 18:25:20.4537 INFO Get User Success :101-Commissioner
2022-01-06 18:25:22.2252 INFO Get Product Type Master List Success
2022-01-06 18:25:22.5559 INFO Get User Success :com
2022-01-06 18:25:26.8760 INFO Get User Success :101-Commissioner
2022-01-06 18:25:27.1356 INFO Get Product Type Master List Success
2022-01-06 18:25:27.2664 INFO Get User Success :com
2022-01-06 18:25:34.5742 INFO Get User Success :101-Commissioner
2022-01-06 18:25:41.4491 INFO Get User Success :101-Commissioner
2022-01-06 18:25:41.7276 INFO Get Product Type Master List Success
2022-01-06 18:25:41.7985 INFO Get User Success :com
2022-01-06 18:25:59.0342 INFO Get User Success :101-Commissioner
2022-01-06 18:25:59.2366 INFO Get Product Type Master List Success
2022-01-06 18:25:59.3089 INFO Get User Success :com
2022-01-06 18:26:15.3387 INFO Get User Success :101-Commissioner
2022-01-06 18:26:15.6199 INFO Get Product Type Master List Success
2022-01-06 18:26:15.6898 INFO Get User Success :com
2022-01-06 18:26:20.8336 INFO Get Product Type Master List Success
2022-01-06 18:26:20.9104 INFO Get User Success :com
2022-01-06 18:26:32.1637 INFO Get Product Type Master List Success
2022-01-06 18:26:32.2365 INFO Get User Success :com
2022-01-06 18:28:06.5991 INFO Get Product Type Master List Success
2022-01-06 18:28:06.6836 INFO Get User Success :com
2022-01-06 18:28:31.4298 INFO Get Product Type Master List Success
2022-01-06 18:28:31.5056 INFO Get User Success :com
2022-01-06 18:28:44.7785 INFO Get Product Type Master List Success
2022-01-06 18:28:44.8526 INFO Get User Success :com
2022-01-06 18:28:49.4816 INFO Get Product Type Master List Success
2022-01-06 18:28:49.5500 INFO Get User Success :com
2022-01-06 18:29:42.5325 INFO Get User Success :101-Commissioner
2022-01-06 18:29:42.7490 INFO Get Product Type Master List Success
2022-01-06 18:29:42.8188 INFO Get User Success :com
2022-01-06 18:30:00.5839 INFO Get User Success :101-Commissioner
2022-01-06 18:30:05.7989 INFO Get Product Type Master List Success
2022-01-06 18:30:05.8667 INFO Get User Success :com
2022-01-06 18:30:22.6860 INFO Get User Success :101-Commissioner
2022-01-06 18:30:46.0200 INFO Get Product Type Master List Success
2022-01-06 18:30:46.0901 INFO Get User Success :com
2022-01-06 18:30:58.7628 INFO Get User Success :101-Commissioner
2022-01-06 18:31:06.6866 INFO Get User Success :101-Commissioner
2022-01-06 18:31:08.5368 INFO Get Product Type Master List Success
2022-01-06 18:31:08.6110 INFO Get User Success :com
2022-01-06 18:32:11.9346 INFO Get Product Type Master List Success
2022-01-06 18:32:12.0064 INFO Get User Success :com
2022-01-06 18:32:14.5895 INFO Get User Success :101-Commissioner
2022-01-06 18:32:14.7970 INFO Get Product Type Master List Success
2022-01-06 18:32:14.8648 INFO Get User Success :com
2022-01-06 18:32:22.7647 INFO Get User Success :101-Commissioner
2022-01-06 18:32:26.3498 INFO Get User Success :101-Commissioner
2022-01-06 18:32:26.6218 INFO Get Product Type Master List Success
2022-01-06 18:32:26.6896 INFO Get User Success :com
2022-01-06 18:32:28.2806 INFO Get User Success :101-Commissioner
2022-01-06 18:32:28.4910 INFO Get Product Type Master List Success
2022-01-06 18:32:28.6197 INFO Get User Success :com
2022-01-06 18:33:46.4846 INFO Get User Success :101-Commissioner
2022-01-06 18:33:46.7119 INFO Get Product Type Master List Success
2022-01-06 18:33:46.8359 INFO Get User Success :com
2022-01-06 18:33:53.4154 INFO Get User Success :101-Commissioner
2022-01-06 18:33:53.7087 INFO Get Product Type Master List Success
2022-01-06 18:33:53.7817 INFO Get User Success :com
2022-01-06 18:34:43.9336 INFO Get User Success :2653-Secretary Court Case Registration
2022-01-06 18:34:44.0865 INFO Get Product Type Master List Success
2022-01-06 18:34:44.1552 INFO Get User Success :sec_court_reg
2022-01-06 18:34:54.1391 INFO Get User Success :2653-Secretary Court Case Registration
2022-01-06 18:34:59.8953 INFO Get User Success :207-excise_Rohtas
2022-01-06 18:35:00.0495 INFO Get Product Type Master List Success
2022-01-06 18:35:00.1728 INFO Get User Success :excise_Rohtas
2022-01-06 18:35:07.0572 INFO Get Product Type Master List Success
2022-01-06 18:35:07.1908 INFO Get User Success :excise_Rohtas
2022-01-06 18:35:10.1473 INFO Get Thana List Success
2022-01-06 18:35:10.4963 INFO Get Product Type Master List Success
2022-01-06 18:35:10.6270 INFO Get User Success :excise_Rohtas
2022-01-06 18:35:13.9795 INFO Get Product Type Master List Success
2022-01-06 18:35:14.1027 INFO Get User Success :excise_Rohtas
2022-01-06 18:35:16.4124 INFO Get Product Type Master List Success
2022-01-06 18:35:16.5430 INFO Get User Success :excise_Rohtas
2022-01-06 18:35:38.1774 INFO Get User Success :2653-Secretary Court Case Registration
2022-01-06 18:35:38.3340 INFO Get Product Type Master List Success
2022-01-06 18:35:38.4128 INFO Get User Success :sec_court_reg
2022-01-06 18:36:11.1349 INFO Get User Success :2653-Secretary Court Case Registration
2022-01-06 18:36:11.2835 INFO Get Product Type Master List Success
2022-01-06 18:36:11.3543 INFO Get User Success :sec_court_reg
2022-01-06 18:37:12.5893 INFO Get User Success :2653-Secretary Court Case Registration
2022-01-06 18:37:20.8353 INFO Get User Success :167-Police Patna
2022-01-06 18:37:21.2534 INFO Get Product Type Master List Success
2022-01-06 18:37:21.3264 INFO Get User Success :police_Patna
2022-01-06 18:37:37.9102 INFO Get Product Type Master List Success
2022-01-06 18:37:37.9793 INFO Get User Success :police_Patna
2022-01-06 18:37:41.3177 INFO Get Thana List Success
2022-01-06 18:37:41.8906 INFO Get Product Type Master List Success
2022-01-06 18:37:41.9630 INFO Get User Success :police_Patna
2022-01-06 18:37:44.1104 INFO Get Product Type Master List Success
2022-01-06 18:37:44.1854 INFO Get User Success :police_Patna
2022-01-06 18:37:46.1169 INFO Get Product Type Master List Success
2022-01-06 18:37:46.1916 INFO Get User Success :police_Patna
2022-01-06 18:51:40.6445 INFO Get User Success :167-Police Patna
2022-01-06 18:51:41.1182 INFO Get Product Type Master List Success
2022-01-06 18:51:41.2120 INFO Get User Success :police_Patna
2022-01-06 18:52:25.3430 INFO Get Product Type Master List Success
2022-01-06 18:52:25.7369 INFO Get User Success :police_Patna
2022-01-06 18:52:33.2458 INFO Get Thana List Success
2022-01-06 18:52:33.5889 INFO Get Product Type Master List Success
2022-01-06 18:52:33.6587 INFO Get User Success :police_Patna
2022-01-06 18:52:56.7420 INFO Get Product Type Master List Success
2022-01-06 18:52:56.8078 INFO Get User Success :police_Patna
2022-01-06 18:52:59.9225 INFO Get Product Type Master List Success
2022-01-06 18:53:00.0073 INFO Get User Success :police_Patna
2022-01-06 18:57:25.5376 INFO Get Product Type Master List Success
2022-01-06 18:57:25.6294 INFO Get User Success :police_Patna
2022-01-06 18:57:58.6007 INFO Get Product Type Master List Success
2022-01-06 18:57:58.6895 INFO Get User Success :police_Patna
2022-01-06 18:58:32.9608 INFO Get Product Type Master List Success
2022-01-06 18:58:33.0526 INFO Get User Success :police_Patna
2022-01-06 18:58:59.3273 INFO Get Product Type Master List Success
2022-01-06 18:58:59.4101 INFO Get User Success :police_Patna
2022-01-06 18:59:02.8878 INFO Get Product Type Master List Success
2022-01-06 18:59:02.9506 INFO Get User Success :police_Patna
2022-01-06 18:59:05.6165 INFO Get Product Type Master List Success
2022-01-06 18:59:05.6773 INFO Get User Success :police_Patna
2022-01-06 18:59:08.7601 INFO Get Product Type Master List Success
2022-01-06 18:59:08.8339 INFO Get User Success :police_Patna
2022-01-06 18:59:11.0540 INFO Get Product Type Master List Success
2022-01-06 18:59:11.1268 INFO Get User Success :police_Patna
2022-01-06 18:59:13.7079 INFO Get Thana List Success
2022-01-06 18:59:13.9951 INFO Get Product Type Master List Success
2022-01-06 18:59:14.0559 INFO Get User Success :police_Patna
2022-01-06 18:59:38.7858 INFO Get Thana List Success
2022-01-06 19:02:12.5391 INFO Get Product Type Master List Success
2022-01-06 19:02:12.9271 INFO Get User Success :police_Patna
2022-01-06 19:02:32.2656 INFO Get Product Type Master List Success
2022-01-06 19:02:32.3285 INFO Get User Success :police_Patna
2022-01-06 19:02:35.5918 INFO Get Thana List Success
2022-01-06 19:03:09.5970 INFO Get Product Type Master List Success
2022-01-06 19:03:09.6838 INFO Get User Success :police_Patna
2022-01-06 19:03:29.8678 INFO Get Product Type Master List Success
2022-01-06 19:03:29.9296 INFO Get User Success :police_Patna
2022-01-06 19:03:32.5656 INFO Get Thana List Success
2022-01-06 19:03:36.5479 INFO Get Product Type Master List Success
2022-01-06 19:03:36.6108 INFO Get User Success :police_Patna
2022-01-06 19:03:54.9737 INFO Get Product Type Master List Success
2022-01-06 19:03:55.0385 INFO Get User Success :police_Patna
2022-01-06 19:03:59.5943 INFO Get Thana List Success
2022-01-06 19:03:59.8726 INFO Get Product Type Master List Success
2022-01-06 19:03:59.9334 INFO Get User Success :police_Patna
2022-01-06 19:04:23.4575 INFO Get Product Type Master List Success
2022-01-06 19:04:23.5203 INFO Get User Success :police_Patna
2022-01-06 19:04:27.2025 INFO Get Thana List Success
2022-01-06 19:04:27.4758 INFO Get Product Type Master List Success
2022-01-06 19:04:27.5525 INFO Get User Success :police_Patna
2022-01-06 19:05:03.9891 INFO Get Product Type Master List Success
2022-01-06 19:05:04.0599 INFO Get User Success :police_Patna
2022-01-06 19:05:07.2304 INFO Get Thana List Success
2022-01-06 19:05:07.5057 INFO Get Product Type Master List Success
2022-01-06 19:05:07.5665 INFO Get User Success :police_Patna
