2022-01-04 12:23:51.3076 INFO Get User Success :98-Harinagar Sugar Mills Limited(Distillery Division)
2022-01-04 12:23:51.5659 INFO Get User Success :98-Harinagar Sugar Mills Limited(Distillery Division)
2022-01-04 12:23:52.1643 INFO Get Product Type Master List Success
2022-01-04 12:23:52.2949 INFO Get User Success :harinagar_dis
2022-01-04 12:23:54.4537 INFO Get User Success :98-Harinagar Sugar Mills Limited(Distillery Division)
2022-01-04 12:24:05.7879 INFO Get Product Type Master List Success
2022-01-04 12:24:05.9315 INFO Get User Success :harinagar_dis
2022-01-04 12:24:20.9321 INFO Get User Success :98-Harinagar Sugar Mills Limited(Distillery Division)
2022-01-04 12:24:22.3574 INFO Get Form84 List Success
2022-01-04 12:24:22.4427 INFO Get Product Type Master List Success
2022-01-04 12:24:22.5216 INFO Get User Success :harinagar_dis
2022-01-04 12:25:12.8958 INFO Get Form84 List Success
2022-01-04 12:25:15.8097 INFO Get User Success :98-Harinagar Sugar Mills Limited(Distillery Division)
2022-01-04 12:25:15.8796 INFO Get VAT Master List Success
2022-01-04 12:25:15.9533 INFO Get VAT Master List Success
2022-01-04 12:25:16.0251 INFO Get VAT Master List Success
2022-01-04 12:25:16.0956 INFO Get VAT Master List Success
2022-01-04 12:30:54.8011 INFO Get VAT Master List Success
2022-01-04 12:43:54.0723 INFO Get User Success :98-Harinagar Sugar Mills Limited(Distillery Division)
2022-01-04 12:43:54.3231 INFO Get User Success :98-Harinagar Sugar Mills Limited(Distillery Division)
2022-01-04 12:43:54.8949 INFO Get Product Type Master List Success
2022-01-04 12:43:55.0216 INFO Get User Success :harinagar_dis
2022-01-04 12:44:36.2346 INFO Get User Success :98-Harinagar Sugar Mills Limited(Distillery Division)
2022-01-04 12:44:41.2804 INFO Get Product Type Master List Success
2022-01-04 12:44:41.4030 INFO Get User Success :harinagar_dis
2022-01-04 12:44:43.9060 INFO Get User Success :98-Harinagar Sugar Mills Limited(Distillery Division)
2022-01-04 12:44:46.4188 INFO Get Form84 List Success
2022-01-04 12:44:46.4976 INFO Get Product Type Master List Success
2022-01-04 12:44:46.5664 INFO Get User Success :harinagar_dis
2022-01-04 12:44:53.2330 INFO Get Form84 List Success
2022-01-04 12:44:56.2637 INFO Get User Success :98-Harinagar Sugar Mills Limited(Distillery Division)
2022-01-04 12:44:56.3384 INFO Get VAT Master List Success
2022-01-04 12:44:56.4042 INFO Get VAT Master List Success
2022-01-04 12:44:56.4701 INFO Get VAT Master List Success
2022-01-04 12:44:56.5336 INFO Get VAT Master List Success
2022-01-04 12:45:04.8568 INFO Get User Success :98-Harinagar Sugar Mills Limited(Distillery Division)
2022-01-04 12:45:04.9994 INFO Get VAT Master List Success
2022-01-04 12:45:24.7946 INFO Get VAT Master List Success
2022-01-04 12:45:24.8694 INFO Get VAT Master List Success
2022-01-04 12:45:24.9402 INFO Get VAT Master List Success
2022-01-04 12:45:25.0106 INFO Get VAT Master List Success
2022-01-04 12:49:50.8747 INFO Get Product Type Master List Success
2022-01-04 12:49:51.0108 INFO Get User Success :harinagar_dis
2022-01-04 12:49:54.1565 INFO Get User Success :98-Harinagar Sugar Mills Limited(Distillery Division)
2022-01-04 12:49:54.2266 INFO Get VAT Master List Success
2022-01-04 12:49:54.2972 INFO Get VAT Master List Success
2022-01-04 12:49:54.3697 INFO Get VAT Master List Success
2022-01-04 12:49:54.4402 INFO Get VAT Master List Success
2022-01-04 12:49:56.1147 INFO Get User Success :98-Harinagar Sugar Mills Limited(Distillery Division)
2022-01-04 12:49:56.2533 INFO Get VAT Master List Success
2022-01-04 12:49:57.3837 INFO Get VAT Master List Success
2022-01-04 12:49:57.4533 INFO Get VAT Master List Success
2022-01-04 12:49:57.5265 INFO Get VAT Master List Success
2022-01-04 12:49:57.5962 INFO Get VAT Master List Success
2022-01-04 12:50:00.2339 INFO Get Product Type Master List Success
2022-01-04 12:50:00.3689 INFO Get User Success :harinagar_dis
2022-01-04 12:50:36.4369 INFO Get User Success :98-Harinagar Sugar Mills Limited(Distillery Division)
2022-01-04 12:50:39.3244 INFO Get Form84 List Success
2022-01-04 12:50:39.3966 INFO Get Product Type Master List Success
2022-01-04 12:50:39.4836 INFO Get User Success :harinagar_dis
2022-01-04 12:50:43.2357 INFO Get User Success :98-Harinagar Sugar Mills Limited(Distillery Division)
2022-01-04 12:50:43.3054 INFO Get VAT Master List Success
2022-01-04 12:50:43.3757 INFO Get VAT Master List Success
2022-01-04 12:50:43.4548 INFO Get VAT Master List Success
2022-01-04 12:50:43.5225 INFO Get VAT Master List Success
2022-01-04 12:50:45.1705 INFO Get User Success :98-Harinagar Sugar Mills Limited(Distillery Division)
2022-01-04 12:50:45.3082 INFO Get VAT Master List Success
2022-01-04 12:50:45.3806 INFO Get VAT Master List Success
2022-01-04 12:50:46.4061 INFO Get Product Type Master List Success
2022-01-04 12:50:46.8802 INFO Get User Success :harinagar_dis
2022-01-04 12:50:58.6032 INFO Get User Success :98-Harinagar Sugar Mills Limited(Distillery Division)
2022-01-04 12:50:58.6720 INFO Get VAT Master List Success
2022-01-04 12:50:58.7448 INFO Get VAT Master List Success
2022-01-04 12:50:58.8153 INFO Get VAT Master List Success
2022-01-04 12:50:58.8852 INFO Get VAT Master List Success
2022-01-04 12:51:17.0543 INFO Get User Success :98-Harinagar Sugar Mills Limited(Distillery Division)
2022-01-04 12:51:17.1892 INFO Get VAT Master List Success
2022-01-04 12:51:17.2647 INFO Get VAT Master List Success
2022-01-04 12:51:19.5579 INFO Get Product Type Master List Success
2022-01-04 12:51:19.6916 INFO Get User Success :harinagar_dis
2022-01-04 12:51:27.4267 INFO Get User Success :98-Harinagar Sugar Mills Limited(Distillery Division)
2022-01-04 12:51:27.4935 INFO Get VAT Master List Success
2022-01-04 12:51:27.5626 INFO Get VAT Master List Success
2022-01-04 12:51:27.6715 INFO Get VAT Master List Success
2022-01-04 12:51:27.7483 INFO Get VAT Master List Success
2022-01-04 12:51:34.7865 INFO Get User Success :98-Harinagar Sugar Mills Limited(Distillery Division)
2022-01-04 12:51:34.9232 INFO Get VAT Master List Success
2022-01-04 12:51:34.9935 INFO Get VAT Master List Success
2022-01-04 12:51:37.9045 INFO Get Product Type Master List Success
2022-01-04 12:51:38.0496 INFO Get User Success :harinagar_dis
2022-01-04 12:51:42.2909 INFO Get User Success :98-Harinagar Sugar Mills Limited(Distillery Division)
2022-01-04 12:51:42.3617 INFO Get VAT Master List Success
2022-01-04 12:51:42.4305 INFO Get VAT Master List Success
2022-01-04 12:51:42.5014 INFO Get VAT Master List Success
2022-01-04 12:51:42.5724 INFO Get VAT Master List Success
2022-01-04 12:53:27.6047 INFO Get User Success :98-Harinagar Sugar Mills Limited(Distillery Division)
2022-01-04 12:53:50.5628 INFO Get VAT Master List Success
2022-01-04 12:54:46.6652 INFO Get VAT Master List Success
2022-01-04 12:54:48.2638 INFO Get Product Type Master List Success
2022-01-04 12:54:48.4104 INFO Get User Success :harinagar_dis
2022-01-04 12:55:00.3543 INFO Get User Success :98-Harinagar Sugar Mills Limited(Distillery Division)
2022-01-04 12:55:02.8889 INFO Get Form84 List Success
2022-01-04 12:55:02.9597 INFO Get Product Type Master List Success
2022-01-04 12:55:03.1012 INFO Get User Success :harinagar_dis
2022-01-04 12:56:15.9812 INFO Get User Success :98-Harinagar Sugar Mills Limited(Distillery Division)
2022-01-04 12:56:16.0489 INFO Get VAT Master List Success
2022-01-04 12:56:16.1213 INFO Get VAT Master List Success
2022-01-04 12:56:16.5248 INFO Get VAT Master List Success
2022-01-04 12:56:16.5944 INFO Get VAT Master List Success
2022-01-04 12:56:18.1738 INFO Get User Success :98-Harinagar Sugar Mills Limited(Distillery Division)
2022-01-04 12:56:19.2169 INFO Get VAT Master List Success
2022-01-04 12:56:20.2821 INFO Get VAT Master List Success
2022-01-04 12:56:20.3499 INFO Get VAT Master List Success
2022-01-04 12:56:21.4298 INFO Get VAT Master List Success
2022-01-04 12:56:21.5005 INFO Get VAT Master List Success
2022-01-04 12:56:23.3116 INFO Get Product Type Master List Success
2022-01-04 12:56:23.7837 INFO Get User Success :harinagar_dis
2022-01-04 12:56:29.3761 INFO Get User Success :98-Harinagar Sugar Mills Limited(Distillery Division)
2022-01-04 12:56:32.9041 INFO Get Form84 List Success
2022-01-04 12:56:32.9731 INFO Get Product Type Master List Success
2022-01-04 12:56:33.1044 INFO Get User Success :harinagar_dis
2022-01-04 12:56:41.5644 INFO Get User Success :98-Harinagar Sugar Mills Limited(Distillery Division)
2022-01-04 12:56:41.6334 INFO Get VAT Master List Success
2022-01-04 12:56:41.7092 INFO Get VAT Master List Success
2022-01-04 12:56:41.7800 INFO Get VAT Master List Success
2022-01-04 12:56:41.8473 INFO Get VAT Master List Success
2022-01-04 12:56:43.4639 INFO Get User Success :98-Harinagar Sugar Mills Limited(Distillery Division)
2022-01-04 12:56:43.9086 INFO Get VAT Master List Success
2022-01-04 12:56:43.9808 INFO Get VAT Master List Success
2022-01-04 12:56:44.4122 INFO Get Product Type Master List Success
2022-01-04 12:56:44.5480 INFO Get User Success :harinagar_dis
2022-01-04 15:14:31.5200 INFO Get User Success :98-Harinagar Sugar Mills Limited(Distillery Division)
2022-01-04 15:14:47.7760 INFO Get User Success :98-Harinagar Sugar Mills Limited(Distillery Division)
2022-01-04 15:14:48.3812 INFO Get Product Type Master List Success
2022-01-04 15:14:48.5239 INFO Get User Success :harinagar_dis
2022-01-04 15:15:13.3782 INFO Get User Success :98-Harinagar Sugar Mills Limited(Distillery Division)
2022-01-04 15:15:15.3358 INFO Get User Success :98-Harinagar Sugar Mills Limited(Distillery Division)
2022-01-04 15:15:19.4242 INFO Get Product Type Master List Success
2022-01-04 15:15:19.5675 INFO Get User Success :harinagar_dis
2022-01-04 15:15:21.5069 INFO Get User Success :98-Harinagar Sugar Mills Limited(Distillery Division)
2022-01-04 15:15:47.8252 INFO Get Pass List Success
2022-01-04 15:15:47.8982 INFO Get User Success :98-Harinagar Sugar Mills Limited(Distillery Division)
2022-01-04 15:16:16.4276 INFO Get Product Type Master List Success
2022-01-04 15:16:16.5911 INFO Get User Success :harinagar_dis
2022-01-04 15:16:23.5360 INFO Get User Success :98-Harinagar Sugar Mills Limited(Distillery Division)
2022-01-04 15:16:23.6068 INFO Get Dispach Master List Success
2022-01-04 15:19:37.6572 INFO Get VAT Master List Success
2022-01-04 15:28:49.2263 INFO Get Pass List Success
2022-01-04 15:28:53.8333 INFO Get Product Type Master List Success
2022-01-04 15:28:53.9679 INFO Get User Success :harinagar_dis
2022-01-04 16:24:57.8750 INFO Get User Success :111-New Swadeshi Sugar Mills
2022-01-04 16:25:09.1558 INFO Get User Success :111-New Swadeshi Sugar Mills
2022-01-04 16:25:09.6148 INFO Get Product Type Master List Success
2022-01-04 16:25:09.7335 INFO Get User Success :newswadeshi_sgr
2022-01-04 16:26:27.8034 INFO Get User Success :111-New Swadeshi Sugar Mills
2022-01-04 16:26:34.3044 INFO Get User Success :111-New Swadeshi Sugar Mills
2022-01-04 16:26:37.0707 INFO Get Product Type Master List Success
2022-01-04 16:26:37.1895 INFO Get User Success :newswadeshi_sgr
2022-01-04 16:26:40.3543 INFO Get User Success :111-New Swadeshi Sugar Mills
2022-01-04 16:26:40.4727 INFO Get Dispach Master List Success
2022-01-04 16:26:48.8973 INFO Get VAT Master List Success
2022-01-04 16:26:48.9562 INFO Get VAT Master List Success
2022-01-04 16:26:50.1825 INFO Get Product Type Master List Success
2022-01-04 16:26:50.6155 INFO Get User Success :newswadeshi_sgr
2022-01-04 18:04:33.0618 INFO Get User Success :379-ADM Court Patna
2022-01-04 18:04:36.3900 INFO Get User Success :379-ADM Court Patna
2022-01-04 18:04:36.9125 INFO Get Product Type Master List Success
2022-01-04 18:04:37.0139 INFO Get User Success :adm_Patna
2022-01-04 18:05:05.6689 INFO Get Product Type Master List Success
2022-01-04 18:05:05.7456 INFO Get User Success :adm_Patna
2022-01-04 18:05:18.3699 INFO Get Thana List Success
2022-01-04 18:05:32.4232 INFO Get Product Type Master List Success
2022-01-04 18:05:32.5052 INFO Get User Success :adm_Patna
2022-01-04 18:08:13.1768 INFO Get Product Type Master List Success
2022-01-04 18:08:13.2656 INFO Get User Success :adm_Patna
2022-01-04 18:08:18.9414 INFO Get Thana List Success
2022-01-04 18:08:31.0814 INFO Get Product Type Master List Success
2022-01-04 18:08:31.2058 INFO Get User Success :adm_Patna
2022-01-04 18:08:43.1172 INFO Get User Success :101-Commissioner
2022-01-04 18:08:43.2993 INFO Get User Success :101-Commissioner
2022-01-04 18:08:49.7801 INFO Get Product Type Master List Success
2022-01-04 18:08:49.8611 INFO Get User Success :com
2022-01-04 18:09:08.8350 INFO Get Product Type Master List Success
2022-01-04 18:09:08.9295 INFO Get User Success :com
2022-01-04 18:09:12.0494 INFO Get Thana List Success
2022-01-04 18:09:12.9628 INFO Get Thana List Success
2022-01-04 18:09:26.1787 INFO Get Product Type Master List Success
2022-01-04 18:09:26.2587 INFO Get User Success :com
2022-01-04 18:11:33.5061 INFO Get Product Type Master List Success :Exception while writing to stream
2022-01-04 18:11:46.6989 INFO Get Product Type Master List Success
2022-01-04 18:11:46.7661 INFO Get User Success :com
2022-01-04 18:11:49.5846 INFO Get Thana List Success
2022-01-04 18:11:50.5198 INFO Get Thana List Success
2022-01-04 18:11:58.6017 INFO Get Product Type Master List Success
2022-01-04 18:11:58.6611 INFO Get User Success :com
2022-01-04 18:13:12.7089 INFO Get Product Type Master List Success
2022-01-04 18:13:12.7717 INFO Get User Success :com
2022-01-04 18:13:24.9562 INFO Get Thana List Success
2022-01-04 18:13:25.7617 INFO Get Thana List Success
2022-01-04 18:13:35.5304 INFO Get Product Type Master List Success
2022-01-04 18:13:35.5863 INFO Get User Success :com
2022-01-04 18:13:36.3278 INFO Get Thana List Success
2022-01-04 18:13:37.0379 INFO Get Thana List Success
2022-01-04 18:13:44.9025 INFO Get Product Type Master List Success
2022-01-04 18:13:44.9643 INFO Get User Success :com
2022-01-04 18:14:25.7676 INFO Get Product Type Master List Success
2022-01-04 18:14:25.8287 INFO Get User Success :com
2022-01-04 18:14:32.6354 INFO Get Thana List Success
2022-01-04 18:14:33.4721 INFO Get Thana List Success
2022-01-04 18:14:42.2566 INFO Get Product Type Master List Success
2022-01-04 18:14:42.3191 INFO Get User Success :com
2022-01-04 18:15:07.4826 INFO Get Thana List Success
2022-01-04 18:15:08.3213 INFO Get Thana List Success
2022-01-04 18:15:39.3926 INFO Get Product Type Master List Success
2022-01-04 18:15:39.4974 INFO Get User Success :com
2022-01-04 18:15:48.0837 INFO Get Thana List Success
2022-01-04 18:15:49.2985 INFO Get Thana List Success
2022-01-04 18:16:12.4643 INFO Get Product Type Master List Success
2022-01-04 18:16:12.5491 INFO Get User Success :com
2022-01-04 18:17:30.3720 INFO Get Product Type Master List Success
2022-01-04 18:17:30.4323 INFO Get User Success :com
2022-01-04 18:17:37.9105 INFO Get Thana List Success
2022-01-04 18:17:38.5361 INFO Get Thana List Success
2022-01-04 18:17:47.0018 INFO Get Product Type Master List Success
2022-01-04 18:17:47.0692 INFO Get User Success :com
2022-01-04 18:20:12.2697 INFO Get Product Type Master List Success
2022-01-04 18:20:12.3814 INFO Get User Success :com
2022-01-04 18:20:27.2515 INFO Get Thana List Success
2022-01-04 18:20:27.9517 INFO Get Thana List Success
2022-01-04 18:20:35.4394 INFO Get Product Type Master List Success
2022-01-04 18:20:35.5001 INFO Get User Success :com
2022-01-04 18:21:09.3649 INFO Get Thana List Success
2022-01-04 18:21:46.4365 INFO Get Thana List Success
2022-01-04 18:21:54.9366 INFO Get Product Type Master List Success
2022-01-04 18:21:54.9964 INFO Get User Success :com
2022-01-04 18:22:06.4810 INFO Get Thana List Success
2022-01-04 18:22:07.1367 INFO Get Thana List Success
2022-01-04 18:22:22.9329 INFO Get Product Type Master List Success
2022-01-04 18:22:23.2950 INFO Get User Success :com
2022-01-04 18:22:32.7440 INFO Get Product Type Master List Success
2022-01-04 18:22:32.8516 INFO Get User Success :com
2022-01-04 18:22:42.9036 INFO Get User Success :379-ADM Court Patna
2022-01-04 18:22:43.0740 INFO Get User Success :379-ADM Court Patna
2022-01-04 18:22:43.2934 INFO Get Product Type Master List Success
2022-01-04 18:22:43.6056 INFO Get User Success :adm_Patna
2022-01-04 18:22:45.9689 INFO Get Product Type Master List Success
2022-01-04 18:22:46.0247 INFO Get User Success :adm_Patna
2022-01-04 18:22:51.6379 INFO Get Thana List Success
2022-01-04 18:23:00.0876 INFO Get Product Type Master List Success
2022-01-04 18:23:00.4646 INFO Get User Success :adm_Patna
2022-01-04 18:23:13.5360 INFO Get Product Type Master List Success
2022-01-04 18:23:13.5988 INFO Get User Success :adm_Patna
2022-01-04 18:23:17.0882 INFO Get Thana List Success
2022-01-04 18:23:25.1426 INFO Get Product Type Master List Success
2022-01-04 18:23:25.2064 INFO Get User Success :adm_Patna
2022-01-04 18:25:15.7443 INFO Get Product Type Master List Success
2022-01-04 18:25:15.8001 INFO Get User Success :adm_Patna
2022-01-04 18:25:21.2333 INFO Get Thana List Success
2022-01-04 18:25:30.0872 INFO Get Product Type Master List Success
2022-01-04 18:25:30.1500 INFO Get User Success :adm_Patna
2022-01-04 18:26:11.6096 INFO Get Product Type Master List Success
2022-01-04 18:26:11.6664 INFO Get User Success :adm_Patna
2022-01-04 18:26:15.7535 INFO Get Thana List Success
2022-01-04 18:26:23.3011 INFO Get Product Type Master List Success
2022-01-04 18:26:23.3630 INFO Get User Success :adm_Patna
2022-01-04 19:00:18.0025 INFO Get User Success :379-ADM Court Patna
2022-01-04 19:00:42.2936 INFO Get User Success :379-ADM Court Patna
2022-01-04 19:00:42.7349 INFO Get Product Type Master List Success
2022-01-04 19:00:42.8231 INFO Get User Success :adm_Patna
2022-01-04 19:00:48.0428 INFO Get Product Type Master List Success
2022-01-04 19:00:48.1251 INFO Get User Success :adm_Patna
2022-01-04 19:00:58.6212 INFO Get User Success :381-Commissioner Court Case Registration
2022-01-04 19:00:58.7815 INFO Get Product Type Master List Success
2022-01-04 19:00:58.8640 INFO Get User Success :com_court_reg
2022-01-04 19:01:01.5473 INFO Get Product Type Master List Success
2022-01-04 19:01:01.6311 INFO Get User Success :com_court_reg
2022-01-04 19:01:25.4742 INFO Get User Success :207-excise_Rohtas
2022-01-04 19:01:25.6403 INFO Get Product Type Master List Success
2022-01-04 19:01:25.7982 INFO Get User Success :excise_Rohtas
2022-01-04 19:01:32.6965 INFO Get Product Type Master List Success
2022-01-04 19:01:32.8459 INFO Get User Success :excise_Rohtas
2022-01-04 19:01:36.8038 INFO Get Thana List Success
2022-01-04 19:01:37.2343 INFO Get Product Type Master List Success
2022-01-04 19:01:37.4569 INFO Get User Success :excise_Rohtas
2022-01-04 19:01:43.8061 INFO Get Product Type Master List Success
2022-01-04 19:01:43.9469 INFO Get User Success :excise_Rohtas
2022-01-04 19:01:47.4019 INFO Get Product Type Master List Success
2022-01-04 19:01:47.5556 INFO Get User Success :excise_Rohtas
2022-01-04 19:01:56.4396 INFO Get Product Type Master List Success
2022-01-04 19:01:56.6007 INFO Get User Success :excise_Rohtas
2022-01-04 19:01:58.1541 INFO Get Product Type Master List Success
2022-01-04 19:01:58.3935 INFO Get User Success :excise_Rohtas
