2022-03-18 10:57:49.7728 INFO Get User Success :101-Commissioner
2022-03-18 10:57:52.1746 INFO Get User Success :101-Commissioner
2022-03-18 10:57:53.7594 INFO Get Product Type Master List Success
2022-03-18 10:57:53.7594 INFO Get User Success :com
2022-03-18 10:58:03.9785 INFO Get Product Type Master List Success
2022-03-18 10:58:03.9785 INFO Get User Success :com
2022-03-18 11:03:19.3344 INFO Get Product Type Master List Success
2022-03-18 11:03:19.3453 INFO Get User Success :com
2022-03-18 11:03:25.0535 INFO Get Product Type Master List Success
2022-03-18 11:03:25.0595 INFO Get User Success :com
2022-03-18 11:03:26.4703 INFO Get Product Type Master List Success
2022-03-18 11:03:26.4703 INFO Get User Success :com
2022-03-18 11:03:28.8849 INFO Get Product Type Master List Success
2022-03-18 11:03:28.8849 INFO Get User Success :com
2022-03-18 11:04:34.4704 INFO Get Product Type Master List Success
2022-03-18 11:04:34.4704 INFO Get User Success :com
2022-03-18 11:04:36.5274 INFO Get Product Type Master List Success
2022-03-18 11:04:36.5274 INFO Get User Success :com
2022-03-18 11:04:37.5969 INFO Get Product Type Master List Success
2022-03-18 11:04:37.6039 INFO Get User Success :com
2022-03-18 11:04:37.8373 INFO Get Product Type Master List Success
2022-03-18 11:04:37.8373 INFO Get User Success :com
2022-03-18 11:05:59.6533 INFO Get Product Type Master List Success
2022-03-18 11:05:59.6533 INFO Get User Success :com
2022-03-18 11:07:00.3914 INFO Get Product Type Master List Success
2022-03-18 11:07:00.3914 INFO Get User Success :com
2022-03-18 15:24:37.9633 INFO Get User Success :101-Commissioner
2022-03-18 15:24:42.6118 INFO Get User Success :101-Commissioner
2022-03-18 15:24:48.9774 INFO Get Product Type Master List Success
2022-03-18 15:24:49.0033 INFO Get User Success :com
2022-03-18 15:34:32.2859 INFO Get User Success :101-Commissioner
2022-03-18 15:34:38.9464 INFO Get User Success :101-Commissioner
2022-03-18 15:34:45.9664 INFO Get Product Type Master List Success
2022-03-18 15:34:45.9973 INFO Get User Success :com
2022-03-18 15:35:02.9025 INFO Get Product Type Master List Success
2022-03-18 15:35:02.9025 INFO Get User Success :com
2022-03-18 15:36:47.0082 INFO Get Product Type Master List Success
2022-03-18 15:36:47.0151 INFO Get User Success :com
2022-03-18 15:39:02.2145 INFO Get Product Type Master List Success
2022-03-18 15:39:02.2395 INFO Get User Success :com
2022-03-18 15:54:01.9901 INFO Get User Success :101-Commissioner
2022-03-18 15:54:30.2572 INFO Get User Success :101-Commissioner
2022-03-18 15:54:59.2321 INFO Get Product Type Master List Success
2022-03-18 15:54:59.2576 INFO Get User Success :com
2022-03-18 15:55:02.4048 INFO Get Product Type Master List Success
2022-03-18 15:55:02.4048 INFO Get User Success :com
2022-03-18 16:09:42.9846 INFO Get User Success :101-Commissioner
2022-03-18 16:10:24.6556 INFO Get User Success :101-Commissioner
2022-03-18 16:10:34.2773 INFO Get Product Type Master List Success
2022-03-18 16:10:34.2773 INFO Get User Success :com
2022-03-18 16:10:46.1345 INFO Get Product Type Master List Success
2022-03-18 16:10:46.1345 INFO Get User Success :com
2022-03-18 16:32:02.7022 INFO Get User Success :101-Commissioner
2022-03-18 16:32:02.7571 INFO Get User Success :101-Commissioner
2022-03-18 16:32:02.7828 INFO Check WorkFlow List Success
2022-03-18 16:32:02.8028 INFO Get Allotment List Success
2022-03-18 16:32:02.8088 INFO Get Product Type Master List Success
2022-03-18 16:32:02.8088 INFO Get User Success :com
2022-03-18 16:32:22.7025 INFO Get Product Type Master List Success
2022-03-18 16:32:22.7025 INFO Get User Success :com
2022-03-18 16:34:07.8920 INFO Get Product Type Master List Success
2022-03-18 16:34:07.8920 INFO Get User Success :com
2022-03-18 17:34:02.4986 INFO Get User Success :101-Commissioner
2022-03-18 17:34:08.0199 INFO Get User Success :101-Commissioner
2022-03-18 17:34:14.7582 INFO Get Product Type Master List Success
2022-03-18 17:34:14.7682 INFO Get User Success :com
2022-03-18 17:35:22.3753 INFO Get User Success :101-Commissioner
2022-03-18 17:36:27.9391 INFO Get User Success :101-Commissioner
2022-03-18 17:37:26.5310 INFO Get User Success :101-Commissioner
2022-03-18 17:42:32.5317 INFO Get User Success :101-Commissioner
2022-03-18 17:42:35.4400 INFO Get Product Type Master List Success
2022-03-18 17:42:35.4470 INFO Get User Success :com
2022-03-18 17:44:41.1665 INFO Get Product Type Master List Success
2022-03-18 17:44:41.1905 INFO Get User Success :com
