2022-02-04 10:35:08.4359 INFO Get User Success :207-excise_Rohtas
2022-02-04 10:35:12.6845 INFO Get Product Type Master List Success
2022-02-04 10:35:12.9708 INFO Get User Success :excise_Rohtas
2022-02-04 10:35:16.1544 INFO Get User Success :207-excise_Rohtas
2022-02-04 10:36:12.7320 INFO Get User Success :207-excise_Rohtas
2022-02-04 10:53:19.1135 INFO Get Product Type Master List Success
2022-02-04 10:53:19.9915 INFO Get User Success :excise_Rohtas
2022-02-04 10:53:27.0352 INFO Get User Fail :207--Index and length must refer to a location within the string.
Parameter name: length
2022-02-04 10:53:28.6114 INFO Get Product Type Master List Success
2022-02-04 10:53:29.0592 INFO Get User Success :excise_Rohtas
2022-02-04 10:55:11.0296 INFO Get User Success :101-Commissioner
2022-02-04 10:55:11.7985 INFO Get User Success :101-Commissioner
2022-02-04 10:55:13.5864 INFO Get Product Type Master List Success
2022-02-04 10:55:13.9683 INFO Get User Success :com
2022-02-04 10:55:18.0532 INFO Get User Success :101-Karthikeya Dhanji
2022-02-04 10:55:19.2678 INFO Get Product Type Master List Success
2022-02-04 10:55:20.1744 INFO Get User Success :com
2022-02-04 10:55:51.1065 INFO Get User Success :101-KarthikeyaDhanji
2022-02-04 10:55:54.8362 INFO Get Product Type Master List Success
2022-02-04 10:55:55.8232 INFO Get User Success :com
2022-02-04 10:56:00.9646 INFO Get User Success :101-KarthikeyaDhanji
2022-02-04 10:56:02.4946 INFO Get Product Type Master List Success
2022-02-04 10:56:03.7971 INFO Get User Success :com
2022-02-04 10:59:21.8696 INFO Get User Success :101-Rakesk
2022-02-04 10:59:24.6596 INFO Get Product Type Master List Success
2022-02-04 10:59:25.6549 INFO Get User Success :com
2022-02-04 11:10:15.6458 INFO Get User Success :101-Commissioner2
2022-02-04 11:10:26.6538 INFO Get User Success :101-Commissioner2
2022-02-04 11:10:29.6850 INFO Get Product Type Master List Success
2022-02-04 11:10:30.9228 INFO Get User Success :com
2022-02-04 11:10:39.9390 INFO Get User Success :101-Commissioner2
2022-02-04 11:10:40.0029 INFO Get Report  Success
2022-02-04 11:10:41.7452 INFO Get Product Type Master List Success
2022-02-04 11:10:42.1710 INFO Get User Success :com
2022-02-04 11:10:58.3275 INFO Get Report  Success
2022-02-04 11:10:58.6297 INFO Get GetSeverList Success
2022-02-04 11:11:20.4307 INFO Get User Success :101-Commissioner2
2022-02-04 11:13:08.6301 INFO Get User Success :101-Commissioner2
2022-02-04 11:13:08.6949 INFO Get Report  Success
2022-02-04 11:13:24.2799 INFO Get Product Type Master List Success
2022-02-04 11:13:24.7555 INFO Get User Success :com
2022-02-04 11:15:30.5223 INFO Get User Success :207-excise_Rohtas
2022-02-04 11:15:32.9745 INFO Get Product Type Master List Success
2022-02-04 11:15:33.5939 INFO Get User Success :excise_Rohtas
2022-02-04 11:15:39.2518 INFO Get User Fail :207--Index and length must refer to a location within the string.
Parameter name: length
2022-02-04 11:15:41.0413 INFO Get Product Type Master List Success
2022-02-04 11:15:42.0148 INFO Get User Success :excise_Rohtas
2022-02-04 11:19:23.5784 INFO Get User Success :207-excise_Rohtas
2022-02-04 11:19:23.6450 INFO Get Report  Success
2022-02-04 11:19:29.5595 INFO Get Product Type Master List Success
2022-02-04 11:19:30.6470 INFO Get User Success :excise_Rohtas
2022-02-04 11:19:31.8768 INFO Get User Fail :207--Index and length must refer to a location within the string.
Parameter name: length
2022-02-04 11:19:33.4931 INFO Get Product Type Master List Success
2022-02-04 11:19:34.1440 INFO Get User Success :excise_Rohtas
2022-02-04 12:19:08.2996 INFO Get User Success :101-Commissioner
2022-02-04 12:19:19.2216 INFO Get User Success :101-Commissioner
2022-02-04 12:19:23.4089 INFO Get Product Type Master List Success
2022-02-04 12:19:24.7769 INFO Get User Success :com
2022-02-04 12:19:29.3992 INFO Get User Success :101-Commissioner
2022-02-04 12:19:31.5764 INFO Get Product Type Master List Success
2022-02-04 12:19:32.6482 INFO Get User Success :com
2022-02-04 12:19:37.6406 INFO Get User Success :101-Commissioner
2022-02-04 12:19:39.3460 INFO Get Product Type Master List Success
2022-02-04 12:19:39.9963 INFO Get User Success :com
2022-02-04 12:19:45.0760 INFO Get User Success :101-Commissioner
2022-02-04 12:23:45.7081 INFO Get User Success :101-Commissioner
2022-02-04 12:23:51.5602 INFO Get User Success :101-Commissioner
2022-02-04 12:23:56.6251 INFO Get User Success :101-Commissioner
2022-02-04 12:24:02.2898 INFO Get User Success :101-Commissioner
2022-02-04 12:24:02.9482 INFO Get Product Type Master List Success
2022-02-04 12:24:03.7643 INFO Get User Success :com
2022-02-04 12:24:09.8158 INFO Get User Success :101-Commissioner
2022-02-04 12:24:52.4037 INFO Get User Success :101-Commissioner
2022-02-04 14:08:27.7084 INFO Get User Success :101-Commissioner
2022-02-04 14:08:30.4505 INFO Get User Success :101-Commissioner
2022-02-04 14:08:33.2696 INFO Get Product Type Master List Success
2022-02-04 14:08:34.5758 INFO Get User Success :com
2022-02-04 14:08:47.7246 INFO Get User Success :101-Commissioner
2022-02-04 14:08:49.4665 INFO Get Product Type Master List Success
2022-02-04 14:08:50.9378 INFO Get User Success :com
2022-02-04 14:10:55.6683 INFO Get User Success :101-Commissioner
2022-02-04 15:05:00.9688 INFO Get Product Type Master List Success
2022-02-04 15:15:40.7498 INFO Get User Success :101-Commissioner
2022-02-04 15:15:46.5150 INFO Get User Success :101-Commissioner
2022-02-04 15:15:49.3048 INFO Get Product Type Master List Success
2022-02-04 15:15:50.9693 INFO Get User Success :com
2022-02-04 15:15:55.9885 INFO Get User Success :101-Commissioner
2022-02-04 15:16:04.9676 INFO Get User Success :101-Commissioner
2022-02-04 15:16:08.3269 INFO Get User Success :101-Commissioner
2022-02-04 15:16:11.7588 INFO Get Product Type Master List Success
2022-02-04 15:16:13.1023 INFO Get User Success :com
2022-02-04 15:16:19.7174 INFO Get User Success :101-Commissioner
2022-02-04 15:16:22.5183 INFO Get Product Type Master List Success
2022-02-04 15:16:24.1482 INFO Get User Success :com
2022-02-04 15:16:28.9290 INFO Get User Success :101-Commissioner
2022-02-04 15:16:31.1061 INFO Get Product Type Master List Success
2022-02-04 15:16:32.4776 INFO Get User Success :com
2022-02-04 15:18:31.8285 INFO Get User Success :101-Commissioner
2022-02-04 15:18:34.2420 INFO Get User Success :101-Commissioner
2022-02-04 15:18:37.6626 INFO Get Product Type Master List Success
2022-02-04 15:18:39.2247 INFO Get User Success :com
2022-02-04 15:18:47.4997 INFO Get User Success :101-Commissioner
2022-02-04 15:18:49.7707 INFO Get Product Type Master List Success
2022-02-04 15:18:51.3915 INFO Get User Success :com
2022-02-04 15:19:10.5244 INFO Get UOM List Success
2022-02-04 15:20:36.8430 INFO Get User Fail :3257-Bablu Kumar-Index and length must refer to a location within the string.
Parameter name: length
2022-02-04 15:20:37.1671 INFO Get Product Type Master List Success
2022-02-04 15:20:39.3600 INFO Get User Success :com
2022-02-04 15:21:10.3165 INFO Get User Success :101-Commissioner
2022-02-04 15:21:10.3894 INFO Get Product Type Master List Success
2022-02-04 15:21:49.1462 INFO Get User Success :com
2022-02-04 15:22:21.4663 INFO Get UOM List Success
2022-02-04 15:22:25.9467 INFO Get User Fail :3225-Mukesh Kumar-Index and length must refer to a location within the string.
Parameter name: length
2022-02-04 15:24:07.3984 INFO Get Product Type Master List Success
2022-02-04 15:24:10.5610 INFO Get User Success :com
2022-02-04 15:24:18.0023 INFO Get User Success :101-Commissioner
2022-02-04 15:24:18.0751 INFO Get Product Type Master List Success
2022-02-04 15:24:22.3320 INFO Get User Success :com
2022-02-04 15:24:33.6094 INFO Get User Fail :3178-Aditya Kumar-Index and length must refer to a location within the string.
Parameter name: length
2022-02-04 15:24:33.7809 INFO Get Product Type Master List Success
2022-02-04 15:24:36.6645 INFO Get User Success :com
2022-02-04 15:24:50.3223 INFO Get User Success :101-Commissioner
2022-02-04 15:24:50.3781 INFO Get Product Type Master List Success
2022-02-04 15:24:52.9389 INFO Get User Success :com
2022-02-04 15:25:02.7641 INFO Get User Fail :3080-Dezy Kumari-Index and length must refer to a location within the string.
Parameter name: length
2022-02-04 15:25:02.9346 INFO Get Product Type Master List Success
2022-02-04 15:25:05.0031 INFO Get User Success :com
2022-02-04 15:29:10.6110 INFO Get User Success :3178-Aditya Kumar
2022-02-04 15:29:13.1509 INFO Get User Success :3178-Aditya Kumar
2022-02-04 15:29:15.6411 INFO Get Product Type Master List Success
2022-02-04 15:29:17.1483 INFO Get User Success :7779990979
2022-02-04 15:29:30.5595 INFO Get User Fail :3178-Aditya Kumar-Index and length must refer to a location within the string.
Parameter name: length
2022-02-04 15:29:32.5488 INFO Get Product Type Master List Success
2022-02-04 15:29:34.0778 INFO Get User Success :7779990979
2022-02-04 15:29:39.9672 INFO Get User Success :3178-Aditya Kumar
2022-02-04 15:29:42.0958 INFO Get Product Type Master List Success
2022-02-04 15:29:43.1256 INFO Get User Success :7779990979
2022-02-04 15:30:05.9085 INFO Get User Success :3178-Aditya Kumar
2022-02-04 15:30:06.0508 INFO Get Report  Success
2022-02-04 15:30:07.9492 INFO Get Product Type Master List Success
2022-02-04 15:30:08.9404 INFO Get User Success :7779990979
2022-02-04 15:30:32.0315 INFO Get User Success :3178-Aditya Kumar
2022-02-04 15:31:43.0079 INFO Get Product Type Master List Success
2022-02-04 15:31:44.5162 INFO Get User Success :7779990979
2022-02-04 15:38:29.8914 INFO Get User Success :3381-Ajeet Kumar Pandit
2022-02-04 15:38:32.3465 INFO Get User Success :3381-Ajeet Kumar Pandit
2022-02-04 15:38:35.9994 INFO Get Product Type Master List Success
2022-02-04 15:38:37.8166 INFO Get User Success :8340546970
2022-02-04 15:38:47.9346 INFO Get User Fail :3381-Ajeet Kumar Pandit-Index and length must refer to a location within the string.
Parameter name: length
2022-02-04 15:38:49.7387 INFO Get Product Type Master List Success
2022-02-04 15:38:50.7607 INFO Get User Success :8340546970
2022-02-04 15:39:09.9471 INFO Get User Success :207-excise_Rohtas
2022-02-04 15:39:12.9594 INFO Get Product Type Master List Success
2022-02-04 15:39:14.0267 INFO Get User Success :excise_Rohtas
2022-02-04 15:39:21.4468 INFO Get User Success :207-excise_Rohtas
2022-02-04 15:39:32.8139 INFO Get User Success :3381-Ajeet Kumar Pandit
2022-02-04 15:39:34.4084 INFO Get User Success :3381-Ajeet Kumar Pandit
2022-02-04 15:39:35.9572 INFO Get Product Type Master List Success
2022-02-04 15:39:36.9974 INFO Get User Success :8340546970
2022-02-04 15:39:42.5110 INFO Get User Success :3381-Ajeet Kumar Pandit
2022-02-04 15:39:44.8826 INFO Get Product Type Master List Success
2022-02-04 15:39:46.3954 INFO Get User Success :8340546970
2022-02-04 15:41:36.5193 INFO Get User Success :3177-Anil Kumar Azad
2022-02-04 15:41:39.0448 INFO Get User Success :3177-Anil Kumar Azad
2022-02-04 15:41:41.2149 INFO Get Product Type Master List Success
2022-02-04 15:41:43.1312 INFO Get User Success :9473400617
2022-02-04 15:41:54.4613 INFO Get User Success :3177-Anil Kumar Azad
2022-02-04 15:41:56.5178 INFO Get Product Type Master List Success
2022-02-04 15:41:58.0530 INFO Get User Success :9473400617
2022-02-04 15:42:11.8976 INFO Get UOM List Success
2022-02-04 15:42:14.3192 INFO Get User Fail :3178-Aditya Kumar-Index and length must refer to a location within the string.
Parameter name: length
2022-02-04 15:42:17.6093 INFO Get Product Type Master List Success
2022-02-04 15:42:18.6170 INFO Get User Success :9473400617
2022-02-04 15:42:32.1114 INFO Get User Success :3177-Anil Kumar Azad
2022-02-04 15:42:33.7533 INFO Get Product Type Master List Success
2022-02-04 15:42:34.7500 INFO Get User Success :9473400617
2022-02-04 15:42:56.3823 INFO Get UOM List Success
2022-02-04 15:44:41.7650 INFO Get User Fail :3177-Anil Kumar Azad-Index and length must refer to a location within the string.
Parameter name: length
2022-02-04 15:44:43.7952 INFO Get Product Type Master List Success
2022-02-04 15:44:45.4046 INFO Get User Success :9473400617
2022-02-04 15:44:56.8368 INFO Get User Success :3177-Anil Kumar Azad
2022-02-04 15:44:58.5131 INFO Get Product Type Master List Success
2022-02-04 15:44:59.5071 INFO Get User Success :9473400617
2022-02-04 15:45:04.7302 INFO Get User Success :3177-Anil Kumar Azad
2022-02-04 15:45:05.9928 INFO Get Product Type Master List Success
2022-02-04 15:45:06.9841 INFO Get User Success :9473400617
2022-02-04 15:45:21.6797 INFO Get User Fail :3177-Anil Kumar Azad-Index and length must refer to a location within the string.
Parameter name: length
2022-02-04 15:45:23.9577 INFO Get Product Type Master List Success
2022-02-04 15:45:25.0382 INFO Get User Success :9473400617
2022-02-04 15:45:43.3511 INFO Get User Success :101-Commissioner
2022-02-04 15:45:45.4337 INFO Get User Success :101-Commissioner
2022-02-04 15:45:49.6056 INFO Get Product Type Master List Success
2022-02-04 15:45:51.3022 INFO Get User Success :com
2022-02-04 15:45:58.3755 INFO Get User Success :101-Commissioner
2022-02-04 15:46:00.1086 INFO Get Product Type Master List Success
2022-02-04 15:46:01.3124 INFO Get User Success :com
2022-02-04 15:46:10.0919 INFO Get UOM List Success
2022-02-04 15:46:12.5200 INFO Get User Fail :3257-Bablu Kumar-Index and length must refer to a location within the string.
Parameter name: length
2022-02-04 15:46:15.4542 INFO Get Product Type Master List Success
2022-02-04 15:46:16.5462 INFO Get User Success :com
2022-02-04 15:46:27.2657 INFO Get User Success :101-Commissioner
2022-02-04 16:24:25.0585 INFO Get User Success :207-excise_Rohtas
2022-02-04 16:25:18.6610 INFO Get Product Type Master List Success
2022-02-04 16:25:20.6625 INFO Get User Success :excise_Rohtas
2022-02-04 16:25:26.6122 INFO Get User Success :207-excise_Rohtas
2022-02-04 16:25:29.1782 INFO Get User Fail :0--42703: column "emp_id" does not exist
2022-02-04 16:28:06.9639 INFO Get User Fail :0--42703: column "emp_id" does not exist
2022-02-04 16:33:31.8290 INFO Get User Success :207-excise_Rohtas
2022-02-04 16:33:37.7733 INFO Get Product Type Master List Success
2022-02-04 16:33:39.7806 INFO Get User Success :excise_Rohtas
2022-02-04 16:33:46.6540 INFO Get User Success :207-excise_Rohtas
2022-02-04 16:33:50.6186 INFO Get User Fail :3168-Amrita Kumari-Index and length must refer to a location within the string.
Parameter name: length
2022-02-04 16:33:53.8517 INFO Get Product Type Master List Success
2022-02-04 16:33:55.8182 INFO Get User Success :excise_Rohtas
2022-02-04 16:34:44.8911 INFO Get User Success :182-excise_Arwal
2022-02-04 16:34:49.9609 INFO Get Product Type Master List Success
2022-02-04 16:34:51.8804 INFO Get User Success :excise_Arwal
2022-02-04 16:34:57.9504 INFO Get User Success :182-excise_Arwal
2022-02-04 16:35:00.6006 INFO Get User Fail :3246-ABHAY KUMAR MISHRA-Index and length must refer to a location within the string.
Parameter name: length
2022-02-04 16:35:03.2724 INFO Get Product Type Master List Success
2022-02-04 16:35:05.1279 INFO Get User Success :excise_Arwal
2022-02-04 16:38:25.6305 INFO Get User Success :101-Commissioner
2022-02-04 16:38:32.8965 INFO Get User Success :101-Commissioner
2022-02-04 16:38:36.7259 INFO Get Product Type Master List Success
2022-02-04 16:38:38.6388 INFO Get User Success :com
2022-02-04 16:38:44.9686 INFO Get User Success :101-Commissioner
2022-02-04 16:38:47.8704 INFO Get User Success :101-Commissioner
2022-02-04 16:38:50.7145 INFO Get Product Type Master List Success
2022-02-04 16:38:52.8549 INFO Get User Success :com
2022-02-04 16:39:01.8063 INFO Get User Success :101-Commissioner
2022-02-04 16:40:01.4873 INFO Get User Success :101-Commissioner
2022-02-04 16:40:05.0170 INFO Get Product Type Master List Success
2022-02-04 16:40:07.2136 INFO Get User Success :com
2022-02-04 16:41:00.0494 INFO Get User Success :3456-Alok Ranjan Choudhary
2022-02-04 16:41:02.6727 INFO Get User Success :3456-Alok Ranjan Choudhary
2022-02-04 16:41:06.1643 INFO Get Product Type Master List Success
2022-02-04 16:41:08.8241 INFO Get User Success :excise_Katihar5
2022-02-04 16:41:16.6841 INFO Get User Success :3456-Alok Ranjan Choudhary
2022-02-04 16:41:19.8065 INFO Get Product Type Master List Success
2022-02-04 16:41:21.7733 INFO Get User Success :excise_Katihar5
2022-02-04 16:41:25.6451 INFO Get User Success :3456-Alok Ranjan Choudhary
2022-02-04 16:41:29.1619 INFO Get User Fail :3276-Alok Ranjan Choudhary-Index and length must refer to a location within the string.
Parameter name: length
2022-02-04 16:41:31.9066 INFO Get Product Type Master List Success
2022-02-04 16:41:33.8465 INFO Get User Success :excise_Katihar5
2022-02-04 16:43:04.0988 INFO Get User Success :3276-Alok Ranjan Choudhary
2022-02-04 16:43:07.1541 INFO Get User Success :3276-Alok Ranjan Choudhary
2022-02-04 16:43:10.2953 INFO Get Product Type Master List Success
2022-02-04 16:43:12.1764 INFO Get User Success :7766925100
2022-02-04 16:43:18.7453 INFO Get User Success :3276-Alok Ranjan Choudhary
2022-02-04 16:43:21.6634 INFO Get User Fail :3276-Alok Ranjan Choudhary-Index and length must refer to a location within the string.
Parameter name: length
2022-02-04 16:43:24.3936 INFO Get Product Type Master List Success
2022-02-04 16:43:26.3227 INFO Get User Success :7766925100
2022-02-04 16:43:37.5561 INFO Get User Success :3276-Alok Ranjan Choudhary
2022-02-04 16:43:39.4829 INFO Get Product Type Master List Success
2022-02-04 16:43:41.2831 INFO Get User Success :7766925100
