2022-03-22 10:09:51.9436 INFO Get User Success :101-Commissioner
2022-03-22 10:10:12.4992 INFO Get User Success :101-Commissioner
2022-03-22 10:10:12.6189 INFO Get Product Type Master List Success
2022-03-22 10:10:12.6189 INFO Get User Success :com
2022-03-22 10:10:20.8794 INFO Get State List Success
2022-03-22 10:13:17.1464 INFO Get State List Success
2022-03-22 10:14:24.4319 INFO Get User Success :101-Commissioner
2022-03-22 10:14:24.5368 INFO Get User Success :101-Commissioner
2022-03-22 10:14:24.6560 INFO Get Product Type Master List Success
2022-03-22 10:14:24.6688 INFO Get User Success :com
2022-03-22 10:14:27.1453 INFO Get State List Success
2022-03-22 10:24:19.5224 INFO Get User Success :101-Commissioner
2022-03-22 10:24:19.6266 INFO Get User Success :101-Commissioner
2022-03-22 10:24:19.7384 INFO Get Product Type Master List Success
2022-03-22 10:24:19.7514 INFO Get User Success :com
2022-03-22 10:24:22.5431 INFO Get State List Success
2022-03-22 10:25:19.9431 INFO Get State List Success
2022-03-22 10:25:24.0208 INFO Get State List Success
2022-03-22 10:25:26.3168 INFO Get State List Success
2022-03-22 10:26:11.0297 INFO Get State List Success
2022-03-22 10:26:13.5308 INFO Get State List Success
2022-03-22 10:30:07.2396 INFO Get State List Success
2022-03-22 10:30:30.6989 INFO Get State List Success
2022-03-22 10:31:11.1054 INFO Get State List Success
2022-03-22 10:31:19.6282 INFO Get State List Success
2022-03-22 10:31:35.8434 INFO Get State List Success
2022-03-22 10:32:09.1667 INFO Get State List Success
2022-03-22 10:32:16.2505 INFO Get State List Success
2022-03-22 10:32:25.3273 INFO Get State List Success
2022-03-22 10:33:18.8403 INFO Get State List Success
2022-03-22 10:33:20.9800 INFO Get State List Success
2022-03-22 10:33:30.4295 INFO Get State List Success
2022-03-22 10:35:31.0439 INFO Get User Success :101-Commissioner
2022-03-22 10:35:38.2774 INFO Get User Success :101-Commissioner
2022-03-22 10:35:38.4095 INFO Get Product Type Master List Success
2022-03-22 10:35:38.4225 INFO Get User Success :com
2022-03-22 10:36:34.1452 INFO Get State List Success
2022-03-22 10:36:42.9217 INFO Get State List Success
2022-03-22 10:37:04.8437 INFO Get State List Success
2022-03-22 10:37:05.3922 INFO Get State List Success
2022-03-22 11:03:04.5404 INFO Get User Success :101-Commissioner
2022-03-22 11:03:04.6391 INFO Get User Success :101-Commissioner
2022-03-22 11:03:04.7598 INFO Get Product Type Master List Success
2022-03-22 11:03:04.7598 INFO Get User Success :com
2022-03-22 11:03:41.7776 INFO Get State List Success
2022-03-22 11:08:27.6103 INFO Get State List Success
2022-03-22 11:09:44.7426 INFO Get State List Success
2022-03-22 11:09:48.8217 INFO Get State List Success
2022-03-22 11:13:34.7875 INFO Get State List Success
2022-03-22 11:15:33.2970 INFO Get State List Success
2022-03-22 11:15:35.2438 INFO Get State List Success
2022-03-22 11:15:35.4845 INFO Get State List Success
2022-03-22 11:24:29.0558 INFO Get User Success :101-Commissioner
2022-03-22 11:24:29.1556 INFO Get User Success :101-Commissioner
2022-03-22 11:24:29.3062 INFO Get Product Type Master List Success
2022-03-22 11:24:29.3062 INFO Get User Success :com
2022-03-22 11:24:31.9455 INFO Get State List Success
2022-03-22 11:30:12.7221 INFO Get User Success :101-Commissioner
2022-03-22 11:30:33.3714 INFO Get User Success :101-Commissioner
2022-03-22 11:30:33.4752 INFO Get Product Type Master List Success
2022-03-22 11:30:33.4844 INFO Get User Success :com
2022-03-22 11:30:37.5076 INFO Get State List Success
2022-03-22 11:32:56.0351 INFO Get User Success :101-Commissioner
2022-03-22 11:32:56.1378 INFO Get User Success :101-Commissioner
2022-03-22 11:32:56.2435 INFO Get Product Type Master List Success
2022-03-22 11:32:56.2435 INFO Get User Success :com
2022-03-22 11:33:03.3224 INFO Get State List Success
2022-03-22 12:02:54.6463 INFO Get User Success :101-Commissioner
2022-03-22 12:03:08.6897 INFO Get User Success :101-Commissioner
2022-03-22 12:03:08.8039 INFO Get Product Type Master List Success
2022-03-22 12:03:08.8177 INFO Get User Success :com
2022-03-22 12:03:22.1009 INFO Get State List Success
2022-03-22 12:12:20.3622 INFO Get User Success :101-Commissioner
2022-03-22 12:12:20.4684 INFO Get User Success :101-Commissioner
2022-03-22 12:12:20.6125 INFO Get Product Type Master List Success
2022-03-22 12:12:20.6249 INFO Get User Success :com
2022-03-22 12:12:25.6747 INFO Get State List Success
2022-03-22 12:15:12.8898 INFO Get User Success :101-Commissioner
2022-03-22 12:15:12.9915 INFO Get User Success :101-Commissioner
2022-03-22 12:15:13.1272 INFO Get Product Type Master List Success
2022-03-22 12:15:13.1411 INFO Get User Success :com
2022-03-22 12:15:16.1303 INFO Get User Success :101-Commissioner
2022-03-22 12:15:24.3427 INFO Get State List Success
2022-03-22 12:29:04.9659 INFO Get User Success :101-Commissioner
2022-03-22 12:29:05.0796 INFO Get User Success :101-Commissioner
2022-03-22 12:29:05.1923 INFO Get Product Type Master List Success
2022-03-22 12:29:05.2023 INFO Get User Success :com
2022-03-22 12:29:07.4821 INFO Get State List Success
2022-03-22 13:07:31.3827 INFO Get User Success :101-Commissioner
2022-03-22 13:07:31.4875 INFO Get User Success :101-Commissioner
2022-03-22 13:07:31.6305 INFO Get Product Type Master List Success
2022-03-22 13:07:31.6415 INFO Get User Success :com
2022-03-22 14:36:52.2626 INFO Get User Success :101-Commissioner
2022-03-22 14:37:01.3537 INFO Get User Success :101-Commissioner
2022-03-22 14:37:01.4749 INFO Get Product Type Master List Success
2022-03-22 14:37:01.4855 INFO Get User Success :com
2022-03-22 14:49:02.7980 INFO Get User Success :101-Commissioner
2022-03-22 14:49:02.9246 INFO Get User Success :101-Commissioner
2022-03-22 14:49:03.0732 INFO Get Product Type Master List Success
2022-03-22 14:49:03.1032 INFO Get User Success :com
2022-03-22 14:51:17.2238 INFO Get Existing data Success :complaint
2022-03-22 15:08:31.7924 INFO Get User Success :101-Commissioner
2022-03-22 15:08:31.9256 INFO Get User Success :101-Commissioner
2022-03-22 15:08:32.0633 INFO Get Product Type Master List Success
2022-03-22 15:08:32.0832 INFO Get User Success :com
2022-03-22 15:08:38.8833 INFO Get State List Success
2022-03-22 15:18:20.9803 INFO Get State List Success
2022-03-22 15:19:20.4689 INFO Get State List Success
2022-03-22 15:19:21.8592 INFO Get State List Success
2022-03-22 16:14:19.9749 INFO Get User Success :101-Commissioner
2022-03-22 16:14:20.1039 INFO Get User Success :101-Commissioner
2022-03-22 16:14:20.2580 INFO Get Product Type Master List Success
2022-03-22 16:14:20.2680 INFO Get User Success :com
2022-03-22 16:14:23.7754 INFO Get State List Success
